[2022-04-29 15:32:14,517] {taskinstance.py:1032} INFO - Dependencies all met for <TaskInstance: cdn_daily.import_vol.check_status_of_vol manual__2022-04-29T15:31:55.459871+00:00 [queued]>
[2022-04-29 15:32:14,536] {taskinstance.py:1032} INFO - Dependencies all met for <TaskInstance: cdn_daily.import_vol.check_status_of_vol manual__2022-04-29T15:31:55.459871+00:00 [queued]>
[2022-04-29 15:32:14,539] {taskinstance.py:1238} INFO - 
--------------------------------------------------------------------------------
[2022-04-29 15:32:14,541] {taskinstance.py:1239} INFO - Starting attempt 1 of 2
[2022-04-29 15:32:14,543] {taskinstance.py:1240} INFO - 
--------------------------------------------------------------------------------
[2022-04-29 15:32:14,580] {taskinstance.py:1259} INFO - Executing <Task(PythonOperator): import_vol.check_status_of_vol> on 2022-04-29 15:31:55.459871+00:00
[2022-04-29 15:32:14,588] {standard_task_runner.py:52} INFO - Started process 3793 to run task
[2022-04-29 15:32:14,594] {standard_task_runner.py:76} INFO - Running: ['***', 'tasks', 'run', 'cdn_daily', 'import_vol.check_status_of_vol', 'manual__2022-04-29T15:31:55.459871+00:00', '--job-id', '1706', '--raw', '--subdir', 'DAGS_FOLDER/cdn_daily.py', '--cfg-path', '/tmp/tmph0iyw1_3', '--error-file', '/tmp/tmp7h7i3991']
[2022-04-29 15:32:14,597] {standard_task_runner.py:77} INFO - Job 1706: Subtask import_vol.check_status_of_vol
[2022-04-29 15:32:14,754] {logging_mixin.py:109} INFO - Running <TaskInstance: cdn_daily.import_vol.check_status_of_vol manual__2022-04-29T15:31:55.459871+00:00 [running]> on host d5ad096ffea5
[2022-04-29 15:32:14,861] {taskinstance.py:1426} INFO - Exporting the following env vars:
AIRFLOW_CTX_DAG_EMAIL=***@example.com
AIRFLOW_CTX_DAG_OWNER=***
AIRFLOW_CTX_DAG_ID=cdn_daily
AIRFLOW_CTX_TASK_ID=import_vol.check_status_of_vol
AIRFLOW_CTX_EXECUTION_DATE=2022-04-29T15:31:55.459871+00:00
AIRFLOW_CTX_DAG_RUN_ID=manual__2022-04-29T15:31:55.459871+00:00
[2022-04-29 15:32:14,864] {logging_mixin.py:109} INFO - run_vol
[2022-04-29 15:32:14,891] {logging_mixin.py:109} INFO - None
[2022-04-29 15:32:14,926] {logging_mixin.py:109} INFO - vol.alm
[2022-04-29 15:32:14,943] {logging_mixin.py:109} INFO - 4
[2022-04-29 15:32:18,952] {python.py:175} INFO - Done. Returned value was: None
[2022-04-29 15:32:18,999] {taskinstance.py:1277} INFO - Marking task as SUCCESS. dag_id=cdn_daily, task_id=import_vol.check_status_of_vol, execution_date=20220429T153155, start_date=20220429T153214, end_date=20220429T153218
[2022-04-29 15:32:19,042] {local_task_job.py:154} INFO - Task exited with return code 0
[2022-04-29 15:32:19,083] {local_task_job.py:264} INFO - 0 downstream tasks scheduled from follow-on schedule check
