[2022-04-30 12:57:33,729] {taskinstance.py:1032} INFO - Dependencies all met for <TaskInstance: cdn_daily.check_status_of_pre manual__2022-04-30T12:57:31.335659+00:00 [queued]>
[2022-04-30 12:57:33,747] {taskinstance.py:1032} INFO - Dependencies all met for <TaskInstance: cdn_daily.check_status_of_pre manual__2022-04-30T12:57:31.335659+00:00 [queued]>
[2022-04-30 12:57:33,749] {taskinstance.py:1238} INFO - 
--------------------------------------------------------------------------------
[2022-04-30 12:57:33,750] {taskinstance.py:1239} INFO - Starting attempt 1 of 2
[2022-04-30 12:57:33,751] {taskinstance.py:1240} INFO - 
--------------------------------------------------------------------------------
[2022-04-30 12:57:33,772] {taskinstance.py:1259} INFO - Executing <Task(PythonOperator): check_status_of_pre> on 2022-04-30 12:57:31.335659+00:00
[2022-04-30 12:57:33,780] {standard_task_runner.py:52} INFO - Started process 377 to run task
[2022-04-30 12:57:33,786] {standard_task_runner.py:76} INFO - Running: ['***', 'tasks', 'run', 'cdn_daily', 'check_status_of_pre', 'manual__2022-04-30T12:57:31.335659+00:00', '--job-id', '1815', '--raw', '--subdir', 'DAGS_FOLDER/cdn_daily.py', '--cfg-path', '/tmp/tmphhgg6hlm', '--error-file', '/tmp/tmp1laqytw9']
[2022-04-30 12:57:33,788] {standard_task_runner.py:77} INFO - Job 1815: Subtask check_status_of_pre
[2022-04-30 12:57:33,909] {logging_mixin.py:109} INFO - Running <TaskInstance: cdn_daily.check_status_of_pre manual__2022-04-30T12:57:31.335659+00:00 [running]> on host d5ad096ffea5
[2022-04-30 12:57:34,016] {taskinstance.py:1426} INFO - Exporting the following env vars:
AIRFLOW_CTX_DAG_EMAIL=***@example.com
AIRFLOW_CTX_DAG_OWNER=***
AIRFLOW_CTX_DAG_ID=cdn_daily
AIRFLOW_CTX_TASK_ID=check_status_of_pre
AIRFLOW_CTX_EXECUTION_DATE=2022-04-30T12:57:31.335659+00:00
AIRFLOW_CTX_DAG_RUN_ID=manual__2022-04-30T12:57:31.335659+00:00
[2022-04-30 12:57:34,035] {logging_mixin.py:109} INFO - pre.alm
[2022-04-30 12:57:34,055] {logging_mixin.py:109} INFO - 9
[2022-04-30 12:57:43,045] {python.py:175} INFO - Done. Returned value was: None
[2022-04-30 12:57:43,060] {taskinstance.py:1277} INFO - Marking task as SUCCESS. dag_id=cdn_daily, task_id=check_status_of_pre, execution_date=20220430T125731, start_date=20220430T125733, end_date=20220430T125743
[2022-04-30 12:57:43,089] {local_task_job.py:154} INFO - Task exited with return code 0
[2022-04-30 12:57:43,133] {local_task_job.py:264} INFO - 0 downstream tasks scheduled from follow-on schedule check
