[2022-02-23 21:46:06,616] {taskinstance.py:1032} INFO - Dependencies all met for <TaskInstance: tutorial.yryrty.yryrty_proccess_data scheduled__2022-02-22T21:44:04.027723+00:00 [queued]>
[2022-02-23 21:46:06,649] {taskinstance.py:1032} INFO - Dependencies all met for <TaskInstance: tutorial.yryrty.yryrty_proccess_data scheduled__2022-02-22T21:44:04.027723+00:00 [queued]>
[2022-02-23 21:46:06,650] {taskinstance.py:1238} INFO - 
--------------------------------------------------------------------------------
[2022-02-23 21:46:06,651] {taskinstance.py:1239} INFO - Starting attempt 1 of 2
[2022-02-23 21:46:06,653] {taskinstance.py:1240} INFO - 
--------------------------------------------------------------------------------
[2022-02-23 21:46:06,693] {taskinstance.py:1259} INFO - Executing <Task(PythonOperator): yryrty.yryrty_proccess_data> on 2022-02-22 21:44:04.027723+00:00
[2022-02-23 21:46:06,700] {standard_task_runner.py:52} INFO - Started process 587 to run task
[2022-02-23 21:46:06,708] {standard_task_runner.py:76} INFO - Running: ['***', 'tasks', 'run', 'tutorial', 'yryrty.yryrty_proccess_data', 'scheduled__2022-02-22T21:44:04.027723+00:00', '--job-id', '186', '--raw', '--subdir', 'DAGS_FOLDER/test_dag.py', '--cfg-path', '/tmp/tmpzd_i71pu', '--error-file', '/tmp/tmpni195b34']
[2022-02-23 21:46:06,710] {standard_task_runner.py:77} INFO - Job 186: Subtask yryrty.yryrty_proccess_data
[2022-02-23 21:46:06,814] {logging_mixin.py:109} INFO - Running <TaskInstance: tutorial.yryrty.yryrty_proccess_data scheduled__2022-02-22T21:44:04.027723+00:00 [running]> on host ff48034dfdbf
[2022-02-23 21:46:06,900] {taskinstance.py:1426} INFO - Exporting the following env vars:
AIRFLOW_CTX_DAG_EMAIL=***@example.com
AIRFLOW_CTX_DAG_OWNER=***
AIRFLOW_CTX_DAG_ID=tutorial
AIRFLOW_CTX_TASK_ID=yryrty.yryrty_proccess_data
AIRFLOW_CTX_EXECUTION_DATE=2022-02-22T21:44:04.027723+00:00
AIRFLOW_CTX_DAG_RUN_ID=scheduled__2022-02-22T21:44:04.027723+00:00
[2022-02-23 21:47:06,920] {python.py:175} INFO - Done. Returned value was: None
[2022-02-23 21:47:06,940] {taskinstance.py:1277} INFO - Marking task as SUCCESS. dag_id=tutorial, task_id=yryrty.yryrty_proccess_data, execution_date=20220222T214404, start_date=20220223T214606, end_date=20220223T214706
[2022-02-23 21:47:06,980] {local_task_job.py:154} INFO - Task exited with return code 0
[2022-02-23 21:47:07,033] {local_task_job.py:264} INFO - 1 downstream tasks scheduled from follow-on schedule check
