[2022-04-23 14:28:56,561] {taskinstance.py:1032} INFO - Dependencies all met for <TaskInstance: tutorial.eaeaz.eaeaz_print_proccesed_data scheduled__2022-04-22T14:16:37.536651+00:00 [queued]>
[2022-04-23 14:28:56,580] {taskinstance.py:1032} INFO - Dependencies all met for <TaskInstance: tutorial.eaeaz.eaeaz_print_proccesed_data scheduled__2022-04-22T14:16:37.536651+00:00 [queued]>
[2022-04-23 14:28:56,581] {taskinstance.py:1238} INFO - 
--------------------------------------------------------------------------------
[2022-04-23 14:28:56,582] {taskinstance.py:1239} INFO - Starting attempt 1 of 2
[2022-04-23 14:28:56,583] {taskinstance.py:1240} INFO - 
--------------------------------------------------------------------------------
[2022-04-23 14:28:56,606] {taskinstance.py:1259} INFO - Executing <Task(PythonOperator): eaeaz.eaeaz_print_proccesed_data> on 2022-04-22 14:16:37.536651+00:00
[2022-04-23 14:28:56,615] {standard_task_runner.py:52} INFO - Started process 780 to run task
[2022-04-23 14:28:56,625] {standard_task_runner.py:76} INFO - Running: ['***', 'tasks', 'run', 'tutorial', 'eaeaz.eaeaz_print_proccesed_data', 'scheduled__2022-04-22T14:16:37.536651+00:00', '--job-id', '1219', '--raw', '--subdir', 'DAGS_FOLDER/test_dag.py', '--cfg-path', '/tmp/tmpkflzgr8y', '--error-file', '/tmp/tmpk6v56ewj']
[2022-04-23 14:28:56,627] {standard_task_runner.py:77} INFO - Job 1219: Subtask eaeaz.eaeaz_print_proccesed_data
[2022-04-23 14:28:56,934] {logging_mixin.py:109} INFO - Running <TaskInstance: tutorial.eaeaz.eaeaz_print_proccesed_data scheduled__2022-04-22T14:16:37.536651+00:00 [running]> on host ff48034dfdbf
[2022-04-23 14:28:57,406] {taskinstance.py:1426} INFO - Exporting the following env vars:
AIRFLOW_CTX_DAG_EMAIL=***@example.com
AIRFLOW_CTX_DAG_OWNER=***
AIRFLOW_CTX_DAG_ID=tutorial
AIRFLOW_CTX_TASK_ID=eaeaz.eaeaz_print_proccesed_data
AIRFLOW_CTX_EXECUTION_DATE=2022-04-22T14:16:37.536651+00:00
AIRFLOW_CTX_DAG_RUN_ID=scheduled__2022-04-22T14:16:37.536651+00:00
[2022-04-23 14:29:57,485] {python.py:175} INFO - Done. Returned value was: None
[2022-04-23 14:29:57,526] {taskinstance.py:1277} INFO - Marking task as SUCCESS. dag_id=tutorial, task_id=eaeaz.eaeaz_print_proccesed_data, execution_date=20220422T141637, start_date=20220423T142856, end_date=20220423T142957
[2022-04-23 14:29:57,615] {local_task_job.py:154} INFO - Task exited with return code 0
[2022-04-23 14:29:57,825] {local_task_job.py:264} INFO - 0 downstream tasks scheduled from follow-on schedule check
