[2022-02-23 21:40:58,808] {taskinstance.py:1032} INFO - Dependencies all met for <TaskInstance: tutorial.pre.pre_proccess_data scheduled__2022-02-22T21:37:49.340300+00:00 [queued]>
[2022-02-23 21:40:58,832] {taskinstance.py:1032} INFO - Dependencies all met for <TaskInstance: tutorial.pre.pre_proccess_data scheduled__2022-02-22T21:37:49.340300+00:00 [queued]>
[2022-02-23 21:40:58,834] {taskinstance.py:1238} INFO - 
--------------------------------------------------------------------------------
[2022-02-23 21:40:58,835] {taskinstance.py:1239} INFO - Starting attempt 1 of 2
[2022-02-23 21:40:58,836] {taskinstance.py:1240} INFO - 
--------------------------------------------------------------------------------
[2022-02-23 21:40:58,859] {taskinstance.py:1259} INFO - Executing <Task(PythonOperator): pre.pre_proccess_data> on 2022-02-22 21:37:49.340300+00:00
[2022-02-23 21:40:58,868] {standard_task_runner.py:52} INFO - Started process 268 to run task
[2022-02-23 21:40:58,873] {standard_task_runner.py:76} INFO - Running: ['***', 'tasks', 'run', 'tutorial', 'pre.pre_proccess_data', 'scheduled__2022-02-22T21:37:49.340300+00:00', '--job-id', '137', '--raw', '--subdir', 'DAGS_FOLDER/test_dag.py', '--cfg-path', '/tmp/tmpzgx7ohl3', '--error-file', '/tmp/tmpvx59eygt']
[2022-02-23 21:40:58,875] {standard_task_runner.py:77} INFO - Job 137: Subtask pre.pre_proccess_data
[2022-02-23 21:40:59,012] {logging_mixin.py:109} INFO - Running <TaskInstance: tutorial.pre.pre_proccess_data scheduled__2022-02-22T21:37:49.340300+00:00 [running]> on host ff48034dfdbf
[2022-02-23 21:40:59,192] {taskinstance.py:1426} INFO - Exporting the following env vars:
AIRFLOW_CTX_DAG_EMAIL=***@example.com
AIRFLOW_CTX_DAG_OWNER=***
AIRFLOW_CTX_DAG_ID=tutorial
AIRFLOW_CTX_TASK_ID=pre.pre_proccess_data
AIRFLOW_CTX_EXECUTION_DATE=2022-02-22T21:37:49.340300+00:00
AIRFLOW_CTX_DAG_RUN_ID=scheduled__2022-02-22T21:37:49.340300+00:00
[2022-02-23 21:41:59,214] {python.py:175} INFO - Done. Returned value was: None
[2022-02-23 21:41:59,227] {taskinstance.py:1277} INFO - Marking task as SUCCESS. dag_id=tutorial, task_id=pre.pre_proccess_data, execution_date=20220222T213749, start_date=20220223T214058, end_date=20220223T214159
[2022-02-23 21:41:59,282] {local_task_job.py:154} INFO - Task exited with return code 0
[2022-02-23 21:41:59,317] {local_task_job.py:264} INFO - 1 downstream tasks scheduled from follow-on schedule check
