[2022-04-29 15:33:39,905] {taskinstance.py:1032} INFO - Dependencies all met for <TaskInstance: cdn_daily.import_bsre.check_status_of_bsre manual__2022-04-29T15:33:34.007459+00:00 [queued]>
[2022-04-29 15:33:39,926] {taskinstance.py:1032} INFO - Dependencies all met for <TaskInstance: cdn_daily.import_bsre.check_status_of_bsre manual__2022-04-29T15:33:34.007459+00:00 [queued]>
[2022-04-29 15:33:39,927] {taskinstance.py:1238} INFO - 
--------------------------------------------------------------------------------
[2022-04-29 15:33:39,929] {taskinstance.py:1239} INFO - Starting attempt 1 of 2
[2022-04-29 15:33:39,930] {taskinstance.py:1240} INFO - 
--------------------------------------------------------------------------------
[2022-04-29 15:33:39,950] {taskinstance.py:1259} INFO - Executing <Task(PythonOperator): import_bsre.check_status_of_bsre> on 2022-04-29 15:33:34.007459+00:00
[2022-04-29 15:33:39,956] {standard_task_runner.py:52} INFO - Started process 3873 to run task
[2022-04-29 15:33:39,963] {standard_task_runner.py:76} INFO - Running: ['***', 'tasks', 'run', 'cdn_daily', 'import_bsre.check_status_of_bsre', 'manual__2022-04-29T15:33:34.007459+00:00', '--job-id', '1722', '--raw', '--subdir', 'DAGS_FOLDER/cdn_daily.py', '--cfg-path', '/tmp/tmpe503dvdz', '--error-file', '/tmp/tmpam2834ku']
[2022-04-29 15:33:39,965] {standard_task_runner.py:77} INFO - Job 1722: Subtask import_bsre.check_status_of_bsre
[2022-04-29 15:33:40,060] {logging_mixin.py:109} INFO - Running <TaskInstance: cdn_daily.import_bsre.check_status_of_bsre manual__2022-04-29T15:33:34.007459+00:00 [running]> on host d5ad096ffea5
[2022-04-29 15:33:40,143] {taskinstance.py:1426} INFO - Exporting the following env vars:
AIRFLOW_CTX_DAG_EMAIL=***@example.com
AIRFLOW_CTX_DAG_OWNER=***
AIRFLOW_CTX_DAG_ID=cdn_daily
AIRFLOW_CTX_TASK_ID=import_bsre.check_status_of_bsre
AIRFLOW_CTX_EXECUTION_DATE=2022-04-29T15:33:34.007459+00:00
AIRFLOW_CTX_DAG_RUN_ID=manual__2022-04-29T15:33:34.007459+00:00
[2022-04-29 15:33:40,145] {logging_mixin.py:109} INFO - run_bsre
[2022-04-29 15:33:40,159] {logging_mixin.py:109} INFO - None
[2022-04-29 15:33:40,170] {logging_mixin.py:109} INFO - bsre.alm
[2022-04-29 15:33:40,181] {logging_mixin.py:109} INFO - 1
[2022-04-29 15:33:41,184] {python.py:175} INFO - Done. Returned value was: None
[2022-04-29 15:33:41,209] {taskinstance.py:1277} INFO - Marking task as SUCCESS. dag_id=cdn_daily, task_id=import_bsre.check_status_of_bsre, execution_date=20220429T153334, start_date=20220429T153339, end_date=20220429T153341
[2022-04-29 15:33:41,273] {local_task_job.py:154} INFO - Task exited with return code 0
[2022-04-29 15:33:41,345] {local_task_job.py:264} INFO - 0 downstream tasks scheduled from follow-on schedule check
