[2022-03-28 12:55:28,210] {taskinstance.py:1032} INFO - Dependencies all met for <TaskInstance: tutorial.wcccw.wcccw_get_data scheduled__2022-03-27T12:54:27.698780+00:00 [queued]>
[2022-03-28 12:55:28,258] {taskinstance.py:1032} INFO - Dependencies all met for <TaskInstance: tutorial.wcccw.wcccw_get_data scheduled__2022-03-27T12:54:27.698780+00:00 [queued]>
[2022-03-28 12:55:28,261] {taskinstance.py:1238} INFO - 
--------------------------------------------------------------------------------
[2022-03-28 12:55:28,262] {taskinstance.py:1239} INFO - Starting attempt 1 of 2
[2022-03-28 12:55:28,264] {taskinstance.py:1240} INFO - 
--------------------------------------------------------------------------------
[2022-03-28 12:55:28,304] {taskinstance.py:1259} INFO - Executing <Task(PythonOperator): wcccw.wcccw_get_data> on 2022-03-27 12:54:27.698780+00:00
[2022-03-28 12:55:28,313] {standard_task_runner.py:52} INFO - Started process 497 to run task
[2022-03-28 12:55:28,325] {standard_task_runner.py:76} INFO - Running: ['***', 'tasks', 'run', 'tutorial', 'wcccw.wcccw_get_data', 'scheduled__2022-03-27T12:54:27.698780+00:00', '--job-id', '1018', '--raw', '--subdir', 'DAGS_FOLDER/test_dag.py', '--cfg-path', '/tmp/tmpso8ooyub', '--error-file', '/tmp/tmp5mzeujni']
[2022-03-28 12:55:28,327] {standard_task_runner.py:77} INFO - Job 1018: Subtask wcccw.wcccw_get_data
[2022-03-28 12:55:28,498] {logging_mixin.py:109} INFO - Running <TaskInstance: tutorial.wcccw.wcccw_get_data scheduled__2022-03-27T12:54:27.698780+00:00 [running]> on host ff48034dfdbf
[2022-03-28 12:55:28,636] {taskinstance.py:1426} INFO - Exporting the following env vars:
AIRFLOW_CTX_DAG_EMAIL=***@example.com
AIRFLOW_CTX_DAG_OWNER=***
AIRFLOW_CTX_DAG_ID=tutorial
AIRFLOW_CTX_TASK_ID=wcccw.wcccw_get_data
AIRFLOW_CTX_EXECUTION_DATE=2022-03-27T12:54:27.698780+00:00
AIRFLOW_CTX_DAG_RUN_ID=scheduled__2022-03-27T12:54:27.698780+00:00
[2022-03-28 13:16:26,618] {python.py:175} INFO - Done. Returned value was: None
[2022-03-28 13:16:27,360] {taskinstance.py:1277} INFO - Marking task as SUCCESS. dag_id=tutorial, task_id=wcccw.wcccw_get_data, execution_date=20220327T125427, start_date=20220328T125528, end_date=20220328T131627
[2022-03-28 13:16:27,481] {local_task_job.py:212} WARNING - State of this instance has been externally set to success. Terminating instance.
[2022-03-28 13:16:27,497] {process_utils.py:124} INFO - Sending Signals.SIGTERM to group 497. PIDs of all processes in the group: [497]
[2022-03-28 13:16:27,526] {process_utils.py:75} INFO - Sending the signal Signals.SIGTERM to group 497
[2022-03-28 13:16:27,569] {process_utils.py:70} INFO - Process psutil.Process(pid=497, status='terminated', exitcode=0, started='12:55:27') (497) terminated with exit code 0
