[2022-03-06 20:35:26,062] {taskinstance.py:1032} INFO - Dependencies all met for <TaskInstance: tutorial.cat.cat_proccess_data scheduled__2022-03-05T10:29:52.784989+00:00 [queued]>
[2022-03-06 20:35:26,108] {taskinstance.py:1032} INFO - Dependencies all met for <TaskInstance: tutorial.cat.cat_proccess_data scheduled__2022-03-05T10:29:52.784989+00:00 [queued]>
[2022-03-06 20:35:26,109] {taskinstance.py:1238} INFO - 
--------------------------------------------------------------------------------
[2022-03-06 20:35:26,110] {taskinstance.py:1239} INFO - Starting attempt 1 of 2
[2022-03-06 20:35:26,111] {taskinstance.py:1240} INFO - 
--------------------------------------------------------------------------------
[2022-03-06 20:35:26,130] {taskinstance.py:1259} INFO - Executing <Task(PythonOperator): cat.cat_proccess_data> on 2022-03-05 10:29:52.784989+00:00
[2022-03-06 20:35:26,143] {standard_task_runner.py:52} INFO - Started process 206 to run task
[2022-03-06 20:35:26,150] {standard_task_runner.py:76} INFO - Running: ['***', 'tasks', 'run', 'tutorial', 'cat.cat_proccess_data', 'scheduled__2022-03-05T10:29:52.784989+00:00', '--job-id', '613', '--raw', '--subdir', 'DAGS_FOLDER/test_dag.py', '--cfg-path', '/tmp/tmp4gjgopgu', '--error-file', '/tmp/tmpmktgjx_u']
[2022-03-06 20:35:26,152] {standard_task_runner.py:77} INFO - Job 613: Subtask cat.cat_proccess_data
[2022-03-06 20:35:26,290] {logging_mixin.py:109} INFO - Running <TaskInstance: tutorial.cat.cat_proccess_data scheduled__2022-03-05T10:29:52.784989+00:00 [running]> on host ff48034dfdbf
[2022-03-06 20:35:26,387] {taskinstance.py:1426} INFO - Exporting the following env vars:
AIRFLOW_CTX_DAG_EMAIL=***@example.com
AIRFLOW_CTX_DAG_OWNER=***
AIRFLOW_CTX_DAG_ID=tutorial
AIRFLOW_CTX_TASK_ID=cat.cat_proccess_data
AIRFLOW_CTX_EXECUTION_DATE=2022-03-05T10:29:52.784989+00:00
AIRFLOW_CTX_DAG_RUN_ID=scheduled__2022-03-05T10:29:52.784989+00:00
[2022-03-06 20:36:26,370] {python.py:175} INFO - Done. Returned value was: None
[2022-03-06 20:36:26,397] {taskinstance.py:1277} INFO - Marking task as SUCCESS. dag_id=tutorial, task_id=cat.cat_proccess_data, execution_date=20220305T102952, start_date=20220306T203526, end_date=20220306T203626
[2022-03-06 20:36:26,459] {local_task_job.py:154} INFO - Task exited with return code 0
[2022-03-06 20:36:26,522] {local_task_job.py:264} INFO - 1 downstream tasks scheduled from follow-on schedule check
