[2022-03-14 12:06:21,466] {taskinstance.py:1032} INFO - Dependencies all met for <TaskInstance: tutorial.hfghfg.hfghfg_get_data scheduled__2022-03-13T12:05:20.517459+00:00 [queued]>
[2022-03-14 12:06:21,486] {taskinstance.py:1032} INFO - Dependencies all met for <TaskInstance: tutorial.hfghfg.hfghfg_get_data scheduled__2022-03-13T12:05:20.517459+00:00 [queued]>
[2022-03-14 12:06:21,487] {taskinstance.py:1238} INFO - 
--------------------------------------------------------------------------------
[2022-03-14 12:06:21,488] {taskinstance.py:1239} INFO - Starting attempt 1 of 2
[2022-03-14 12:06:21,489] {taskinstance.py:1240} INFO - 
--------------------------------------------------------------------------------
[2022-03-14 12:06:21,511] {taskinstance.py:1259} INFO - Executing <Task(PythonOperator): hfghfg.hfghfg_get_data> on 2022-03-13 12:05:20.517459+00:00
[2022-03-14 12:06:21,520] {standard_task_runner.py:52} INFO - Started process 932 to run task
[2022-03-14 12:06:21,528] {standard_task_runner.py:76} INFO - Running: ['***', 'tasks', 'run', 'tutorial', 'hfghfg.hfghfg_get_data', 'scheduled__2022-03-13T12:05:20.517459+00:00', '--job-id', '826', '--raw', '--subdir', 'DAGS_FOLDER/test_dag.py', '--cfg-path', '/tmp/tmpees6e0j_', '--error-file', '/tmp/tmppd730dja']
[2022-03-14 12:06:21,530] {standard_task_runner.py:77} INFO - Job 826: Subtask hfghfg.hfghfg_get_data
[2022-03-14 12:06:21,668] {logging_mixin.py:109} INFO - Running <TaskInstance: tutorial.hfghfg.hfghfg_get_data scheduled__2022-03-13T12:05:20.517459+00:00 [running]> on host ff48034dfdbf
[2022-03-14 12:06:21,780] {taskinstance.py:1426} INFO - Exporting the following env vars:
AIRFLOW_CTX_DAG_EMAIL=***@example.com
AIRFLOW_CTX_DAG_OWNER=***
AIRFLOW_CTX_DAG_ID=tutorial
AIRFLOW_CTX_TASK_ID=hfghfg.hfghfg_get_data
AIRFLOW_CTX_EXECUTION_DATE=2022-03-13T12:05:20.517459+00:00
AIRFLOW_CTX_DAG_RUN_ID=scheduled__2022-03-13T12:05:20.517459+00:00
[2022-03-14 12:07:21,789] {python.py:175} INFO - Done. Returned value was: None
[2022-03-14 12:07:21,805] {taskinstance.py:1277} INFO - Marking task as SUCCESS. dag_id=tutorial, task_id=hfghfg.hfghfg_get_data, execution_date=20220313T120520, start_date=20220314T120621, end_date=20220314T120721
[2022-03-14 12:07:21,848] {local_task_job.py:154} INFO - Task exited with return code 0
[2022-03-14 12:07:21,894] {local_task_job.py:264} INFO - 1 downstream tasks scheduled from follow-on schedule check
