[2022-03-28 12:51:23,523] {taskinstance.py:1032} INFO - Dependencies all met for <TaskInstance: tutorial.pre.pre_proccess_data scheduled__2022-03-15T12:05:20.517459+00:00 [queued]>
[2022-03-28 12:51:23,560] {taskinstance.py:1032} INFO - Dependencies all met for <TaskInstance: tutorial.pre.pre_proccess_data scheduled__2022-03-15T12:05:20.517459+00:00 [queued]>
[2022-03-28 12:51:23,562] {taskinstance.py:1238} INFO - 
--------------------------------------------------------------------------------
[2022-03-28 12:51:23,564] {taskinstance.py:1239} INFO - Starting attempt 1 of 2
[2022-03-28 12:51:23,566] {taskinstance.py:1240} INFO - 
--------------------------------------------------------------------------------
[2022-03-28 12:51:23,595] {taskinstance.py:1259} INFO - Executing <Task(PythonOperator): pre.pre_proccess_data> on 2022-03-15 12:05:20.517459+00:00
[2022-03-28 12:51:23,603] {standard_task_runner.py:52} INFO - Started process 266 to run task
[2022-03-28 12:51:23,610] {standard_task_runner.py:76} INFO - Running: ['***', 'tasks', 'run', 'tutorial', 'pre.pre_proccess_data', 'scheduled__2022-03-15T12:05:20.517459+00:00', '--job-id', '984', '--raw', '--subdir', 'DAGS_FOLDER/test_dag.py', '--cfg-path', '/tmp/tmpuw7gduyl', '--error-file', '/tmp/tmpkmp5ql1u']
[2022-03-28 12:51:23,612] {standard_task_runner.py:77} INFO - Job 984: Subtask pre.pre_proccess_data
[2022-03-28 12:51:23,720] {logging_mixin.py:109} INFO - Running <TaskInstance: tutorial.pre.pre_proccess_data scheduled__2022-03-15T12:05:20.517459+00:00 [running]> on host ff48034dfdbf
[2022-03-28 12:51:23,802] {taskinstance.py:1426} INFO - Exporting the following env vars:
AIRFLOW_CTX_DAG_EMAIL=***@example.com
AIRFLOW_CTX_DAG_OWNER=***
AIRFLOW_CTX_DAG_ID=tutorial
AIRFLOW_CTX_TASK_ID=pre.pre_proccess_data
AIRFLOW_CTX_EXECUTION_DATE=2022-03-15T12:05:20.517459+00:00
AIRFLOW_CTX_DAG_RUN_ID=scheduled__2022-03-15T12:05:20.517459+00:00
[2022-03-28 12:52:23,822] {python.py:175} INFO - Done. Returned value was: None
[2022-03-28 12:52:23,917] {taskinstance.py:1277} INFO - Marking task as SUCCESS. dag_id=tutorial, task_id=pre.pre_proccess_data, execution_date=20220315T120520, start_date=20220328T125123, end_date=20220328T125223
[2022-03-28 12:52:24,000] {local_task_job.py:154} INFO - Task exited with return code 0
[2022-03-28 12:52:24,212] {local_task_job.py:264} INFO - 1 downstream tasks scheduled from follow-on schedule check
