[2022-02-21 18:32:50,119] {taskinstance.py:1032} INFO - Dependencies all met for <TaskInstance: tutorial.jghjg.jghjg_proccess_data scheduled__2022-02-20T17:28:01.321646+00:00 [queued]>
[2022-02-21 18:32:50,150] {taskinstance.py:1032} INFO - Dependencies all met for <TaskInstance: tutorial.jghjg.jghjg_proccess_data scheduled__2022-02-20T17:28:01.321646+00:00 [queued]>
[2022-02-21 18:32:50,151] {taskinstance.py:1238} INFO - 
--------------------------------------------------------------------------------
[2022-02-21 18:32:50,152] {taskinstance.py:1239} INFO - Starting attempt 1 of 2
[2022-02-21 18:32:50,153] {taskinstance.py:1240} INFO - 
--------------------------------------------------------------------------------
[2022-02-21 18:32:50,176] {taskinstance.py:1259} INFO - Executing <Task(PythonOperator): jghjg.jghjg_proccess_data> on 2022-02-20 17:28:01.321646+00:00
[2022-02-21 18:32:50,182] {standard_task_runner.py:52} INFO - Started process 198 to run task
[2022-02-21 18:32:50,189] {standard_task_runner.py:76} INFO - Running: ['***', 'tasks', 'run', 'tutorial', 'jghjg.jghjg_proccess_data', 'scheduled__2022-02-20T17:28:01.321646+00:00', '--job-id', '82', '--raw', '--subdir', 'DAGS_FOLDER/test_dag.py', '--cfg-path', '/tmp/tmpodm0208l', '--error-file', '/tmp/tmpjx8sa4ho']
[2022-02-21 18:32:50,191] {standard_task_runner.py:77} INFO - Job 82: Subtask jghjg.jghjg_proccess_data
[2022-02-21 18:32:50,312] {logging_mixin.py:109} INFO - Running <TaskInstance: tutorial.jghjg.jghjg_proccess_data scheduled__2022-02-20T17:28:01.321646+00:00 [running]> on host ff48034dfdbf
[2022-02-21 18:32:50,454] {taskinstance.py:1426} INFO - Exporting the following env vars:
AIRFLOW_CTX_DAG_EMAIL=***@example.com
AIRFLOW_CTX_DAG_OWNER=***
AIRFLOW_CTX_DAG_ID=tutorial
AIRFLOW_CTX_TASK_ID=jghjg.jghjg_proccess_data
AIRFLOW_CTX_EXECUTION_DATE=2022-02-20T17:28:01.321646+00:00
AIRFLOW_CTX_DAG_RUN_ID=scheduled__2022-02-20T17:28:01.321646+00:00
[2022-02-21 18:33:50,469] {python.py:175} INFO - Done. Returned value was: None
[2022-02-21 18:33:50,483] {taskinstance.py:1277} INFO - Marking task as SUCCESS. dag_id=tutorial, task_id=jghjg.jghjg_proccess_data, execution_date=20220220T172801, start_date=20220221T183250, end_date=20220221T183350
[2022-02-21 18:33:50,525] {local_task_job.py:154} INFO - Task exited with return code 0
[2022-02-21 18:33:50,559] {local_task_job.py:264} INFO - 1 downstream tasks scheduled from follow-on schedule check
