[2022-03-02 21:53:24,015] {taskinstance.py:1032} INFO - Dependencies all met for <TaskInstance: tutorial.dqsdqsd.dqsdqsd_proccess_data scheduled__2022-03-01T21:51:17.549420+00:00 [queued]>
[2022-03-02 21:53:24,049] {taskinstance.py:1032} INFO - Dependencies all met for <TaskInstance: tutorial.dqsdqsd.dqsdqsd_proccess_data scheduled__2022-03-01T21:51:17.549420+00:00 [queued]>
[2022-03-02 21:53:24,051] {taskinstance.py:1238} INFO - 
--------------------------------------------------------------------------------
[2022-03-02 21:53:24,053] {taskinstance.py:1239} INFO - Starting attempt 1 of 2
[2022-03-02 21:53:24,055] {taskinstance.py:1240} INFO - 
--------------------------------------------------------------------------------
[2022-03-02 21:53:24,079] {taskinstance.py:1259} INFO - Executing <Task(PythonOperator): dqsdqsd.dqsdqsd_proccess_data> on 2022-03-01 21:51:17.549420+00:00
[2022-03-02 21:53:24,092] {standard_task_runner.py:52} INFO - Started process 15276 to run task
[2022-03-02 21:53:24,098] {standard_task_runner.py:76} INFO - Running: ['***', 'tasks', 'run', 'tutorial', 'dqsdqsd.dqsdqsd_proccess_data', 'scheduled__2022-03-01T21:51:17.549420+00:00', '--job-id', '458', '--raw', '--subdir', 'DAGS_FOLDER/test_dag.py', '--cfg-path', '/tmp/tmpx0vn3r1j', '--error-file', '/tmp/tmpt37em3cq']
[2022-03-02 21:53:24,100] {standard_task_runner.py:77} INFO - Job 458: Subtask dqsdqsd.dqsdqsd_proccess_data
[2022-03-02 21:53:24,214] {logging_mixin.py:109} INFO - Running <TaskInstance: tutorial.dqsdqsd.dqsdqsd_proccess_data scheduled__2022-03-01T21:51:17.549420+00:00 [running]> on host ff48034dfdbf
[2022-03-02 21:53:24,392] {taskinstance.py:1426} INFO - Exporting the following env vars:
AIRFLOW_CTX_DAG_EMAIL=***@example.com
AIRFLOW_CTX_DAG_OWNER=***
AIRFLOW_CTX_DAG_ID=tutorial
AIRFLOW_CTX_TASK_ID=dqsdqsd.dqsdqsd_proccess_data
AIRFLOW_CTX_EXECUTION_DATE=2022-03-01T21:51:17.549420+00:00
AIRFLOW_CTX_DAG_RUN_ID=scheduled__2022-03-01T21:51:17.549420+00:00
[2022-03-02 21:54:24,386] {python.py:175} INFO - Done. Returned value was: None
[2022-03-02 21:54:24,418] {taskinstance.py:1277} INFO - Marking task as SUCCESS. dag_id=tutorial, task_id=dqsdqsd.dqsdqsd_proccess_data, execution_date=20220301T215117, start_date=20220302T215324, end_date=20220302T215424
[2022-03-02 21:54:24,489] {local_task_job.py:154} INFO - Task exited with return code 0
[2022-03-02 21:54:24,534] {local_task_job.py:264} INFO - 0 downstream tasks scheduled from follow-on schedule check
