[2022-03-28 12:50:21,330] {taskinstance.py:1032} INFO - Dependencies all met for <TaskInstance: tutorial.fsqfqf.fsqfqf_get_data scheduled__2022-03-27T12:47:50.362235+00:00 [queued]>
[2022-03-28 12:50:21,373] {taskinstance.py:1032} INFO - Dependencies all met for <TaskInstance: tutorial.fsqfqf.fsqfqf_get_data scheduled__2022-03-27T12:47:50.362235+00:00 [queued]>
[2022-03-28 12:50:21,374] {taskinstance.py:1238} INFO - 
--------------------------------------------------------------------------------
[2022-03-28 12:50:21,376] {taskinstance.py:1239} INFO - Starting attempt 1 of 2
[2022-03-28 12:50:21,377] {taskinstance.py:1240} INFO - 
--------------------------------------------------------------------------------
[2022-03-28 12:50:21,414] {taskinstance.py:1259} INFO - Executing <Task(PythonOperator): fsqfqf.fsqfqf_get_data> on 2022-03-27 12:47:50.362235+00:00
[2022-03-28 12:50:21,423] {standard_task_runner.py:52} INFO - Started process 201 to run task
[2022-03-28 12:50:21,434] {standard_task_runner.py:76} INFO - Running: ['***', 'tasks', 'run', 'tutorial', 'fsqfqf.fsqfqf_get_data', 'scheduled__2022-03-27T12:47:50.362235+00:00', '--job-id', '967', '--raw', '--subdir', 'DAGS_FOLDER/test_dag.py', '--cfg-path', '/tmp/tmpwao3v0k3', '--error-file', '/tmp/tmp0r2qbbz8']
[2022-03-28 12:50:21,437] {standard_task_runner.py:77} INFO - Job 967: Subtask fsqfqf.fsqfqf_get_data
[2022-03-28 12:50:21,625] {logging_mixin.py:109} INFO - Running <TaskInstance: tutorial.fsqfqf.fsqfqf_get_data scheduled__2022-03-27T12:47:50.362235+00:00 [running]> on host ff48034dfdbf
[2022-03-28 12:50:21,848] {taskinstance.py:1426} INFO - Exporting the following env vars:
AIRFLOW_CTX_DAG_EMAIL=***@example.com
AIRFLOW_CTX_DAG_OWNER=***
AIRFLOW_CTX_DAG_ID=tutorial
AIRFLOW_CTX_TASK_ID=fsqfqf.fsqfqf_get_data
AIRFLOW_CTX_EXECUTION_DATE=2022-03-27T12:47:50.362235+00:00
AIRFLOW_CTX_DAG_RUN_ID=scheduled__2022-03-27T12:47:50.362235+00:00
[2022-03-28 12:51:21,830] {python.py:175} INFO - Done. Returned value was: None
[2022-03-28 12:51:21,849] {taskinstance.py:1277} INFO - Marking task as SUCCESS. dag_id=tutorial, task_id=fsqfqf.fsqfqf_get_data, execution_date=20220327T124750, start_date=20220328T125021, end_date=20220328T125121
[2022-03-28 12:51:21,909] {local_task_job.py:154} INFO - Task exited with return code 0
[2022-03-28 12:51:21,959] {local_task_job.py:264} INFO - 1 downstream tasks scheduled from follow-on schedule check
