[2022-02-24 21:46:09,266] {taskinstance.py:1032} INFO - Dependencies all met for <TaskInstance: tutorial.cat.cat_proccess_data scheduled__2022-02-23T21:44:04.431894+00:00 [queued]>
[2022-02-24 21:46:09,310] {taskinstance.py:1032} INFO - Dependencies all met for <TaskInstance: tutorial.cat.cat_proccess_data scheduled__2022-02-23T21:44:04.431894+00:00 [queued]>
[2022-02-24 21:46:09,312] {taskinstance.py:1238} INFO - 
--------------------------------------------------------------------------------
[2022-02-24 21:46:09,314] {taskinstance.py:1239} INFO - Starting attempt 1 of 2
[2022-02-24 21:46:09,315] {taskinstance.py:1240} INFO - 
--------------------------------------------------------------------------------
[2022-02-24 21:46:09,363] {taskinstance.py:1259} INFO - Executing <Task(PythonOperator): cat.cat_proccess_data> on 2022-02-23 21:44:04.431894+00:00
[2022-02-24 21:46:09,372] {standard_task_runner.py:52} INFO - Started process 7872 to run task
[2022-02-24 21:46:09,379] {standard_task_runner.py:76} INFO - Running: ['***', 'tasks', 'run', 'tutorial', 'cat.cat_proccess_data', 'scheduled__2022-02-23T21:44:04.431894+00:00', '--job-id', '232', '--raw', '--subdir', 'DAGS_FOLDER/test_dag.py', '--cfg-path', '/tmp/tmp2t91dhri', '--error-file', '/tmp/tmpmbm7pkk8']
[2022-02-24 21:46:09,381] {standard_task_runner.py:77} INFO - Job 232: Subtask cat.cat_proccess_data
[2022-02-24 21:46:09,542] {logging_mixin.py:109} INFO - Running <TaskInstance: tutorial.cat.cat_proccess_data scheduled__2022-02-23T21:44:04.431894+00:00 [running]> on host ff48034dfdbf
[2022-02-24 21:46:09,743] {taskinstance.py:1426} INFO - Exporting the following env vars:
AIRFLOW_CTX_DAG_EMAIL=***@example.com
AIRFLOW_CTX_DAG_OWNER=***
AIRFLOW_CTX_DAG_ID=tutorial
AIRFLOW_CTX_TASK_ID=cat.cat_proccess_data
AIRFLOW_CTX_EXECUTION_DATE=2022-02-23T21:44:04.431894+00:00
AIRFLOW_CTX_DAG_RUN_ID=scheduled__2022-02-23T21:44:04.431894+00:00
[2022-02-24 21:47:09,738] {python.py:175} INFO - Done. Returned value was: None
[2022-02-24 21:47:09,754] {taskinstance.py:1277} INFO - Marking task as SUCCESS. dag_id=tutorial, task_id=cat.cat_proccess_data, execution_date=20220223T214404, start_date=20220224T214609, end_date=20220224T214709
[2022-02-24 21:47:09,814] {local_task_job.py:154} INFO - Task exited with return code 0
[2022-02-24 21:47:09,858] {local_task_job.py:264} INFO - 1 downstream tasks scheduled from follow-on schedule check
