[2022-04-29 15:35:40,357] {taskinstance.py:1032} INFO - Dependencies all met for <TaskInstance: cdn_daily.import_vol.run_vol manual__2022-04-29T15:30:28.273551+00:00 [queued]>
[2022-04-29 15:35:40,375] {taskinstance.py:1032} INFO - Dependencies all met for <TaskInstance: cdn_daily.import_vol.run_vol manual__2022-04-29T15:30:28.273551+00:00 [queued]>
[2022-04-29 15:35:40,377] {taskinstance.py:1238} INFO - 
--------------------------------------------------------------------------------
[2022-04-29 15:35:40,378] {taskinstance.py:1239} INFO - Starting attempt 1 of 2
[2022-04-29 15:35:40,379] {taskinstance.py:1240} INFO - 
--------------------------------------------------------------------------------
[2022-04-29 15:35:40,400] {taskinstance.py:1259} INFO - Executing <Task(PythonOperator): import_vol.run_vol> on 2022-04-29 15:30:28.273551+00:00
[2022-04-29 15:35:40,406] {standard_task_runner.py:52} INFO - Started process 4017 to run task
[2022-04-29 15:35:40,411] {standard_task_runner.py:76} INFO - Running: ['***', 'tasks', 'run', 'cdn_daily', 'import_vol.run_vol', 'manual__2022-04-29T15:30:28.273551+00:00', '--job-id', '1749', '--raw', '--subdir', 'DAGS_FOLDER/cdn_daily.py', '--cfg-path', '/tmp/tmpezzqvn2d', '--error-file', '/tmp/tmpm42gir64']
[2022-04-29 15:35:40,413] {standard_task_runner.py:77} INFO - Job 1749: Subtask import_vol.run_vol
[2022-04-29 15:35:40,501] {logging_mixin.py:109} INFO - Running <TaskInstance: cdn_daily.import_vol.run_vol manual__2022-04-29T15:30:28.273551+00:00 [running]> on host d5ad096ffea5
[2022-04-29 15:35:40,594] {taskinstance.py:1426} INFO - Exporting the following env vars:
AIRFLOW_CTX_DAG_EMAIL=***@example.com
AIRFLOW_CTX_DAG_OWNER=***
AIRFLOW_CTX_DAG_ID=cdn_daily
AIRFLOW_CTX_TASK_ID=import_vol.run_vol
AIRFLOW_CTX_EXECUTION_DATE=2022-04-29T15:30:28.273551+00:00
AIRFLOW_CTX_DAG_RUN_ID=manual__2022-04-29T15:30:28.273551+00:00
[2022-04-29 15:35:40,620] {python.py:175} INFO - Done. Returned value was: None
[2022-04-29 15:35:40,645] {taskinstance.py:1277} INFO - Marking task as SUCCESS. dag_id=cdn_daily, task_id=import_vol.run_vol, execution_date=20220429T153028, start_date=20220429T153540, end_date=20220429T153540
[2022-04-29 15:35:40,708] {local_task_job.py:154} INFO - Task exited with return code 0
[2022-04-29 15:35:40,754] {local_task_job.py:264} INFO - 1 downstream tasks scheduled from follow-on schedule check
