[2022-03-05 10:31:55,406] {taskinstance.py:1032} INFO - Dependencies all met for <TaskInstance: tutorial.cat.cat_proccess_data scheduled__2022-03-04T10:29:52.784989+00:00 [queued]>
[2022-03-05 10:31:55,433] {taskinstance.py:1032} INFO - Dependencies all met for <TaskInstance: tutorial.cat.cat_proccess_data scheduled__2022-03-04T10:29:52.784989+00:00 [queued]>
[2022-03-05 10:31:55,435] {taskinstance.py:1238} INFO - 
--------------------------------------------------------------------------------
[2022-03-05 10:31:55,436] {taskinstance.py:1239} INFO - Starting attempt 1 of 2
[2022-03-05 10:31:55,438] {taskinstance.py:1240} INFO - 
--------------------------------------------------------------------------------
[2022-03-05 10:31:55,462] {taskinstance.py:1259} INFO - Executing <Task(PythonOperator): cat.cat_proccess_data> on 2022-03-04 10:29:52.784989+00:00
[2022-03-05 10:31:55,473] {standard_task_runner.py:52} INFO - Started process 599 to run task
[2022-03-05 10:31:55,477] {standard_task_runner.py:76} INFO - Running: ['***', 'tasks', 'run', 'tutorial', 'cat.cat_proccess_data', 'scheduled__2022-03-04T10:29:52.784989+00:00', '--job-id', '562', '--raw', '--subdir', 'DAGS_FOLDER/test_dag.py', '--cfg-path', '/tmp/tmpogoqy58u', '--error-file', '/tmp/tmpnr5twge4']
[2022-03-05 10:31:55,478] {standard_task_runner.py:77} INFO - Job 562: Subtask cat.cat_proccess_data
[2022-03-05 10:31:55,612] {logging_mixin.py:109} INFO - Running <TaskInstance: tutorial.cat.cat_proccess_data scheduled__2022-03-04T10:29:52.784989+00:00 [running]> on host ff48034dfdbf
[2022-03-05 10:31:55,708] {taskinstance.py:1426} INFO - Exporting the following env vars:
AIRFLOW_CTX_DAG_EMAIL=***@example.com
AIRFLOW_CTX_DAG_OWNER=***
AIRFLOW_CTX_DAG_ID=tutorial
AIRFLOW_CTX_TASK_ID=cat.cat_proccess_data
AIRFLOW_CTX_EXECUTION_DATE=2022-03-04T10:29:52.784989+00:00
AIRFLOW_CTX_DAG_RUN_ID=scheduled__2022-03-04T10:29:52.784989+00:00
[2022-03-05 10:32:55,728] {python.py:175} INFO - Done. Returned value was: None
[2022-03-05 10:32:55,742] {taskinstance.py:1277} INFO - Marking task as SUCCESS. dag_id=tutorial, task_id=cat.cat_proccess_data, execution_date=20220304T102952, start_date=20220305T103155, end_date=20220305T103255
[2022-03-05 10:32:55,786] {local_task_job.py:154} INFO - Task exited with return code 0
[2022-03-05 10:32:55,845] {local_task_job.py:264} INFO - 0 downstream tasks scheduled from follow-on schedule check
