[2022-02-23 21:37:53,635] {taskinstance.py:1032} INFO - Dependencies all met for <TaskInstance: tutorial.yryrty.yryrty_get_data scheduled__2022-02-21T17:28:01.321646+00:00 [queued]>
[2022-02-23 21:37:53,657] {taskinstance.py:1032} INFO - Dependencies all met for <TaskInstance: tutorial.yryrty.yryrty_get_data scheduled__2022-02-21T17:28:01.321646+00:00 [queued]>
[2022-02-23 21:37:53,658] {taskinstance.py:1238} INFO - 
--------------------------------------------------------------------------------
[2022-02-23 21:37:53,660] {taskinstance.py:1239} INFO - Starting attempt 1 of 2
[2022-02-23 21:37:53,663] {taskinstance.py:1240} INFO - 
--------------------------------------------------------------------------------
[2022-02-23 21:37:53,684] {taskinstance.py:1259} INFO - Executing <Task(PythonOperator): yryrty.yryrty_get_data> on 2022-02-21 17:28:01.321646+00:00
[2022-02-23 21:37:53,697] {standard_task_runner.py:52} INFO - Started process 83 to run task
[2022-02-23 21:37:53,702] {standard_task_runner.py:76} INFO - Running: ['***', 'tasks', 'run', 'tutorial', 'yryrty.yryrty_get_data', 'scheduled__2022-02-21T17:28:01.321646+00:00', '--job-id', '105', '--raw', '--subdir', 'DAGS_FOLDER/test_dag.py', '--cfg-path', '/tmp/tmpc0xzu3xa', '--error-file', '/tmp/tmp632lufxg']
[2022-02-23 21:37:53,704] {standard_task_runner.py:77} INFO - Job 105: Subtask yryrty.yryrty_get_data
[2022-02-23 21:37:53,816] {logging_mixin.py:109} INFO - Running <TaskInstance: tutorial.yryrty.yryrty_get_data scheduled__2022-02-21T17:28:01.321646+00:00 [running]> on host ff48034dfdbf
[2022-02-23 21:37:53,918] {taskinstance.py:1426} INFO - Exporting the following env vars:
AIRFLOW_CTX_DAG_EMAIL=***@example.com
AIRFLOW_CTX_DAG_OWNER=***
AIRFLOW_CTX_DAG_ID=tutorial
AIRFLOW_CTX_TASK_ID=yryrty.yryrty_get_data
AIRFLOW_CTX_EXECUTION_DATE=2022-02-21T17:28:01.321646+00:00
AIRFLOW_CTX_DAG_RUN_ID=scheduled__2022-02-21T17:28:01.321646+00:00
[2022-02-23 21:38:53,937] {python.py:175} INFO - Done. Returned value was: None
[2022-02-23 21:38:53,958] {taskinstance.py:1277} INFO - Marking task as SUCCESS. dag_id=tutorial, task_id=yryrty.yryrty_get_data, execution_date=20220221T172801, start_date=20220223T213753, end_date=20220223T213853
[2022-02-23 21:38:54,022] {local_task_job.py:154} INFO - Task exited with return code 0
[2022-02-23 21:38:54,085] {local_task_job.py:264} INFO - 1 downstream tasks scheduled from follow-on schedule check
