[2022-04-30 12:57:33,620] {taskinstance.py:1032} INFO - Dependencies all met for <TaskInstance: cdn_daily.run_cat manual__2022-04-30T12:57:31.335659+00:00 [queued]>
[2022-04-30 12:57:33,639] {taskinstance.py:1032} INFO - Dependencies all met for <TaskInstance: cdn_daily.run_cat manual__2022-04-30T12:57:31.335659+00:00 [queued]>
[2022-04-30 12:57:33,641] {taskinstance.py:1238} INFO - 
--------------------------------------------------------------------------------
[2022-04-30 12:57:33,641] {taskinstance.py:1239} INFO - Starting attempt 1 of 2
[2022-04-30 12:57:33,642] {taskinstance.py:1240} INFO - 
--------------------------------------------------------------------------------
[2022-04-30 12:57:33,662] {taskinstance.py:1259} INFO - Executing <Task(PythonOperator): run_cat> on 2022-04-30 12:57:31.335659+00:00
[2022-04-30 12:57:33,670] {standard_task_runner.py:52} INFO - Started process 375 to run task
[2022-04-30 12:57:33,676] {standard_task_runner.py:76} INFO - Running: ['***', 'tasks', 'run', 'cdn_daily', 'run_cat', 'manual__2022-04-30T12:57:31.335659+00:00', '--job-id', '1813', '--raw', '--subdir', 'DAGS_FOLDER/cdn_daily.py', '--cfg-path', '/tmp/tmpk9pul2lv', '--error-file', '/tmp/tmp4b81r02k']
[2022-04-30 12:57:33,678] {standard_task_runner.py:77} INFO - Job 1813: Subtask run_cat
[2022-04-30 12:57:33,777] {logging_mixin.py:109} INFO - Running <TaskInstance: cdn_daily.run_cat manual__2022-04-30T12:57:31.335659+00:00 [running]> on host d5ad096ffea5
[2022-04-30 12:57:33,881] {taskinstance.py:1426} INFO - Exporting the following env vars:
AIRFLOW_CTX_DAG_EMAIL=***@example.com
AIRFLOW_CTX_DAG_OWNER=***
AIRFLOW_CTX_DAG_ID=cdn_daily
AIRFLOW_CTX_TASK_ID=run_cat
AIRFLOW_CTX_EXECUTION_DATE=2022-04-30T12:57:31.335659+00:00
AIRFLOW_CTX_DAG_RUN_ID=manual__2022-04-30T12:57:31.335659+00:00
[2022-04-30 12:57:33,918] {python.py:175} INFO - Done. Returned value was: None
[2022-04-30 12:57:33,939] {taskinstance.py:1277} INFO - Marking task as SUCCESS. dag_id=cdn_daily, task_id=run_cat, execution_date=20220430T125731, start_date=20220430T125733, end_date=20220430T125733
[2022-04-30 12:57:34,011] {local_task_job.py:154} INFO - Task exited with return code 0
[2022-04-30 12:57:34,086] {local_task_job.py:264} INFO - 1 downstream tasks scheduled from follow-on schedule check
