[2022-04-29 15:23:20,245] {taskinstance.py:1032} INFO - Dependencies all met for <TaskInstance: cdn_daily.import_pre.run_pre manual__2022-04-29T15:23:19.038785+00:00 [queued]>
[2022-04-29 15:23:20,267] {taskinstance.py:1032} INFO - Dependencies all met for <TaskInstance: cdn_daily.import_pre.run_pre manual__2022-04-29T15:23:19.038785+00:00 [queued]>
[2022-04-29 15:23:20,268] {taskinstance.py:1238} INFO - 
--------------------------------------------------------------------------------
[2022-04-29 15:23:20,270] {taskinstance.py:1239} INFO - Starting attempt 1 of 2
[2022-04-29 15:23:20,272] {taskinstance.py:1240} INFO - 
--------------------------------------------------------------------------------
[2022-04-29 15:23:20,294] {taskinstance.py:1259} INFO - Executing <Task(PythonOperator): import_pre.run_pre> on 2022-04-29 15:23:19.038785+00:00
[2022-04-29 15:23:20,303] {standard_task_runner.py:52} INFO - Started process 3262 to run task
[2022-04-29 15:23:20,311] {standard_task_runner.py:76} INFO - Running: ['***', 'tasks', 'run', 'cdn_daily', 'import_pre.run_pre', 'manual__2022-04-29T15:23:19.038785+00:00', '--job-id', '1627', '--raw', '--subdir', 'DAGS_FOLDER/cdn_daily.py', '--cfg-path', '/tmp/tmppkki3bd8', '--error-file', '/tmp/tmpgiaj9n9n']
[2022-04-29 15:23:20,313] {standard_task_runner.py:77} INFO - Job 1627: Subtask import_pre.run_pre
[2022-04-29 15:23:20,424] {logging_mixin.py:109} INFO - Running <TaskInstance: cdn_daily.import_pre.run_pre manual__2022-04-29T15:23:19.038785+00:00 [running]> on host d5ad096ffea5
[2022-04-29 15:23:20,537] {taskinstance.py:1426} INFO - Exporting the following env vars:
AIRFLOW_CTX_DAG_EMAIL=***@example.com
AIRFLOW_CTX_DAG_OWNER=***
AIRFLOW_CTX_DAG_ID=cdn_daily
AIRFLOW_CTX_TASK_ID=import_pre.run_pre
AIRFLOW_CTX_EXECUTION_DATE=2022-04-29T15:23:19.038785+00:00
AIRFLOW_CTX_DAG_RUN_ID=manual__2022-04-29T15:23:19.038785+00:00
[2022-04-29 15:23:20,583] {python.py:175} INFO - Done. Returned value was: None
[2022-04-29 15:23:20,617] {taskinstance.py:1277} INFO - Marking task as SUCCESS. dag_id=cdn_daily, task_id=import_pre.run_pre, execution_date=20220429T152319, start_date=20220429T152320, end_date=20220429T152320
[2022-04-29 15:23:20,692] {local_task_job.py:154} INFO - Task exited with return code 0
[2022-04-29 15:23:20,787] {local_task_job.py:264} INFO - 1 downstream tasks scheduled from follow-on schedule check
