[2022-02-21 18:30:47,159] {taskinstance.py:1032} INFO - Dependencies all met for <TaskInstance: tutorial.bsre.bsre_get_data scheduled__2022-02-20T17:28:01.321646+00:00 [queued]>
[2022-02-21 18:30:47,183] {taskinstance.py:1032} INFO - Dependencies all met for <TaskInstance: tutorial.bsre.bsre_get_data scheduled__2022-02-20T17:28:01.321646+00:00 [queued]>
[2022-02-21 18:30:47,185] {taskinstance.py:1238} INFO - 
--------------------------------------------------------------------------------
[2022-02-21 18:30:47,186] {taskinstance.py:1239} INFO - Starting attempt 1 of 2
[2022-02-21 18:30:47,188] {taskinstance.py:1240} INFO - 
--------------------------------------------------------------------------------
[2022-02-21 18:30:47,210] {taskinstance.py:1259} INFO - Executing <Task(PythonOperator): bsre.bsre_get_data> on 2022-02-20 17:28:01.321646+00:00
[2022-02-21 18:30:47,217] {standard_task_runner.py:52} INFO - Started process 83 to run task
[2022-02-21 18:30:47,225] {standard_task_runner.py:76} INFO - Running: ['***', 'tasks', 'run', 'tutorial', 'bsre.bsre_get_data', 'scheduled__2022-02-20T17:28:01.321646+00:00', '--job-id', '67', '--raw', '--subdir', 'DAGS_FOLDER/test_dag.py', '--cfg-path', '/tmp/tmpb5m2toj0', '--error-file', '/tmp/tmp3_e91eez']
[2022-02-21 18:30:47,227] {standard_task_runner.py:77} INFO - Job 67: Subtask bsre.bsre_get_data
[2022-02-21 18:30:47,353] {logging_mixin.py:109} INFO - Running <TaskInstance: tutorial.bsre.bsre_get_data scheduled__2022-02-20T17:28:01.321646+00:00 [running]> on host ff48034dfdbf
[2022-02-21 18:30:47,475] {taskinstance.py:1426} INFO - Exporting the following env vars:
AIRFLOW_CTX_DAG_EMAIL=***@example.com
AIRFLOW_CTX_DAG_OWNER=***
AIRFLOW_CTX_DAG_ID=tutorial
AIRFLOW_CTX_TASK_ID=bsre.bsre_get_data
AIRFLOW_CTX_EXECUTION_DATE=2022-02-20T17:28:01.321646+00:00
AIRFLOW_CTX_DAG_RUN_ID=scheduled__2022-02-20T17:28:01.321646+00:00
[2022-02-21 18:31:47,490] {python.py:175} INFO - Done. Returned value was: None
[2022-02-21 18:31:47,529] {taskinstance.py:1277} INFO - Marking task as SUCCESS. dag_id=tutorial, task_id=bsre.bsre_get_data, execution_date=20220220T172801, start_date=20220221T183047, end_date=20220221T183147
[2022-02-21 18:31:47,566] {local_task_job.py:154} INFO - Task exited with return code 0
[2022-02-21 18:31:47,614] {local_task_job.py:264} INFO - 1 downstream tasks scheduled from follow-on schedule check
