[2022-04-26 13:58:25,976] {taskinstance.py:1032} INFO - Dependencies all met for <TaskInstance: tutorial.eaeaz.eaeaz_print_proccesed_data scheduled__2022-04-23T14:25:49.377068+00:00 [queued]>
[2022-04-26 13:58:26,007] {taskinstance.py:1032} INFO - Dependencies all met for <TaskInstance: tutorial.eaeaz.eaeaz_print_proccesed_data scheduled__2022-04-23T14:25:49.377068+00:00 [queued]>
[2022-04-26 13:58:26,009] {taskinstance.py:1238} INFO - 
--------------------------------------------------------------------------------
[2022-04-26 13:58:26,010] {taskinstance.py:1239} INFO - Starting attempt 1 of 2
[2022-04-26 13:58:26,012] {taskinstance.py:1240} INFO - 
--------------------------------------------------------------------------------
[2022-04-26 13:58:26,039] {taskinstance.py:1259} INFO - Executing <Task(PythonOperator): eaeaz.eaeaz_print_proccesed_data> on 2022-04-23 14:25:49.377068+00:00
[2022-04-26 13:58:26,047] {standard_task_runner.py:52} INFO - Started process 369 to run task
[2022-04-26 13:58:26,056] {standard_task_runner.py:76} INFO - Running: ['***', 'tasks', 'run', 'tutorial', 'eaeaz.eaeaz_print_proccesed_data', 'scheduled__2022-04-23T14:25:49.377068+00:00', '--job-id', '1289', '--raw', '--subdir', 'DAGS_FOLDER/test_dag.py', '--cfg-path', '/tmp/tmpwq5d2ln9', '--error-file', '/tmp/tmpxnnbyjvx']
[2022-04-26 13:58:26,058] {standard_task_runner.py:77} INFO - Job 1289: Subtask eaeaz.eaeaz_print_proccesed_data
[2022-04-26 13:58:26,324] {logging_mixin.py:109} INFO - Running <TaskInstance: tutorial.eaeaz.eaeaz_print_proccesed_data scheduled__2022-04-23T14:25:49.377068+00:00 [running]> on host ff48034dfdbf
[2022-04-26 13:58:26,639] {taskinstance.py:1426} INFO - Exporting the following env vars:
AIRFLOW_CTX_DAG_EMAIL=***@example.com
AIRFLOW_CTX_DAG_OWNER=***
AIRFLOW_CTX_DAG_ID=tutorial
AIRFLOW_CTX_TASK_ID=eaeaz.eaeaz_print_proccesed_data
AIRFLOW_CTX_EXECUTION_DATE=2022-04-23T14:25:49.377068+00:00
AIRFLOW_CTX_DAG_RUN_ID=scheduled__2022-04-23T14:25:49.377068+00:00
[2022-04-26 13:59:26,660] {python.py:175} INFO - Done. Returned value was: None
[2022-04-26 13:59:26,676] {taskinstance.py:1277} INFO - Marking task as SUCCESS. dag_id=tutorial, task_id=eaeaz.eaeaz_print_proccesed_data, execution_date=20220423T142549, start_date=20220426T135825, end_date=20220426T135926
[2022-04-26 13:59:26,704] {local_task_job.py:154} INFO - Task exited with return code 0
[2022-04-26 13:59:26,741] {local_task_job.py:264} INFO - 0 downstream tasks scheduled from follow-on schedule check
