[2022-03-28 12:51:23,469] {taskinstance.py:1032} INFO - Dependencies all met for <TaskInstance: tutorial.eaeaz.eaeaz_proccess_data scheduled__2022-03-27T12:47:50.362235+00:00 [queued]>
[2022-03-28 12:51:23,502] {taskinstance.py:1032} INFO - Dependencies all met for <TaskInstance: tutorial.eaeaz.eaeaz_proccess_data scheduled__2022-03-27T12:47:50.362235+00:00 [queued]>
[2022-03-28 12:51:23,505] {taskinstance.py:1238} INFO - 
--------------------------------------------------------------------------------
[2022-03-28 12:51:23,507] {taskinstance.py:1239} INFO - Starting attempt 1 of 2
[2022-03-28 12:51:23,508] {taskinstance.py:1240} INFO - 
--------------------------------------------------------------------------------
[2022-03-28 12:51:23,548] {taskinstance.py:1259} INFO - Executing <Task(PythonOperator): eaeaz.eaeaz_proccess_data> on 2022-03-27 12:47:50.362235+00:00
[2022-03-28 12:51:23,564] {standard_task_runner.py:52} INFO - Started process 265 to run task
[2022-03-28 12:51:23,572] {standard_task_runner.py:76} INFO - Running: ['***', 'tasks', 'run', 'tutorial', 'eaeaz.eaeaz_proccess_data', 'scheduled__2022-03-27T12:47:50.362235+00:00', '--job-id', '983', '--raw', '--subdir', 'DAGS_FOLDER/test_dag.py', '--cfg-path', '/tmp/tmpv08rkdmw', '--error-file', '/tmp/tmp3320f423']
[2022-03-28 12:51:23,574] {standard_task_runner.py:77} INFO - Job 983: Subtask eaeaz.eaeaz_proccess_data
[2022-03-28 12:51:23,689] {logging_mixin.py:109} INFO - Running <TaskInstance: tutorial.eaeaz.eaeaz_proccess_data scheduled__2022-03-27T12:47:50.362235+00:00 [running]> on host ff48034dfdbf
[2022-03-28 12:51:23,774] {taskinstance.py:1426} INFO - Exporting the following env vars:
AIRFLOW_CTX_DAG_EMAIL=***@example.com
AIRFLOW_CTX_DAG_OWNER=***
AIRFLOW_CTX_DAG_ID=tutorial
AIRFLOW_CTX_TASK_ID=eaeaz.eaeaz_proccess_data
AIRFLOW_CTX_EXECUTION_DATE=2022-03-27T12:47:50.362235+00:00
AIRFLOW_CTX_DAG_RUN_ID=scheduled__2022-03-27T12:47:50.362235+00:00
[2022-03-28 12:52:23,795] {python.py:175} INFO - Done. Returned value was: None
[2022-03-28 12:52:23,915] {taskinstance.py:1277} INFO - Marking task as SUCCESS. dag_id=tutorial, task_id=eaeaz.eaeaz_proccess_data, execution_date=20220327T124750, start_date=20220328T125123, end_date=20220328T125223
[2022-03-28 12:52:24,001] {local_task_job.py:154} INFO - Task exited with return code 0
[2022-03-28 12:52:24,401] {local_task_job.py:264} INFO - 1 downstream tasks scheduled from follow-on schedule check
