[2022-03-14 11:52:00,805] {taskinstance.py:1032} INFO - Dependencies all met for <TaskInstance: tutorial.eaeaz.eaeaz_get_data scheduled__2022-03-08T18:13:06.710203+00:00 [queued]>
[2022-03-14 11:52:00,849] {taskinstance.py:1032} INFO - Dependencies all met for <TaskInstance: tutorial.eaeaz.eaeaz_get_data scheduled__2022-03-08T18:13:06.710203+00:00 [queued]>
[2022-03-14 11:52:00,851] {taskinstance.py:1238} INFO - 
--------------------------------------------------------------------------------
[2022-03-14 11:52:00,852] {taskinstance.py:1239} INFO - Starting attempt 1 of 2
[2022-03-14 11:52:00,855] {taskinstance.py:1240} INFO - 
--------------------------------------------------------------------------------
[2022-03-14 11:52:00,894] {taskinstance.py:1259} INFO - Executing <Task(PythonOperator): eaeaz.eaeaz_get_data> on 2022-03-08 18:13:06.710203+00:00
[2022-03-14 11:52:00,905] {standard_task_runner.py:52} INFO - Started process 84 to run task
[2022-03-14 11:52:00,914] {standard_task_runner.py:76} INFO - Running: ['***', 'tasks', 'run', 'tutorial', 'eaeaz.eaeaz_get_data', 'scheduled__2022-03-08T18:13:06.710203+00:00', '--job-id', '676', '--raw', '--subdir', 'DAGS_FOLDER/test_dag.py', '--cfg-path', '/tmp/tmp0bss6o5q', '--error-file', '/tmp/tmp024ngt9n']
[2022-03-14 11:52:00,918] {standard_task_runner.py:77} INFO - Job 676: Subtask eaeaz.eaeaz_get_data
[2022-03-14 11:52:01,118] {logging_mixin.py:109} INFO - Running <TaskInstance: tutorial.eaeaz.eaeaz_get_data scheduled__2022-03-08T18:13:06.710203+00:00 [running]> on host ff48034dfdbf
[2022-03-14 11:52:01,360] {taskinstance.py:1426} INFO - Exporting the following env vars:
AIRFLOW_CTX_DAG_EMAIL=***@example.com
AIRFLOW_CTX_DAG_OWNER=***
AIRFLOW_CTX_DAG_ID=tutorial
AIRFLOW_CTX_TASK_ID=eaeaz.eaeaz_get_data
AIRFLOW_CTX_EXECUTION_DATE=2022-03-08T18:13:06.710203+00:00
AIRFLOW_CTX_DAG_RUN_ID=scheduled__2022-03-08T18:13:06.710203+00:00
[2022-03-14 11:53:01,378] {python.py:175} INFO - Done. Returned value was: None
[2022-03-14 11:53:01,403] {taskinstance.py:1277} INFO - Marking task as SUCCESS. dag_id=tutorial, task_id=eaeaz.eaeaz_get_data, execution_date=20220308T181306, start_date=20220314T115200, end_date=20220314T115301
[2022-03-14 11:53:01,474] {local_task_job.py:154} INFO - Task exited with return code 0
[2022-03-14 11:53:01,528] {local_task_job.py:264} INFO - 1 downstream tasks scheduled from follow-on schedule check
