[2022-02-21 18:32:51,031] {taskinstance.py:1032} INFO - Dependencies all met for <TaskInstance: tutorial.eaeaz.eaeaz_print_proccesed_data scheduled__2022-02-20T17:28:01.321646+00:00 [queued]>
[2022-02-21 18:32:51,078] {taskinstance.py:1032} INFO - Dependencies all met for <TaskInstance: tutorial.eaeaz.eaeaz_print_proccesed_data scheduled__2022-02-20T17:28:01.321646+00:00 [queued]>
[2022-02-21 18:32:51,079] {taskinstance.py:1238} INFO - 
--------------------------------------------------------------------------------
[2022-02-21 18:32:51,080] {taskinstance.py:1239} INFO - Starting attempt 1 of 2
[2022-02-21 18:32:51,081] {taskinstance.py:1240} INFO - 
--------------------------------------------------------------------------------
[2022-02-21 18:32:51,128] {taskinstance.py:1259} INFO - Executing <Task(PythonOperator): eaeaz.eaeaz_print_proccesed_data> on 2022-02-20 17:28:01.321646+00:00
[2022-02-21 18:32:51,135] {standard_task_runner.py:52} INFO - Started process 210 to run task
[2022-02-21 18:32:51,143] {standard_task_runner.py:76} INFO - Running: ['***', 'tasks', 'run', 'tutorial', 'eaeaz.eaeaz_print_proccesed_data', 'scheduled__2022-02-20T17:28:01.321646+00:00', '--job-id', '91', '--raw', '--subdir', 'DAGS_FOLDER/test_dag.py', '--cfg-path', '/tmp/tmpos7brd94', '--error-file', '/tmp/tmpyviu3v2_']
[2022-02-21 18:32:51,145] {standard_task_runner.py:77} INFO - Job 91: Subtask eaeaz.eaeaz_print_proccesed_data
[2022-02-21 18:32:51,249] {logging_mixin.py:109} INFO - Running <TaskInstance: tutorial.eaeaz.eaeaz_print_proccesed_data scheduled__2022-02-20T17:28:01.321646+00:00 [running]> on host ff48034dfdbf
[2022-02-21 18:32:51,331] {taskinstance.py:1426} INFO - Exporting the following env vars:
AIRFLOW_CTX_DAG_EMAIL=***@example.com
AIRFLOW_CTX_DAG_OWNER=***
AIRFLOW_CTX_DAG_ID=tutorial
AIRFLOW_CTX_TASK_ID=eaeaz.eaeaz_print_proccesed_data
AIRFLOW_CTX_EXECUTION_DATE=2022-02-20T17:28:01.321646+00:00
AIRFLOW_CTX_DAG_RUN_ID=scheduled__2022-02-20T17:28:01.321646+00:00
[2022-02-21 18:33:51,349] {python.py:175} INFO - Done. Returned value was: None
[2022-02-21 18:33:51,454] {taskinstance.py:1277} INFO - Marking task as SUCCESS. dag_id=tutorial, task_id=eaeaz.eaeaz_print_proccesed_data, execution_date=20220220T172801, start_date=20220221T183251, end_date=20220221T183351
[2022-02-21 18:33:51,540] {local_task_job.py:154} INFO - Task exited with return code 0
[2022-02-21 18:33:51,636] {local_task_job.py:264} INFO - 0 downstream tasks scheduled from follow-on schedule check
