[2022-02-23 21:47:08,501] {taskinstance.py:1032} INFO - Dependencies all met for <TaskInstance: tutorial.eaeaz.eaeaz_print_proccesed_data scheduled__2022-02-22T21:44:04.027723+00:00 [queued]>
[2022-02-23 21:47:08,529] {taskinstance.py:1032} INFO - Dependencies all met for <TaskInstance: tutorial.eaeaz.eaeaz_print_proccesed_data scheduled__2022-02-22T21:44:04.027723+00:00 [queued]>
[2022-02-23 21:47:08,531] {taskinstance.py:1238} INFO - 
--------------------------------------------------------------------------------
[2022-02-23 21:47:08,532] {taskinstance.py:1239} INFO - Starting attempt 1 of 2
[2022-02-23 21:47:08,533] {taskinstance.py:1240} INFO - 
--------------------------------------------------------------------------------
[2022-02-23 21:47:08,555] {taskinstance.py:1259} INFO - Executing <Task(PythonOperator): eaeaz.eaeaz_print_proccesed_data> on 2022-02-22 21:44:04.027723+00:00
[2022-02-23 21:47:08,564] {standard_task_runner.py:52} INFO - Started process 656 to run task
[2022-02-23 21:47:08,570] {standard_task_runner.py:76} INFO - Running: ['***', 'tasks', 'run', 'tutorial', 'eaeaz.eaeaz_print_proccesed_data', 'scheduled__2022-02-22T21:44:04.027723+00:00', '--job-id', '200', '--raw', '--subdir', 'DAGS_FOLDER/test_dag.py', '--cfg-path', '/tmp/tmpuynb6963', '--error-file', '/tmp/tmpfd9jzf8j']
[2022-02-23 21:47:08,572] {standard_task_runner.py:77} INFO - Job 200: Subtask eaeaz.eaeaz_print_proccesed_data
[2022-02-23 21:47:08,691] {logging_mixin.py:109} INFO - Running <TaskInstance: tutorial.eaeaz.eaeaz_print_proccesed_data scheduled__2022-02-22T21:44:04.027723+00:00 [running]> on host ff48034dfdbf
[2022-02-23 21:47:08,770] {taskinstance.py:1426} INFO - Exporting the following env vars:
AIRFLOW_CTX_DAG_EMAIL=***@example.com
AIRFLOW_CTX_DAG_OWNER=***
AIRFLOW_CTX_DAG_ID=tutorial
AIRFLOW_CTX_TASK_ID=eaeaz.eaeaz_print_proccesed_data
AIRFLOW_CTX_EXECUTION_DATE=2022-02-22T21:44:04.027723+00:00
AIRFLOW_CTX_DAG_RUN_ID=scheduled__2022-02-22T21:44:04.027723+00:00
[2022-02-23 21:48:08,789] {python.py:175} INFO - Done. Returned value was: None
[2022-02-23 21:48:09,001] {taskinstance.py:1277} INFO - Marking task as SUCCESS. dag_id=tutorial, task_id=eaeaz.eaeaz_print_proccesed_data, execution_date=20220222T214404, start_date=20220223T214708, end_date=20220223T214809
[2022-02-23 21:48:09,063] {local_task_job.py:154} INFO - Task exited with return code 0
[2022-02-23 21:48:09,122] {local_task_job.py:264} INFO - 0 downstream tasks scheduled from follow-on schedule check
