[2022-04-28 15:47:29,710] {taskinstance.py:1032} INFO - Dependencies all met for <TaskInstance: cdn_daily.import_bsre.check_presence_of_bsre2 manual__2022-04-28T15:47:28.616895+00:00 [queued]>
[2022-04-28 15:47:29,743] {taskinstance.py:1032} INFO - Dependencies all met for <TaskInstance: cdn_daily.import_bsre.check_presence_of_bsre2 manual__2022-04-28T15:47:28.616895+00:00 [queued]>
[2022-04-28 15:47:29,745] {taskinstance.py:1238} INFO - 
--------------------------------------------------------------------------------
[2022-04-28 15:47:29,746] {taskinstance.py:1239} INFO - Starting attempt 1 of 2
[2022-04-28 15:47:29,747] {taskinstance.py:1240} INFO - 
--------------------------------------------------------------------------------
[2022-04-28 15:47:29,770] {taskinstance.py:1259} INFO - Executing <Task(PythonOperator): import_bsre.check_presence_of_bsre2> on 2022-04-28 15:47:28.616895+00:00
[2022-04-28 15:47:29,777] {standard_task_runner.py:52} INFO - Started process 2291 to run task
[2022-04-28 15:47:29,785] {standard_task_runner.py:76} INFO - Running: ['***', 'tasks', 'run', 'cdn_daily', 'import_bsre.check_presence_of_bsre2', 'manual__2022-04-28T15:47:28.616895+00:00', '--job-id', '1505', '--raw', '--subdir', 'DAGS_FOLDER/cdn_daily.py', '--cfg-path', '/tmp/tmpdw6j_hfx', '--error-file', '/tmp/tmpzytieakg']
[2022-04-28 15:47:29,788] {standard_task_runner.py:77} INFO - Job 1505: Subtask import_bsre.check_presence_of_bsre2
[2022-04-28 15:47:29,925] {logging_mixin.py:109} INFO - Running <TaskInstance: cdn_daily.import_bsre.check_presence_of_bsre2 manual__2022-04-28T15:47:28.616895+00:00 [running]> on host d5ad096ffea5
[2022-04-28 15:47:30,052] {taskinstance.py:1426} INFO - Exporting the following env vars:
AIRFLOW_CTX_DAG_EMAIL=***@example.com
AIRFLOW_CTX_DAG_OWNER=***
AIRFLOW_CTX_DAG_ID=cdn_daily
AIRFLOW_CTX_TASK_ID=import_bsre.check_presence_of_bsre2
AIRFLOW_CTX_EXECUTION_DATE=2022-04-28T15:47:28.616895+00:00
AIRFLOW_CTX_DAG_RUN_ID=manual__2022-04-28T15:47:28.616895+00:00
[2022-04-28 15:47:30,101] {python.py:175} INFO - Done. Returned value was: None
[2022-04-28 15:47:30,128] {taskinstance.py:1277} INFO - Marking task as SUCCESS. dag_id=cdn_daily, task_id=import_bsre.check_presence_of_bsre2, execution_date=20220428T154728, start_date=20220428T154729, end_date=20220428T154730
[2022-04-28 15:47:30,169] {local_task_job.py:154} INFO - Task exited with return code 0
[2022-04-28 15:47:30,260] {local_task_job.py:264} INFO - 0 downstream tasks scheduled from follow-on schedule check
