[2022-04-23 14:28:55,887] {taskinstance.py:1032} INFO - Dependencies all met for <TaskInstance: tutorial.fsqfqf.fsqfqf_proccess_data scheduled__2022-04-22T14:25:49.377068+00:00 [queued]>
[2022-04-23 14:28:55,921] {taskinstance.py:1032} INFO - Dependencies all met for <TaskInstance: tutorial.fsqfqf.fsqfqf_proccess_data scheduled__2022-04-22T14:25:49.377068+00:00 [queued]>
[2022-04-23 14:28:55,928] {taskinstance.py:1238} INFO - 
--------------------------------------------------------------------------------
[2022-04-23 14:28:55,930] {taskinstance.py:1239} INFO - Starting attempt 1 of 2
[2022-04-23 14:28:55,933] {taskinstance.py:1240} INFO - 
--------------------------------------------------------------------------------
[2022-04-23 14:28:55,963] {taskinstance.py:1259} INFO - Executing <Task(PythonOperator): fsqfqf.fsqfqf_proccess_data> on 2022-04-22 14:25:49.377068+00:00
[2022-04-23 14:28:55,978] {standard_task_runner.py:52} INFO - Started process 776 to run task
[2022-04-23 14:28:55,988] {standard_task_runner.py:76} INFO - Running: ['***', 'tasks', 'run', 'tutorial', 'fsqfqf.fsqfqf_proccess_data', 'scheduled__2022-04-22T14:25:49.377068+00:00', '--job-id', '1217', '--raw', '--subdir', 'DAGS_FOLDER/test_dag.py', '--cfg-path', '/tmp/tmpstv49zdr', '--error-file', '/tmp/tmp8940d562']
[2022-04-23 14:28:55,991] {standard_task_runner.py:77} INFO - Job 1217: Subtask fsqfqf.fsqfqf_proccess_data
[2022-04-23 14:28:56,239] {logging_mixin.py:109} INFO - Running <TaskInstance: tutorial.fsqfqf.fsqfqf_proccess_data scheduled__2022-04-22T14:25:49.377068+00:00 [running]> on host ff48034dfdbf
[2022-04-23 14:28:56,393] {taskinstance.py:1426} INFO - Exporting the following env vars:
AIRFLOW_CTX_DAG_EMAIL=***@example.com
AIRFLOW_CTX_DAG_OWNER=***
AIRFLOW_CTX_DAG_ID=tutorial
AIRFLOW_CTX_TASK_ID=fsqfqf.fsqfqf_proccess_data
AIRFLOW_CTX_EXECUTION_DATE=2022-04-22T14:25:49.377068+00:00
AIRFLOW_CTX_DAG_RUN_ID=scheduled__2022-04-22T14:25:49.377068+00:00
[2022-04-23 14:29:56,394] {python.py:175} INFO - Done. Returned value was: None
[2022-04-23 14:29:56,457] {taskinstance.py:1277} INFO - Marking task as SUCCESS. dag_id=tutorial, task_id=fsqfqf.fsqfqf_proccess_data, execution_date=20220422T142549, start_date=20220423T142855, end_date=20220423T142956
[2022-04-23 14:29:56,520] {local_task_job.py:154} INFO - Task exited with return code 0
[2022-04-23 14:29:56,592] {local_task_job.py:264} INFO - 1 downstream tasks scheduled from follow-on schedule check
