[2022-03-28 12:52:25,029] {taskinstance.py:1032} INFO - Dependencies all met for <TaskInstance: tutorial.cat.cat_proccess_data scheduled__2022-03-27T12:47:50.362235+00:00 [queued]>
[2022-03-28 12:52:25,066] {taskinstance.py:1032} INFO - Dependencies all met for <TaskInstance: tutorial.cat.cat_proccess_data scheduled__2022-03-27T12:47:50.362235+00:00 [queued]>
[2022-03-28 12:52:25,071] {taskinstance.py:1238} INFO - 
--------------------------------------------------------------------------------
[2022-03-28 12:52:25,079] {taskinstance.py:1239} INFO - Starting attempt 1 of 2
[2022-03-28 12:52:25,083] {taskinstance.py:1240} INFO - 
--------------------------------------------------------------------------------
[2022-03-28 12:52:25,119] {taskinstance.py:1259} INFO - Executing <Task(PythonOperator): cat.cat_proccess_data> on 2022-03-27 12:47:50.362235+00:00
[2022-03-28 12:52:25,165] {standard_task_runner.py:52} INFO - Started process 321 to run task
[2022-03-28 12:52:25,180] {standard_task_runner.py:76} INFO - Running: ['***', 'tasks', 'run', 'tutorial', 'cat.cat_proccess_data', 'scheduled__2022-03-27T12:47:50.362235+00:00', '--job-id', '992', '--raw', '--subdir', 'DAGS_FOLDER/test_dag.py', '--cfg-path', '/tmp/tmpbhlbaqgb', '--error-file', '/tmp/tmpc9jtjncf']
[2022-03-28 12:52:25,186] {standard_task_runner.py:77} INFO - Job 992: Subtask cat.cat_proccess_data
[2022-03-28 12:52:25,377] {logging_mixin.py:109} INFO - Running <TaskInstance: tutorial.cat.cat_proccess_data scheduled__2022-03-27T12:47:50.362235+00:00 [running]> on host ff48034dfdbf
[2022-03-28 12:52:25,618] {taskinstance.py:1426} INFO - Exporting the following env vars:
AIRFLOW_CTX_DAG_EMAIL=***@example.com
AIRFLOW_CTX_DAG_OWNER=***
AIRFLOW_CTX_DAG_ID=tutorial
AIRFLOW_CTX_TASK_ID=cat.cat_proccess_data
AIRFLOW_CTX_EXECUTION_DATE=2022-03-27T12:47:50.362235+00:00
AIRFLOW_CTX_DAG_RUN_ID=scheduled__2022-03-27T12:47:50.362235+00:00
[2022-03-28 12:53:25,634] {python.py:175} INFO - Done. Returned value was: None
[2022-03-28 12:53:25,704] {taskinstance.py:1277} INFO - Marking task as SUCCESS. dag_id=tutorial, task_id=cat.cat_proccess_data, execution_date=20220327T124750, start_date=20220328T125225, end_date=20220328T125325
[2022-03-28 12:53:25,748] {local_task_job.py:154} INFO - Task exited with return code 0
[2022-03-28 12:53:25,805] {local_task_job.py:264} INFO - 1 downstream tasks scheduled from follow-on schedule check
