[2022-02-24 21:45:09,061] {taskinstance.py:1032} INFO - Dependencies all met for <TaskInstance: tutorial.gdgfg.gdgfg_proccess_data scheduled__2022-02-23T21:44:04.431894+00:00 [queued]>
[2022-02-24 21:45:09,088] {taskinstance.py:1032} INFO - Dependencies all met for <TaskInstance: tutorial.gdgfg.gdgfg_proccess_data scheduled__2022-02-23T21:44:04.431894+00:00 [queued]>
[2022-02-24 21:45:09,090] {taskinstance.py:1238} INFO - 
--------------------------------------------------------------------------------
[2022-02-24 21:45:09,092] {taskinstance.py:1239} INFO - Starting attempt 1 of 2
[2022-02-24 21:45:09,093] {taskinstance.py:1240} INFO - 
--------------------------------------------------------------------------------
[2022-02-24 21:45:09,116] {taskinstance.py:1259} INFO - Executing <Task(PythonOperator): gdgfg.gdgfg_proccess_data> on 2022-02-23 21:44:04.431894+00:00
[2022-02-24 21:45:09,127] {standard_task_runner.py:52} INFO - Started process 7817 to run task
[2022-02-24 21:45:09,135] {standard_task_runner.py:76} INFO - Running: ['***', 'tasks', 'run', 'tutorial', 'gdgfg.gdgfg_proccess_data', 'scheduled__2022-02-23T21:44:04.431894+00:00', '--job-id', '231', '--raw', '--subdir', 'DAGS_FOLDER/test_dag.py', '--cfg-path', '/tmp/tmppi8a5z1n', '--error-file', '/tmp/tmpbc0aaqad']
[2022-02-24 21:45:09,137] {standard_task_runner.py:77} INFO - Job 231: Subtask gdgfg.gdgfg_proccess_data
[2022-02-24 21:45:09,231] {logging_mixin.py:109} INFO - Running <TaskInstance: tutorial.gdgfg.gdgfg_proccess_data scheduled__2022-02-23T21:44:04.431894+00:00 [running]> on host ff48034dfdbf
[2022-02-24 21:45:09,307] {taskinstance.py:1426} INFO - Exporting the following env vars:
AIRFLOW_CTX_DAG_EMAIL=***@example.com
AIRFLOW_CTX_DAG_OWNER=***
AIRFLOW_CTX_DAG_ID=tutorial
AIRFLOW_CTX_TASK_ID=gdgfg.gdgfg_proccess_data
AIRFLOW_CTX_EXECUTION_DATE=2022-02-23T21:44:04.431894+00:00
AIRFLOW_CTX_DAG_RUN_ID=scheduled__2022-02-23T21:44:04.431894+00:00
[2022-02-24 21:46:09,292] {python.py:175} INFO - Done. Returned value was: None
[2022-02-24 21:46:09,629] {taskinstance.py:1277} INFO - Marking task as SUCCESS. dag_id=tutorial, task_id=gdgfg.gdgfg_proccess_data, execution_date=20220223T214404, start_date=20220224T214509, end_date=20220224T214609
[2022-02-24 21:46:09,762] {local_task_job.py:154} INFO - Task exited with return code 0
[2022-02-24 21:46:10,023] {local_task_job.py:264} INFO - 0 downstream tasks scheduled from follow-on schedule check
