[2022-03-05 10:23:44,111] {taskinstance.py:1032} INFO - Dependencies all met for <TaskInstance: tutorial.xsxsxqc.xsxsxqc_get_data scheduled__2022-03-02T21:51:17.549420+00:00 [queued]>
[2022-03-05 10:23:44,136] {taskinstance.py:1032} INFO - Dependencies all met for <TaskInstance: tutorial.xsxsxqc.xsxsxqc_get_data scheduled__2022-03-02T21:51:17.549420+00:00 [queued]>
[2022-03-05 10:23:44,138] {taskinstance.py:1238} INFO - 
--------------------------------------------------------------------------------
[2022-03-05 10:23:44,139] {taskinstance.py:1239} INFO - Starting attempt 1 of 2
[2022-03-05 10:23:44,140] {taskinstance.py:1240} INFO - 
--------------------------------------------------------------------------------
[2022-03-05 10:23:44,163] {taskinstance.py:1259} INFO - Executing <Task(PythonOperator): xsxsxqc.xsxsxqc_get_data> on 2022-03-02 21:51:17.549420+00:00
[2022-03-05 10:23:44,170] {standard_task_runner.py:52} INFO - Started process 84 to run task
[2022-03-05 10:23:44,175] {standard_task_runner.py:76} INFO - Running: ['***', 'tasks', 'run', 'tutorial', 'xsxsxqc.xsxsxqc_get_data', 'scheduled__2022-03-02T21:51:17.549420+00:00', '--job-id', '481', '--raw', '--subdir', 'DAGS_FOLDER/test_dag.py', '--cfg-path', '/tmp/tmpc_6yrq29', '--error-file', '/tmp/tmp5vmtyvh0']
[2022-03-05 10:23:44,177] {standard_task_runner.py:77} INFO - Job 481: Subtask xsxsxqc.xsxsxqc_get_data
[2022-03-05 10:23:44,353] {logging_mixin.py:109} INFO - Running <TaskInstance: tutorial.xsxsxqc.xsxsxqc_get_data scheduled__2022-03-02T21:51:17.549420+00:00 [running]> on host ff48034dfdbf
[2022-03-05 10:23:44,492] {taskinstance.py:1426} INFO - Exporting the following env vars:
AIRFLOW_CTX_DAG_EMAIL=***@example.com
AIRFLOW_CTX_DAG_OWNER=***
AIRFLOW_CTX_DAG_ID=tutorial
AIRFLOW_CTX_TASK_ID=xsxsxqc.xsxsxqc_get_data
AIRFLOW_CTX_EXECUTION_DATE=2022-03-02T21:51:17.549420+00:00
AIRFLOW_CTX_DAG_RUN_ID=scheduled__2022-03-02T21:51:17.549420+00:00
[2022-03-05 10:24:44,511] {python.py:175} INFO - Done. Returned value was: None
[2022-03-05 10:24:44,531] {taskinstance.py:1277} INFO - Marking task as SUCCESS. dag_id=tutorial, task_id=xsxsxqc.xsxsxqc_get_data, execution_date=20220302T215117, start_date=20220305T102344, end_date=20220305T102444
[2022-03-05 10:24:44,586] {local_task_job.py:154} INFO - Task exited with return code 0
[2022-03-05 10:24:44,640] {local_task_job.py:264} INFO - 1 downstream tasks scheduled from follow-on schedule check
