[2022-03-14 11:52:01,607] {taskinstance.py:1032} INFO - Dependencies all met for <TaskInstance: tutorial.pre.pre_get_data scheduled__2022-03-07T10:29:52.784989+00:00 [queued]>
[2022-03-14 11:52:01,643] {taskinstance.py:1032} INFO - Dependencies all met for <TaskInstance: tutorial.pre.pre_get_data scheduled__2022-03-07T10:29:52.784989+00:00 [queued]>
[2022-03-14 11:52:01,645] {taskinstance.py:1238} INFO - 
--------------------------------------------------------------------------------
[2022-03-14 11:52:01,646] {taskinstance.py:1239} INFO - Starting attempt 1 of 2
[2022-03-14 11:52:01,647] {taskinstance.py:1240} INFO - 
--------------------------------------------------------------------------------
[2022-03-14 11:52:01,676] {taskinstance.py:1259} INFO - Executing <Task(PythonOperator): pre.pre_get_data> on 2022-03-07 10:29:52.784989+00:00
[2022-03-14 11:52:01,690] {standard_task_runner.py:52} INFO - Started process 94 to run task
[2022-03-14 11:52:01,698] {standard_task_runner.py:76} INFO - Running: ['***', 'tasks', 'run', 'tutorial', 'pre.pre_get_data', 'scheduled__2022-03-07T10:29:52.784989+00:00', '--job-id', '692', '--raw', '--subdir', 'DAGS_FOLDER/test_dag.py', '--cfg-path', '/tmp/tmp6aho_uai', '--error-file', '/tmp/tmp_cm88m71']
[2022-03-14 11:52:01,703] {standard_task_runner.py:77} INFO - Job 692: Subtask pre.pre_get_data
[2022-03-14 11:52:01,849] {logging_mixin.py:109} INFO - Running <TaskInstance: tutorial.pre.pre_get_data scheduled__2022-03-07T10:29:52.784989+00:00 [running]> on host ff48034dfdbf
[2022-03-14 11:52:01,972] {taskinstance.py:1426} INFO - Exporting the following env vars:
AIRFLOW_CTX_DAG_EMAIL=***@example.com
AIRFLOW_CTX_DAG_OWNER=***
AIRFLOW_CTX_DAG_ID=tutorial
AIRFLOW_CTX_TASK_ID=pre.pre_get_data
AIRFLOW_CTX_EXECUTION_DATE=2022-03-07T10:29:52.784989+00:00
AIRFLOW_CTX_DAG_RUN_ID=scheduled__2022-03-07T10:29:52.784989+00:00
[2022-03-14 11:53:01,992] {python.py:175} INFO - Done. Returned value was: None
[2022-03-14 11:53:02,036] {taskinstance.py:1277} INFO - Marking task as SUCCESS. dag_id=tutorial, task_id=pre.pre_get_data, execution_date=20220307T102952, start_date=20220314T115201, end_date=20220314T115302
[2022-03-14 11:53:02,134] {local_task_job.py:154} INFO - Task exited with return code 0
[2022-03-14 11:53:02,313] {local_task_job.py:264} INFO - 1 downstream tasks scheduled from follow-on schedule check
