[2022-02-23 21:40:59,131] {taskinstance.py:1032} INFO - Dependencies all met for <TaskInstance: tutorial.gdgfg.gdgfg_proccess_data scheduled__2022-02-21T17:28:01.321646+00:00 [queued]>
[2022-02-23 21:40:59,170] {taskinstance.py:1032} INFO - Dependencies all met for <TaskInstance: tutorial.gdgfg.gdgfg_proccess_data scheduled__2022-02-21T17:28:01.321646+00:00 [queued]>
[2022-02-23 21:40:59,177] {taskinstance.py:1238} INFO - 
--------------------------------------------------------------------------------
[2022-02-23 21:40:59,179] {taskinstance.py:1239} INFO - Starting attempt 1 of 2
[2022-02-23 21:40:59,180] {taskinstance.py:1240} INFO - 
--------------------------------------------------------------------------------
[2022-02-23 21:40:59,205] {taskinstance.py:1259} INFO - Executing <Task(PythonOperator): gdgfg.gdgfg_proccess_data> on 2022-02-21 17:28:01.321646+00:00
[2022-02-23 21:40:59,213] {standard_task_runner.py:52} INFO - Started process 275 to run task
[2022-02-23 21:40:59,220] {standard_task_runner.py:76} INFO - Running: ['***', 'tasks', 'run', 'tutorial', 'gdgfg.gdgfg_proccess_data', 'scheduled__2022-02-21T17:28:01.321646+00:00', '--job-id', '141', '--raw', '--subdir', 'DAGS_FOLDER/test_dag.py', '--cfg-path', '/tmp/tmp8zsls3bd', '--error-file', '/tmp/tmpdgf4frfa']
[2022-02-23 21:40:59,221] {standard_task_runner.py:77} INFO - Job 141: Subtask gdgfg.gdgfg_proccess_data
[2022-02-23 21:40:59,342] {logging_mixin.py:109} INFO - Running <TaskInstance: tutorial.gdgfg.gdgfg_proccess_data scheduled__2022-02-21T17:28:01.321646+00:00 [running]> on host ff48034dfdbf
[2022-02-23 21:40:59,417] {taskinstance.py:1426} INFO - Exporting the following env vars:
AIRFLOW_CTX_DAG_EMAIL=***@example.com
AIRFLOW_CTX_DAG_OWNER=***
AIRFLOW_CTX_DAG_ID=tutorial
AIRFLOW_CTX_TASK_ID=gdgfg.gdgfg_proccess_data
AIRFLOW_CTX_EXECUTION_DATE=2022-02-21T17:28:01.321646+00:00
AIRFLOW_CTX_DAG_RUN_ID=scheduled__2022-02-21T17:28:01.321646+00:00
[2022-02-23 21:41:59,420] {python.py:175} INFO - Done. Returned value was: None
[2022-02-23 21:41:59,442] {taskinstance.py:1277} INFO - Marking task as SUCCESS. dag_id=tutorial, task_id=gdgfg.gdgfg_proccess_data, execution_date=20220221T172801, start_date=20220223T214059, end_date=20220223T214159
[2022-02-23 21:41:59,483] {local_task_job.py:154} INFO - Task exited with return code 0
[2022-02-23 21:41:59,528] {local_task_job.py:264} INFO - 1 downstream tasks scheduled from follow-on schedule check
