[2022-03-14 11:56:08,040] {taskinstance.py:1032} INFO - Dependencies all met for <TaskInstance: tutorial.wcccw.wcccw_proccess_data scheduled__2022-03-08T18:13:06.710203+00:00 [queued]>
[2022-03-14 11:56:08,061] {taskinstance.py:1032} INFO - Dependencies all met for <TaskInstance: tutorial.wcccw.wcccw_proccess_data scheduled__2022-03-08T18:13:06.710203+00:00 [queued]>
[2022-03-14 11:56:08,062] {taskinstance.py:1238} INFO - 
--------------------------------------------------------------------------------
[2022-03-14 11:56:08,063] {taskinstance.py:1239} INFO - Starting attempt 1 of 2
[2022-03-14 11:56:08,064] {taskinstance.py:1240} INFO - 
--------------------------------------------------------------------------------
[2022-03-14 11:56:08,081] {taskinstance.py:1259} INFO - Executing <Task(PythonOperator): wcccw.wcccw_proccess_data> on 2022-03-08 18:13:06.710203+00:00
[2022-03-14 11:56:08,088] {standard_task_runner.py:52} INFO - Started process 337 to run task
[2022-03-14 11:56:08,095] {standard_task_runner.py:76} INFO - Running: ['***', 'tasks', 'run', 'tutorial', 'wcccw.wcccw_proccess_data', 'scheduled__2022-03-08T18:13:06.710203+00:00', '--job-id', '727', '--raw', '--subdir', 'DAGS_FOLDER/test_dag.py', '--cfg-path', '/tmp/tmptgafea8r', '--error-file', '/tmp/tmpl7bvtuqh']
[2022-03-14 11:56:08,096] {standard_task_runner.py:77} INFO - Job 727: Subtask wcccw.wcccw_proccess_data
[2022-03-14 11:56:08,205] {logging_mixin.py:109} INFO - Running <TaskInstance: tutorial.wcccw.wcccw_proccess_data scheduled__2022-03-08T18:13:06.710203+00:00 [running]> on host ff48034dfdbf
[2022-03-14 11:56:08,317] {taskinstance.py:1426} INFO - Exporting the following env vars:
AIRFLOW_CTX_DAG_EMAIL=***@example.com
AIRFLOW_CTX_DAG_OWNER=***
AIRFLOW_CTX_DAG_ID=tutorial
AIRFLOW_CTX_TASK_ID=wcccw.wcccw_proccess_data
AIRFLOW_CTX_EXECUTION_DATE=2022-03-08T18:13:06.710203+00:00
AIRFLOW_CTX_DAG_RUN_ID=scheduled__2022-03-08T18:13:06.710203+00:00
[2022-03-14 11:57:08,337] {python.py:175} INFO - Done. Returned value was: None
[2022-03-14 11:57:08,447] {taskinstance.py:1277} INFO - Marking task as SUCCESS. dag_id=tutorial, task_id=wcccw.wcccw_proccess_data, execution_date=20220308T181306, start_date=20220314T115608, end_date=20220314T115708
[2022-03-14 11:57:08,525] {local_task_job.py:154} INFO - Task exited with return code 0
[2022-03-14 11:57:08,641] {local_task_job.py:264} INFO - 1 downstream tasks scheduled from follow-on schedule check
