[2022-03-28 12:49:18,787] {taskinstance.py:1032} INFO - Dependencies all met for <TaskInstance: tutorial.pre.pre_get_data scheduled__2022-03-27T12:47:50.362235+00:00 [queued]>
[2022-03-28 12:49:18,809] {taskinstance.py:1032} INFO - Dependencies all met for <TaskInstance: tutorial.pre.pre_get_data scheduled__2022-03-27T12:47:50.362235+00:00 [queued]>
[2022-03-28 12:49:18,810] {taskinstance.py:1238} INFO - 
--------------------------------------------------------------------------------
[2022-03-28 12:49:18,811] {taskinstance.py:1239} INFO - Starting attempt 1 of 2
[2022-03-28 12:49:18,812] {taskinstance.py:1240} INFO - 
--------------------------------------------------------------------------------
[2022-03-28 12:49:18,835] {taskinstance.py:1259} INFO - Executing <Task(PythonOperator): pre.pre_get_data> on 2022-03-27 12:47:50.362235+00:00
[2022-03-28 12:49:18,843] {standard_task_runner.py:52} INFO - Started process 150 to run task
[2022-03-28 12:49:18,850] {standard_task_runner.py:76} INFO - Running: ['***', 'tasks', 'run', 'tutorial', 'pre.pre_get_data', 'scheduled__2022-03-27T12:47:50.362235+00:00', '--job-id', '963', '--raw', '--subdir', 'DAGS_FOLDER/test_dag.py', '--cfg-path', '/tmp/tmpprc2mpx4', '--error-file', '/tmp/tmp65jdttem']
[2022-03-28 12:49:18,853] {standard_task_runner.py:77} INFO - Job 963: Subtask pre.pre_get_data
[2022-03-28 12:49:18,977] {logging_mixin.py:109} INFO - Running <TaskInstance: tutorial.pre.pre_get_data scheduled__2022-03-27T12:47:50.362235+00:00 [running]> on host ff48034dfdbf
[2022-03-28 12:49:19,082] {taskinstance.py:1426} INFO - Exporting the following env vars:
AIRFLOW_CTX_DAG_EMAIL=***@example.com
AIRFLOW_CTX_DAG_OWNER=***
AIRFLOW_CTX_DAG_ID=tutorial
AIRFLOW_CTX_TASK_ID=pre.pre_get_data
AIRFLOW_CTX_EXECUTION_DATE=2022-03-27T12:47:50.362235+00:00
AIRFLOW_CTX_DAG_RUN_ID=scheduled__2022-03-27T12:47:50.362235+00:00
[2022-03-28 12:50:19,102] {python.py:175} INFO - Done. Returned value was: None
[2022-03-28 12:50:19,138] {taskinstance.py:1277} INFO - Marking task as SUCCESS. dag_id=tutorial, task_id=pre.pre_get_data, execution_date=20220327T124750, start_date=20220328T124918, end_date=20220328T125019
[2022-03-28 12:50:19,198] {local_task_job.py:154} INFO - Task exited with return code 0
[2022-03-28 12:50:19,281] {local_task_job.py:264} INFO - 1 downstream tasks scheduled from follow-on schedule check
