[2022-04-29 15:32:45,827] {taskinstance.py:1032} INFO - Dependencies all met for <TaskInstance: cdn_daily.import_pre.check_status_of_pre manual__2022-04-29T15:27:39.940269+00:00 [queued]>
[2022-04-29 15:32:45,848] {taskinstance.py:1032} INFO - Dependencies all met for <TaskInstance: cdn_daily.import_pre.check_status_of_pre manual__2022-04-29T15:27:39.940269+00:00 [queued]>
[2022-04-29 15:32:45,850] {taskinstance.py:1238} INFO - 
--------------------------------------------------------------------------------
[2022-04-29 15:32:45,851] {taskinstance.py:1239} INFO - Starting attempt 2 of 2
[2022-04-29 15:32:45,853] {taskinstance.py:1240} INFO - 
--------------------------------------------------------------------------------
[2022-04-29 15:32:45,872] {taskinstance.py:1259} INFO - Executing <Task(PythonOperator): import_pre.check_status_of_pre> on 2022-04-29 15:27:39.940269+00:00
[2022-04-29 15:32:45,878] {standard_task_runner.py:52} INFO - Started process 3818 to run task
[2022-04-29 15:32:45,884] {standard_task_runner.py:76} INFO - Running: ['***', 'tasks', 'run', 'cdn_daily', 'import_pre.check_status_of_pre', 'manual__2022-04-29T15:27:39.940269+00:00', '--job-id', '1708', '--raw', '--subdir', 'DAGS_FOLDER/cdn_daily.py', '--cfg-path', '/tmp/tmp1fmuzv2k', '--error-file', '/tmp/tmp3btnpq7d']
[2022-04-29 15:32:45,886] {standard_task_runner.py:77} INFO - Job 1708: Subtask import_pre.check_status_of_pre
[2022-04-29 15:32:45,982] {logging_mixin.py:109} INFO - Running <TaskInstance: cdn_daily.import_pre.check_status_of_pre manual__2022-04-29T15:27:39.940269+00:00 [running]> on host d5ad096ffea5
[2022-04-29 15:32:46,069] {taskinstance.py:1426} INFO - Exporting the following env vars:
AIRFLOW_CTX_DAG_EMAIL=***@example.com
AIRFLOW_CTX_DAG_OWNER=***
AIRFLOW_CTX_DAG_ID=cdn_daily
AIRFLOW_CTX_TASK_ID=import_pre.check_status_of_pre
AIRFLOW_CTX_EXECUTION_DATE=2022-04-29T15:27:39.940269+00:00
AIRFLOW_CTX_DAG_RUN_ID=manual__2022-04-29T15:27:39.940269+00:00
[2022-04-29 15:32:46,071] {logging_mixin.py:109} INFO - run_pre
[2022-04-29 15:32:46,085] {logging_mixin.py:109} INFO - None
[2022-04-29 15:32:46,098] {logging_mixin.py:109} INFO - pre.alm
[2022-04-29 15:32:46,111] {logging_mixin.py:109} INFO - 2
[2022-04-29 15:32:48,115] {python.py:175} INFO - Done. Returned value was: None
[2022-04-29 15:32:48,138] {taskinstance.py:1277} INFO - Marking task as SUCCESS. dag_id=cdn_daily, task_id=import_pre.check_status_of_pre, execution_date=20220429T152739, start_date=20220429T153245, end_date=20220429T153248
[2022-04-29 15:32:48,200] {local_task_job.py:154} INFO - Task exited with return code 0
[2022-04-29 15:32:48,254] {local_task_job.py:264} INFO - 0 downstream tasks scheduled from follow-on schedule check
