[2022-03-05 10:27:49,948] {taskinstance.py:1032} INFO - Dependencies all met for <TaskInstance: tutorial.wcccw.wcccw_print_proccesed_data scheduled__2022-03-02T21:51:17.549420+00:00 [queued]>
[2022-03-05 10:27:49,969] {taskinstance.py:1032} INFO - Dependencies all met for <TaskInstance: tutorial.wcccw.wcccw_print_proccesed_data scheduled__2022-03-02T21:51:17.549420+00:00 [queued]>
[2022-03-05 10:27:49,970] {taskinstance.py:1238} INFO - 
--------------------------------------------------------------------------------
[2022-03-05 10:27:49,971] {taskinstance.py:1239} INFO - Starting attempt 1 of 2
[2022-03-05 10:27:49,972] {taskinstance.py:1240} INFO - 
--------------------------------------------------------------------------------
[2022-03-05 10:27:49,987] {taskinstance.py:1259} INFO - Executing <Task(PythonOperator): wcccw.wcccw_print_proccesed_data> on 2022-03-02 21:51:17.549420+00:00
[2022-03-05 10:27:50,004] {standard_task_runner.py:52} INFO - Started process 337 to run task
[2022-03-05 10:27:50,009] {standard_task_runner.py:76} INFO - Running: ['***', 'tasks', 'run', 'tutorial', 'wcccw.wcccw_print_proccesed_data', 'scheduled__2022-03-02T21:51:17.549420+00:00', '--job-id', '519', '--raw', '--subdir', 'DAGS_FOLDER/test_dag.py', '--cfg-path', '/tmp/tmpg6kov2h7', '--error-file', '/tmp/tmpyitwdijp']
[2022-03-05 10:27:50,011] {standard_task_runner.py:77} INFO - Job 519: Subtask wcccw.wcccw_print_proccesed_data
[2022-03-05 10:27:50,101] {logging_mixin.py:109} INFO - Running <TaskInstance: tutorial.wcccw.wcccw_print_proccesed_data scheduled__2022-03-02T21:51:17.549420+00:00 [running]> on host ff48034dfdbf
[2022-03-05 10:27:50,199] {taskinstance.py:1426} INFO - Exporting the following env vars:
AIRFLOW_CTX_DAG_EMAIL=***@example.com
AIRFLOW_CTX_DAG_OWNER=***
AIRFLOW_CTX_DAG_ID=tutorial
AIRFLOW_CTX_TASK_ID=wcccw.wcccw_print_proccesed_data
AIRFLOW_CTX_EXECUTION_DATE=2022-03-02T21:51:17.549420+00:00
AIRFLOW_CTX_DAG_RUN_ID=scheduled__2022-03-02T21:51:17.549420+00:00
[2022-03-05 10:28:50,220] {python.py:175} INFO - Done. Returned value was: None
[2022-03-05 10:28:50,236] {taskinstance.py:1277} INFO - Marking task as SUCCESS. dag_id=tutorial, task_id=wcccw.wcccw_print_proccesed_data, execution_date=20220302T215117, start_date=20220305T102749, end_date=20220305T102850
[2022-03-05 10:28:50,284] {local_task_job.py:154} INFO - Task exited with return code 0
[2022-03-05 10:28:50,318] {local_task_job.py:264} INFO - 0 downstream tasks scheduled from follow-on schedule check
