[2022-03-14 12:01:15,367] {taskinstance.py:1032} INFO - Dependencies all met for <TaskInstance: tutorial.gdgfg.gdgfg_get_data scheduled__2022-03-13T12:00:13.316065+00:00 [queued]>
[2022-03-14 12:01:15,391] {taskinstance.py:1032} INFO - Dependencies all met for <TaskInstance: tutorial.gdgfg.gdgfg_get_data scheduled__2022-03-13T12:00:13.316065+00:00 [queued]>
[2022-03-14 12:01:15,392] {taskinstance.py:1238} INFO - 
--------------------------------------------------------------------------------
[2022-03-14 12:01:15,396] {taskinstance.py:1239} INFO - Starting attempt 1 of 2
[2022-03-14 12:01:15,398] {taskinstance.py:1240} INFO - 
--------------------------------------------------------------------------------
[2022-03-14 12:01:15,417] {taskinstance.py:1259} INFO - Executing <Task(PythonOperator): gdgfg.gdgfg_get_data> on 2022-03-13 12:00:13.316065+00:00
[2022-03-14 12:01:15,425] {standard_task_runner.py:52} INFO - Started process 632 to run task
[2022-03-14 12:01:15,431] {standard_task_runner.py:76} INFO - Running: ['***', 'tasks', 'run', 'tutorial', 'gdgfg.gdgfg_get_data', 'scheduled__2022-03-13T12:00:13.316065+00:00', '--job-id', '776', '--raw', '--subdir', 'DAGS_FOLDER/test_dag.py', '--cfg-path', '/tmp/tmpk6lwzpqu', '--error-file', '/tmp/tmp3_xxrpsl']
[2022-03-14 12:01:15,433] {standard_task_runner.py:77} INFO - Job 776: Subtask gdgfg.gdgfg_get_data
[2022-03-14 12:01:15,530] {logging_mixin.py:109} INFO - Running <TaskInstance: tutorial.gdgfg.gdgfg_get_data scheduled__2022-03-13T12:00:13.316065+00:00 [running]> on host ff48034dfdbf
[2022-03-14 12:01:15,633] {taskinstance.py:1426} INFO - Exporting the following env vars:
AIRFLOW_CTX_DAG_EMAIL=***@example.com
AIRFLOW_CTX_DAG_OWNER=***
AIRFLOW_CTX_DAG_ID=tutorial
AIRFLOW_CTX_TASK_ID=gdgfg.gdgfg_get_data
AIRFLOW_CTX_EXECUTION_DATE=2022-03-13T12:00:13.316065+00:00
AIRFLOW_CTX_DAG_RUN_ID=scheduled__2022-03-13T12:00:13.316065+00:00
[2022-03-14 12:02:15,631] {python.py:175} INFO - Done. Returned value was: None
[2022-03-14 12:02:15,649] {taskinstance.py:1277} INFO - Marking task as SUCCESS. dag_id=tutorial, task_id=gdgfg.gdgfg_get_data, execution_date=20220313T120013, start_date=20220314T120115, end_date=20220314T120215
[2022-03-14 12:02:15,713] {local_task_job.py:154} INFO - Task exited with return code 0
[2022-03-14 12:02:15,758] {local_task_job.py:264} INFO - 1 downstream tasks scheduled from follow-on schedule check
