[2022-02-23 21:47:07,734] {taskinstance.py:1032} INFO - Dependencies all met for <TaskInstance: tutorial.pre.pre_proccess_data scheduled__2022-02-22T21:44:04.027723+00:00 [queued]>
[2022-02-23 21:47:07,755] {taskinstance.py:1032} INFO - Dependencies all met for <TaskInstance: tutorial.pre.pre_proccess_data scheduled__2022-02-22T21:44:04.027723+00:00 [queued]>
[2022-02-23 21:47:07,757] {taskinstance.py:1238} INFO - 
--------------------------------------------------------------------------------
[2022-02-23 21:47:07,758] {taskinstance.py:1239} INFO - Starting attempt 1 of 2
[2022-02-23 21:47:07,759] {taskinstance.py:1240} INFO - 
--------------------------------------------------------------------------------
[2022-02-23 21:47:07,777] {taskinstance.py:1259} INFO - Executing <Task(PythonOperator): pre.pre_proccess_data> on 2022-02-22 21:44:04.027723+00:00
[2022-02-23 21:47:07,782] {standard_task_runner.py:52} INFO - Started process 646 to run task
[2022-02-23 21:47:07,787] {standard_task_runner.py:76} INFO - Running: ['***', 'tasks', 'run', 'tutorial', 'pre.pre_proccess_data', 'scheduled__2022-02-22T21:44:04.027723+00:00', '--job-id', '192', '--raw', '--subdir', 'DAGS_FOLDER/test_dag.py', '--cfg-path', '/tmp/tmpc8soq4rq', '--error-file', '/tmp/tmpvfhwj0zp']
[2022-02-23 21:47:07,789] {standard_task_runner.py:77} INFO - Job 192: Subtask pre.pre_proccess_data
[2022-02-23 21:47:07,887] {logging_mixin.py:109} INFO - Running <TaskInstance: tutorial.pre.pre_proccess_data scheduled__2022-02-22T21:44:04.027723+00:00 [running]> on host ff48034dfdbf
[2022-02-23 21:47:07,991] {taskinstance.py:1426} INFO - Exporting the following env vars:
AIRFLOW_CTX_DAG_EMAIL=***@example.com
AIRFLOW_CTX_DAG_OWNER=***
AIRFLOW_CTX_DAG_ID=tutorial
AIRFLOW_CTX_TASK_ID=pre.pre_proccess_data
AIRFLOW_CTX_EXECUTION_DATE=2022-02-22T21:44:04.027723+00:00
AIRFLOW_CTX_DAG_RUN_ID=scheduled__2022-02-22T21:44:04.027723+00:00
[2022-02-23 21:48:08,014] {python.py:175} INFO - Done. Returned value was: None
[2022-02-23 21:48:08,025] {taskinstance.py:1277} INFO - Marking task as SUCCESS. dag_id=tutorial, task_id=pre.pre_proccess_data, execution_date=20220222T214404, start_date=20220223T214707, end_date=20220223T214808
[2022-02-23 21:48:08,053] {local_task_job.py:154} INFO - Task exited with return code 0
[2022-02-23 21:48:08,080] {local_task_job.py:264} INFO - 1 downstream tasks scheduled from follow-on schedule check
