[2022-04-29 13:28:35,845] {taskinstance.py:1032} INFO - Dependencies all met for <TaskInstance: tutorial.xsxsxqc.xsxsxqc_print_proccesed_data scheduled__2022-04-28T12:29:40.424433+00:00 [queued]>
[2022-04-29 13:28:35,922] {taskinstance.py:1032} INFO - Dependencies all met for <TaskInstance: tutorial.xsxsxqc.xsxsxqc_print_proccesed_data scheduled__2022-04-28T12:29:40.424433+00:00 [queued]>
[2022-04-29 13:28:35,926] {taskinstance.py:1238} INFO - 
--------------------------------------------------------------------------------
[2022-04-29 13:28:35,928] {taskinstance.py:1239} INFO - Starting attempt 1 of 2
[2022-04-29 13:28:35,935] {taskinstance.py:1240} INFO - 
--------------------------------------------------------------------------------
[2022-04-29 13:28:36,019] {taskinstance.py:1259} INFO - Executing <Task(PythonOperator): xsxsxqc.xsxsxqc_print_proccesed_data> on 2022-04-28 12:29:40.424433+00:00
[2022-04-29 13:28:36,063] {standard_task_runner.py:52} INFO - Started process 262 to run task
[2022-04-29 13:28:36,093] {standard_task_runner.py:76} INFO - Running: ['***', 'tasks', 'run', 'tutorial', 'xsxsxqc.xsxsxqc_print_proccesed_data', 'scheduled__2022-04-28T12:29:40.424433+00:00', '--job-id', '1590', '--raw', '--subdir', 'DAGS_FOLDER/test_dag.py', '--cfg-path', '/tmp/tmp21cltafl', '--error-file', '/tmp/tmpgmgjd4co']
[2022-04-29 13:28:36,097] {standard_task_runner.py:77} INFO - Job 1590: Subtask xsxsxqc.xsxsxqc_print_proccesed_data
[2022-04-29 13:28:36,532] {logging_mixin.py:109} INFO - Running <TaskInstance: tutorial.xsxsxqc.xsxsxqc_print_proccesed_data scheduled__2022-04-28T12:29:40.424433+00:00 [running]> on host d5ad096ffea5
[2022-04-29 13:28:37,083] {taskinstance.py:1426} INFO - Exporting the following env vars:
AIRFLOW_CTX_DAG_EMAIL=***@example.com
AIRFLOW_CTX_DAG_OWNER=***
AIRFLOW_CTX_DAG_ID=tutorial
AIRFLOW_CTX_TASK_ID=xsxsxqc.xsxsxqc_print_proccesed_data
AIRFLOW_CTX_EXECUTION_DATE=2022-04-28T12:29:40.424433+00:00
AIRFLOW_CTX_DAG_RUN_ID=scheduled__2022-04-28T12:29:40.424433+00:00
[2022-04-29 13:29:37,112] {python.py:175} INFO - Done. Returned value was: None
[2022-04-29 13:29:37,140] {taskinstance.py:1277} INFO - Marking task as SUCCESS. dag_id=tutorial, task_id=xsxsxqc.xsxsxqc_print_proccesed_data, execution_date=20220428T122940, start_date=20220429T132835, end_date=20220429T132937
[2022-04-29 13:29:37,205] {local_task_job.py:212} WARNING - State of this instance has been externally set to success. Terminating instance.
