[2022-04-29 13:25:29,222] {taskinstance.py:1032} INFO - Dependencies all met for <TaskInstance: cdn_daily.import_bsre.check_presence_of_bsre2 scheduled__2022-04-28T12:55:05.495602+00:00 [queued]>
[2022-04-29 13:25:29,250] {taskinstance.py:1032} INFO - Dependencies all met for <TaskInstance: cdn_daily.import_bsre.check_presence_of_bsre2 scheduled__2022-04-28T12:55:05.495602+00:00 [queued]>
[2022-04-29 13:25:29,252] {taskinstance.py:1238} INFO - 
--------------------------------------------------------------------------------
[2022-04-29 13:25:29,253] {taskinstance.py:1239} INFO - Starting attempt 1 of 2
[2022-04-29 13:25:29,254] {taskinstance.py:1240} INFO - 
--------------------------------------------------------------------------------
[2022-04-29 13:25:29,289] {taskinstance.py:1259} INFO - Executing <Task(PythonOperator): import_bsre.check_presence_of_bsre2> on 2022-04-28 12:55:05.495602+00:00
[2022-04-29 13:25:29,296] {standard_task_runner.py:52} INFO - Started process 88 to run task
[2022-04-29 13:25:29,312] {standard_task_runner.py:76} INFO - Running: ['***', 'tasks', 'run', 'cdn_daily', 'import_bsre.check_presence_of_bsre2', 'scheduled__2022-04-28T12:55:05.495602+00:00', '--job-id', '1556', '--raw', '--subdir', 'DAGS_FOLDER/cdn_daily.py', '--cfg-path', '/tmp/tmpmmi1o_99', '--error-file', '/tmp/tmp4upvggz0']
[2022-04-29 13:25:29,316] {standard_task_runner.py:77} INFO - Job 1556: Subtask import_bsre.check_presence_of_bsre2
[2022-04-29 13:25:29,581] {logging_mixin.py:109} INFO - Running <TaskInstance: cdn_daily.import_bsre.check_presence_of_bsre2 scheduled__2022-04-28T12:55:05.495602+00:00 [running]> on host d5ad096ffea5
[2022-04-29 13:25:29,889] {taskinstance.py:1426} INFO - Exporting the following env vars:
AIRFLOW_CTX_DAG_EMAIL=***@example.com
AIRFLOW_CTX_DAG_OWNER=***
AIRFLOW_CTX_DAG_ID=cdn_daily
AIRFLOW_CTX_TASK_ID=import_bsre.check_presence_of_bsre2
AIRFLOW_CTX_EXECUTION_DATE=2022-04-28T12:55:05.495602+00:00
AIRFLOW_CTX_DAG_RUN_ID=scheduled__2022-04-28T12:55:05.495602+00:00
[2022-04-29 13:25:30,020] {python.py:175} INFO - Done. Returned value was: None
[2022-04-29 13:25:30,141] {taskinstance.py:1277} INFO - Marking task as SUCCESS. dag_id=cdn_daily, task_id=import_bsre.check_presence_of_bsre2, execution_date=20220428T125505, start_date=20220429T132529, end_date=20220429T132530
[2022-04-29 13:25:30,280] {local_task_job.py:154} INFO - Task exited with return code 0
[2022-04-29 13:25:30,450] {local_task_job.py:264} INFO - 0 downstream tasks scheduled from follow-on schedule check
