[2022-03-28 12:53:25,263] {taskinstance.py:1032} INFO - Dependencies all met for <TaskInstance: tutorial.gdgfg.gdgfg_print_proccesed_data scheduled__2022-03-15T12:05:20.517459+00:00 [queued]>
[2022-03-28 12:53:25,283] {taskinstance.py:1032} INFO - Dependencies all met for <TaskInstance: tutorial.gdgfg.gdgfg_print_proccesed_data scheduled__2022-03-15T12:05:20.517459+00:00 [queued]>
[2022-03-28 12:53:25,284] {taskinstance.py:1238} INFO - 
--------------------------------------------------------------------------------
[2022-03-28 12:53:25,285] {taskinstance.py:1239} INFO - Starting attempt 1 of 2
[2022-03-28 12:53:25,286] {taskinstance.py:1240} INFO - 
--------------------------------------------------------------------------------
[2022-03-28 12:53:25,306] {taskinstance.py:1259} INFO - Executing <Task(PythonOperator): gdgfg.gdgfg_print_proccesed_data> on 2022-03-15 12:05:20.517459+00:00
[2022-03-28 12:53:25,312] {standard_task_runner.py:52} INFO - Started process 367 to run task
[2022-03-28 12:53:25,317] {standard_task_runner.py:76} INFO - Running: ['***', 'tasks', 'run', 'tutorial', 'gdgfg.gdgfg_print_proccesed_data', 'scheduled__2022-03-15T12:05:20.517459+00:00', '--job-id', '996', '--raw', '--subdir', 'DAGS_FOLDER/test_dag.py', '--cfg-path', '/tmp/tmp6wkj_wqb', '--error-file', '/tmp/tmpauzzjqq0']
[2022-03-28 12:53:25,319] {standard_task_runner.py:77} INFO - Job 996: Subtask gdgfg.gdgfg_print_proccesed_data
[2022-03-28 12:53:25,437] {logging_mixin.py:109} INFO - Running <TaskInstance: tutorial.gdgfg.gdgfg_print_proccesed_data scheduled__2022-03-15T12:05:20.517459+00:00 [running]> on host ff48034dfdbf
[2022-03-28 12:53:25,548] {taskinstance.py:1426} INFO - Exporting the following env vars:
AIRFLOW_CTX_DAG_EMAIL=***@example.com
AIRFLOW_CTX_DAG_OWNER=***
AIRFLOW_CTX_DAG_ID=tutorial
AIRFLOW_CTX_TASK_ID=gdgfg.gdgfg_print_proccesed_data
AIRFLOW_CTX_EXECUTION_DATE=2022-03-15T12:05:20.517459+00:00
AIRFLOW_CTX_DAG_RUN_ID=scheduled__2022-03-15T12:05:20.517459+00:00
[2022-03-28 12:54:25,569] {python.py:175} INFO - Done. Returned value was: None
[2022-03-28 12:54:25,586] {taskinstance.py:1277} INFO - Marking task as SUCCESS. dag_id=tutorial, task_id=gdgfg.gdgfg_print_proccesed_data, execution_date=20220315T120520, start_date=20220328T125325, end_date=20220328T125425
[2022-03-28 12:54:25,629] {local_task_job.py:154} INFO - Task exited with return code 0
[2022-03-28 12:54:25,689] {local_task_job.py:264} INFO - 0 downstream tasks scheduled from follow-on schedule check
