[2022-04-23 14:17:33,103] {taskinstance.py:1032} INFO - Dependencies all met for <TaskInstance: tutorial.eaeaz.eaeaz_get_data scheduled__2022-03-30T16:04:54.591828+00:00 [queued]>
[2022-04-23 14:17:33,130] {taskinstance.py:1032} INFO - Dependencies all met for <TaskInstance: tutorial.eaeaz.eaeaz_get_data scheduled__2022-03-30T16:04:54.591828+00:00 [queued]>
[2022-04-23 14:17:33,132] {taskinstance.py:1238} INFO - 
--------------------------------------------------------------------------------
[2022-04-23 14:17:33,133] {taskinstance.py:1239} INFO - Starting attempt 1 of 2
[2022-04-23 14:17:33,135] {taskinstance.py:1240} INFO - 
--------------------------------------------------------------------------------
[2022-04-23 14:17:33,161] {taskinstance.py:1259} INFO - Executing <Task(PythonOperator): eaeaz.eaeaz_get_data> on 2022-03-30 16:04:54.591828+00:00
[2022-04-23 14:17:33,170] {standard_task_runner.py:52} INFO - Started process 132 to run task
[2022-04-23 14:17:33,186] {standard_task_runner.py:76} INFO - Running: ['***', 'tasks', 'run', 'tutorial', 'eaeaz.eaeaz_get_data', 'scheduled__2022-03-30T16:04:54.591828+00:00', '--job-id', '1104', '--raw', '--subdir', 'DAGS_FOLDER/test_dag.py', '--cfg-path', '/tmp/tmpohgujyf7', '--error-file', '/tmp/tmphivrf63q']
[2022-04-23 14:17:33,191] {standard_task_runner.py:77} INFO - Job 1104: Subtask eaeaz.eaeaz_get_data
[2022-04-23 14:17:33,405] {logging_mixin.py:109} INFO - Running <TaskInstance: tutorial.eaeaz.eaeaz_get_data scheduled__2022-03-30T16:04:54.591828+00:00 [running]> on host ff48034dfdbf
[2022-04-23 14:17:33,548] {taskinstance.py:1426} INFO - Exporting the following env vars:
AIRFLOW_CTX_DAG_EMAIL=***@example.com
AIRFLOW_CTX_DAG_OWNER=***
AIRFLOW_CTX_DAG_ID=tutorial
AIRFLOW_CTX_TASK_ID=eaeaz.eaeaz_get_data
AIRFLOW_CTX_EXECUTION_DATE=2022-03-30T16:04:54.591828+00:00
AIRFLOW_CTX_DAG_RUN_ID=scheduled__2022-03-30T16:04:54.591828+00:00
[2022-04-23 14:18:33,570] {python.py:175} INFO - Done. Returned value was: None
[2022-04-23 14:18:33,603] {taskinstance.py:1277} INFO - Marking task as SUCCESS. dag_id=tutorial, task_id=eaeaz.eaeaz_get_data, execution_date=20220330T160454, start_date=20220423T141733, end_date=20220423T141833
[2022-04-23 14:18:33,654] {local_task_job.py:154} INFO - Task exited with return code 0
[2022-04-23 14:18:33,715] {local_task_job.py:264} INFO - 1 downstream tasks scheduled from follow-on schedule check
