[2022-02-27 17:18:55,494] {taskinstance.py:1032} INFO - Dependencies all met for <TaskInstance: tutorial.eaeaz.eaeaz_proccess_data scheduled__2022-02-25T21:44:04.431894+00:00 [queued]>
[2022-02-27 17:18:55,525] {taskinstance.py:1032} INFO - Dependencies all met for <TaskInstance: tutorial.eaeaz.eaeaz_proccess_data scheduled__2022-02-25T21:44:04.431894+00:00 [queued]>
[2022-02-27 17:18:55,527] {taskinstance.py:1238} INFO - 
--------------------------------------------------------------------------------
[2022-02-27 17:18:55,528] {taskinstance.py:1239} INFO - Starting attempt 1 of 2
[2022-02-27 17:18:55,530] {taskinstance.py:1240} INFO - 
--------------------------------------------------------------------------------
[2022-02-27 17:18:55,558] {taskinstance.py:1259} INFO - Executing <Task(PythonOperator): eaeaz.eaeaz_proccess_data> on 2022-02-25 21:44:04.431894+00:00
[2022-02-27 17:18:55,575] {standard_task_runner.py:52} INFO - Started process 146 to run task
[2022-02-27 17:18:55,593] {standard_task_runner.py:76} INFO - Running: ['***', 'tasks', 'run', 'tutorial', 'eaeaz.eaeaz_proccess_data', 'scheduled__2022-02-25T21:44:04.431894+00:00', '--job-id', '299', '--raw', '--subdir', 'DAGS_FOLDER/test_dag.py', '--cfg-path', '/tmp/tmpu4fdmhev', '--error-file', '/tmp/tmp57kbcrnx']
[2022-02-27 17:18:55,595] {standard_task_runner.py:77} INFO - Job 299: Subtask eaeaz.eaeaz_proccess_data
[2022-02-27 17:18:55,736] {logging_mixin.py:109} INFO - Running <TaskInstance: tutorial.eaeaz.eaeaz_proccess_data scheduled__2022-02-25T21:44:04.431894+00:00 [running]> on host ff48034dfdbf
[2022-02-27 17:18:55,852] {taskinstance.py:1426} INFO - Exporting the following env vars:
AIRFLOW_CTX_DAG_EMAIL=***@example.com
AIRFLOW_CTX_DAG_OWNER=***
AIRFLOW_CTX_DAG_ID=tutorial
AIRFLOW_CTX_TASK_ID=eaeaz.eaeaz_proccess_data
AIRFLOW_CTX_EXECUTION_DATE=2022-02-25T21:44:04.431894+00:00
AIRFLOW_CTX_DAG_RUN_ID=scheduled__2022-02-25T21:44:04.431894+00:00
[2022-02-27 17:19:55,873] {python.py:175} INFO - Done. Returned value was: None
[2022-02-27 17:19:55,888] {taskinstance.py:1277} INFO - Marking task as SUCCESS. dag_id=tutorial, task_id=eaeaz.eaeaz_proccess_data, execution_date=20220225T214404, start_date=20220227T171855, end_date=20220227T171955
[2022-02-27 17:19:55,917] {local_task_job.py:154} INFO - Task exited with return code 0
[2022-02-27 17:19:55,964] {local_task_job.py:264} INFO - 1 downstream tasks scheduled from follow-on schedule check
