[2022-03-02 21:51:20,654] {taskinstance.py:1032} INFO - Dependencies all met for <TaskInstance: tutorial.cat.cat_get_data scheduled__2022-03-01T21:51:17.549420+00:00 [queued]>
[2022-03-02 21:51:20,675] {taskinstance.py:1032} INFO - Dependencies all met for <TaskInstance: tutorial.cat.cat_get_data scheduled__2022-03-01T21:51:17.549420+00:00 [queued]>
[2022-03-02 21:51:20,676] {taskinstance.py:1238} INFO - 
--------------------------------------------------------------------------------
[2022-03-02 21:51:20,677] {taskinstance.py:1239} INFO - Starting attempt 1 of 2
[2022-03-02 21:51:20,679] {taskinstance.py:1240} INFO - 
--------------------------------------------------------------------------------
[2022-03-02 21:51:20,699] {taskinstance.py:1259} INFO - Executing <Task(PythonOperator): cat.cat_get_data> on 2022-03-01 21:51:17.549420+00:00
[2022-03-02 21:51:20,708] {standard_task_runner.py:52} INFO - Started process 15152 to run task
[2022-03-02 21:51:20,712] {standard_task_runner.py:76} INFO - Running: ['***', 'tasks', 'run', 'tutorial', 'cat.cat_get_data', 'scheduled__2022-03-01T21:51:17.549420+00:00', '--job-id', '437', '--raw', '--subdir', 'DAGS_FOLDER/test_dag.py', '--cfg-path', '/tmp/tmp22fj1_gt', '--error-file', '/tmp/tmpg9kj31ab']
[2022-03-02 21:51:20,714] {standard_task_runner.py:77} INFO - Job 437: Subtask cat.cat_get_data
[2022-03-02 21:51:20,845] {logging_mixin.py:109} INFO - Running <TaskInstance: tutorial.cat.cat_get_data scheduled__2022-03-01T21:51:17.549420+00:00 [running]> on host ff48034dfdbf
[2022-03-02 21:51:21,010] {taskinstance.py:1426} INFO - Exporting the following env vars:
AIRFLOW_CTX_DAG_EMAIL=***@example.com
AIRFLOW_CTX_DAG_OWNER=***
AIRFLOW_CTX_DAG_ID=tutorial
AIRFLOW_CTX_TASK_ID=cat.cat_get_data
AIRFLOW_CTX_EXECUTION_DATE=2022-03-01T21:51:17.549420+00:00
AIRFLOW_CTX_DAG_RUN_ID=scheduled__2022-03-01T21:51:17.549420+00:00
[2022-03-02 21:52:20,978] {python.py:175} INFO - Done. Returned value was: None
[2022-03-02 21:52:20,994] {taskinstance.py:1277} INFO - Marking task as SUCCESS. dag_id=tutorial, task_id=cat.cat_get_data, execution_date=20220301T215117, start_date=20220302T215120, end_date=20220302T215220
[2022-03-02 21:52:21,061] {local_task_job.py:154} INFO - Task exited with return code 0
[2022-03-02 21:52:21,118] {local_task_job.py:264} INFO - 1 downstream tasks scheduled from follow-on schedule check
