[2022-02-23 21:37:53,375] {taskinstance.py:1032} INFO - Dependencies all met for <TaskInstance: tutorial.hfghfg.hfghfg_get_data scheduled__2022-02-21T17:28:01.321646+00:00 [queued]>
[2022-02-23 21:37:53,404] {taskinstance.py:1032} INFO - Dependencies all met for <TaskInstance: tutorial.hfghfg.hfghfg_get_data scheduled__2022-02-21T17:28:01.321646+00:00 [queued]>
[2022-02-23 21:37:53,406] {taskinstance.py:1238} INFO - 
--------------------------------------------------------------------------------
[2022-02-23 21:37:53,407] {taskinstance.py:1239} INFO - Starting attempt 1 of 2
[2022-02-23 21:37:53,409] {taskinstance.py:1240} INFO - 
--------------------------------------------------------------------------------
[2022-02-23 21:37:53,442] {taskinstance.py:1259} INFO - Executing <Task(PythonOperator): hfghfg.hfghfg_get_data> on 2022-02-21 17:28:01.321646+00:00
[2022-02-23 21:37:53,448] {standard_task_runner.py:52} INFO - Started process 79 to run task
[2022-02-23 21:37:53,456] {standard_task_runner.py:76} INFO - Running: ['***', 'tasks', 'run', 'tutorial', 'hfghfg.hfghfg_get_data', 'scheduled__2022-02-21T17:28:01.321646+00:00', '--job-id', '102', '--raw', '--subdir', 'DAGS_FOLDER/test_dag.py', '--cfg-path', '/tmp/tmp7epwfjp2', '--error-file', '/tmp/tmpehextsto']
[2022-02-23 21:37:53,457] {standard_task_runner.py:77} INFO - Job 102: Subtask hfghfg.hfghfg_get_data
[2022-02-23 21:37:53,581] {logging_mixin.py:109} INFO - Running <TaskInstance: tutorial.hfghfg.hfghfg_get_data scheduled__2022-02-21T17:28:01.321646+00:00 [running]> on host ff48034dfdbf
[2022-02-23 21:37:53,688] {taskinstance.py:1426} INFO - Exporting the following env vars:
AIRFLOW_CTX_DAG_EMAIL=***@example.com
AIRFLOW_CTX_DAG_OWNER=***
AIRFLOW_CTX_DAG_ID=tutorial
AIRFLOW_CTX_TASK_ID=hfghfg.hfghfg_get_data
AIRFLOW_CTX_EXECUTION_DATE=2022-02-21T17:28:01.321646+00:00
AIRFLOW_CTX_DAG_RUN_ID=scheduled__2022-02-21T17:28:01.321646+00:00
[2022-02-23 21:38:53,709] {python.py:175} INFO - Done. Returned value was: None
[2022-02-23 21:38:53,725] {taskinstance.py:1277} INFO - Marking task as SUCCESS. dag_id=tutorial, task_id=hfghfg.hfghfg_get_data, execution_date=20220221T172801, start_date=20220223T213753, end_date=20220223T213853
[2022-02-23 21:38:53,776] {local_task_job.py:154} INFO - Task exited with return code 0
[2022-02-23 21:38:53,830] {local_task_job.py:264} INFO - 1 downstream tasks scheduled from follow-on schedule check
