[2022-04-29 15:34:34,740] {taskinstance.py:1032} INFO - Dependencies all met for <TaskInstance: cdn_daily.import_cat.check_status_of_cat manual__2022-04-29T15:29:28.902590+00:00 [queued]>
[2022-04-29 15:34:34,757] {taskinstance.py:1032} INFO - Dependencies all met for <TaskInstance: cdn_daily.import_cat.check_status_of_cat manual__2022-04-29T15:29:28.902590+00:00 [queued]>
[2022-04-29 15:34:34,758] {taskinstance.py:1238} INFO - 
--------------------------------------------------------------------------------
[2022-04-29 15:34:34,759] {taskinstance.py:1239} INFO - Starting attempt 2 of 2
[2022-04-29 15:34:34,761] {taskinstance.py:1240} INFO - 
--------------------------------------------------------------------------------
[2022-04-29 15:34:34,777] {taskinstance.py:1259} INFO - Executing <Task(PythonOperator): import_cat.check_status_of_cat> on 2022-04-29 15:29:28.902590+00:00
[2022-04-29 15:34:34,782] {standard_task_runner.py:52} INFO - Started process 3951 to run task
[2022-04-29 15:34:34,788] {standard_task_runner.py:76} INFO - Running: ['***', 'tasks', 'run', 'cdn_daily', 'import_cat.check_status_of_cat', 'manual__2022-04-29T15:29:28.902590+00:00', '--job-id', '1741', '--raw', '--subdir', 'DAGS_FOLDER/cdn_daily.py', '--cfg-path', '/tmp/tmpjry36wd9', '--error-file', '/tmp/tmpg8g3vqvr']
[2022-04-29 15:34:34,789] {standard_task_runner.py:77} INFO - Job 1741: Subtask import_cat.check_status_of_cat
[2022-04-29 15:34:34,872] {logging_mixin.py:109} INFO - Running <TaskInstance: cdn_daily.import_cat.check_status_of_cat manual__2022-04-29T15:29:28.902590+00:00 [running]> on host d5ad096ffea5
[2022-04-29 15:34:34,943] {taskinstance.py:1426} INFO - Exporting the following env vars:
AIRFLOW_CTX_DAG_EMAIL=***@example.com
AIRFLOW_CTX_DAG_OWNER=***
AIRFLOW_CTX_DAG_ID=cdn_daily
AIRFLOW_CTX_TASK_ID=import_cat.check_status_of_cat
AIRFLOW_CTX_EXECUTION_DATE=2022-04-29T15:29:28.902590+00:00
AIRFLOW_CTX_DAG_RUN_ID=manual__2022-04-29T15:29:28.902590+00:00
[2022-04-29 15:34:34,945] {logging_mixin.py:109} INFO - run_cat
[2022-04-29 15:34:34,956] {logging_mixin.py:109} INFO - None
[2022-04-29 15:34:34,967] {logging_mixin.py:109} INFO - cat.alm
[2022-04-29 15:34:34,978] {logging_mixin.py:109} INFO - 3
[2022-04-29 15:34:37,981] {python.py:175} INFO - Done. Returned value was: None
[2022-04-29 15:34:38,001] {taskinstance.py:1277} INFO - Marking task as SUCCESS. dag_id=cdn_daily, task_id=import_cat.check_status_of_cat, execution_date=20220429T152928, start_date=20220429T153434, end_date=20220429T153438
[2022-04-29 15:34:38,062] {local_task_job.py:154} INFO - Task exited with return code 0
[2022-04-29 15:34:38,116] {local_task_job.py:264} INFO - 0 downstream tasks scheduled from follow-on schedule check
