[2022-04-26 13:59:27,967] {taskinstance.py:1032} INFO - Dependencies all met for <TaskInstance: tutorial.yryrty.yryrty_print_proccesed_data scheduled__2022-04-25T13:53:09.676172+00:00 [queued]>
[2022-04-26 13:59:27,994] {taskinstance.py:1032} INFO - Dependencies all met for <TaskInstance: tutorial.yryrty.yryrty_print_proccesed_data scheduled__2022-04-25T13:53:09.676172+00:00 [queued]>
[2022-04-26 13:59:27,996] {taskinstance.py:1238} INFO - 
--------------------------------------------------------------------------------
[2022-04-26 13:59:27,997] {taskinstance.py:1239} INFO - Starting attempt 1 of 2
[2022-04-26 13:59:27,998] {taskinstance.py:1240} INFO - 
--------------------------------------------------------------------------------
[2022-04-26 13:59:28,026] {taskinstance.py:1259} INFO - Executing <Task(PythonOperator): yryrty.yryrty_print_proccesed_data> on 2022-04-25 13:53:09.676172+00:00
[2022-04-26 13:59:28,037] {standard_task_runner.py:52} INFO - Started process 441 to run task
[2022-04-26 13:59:28,044] {standard_task_runner.py:76} INFO - Running: ['***', 'tasks', 'run', 'tutorial', 'yryrty.yryrty_print_proccesed_data', 'scheduled__2022-04-25T13:53:09.676172+00:00', '--job-id', '1303', '--raw', '--subdir', 'DAGS_FOLDER/test_dag.py', '--cfg-path', '/tmp/tmp9xn2qexl', '--error-file', '/tmp/tmp232l_xid']
[2022-04-26 13:59:28,047] {standard_task_runner.py:77} INFO - Job 1303: Subtask yryrty.yryrty_print_proccesed_data
[2022-04-26 13:59:28,159] {logging_mixin.py:109} INFO - Running <TaskInstance: tutorial.yryrty.yryrty_print_proccesed_data scheduled__2022-04-25T13:53:09.676172+00:00 [running]> on host ff48034dfdbf
[2022-04-26 13:59:28,307] {taskinstance.py:1426} INFO - Exporting the following env vars:
AIRFLOW_CTX_DAG_EMAIL=***@example.com
AIRFLOW_CTX_DAG_OWNER=***
AIRFLOW_CTX_DAG_ID=tutorial
AIRFLOW_CTX_TASK_ID=yryrty.yryrty_print_proccesed_data
AIRFLOW_CTX_EXECUTION_DATE=2022-04-25T13:53:09.676172+00:00
AIRFLOW_CTX_DAG_RUN_ID=scheduled__2022-04-25T13:53:09.676172+00:00
[2022-04-26 14:00:28,327] {python.py:175} INFO - Done. Returned value was: None
[2022-04-26 14:00:28,354] {taskinstance.py:1277} INFO - Marking task as SUCCESS. dag_id=tutorial, task_id=yryrty.yryrty_print_proccesed_data, execution_date=20220425T135309, start_date=20220426T135927, end_date=20220426T140028
[2022-04-26 14:00:28,389] {local_task_job.py:154} INFO - Task exited with return code 0
[2022-04-26 14:00:28,519] {local_task_job.py:264} INFO - 0 downstream tasks scheduled from follow-on schedule check
