[2022-04-28 15:40:16,376] {taskinstance.py:1032} INFO - Dependencies all met for <TaskInstance: cdn_daily.import_cat.run_cat.alm manual__2022-04-28T15:40:13.098147+00:00 [queued]>
[2022-04-28 15:40:16,394] {taskinstance.py:1032} INFO - Dependencies all met for <TaskInstance: cdn_daily.import_cat.run_cat.alm manual__2022-04-28T15:40:13.098147+00:00 [queued]>
[2022-04-28 15:40:16,395] {taskinstance.py:1238} INFO - 
--------------------------------------------------------------------------------
[2022-04-28 15:40:16,396] {taskinstance.py:1239} INFO - Starting attempt 1 of 2
[2022-04-28 15:40:16,398] {taskinstance.py:1240} INFO - 
--------------------------------------------------------------------------------
[2022-04-28 15:40:16,417] {taskinstance.py:1259} INFO - Executing <Task(PythonOperator): import_cat.run_cat.alm> on 2022-04-28 15:40:13.098147+00:00
[2022-04-28 15:40:16,424] {standard_task_runner.py:52} INFO - Started process 1924 to run task
[2022-04-28 15:40:16,429] {standard_task_runner.py:76} INFO - Running: ['***', 'tasks', 'run', 'cdn_daily', 'import_cat.run_cat.alm', 'manual__2022-04-28T15:40:13.098147+00:00', '--job-id', '1467', '--raw', '--subdir', 'DAGS_FOLDER/cdn_daily.py', '--cfg-path', '/tmp/tmply6he1fb', '--error-file', '/tmp/tmpv9qnifu1']
[2022-04-28 15:40:16,431] {standard_task_runner.py:77} INFO - Job 1467: Subtask import_cat.run_cat.alm
[2022-04-28 15:40:16,530] {logging_mixin.py:109} INFO - Running <TaskInstance: cdn_daily.import_cat.run_cat.alm manual__2022-04-28T15:40:13.098147+00:00 [running]> on host d5ad096ffea5
[2022-04-28 15:40:16,612] {taskinstance.py:1426} INFO - Exporting the following env vars:
AIRFLOW_CTX_DAG_EMAIL=***@example.com
AIRFLOW_CTX_DAG_OWNER=***
AIRFLOW_CTX_DAG_ID=cdn_daily
AIRFLOW_CTX_TASK_ID=import_cat.run_cat.alm
AIRFLOW_CTX_EXECUTION_DATE=2022-04-28T15:40:13.098147+00:00
AIRFLOW_CTX_DAG_RUN_ID=manual__2022-04-28T15:40:13.098147+00:00
[2022-04-28 15:40:16,646] {python.py:175} INFO - Done. Returned value was: None
[2022-04-28 15:40:16,669] {taskinstance.py:1277} INFO - Marking task as SUCCESS. dag_id=cdn_daily, task_id=import_cat.run_cat.alm, execution_date=20220428T154013, start_date=20220428T154016, end_date=20220428T154016
[2022-04-28 15:40:16,725] {local_task_job.py:154} INFO - Task exited with return code 0
[2022-04-28 15:40:16,809] {local_task_job.py:264} INFO - 1 downstream tasks scheduled from follow-on schedule check
