[2022-03-14 12:14:25,266] {taskinstance.py:1032} INFO - Dependencies all met for <TaskInstance: tutorial.dqsdqsd.dqsdqsd_print_proccesed_data scheduled__2022-03-13T12:05:20.517459+00:00 [queued]>
[2022-03-14 12:14:25,284] {taskinstance.py:1032} INFO - Dependencies all met for <TaskInstance: tutorial.dqsdqsd.dqsdqsd_print_proccesed_data scheduled__2022-03-13T12:05:20.517459+00:00 [queued]>
[2022-03-14 12:14:25,285] {taskinstance.py:1238} INFO - 
--------------------------------------------------------------------------------
[2022-03-14 12:14:25,286] {taskinstance.py:1239} INFO - Starting attempt 1 of 2
[2022-03-14 12:14:25,287] {taskinstance.py:1240} INFO - 
--------------------------------------------------------------------------------
[2022-03-14 12:14:25,303] {taskinstance.py:1259} INFO - Executing <Task(PythonOperator): dqsdqsd.dqsdqsd_print_proccesed_data> on 2022-03-13 12:05:20.517459+00:00
[2022-03-14 12:14:25,309] {standard_task_runner.py:52} INFO - Started process 1400 to run task
[2022-03-14 12:14:25,313] {standard_task_runner.py:76} INFO - Running: ['***', 'tasks', 'run', 'tutorial', 'dqsdqsd.dqsdqsd_print_proccesed_data', 'scheduled__2022-03-13T12:05:20.517459+00:00', '--job-id', '905', '--raw', '--subdir', 'DAGS_FOLDER/test_dag.py', '--cfg-path', '/tmp/tmpltilqv2q', '--error-file', '/tmp/tmpli92v53o']
[2022-03-14 12:14:25,315] {standard_task_runner.py:77} INFO - Job 905: Subtask dqsdqsd.dqsdqsd_print_proccesed_data
[2022-03-14 12:14:25,397] {logging_mixin.py:109} INFO - Running <TaskInstance: tutorial.dqsdqsd.dqsdqsd_print_proccesed_data scheduled__2022-03-13T12:05:20.517459+00:00 [running]> on host ff48034dfdbf
[2022-03-14 12:14:25,470] {taskinstance.py:1426} INFO - Exporting the following env vars:
AIRFLOW_CTX_DAG_EMAIL=***@example.com
AIRFLOW_CTX_DAG_OWNER=***
AIRFLOW_CTX_DAG_ID=tutorial
AIRFLOW_CTX_TASK_ID=dqsdqsd.dqsdqsd_print_proccesed_data
AIRFLOW_CTX_EXECUTION_DATE=2022-03-13T12:05:20.517459+00:00
AIRFLOW_CTX_DAG_RUN_ID=scheduled__2022-03-13T12:05:20.517459+00:00
[2022-03-14 12:15:25,488] {python.py:175} INFO - Done. Returned value was: None
[2022-03-14 12:15:25,522] {taskinstance.py:1277} INFO - Marking task as SUCCESS. dag_id=tutorial, task_id=dqsdqsd.dqsdqsd_print_proccesed_data, execution_date=20220313T120520, start_date=20220314T121425, end_date=20220314T121525
[2022-03-14 12:15:25,587] {local_task_job.py:154} INFO - Task exited with return code 0
[2022-03-14 12:15:25,628] {local_task_job.py:264} INFO - 0 downstream tasks scheduled from follow-on schedule check
