[2022-04-28 15:40:16,433] {taskinstance.py:1032} INFO - Dependencies all met for <TaskInstance: cdn_daily.import_bsre.run_bsre.alm manual__2022-04-28T15:40:13.098147+00:00 [queued]>
[2022-04-28 15:40:16,449] {taskinstance.py:1032} INFO - Dependencies all met for <TaskInstance: cdn_daily.import_bsre.run_bsre.alm manual__2022-04-28T15:40:13.098147+00:00 [queued]>
[2022-04-28 15:40:16,451] {taskinstance.py:1238} INFO - 
--------------------------------------------------------------------------------
[2022-04-28 15:40:16,452] {taskinstance.py:1239} INFO - Starting attempt 1 of 2
[2022-04-28 15:40:16,454] {taskinstance.py:1240} INFO - 
--------------------------------------------------------------------------------
[2022-04-28 15:40:16,470] {taskinstance.py:1259} INFO - Executing <Task(PythonOperator): import_bsre.run_bsre.alm> on 2022-04-28 15:40:13.098147+00:00
[2022-04-28 15:40:16,477] {standard_task_runner.py:52} INFO - Started process 1925 to run task
[2022-04-28 15:40:16,484] {standard_task_runner.py:76} INFO - Running: ['***', 'tasks', 'run', 'cdn_daily', 'import_bsre.run_bsre.alm', 'manual__2022-04-28T15:40:13.098147+00:00', '--job-id', '1468', '--raw', '--subdir', 'DAGS_FOLDER/cdn_daily.py', '--cfg-path', '/tmp/tmph9p38h28', '--error-file', '/tmp/tmp1m3o01kt']
[2022-04-28 15:40:16,486] {standard_task_runner.py:77} INFO - Job 1468: Subtask import_bsre.run_bsre.alm
[2022-04-28 15:40:16,585] {logging_mixin.py:109} INFO - Running <TaskInstance: cdn_daily.import_bsre.run_bsre.alm manual__2022-04-28T15:40:13.098147+00:00 [running]> on host d5ad096ffea5
[2022-04-28 15:40:16,678] {taskinstance.py:1426} INFO - Exporting the following env vars:
AIRFLOW_CTX_DAG_EMAIL=***@example.com
AIRFLOW_CTX_DAG_OWNER=***
AIRFLOW_CTX_DAG_ID=cdn_daily
AIRFLOW_CTX_TASK_ID=import_bsre.run_bsre.alm
AIRFLOW_CTX_EXECUTION_DATE=2022-04-28T15:40:13.098147+00:00
AIRFLOW_CTX_DAG_RUN_ID=manual__2022-04-28T15:40:13.098147+00:00
[2022-04-28 15:40:16,710] {python.py:175} INFO - Done. Returned value was: None
[2022-04-28 15:40:16,730] {taskinstance.py:1277} INFO - Marking task as SUCCESS. dag_id=cdn_daily, task_id=import_bsre.run_bsre.alm, execution_date=20220428T154013, start_date=20220428T154016, end_date=20220428T154016
[2022-04-28 15:40:16,781] {local_task_job.py:154} INFO - Task exited with return code 0
[2022-04-28 15:40:16,858] {local_task_job.py:264} INFO - 1 downstream tasks scheduled from follow-on schedule check
