[2022-04-30 12:52:42,061] {taskinstance.py:1032} INFO - Dependencies all met for <TaskInstance: tutorial.xsxsxqc.xsxsxqc_get_data scheduled__2022-04-29T12:29:40.424433+00:00 [queued]>
[2022-04-30 12:52:42,087] {taskinstance.py:1032} INFO - Dependencies all met for <TaskInstance: tutorial.xsxsxqc.xsxsxqc_get_data scheduled__2022-04-29T12:29:40.424433+00:00 [queued]>
[2022-04-30 12:52:42,089] {taskinstance.py:1238} INFO - 
--------------------------------------------------------------------------------
[2022-04-30 12:52:42,093] {taskinstance.py:1239} INFO - Starting attempt 1 of 2
[2022-04-30 12:52:42,094] {taskinstance.py:1240} INFO - 
--------------------------------------------------------------------------------
[2022-04-30 12:52:42,129] {taskinstance.py:1259} INFO - Executing <Task(PythonOperator): xsxsxqc.xsxsxqc_get_data> on 2022-04-29 12:29:40.424433+00:00
[2022-04-30 12:52:42,141] {standard_task_runner.py:52} INFO - Started process 83 to run task
[2022-04-30 12:52:42,147] {standard_task_runner.py:76} INFO - Running: ['***', 'tasks', 'run', 'tutorial', 'xsxsxqc.xsxsxqc_get_data', 'scheduled__2022-04-29T12:29:40.424433+00:00', '--job-id', '1763', '--raw', '--subdir', 'DAGS_FOLDER/test_dag.py', '--cfg-path', '/tmp/tmpmmi2i4k4', '--error-file', '/tmp/tmp9o1mko7z']
[2022-04-30 12:52:42,149] {standard_task_runner.py:77} INFO - Job 1763: Subtask xsxsxqc.xsxsxqc_get_data
[2022-04-30 12:52:42,291] {logging_mixin.py:109} INFO - Running <TaskInstance: tutorial.xsxsxqc.xsxsxqc_get_data scheduled__2022-04-29T12:29:40.424433+00:00 [running]> on host d5ad096ffea5
[2022-04-30 12:52:42,402] {taskinstance.py:1426} INFO - Exporting the following env vars:
AIRFLOW_CTX_DAG_EMAIL=***@example.com
AIRFLOW_CTX_DAG_OWNER=***
AIRFLOW_CTX_DAG_ID=tutorial
AIRFLOW_CTX_TASK_ID=xsxsxqc.xsxsxqc_get_data
AIRFLOW_CTX_EXECUTION_DATE=2022-04-29T12:29:40.424433+00:00
AIRFLOW_CTX_DAG_RUN_ID=scheduled__2022-04-29T12:29:40.424433+00:00
[2022-04-30 12:53:42,420] {python.py:175} INFO - Done. Returned value was: None
[2022-04-30 12:53:42,446] {taskinstance.py:1277} INFO - Marking task as SUCCESS. dag_id=tutorial, task_id=xsxsxqc.xsxsxqc_get_data, execution_date=20220429T122940, start_date=20220430T125242, end_date=20220430T125342
[2022-04-30 12:53:42,495] {local_task_job.py:154} INFO - Task exited with return code 0
[2022-04-30 12:53:42,583] {local_task_job.py:264} INFO - 1 downstream tasks scheduled from follow-on schedule check
