[2022-03-28 12:54:27,727] {taskinstance.py:1032} INFO - Dependencies all met for <TaskInstance: tutorial.xsxsxqc.xsxsxqc_print_proccesed_data scheduled__2022-03-27T12:47:50.362235+00:00 [queued]>
[2022-03-28 12:54:27,749] {taskinstance.py:1032} INFO - Dependencies all met for <TaskInstance: tutorial.xsxsxqc.xsxsxqc_print_proccesed_data scheduled__2022-03-27T12:47:50.362235+00:00 [queued]>
[2022-03-28 12:54:27,750] {taskinstance.py:1238} INFO - 
--------------------------------------------------------------------------------
[2022-03-28 12:54:27,751] {taskinstance.py:1239} INFO - Starting attempt 1 of 2
[2022-03-28 12:54:27,751] {taskinstance.py:1240} INFO - 
--------------------------------------------------------------------------------
[2022-03-28 12:54:27,767] {taskinstance.py:1259} INFO - Executing <Task(PythonOperator): xsxsxqc.xsxsxqc_print_proccesed_data> on 2022-03-27 12:47:50.362235+00:00
[2022-03-28 12:54:27,773] {standard_task_runner.py:52} INFO - Started process 447 to run task
[2022-03-28 12:54:27,778] {standard_task_runner.py:76} INFO - Running: ['***', 'tasks', 'run', 'tutorial', 'xsxsxqc.xsxsxqc_print_proccesed_data', 'scheduled__2022-03-27T12:47:50.362235+00:00', '--job-id', '1013', '--raw', '--subdir', 'DAGS_FOLDER/test_dag.py', '--cfg-path', '/tmp/tmphi44cltc', '--error-file', '/tmp/tmpk5sp0m3r']
[2022-03-28 12:54:27,779] {standard_task_runner.py:77} INFO - Job 1013: Subtask xsxsxqc.xsxsxqc_print_proccesed_data
[2022-03-28 12:54:27,866] {logging_mixin.py:109} INFO - Running <TaskInstance: tutorial.xsxsxqc.xsxsxqc_print_proccesed_data scheduled__2022-03-27T12:47:50.362235+00:00 [running]> on host ff48034dfdbf
[2022-03-28 12:54:27,954] {taskinstance.py:1426} INFO - Exporting the following env vars:
AIRFLOW_CTX_DAG_EMAIL=***@example.com
AIRFLOW_CTX_DAG_OWNER=***
AIRFLOW_CTX_DAG_ID=tutorial
AIRFLOW_CTX_TASK_ID=xsxsxqc.xsxsxqc_print_proccesed_data
AIRFLOW_CTX_EXECUTION_DATE=2022-03-27T12:47:50.362235+00:00
AIRFLOW_CTX_DAG_RUN_ID=scheduled__2022-03-27T12:47:50.362235+00:00
[2022-03-28 12:55:27,916] {python.py:175} INFO - Done. Returned value was: None
[2022-03-28 12:55:27,966] {taskinstance.py:1277} INFO - Marking task as SUCCESS. dag_id=tutorial, task_id=xsxsxqc.xsxsxqc_print_proccesed_data, execution_date=20220327T124750, start_date=20220328T125427, end_date=20220328T125527
[2022-03-28 12:55:28,030] {local_task_job.py:154} INFO - Task exited with return code 0
[2022-03-28 12:55:28,148] {local_task_job.py:264} INFO - 0 downstream tasks scheduled from follow-on schedule check
