[2022-03-28 12:50:22,024] {taskinstance.py:1032} INFO - Dependencies all met for <TaskInstance: tutorial.eaeaz.eaeaz_proccess_data scheduled__2022-03-15T12:05:20.517459+00:00 [queued]>
[2022-03-28 12:50:22,063] {taskinstance.py:1032} INFO - Dependencies all met for <TaskInstance: tutorial.eaeaz.eaeaz_proccess_data scheduled__2022-03-15T12:05:20.517459+00:00 [queued]>
[2022-03-28 12:50:22,065] {taskinstance.py:1238} INFO - 
--------------------------------------------------------------------------------
[2022-03-28 12:50:22,067] {taskinstance.py:1239} INFO - Starting attempt 1 of 2
[2022-03-28 12:50:22,069] {taskinstance.py:1240} INFO - 
--------------------------------------------------------------------------------
[2022-03-28 12:50:22,099] {taskinstance.py:1259} INFO - Executing <Task(PythonOperator): eaeaz.eaeaz_proccess_data> on 2022-03-15 12:05:20.517459+00:00
[2022-03-28 12:50:22,108] {standard_task_runner.py:52} INFO - Started process 210 to run task
[2022-03-28 12:50:22,117] {standard_task_runner.py:76} INFO - Running: ['***', 'tasks', 'run', 'tutorial', 'eaeaz.eaeaz_proccess_data', 'scheduled__2022-03-15T12:05:20.517459+00:00', '--job-id', '975', '--raw', '--subdir', 'DAGS_FOLDER/test_dag.py', '--cfg-path', '/tmp/tmpocf7tpew', '--error-file', '/tmp/tmpy2z3qkte']
[2022-03-28 12:50:22,118] {standard_task_runner.py:77} INFO - Job 975: Subtask eaeaz.eaeaz_proccess_data
[2022-03-28 12:50:22,244] {logging_mixin.py:109} INFO - Running <TaskInstance: tutorial.eaeaz.eaeaz_proccess_data scheduled__2022-03-15T12:05:20.517459+00:00 [running]> on host ff48034dfdbf
[2022-03-28 12:50:22,366] {taskinstance.py:1426} INFO - Exporting the following env vars:
AIRFLOW_CTX_DAG_EMAIL=***@example.com
AIRFLOW_CTX_DAG_OWNER=***
AIRFLOW_CTX_DAG_ID=tutorial
AIRFLOW_CTX_TASK_ID=eaeaz.eaeaz_proccess_data
AIRFLOW_CTX_EXECUTION_DATE=2022-03-15T12:05:20.517459+00:00
AIRFLOW_CTX_DAG_RUN_ID=scheduled__2022-03-15T12:05:20.517459+00:00
[2022-03-28 12:51:22,387] {python.py:175} INFO - Done. Returned value was: None
[2022-03-28 12:51:22,437] {taskinstance.py:1277} INFO - Marking task as SUCCESS. dag_id=tutorial, task_id=eaeaz.eaeaz_proccess_data, execution_date=20220315T120520, start_date=20220328T125022, end_date=20220328T125122
[2022-03-28 12:51:22,516] {local_task_job.py:154} INFO - Task exited with return code 0
[2022-03-28 12:51:22,586] {local_task_job.py:264} INFO - 1 downstream tasks scheduled from follow-on schedule check
