[2022-03-05 10:25:47,159] {taskinstance.py:1032} INFO - Dependencies all met for <TaskInstance: tutorial.bsre.bsre_get_data scheduled__2022-03-04T10:23:38.063243+00:00 [queued]>
[2022-03-05 10:25:47,186] {taskinstance.py:1032} INFO - Dependencies all met for <TaskInstance: tutorial.bsre.bsre_get_data scheduled__2022-03-04T10:23:38.063243+00:00 [queued]>
[2022-03-05 10:25:47,190] {taskinstance.py:1238} INFO - 
--------------------------------------------------------------------------------
[2022-03-05 10:25:47,193] {taskinstance.py:1239} INFO - Starting attempt 1 of 2
[2022-03-05 10:25:47,196] {taskinstance.py:1240} INFO - 
--------------------------------------------------------------------------------
[2022-03-05 10:25:47,235] {taskinstance.py:1259} INFO - Executing <Task(PythonOperator): bsre.bsre_get_data> on 2022-03-04 10:23:38.063243+00:00
[2022-03-05 10:25:47,248] {standard_task_runner.py:52} INFO - Started process 201 to run task
[2022-03-05 10:25:47,254] {standard_task_runner.py:76} INFO - Running: ['***', 'tasks', 'run', 'tutorial', 'bsre.bsre_get_data', 'scheduled__2022-03-04T10:23:38.063243+00:00', '--job-id', '501', '--raw', '--subdir', 'DAGS_FOLDER/test_dag.py', '--cfg-path', '/tmp/tmp0kdgdmzd', '--error-file', '/tmp/tmp_6embwew']
[2022-03-05 10:25:47,259] {standard_task_runner.py:77} INFO - Job 501: Subtask bsre.bsre_get_data
[2022-03-05 10:25:47,414] {logging_mixin.py:109} INFO - Running <TaskInstance: tutorial.bsre.bsre_get_data scheduled__2022-03-04T10:23:38.063243+00:00 [running]> on host ff48034dfdbf
[2022-03-05 10:25:47,550] {taskinstance.py:1426} INFO - Exporting the following env vars:
AIRFLOW_CTX_DAG_EMAIL=***@example.com
AIRFLOW_CTX_DAG_OWNER=***
AIRFLOW_CTX_DAG_ID=tutorial
AIRFLOW_CTX_TASK_ID=bsre.bsre_get_data
AIRFLOW_CTX_EXECUTION_DATE=2022-03-04T10:23:38.063243+00:00
AIRFLOW_CTX_DAG_RUN_ID=scheduled__2022-03-04T10:23:38.063243+00:00
[2022-03-05 10:26:47,572] {python.py:175} INFO - Done. Returned value was: None
[2022-03-05 10:26:47,590] {taskinstance.py:1277} INFO - Marking task as SUCCESS. dag_id=tutorial, task_id=bsre.bsre_get_data, execution_date=20220304T102338, start_date=20220305T102547, end_date=20220305T102647
[2022-03-05 10:26:47,648] {local_task_job.py:154} INFO - Task exited with return code 0
[2022-03-05 10:26:47,691] {local_task_job.py:264} INFO - 1 downstream tasks scheduled from follow-on schedule check
