[2022-02-26 11:39:19,494] {taskinstance.py:1032} INFO - Dependencies all met for <TaskInstance: tutorial.dqsdqsd.dqsdqsd_print_proccesed_data scheduled__2022-02-24T21:44:04.431894+00:00 [queued]>
[2022-02-26 11:39:19,522] {taskinstance.py:1032} INFO - Dependencies all met for <TaskInstance: tutorial.dqsdqsd.dqsdqsd_print_proccesed_data scheduled__2022-02-24T21:44:04.431894+00:00 [queued]>
[2022-02-26 11:39:19,523] {taskinstance.py:1238} INFO - 
--------------------------------------------------------------------------------
[2022-02-26 11:39:19,524] {taskinstance.py:1239} INFO - Starting attempt 1 of 2
[2022-02-26 11:39:19,525] {taskinstance.py:1240} INFO - 
--------------------------------------------------------------------------------
[2022-02-26 11:39:19,565] {taskinstance.py:1259} INFO - Executing <Task(PythonOperator): dqsdqsd.dqsdqsd_print_proccesed_data> on 2022-02-24 21:44:04.431894+00:00
[2022-02-26 11:39:19,576] {standard_task_runner.py:52} INFO - Started process 266 to run task
[2022-02-26 11:39:19,585] {standard_task_runner.py:76} INFO - Running: ['***', 'tasks', 'run', 'tutorial', 'dqsdqsd.dqsdqsd_print_proccesed_data', 'scheduled__2022-02-24T21:44:04.431894+00:00', '--job-id', '282', '--raw', '--subdir', 'DAGS_FOLDER/test_dag.py', '--cfg-path', '/tmp/tmpfn8_3pj4', '--error-file', '/tmp/tmptai2s7h2']
[2022-02-26 11:39:19,587] {standard_task_runner.py:77} INFO - Job 282: Subtask dqsdqsd.dqsdqsd_print_proccesed_data
[2022-02-26 11:39:19,718] {logging_mixin.py:109} INFO - Running <TaskInstance: tutorial.dqsdqsd.dqsdqsd_print_proccesed_data scheduled__2022-02-24T21:44:04.431894+00:00 [running]> on host ff48034dfdbf
[2022-02-26 11:39:19,820] {taskinstance.py:1426} INFO - Exporting the following env vars:
AIRFLOW_CTX_DAG_EMAIL=***@example.com
AIRFLOW_CTX_DAG_OWNER=***
AIRFLOW_CTX_DAG_ID=tutorial
AIRFLOW_CTX_TASK_ID=dqsdqsd.dqsdqsd_print_proccesed_data
AIRFLOW_CTX_EXECUTION_DATE=2022-02-24T21:44:04.431894+00:00
AIRFLOW_CTX_DAG_RUN_ID=scheduled__2022-02-24T21:44:04.431894+00:00
[2022-02-26 11:40:19,779] {python.py:175} INFO - Done. Returned value was: None
[2022-02-26 11:40:19,790] {taskinstance.py:1277} INFO - Marking task as SUCCESS. dag_id=tutorial, task_id=dqsdqsd.dqsdqsd_print_proccesed_data, execution_date=20220224T214404, start_date=20220226T113919, end_date=20220226T114019
[2022-02-26 11:40:19,826] {local_task_job.py:154} INFO - Task exited with return code 0
[2022-02-26 11:40:19,870] {local_task_job.py:264} INFO - 0 downstream tasks scheduled from follow-on schedule check
