[2022-02-19 21:37:10,646] {taskinstance.py:1032} INFO - Dependencies all met for <TaskInstance: tutorial.dqsdqsd.dqsdqsd_proccess_data manual__2022-02-19T21:36:05.015535+00:00 [queued]>
[2022-02-19 21:37:10,660] {taskinstance.py:1032} INFO - Dependencies all met for <TaskInstance: tutorial.dqsdqsd.dqsdqsd_proccess_data manual__2022-02-19T21:36:05.015535+00:00 [queued]>
[2022-02-19 21:37:10,661] {taskinstance.py:1238} INFO - 
--------------------------------------------------------------------------------
[2022-02-19 21:37:10,662] {taskinstance.py:1239} INFO - Starting attempt 1 of 2
[2022-02-19 21:37:10,663] {taskinstance.py:1240} INFO - 
--------------------------------------------------------------------------------
[2022-02-19 21:37:10,682] {taskinstance.py:1259} INFO - Executing <Task(PythonOperator): dqsdqsd.dqsdqsd_proccess_data> on 2022-02-19 21:36:05.015535+00:00
[2022-02-19 21:37:10,688] {standard_task_runner.py:52} INFO - Started process 4672 to run task
[2022-02-19 21:37:10,694] {standard_task_runner.py:76} INFO - Running: ['***', 'tasks', 'run', 'tutorial', 'dqsdqsd.dqsdqsd_proccess_data', 'manual__2022-02-19T21:36:05.015535+00:00', '--job-id', '21', '--raw', '--subdir', 'DAGS_FOLDER/test_dag.py', '--cfg-path', '/tmp/tmpds0eghh7', '--error-file', '/tmp/tmp4magbqmx']
[2022-02-19 21:37:10,696] {standard_task_runner.py:77} INFO - Job 21: Subtask dqsdqsd.dqsdqsd_proccess_data
[2022-02-19 21:37:10,821] {logging_mixin.py:109} INFO - Running <TaskInstance: tutorial.dqsdqsd.dqsdqsd_proccess_data manual__2022-02-19T21:36:05.015535+00:00 [running]> on host ff48034dfdbf
[2022-02-19 21:37:10,973] {taskinstance.py:1426} INFO - Exporting the following env vars:
AIRFLOW_CTX_DAG_EMAIL=***@example.com
AIRFLOW_CTX_DAG_OWNER=***
AIRFLOW_CTX_DAG_ID=tutorial
AIRFLOW_CTX_TASK_ID=dqsdqsd.dqsdqsd_proccess_data
AIRFLOW_CTX_EXECUTION_DATE=2022-02-19T21:36:05.015535+00:00
AIRFLOW_CTX_DAG_RUN_ID=manual__2022-02-19T21:36:05.015535+00:00
[2022-02-19 21:38:10,918] {python.py:175} INFO - Done. Returned value was: None
[2022-02-19 21:38:10,933] {taskinstance.py:1277} INFO - Marking task as SUCCESS. dag_id=tutorial, task_id=dqsdqsd.dqsdqsd_proccess_data, execution_date=20220219T213605, start_date=20220219T213710, end_date=20220219T213810
[2022-02-19 21:38:10,957] {local_task_job.py:154} INFO - Task exited with return code 0
[2022-02-19 21:38:10,992] {local_task_job.py:264} INFO - 1 downstream tasks scheduled from follow-on schedule check
