[2022-02-27 17:17:54,095] {taskinstance.py:1032} INFO - Dependencies all met for <TaskInstance: tutorial.bsre.bsre_get_data scheduled__2022-02-25T21:44:04.431894+00:00 [queued]>
[2022-02-27 17:17:54,117] {taskinstance.py:1032} INFO - Dependencies all met for <TaskInstance: tutorial.bsre.bsre_get_data scheduled__2022-02-25T21:44:04.431894+00:00 [queued]>
[2022-02-27 17:17:54,118] {taskinstance.py:1238} INFO - 
--------------------------------------------------------------------------------
[2022-02-27 17:17:54,119] {taskinstance.py:1239} INFO - Starting attempt 1 of 2
[2022-02-27 17:17:54,119] {taskinstance.py:1240} INFO - 
--------------------------------------------------------------------------------
[2022-02-27 17:17:54,132] {taskinstance.py:1259} INFO - Executing <Task(PythonOperator): bsre.bsre_get_data> on 2022-02-25 21:44:04.431894+00:00
[2022-02-27 17:17:54,137] {standard_task_runner.py:52} INFO - Started process 77 to run task
[2022-02-27 17:17:54,141] {standard_task_runner.py:76} INFO - Running: ['***', 'tasks', 'run', 'tutorial', 'bsre.bsre_get_data', 'scheduled__2022-02-25T21:44:04.431894+00:00', '--job-id', '289', '--raw', '--subdir', 'DAGS_FOLDER/test_dag.py', '--cfg-path', '/tmp/tmpszks7hsm', '--error-file', '/tmp/tmpo2h55bup']
[2022-02-27 17:17:54,143] {standard_task_runner.py:77} INFO - Job 289: Subtask bsre.bsre_get_data
[2022-02-27 17:17:54,216] {logging_mixin.py:109} INFO - Running <TaskInstance: tutorial.bsre.bsre_get_data scheduled__2022-02-25T21:44:04.431894+00:00 [running]> on host ff48034dfdbf
[2022-02-27 17:17:54,296] {taskinstance.py:1426} INFO - Exporting the following env vars:
AIRFLOW_CTX_DAG_EMAIL=***@example.com
AIRFLOW_CTX_DAG_OWNER=***
AIRFLOW_CTX_DAG_ID=tutorial
AIRFLOW_CTX_TASK_ID=bsre.bsre_get_data
AIRFLOW_CTX_EXECUTION_DATE=2022-02-25T21:44:04.431894+00:00
AIRFLOW_CTX_DAG_RUN_ID=scheduled__2022-02-25T21:44:04.431894+00:00
[2022-02-27 17:18:54,284] {python.py:175} INFO - Done. Returned value was: None
[2022-02-27 17:18:54,296] {taskinstance.py:1277} INFO - Marking task as SUCCESS. dag_id=tutorial, task_id=bsre.bsre_get_data, execution_date=20220225T214404, start_date=20220227T171754, end_date=20220227T171854
[2022-02-27 17:18:54,315] {local_task_job.py:154} INFO - Task exited with return code 0
[2022-02-27 17:18:54,349] {local_task_job.py:264} INFO - 1 downstream tasks scheduled from follow-on schedule check
