[2022-03-14 11:52:01,701] {taskinstance.py:1032} INFO - Dependencies all met for <TaskInstance: tutorial.dqsdqsd.dqsdqsd_get_data scheduled__2022-03-08T18:13:06.710203+00:00 [queued]>
[2022-03-14 11:52:01,730] {taskinstance.py:1032} INFO - Dependencies all met for <TaskInstance: tutorial.dqsdqsd.dqsdqsd_get_data scheduled__2022-03-08T18:13:06.710203+00:00 [queued]>
[2022-03-14 11:52:01,733] {taskinstance.py:1238} INFO - 
--------------------------------------------------------------------------------
[2022-03-14 11:52:01,736] {taskinstance.py:1239} INFO - Starting attempt 1 of 2
[2022-03-14 11:52:01,738] {taskinstance.py:1240} INFO - 
--------------------------------------------------------------------------------
[2022-03-14 11:52:01,770] {taskinstance.py:1259} INFO - Executing <Task(PythonOperator): dqsdqsd.dqsdqsd_get_data> on 2022-03-08 18:13:06.710203+00:00
[2022-03-14 11:52:01,778] {standard_task_runner.py:52} INFO - Started process 96 to run task
[2022-03-14 11:52:01,785] {standard_task_runner.py:76} INFO - Running: ['***', 'tasks', 'run', 'tutorial', 'dqsdqsd.dqsdqsd_get_data', 'scheduled__2022-03-08T18:13:06.710203+00:00', '--job-id', '693', '--raw', '--subdir', 'DAGS_FOLDER/test_dag.py', '--cfg-path', '/tmp/tmplkvxhjo5', '--error-file', '/tmp/tmpf_kzi762']
[2022-03-14 11:52:01,787] {standard_task_runner.py:77} INFO - Job 693: Subtask dqsdqsd.dqsdqsd_get_data
[2022-03-14 11:52:01,929] {logging_mixin.py:109} INFO - Running <TaskInstance: tutorial.dqsdqsd.dqsdqsd_get_data scheduled__2022-03-08T18:13:06.710203+00:00 [running]> on host ff48034dfdbf
[2022-03-14 11:52:02,045] {taskinstance.py:1426} INFO - Exporting the following env vars:
AIRFLOW_CTX_DAG_EMAIL=***@example.com
AIRFLOW_CTX_DAG_OWNER=***
AIRFLOW_CTX_DAG_ID=tutorial
AIRFLOW_CTX_TASK_ID=dqsdqsd.dqsdqsd_get_data
AIRFLOW_CTX_EXECUTION_DATE=2022-03-08T18:13:06.710203+00:00
AIRFLOW_CTX_DAG_RUN_ID=scheduled__2022-03-08T18:13:06.710203+00:00
[2022-03-14 11:53:02,065] {python.py:175} INFO - Done. Returned value was: None
[2022-03-14 11:53:02,117] {taskinstance.py:1277} INFO - Marking task as SUCCESS. dag_id=tutorial, task_id=dqsdqsd.dqsdqsd_get_data, execution_date=20220308T181306, start_date=20220314T115201, end_date=20220314T115302
[2022-03-14 11:53:02,220] {local_task_job.py:154} INFO - Task exited with return code 0
[2022-03-14 11:53:02,448] {local_task_job.py:264} INFO - 1 downstream tasks scheduled from follow-on schedule check
