[2022-02-23 21:45:05,043] {taskinstance.py:1032} INFO - Dependencies all met for <TaskInstance: tutorial.dqsdqsd.dqsdqsd_get_data scheduled__2022-02-22T21:44:04.027723+00:00 [queued]>
[2022-02-23 21:45:05,073] {taskinstance.py:1032} INFO - Dependencies all met for <TaskInstance: tutorial.dqsdqsd.dqsdqsd_get_data scheduled__2022-02-22T21:44:04.027723+00:00 [queued]>
[2022-02-23 21:45:05,074] {taskinstance.py:1238} INFO - 
--------------------------------------------------------------------------------
[2022-02-23 21:45:05,075] {taskinstance.py:1239} INFO - Starting attempt 1 of 2
[2022-02-23 21:45:05,076] {taskinstance.py:1240} INFO - 
--------------------------------------------------------------------------------
[2022-02-23 21:45:05,090] {taskinstance.py:1259} INFO - Executing <Task(PythonOperator): dqsdqsd.dqsdqsd_get_data> on 2022-02-22 21:44:04.027723+00:00
[2022-02-23 21:45:05,095] {standard_task_runner.py:52} INFO - Started process 515 to run task
[2022-02-23 21:45:05,101] {standard_task_runner.py:76} INFO - Running: ['***', 'tasks', 'run', 'tutorial', 'dqsdqsd.dqsdqsd_get_data', 'scheduled__2022-02-22T21:44:04.027723+00:00', '--job-id', '172', '--raw', '--subdir', 'DAGS_FOLDER/test_dag.py', '--cfg-path', '/tmp/tmpmm0sn2d5', '--error-file', '/tmp/tmpczhjwph2']
[2022-02-23 21:45:05,103] {standard_task_runner.py:77} INFO - Job 172: Subtask dqsdqsd.dqsdqsd_get_data
[2022-02-23 21:45:05,193] {logging_mixin.py:109} INFO - Running <TaskInstance: tutorial.dqsdqsd.dqsdqsd_get_data scheduled__2022-02-22T21:44:04.027723+00:00 [running]> on host ff48034dfdbf
[2022-02-23 21:45:05,284] {taskinstance.py:1426} INFO - Exporting the following env vars:
AIRFLOW_CTX_DAG_EMAIL=***@example.com
AIRFLOW_CTX_DAG_OWNER=***
AIRFLOW_CTX_DAG_ID=tutorial
AIRFLOW_CTX_TASK_ID=dqsdqsd.dqsdqsd_get_data
AIRFLOW_CTX_EXECUTION_DATE=2022-02-22T21:44:04.027723+00:00
AIRFLOW_CTX_DAG_RUN_ID=scheduled__2022-02-22T21:44:04.027723+00:00
[2022-02-23 21:46:05,306] {python.py:175} INFO - Done. Returned value was: None
[2022-02-23 21:46:05,320] {taskinstance.py:1277} INFO - Marking task as SUCCESS. dag_id=tutorial, task_id=dqsdqsd.dqsdqsd_get_data, execution_date=20220222T214404, start_date=20220223T214505, end_date=20220223T214605
[2022-02-23 21:46:05,349] {local_task_job.py:154} INFO - Task exited with return code 0
[2022-02-23 21:46:05,412] {local_task_job.py:264} INFO - 1 downstream tasks scheduled from follow-on schedule check
