[2022-04-26 13:57:24,377] {taskinstance.py:1032} INFO - Dependencies all met for <TaskInstance: tutorial.dqsdqsd.dqsdqsd_proccess_data scheduled__2022-04-25T13:53:09.676172+00:00 [queued]>
[2022-04-26 13:57:24,403] {taskinstance.py:1032} INFO - Dependencies all met for <TaskInstance: tutorial.dqsdqsd.dqsdqsd_proccess_data scheduled__2022-04-25T13:53:09.676172+00:00 [queued]>
[2022-04-26 13:57:24,405] {taskinstance.py:1238} INFO - 
--------------------------------------------------------------------------------
[2022-04-26 13:57:24,408] {taskinstance.py:1239} INFO - Starting attempt 1 of 2
[2022-04-26 13:57:24,409] {taskinstance.py:1240} INFO - 
--------------------------------------------------------------------------------
[2022-04-26 13:57:24,434] {taskinstance.py:1259} INFO - Executing <Task(PythonOperator): dqsdqsd.dqsdqsd_proccess_data> on 2022-04-25 13:53:09.676172+00:00
[2022-04-26 13:57:24,445] {standard_task_runner.py:52} INFO - Started process 319 to run task
[2022-04-26 13:57:24,452] {standard_task_runner.py:76} INFO - Running: ['***', 'tasks', 'run', 'tutorial', 'dqsdqsd.dqsdqsd_proccess_data', 'scheduled__2022-04-25T13:53:09.676172+00:00', '--job-id', '1280', '--raw', '--subdir', 'DAGS_FOLDER/test_dag.py', '--cfg-path', '/tmp/tmpbba8y9xd', '--error-file', '/tmp/tmp9k8dbfz6']
[2022-04-26 13:57:24,454] {standard_task_runner.py:77} INFO - Job 1280: Subtask dqsdqsd.dqsdqsd_proccess_data
[2022-04-26 13:57:24,616] {logging_mixin.py:109} INFO - Running <TaskInstance: tutorial.dqsdqsd.dqsdqsd_proccess_data scheduled__2022-04-25T13:53:09.676172+00:00 [running]> on host ff48034dfdbf
[2022-04-26 13:57:24,823] {taskinstance.py:1426} INFO - Exporting the following env vars:
AIRFLOW_CTX_DAG_EMAIL=***@example.com
AIRFLOW_CTX_DAG_OWNER=***
AIRFLOW_CTX_DAG_ID=tutorial
AIRFLOW_CTX_TASK_ID=dqsdqsd.dqsdqsd_proccess_data
AIRFLOW_CTX_EXECUTION_DATE=2022-04-25T13:53:09.676172+00:00
AIRFLOW_CTX_DAG_RUN_ID=scheduled__2022-04-25T13:53:09.676172+00:00
[2022-04-26 13:58:24,846] {python.py:175} INFO - Done. Returned value was: None
[2022-04-26 13:58:24,874] {taskinstance.py:1277} INFO - Marking task as SUCCESS. dag_id=tutorial, task_id=dqsdqsd.dqsdqsd_proccess_data, execution_date=20220425T135309, start_date=20220426T135724, end_date=20220426T135824
[2022-04-26 13:58:24,930] {local_task_job.py:154} INFO - Task exited with return code 0
[2022-04-26 13:58:24,992] {local_task_job.py:264} INFO - 1 downstream tasks scheduled from follow-on schedule check
