[2022-04-28 15:45:53,917] {taskinstance.py:1032} INFO - Dependencies all met for <TaskInstance: cdn_daily.import_bsre.check_presence_of_bsre1 manual__2022-04-28T15:45:52.388232+00:00 [queued]>
[2022-04-28 15:45:53,944] {taskinstance.py:1032} INFO - Dependencies all met for <TaskInstance: cdn_daily.import_bsre.check_presence_of_bsre1 manual__2022-04-28T15:45:52.388232+00:00 [queued]>
[2022-04-28 15:45:53,945] {taskinstance.py:1238} INFO - 
--------------------------------------------------------------------------------
[2022-04-28 15:45:53,947] {taskinstance.py:1239} INFO - Starting attempt 1 of 2
[2022-04-28 15:45:53,949] {taskinstance.py:1240} INFO - 
--------------------------------------------------------------------------------
[2022-04-28 15:45:53,984] {taskinstance.py:1259} INFO - Executing <Task(PythonOperator): import_bsre.check_presence_of_bsre1> on 2022-04-28 15:45:52.388232+00:00
[2022-04-28 15:45:54,001] {standard_task_runner.py:52} INFO - Started process 2202 to run task
[2022-04-28 15:45:54,009] {standard_task_runner.py:76} INFO - Running: ['***', 'tasks', 'run', 'cdn_daily', 'import_bsre.check_presence_of_bsre1', 'manual__2022-04-28T15:45:52.388232+00:00', '--job-id', '1495', '--raw', '--subdir', 'DAGS_FOLDER/cdn_daily.py', '--cfg-path', '/tmp/tmpe237b8eg', '--error-file', '/tmp/tmp8r37ojwk']
[2022-04-28 15:45:54,013] {standard_task_runner.py:77} INFO - Job 1495: Subtask import_bsre.check_presence_of_bsre1
[2022-04-28 15:45:54,196] {logging_mixin.py:109} INFO - Running <TaskInstance: cdn_daily.import_bsre.check_presence_of_bsre1 manual__2022-04-28T15:45:52.388232+00:00 [running]> on host d5ad096ffea5
[2022-04-28 15:45:54,315] {taskinstance.py:1426} INFO - Exporting the following env vars:
AIRFLOW_CTX_DAG_EMAIL=***@example.com
AIRFLOW_CTX_DAG_OWNER=***
AIRFLOW_CTX_DAG_ID=cdn_daily
AIRFLOW_CTX_TASK_ID=import_bsre.check_presence_of_bsre1
AIRFLOW_CTX_EXECUTION_DATE=2022-04-28T15:45:52.388232+00:00
AIRFLOW_CTX_DAG_RUN_ID=manual__2022-04-28T15:45:52.388232+00:00
[2022-04-28 15:45:54,360] {python.py:175} INFO - Done. Returned value was: None
[2022-04-28 15:45:54,417] {taskinstance.py:1277} INFO - Marking task as SUCCESS. dag_id=cdn_daily, task_id=import_bsre.check_presence_of_bsre1, execution_date=20220428T154552, start_date=20220428T154553, end_date=20220428T154554
[2022-04-28 15:45:54,469] {local_task_job.py:154} INFO - Task exited with return code 0
[2022-04-28 15:45:54,541] {local_task_job.py:264} INFO - 1 downstream tasks scheduled from follow-on schedule check
