[2022-04-29 15:36:30,891] {taskinstance.py:1032} INFO - Dependencies all met for <TaskInstance: cdn_daily.import_bsre.check_status_of_bsre manual__2022-04-29T15:26:23.872433+00:00 [queued]>
[2022-04-29 15:36:30,911] {taskinstance.py:1032} INFO - Dependencies all met for <TaskInstance: cdn_daily.import_bsre.check_status_of_bsre manual__2022-04-29T15:26:23.872433+00:00 [queued]>
[2022-04-29 15:36:30,912] {taskinstance.py:1238} INFO - 
--------------------------------------------------------------------------------
[2022-04-29 15:36:30,914] {taskinstance.py:1239} INFO - Starting attempt 2 of 2
[2022-04-29 15:36:30,915] {taskinstance.py:1240} INFO - 
--------------------------------------------------------------------------------
[2022-04-29 15:36:30,934] {taskinstance.py:1259} INFO - Executing <Task(PythonOperator): import_bsre.check_status_of_bsre> on 2022-04-29 15:26:23.872433+00:00
[2022-04-29 15:36:30,940] {standard_task_runner.py:52} INFO - Started process 4054 to run task
[2022-04-29 15:36:30,947] {standard_task_runner.py:76} INFO - Running: ['***', 'tasks', 'run', 'cdn_daily', 'import_bsre.check_status_of_bsre', 'manual__2022-04-29T15:26:23.872433+00:00', '--job-id', '1753', '--raw', '--subdir', 'DAGS_FOLDER/cdn_daily.py', '--cfg-path', '/tmp/tmp7iq_81qy', '--error-file', '/tmp/tmpbvdkcvre']
[2022-04-29 15:36:30,949] {standard_task_runner.py:77} INFO - Job 1753: Subtask import_bsre.check_status_of_bsre
[2022-04-29 15:36:31,041] {logging_mixin.py:109} INFO - Running <TaskInstance: cdn_daily.import_bsre.check_status_of_bsre manual__2022-04-29T15:26:23.872433+00:00 [running]> on host d5ad096ffea5
[2022-04-29 15:36:31,113] {taskinstance.py:1426} INFO - Exporting the following env vars:
AIRFLOW_CTX_DAG_EMAIL=***@example.com
AIRFLOW_CTX_DAG_OWNER=***
AIRFLOW_CTX_DAG_ID=cdn_daily
AIRFLOW_CTX_TASK_ID=import_bsre.check_status_of_bsre
AIRFLOW_CTX_EXECUTION_DATE=2022-04-29T15:26:23.872433+00:00
AIRFLOW_CTX_DAG_RUN_ID=manual__2022-04-29T15:26:23.872433+00:00
[2022-04-29 15:36:31,115] {logging_mixin.py:109} INFO - run_bsre
[2022-04-29 15:36:31,125] {logging_mixin.py:109} INFO - None
[2022-04-29 15:36:31,136] {logging_mixin.py:109} INFO - bsre.alm
[2022-04-29 15:36:31,146] {logging_mixin.py:109} INFO - 4
[2022-04-29 15:36:35,159] {python.py:175} INFO - Done. Returned value was: None
[2022-04-29 15:36:35,297] {taskinstance.py:1277} INFO - Marking task as SUCCESS. dag_id=cdn_daily, task_id=import_bsre.check_status_of_bsre, execution_date=20220429T152623, start_date=20220429T153630, end_date=20220429T153635
[2022-04-29 15:36:35,398] {local_task_job.py:154} INFO - Task exited with return code 0
[2022-04-29 15:36:35,513] {local_task_job.py:264} INFO - 0 downstream tasks scheduled from follow-on schedule check
