[2022-02-19 21:37:11,186] {taskinstance.py:1032} INFO - Dependencies all met for <TaskInstance: tutorial.gdgfg.gdgfg_proccess_data manual__2022-02-19T21:36:05.015535+00:00 [queued]>
[2022-02-19 21:37:11,201] {taskinstance.py:1032} INFO - Dependencies all met for <TaskInstance: tutorial.gdgfg.gdgfg_proccess_data manual__2022-02-19T21:36:05.015535+00:00 [queued]>
[2022-02-19 21:37:11,202] {taskinstance.py:1238} INFO - 
--------------------------------------------------------------------------------
[2022-02-19 21:37:11,203] {taskinstance.py:1239} INFO - Starting attempt 1 of 2
[2022-02-19 21:37:11,204] {taskinstance.py:1240} INFO - 
--------------------------------------------------------------------------------
[2022-02-19 21:37:11,218] {taskinstance.py:1259} INFO - Executing <Task(PythonOperator): gdgfg.gdgfg_proccess_data> on 2022-02-19 21:36:05.015535+00:00
[2022-02-19 21:37:11,225] {standard_task_runner.py:52} INFO - Started process 4679 to run task
[2022-02-19 21:37:11,230] {standard_task_runner.py:76} INFO - Running: ['***', 'tasks', 'run', 'tutorial', 'gdgfg.gdgfg_proccess_data', 'manual__2022-02-19T21:36:05.015535+00:00', '--job-id', '24', '--raw', '--subdir', 'DAGS_FOLDER/test_dag.py', '--cfg-path', '/tmp/tmp77xnuqv0', '--error-file', '/tmp/tmpao90zdu0']
[2022-02-19 21:37:11,231] {standard_task_runner.py:77} INFO - Job 24: Subtask gdgfg.gdgfg_proccess_data
[2022-02-19 21:37:11,317] {logging_mixin.py:109} INFO - Running <TaskInstance: tutorial.gdgfg.gdgfg_proccess_data manual__2022-02-19T21:36:05.015535+00:00 [running]> on host ff48034dfdbf
[2022-02-19 21:37:11,381] {taskinstance.py:1426} INFO - Exporting the following env vars:
AIRFLOW_CTX_DAG_EMAIL=***@example.com
AIRFLOW_CTX_DAG_OWNER=***
AIRFLOW_CTX_DAG_ID=tutorial
AIRFLOW_CTX_TASK_ID=gdgfg.gdgfg_proccess_data
AIRFLOW_CTX_EXECUTION_DATE=2022-02-19T21:36:05.015535+00:00
AIRFLOW_CTX_DAG_RUN_ID=manual__2022-02-19T21:36:05.015535+00:00
[2022-02-19 21:38:11,373] {python.py:175} INFO - Done. Returned value was: None
[2022-02-19 21:38:11,396] {taskinstance.py:1277} INFO - Marking task as SUCCESS. dag_id=tutorial, task_id=gdgfg.gdgfg_proccess_data, execution_date=20220219T213605, start_date=20220219T213711, end_date=20220219T213811
[2022-02-19 21:38:11,437] {local_task_job.py:154} INFO - Task exited with return code 0
[2022-02-19 21:38:11,492] {local_task_job.py:264} INFO - 1 downstream tasks scheduled from follow-on schedule check
