[2022-04-30 15:46:20,948] {taskinstance.py:1032} INFO - Dependencies all met for <TaskInstance: cdn_daily.run_cat.bau manual__2022-04-30T15:46:12.555314+00:00 [queued]>
[2022-04-30 15:46:20,965] {taskinstance.py:1032} INFO - Dependencies all met for <TaskInstance: cdn_daily.run_cat.bau manual__2022-04-30T15:46:12.555314+00:00 [queued]>
[2022-04-30 15:46:20,967] {taskinstance.py:1238} INFO - 
--------------------------------------------------------------------------------
[2022-04-30 15:46:20,968] {taskinstance.py:1239} INFO - Starting attempt 1 of 2
[2022-04-30 15:46:20,969] {taskinstance.py:1240} INFO - 
--------------------------------------------------------------------------------
[2022-04-30 15:46:20,990] {taskinstance.py:1259} INFO - Executing <Task(PythonOperator): run_cat.bau> on 2022-04-30 15:46:12.555314+00:00
[2022-04-30 15:46:20,996] {standard_task_runner.py:52} INFO - Started process 2412 to run task
[2022-04-30 15:46:21,002] {standard_task_runner.py:76} INFO - Running: ['***', 'tasks', 'run', 'cdn_daily', 'run_cat.bau', 'manual__2022-04-30T15:46:12.555314+00:00', '--job-id', '1833', '--raw', '--subdir', 'DAGS_FOLDER/cdn_daily.py', '--cfg-path', '/tmp/tmpdnifxnxw', '--error-file', '/tmp/tmpvz6tf758']
[2022-04-30 15:46:21,004] {standard_task_runner.py:77} INFO - Job 1833: Subtask run_cat.bau
[2022-04-30 15:46:21,098] {logging_mixin.py:109} INFO - Running <TaskInstance: cdn_daily.run_cat.bau manual__2022-04-30T15:46:12.555314+00:00 [running]> on host d5ad096ffea5
[2022-04-30 15:46:21,189] {taskinstance.py:1426} INFO - Exporting the following env vars:
AIRFLOW_CTX_DAG_EMAIL=***@example.com
AIRFLOW_CTX_DAG_OWNER=***
AIRFLOW_CTX_DAG_ID=cdn_daily
AIRFLOW_CTX_TASK_ID=run_cat.bau
AIRFLOW_CTX_EXECUTION_DATE=2022-04-30T15:46:12.555314+00:00
AIRFLOW_CTX_DAG_RUN_ID=manual__2022-04-30T15:46:12.555314+00:00
[2022-04-30 15:46:21,223] {python.py:175} INFO - Done. Returned value was: None
[2022-04-30 15:46:21,243] {taskinstance.py:1277} INFO - Marking task as SUCCESS. dag_id=cdn_daily, task_id=run_cat.bau, execution_date=20220430T154612, start_date=20220430T154620, end_date=20220430T154621
[2022-04-30 15:46:21,299] {local_task_job.py:154} INFO - Task exited with return code 0
[2022-04-30 15:46:21,362] {local_task_job.py:264} INFO - 1 downstream tasks scheduled from follow-on schedule check
