[2022-03-28 12:54:27,001] {taskinstance.py:1032} INFO - Dependencies all met for <TaskInstance: tutorial.bsre.bsre_print_proccesed_data scheduled__2022-03-27T12:47:50.362235+00:00 [queued]>
[2022-03-28 12:54:27,029] {taskinstance.py:1032} INFO - Dependencies all met for <TaskInstance: tutorial.bsre.bsre_print_proccesed_data scheduled__2022-03-27T12:47:50.362235+00:00 [queued]>
[2022-03-28 12:54:27,033] {taskinstance.py:1238} INFO - 
--------------------------------------------------------------------------------
[2022-03-28 12:54:27,034] {taskinstance.py:1239} INFO - Starting attempt 1 of 2
[2022-03-28 12:54:27,035] {taskinstance.py:1240} INFO - 
--------------------------------------------------------------------------------
[2022-03-28 12:54:27,062] {taskinstance.py:1259} INFO - Executing <Task(PythonOperator): bsre.bsre_print_proccesed_data> on 2022-03-27 12:47:50.362235+00:00
[2022-03-28 12:54:27,069] {standard_task_runner.py:52} INFO - Started process 436 to run task
[2022-03-28 12:54:27,076] {standard_task_runner.py:76} INFO - Running: ['***', 'tasks', 'run', 'tutorial', 'bsre.bsre_print_proccesed_data', 'scheduled__2022-03-27T12:47:50.362235+00:00', '--job-id', '1006', '--raw', '--subdir', 'DAGS_FOLDER/test_dag.py', '--cfg-path', '/tmp/tmpkfixbbbd', '--error-file', '/tmp/tmppjyubpkd']
[2022-03-28 12:54:27,079] {standard_task_runner.py:77} INFO - Job 1006: Subtask bsre.bsre_print_proccesed_data
[2022-03-28 12:54:27,253] {logging_mixin.py:109} INFO - Running <TaskInstance: tutorial.bsre.bsre_print_proccesed_data scheduled__2022-03-27T12:47:50.362235+00:00 [running]> on host ff48034dfdbf
[2022-03-28 12:54:27,376] {taskinstance.py:1426} INFO - Exporting the following env vars:
AIRFLOW_CTX_DAG_EMAIL=***@example.com
AIRFLOW_CTX_DAG_OWNER=***
AIRFLOW_CTX_DAG_ID=tutorial
AIRFLOW_CTX_TASK_ID=bsre.bsre_print_proccesed_data
AIRFLOW_CTX_EXECUTION_DATE=2022-03-27T12:47:50.362235+00:00
AIRFLOW_CTX_DAG_RUN_ID=scheduled__2022-03-27T12:47:50.362235+00:00
[2022-03-28 12:55:27,304] {python.py:175} INFO - Done. Returned value was: None
[2022-03-28 12:55:27,333] {taskinstance.py:1277} INFO - Marking task as SUCCESS. dag_id=tutorial, task_id=bsre.bsre_print_proccesed_data, execution_date=20220327T124750, start_date=20220328T125427, end_date=20220328T125527
[2022-03-28 12:55:27,384] {local_task_job.py:154} INFO - Task exited with return code 0
[2022-03-28 12:55:27,451] {local_task_job.py:264} INFO - 0 downstream tasks scheduled from follow-on schedule check
