[2022-04-29 15:31:56,643] {taskinstance.py:1032} INFO - Dependencies all met for <TaskInstance: cdn_daily.import_cat.check_presence_of_cat1 manual__2022-04-29T15:31:55.459871+00:00 [queued]>
[2022-04-29 15:31:56,662] {taskinstance.py:1032} INFO - Dependencies all met for <TaskInstance: cdn_daily.import_cat.check_presence_of_cat1 manual__2022-04-29T15:31:55.459871+00:00 [queued]>
[2022-04-29 15:31:56,663] {taskinstance.py:1238} INFO - 
--------------------------------------------------------------------------------
[2022-04-29 15:31:56,664] {taskinstance.py:1239} INFO - Starting attempt 1 of 2
[2022-04-29 15:31:56,666] {taskinstance.py:1240} INFO - 
--------------------------------------------------------------------------------
[2022-04-29 15:31:56,689] {taskinstance.py:1259} INFO - Executing <Task(PythonOperator): import_cat.check_presence_of_cat1> on 2022-04-29 15:31:55.459871+00:00
[2022-04-29 15:31:56,695] {standard_task_runner.py:52} INFO - Started process 3754 to run task
[2022-04-29 15:31:56,702] {standard_task_runner.py:76} INFO - Running: ['***', 'tasks', 'run', 'cdn_daily', 'import_cat.check_presence_of_cat1', 'manual__2022-04-29T15:31:55.459871+00:00', '--job-id', '1694', '--raw', '--subdir', 'DAGS_FOLDER/cdn_daily.py', '--cfg-path', '/tmp/tmp3hx39v0l', '--error-file', '/tmp/tmpqfu9i_i2']
[2022-04-29 15:31:56,703] {standard_task_runner.py:77} INFO - Job 1694: Subtask import_cat.check_presence_of_cat1
[2022-04-29 15:31:56,813] {logging_mixin.py:109} INFO - Running <TaskInstance: cdn_daily.import_cat.check_presence_of_cat1 manual__2022-04-29T15:31:55.459871+00:00 [running]> on host d5ad096ffea5
[2022-04-29 15:31:56,912] {taskinstance.py:1426} INFO - Exporting the following env vars:
AIRFLOW_CTX_DAG_EMAIL=***@example.com
AIRFLOW_CTX_DAG_OWNER=***
AIRFLOW_CTX_DAG_ID=cdn_daily
AIRFLOW_CTX_TASK_ID=import_cat.check_presence_of_cat1
AIRFLOW_CTX_EXECUTION_DATE=2022-04-29T15:31:55.459871+00:00
AIRFLOW_CTX_DAG_RUN_ID=manual__2022-04-29T15:31:55.459871+00:00
[2022-04-29 15:31:56,950] {python.py:175} INFO - Done. Returned value was: None
[2022-04-29 15:31:56,971] {taskinstance.py:1277} INFO - Marking task as SUCCESS. dag_id=cdn_daily, task_id=import_cat.check_presence_of_cat1, execution_date=20220429T153155, start_date=20220429T153156, end_date=20220429T153156
[2022-04-29 15:31:57,039] {local_task_job.py:154} INFO - Task exited with return code 0
[2022-04-29 15:31:57,134] {local_task_job.py:264} INFO - 0 downstream tasks scheduled from follow-on schedule check
