[2022-04-30 12:55:46,805] {taskinstance.py:1032} INFO - Dependencies all met for <TaskInstance: tutorial.bsre.bsre_print_proccesed_data scheduled__2022-04-29T12:29:40.424433+00:00 [queued]>
[2022-04-30 12:55:46,835] {taskinstance.py:1032} INFO - Dependencies all met for <TaskInstance: tutorial.bsre.bsre_print_proccesed_data scheduled__2022-04-29T12:29:40.424433+00:00 [queued]>
[2022-04-30 12:55:46,836] {taskinstance.py:1238} INFO - 
--------------------------------------------------------------------------------
[2022-04-30 12:55:46,837] {taskinstance.py:1239} INFO - Starting attempt 1 of 2
[2022-04-30 12:55:46,838] {taskinstance.py:1240} INFO - 
--------------------------------------------------------------------------------
[2022-04-30 12:55:46,861] {taskinstance.py:1259} INFO - Executing <Task(PythonOperator): bsre.bsre_print_proccesed_data> on 2022-04-29 12:29:40.424433+00:00
[2022-04-30 12:55:46,868] {standard_task_runner.py:52} INFO - Started process 288 to run task
[2022-04-30 12:55:46,877] {standard_task_runner.py:76} INFO - Running: ['***', 'tasks', 'run', 'tutorial', 'bsre.bsre_print_proccesed_data', 'scheduled__2022-04-29T12:29:40.424433+00:00', '--job-id', '1806', '--raw', '--subdir', 'DAGS_FOLDER/test_dag.py', '--cfg-path', '/tmp/tmp7bgzaqju', '--error-file', '/tmp/tmpv9an7rbc']
[2022-04-30 12:55:46,878] {standard_task_runner.py:77} INFO - Job 1806: Subtask bsre.bsre_print_proccesed_data
[2022-04-30 12:55:47,031] {logging_mixin.py:109} INFO - Running <TaskInstance: tutorial.bsre.bsre_print_proccesed_data scheduled__2022-04-29T12:29:40.424433+00:00 [running]> on host d5ad096ffea5
[2022-04-30 12:55:47,125] {taskinstance.py:1426} INFO - Exporting the following env vars:
AIRFLOW_CTX_DAG_EMAIL=***@example.com
AIRFLOW_CTX_DAG_OWNER=***
AIRFLOW_CTX_DAG_ID=tutorial
AIRFLOW_CTX_TASK_ID=bsre.bsre_print_proccesed_data
AIRFLOW_CTX_EXECUTION_DATE=2022-04-29T12:29:40.424433+00:00
AIRFLOW_CTX_DAG_RUN_ID=scheduled__2022-04-29T12:29:40.424433+00:00
[2022-04-30 12:56:47,139] {python.py:175} INFO - Done. Returned value was: None
[2022-04-30 12:56:47,164] {taskinstance.py:1277} INFO - Marking task as SUCCESS. dag_id=tutorial, task_id=bsre.bsre_print_proccesed_data, execution_date=20220429T122940, start_date=20220430T125546, end_date=20220430T125647
[2022-04-30 12:56:47,206] {local_task_job.py:154} INFO - Task exited with return code 0
[2022-04-30 12:56:47,248] {local_task_job.py:264} INFO - 0 downstream tasks scheduled from follow-on schedule check
