[2022-02-23 21:39:57,156] {taskinstance.py:1032} INFO - Dependencies all met for <TaskInstance: tutorial.gdgfg.gdgfg_get_data scheduled__2022-02-22T21:37:49.340300+00:00 [queued]>
[2022-02-23 21:39:57,180] {taskinstance.py:1032} INFO - Dependencies all met for <TaskInstance: tutorial.gdgfg.gdgfg_get_data scheduled__2022-02-22T21:37:49.340300+00:00 [queued]>
[2022-02-23 21:39:57,181] {taskinstance.py:1238} INFO - 
--------------------------------------------------------------------------------
[2022-02-23 21:39:57,183] {taskinstance.py:1239} INFO - Starting attempt 1 of 2
[2022-02-23 21:39:57,184] {taskinstance.py:1240} INFO - 
--------------------------------------------------------------------------------
[2022-02-23 21:39:57,219] {taskinstance.py:1259} INFO - Executing <Task(PythonOperator): gdgfg.gdgfg_get_data> on 2022-02-22 21:37:49.340300+00:00
[2022-02-23 21:39:57,228] {standard_task_runner.py:52} INFO - Started process 207 to run task
[2022-02-23 21:39:57,239] {standard_task_runner.py:76} INFO - Running: ['***', 'tasks', 'run', 'tutorial', 'gdgfg.gdgfg_get_data', 'scheduled__2022-02-22T21:37:49.340300+00:00', '--job-id', '123', '--raw', '--subdir', 'DAGS_FOLDER/test_dag.py', '--cfg-path', '/tmp/tmpfscoc8u3', '--error-file', '/tmp/tmpcvoc6nz6']
[2022-02-23 21:39:57,241] {standard_task_runner.py:77} INFO - Job 123: Subtask gdgfg.gdgfg_get_data
[2022-02-23 21:39:57,384] {logging_mixin.py:109} INFO - Running <TaskInstance: tutorial.gdgfg.gdgfg_get_data scheduled__2022-02-22T21:37:49.340300+00:00 [running]> on host ff48034dfdbf
[2022-02-23 21:39:57,464] {taskinstance.py:1426} INFO - Exporting the following env vars:
AIRFLOW_CTX_DAG_EMAIL=***@example.com
AIRFLOW_CTX_DAG_OWNER=***
AIRFLOW_CTX_DAG_ID=tutorial
AIRFLOW_CTX_TASK_ID=gdgfg.gdgfg_get_data
AIRFLOW_CTX_EXECUTION_DATE=2022-02-22T21:37:49.340300+00:00
AIRFLOW_CTX_DAG_RUN_ID=scheduled__2022-02-22T21:37:49.340300+00:00
[2022-02-23 21:40:57,478] {python.py:175} INFO - Done. Returned value was: None
[2022-02-23 21:40:57,498] {taskinstance.py:1277} INFO - Marking task as SUCCESS. dag_id=tutorial, task_id=gdgfg.gdgfg_get_data, execution_date=20220222T213749, start_date=20220223T213957, end_date=20220223T214057
[2022-02-23 21:40:57,556] {local_task_job.py:154} INFO - Task exited with return code 0
[2022-02-23 21:40:57,605] {local_task_job.py:264} INFO - 1 downstream tasks scheduled from follow-on schedule check
