[2022-02-19 21:38:12,131] {taskinstance.py:1032} INFO - Dependencies all met for <TaskInstance: tutorial.cat.cat_proccess_data manual__2022-02-19T21:36:05.015535+00:00 [queued]>
[2022-02-19 21:38:12,155] {taskinstance.py:1032} INFO - Dependencies all met for <TaskInstance: tutorial.cat.cat_proccess_data manual__2022-02-19T21:36:05.015535+00:00 [queued]>
[2022-02-19 21:38:12,156] {taskinstance.py:1238} INFO - 
--------------------------------------------------------------------------------
[2022-02-19 21:38:12,157] {taskinstance.py:1239} INFO - Starting attempt 1 of 2
[2022-02-19 21:38:12,158] {taskinstance.py:1240} INFO - 
--------------------------------------------------------------------------------
[2022-02-19 21:38:12,177] {taskinstance.py:1259} INFO - Executing <Task(PythonOperator): cat.cat_proccess_data> on 2022-02-19 21:36:05.015535+00:00
[2022-02-19 21:38:12,184] {standard_task_runner.py:52} INFO - Started process 4745 to run task
[2022-02-19 21:38:12,189] {standard_task_runner.py:76} INFO - Running: ['***', 'tasks', 'run', 'tutorial', 'cat.cat_proccess_data', 'manual__2022-02-19T21:36:05.015535+00:00', '--job-id', '32', '--raw', '--subdir', 'DAGS_FOLDER/test_dag.py', '--cfg-path', '/tmp/tmpvver801g', '--error-file', '/tmp/tmpouv2hr22']
[2022-02-19 21:38:12,191] {standard_task_runner.py:77} INFO - Job 32: Subtask cat.cat_proccess_data
[2022-02-19 21:38:12,311] {logging_mixin.py:109} INFO - Running <TaskInstance: tutorial.cat.cat_proccess_data manual__2022-02-19T21:36:05.015535+00:00 [running]> on host ff48034dfdbf
[2022-02-19 21:38:12,439] {taskinstance.py:1426} INFO - Exporting the following env vars:
AIRFLOW_CTX_DAG_EMAIL=***@example.com
AIRFLOW_CTX_DAG_OWNER=***
AIRFLOW_CTX_DAG_ID=tutorial
AIRFLOW_CTX_TASK_ID=cat.cat_proccess_data
AIRFLOW_CTX_EXECUTION_DATE=2022-02-19T21:36:05.015535+00:00
AIRFLOW_CTX_DAG_RUN_ID=manual__2022-02-19T21:36:05.015535+00:00
[2022-02-19 21:39:12,400] {python.py:175} INFO - Done. Returned value was: None
[2022-02-19 21:39:12,423] {taskinstance.py:1277} INFO - Marking task as SUCCESS. dag_id=tutorial, task_id=cat.cat_proccess_data, execution_date=20220219T213605, start_date=20220219T213812, end_date=20220219T213912
[2022-02-19 21:39:12,449] {local_task_job.py:154} INFO - Task exited with return code 0
[2022-02-19 21:39:12,584] {local_task_job.py:264} INFO - 1 downstream tasks scheduled from follow-on schedule check
