[2022-04-23 14:21:42,641] {taskinstance.py:1032} INFO - Dependencies all met for <TaskInstance: tutorial.cat.cat_proccess_data scheduled__2022-04-22T14:16:25.734382+00:00 [queued]>
[2022-04-23 14:21:42,679] {taskinstance.py:1032} INFO - Dependencies all met for <TaskInstance: tutorial.cat.cat_proccess_data scheduled__2022-04-22T14:16:25.734382+00:00 [queued]>
[2022-04-23 14:21:42,682] {taskinstance.py:1238} INFO - 
--------------------------------------------------------------------------------
[2022-04-23 14:21:42,684] {taskinstance.py:1239} INFO - Starting attempt 1 of 2
[2022-04-23 14:21:42,687] {taskinstance.py:1240} INFO - 
--------------------------------------------------------------------------------
[2022-04-23 14:21:42,730] {taskinstance.py:1259} INFO - Executing <Task(PythonOperator): cat.cat_proccess_data> on 2022-04-22 14:16:25.734382+00:00
[2022-04-23 14:21:42,741] {standard_task_runner.py:52} INFO - Started process 371 to run task
[2022-04-23 14:21:42,749] {standard_task_runner.py:76} INFO - Running: ['***', 'tasks', 'run', 'tutorial', 'cat.cat_proccess_data', 'scheduled__2022-04-22T14:16:25.734382+00:00', '--job-id', '1150', '--raw', '--subdir', 'DAGS_FOLDER/test_dag.py', '--cfg-path', '/tmp/tmpabpwj8nw', '--error-file', '/tmp/tmpeupoyksc']
[2022-04-23 14:21:42,751] {standard_task_runner.py:77} INFO - Job 1150: Subtask cat.cat_proccess_data
[2022-04-23 14:21:42,957] {logging_mixin.py:109} INFO - Running <TaskInstance: tutorial.cat.cat_proccess_data scheduled__2022-04-22T14:16:25.734382+00:00 [running]> on host ff48034dfdbf
[2022-04-23 14:21:43,116] {taskinstance.py:1426} INFO - Exporting the following env vars:
AIRFLOW_CTX_DAG_EMAIL=***@example.com
AIRFLOW_CTX_DAG_OWNER=***
AIRFLOW_CTX_DAG_ID=tutorial
AIRFLOW_CTX_TASK_ID=cat.cat_proccess_data
AIRFLOW_CTX_EXECUTION_DATE=2022-04-22T14:16:25.734382+00:00
AIRFLOW_CTX_DAG_RUN_ID=scheduled__2022-04-22T14:16:25.734382+00:00
[2022-04-23 14:22:43,137] {python.py:175} INFO - Done. Returned value was: None
[2022-04-23 14:22:43,182] {taskinstance.py:1277} INFO - Marking task as SUCCESS. dag_id=tutorial, task_id=cat.cat_proccess_data, execution_date=20220422T141625, start_date=20220423T142142, end_date=20220423T142243
[2022-04-23 14:22:43,247] {local_task_job.py:154} INFO - Task exited with return code 0
[2022-04-23 14:22:43,352] {local_task_job.py:264} INFO - 1 downstream tasks scheduled from follow-on schedule check
