[2022-04-28 12:31:48,408] {taskinstance.py:1032} INFO - Dependencies all met for <TaskInstance: tutorial.hfghfg.hfghfg_print_proccesed_data scheduled__2022-04-27T12:29:40.424433+00:00 [queued]>
[2022-04-28 12:31:48,434] {taskinstance.py:1032} INFO - Dependencies all met for <TaskInstance: tutorial.hfghfg.hfghfg_print_proccesed_data scheduled__2022-04-27T12:29:40.424433+00:00 [queued]>
[2022-04-28 12:31:48,435] {taskinstance.py:1238} INFO - 
--------------------------------------------------------------------------------
[2022-04-28 12:31:48,436] {taskinstance.py:1239} INFO - Starting attempt 1 of 2
[2022-04-28 12:31:48,438] {taskinstance.py:1240} INFO - 
--------------------------------------------------------------------------------
[2022-04-28 12:31:48,464] {taskinstance.py:1259} INFO - Executing <Task(PythonOperator): hfghfg.hfghfg_print_proccesed_data> on 2022-04-27 12:29:40.424433+00:00
[2022-04-28 12:31:48,473] {standard_task_runner.py:52} INFO - Started process 210 to run task
[2022-04-28 12:31:48,481] {standard_task_runner.py:76} INFO - Running: ['***', 'tasks', 'run', 'tutorial', 'hfghfg.hfghfg_print_proccesed_data', 'scheduled__2022-04-27T12:29:40.424433+00:00', '--job-id', '1384', '--raw', '--subdir', 'DAGS_FOLDER/test_dag.py', '--cfg-path', '/tmp/tmpc4sw7i64', '--error-file', '/tmp/tmpf5njlzjm']
[2022-04-28 12:31:48,485] {standard_task_runner.py:77} INFO - Job 1384: Subtask hfghfg.hfghfg_print_proccesed_data
[2022-04-28 12:31:48,616] {logging_mixin.py:109} INFO - Running <TaskInstance: tutorial.hfghfg.hfghfg_print_proccesed_data scheduled__2022-04-27T12:29:40.424433+00:00 [running]> on host d5ad096ffea5
[2022-04-28 12:31:48,728] {taskinstance.py:1426} INFO - Exporting the following env vars:
AIRFLOW_CTX_DAG_EMAIL=***@example.com
AIRFLOW_CTX_DAG_OWNER=***
AIRFLOW_CTX_DAG_ID=tutorial
AIRFLOW_CTX_TASK_ID=hfghfg.hfghfg_print_proccesed_data
AIRFLOW_CTX_EXECUTION_DATE=2022-04-27T12:29:40.424433+00:00
AIRFLOW_CTX_DAG_RUN_ID=scheduled__2022-04-27T12:29:40.424433+00:00
[2022-04-28 12:32:48,750] {python.py:175} INFO - Done. Returned value was: None
[2022-04-28 12:32:48,800] {taskinstance.py:1277} INFO - Marking task as SUCCESS. dag_id=tutorial, task_id=hfghfg.hfghfg_print_proccesed_data, execution_date=20220427T122940, start_date=20220428T123148, end_date=20220428T123248
[2022-04-28 12:32:48,885] {local_task_job.py:154} INFO - Task exited with return code 0
[2022-04-28 12:32:49,007] {local_task_job.py:264} INFO - 0 downstream tasks scheduled from follow-on schedule check
