[2022-04-29 15:36:38,451] {taskinstance.py:1032} INFO - Dependencies all met for <TaskInstance: cdn_daily.import_vol.check_status_of_vol manual__2022-04-29T15:26:23.872433+00:00 [queued]>
[2022-04-29 15:36:38,469] {taskinstance.py:1032} INFO - Dependencies all met for <TaskInstance: cdn_daily.import_vol.check_status_of_vol manual__2022-04-29T15:26:23.872433+00:00 [queued]>
[2022-04-29 15:36:38,471] {taskinstance.py:1238} INFO - 
--------------------------------------------------------------------------------
[2022-04-29 15:36:38,472] {taskinstance.py:1239} INFO - Starting attempt 1 of 2
[2022-04-29 15:36:38,473] {taskinstance.py:1240} INFO - 
--------------------------------------------------------------------------------
[2022-04-29 15:36:38,489] {taskinstance.py:1259} INFO - Executing <Task(PythonOperator): import_vol.check_status_of_vol> on 2022-04-29 15:26:23.872433+00:00
[2022-04-29 15:36:38,495] {standard_task_runner.py:52} INFO - Started process 4069 to run task
[2022-04-29 15:36:38,500] {standard_task_runner.py:76} INFO - Running: ['***', 'tasks', 'run', 'cdn_daily', 'import_vol.check_status_of_vol', 'manual__2022-04-29T15:26:23.872433+00:00', '--job-id', '1756', '--raw', '--subdir', 'DAGS_FOLDER/cdn_daily.py', '--cfg-path', '/tmp/tmprbi217db', '--error-file', '/tmp/tmp_b750mr6']
[2022-04-29 15:36:38,502] {standard_task_runner.py:77} INFO - Job 1756: Subtask import_vol.check_status_of_vol
[2022-04-29 15:36:38,580] {logging_mixin.py:109} INFO - Running <TaskInstance: cdn_daily.import_vol.check_status_of_vol manual__2022-04-29T15:26:23.872433+00:00 [running]> on host d5ad096ffea5
[2022-04-29 15:36:38,669] {taskinstance.py:1426} INFO - Exporting the following env vars:
AIRFLOW_CTX_DAG_EMAIL=***@example.com
AIRFLOW_CTX_DAG_OWNER=***
AIRFLOW_CTX_DAG_ID=cdn_daily
AIRFLOW_CTX_TASK_ID=import_vol.check_status_of_vol
AIRFLOW_CTX_EXECUTION_DATE=2022-04-29T15:26:23.872433+00:00
AIRFLOW_CTX_DAG_RUN_ID=manual__2022-04-29T15:26:23.872433+00:00
[2022-04-29 15:36:38,672] {logging_mixin.py:109} INFO - run_vol
[2022-04-29 15:36:38,686] {logging_mixin.py:109} INFO - None
[2022-04-29 15:36:38,712] {logging_mixin.py:109} INFO - vol.alm
[2022-04-29 15:36:38,731] {logging_mixin.py:109} INFO - 9
[2022-04-29 15:36:47,746] {python.py:175} INFO - Done. Returned value was: None
[2022-04-29 15:36:47,763] {taskinstance.py:1277} INFO - Marking task as SUCCESS. dag_id=cdn_daily, task_id=import_vol.check_status_of_vol, execution_date=20220429T152623, start_date=20220429T153638, end_date=20220429T153647
[2022-04-29 15:36:47,831] {local_task_job.py:154} INFO - Task exited with return code 0
[2022-04-29 15:36:47,872] {local_task_job.py:264} INFO - 0 downstream tasks scheduled from follow-on schedule check
