[2022-03-28 13:16:31,015] {taskinstance.py:1032} INFO - Dependencies all met for <TaskInstance: tutorial.eaeaz.eaeaz_proccess_data scheduled__2022-03-27T12:54:27.698780+00:00 [queued]>
[2022-03-28 13:16:31,050] {taskinstance.py:1032} INFO - Dependencies all met for <TaskInstance: tutorial.eaeaz.eaeaz_proccess_data scheduled__2022-03-27T12:54:27.698780+00:00 [queued]>
[2022-03-28 13:16:31,052] {taskinstance.py:1238} INFO - 
--------------------------------------------------------------------------------
[2022-03-28 13:16:31,054] {taskinstance.py:1239} INFO - Starting attempt 1 of 2
[2022-03-28 13:16:31,056] {taskinstance.py:1240} INFO - 
--------------------------------------------------------------------------------
[2022-03-28 13:16:31,096] {taskinstance.py:1259} INFO - Executing <Task(PythonOperator): eaeaz.eaeaz_proccess_data> on 2022-03-27 12:54:27.698780+00:00
[2022-03-28 13:16:31,106] {standard_task_runner.py:52} INFO - Started process 530 to run task
[2022-03-28 13:16:31,116] {standard_task_runner.py:76} INFO - Running: ['***', 'tasks', 'run', 'tutorial', 'eaeaz.eaeaz_proccess_data', 'scheduled__2022-03-27T12:54:27.698780+00:00', '--job-id', '1030', '--raw', '--subdir', 'DAGS_FOLDER/test_dag.py', '--cfg-path', '/tmp/tmphlq8ria_', '--error-file', '/tmp/tmpw8cu39ua']
[2022-03-28 13:16:31,121] {standard_task_runner.py:77} INFO - Job 1030: Subtask eaeaz.eaeaz_proccess_data
[2022-03-28 13:16:31,401] {logging_mixin.py:109} INFO - Running <TaskInstance: tutorial.eaeaz.eaeaz_proccess_data scheduled__2022-03-27T12:54:27.698780+00:00 [running]> on host ff48034dfdbf
[2022-03-28 13:16:31,666] {taskinstance.py:1426} INFO - Exporting the following env vars:
AIRFLOW_CTX_DAG_EMAIL=***@example.com
AIRFLOW_CTX_DAG_OWNER=***
AIRFLOW_CTX_DAG_ID=tutorial
AIRFLOW_CTX_TASK_ID=eaeaz.eaeaz_proccess_data
AIRFLOW_CTX_EXECUTION_DATE=2022-03-27T12:54:27.698780+00:00
AIRFLOW_CTX_DAG_RUN_ID=scheduled__2022-03-27T12:54:27.698780+00:00
[2022-03-28 13:17:31,462] {python.py:175} INFO - Done. Returned value was: None
[2022-03-28 13:17:31,539] {taskinstance.py:1277} INFO - Marking task as SUCCESS. dag_id=tutorial, task_id=eaeaz.eaeaz_proccess_data, execution_date=20220327T125427, start_date=20220328T131631, end_date=20220328T131731
[2022-03-28 13:17:31,574] {local_task_job.py:154} INFO - Task exited with return code 0
[2022-03-28 13:17:31,640] {local_task_job.py:264} INFO - 1 downstream tasks scheduled from follow-on schedule check
