[2022-03-01 19:12:09,915] {taskinstance.py:1032} INFO - Dependencies all met for <TaskInstance: tutorial.pre.pre_print_proccesed_data scheduled__2022-02-27T21:51:17.549420+00:00 [queued]>
[2022-03-01 19:12:09,932] {taskinstance.py:1032} INFO - Dependencies all met for <TaskInstance: tutorial.pre.pre_print_proccesed_data scheduled__2022-02-27T21:51:17.549420+00:00 [queued]>
[2022-03-01 19:12:09,933] {taskinstance.py:1238} INFO - 
--------------------------------------------------------------------------------
[2022-03-01 19:12:09,934] {taskinstance.py:1239} INFO - Starting attempt 1 of 2
[2022-03-01 19:12:09,935] {taskinstance.py:1240} INFO - 
--------------------------------------------------------------------------------
[2022-03-01 19:12:09,949] {taskinstance.py:1259} INFO - Executing <Task(PythonOperator): pre.pre_print_proccesed_data> on 2022-02-27 21:51:17.549420+00:00
[2022-03-01 19:12:09,955] {standard_task_runner.py:52} INFO - Started process 260 to run task
[2022-03-01 19:12:09,961] {standard_task_runner.py:76} INFO - Running: ['***', 'tasks', 'run', 'tutorial', 'pre.pre_print_proccesed_data', 'scheduled__2022-02-27T21:51:17.549420+00:00', '--job-id', '399', '--raw', '--subdir', 'DAGS_FOLDER/test_dag.py', '--cfg-path', '/tmp/tmp1l6yfzbr', '--error-file', '/tmp/tmpvgtvw7wy']
[2022-03-01 19:12:09,963] {standard_task_runner.py:77} INFO - Job 399: Subtask pre.pre_print_proccesed_data
[2022-03-01 19:12:10,048] {logging_mixin.py:109} INFO - Running <TaskInstance: tutorial.pre.pre_print_proccesed_data scheduled__2022-02-27T21:51:17.549420+00:00 [running]> on host ff48034dfdbf
[2022-03-01 19:12:10,116] {taskinstance.py:1426} INFO - Exporting the following env vars:
AIRFLOW_CTX_DAG_EMAIL=***@example.com
AIRFLOW_CTX_DAG_OWNER=***
AIRFLOW_CTX_DAG_ID=tutorial
AIRFLOW_CTX_TASK_ID=pre.pre_print_proccesed_data
AIRFLOW_CTX_EXECUTION_DATE=2022-02-27T21:51:17.549420+00:00
AIRFLOW_CTX_DAG_RUN_ID=scheduled__2022-02-27T21:51:17.549420+00:00
[2022-03-01 19:13:10,075] {python.py:175} INFO - Done. Returned value was: None
[2022-03-01 19:13:10,092] {taskinstance.py:1277} INFO - Marking task as SUCCESS. dag_id=tutorial, task_id=pre.pre_print_proccesed_data, execution_date=20220227T215117, start_date=20220301T191209, end_date=20220301T191310
[2022-03-01 19:13:10,159] {local_task_job.py:154} INFO - Task exited with return code 0
[2022-03-01 19:13:10,194] {local_task_job.py:264} INFO - 0 downstream tasks scheduled from follow-on schedule check
