[2022-03-14 12:12:30,635] {taskinstance.py:1032} INFO - Dependencies all met for <TaskInstance: tutorial.wcccw.wcccw_print_proccesed_data scheduled__2022-03-13T12:04:19.461189+00:00 [queued]>
[2022-03-14 12:12:30,655] {taskinstance.py:1032} INFO - Dependencies all met for <TaskInstance: tutorial.wcccw.wcccw_print_proccesed_data scheduled__2022-03-13T12:04:19.461189+00:00 [queued]>
[2022-03-14 12:12:30,656] {taskinstance.py:1238} INFO - 
--------------------------------------------------------------------------------
[2022-03-14 12:12:30,657] {taskinstance.py:1239} INFO - Starting attempt 1 of 2
[2022-03-14 12:12:30,658] {taskinstance.py:1240} INFO - 
--------------------------------------------------------------------------------
[2022-03-14 12:12:30,677] {taskinstance.py:1259} INFO - Executing <Task(PythonOperator): wcccw.wcccw_print_proccesed_data> on 2022-03-13 12:04:19.461189+00:00
[2022-03-14 12:12:30,683] {standard_task_runner.py:52} INFO - Started process 1302 to run task
[2022-03-14 12:12:30,689] {standard_task_runner.py:76} INFO - Running: ['***', 'tasks', 'run', 'tutorial', 'wcccw.wcccw_print_proccesed_data', 'scheduled__2022-03-13T12:04:19.461189+00:00', '--job-id', '893', '--raw', '--subdir', 'DAGS_FOLDER/test_dag.py', '--cfg-path', '/tmp/tmp9kni2f4k', '--error-file', '/tmp/tmp2h520svs']
[2022-03-14 12:12:30,692] {standard_task_runner.py:77} INFO - Job 893: Subtask wcccw.wcccw_print_proccesed_data
[2022-03-14 12:12:30,791] {logging_mixin.py:109} INFO - Running <TaskInstance: tutorial.wcccw.wcccw_print_proccesed_data scheduled__2022-03-13T12:04:19.461189+00:00 [running]> on host ff48034dfdbf
[2022-03-14 12:12:30,866] {taskinstance.py:1426} INFO - Exporting the following env vars:
AIRFLOW_CTX_DAG_EMAIL=***@example.com
AIRFLOW_CTX_DAG_OWNER=***
AIRFLOW_CTX_DAG_ID=tutorial
AIRFLOW_CTX_TASK_ID=wcccw.wcccw_print_proccesed_data
AIRFLOW_CTX_EXECUTION_DATE=2022-03-13T12:04:19.461189+00:00
AIRFLOW_CTX_DAG_RUN_ID=scheduled__2022-03-13T12:04:19.461189+00:00
[2022-03-14 12:13:30,885] {python.py:175} INFO - Done. Returned value was: None
[2022-03-14 12:13:30,930] {taskinstance.py:1277} INFO - Marking task as SUCCESS. dag_id=tutorial, task_id=wcccw.wcccw_print_proccesed_data, execution_date=20220313T120419, start_date=20220314T121230, end_date=20220314T121330
[2022-03-14 12:13:31,020] {local_task_job.py:154} INFO - Task exited with return code 0
[2022-03-14 12:13:31,077] {local_task_job.py:264} INFO - 0 downstream tasks scheduled from follow-on schedule check
