[2022-03-05 10:32:57,153] {taskinstance.py:1032} INFO - Dependencies all met for <TaskInstance: tutorial.fsqfqf.fsqfqf_print_proccesed_data scheduled__2022-03-04T10:29:52.784989+00:00 [queued]>
[2022-03-05 10:32:57,168] {taskinstance.py:1032} INFO - Dependencies all met for <TaskInstance: tutorial.fsqfqf.fsqfqf_print_proccesed_data scheduled__2022-03-04T10:29:52.784989+00:00 [queued]>
[2022-03-05 10:32:57,169] {taskinstance.py:1238} INFO - 
--------------------------------------------------------------------------------
[2022-03-05 10:32:57,170] {taskinstance.py:1239} INFO - Starting attempt 1 of 2
[2022-03-05 10:32:57,170] {taskinstance.py:1240} INFO - 
--------------------------------------------------------------------------------
[2022-03-05 10:32:57,183] {taskinstance.py:1259} INFO - Executing <Task(PythonOperator): fsqfqf.fsqfqf_print_proccesed_data> on 2022-03-04 10:29:52.784989+00:00
[2022-03-05 10:32:57,188] {standard_task_runner.py:52} INFO - Started process 667 to run task
[2022-03-05 10:32:57,193] {standard_task_runner.py:76} INFO - Running: ['***', 'tasks', 'run', 'tutorial', 'fsqfqf.fsqfqf_print_proccesed_data', 'scheduled__2022-03-04T10:29:52.784989+00:00', '--job-id', '573', '--raw', '--subdir', 'DAGS_FOLDER/test_dag.py', '--cfg-path', '/tmp/tmp74gtw0uk', '--error-file', '/tmp/tmpcoc6xzva']
[2022-03-05 10:32:57,194] {standard_task_runner.py:77} INFO - Job 573: Subtask fsqfqf.fsqfqf_print_proccesed_data
[2022-03-05 10:32:57,268] {logging_mixin.py:109} INFO - Running <TaskInstance: tutorial.fsqfqf.fsqfqf_print_proccesed_data scheduled__2022-03-04T10:29:52.784989+00:00 [running]> on host ff48034dfdbf
[2022-03-05 10:32:57,332] {taskinstance.py:1426} INFO - Exporting the following env vars:
AIRFLOW_CTX_DAG_EMAIL=***@example.com
AIRFLOW_CTX_DAG_OWNER=***
AIRFLOW_CTX_DAG_ID=tutorial
AIRFLOW_CTX_TASK_ID=fsqfqf.fsqfqf_print_proccesed_data
AIRFLOW_CTX_EXECUTION_DATE=2022-03-04T10:29:52.784989+00:00
AIRFLOW_CTX_DAG_RUN_ID=scheduled__2022-03-04T10:29:52.784989+00:00
[2022-03-05 10:33:57,353] {python.py:175} INFO - Done. Returned value was: None
[2022-03-05 10:33:57,385] {taskinstance.py:1277} INFO - Marking task as SUCCESS. dag_id=tutorial, task_id=fsqfqf.fsqfqf_print_proccesed_data, execution_date=20220304T102952, start_date=20220305T103257, end_date=20220305T103357
[2022-03-05 10:33:57,417] {local_task_job.py:154} INFO - Task exited with return code 0
[2022-03-05 10:33:57,490] {local_task_job.py:264} INFO - 0 downstream tasks scheduled from follow-on schedule check
