[2022-04-28 15:47:30,065] {taskinstance.py:1032} INFO - Dependencies all met for <TaskInstance: cdn_daily.import_cat.check_presence_of_cat1 manual__2022-04-28T15:47:28.616895+00:00 [queued]>
[2022-04-28 15:47:30,090] {taskinstance.py:1032} INFO - Dependencies all met for <TaskInstance: cdn_daily.import_cat.check_presence_of_cat1 manual__2022-04-28T15:47:28.616895+00:00 [queued]>
[2022-04-28 15:47:30,092] {taskinstance.py:1238} INFO - 
--------------------------------------------------------------------------------
[2022-04-28 15:47:30,093] {taskinstance.py:1239} INFO - Starting attempt 1 of 2
[2022-04-28 15:47:30,095] {taskinstance.py:1240} INFO - 
--------------------------------------------------------------------------------
[2022-04-28 15:47:30,124] {taskinstance.py:1259} INFO - Executing <Task(PythonOperator): import_cat.check_presence_of_cat1> on 2022-04-28 15:47:28.616895+00:00
[2022-04-28 15:47:30,133] {standard_task_runner.py:52} INFO - Started process 2295 to run task
[2022-04-28 15:47:30,141] {standard_task_runner.py:76} INFO - Running: ['***', 'tasks', 'run', 'cdn_daily', 'import_cat.check_presence_of_cat1', 'manual__2022-04-28T15:47:28.616895+00:00', '--job-id', '1509', '--raw', '--subdir', 'DAGS_FOLDER/cdn_daily.py', '--cfg-path', '/tmp/tmpvndnnvkx', '--error-file', '/tmp/tmpc1ai17ui']
[2022-04-28 15:47:30,143] {standard_task_runner.py:77} INFO - Job 1509: Subtask import_cat.check_presence_of_cat1
[2022-04-28 15:47:30,274] {logging_mixin.py:109} INFO - Running <TaskInstance: cdn_daily.import_cat.check_presence_of_cat1 manual__2022-04-28T15:47:28.616895+00:00 [running]> on host d5ad096ffea5
[2022-04-28 15:47:30,421] {taskinstance.py:1426} INFO - Exporting the following env vars:
AIRFLOW_CTX_DAG_EMAIL=***@example.com
AIRFLOW_CTX_DAG_OWNER=***
AIRFLOW_CTX_DAG_ID=cdn_daily
AIRFLOW_CTX_TASK_ID=import_cat.check_presence_of_cat1
AIRFLOW_CTX_EXECUTION_DATE=2022-04-28T15:47:28.616895+00:00
AIRFLOW_CTX_DAG_RUN_ID=manual__2022-04-28T15:47:28.616895+00:00
[2022-04-28 15:47:30,480] {python.py:175} INFO - Done. Returned value was: None
[2022-04-28 15:47:30,544] {taskinstance.py:1277} INFO - Marking task as SUCCESS. dag_id=cdn_daily, task_id=import_cat.check_presence_of_cat1, execution_date=20220428T154728, start_date=20220428T154730, end_date=20220428T154730
[2022-04-28 15:47:30,600] {local_task_job.py:154} INFO - Task exited with return code 0
[2022-04-28 15:47:30,676] {local_task_job.py:264} INFO - 1 downstream tasks scheduled from follow-on schedule check
