[2022-04-30 12:57:35,148] {taskinstance.py:1032} INFO - Dependencies all met for <TaskInstance: cdn_daily.check_status_of_bsre manual__2022-04-30T12:57:31.335659+00:00 [queued]>
[2022-04-30 12:57:35,174] {taskinstance.py:1032} INFO - Dependencies all met for <TaskInstance: cdn_daily.check_status_of_bsre manual__2022-04-30T12:57:31.335659+00:00 [queued]>
[2022-04-30 12:57:35,176] {taskinstance.py:1238} INFO - 
--------------------------------------------------------------------------------
[2022-04-30 12:57:35,178] {taskinstance.py:1239} INFO - Starting attempt 1 of 2
[2022-04-30 12:57:35,179] {taskinstance.py:1240} INFO - 
--------------------------------------------------------------------------------
[2022-04-30 12:57:35,199] {taskinstance.py:1259} INFO - Executing <Task(PythonOperator): check_status_of_bsre> on 2022-04-30 12:57:31.335659+00:00
[2022-04-30 12:57:35,207] {standard_task_runner.py:52} INFO - Started process 382 to run task
[2022-04-30 12:57:35,217] {standard_task_runner.py:76} INFO - Running: ['***', 'tasks', 'run', 'cdn_daily', 'check_status_of_bsre', 'manual__2022-04-30T12:57:31.335659+00:00', '--job-id', '1816', '--raw', '--subdir', 'DAGS_FOLDER/cdn_daily.py', '--cfg-path', '/tmp/tmp89yo5a0v', '--error-file', '/tmp/tmpo_m628jy']
[2022-04-30 12:57:35,219] {standard_task_runner.py:77} INFO - Job 1816: Subtask check_status_of_bsre
[2022-04-30 12:57:35,336] {logging_mixin.py:109} INFO - Running <TaskInstance: cdn_daily.check_status_of_bsre manual__2022-04-30T12:57:31.335659+00:00 [running]> on host d5ad096ffea5
[2022-04-30 12:57:35,423] {taskinstance.py:1426} INFO - Exporting the following env vars:
AIRFLOW_CTX_DAG_EMAIL=***@example.com
AIRFLOW_CTX_DAG_OWNER=***
AIRFLOW_CTX_DAG_ID=cdn_daily
AIRFLOW_CTX_TASK_ID=check_status_of_bsre
AIRFLOW_CTX_EXECUTION_DATE=2022-04-30T12:57:31.335659+00:00
AIRFLOW_CTX_DAG_RUN_ID=manual__2022-04-30T12:57:31.335659+00:00
[2022-04-30 12:57:35,436] {logging_mixin.py:109} INFO - bsre.alm
[2022-04-30 12:57:35,449] {logging_mixin.py:109} INFO - 7
[2022-04-30 12:57:42,437] {python.py:175} INFO - Done. Returned value was: None
[2022-04-30 12:57:42,456] {taskinstance.py:1277} INFO - Marking task as SUCCESS. dag_id=cdn_daily, task_id=check_status_of_bsre, execution_date=20220430T125731, start_date=20220430T125735, end_date=20220430T125742
[2022-04-30 12:57:42,486] {local_task_job.py:154} INFO - Task exited with return code 0
[2022-04-30 12:57:42,529] {local_task_job.py:264} INFO - 0 downstream tasks scheduled from follow-on schedule check
