[2022-03-14 12:13:24,076] {taskinstance.py:1032} INFO - Dependencies all met for <TaskInstance: tutorial.yryrty.yryrty_print_proccesed_data scheduled__2022-03-13T12:05:20.517459+00:00 [queued]>
[2022-03-14 12:13:24,092] {taskinstance.py:1032} INFO - Dependencies all met for <TaskInstance: tutorial.yryrty.yryrty_print_proccesed_data scheduled__2022-03-13T12:05:20.517459+00:00 [queued]>
[2022-03-14 12:13:24,093] {taskinstance.py:1238} INFO - 
--------------------------------------------------------------------------------
[2022-03-14 12:13:24,094] {taskinstance.py:1239} INFO - Starting attempt 1 of 2
[2022-03-14 12:13:24,095] {taskinstance.py:1240} INFO - 
--------------------------------------------------------------------------------
[2022-03-14 12:13:24,114] {taskinstance.py:1259} INFO - Executing <Task(PythonOperator): yryrty.yryrty_print_proccesed_data> on 2022-03-13 12:05:20.517459+00:00
[2022-03-14 12:13:24,119] {standard_task_runner.py:52} INFO - Started process 1342 to run task
[2022-03-14 12:13:24,126] {standard_task_runner.py:76} INFO - Running: ['***', 'tasks', 'run', 'tutorial', 'yryrty.yryrty_print_proccesed_data', 'scheduled__2022-03-13T12:05:20.517459+00:00', '--job-id', '894', '--raw', '--subdir', 'DAGS_FOLDER/test_dag.py', '--cfg-path', '/tmp/tmp4ic93h__', '--error-file', '/tmp/tmp8qlp4ofi']
[2022-03-14 12:13:24,127] {standard_task_runner.py:77} INFO - Job 894: Subtask yryrty.yryrty_print_proccesed_data
[2022-03-14 12:13:24,213] {logging_mixin.py:109} INFO - Running <TaskInstance: tutorial.yryrty.yryrty_print_proccesed_data scheduled__2022-03-13T12:05:20.517459+00:00 [running]> on host ff48034dfdbf
[2022-03-14 12:13:24,282] {taskinstance.py:1426} INFO - Exporting the following env vars:
AIRFLOW_CTX_DAG_EMAIL=***@example.com
AIRFLOW_CTX_DAG_OWNER=***
AIRFLOW_CTX_DAG_ID=tutorial
AIRFLOW_CTX_TASK_ID=yryrty.yryrty_print_proccesed_data
AIRFLOW_CTX_EXECUTION_DATE=2022-03-13T12:05:20.517459+00:00
AIRFLOW_CTX_DAG_RUN_ID=scheduled__2022-03-13T12:05:20.517459+00:00
[2022-03-14 12:14:24,300] {python.py:175} INFO - Done. Returned value was: None
[2022-03-14 12:14:24,341] {taskinstance.py:1277} INFO - Marking task as SUCCESS. dag_id=tutorial, task_id=yryrty.yryrty_print_proccesed_data, execution_date=20220313T120520, start_date=20220314T121324, end_date=20220314T121424
[2022-03-14 12:14:24,381] {local_task_job.py:154} INFO - Task exited with return code 0
[2022-03-14 12:14:24,417] {local_task_job.py:264} INFO - 0 downstream tasks scheduled from follow-on schedule check
