[2022-02-23 21:42:00,376] {taskinstance.py:1032} INFO - Dependencies all met for <TaskInstance: tutorial.fsqfqf.fsqfqf_print_proccesed_data scheduled__2022-02-21T17:28:01.321646+00:00 [queued]>
[2022-02-23 21:42:00,392] {taskinstance.py:1032} INFO - Dependencies all met for <TaskInstance: tutorial.fsqfqf.fsqfqf_print_proccesed_data scheduled__2022-02-21T17:28:01.321646+00:00 [queued]>
[2022-02-23 21:42:00,393] {taskinstance.py:1238} INFO - 
--------------------------------------------------------------------------------
[2022-02-23 21:42:00,394] {taskinstance.py:1239} INFO - Starting attempt 1 of 2
[2022-02-23 21:42:00,395] {taskinstance.py:1240} INFO - 
--------------------------------------------------------------------------------
[2022-02-23 21:42:00,411] {taskinstance.py:1259} INFO - Executing <Task(PythonOperator): fsqfqf.fsqfqf_print_proccesed_data> on 2022-02-21 17:28:01.321646+00:00
[2022-02-23 21:42:00,418] {standard_task_runner.py:52} INFO - Started process 327 to run task
[2022-02-23 21:42:00,425] {standard_task_runner.py:76} INFO - Running: ['***', 'tasks', 'run', 'tutorial', 'fsqfqf.fsqfqf_print_proccesed_data', 'scheduled__2022-02-21T17:28:01.321646+00:00', '--job-id', '150', '--raw', '--subdir', 'DAGS_FOLDER/test_dag.py', '--cfg-path', '/tmp/tmp5j6xf8oe', '--error-file', '/tmp/tmplynframd']
[2022-02-23 21:42:00,426] {standard_task_runner.py:77} INFO - Job 150: Subtask fsqfqf.fsqfqf_print_proccesed_data
[2022-02-23 21:42:00,543] {logging_mixin.py:109} INFO - Running <TaskInstance: tutorial.fsqfqf.fsqfqf_print_proccesed_data scheduled__2022-02-21T17:28:01.321646+00:00 [running]> on host ff48034dfdbf
[2022-02-23 21:42:00,675] {taskinstance.py:1426} INFO - Exporting the following env vars:
AIRFLOW_CTX_DAG_EMAIL=***@example.com
AIRFLOW_CTX_DAG_OWNER=***
AIRFLOW_CTX_DAG_ID=tutorial
AIRFLOW_CTX_TASK_ID=fsqfqf.fsqfqf_print_proccesed_data
AIRFLOW_CTX_EXECUTION_DATE=2022-02-21T17:28:01.321646+00:00
AIRFLOW_CTX_DAG_RUN_ID=scheduled__2022-02-21T17:28:01.321646+00:00
[2022-02-23 21:43:00,696] {python.py:175} INFO - Done. Returned value was: None
[2022-02-23 21:43:00,710] {taskinstance.py:1277} INFO - Marking task as SUCCESS. dag_id=tutorial, task_id=fsqfqf.fsqfqf_print_proccesed_data, execution_date=20220221T172801, start_date=20220223T214200, end_date=20220223T214300
[2022-02-23 21:43:00,776] {local_task_job.py:154} INFO - Task exited with return code 0
[2022-02-23 21:43:00,811] {local_task_job.py:264} INFO - 0 downstream tasks scheduled from follow-on schedule check
