[2022-02-23 21:45:05,251] {taskinstance.py:1032} INFO - Dependencies all met for <TaskInstance: tutorial.eaeaz.eaeaz_get_data scheduled__2022-02-22T21:44:04.027723+00:00 [queued]>
[2022-02-23 21:45:05,270] {taskinstance.py:1032} INFO - Dependencies all met for <TaskInstance: tutorial.eaeaz.eaeaz_get_data scheduled__2022-02-22T21:44:04.027723+00:00 [queued]>
[2022-02-23 21:45:05,271] {taskinstance.py:1238} INFO - 
--------------------------------------------------------------------------------
[2022-02-23 21:45:05,272] {taskinstance.py:1239} INFO - Starting attempt 1 of 2
[2022-02-23 21:45:05,273] {taskinstance.py:1240} INFO - 
--------------------------------------------------------------------------------
[2022-02-23 21:45:05,292] {taskinstance.py:1259} INFO - Executing <Task(PythonOperator): eaeaz.eaeaz_get_data> on 2022-02-22 21:44:04.027723+00:00
[2022-02-23 21:45:05,298] {standard_task_runner.py:52} INFO - Started process 519 to run task
[2022-02-23 21:45:05,303] {standard_task_runner.py:76} INFO - Running: ['***', 'tasks', 'run', 'tutorial', 'eaeaz.eaeaz_get_data', 'scheduled__2022-02-22T21:44:04.027723+00:00', '--job-id', '178', '--raw', '--subdir', 'DAGS_FOLDER/test_dag.py', '--cfg-path', '/tmp/tmpr5_f6qxw', '--error-file', '/tmp/tmp72rwtk1s']
[2022-02-23 21:45:05,305] {standard_task_runner.py:77} INFO - Job 178: Subtask eaeaz.eaeaz_get_data
[2022-02-23 21:45:05,409] {logging_mixin.py:109} INFO - Running <TaskInstance: tutorial.eaeaz.eaeaz_get_data scheduled__2022-02-22T21:44:04.027723+00:00 [running]> on host ff48034dfdbf
[2022-02-23 21:45:05,519] {taskinstance.py:1426} INFO - Exporting the following env vars:
AIRFLOW_CTX_DAG_EMAIL=***@example.com
AIRFLOW_CTX_DAG_OWNER=***
AIRFLOW_CTX_DAG_ID=tutorial
AIRFLOW_CTX_TASK_ID=eaeaz.eaeaz_get_data
AIRFLOW_CTX_EXECUTION_DATE=2022-02-22T21:44:04.027723+00:00
AIRFLOW_CTX_DAG_RUN_ID=scheduled__2022-02-22T21:44:04.027723+00:00
[2022-02-23 21:46:05,540] {python.py:175} INFO - Done. Returned value was: None
[2022-02-23 21:46:05,552] {taskinstance.py:1277} INFO - Marking task as SUCCESS. dag_id=tutorial, task_id=eaeaz.eaeaz_get_data, execution_date=20220222T214404, start_date=20220223T214505, end_date=20220223T214605
[2022-02-23 21:46:05,590] {local_task_job.py:154} INFO - Task exited with return code 0
[2022-02-23 21:46:05,645] {local_task_job.py:264} INFO - 1 downstream tasks scheduled from follow-on schedule check
