[2022-03-14 12:02:17,674] {taskinstance.py:1032} INFO - Dependencies all met for <TaskInstance: tutorial.yryrty.yryrty_proccess_data scheduled__2022-03-13T12:00:13.316065+00:00 [queued]>
[2022-03-14 12:02:17,695] {taskinstance.py:1032} INFO - Dependencies all met for <TaskInstance: tutorial.yryrty.yryrty_proccess_data scheduled__2022-03-13T12:00:13.316065+00:00 [queued]>
[2022-03-14 12:02:17,696] {taskinstance.py:1238} INFO - 
--------------------------------------------------------------------------------
[2022-03-14 12:02:17,698] {taskinstance.py:1239} INFO - Starting attempt 1 of 2
[2022-03-14 12:02:17,699] {taskinstance.py:1240} INFO - 
--------------------------------------------------------------------------------
[2022-03-14 12:02:17,718] {taskinstance.py:1259} INFO - Executing <Task(PythonOperator): yryrty.yryrty_proccess_data> on 2022-03-13 12:00:13.316065+00:00
[2022-03-14 12:02:17,725] {standard_task_runner.py:52} INFO - Started process 705 to run task
[2022-03-14 12:02:17,731] {standard_task_runner.py:76} INFO - Running: ['***', 'tasks', 'run', 'tutorial', 'yryrty.yryrty_proccess_data', 'scheduled__2022-03-13T12:00:13.316065+00:00', '--job-id', '791', '--raw', '--subdir', 'DAGS_FOLDER/test_dag.py', '--cfg-path', '/tmp/tmpvzonsxfl', '--error-file', '/tmp/tmp89mae6tt']
[2022-03-14 12:02:17,733] {standard_task_runner.py:77} INFO - Job 791: Subtask yryrty.yryrty_proccess_data
[2022-03-14 12:02:17,844] {logging_mixin.py:109} INFO - Running <TaskInstance: tutorial.yryrty.yryrty_proccess_data scheduled__2022-03-13T12:00:13.316065+00:00 [running]> on host ff48034dfdbf
[2022-03-14 12:02:17,933] {taskinstance.py:1426} INFO - Exporting the following env vars:
AIRFLOW_CTX_DAG_EMAIL=***@example.com
AIRFLOW_CTX_DAG_OWNER=***
AIRFLOW_CTX_DAG_ID=tutorial
AIRFLOW_CTX_TASK_ID=yryrty.yryrty_proccess_data
AIRFLOW_CTX_EXECUTION_DATE=2022-03-13T12:00:13.316065+00:00
AIRFLOW_CTX_DAG_RUN_ID=scheduled__2022-03-13T12:00:13.316065+00:00
[2022-03-14 12:03:17,953] {python.py:175} INFO - Done. Returned value was: None
[2022-03-14 12:03:18,037] {taskinstance.py:1277} INFO - Marking task as SUCCESS. dag_id=tutorial, task_id=yryrty.yryrty_proccess_data, execution_date=20220313T120013, start_date=20220314T120217, end_date=20220314T120318
[2022-03-14 12:03:18,113] {local_task_job.py:154} INFO - Task exited with return code 0
[2022-03-14 12:03:18,277] {local_task_job.py:264} INFO - 1 downstream tasks scheduled from follow-on schedule check
