[2022-04-28 15:47:31,978] {taskinstance.py:1032} INFO - Dependencies all met for <TaskInstance: cdn_daily.import_cat.run_cat.alm manual__2022-04-28T15:47:28.616895+00:00 [queued]>
[2022-04-28 15:47:32,003] {taskinstance.py:1032} INFO - Dependencies all met for <TaskInstance: cdn_daily.import_cat.run_cat.alm manual__2022-04-28T15:47:28.616895+00:00 [queued]>
[2022-04-28 15:47:32,005] {taskinstance.py:1238} INFO - 
--------------------------------------------------------------------------------
[2022-04-28 15:47:32,006] {taskinstance.py:1239} INFO - Starting attempt 1 of 2
[2022-04-28 15:47:32,008] {taskinstance.py:1240} INFO - 
--------------------------------------------------------------------------------
[2022-04-28 15:47:32,030] {taskinstance.py:1259} INFO - Executing <Task(PythonOperator): import_cat.run_cat.alm> on 2022-04-28 15:47:28.616895+00:00
[2022-04-28 15:47:32,037] {standard_task_runner.py:52} INFO - Started process 2301 to run task
[2022-04-28 15:47:32,043] {standard_task_runner.py:76} INFO - Running: ['***', 'tasks', 'run', 'cdn_daily', 'import_cat.run_cat.alm', 'manual__2022-04-28T15:47:28.616895+00:00', '--job-id', '1512', '--raw', '--subdir', 'DAGS_FOLDER/cdn_daily.py', '--cfg-path', '/tmp/tmpt8ci0lnq', '--error-file', '/tmp/tmpxm_fbtab']
[2022-04-28 15:47:32,045] {standard_task_runner.py:77} INFO - Job 1512: Subtask import_cat.run_cat.alm
[2022-04-28 15:47:32,148] {logging_mixin.py:109} INFO - Running <TaskInstance: cdn_daily.import_cat.run_cat.alm manual__2022-04-28T15:47:28.616895+00:00 [running]> on host d5ad096ffea5
[2022-04-28 15:47:32,241] {taskinstance.py:1426} INFO - Exporting the following env vars:
AIRFLOW_CTX_DAG_EMAIL=***@example.com
AIRFLOW_CTX_DAG_OWNER=***
AIRFLOW_CTX_DAG_ID=cdn_daily
AIRFLOW_CTX_TASK_ID=import_cat.run_cat.alm
AIRFLOW_CTX_EXECUTION_DATE=2022-04-28T15:47:28.616895+00:00
AIRFLOW_CTX_DAG_RUN_ID=manual__2022-04-28T15:47:28.616895+00:00
[2022-04-28 15:47:32,284] {python.py:175} INFO - Done. Returned value was: None
[2022-04-28 15:47:32,307] {taskinstance.py:1277} INFO - Marking task as SUCCESS. dag_id=cdn_daily, task_id=import_cat.run_cat.alm, execution_date=20220428T154728, start_date=20220428T154731, end_date=20220428T154732
[2022-04-28 15:47:32,381] {local_task_job.py:154} INFO - Task exited with return code 0
[2022-04-28 15:47:32,460] {local_task_job.py:264} INFO - 1 downstream tasks scheduled from follow-on schedule check
