[2022-03-14 12:05:22,834] {taskinstance.py:1032} INFO - Dependencies all met for <TaskInstance: tutorial.jghjg.jghjg_get_data scheduled__2022-03-13T12:05:20.517459+00:00 [queued]>
[2022-03-14 12:05:22,851] {taskinstance.py:1032} INFO - Dependencies all met for <TaskInstance: tutorial.jghjg.jghjg_get_data scheduled__2022-03-13T12:05:20.517459+00:00 [queued]>
[2022-03-14 12:05:22,852] {taskinstance.py:1238} INFO - 
--------------------------------------------------------------------------------
[2022-03-14 12:05:22,854] {taskinstance.py:1239} INFO - Starting attempt 1 of 2
[2022-03-14 12:05:22,855] {taskinstance.py:1240} INFO - 
--------------------------------------------------------------------------------
[2022-03-14 12:05:22,878] {taskinstance.py:1259} INFO - Executing <Task(PythonOperator): jghjg.jghjg_get_data> on 2022-03-13 12:05:20.517459+00:00
[2022-03-14 12:05:22,886] {standard_task_runner.py:52} INFO - Started process 887 to run task
[2022-03-14 12:05:22,895] {standard_task_runner.py:76} INFO - Running: ['***', 'tasks', 'run', 'tutorial', 'jghjg.jghjg_get_data', 'scheduled__2022-03-13T12:05:20.517459+00:00', '--job-id', '821', '--raw', '--subdir', 'DAGS_FOLDER/test_dag.py', '--cfg-path', '/tmp/tmpowns1bxz', '--error-file', '/tmp/tmpacm3cp3y']
[2022-03-14 12:05:22,896] {standard_task_runner.py:77} INFO - Job 821: Subtask jghjg.jghjg_get_data
[2022-03-14 12:05:22,995] {logging_mixin.py:109} INFO - Running <TaskInstance: tutorial.jghjg.jghjg_get_data scheduled__2022-03-13T12:05:20.517459+00:00 [running]> on host ff48034dfdbf
[2022-03-14 12:05:23,083] {taskinstance.py:1426} INFO - Exporting the following env vars:
AIRFLOW_CTX_DAG_EMAIL=***@example.com
AIRFLOW_CTX_DAG_OWNER=***
AIRFLOW_CTX_DAG_ID=tutorial
AIRFLOW_CTX_TASK_ID=jghjg.jghjg_get_data
AIRFLOW_CTX_EXECUTION_DATE=2022-03-13T12:05:20.517459+00:00
AIRFLOW_CTX_DAG_RUN_ID=scheduled__2022-03-13T12:05:20.517459+00:00
[2022-03-14 12:06:23,070] {python.py:175} INFO - Done. Returned value was: None
[2022-03-14 12:06:23,087] {taskinstance.py:1277} INFO - Marking task as SUCCESS. dag_id=tutorial, task_id=jghjg.jghjg_get_data, execution_date=20220313T120520, start_date=20220314T120522, end_date=20220314T120623
[2022-03-14 12:06:23,138] {local_task_job.py:154} INFO - Task exited with return code 0
[2022-03-14 12:06:23,232] {local_task_job.py:264} INFO - 1 downstream tasks scheduled from follow-on schedule check
