[2022-03-07 19:55:30,612] {taskinstance.py:1032} INFO - Dependencies all met for <TaskInstance: tutorial.hfghfg.hfghfg_print_proccesed_data scheduled__2022-03-06T10:29:52.784989+00:00 [queued]>
[2022-03-07 19:55:30,637] {taskinstance.py:1032} INFO - Dependencies all met for <TaskInstance: tutorial.hfghfg.hfghfg_print_proccesed_data scheduled__2022-03-06T10:29:52.784989+00:00 [queued]>
[2022-03-07 19:55:30,639] {taskinstance.py:1238} INFO - 
--------------------------------------------------------------------------------
[2022-03-07 19:55:30,641] {taskinstance.py:1239} INFO - Starting attempt 1 of 2
[2022-03-07 19:55:30,643] {taskinstance.py:1240} INFO - 
--------------------------------------------------------------------------------
[2022-03-07 19:55:30,664] {taskinstance.py:1259} INFO - Executing <Task(PythonOperator): hfghfg.hfghfg_print_proccesed_data> on 2022-03-06 10:29:52.784989+00:00
[2022-03-07 19:55:30,672] {standard_task_runner.py:52} INFO - Started process 211 to run task
[2022-03-07 19:55:30,679] {standard_task_runner.py:76} INFO - Running: ['***', 'tasks', 'run', 'tutorial', 'hfghfg.hfghfg_print_proccesed_data', 'scheduled__2022-03-06T10:29:52.784989+00:00', '--job-id', '652', '--raw', '--subdir', 'DAGS_FOLDER/test_dag.py', '--cfg-path', '/tmp/tmpjrm1cev8', '--error-file', '/tmp/tmpsfs_fdo3']
[2022-03-07 19:55:30,681] {standard_task_runner.py:77} INFO - Job 652: Subtask hfghfg.hfghfg_print_proccesed_data
[2022-03-07 19:55:30,828] {logging_mixin.py:109} INFO - Running <TaskInstance: tutorial.hfghfg.hfghfg_print_proccesed_data scheduled__2022-03-06T10:29:52.784989+00:00 [running]> on host ff48034dfdbf
[2022-03-07 19:55:30,973] {taskinstance.py:1426} INFO - Exporting the following env vars:
AIRFLOW_CTX_DAG_EMAIL=***@example.com
AIRFLOW_CTX_DAG_OWNER=***
AIRFLOW_CTX_DAG_ID=tutorial
AIRFLOW_CTX_TASK_ID=hfghfg.hfghfg_print_proccesed_data
AIRFLOW_CTX_EXECUTION_DATE=2022-03-06T10:29:52.784989+00:00
AIRFLOW_CTX_DAG_RUN_ID=scheduled__2022-03-06T10:29:52.784989+00:00
[2022-03-07 19:56:30,958] {python.py:175} INFO - Done. Returned value was: None
[2022-03-07 19:56:30,978] {taskinstance.py:1277} INFO - Marking task as SUCCESS. dag_id=tutorial, task_id=hfghfg.hfghfg_print_proccesed_data, execution_date=20220306T102952, start_date=20220307T195530, end_date=20220307T195630
[2022-03-07 19:56:31,034] {local_task_job.py:154} INFO - Task exited with return code 0
[2022-03-07 19:56:31,100] {local_task_job.py:264} INFO - 0 downstream tasks scheduled from follow-on schedule check
