[2022-04-23 14:19:37,470] {taskinstance.py:1032} INFO - Dependencies all met for <TaskInstance: tutorial.pre.pre_get_data scheduled__2022-04-22T14:16:37.536651+00:00 [queued]>
[2022-04-23 14:19:37,506] {taskinstance.py:1032} INFO - Dependencies all met for <TaskInstance: tutorial.pre.pre_get_data scheduled__2022-04-22T14:16:37.536651+00:00 [queued]>
[2022-04-23 14:19:37,508] {taskinstance.py:1238} INFO - 
--------------------------------------------------------------------------------
[2022-04-23 14:19:37,510] {taskinstance.py:1239} INFO - Starting attempt 1 of 2
[2022-04-23 14:19:37,511] {taskinstance.py:1240} INFO - 
--------------------------------------------------------------------------------
[2022-04-23 14:19:37,543] {taskinstance.py:1259} INFO - Executing <Task(PythonOperator): pre.pre_get_data> on 2022-04-22 14:16:37.536651+00:00
[2022-04-23 14:19:37,557] {standard_task_runner.py:52} INFO - Started process 253 to run task
[2022-04-23 14:19:37,569] {standard_task_runner.py:76} INFO - Running: ['***', 'tasks', 'run', 'tutorial', 'pre.pre_get_data', 'scheduled__2022-04-22T14:16:37.536651+00:00', '--job-id', '1126', '--raw', '--subdir', 'DAGS_FOLDER/test_dag.py', '--cfg-path', '/tmp/tmpcyzasky1', '--error-file', '/tmp/tmp00ifbs4y']
[2022-04-23 14:19:37,572] {standard_task_runner.py:77} INFO - Job 1126: Subtask pre.pre_get_data
[2022-04-23 14:19:37,781] {logging_mixin.py:109} INFO - Running <TaskInstance: tutorial.pre.pre_get_data scheduled__2022-04-22T14:16:37.536651+00:00 [running]> on host ff48034dfdbf
[2022-04-23 14:19:37,939] {taskinstance.py:1426} INFO - Exporting the following env vars:
AIRFLOW_CTX_DAG_EMAIL=***@example.com
AIRFLOW_CTX_DAG_OWNER=***
AIRFLOW_CTX_DAG_ID=tutorial
AIRFLOW_CTX_TASK_ID=pre.pre_get_data
AIRFLOW_CTX_EXECUTION_DATE=2022-04-22T14:16:37.536651+00:00
AIRFLOW_CTX_DAG_RUN_ID=scheduled__2022-04-22T14:16:37.536651+00:00
[2022-04-23 14:20:37,905] {python.py:175} INFO - Done. Returned value was: None
[2022-04-23 14:20:37,938] {taskinstance.py:1277} INFO - Marking task as SUCCESS. dag_id=tutorial, task_id=pre.pre_get_data, execution_date=20220422T141637, start_date=20220423T141937, end_date=20220423T142037
[2022-04-23 14:20:38,038] {local_task_job.py:154} INFO - Task exited with return code 0
[2022-04-23 14:20:38,225] {local_task_job.py:264} INFO - 1 downstream tasks scheduled from follow-on schedule check
