[2022-03-07 19:53:27,167] {taskinstance.py:1032} INFO - Dependencies all met for <TaskInstance: tutorial.eaeaz.eaeaz_get_data scheduled__2022-03-06T10:29:52.784989+00:00 [queued]>
[2022-03-07 19:53:27,189] {taskinstance.py:1032} INFO - Dependencies all met for <TaskInstance: tutorial.eaeaz.eaeaz_get_data scheduled__2022-03-06T10:29:52.784989+00:00 [queued]>
[2022-03-07 19:53:27,196] {taskinstance.py:1238} INFO - 
--------------------------------------------------------------------------------
[2022-03-07 19:53:27,197] {taskinstance.py:1239} INFO - Starting attempt 1 of 2
[2022-03-07 19:53:27,199] {taskinstance.py:1240} INFO - 
--------------------------------------------------------------------------------
[2022-03-07 19:53:27,236] {taskinstance.py:1259} INFO - Executing <Task(PythonOperator): eaeaz.eaeaz_get_data> on 2022-03-06 10:29:52.784989+00:00
[2022-03-07 19:53:27,251] {standard_task_runner.py:52} INFO - Started process 87 to run task
[2022-03-07 19:53:27,258] {standard_task_runner.py:76} INFO - Running: ['***', 'tasks', 'run', 'tutorial', 'eaeaz.eaeaz_get_data', 'scheduled__2022-03-06T10:29:52.784989+00:00', '--job-id', '632', '--raw', '--subdir', 'DAGS_FOLDER/test_dag.py', '--cfg-path', '/tmp/tmpop63shr7', '--error-file', '/tmp/tmpvpeodb7b']
[2022-03-07 19:53:27,261] {standard_task_runner.py:77} INFO - Job 632: Subtask eaeaz.eaeaz_get_data
[2022-03-07 19:53:27,362] {logging_mixin.py:109} INFO - Running <TaskInstance: tutorial.eaeaz.eaeaz_get_data scheduled__2022-03-06T10:29:52.784989+00:00 [running]> on host ff48034dfdbf
[2022-03-07 19:53:27,425] {taskinstance.py:1426} INFO - Exporting the following env vars:
AIRFLOW_CTX_DAG_EMAIL=***@example.com
AIRFLOW_CTX_DAG_OWNER=***
AIRFLOW_CTX_DAG_ID=tutorial
AIRFLOW_CTX_TASK_ID=eaeaz.eaeaz_get_data
AIRFLOW_CTX_EXECUTION_DATE=2022-03-06T10:29:52.784989+00:00
AIRFLOW_CTX_DAG_RUN_ID=scheduled__2022-03-06T10:29:52.784989+00:00
[2022-03-07 19:54:27,444] {python.py:175} INFO - Done. Returned value was: None
[2022-03-07 19:54:27,545] {taskinstance.py:1277} INFO - Marking task as SUCCESS. dag_id=tutorial, task_id=eaeaz.eaeaz_get_data, execution_date=20220306T102952, start_date=20220307T195327, end_date=20220307T195427
[2022-03-07 19:54:27,643] {local_task_job.py:154} INFO - Task exited with return code 0
[2022-03-07 19:54:27,754] {local_task_job.py:264} INFO - 1 downstream tasks scheduled from follow-on schedule check
