[2022-03-05 10:27:50,107] {taskinstance.py:1032} INFO - Dependencies all met for <TaskInstance: tutorial.yryrty.yryrty_proccess_data scheduled__2022-03-04T10:23:38.063243+00:00 [queued]>
[2022-03-05 10:27:50,127] {taskinstance.py:1032} INFO - Dependencies all met for <TaskInstance: tutorial.yryrty.yryrty_proccess_data scheduled__2022-03-04T10:23:38.063243+00:00 [queued]>
[2022-03-05 10:27:50,128] {taskinstance.py:1238} INFO - 
--------------------------------------------------------------------------------
[2022-03-05 10:27:50,131] {taskinstance.py:1239} INFO - Starting attempt 1 of 2
[2022-03-05 10:27:50,132] {taskinstance.py:1240} INFO - 
--------------------------------------------------------------------------------
[2022-03-05 10:27:50,150] {taskinstance.py:1259} INFO - Executing <Task(PythonOperator): yryrty.yryrty_proccess_data> on 2022-03-04 10:23:38.063243+00:00
[2022-03-05 10:27:50,156] {standard_task_runner.py:52} INFO - Started process 340 to run task
[2022-03-05 10:27:50,162] {standard_task_runner.py:76} INFO - Running: ['***', 'tasks', 'run', 'tutorial', 'yryrty.yryrty_proccess_data', 'scheduled__2022-03-04T10:23:38.063243+00:00', '--job-id', '521', '--raw', '--subdir', 'DAGS_FOLDER/test_dag.py', '--cfg-path', '/tmp/tmp4og5vyoe', '--error-file', '/tmp/tmp0h5_ded6']
[2022-03-05 10:27:50,163] {standard_task_runner.py:77} INFO - Job 521: Subtask yryrty.yryrty_proccess_data
[2022-03-05 10:27:50,246] {logging_mixin.py:109} INFO - Running <TaskInstance: tutorial.yryrty.yryrty_proccess_data scheduled__2022-03-04T10:23:38.063243+00:00 [running]> on host ff48034dfdbf
[2022-03-05 10:27:50,313] {taskinstance.py:1426} INFO - Exporting the following env vars:
AIRFLOW_CTX_DAG_EMAIL=***@example.com
AIRFLOW_CTX_DAG_OWNER=***
AIRFLOW_CTX_DAG_ID=tutorial
AIRFLOW_CTX_TASK_ID=yryrty.yryrty_proccess_data
AIRFLOW_CTX_EXECUTION_DATE=2022-03-04T10:23:38.063243+00:00
AIRFLOW_CTX_DAG_RUN_ID=scheduled__2022-03-04T10:23:38.063243+00:00
[2022-03-05 10:28:50,332] {python.py:175} INFO - Done. Returned value was: None
[2022-03-05 10:28:50,346] {taskinstance.py:1277} INFO - Marking task as SUCCESS. dag_id=tutorial, task_id=yryrty.yryrty_proccess_data, execution_date=20220304T102338, start_date=20220305T102750, end_date=20220305T102850
[2022-03-05 10:28:50,403] {local_task_job.py:154} INFO - Task exited with return code 0
[2022-03-05 10:28:50,449] {local_task_job.py:264} INFO - 1 downstream tasks scheduled from follow-on schedule check
