[2022-04-29 15:31:58,626] {taskinstance.py:1032} INFO - Dependencies all met for <TaskInstance: cdn_daily.import_cat.run_cat manual__2022-04-29T15:31:55.459871+00:00 [queued]>
[2022-04-29 15:31:58,643] {taskinstance.py:1032} INFO - Dependencies all met for <TaskInstance: cdn_daily.import_cat.run_cat manual__2022-04-29T15:31:55.459871+00:00 [queued]>
[2022-04-29 15:31:58,645] {taskinstance.py:1238} INFO - 
--------------------------------------------------------------------------------
[2022-04-29 15:31:58,646] {taskinstance.py:1239} INFO - Starting attempt 1 of 2
[2022-04-29 15:31:58,647] {taskinstance.py:1240} INFO - 
--------------------------------------------------------------------------------
[2022-04-29 15:31:58,665] {taskinstance.py:1259} INFO - Executing <Task(PythonOperator): import_cat.run_cat> on 2022-04-29 15:31:55.459871+00:00
[2022-04-29 15:31:58,671] {standard_task_runner.py:52} INFO - Started process 3763 to run task
[2022-04-29 15:31:58,676] {standard_task_runner.py:76} INFO - Running: ['***', 'tasks', 'run', 'cdn_daily', 'import_cat.run_cat', 'manual__2022-04-29T15:31:55.459871+00:00', '--job-id', '1701', '--raw', '--subdir', 'DAGS_FOLDER/cdn_daily.py', '--cfg-path', '/tmp/tmpo9poezhg', '--error-file', '/tmp/tmp4chq0q87']
[2022-04-29 15:31:58,678] {standard_task_runner.py:77} INFO - Job 1701: Subtask import_cat.run_cat
[2022-04-29 15:31:58,758] {logging_mixin.py:109} INFO - Running <TaskInstance: cdn_daily.import_cat.run_cat manual__2022-04-29T15:31:55.459871+00:00 [running]> on host d5ad096ffea5
[2022-04-29 15:31:58,829] {taskinstance.py:1426} INFO - Exporting the following env vars:
AIRFLOW_CTX_DAG_EMAIL=***@example.com
AIRFLOW_CTX_DAG_OWNER=***
AIRFLOW_CTX_DAG_ID=cdn_daily
AIRFLOW_CTX_TASK_ID=import_cat.run_cat
AIRFLOW_CTX_EXECUTION_DATE=2022-04-29T15:31:55.459871+00:00
AIRFLOW_CTX_DAG_RUN_ID=manual__2022-04-29T15:31:55.459871+00:00
[2022-04-29 15:31:58,856] {python.py:175} INFO - Done. Returned value was: None
[2022-04-29 15:31:58,889] {taskinstance.py:1277} INFO - Marking task as SUCCESS. dag_id=cdn_daily, task_id=import_cat.run_cat, execution_date=20220429T153155, start_date=20220429T153158, end_date=20220429T153158
[2022-04-29 15:31:58,932] {local_task_job.py:154} INFO - Task exited with return code 0
[2022-04-29 15:31:58,986] {local_task_job.py:264} INFO - 1 downstream tasks scheduled from follow-on schedule check
