[2022-03-14 12:05:21,178] {taskinstance.py:1032} INFO - Dependencies all met for <TaskInstance: tutorial.yryrty.yryrty_get_data scheduled__2022-03-13T12:04:19.461189+00:00 [queued]>
[2022-03-14 12:05:21,197] {taskinstance.py:1032} INFO - Dependencies all met for <TaskInstance: tutorial.yryrty.yryrty_get_data scheduled__2022-03-13T12:04:19.461189+00:00 [queued]>
[2022-03-14 12:05:21,199] {taskinstance.py:1238} INFO - 
--------------------------------------------------------------------------------
[2022-03-14 12:05:21,199] {taskinstance.py:1239} INFO - Starting attempt 1 of 2
[2022-03-14 12:05:21,200] {taskinstance.py:1240} INFO - 
--------------------------------------------------------------------------------
[2022-03-14 12:05:21,216] {taskinstance.py:1259} INFO - Executing <Task(PythonOperator): yryrty.yryrty_get_data> on 2022-03-13 12:04:19.461189+00:00
[2022-03-14 12:05:21,224] {standard_task_runner.py:52} INFO - Started process 882 to run task
[2022-03-14 12:05:21,230] {standard_task_runner.py:76} INFO - Running: ['***', 'tasks', 'run', 'tutorial', 'yryrty.yryrty_get_data', 'scheduled__2022-03-13T12:04:19.461189+00:00', '--job-id', '820', '--raw', '--subdir', 'DAGS_FOLDER/test_dag.py', '--cfg-path', '/tmp/tmpx4m8glma', '--error-file', '/tmp/tmpu6y6pn7x']
[2022-03-14 12:05:21,231] {standard_task_runner.py:77} INFO - Job 820: Subtask yryrty.yryrty_get_data
[2022-03-14 12:05:21,335] {logging_mixin.py:109} INFO - Running <TaskInstance: tutorial.yryrty.yryrty_get_data scheduled__2022-03-13T12:04:19.461189+00:00 [running]> on host ff48034dfdbf
[2022-03-14 12:05:21,458] {taskinstance.py:1426} INFO - Exporting the following env vars:
AIRFLOW_CTX_DAG_EMAIL=***@example.com
AIRFLOW_CTX_DAG_OWNER=***
AIRFLOW_CTX_DAG_ID=tutorial
AIRFLOW_CTX_TASK_ID=yryrty.yryrty_get_data
AIRFLOW_CTX_EXECUTION_DATE=2022-03-13T12:04:19.461189+00:00
AIRFLOW_CTX_DAG_RUN_ID=scheduled__2022-03-13T12:04:19.461189+00:00
[2022-03-14 12:06:21,447] {python.py:175} INFO - Done. Returned value was: None
[2022-03-14 12:06:21,468] {taskinstance.py:1277} INFO - Marking task as SUCCESS. dag_id=tutorial, task_id=yryrty.yryrty_get_data, execution_date=20220313T120419, start_date=20220314T120521, end_date=20220314T120621
[2022-03-14 12:06:21,527] {local_task_job.py:154} INFO - Task exited with return code 0
[2022-03-14 12:06:21,588] {local_task_job.py:264} INFO - 1 downstream tasks scheduled from follow-on schedule check
