[2022-03-05 10:26:48,909] {taskinstance.py:1032} INFO - Dependencies all met for <TaskInstance: tutorial.wcccw.wcccw_proccess_data scheduled__2022-03-02T21:51:17.549420+00:00 [queued]>
[2022-03-05 10:26:48,934] {taskinstance.py:1032} INFO - Dependencies all met for <TaskInstance: tutorial.wcccw.wcccw_proccess_data scheduled__2022-03-02T21:51:17.549420+00:00 [queued]>
[2022-03-05 10:26:48,936] {taskinstance.py:1238} INFO - 
--------------------------------------------------------------------------------
[2022-03-05 10:26:48,938] {taskinstance.py:1239} INFO - Starting attempt 1 of 2
[2022-03-05 10:26:48,939] {taskinstance.py:1240} INFO - 
--------------------------------------------------------------------------------
[2022-03-05 10:26:48,966] {taskinstance.py:1259} INFO - Executing <Task(PythonOperator): wcccw.wcccw_proccess_data> on 2022-03-02 21:51:17.549420+00:00
[2022-03-05 10:26:48,974] {standard_task_runner.py:52} INFO - Started process 275 to run task
[2022-03-05 10:26:48,961] {standard_task_runner.py:76} INFO - Running: ['***', 'tasks', 'run', 'tutorial', 'wcccw.wcccw_proccess_data', 'scheduled__2022-03-02T21:51:17.549420+00:00', '--job-id', '511', '--raw', '--subdir', 'DAGS_FOLDER/test_dag.py', '--cfg-path', '/tmp/tmp64b1qq_c', '--error-file', '/tmp/tmpaijjx9b1']
[2022-03-05 10:26:48,962] {standard_task_runner.py:77} INFO - Job 511: Subtask wcccw.wcccw_proccess_data
[2022-03-05 10:26:49,077] {logging_mixin.py:109} INFO - Running <TaskInstance: tutorial.wcccw.wcccw_proccess_data scheduled__2022-03-02T21:51:17.549420+00:00 [running]> on host ff48034dfdbf
[2022-03-05 10:26:49,142] {taskinstance.py:1426} INFO - Exporting the following env vars:
AIRFLOW_CTX_DAG_EMAIL=***@example.com
AIRFLOW_CTX_DAG_OWNER=***
AIRFLOW_CTX_DAG_ID=tutorial
AIRFLOW_CTX_TASK_ID=wcccw.wcccw_proccess_data
AIRFLOW_CTX_EXECUTION_DATE=2022-03-02T21:51:17.549420+00:00
AIRFLOW_CTX_DAG_RUN_ID=scheduled__2022-03-02T21:51:17.549420+00:00
[2022-03-05 10:27:49,161] {python.py:175} INFO - Done. Returned value was: None
[2022-03-05 10:27:49,175] {taskinstance.py:1277} INFO - Marking task as SUCCESS. dag_id=tutorial, task_id=wcccw.wcccw_proccess_data, execution_date=20220302T215117, start_date=20220305T102648, end_date=20220305T102749
[2022-03-05 10:27:49,210] {local_task_job.py:154} INFO - Task exited with return code 0
[2022-03-05 10:27:49,251] {local_task_job.py:264} INFO - 1 downstream tasks scheduled from follow-on schedule check
