[2022-03-14 12:01:15,433] {taskinstance.py:1032} INFO - Dependencies all met for <TaskInstance: tutorial.wcccw.wcccw_get_data scheduled__2022-03-13T12:00:13.316065+00:00 [queued]>
[2022-03-14 12:01:15,453] {taskinstance.py:1032} INFO - Dependencies all met for <TaskInstance: tutorial.wcccw.wcccw_get_data scheduled__2022-03-13T12:00:13.316065+00:00 [queued]>
[2022-03-14 12:01:15,454] {taskinstance.py:1238} INFO - 
--------------------------------------------------------------------------------
[2022-03-14 12:01:15,455] {taskinstance.py:1239} INFO - Starting attempt 1 of 2
[2022-03-14 12:01:15,456] {taskinstance.py:1240} INFO - 
--------------------------------------------------------------------------------
[2022-03-14 12:01:15,474] {taskinstance.py:1259} INFO - Executing <Task(PythonOperator): wcccw.wcccw_get_data> on 2022-03-13 12:00:13.316065+00:00
[2022-03-14 12:01:15,480] {standard_task_runner.py:52} INFO - Started process 633 to run task
[2022-03-14 12:01:15,486] {standard_task_runner.py:76} INFO - Running: ['***', 'tasks', 'run', 'tutorial', 'wcccw.wcccw_get_data', 'scheduled__2022-03-13T12:00:13.316065+00:00', '--job-id', '777', '--raw', '--subdir', 'DAGS_FOLDER/test_dag.py', '--cfg-path', '/tmp/tmp5arqwjpd', '--error-file', '/tmp/tmpa4ora_n_']
[2022-03-14 12:01:15,487] {standard_task_runner.py:77} INFO - Job 777: Subtask wcccw.wcccw_get_data
[2022-03-14 12:01:15,606] {logging_mixin.py:109} INFO - Running <TaskInstance: tutorial.wcccw.wcccw_get_data scheduled__2022-03-13T12:00:13.316065+00:00 [running]> on host ff48034dfdbf
[2022-03-14 12:01:15,728] {taskinstance.py:1426} INFO - Exporting the following env vars:
AIRFLOW_CTX_DAG_EMAIL=***@example.com
AIRFLOW_CTX_DAG_OWNER=***
AIRFLOW_CTX_DAG_ID=tutorial
AIRFLOW_CTX_TASK_ID=wcccw.wcccw_get_data
AIRFLOW_CTX_EXECUTION_DATE=2022-03-13T12:00:13.316065+00:00
AIRFLOW_CTX_DAG_RUN_ID=scheduled__2022-03-13T12:00:13.316065+00:00
[2022-03-14 12:02:15,748] {python.py:175} INFO - Done. Returned value was: None
[2022-03-14 12:02:15,763] {taskinstance.py:1277} INFO - Marking task as SUCCESS. dag_id=tutorial, task_id=wcccw.wcccw_get_data, execution_date=20220313T120013, start_date=20220314T120115, end_date=20220314T120215
[2022-03-14 12:02:15,794] {local_task_job.py:154} INFO - Task exited with return code 0
[2022-03-14 12:02:15,842] {local_task_job.py:264} INFO - 1 downstream tasks scheduled from follow-on schedule check
