[2022-03-15 16:41:36,863] {taskinstance.py:1032} INFO - Dependencies all met for <TaskInstance: tutorial.jghjg.jghjg_proccess_data scheduled__2022-03-14T12:05:20.517459+00:00 [queued]>
[2022-03-15 16:41:36,893] {taskinstance.py:1032} INFO - Dependencies all met for <TaskInstance: tutorial.jghjg.jghjg_proccess_data scheduled__2022-03-14T12:05:20.517459+00:00 [queued]>
[2022-03-15 16:41:36,894] {taskinstance.py:1238} INFO - 
--------------------------------------------------------------------------------
[2022-03-15 16:41:36,896] {taskinstance.py:1239} INFO - Starting attempt 1 of 2
[2022-03-15 16:41:36,897] {taskinstance.py:1240} INFO - 
--------------------------------------------------------------------------------
[2022-03-15 16:41:36,926] {taskinstance.py:1259} INFO - Executing <Task(PythonOperator): jghjg.jghjg_proccess_data> on 2022-03-14 12:05:20.517459+00:00
[2022-03-15 16:41:36,935] {standard_task_runner.py:52} INFO - Started process 149 to run task
[2022-03-15 16:41:36,943] {standard_task_runner.py:76} INFO - Running: ['***', 'tasks', 'run', 'tutorial', 'jghjg.jghjg_proccess_data', 'scheduled__2022-03-14T12:05:20.517459+00:00', '--job-id', '924', '--raw', '--subdir', 'DAGS_FOLDER/test_dag.py', '--cfg-path', '/tmp/tmpckcunvpk', '--error-file', '/tmp/tmpjcbwzasx']
[2022-03-15 16:41:36,945] {standard_task_runner.py:77} INFO - Job 924: Subtask jghjg.jghjg_proccess_data
[2022-03-15 16:41:37,094] {logging_mixin.py:109} INFO - Running <TaskInstance: tutorial.jghjg.jghjg_proccess_data scheduled__2022-03-14T12:05:20.517459+00:00 [running]> on host ff48034dfdbf
[2022-03-15 16:41:37,222] {taskinstance.py:1426} INFO - Exporting the following env vars:
AIRFLOW_CTX_DAG_EMAIL=***@example.com
AIRFLOW_CTX_DAG_OWNER=***
AIRFLOW_CTX_DAG_ID=tutorial
AIRFLOW_CTX_TASK_ID=jghjg.jghjg_proccess_data
AIRFLOW_CTX_EXECUTION_DATE=2022-03-14T12:05:20.517459+00:00
AIRFLOW_CTX_DAG_RUN_ID=scheduled__2022-03-14T12:05:20.517459+00:00
[2022-03-15 16:42:37,234] {python.py:175} INFO - Done. Returned value was: None
[2022-03-15 16:42:37,501] {taskinstance.py:1277} INFO - Marking task as SUCCESS. dag_id=tutorial, task_id=jghjg.jghjg_proccess_data, execution_date=20220314T120520, start_date=20220315T164136, end_date=20220315T164237
[2022-03-15 16:42:37,559] {local_task_job.py:154} INFO - Task exited with return code 0
[2022-03-15 16:42:37,646] {local_task_job.py:264} INFO - 1 downstream tasks scheduled from follow-on schedule check
