[2022-02-27 17:19:56,321] {taskinstance.py:1032} INFO - Dependencies all met for <TaskInstance: tutorial.pre.pre_proccess_data scheduled__2022-02-25T21:44:04.431894+00:00 [queued]>
[2022-02-27 17:19:56,338] {taskinstance.py:1032} INFO - Dependencies all met for <TaskInstance: tutorial.pre.pre_proccess_data scheduled__2022-02-25T21:44:04.431894+00:00 [queued]>
[2022-02-27 17:19:56,339] {taskinstance.py:1238} INFO - 
--------------------------------------------------------------------------------
[2022-02-27 17:19:56,340] {taskinstance.py:1239} INFO - Starting attempt 1 of 2
[2022-02-27 17:19:56,341] {taskinstance.py:1240} INFO - 
--------------------------------------------------------------------------------
[2022-02-27 17:19:56,365] {taskinstance.py:1259} INFO - Executing <Task(PythonOperator): pre.pre_proccess_data> on 2022-02-25 21:44:04.431894+00:00
[2022-02-27 17:19:56,372] {standard_task_runner.py:52} INFO - Started process 199 to run task
[2022-02-27 17:19:56,379] {standard_task_runner.py:76} INFO - Running: ['***', 'tasks', 'run', 'tutorial', 'pre.pre_proccess_data', 'scheduled__2022-02-25T21:44:04.431894+00:00', '--job-id', '310', '--raw', '--subdir', 'DAGS_FOLDER/test_dag.py', '--cfg-path', '/tmp/tmp8q0kh8nx', '--error-file', '/tmp/tmpeytg7nsg']
[2022-02-27 17:19:56,382] {standard_task_runner.py:77} INFO - Job 310: Subtask pre.pre_proccess_data
[2022-02-27 17:19:56,526] {logging_mixin.py:109} INFO - Running <TaskInstance: tutorial.pre.pre_proccess_data scheduled__2022-02-25T21:44:04.431894+00:00 [running]> on host ff48034dfdbf
[2022-02-27 17:19:56,679] {taskinstance.py:1426} INFO - Exporting the following env vars:
AIRFLOW_CTX_DAG_EMAIL=***@example.com
AIRFLOW_CTX_DAG_OWNER=***
AIRFLOW_CTX_DAG_ID=tutorial
AIRFLOW_CTX_TASK_ID=pre.pre_proccess_data
AIRFLOW_CTX_EXECUTION_DATE=2022-02-25T21:44:04.431894+00:00
AIRFLOW_CTX_DAG_RUN_ID=scheduled__2022-02-25T21:44:04.431894+00:00
[2022-02-27 17:20:56,699] {python.py:175} INFO - Done. Returned value was: None
[2022-02-27 17:20:56,712] {taskinstance.py:1277} INFO - Marking task as SUCCESS. dag_id=tutorial, task_id=pre.pre_proccess_data, execution_date=20220225T214404, start_date=20220227T171956, end_date=20220227T172056
[2022-02-27 17:20:56,769] {local_task_job.py:154} INFO - Task exited with return code 0
[2022-02-27 17:20:56,808] {local_task_job.py:264} INFO - 1 downstream tasks scheduled from follow-on schedule check
