[2022-03-05 10:31:55,045] {taskinstance.py:1032} INFO - Dependencies all met for <TaskInstance: tutorial.hfghfg.hfghfg_get_data scheduled__2022-03-04T10:29:52.784989+00:00 [queued]>
[2022-03-05 10:31:55,079] {taskinstance.py:1032} INFO - Dependencies all met for <TaskInstance: tutorial.hfghfg.hfghfg_get_data scheduled__2022-03-04T10:29:52.784989+00:00 [queued]>
[2022-03-05 10:31:55,080] {taskinstance.py:1238} INFO - 
--------------------------------------------------------------------------------
[2022-03-05 10:31:55,081] {taskinstance.py:1239} INFO - Starting attempt 1 of 2
[2022-03-05 10:31:55,083] {taskinstance.py:1240} INFO - 
--------------------------------------------------------------------------------
[2022-03-05 10:31:55,108] {taskinstance.py:1259} INFO - Executing <Task(PythonOperator): hfghfg.hfghfg_get_data> on 2022-03-04 10:29:52.784989+00:00
[2022-03-05 10:31:55,116] {standard_task_runner.py:52} INFO - Started process 590 to run task
[2022-03-05 10:31:55,122] {standard_task_runner.py:76} INFO - Running: ['***', 'tasks', 'run', 'tutorial', 'hfghfg.hfghfg_get_data', 'scheduled__2022-03-04T10:29:52.784989+00:00', '--job-id', '556', '--raw', '--subdir', 'DAGS_FOLDER/test_dag.py', '--cfg-path', '/tmp/tmpbv_yglip', '--error-file', '/tmp/tmpc46z1qij']
[2022-03-05 10:31:55,123] {standard_task_runner.py:77} INFO - Job 556: Subtask hfghfg.hfghfg_get_data
[2022-03-05 10:31:55,208] {logging_mixin.py:109} INFO - Running <TaskInstance: tutorial.hfghfg.hfghfg_get_data scheduled__2022-03-04T10:29:52.784989+00:00 [running]> on host ff48034dfdbf
[2022-03-05 10:31:55,302] {taskinstance.py:1426} INFO - Exporting the following env vars:
AIRFLOW_CTX_DAG_EMAIL=***@example.com
AIRFLOW_CTX_DAG_OWNER=***
AIRFLOW_CTX_DAG_ID=tutorial
AIRFLOW_CTX_TASK_ID=hfghfg.hfghfg_get_data
AIRFLOW_CTX_EXECUTION_DATE=2022-03-04T10:29:52.784989+00:00
AIRFLOW_CTX_DAG_RUN_ID=scheduled__2022-03-04T10:29:52.784989+00:00
[2022-03-05 10:32:55,322] {python.py:175} INFO - Done. Returned value was: None
[2022-03-05 10:32:55,336] {taskinstance.py:1277} INFO - Marking task as SUCCESS. dag_id=tutorial, task_id=hfghfg.hfghfg_get_data, execution_date=20220304T102952, start_date=20220305T103155, end_date=20220305T103255
[2022-03-05 10:32:55,384] {local_task_job.py:154} INFO - Task exited with return code 0
[2022-03-05 10:32:55,422] {local_task_job.py:264} INFO - 1 downstream tasks scheduled from follow-on schedule check
