[2022-03-14 12:07:24,822] {taskinstance.py:1032} INFO - Dependencies all met for <TaskInstance: tutorial.yryrty.yryrty_proccess_data scheduled__2022-03-13T12:04:19.461189+00:00 [queued]>
[2022-03-14 12:07:24,847] {taskinstance.py:1032} INFO - Dependencies all met for <TaskInstance: tutorial.yryrty.yryrty_proccess_data scheduled__2022-03-13T12:04:19.461189+00:00 [queued]>
[2022-03-14 12:07:24,849] {taskinstance.py:1238} INFO - 
--------------------------------------------------------------------------------
[2022-03-14 12:07:24,850] {taskinstance.py:1239} INFO - Starting attempt 1 of 2
[2022-03-14 12:07:24,851] {taskinstance.py:1240} INFO - 
--------------------------------------------------------------------------------
[2022-03-14 12:07:24,873] {taskinstance.py:1259} INFO - Executing <Task(PythonOperator): yryrty.yryrty_proccess_data> on 2022-03-13 12:04:19.461189+00:00
[2022-03-14 12:07:24,879] {standard_task_runner.py:52} INFO - Started process 1010 to run task
[2022-03-14 12:07:24,886] {standard_task_runner.py:76} INFO - Running: ['***', 'tasks', 'run', 'tutorial', 'yryrty.yryrty_proccess_data', 'scheduled__2022-03-13T12:04:19.461189+00:00', '--job-id', '842', '--raw', '--subdir', 'DAGS_FOLDER/test_dag.py', '--cfg-path', '/tmp/tmpcbjiqvq7', '--error-file', '/tmp/tmpjooyyzqm']
[2022-03-14 12:07:24,887] {standard_task_runner.py:77} INFO - Job 842: Subtask yryrty.yryrty_proccess_data
[2022-03-14 12:07:25,003] {logging_mixin.py:109} INFO - Running <TaskInstance: tutorial.yryrty.yryrty_proccess_data scheduled__2022-03-13T12:04:19.461189+00:00 [running]> on host ff48034dfdbf
[2022-03-14 12:07:25,095] {taskinstance.py:1426} INFO - Exporting the following env vars:
AIRFLOW_CTX_DAG_EMAIL=***@example.com
AIRFLOW_CTX_DAG_OWNER=***
AIRFLOW_CTX_DAG_ID=tutorial
AIRFLOW_CTX_TASK_ID=yryrty.yryrty_proccess_data
AIRFLOW_CTX_EXECUTION_DATE=2022-03-13T12:04:19.461189+00:00
AIRFLOW_CTX_DAG_RUN_ID=scheduled__2022-03-13T12:04:19.461189+00:00
[2022-03-14 12:08:25,114] {python.py:175} INFO - Done. Returned value was: None
[2022-03-14 12:08:25,145] {taskinstance.py:1277} INFO - Marking task as SUCCESS. dag_id=tutorial, task_id=yryrty.yryrty_proccess_data, execution_date=20220313T120419, start_date=20220314T120724, end_date=20220314T120825
[2022-03-14 12:08:25,209] {local_task_job.py:154} INFO - Task exited with return code 0
[2022-03-14 12:08:25,251] {local_task_job.py:264} INFO - 1 downstream tasks scheduled from follow-on schedule check
