[2022-03-15 16:41:35,772] {taskinstance.py:1032} INFO - Dependencies all met for <TaskInstance: tutorial.eaeaz.eaeaz_get_data scheduled__2022-03-14T12:05:20.517459+00:00 [queued]>
[2022-03-15 16:41:35,805] {taskinstance.py:1032} INFO - Dependencies all met for <TaskInstance: tutorial.eaeaz.eaeaz_get_data scheduled__2022-03-14T12:05:20.517459+00:00 [queued]>
[2022-03-15 16:41:35,806] {taskinstance.py:1238} INFO - 
--------------------------------------------------------------------------------
[2022-03-15 16:41:35,808] {taskinstance.py:1239} INFO - Starting attempt 1 of 2
[2022-03-15 16:41:35,810] {taskinstance.py:1240} INFO - 
--------------------------------------------------------------------------------
[2022-03-15 16:41:35,839] {taskinstance.py:1259} INFO - Executing <Task(PythonOperator): eaeaz.eaeaz_get_data> on 2022-03-14 12:05:20.517459+00:00
[2022-03-15 16:41:35,848] {standard_task_runner.py:52} INFO - Started process 142 to run task
[2022-03-15 16:41:35,858] {standard_task_runner.py:76} INFO - Running: ['***', 'tasks', 'run', 'tutorial', 'eaeaz.eaeaz_get_data', 'scheduled__2022-03-14T12:05:20.517459+00:00', '--job-id', '920', '--raw', '--subdir', 'DAGS_FOLDER/test_dag.py', '--cfg-path', '/tmp/tmp93fvcwdo', '--error-file', '/tmp/tmphi345t71']
[2022-03-15 16:41:35,863] {standard_task_runner.py:77} INFO - Job 920: Subtask eaeaz.eaeaz_get_data
[2022-03-15 16:41:36,066] {logging_mixin.py:109} INFO - Running <TaskInstance: tutorial.eaeaz.eaeaz_get_data scheduled__2022-03-14T12:05:20.517459+00:00 [running]> on host ff48034dfdbf
[2022-03-15 16:41:36,253] {taskinstance.py:1426} INFO - Exporting the following env vars:
AIRFLOW_CTX_DAG_EMAIL=***@example.com
AIRFLOW_CTX_DAG_OWNER=***
AIRFLOW_CTX_DAG_ID=tutorial
AIRFLOW_CTX_TASK_ID=eaeaz.eaeaz_get_data
AIRFLOW_CTX_EXECUTION_DATE=2022-03-14T12:05:20.517459+00:00
AIRFLOW_CTX_DAG_RUN_ID=scheduled__2022-03-14T12:05:20.517459+00:00
[2022-03-15 16:42:36,223] {python.py:175} INFO - Done. Returned value was: None
[2022-03-15 16:42:36,241] {taskinstance.py:1277} INFO - Marking task as SUCCESS. dag_id=tutorial, task_id=eaeaz.eaeaz_get_data, execution_date=20220314T120520, start_date=20220315T164135, end_date=20220315T164236
[2022-03-15 16:42:36,269] {local_task_job.py:154} INFO - Task exited with return code 0
[2022-03-15 16:42:36,321] {local_task_job.py:264} INFO - 1 downstream tasks scheduled from follow-on schedule check
