[2022-03-05 10:33:57,956] {taskinstance.py:1032} INFO - Dependencies all met for <TaskInstance: tutorial.eaeaz.eaeaz_print_proccesed_data scheduled__2022-03-04T10:29:52.784989+00:00 [queued]>
[2022-03-05 10:33:57,974] {taskinstance.py:1032} INFO - Dependencies all met for <TaskInstance: tutorial.eaeaz.eaeaz_print_proccesed_data scheduled__2022-03-04T10:29:52.784989+00:00 [queued]>
[2022-03-05 10:33:57,975] {taskinstance.py:1238} INFO - 
--------------------------------------------------------------------------------
[2022-03-05 10:33:57,976] {taskinstance.py:1239} INFO - Starting attempt 1 of 2
[2022-03-05 10:33:57,976] {taskinstance.py:1240} INFO - 
--------------------------------------------------------------------------------
[2022-03-05 10:33:57,990] {taskinstance.py:1259} INFO - Executing <Task(PythonOperator): eaeaz.eaeaz_print_proccesed_data> on 2022-03-04 10:29:52.784989+00:00
[2022-03-05 10:33:57,994] {standard_task_runner.py:52} INFO - Started process 718 to run task
[2022-03-05 10:33:57,998] {standard_task_runner.py:76} INFO - Running: ['***', 'tasks', 'run', 'tutorial', 'eaeaz.eaeaz_print_proccesed_data', 'scheduled__2022-03-04T10:29:52.784989+00:00', '--job-id', '581', '--raw', '--subdir', 'DAGS_FOLDER/test_dag.py', '--cfg-path', '/tmp/tmp7zgf5eov', '--error-file', '/tmp/tmpsau60x7l']
[2022-03-05 10:33:57,999] {standard_task_runner.py:77} INFO - Job 581: Subtask eaeaz.eaeaz_print_proccesed_data
[2022-03-05 10:33:58,069] {logging_mixin.py:109} INFO - Running <TaskInstance: tutorial.eaeaz.eaeaz_print_proccesed_data scheduled__2022-03-04T10:29:52.784989+00:00 [running]> on host ff48034dfdbf
[2022-03-05 10:33:58,142] {taskinstance.py:1426} INFO - Exporting the following env vars:
AIRFLOW_CTX_DAG_EMAIL=***@example.com
AIRFLOW_CTX_DAG_OWNER=***
AIRFLOW_CTX_DAG_ID=tutorial
AIRFLOW_CTX_TASK_ID=eaeaz.eaeaz_print_proccesed_data
AIRFLOW_CTX_EXECUTION_DATE=2022-03-04T10:29:52.784989+00:00
AIRFLOW_CTX_DAG_RUN_ID=scheduled__2022-03-04T10:29:52.784989+00:00
[2022-03-05 10:34:58,162] {python.py:175} INFO - Done. Returned value was: None
[2022-03-05 10:34:58,174] {taskinstance.py:1277} INFO - Marking task as SUCCESS. dag_id=tutorial, task_id=eaeaz.eaeaz_print_proccesed_data, execution_date=20220304T102952, start_date=20220305T103357, end_date=20220305T103458
[2022-03-05 10:34:58,225] {local_task_job.py:154} INFO - Task exited with return code 0
[2022-03-05 10:34:58,260] {local_task_job.py:264} INFO - 0 downstream tasks scheduled from follow-on schedule check
