[2022-04-28 16:00:57,303] {taskinstance.py:1032} INFO - Dependencies all met for <TaskInstance: cdn_daily.import_bsre.check_status_of_bsre.alm manual__2022-04-28T15:55:51.992066+00:00 [queued]>
[2022-04-28 16:00:57,323] {taskinstance.py:1032} INFO - Dependencies all met for <TaskInstance: cdn_daily.import_bsre.check_status_of_bsre.alm manual__2022-04-28T15:55:51.992066+00:00 [queued]>
[2022-04-28 16:00:57,325] {taskinstance.py:1238} INFO - 
--------------------------------------------------------------------------------
[2022-04-28 16:00:57,326] {taskinstance.py:1239} INFO - Starting attempt 2 of 2
[2022-04-28 16:00:57,328] {taskinstance.py:1240} INFO - 
--------------------------------------------------------------------------------
[2022-04-28 16:00:57,346] {taskinstance.py:1259} INFO - Executing <Task(PythonOperator): import_bsre.check_status_of_bsre.alm> on 2022-04-28 15:55:51.992066+00:00
[2022-04-28 16:00:57,353] {standard_task_runner.py:52} INFO - Started process 2894 to run task
[2022-04-28 16:00:57,358] {standard_task_runner.py:76} INFO - Running: ['***', 'tasks', 'run', 'cdn_daily', 'import_bsre.check_status_of_bsre.alm', 'manual__2022-04-28T15:55:51.992066+00:00', '--job-id', '1546', '--raw', '--subdir', 'DAGS_FOLDER/cdn_daily.py', '--cfg-path', '/tmp/tmpjqd30lw4', '--error-file', '/tmp/tmp7m1uyn4t']
[2022-04-28 16:00:57,360] {standard_task_runner.py:77} INFO - Job 1546: Subtask import_bsre.check_status_of_bsre.alm
[2022-04-28 16:00:57,464] {logging_mixin.py:109} INFO - Running <TaskInstance: cdn_daily.import_bsre.check_status_of_bsre.alm manual__2022-04-28T15:55:51.992066+00:00 [running]> on host d5ad096ffea5
[2022-04-28 16:00:57,574] {taskinstance.py:1426} INFO - Exporting the following env vars:
AIRFLOW_CTX_DAG_EMAIL=***@example.com
AIRFLOW_CTX_DAG_OWNER=***
AIRFLOW_CTX_DAG_ID=cdn_daily
AIRFLOW_CTX_TASK_ID=import_bsre.check_status_of_bsre.alm
AIRFLOW_CTX_EXECUTION_DATE=2022-04-28T15:55:51.992066+00:00
AIRFLOW_CTX_DAG_RUN_ID=manual__2022-04-28T15:55:51.992066+00:00
[2022-04-28 16:00:57,577] {logging_mixin.py:109} INFO - run_bsre.alm
[2022-04-28 16:00:57,595] {logging_mixin.py:109} INFO - None
[2022-04-28 16:00:57,608] {logging_mixin.py:109} INFO - None
[2022-04-28 16:00:57,621] {logging_mixin.py:109} INFO - None
[2022-04-28 16:00:57,623] {taskinstance.py:1700} ERROR - Task failed with exception
Traceback (most recent call last):
  File "/home/airflow/.local/lib/python3.7/site-packages/airflow/models/taskinstance.py", line 1329, in _run_raw_task
    self._execute_task_with_callbacks(context)
  File "/home/airflow/.local/lib/python3.7/site-packages/airflow/models/taskinstance.py", line 1455, in _execute_task_with_callbacks
    result = self._execute_task(context, self.task)
  File "/home/airflow/.local/lib/python3.7/site-packages/airflow/models/taskinstance.py", line 1511, in _execute_task
    result = execute_callable(context=context)
  File "/home/airflow/.local/lib/python3.7/site-packages/airflow/operators/python.py", line 174, in execute
    return_value = self.execute_callable()
  File "/home/airflow/.local/lib/python3.7/site-packages/airflow/operators/python.py", line 185, in execute_callable
    return self.python_callable(*self.op_args, **self.op_kwargs)
  File "/opt/airflow/dags/commons/cdn_daily_functions.py", line 18, in status_check
    time.sleep(int(pause))
TypeError: int() argument must be a string, a bytes-like object or a number, not 'NoneType'
[2022-04-28 16:00:57,647] {taskinstance.py:1277} INFO - Marking task as FAILED. dag_id=cdn_daily, task_id=import_bsre.check_status_of_bsre.alm, execution_date=20220428T155551, start_date=20220428T160057, end_date=20220428T160057
[2022-04-28 16:00:57,664] {standard_task_runner.py:92} ERROR - Failed to execute job 1546 for task import_bsre.check_status_of_bsre.alm
Traceback (most recent call last):
  File "/home/airflow/.local/lib/python3.7/site-packages/airflow/task/task_runner/standard_task_runner.py", line 85, in _start_by_fork
    args.func(args, dag=self.dag)
  File "/home/airflow/.local/lib/python3.7/site-packages/airflow/cli/cli_parser.py", line 48, in command
    return func(*args, **kwargs)
  File "/home/airflow/.local/lib/python3.7/site-packages/airflow/utils/cli.py", line 92, in wrapper
    return f(*args, **kwargs)
  File "/home/airflow/.local/lib/python3.7/site-packages/airflow/cli/commands/task_command.py", line 298, in task_run
    _run_task_by_selected_method(args, dag, ti)
  File "/home/airflow/.local/lib/python3.7/site-packages/airflow/cli/commands/task_command.py", line 107, in _run_task_by_selected_method
    _run_raw_task(args, ti)
  File "/home/airflow/.local/lib/python3.7/site-packages/airflow/cli/commands/task_command.py", line 184, in _run_raw_task
    error_file=args.error_file,
  File "/home/airflow/.local/lib/python3.7/site-packages/airflow/utils/session.py", line 70, in wrapper
    return func(*args, session=session, **kwargs)
  File "/home/airflow/.local/lib/python3.7/site-packages/airflow/models/taskinstance.py", line 1329, in _run_raw_task
    self._execute_task_with_callbacks(context)
  File "/home/airflow/.local/lib/python3.7/site-packages/airflow/models/taskinstance.py", line 1455, in _execute_task_with_callbacks
    result = self._execute_task(context, self.task)
  File "/home/airflow/.local/lib/python3.7/site-packages/airflow/models/taskinstance.py", line 1511, in _execute_task
    result = execute_callable(context=context)
  File "/home/airflow/.local/lib/python3.7/site-packages/airflow/operators/python.py", line 174, in execute
    return_value = self.execute_callable()
  File "/home/airflow/.local/lib/python3.7/site-packages/airflow/operators/python.py", line 185, in execute_callable
    return self.python_callable(*self.op_args, **self.op_kwargs)
  File "/opt/airflow/dags/commons/cdn_daily_functions.py", line 18, in status_check
    time.sleep(int(pause))
TypeError: int() argument must be a string, a bytes-like object or a number, not 'NoneType'
[2022-04-28 16:00:57,694] {local_task_job.py:154} INFO - Task exited with return code 1
[2022-04-28 16:00:57,739] {local_task_job.py:264} INFO - 0 downstream tasks scheduled from follow-on schedule check
