[2022-03-28 13:17:32,442] {taskinstance.py:1032} INFO - Dependencies all met for <TaskInstance: tutorial.eaeaz.eaeaz_print_proccesed_data scheduled__2022-03-27T12:54:27.698780+00:00 [queued]>
[2022-03-28 13:17:32,465] {taskinstance.py:1032} INFO - Dependencies all met for <TaskInstance: tutorial.eaeaz.eaeaz_print_proccesed_data scheduled__2022-03-27T12:54:27.698780+00:00 [queued]>
[2022-03-28 13:17:32,467] {taskinstance.py:1238} INFO - 
--------------------------------------------------------------------------------
[2022-03-28 13:17:32,469] {taskinstance.py:1239} INFO - Starting attempt 1 of 2
[2022-03-28 13:17:32,471] {taskinstance.py:1240} INFO - 
--------------------------------------------------------------------------------
[2022-03-28 13:17:32,492] {taskinstance.py:1259} INFO - Executing <Task(PythonOperator): eaeaz.eaeaz_print_proccesed_data> on 2022-03-27 12:54:27.698780+00:00
[2022-03-28 13:17:32,499] {standard_task_runner.py:52} INFO - Started process 578 to run task
[2022-03-28 13:17:32,506] {standard_task_runner.py:76} INFO - Running: ['***', 'tasks', 'run', 'tutorial', 'eaeaz.eaeaz_print_proccesed_data', 'scheduled__2022-03-27T12:54:27.698780+00:00', '--job-id', '1036', '--raw', '--subdir', 'DAGS_FOLDER/test_dag.py', '--cfg-path', '/tmp/tmpp1yjv15i', '--error-file', '/tmp/tmppew7d6wa']
[2022-03-28 13:17:32,509] {standard_task_runner.py:77} INFO - Job 1036: Subtask eaeaz.eaeaz_print_proccesed_data
[2022-03-28 13:17:32,622] {logging_mixin.py:109} INFO - Running <TaskInstance: tutorial.eaeaz.eaeaz_print_proccesed_data scheduled__2022-03-27T12:54:27.698780+00:00 [running]> on host ff48034dfdbf
[2022-03-28 13:17:32,703] {taskinstance.py:1426} INFO - Exporting the following env vars:
AIRFLOW_CTX_DAG_EMAIL=***@example.com
AIRFLOW_CTX_DAG_OWNER=***
AIRFLOW_CTX_DAG_ID=tutorial
AIRFLOW_CTX_TASK_ID=eaeaz.eaeaz_print_proccesed_data
AIRFLOW_CTX_EXECUTION_DATE=2022-03-27T12:54:27.698780+00:00
AIRFLOW_CTX_DAG_RUN_ID=scheduled__2022-03-27T12:54:27.698780+00:00
[2022-03-28 13:18:32,664] {python.py:175} INFO - Done. Returned value was: None
[2022-03-28 13:18:32,687] {taskinstance.py:1277} INFO - Marking task as SUCCESS. dag_id=tutorial, task_id=eaeaz.eaeaz_print_proccesed_data, execution_date=20220327T125427, start_date=20220328T131732, end_date=20220328T131832
[2022-03-28 13:18:32,722] {local_task_job.py:154} INFO - Task exited with return code 0
[2022-03-28 13:18:32,762] {local_task_job.py:264} INFO - 0 downstream tasks scheduled from follow-on schedule check
