[2022-03-14 11:59:13,119] {taskinstance.py:1032} INFO - Dependencies all met for <TaskInstance: tutorial.jghjg.jghjg_print_proccesed_data scheduled__2022-03-08T18:13:06.710203+00:00 [queued]>
[2022-03-14 11:59:13,138] {taskinstance.py:1032} INFO - Dependencies all met for <TaskInstance: tutorial.jghjg.jghjg_print_proccesed_data scheduled__2022-03-08T18:13:06.710203+00:00 [queued]>
[2022-03-14 11:59:13,139] {taskinstance.py:1238} INFO - 
--------------------------------------------------------------------------------
[2022-03-14 11:59:13,141] {taskinstance.py:1239} INFO - Starting attempt 1 of 2
[2022-03-14 11:59:13,141] {taskinstance.py:1240} INFO - 
--------------------------------------------------------------------------------
[2022-03-14 11:59:13,159] {taskinstance.py:1259} INFO - Executing <Task(PythonOperator): jghjg.jghjg_print_proccesed_data> on 2022-03-08 18:13:06.710203+00:00
[2022-03-14 11:59:13,166] {standard_task_runner.py:52} INFO - Started process 526 to run task
[2022-03-14 11:59:13,171] {standard_task_runner.py:76} INFO - Running: ['***', 'tasks', 'run', 'tutorial', 'jghjg.jghjg_print_proccesed_data', 'scheduled__2022-03-08T18:13:06.710203+00:00', '--job-id', '763', '--raw', '--subdir', 'DAGS_FOLDER/test_dag.py', '--cfg-path', '/tmp/tmpw65m3tms', '--error-file', '/tmp/tmpui8s8xa9']
[2022-03-14 11:59:13,173] {standard_task_runner.py:77} INFO - Job 763: Subtask jghjg.jghjg_print_proccesed_data
[2022-03-14 11:59:13,260] {logging_mixin.py:109} INFO - Running <TaskInstance: tutorial.jghjg.jghjg_print_proccesed_data scheduled__2022-03-08T18:13:06.710203+00:00 [running]> on host ff48034dfdbf
[2022-03-14 11:59:13,333] {taskinstance.py:1426} INFO - Exporting the following env vars:
AIRFLOW_CTX_DAG_EMAIL=***@example.com
AIRFLOW_CTX_DAG_OWNER=***
AIRFLOW_CTX_DAG_ID=tutorial
AIRFLOW_CTX_TASK_ID=jghjg.jghjg_print_proccesed_data
AIRFLOW_CTX_EXECUTION_DATE=2022-03-08T18:13:06.710203+00:00
AIRFLOW_CTX_DAG_RUN_ID=scheduled__2022-03-08T18:13:06.710203+00:00
[2022-03-14 12:00:13,346] {python.py:175} INFO - Done. Returned value was: None
[2022-03-14 12:00:13,650] {taskinstance.py:1277} INFO - Marking task as SUCCESS. dag_id=tutorial, task_id=jghjg.jghjg_print_proccesed_data, execution_date=20220308T181306, start_date=20220314T115913, end_date=20220314T120013
[2022-03-14 12:00:13,715] {local_task_job.py:154} INFO - Task exited with return code 0
[2022-03-14 12:00:13,785] {local_task_job.py:264} INFO - 0 downstream tasks scheduled from follow-on schedule check
