[2022-04-29 15:35:33,969] {taskinstance.py:1032} INFO - Dependencies all met for <TaskInstance: cdn_daily.import_pre.check_status_of_pre manual__2022-04-29T15:30:28.273551+00:00 [queued]>
[2022-04-29 15:35:33,996] {taskinstance.py:1032} INFO - Dependencies all met for <TaskInstance: cdn_daily.import_pre.check_status_of_pre manual__2022-04-29T15:30:28.273551+00:00 [queued]>
[2022-04-29 15:35:34,000] {taskinstance.py:1238} INFO - 
--------------------------------------------------------------------------------
[2022-04-29 15:35:34,002] {taskinstance.py:1239} INFO - Starting attempt 2 of 2
[2022-04-29 15:35:34,004] {taskinstance.py:1240} INFO - 
--------------------------------------------------------------------------------
[2022-04-29 15:35:34,035] {taskinstance.py:1259} INFO - Executing <Task(PythonOperator): import_pre.check_status_of_pre> on 2022-04-29 15:30:28.273551+00:00
[2022-04-29 15:35:34,049] {standard_task_runner.py:52} INFO - Started process 4001 to run task
[2022-04-29 15:35:34,057] {standard_task_runner.py:76} INFO - Running: ['***', 'tasks', 'run', 'cdn_daily', 'import_pre.check_status_of_pre', 'manual__2022-04-29T15:30:28.273551+00:00', '--job-id', '1745', '--raw', '--subdir', 'DAGS_FOLDER/cdn_daily.py', '--cfg-path', '/tmp/tmpriuxso67', '--error-file', '/tmp/tmpvq9jlkc4']
[2022-04-29 15:35:34,060] {standard_task_runner.py:77} INFO - Job 1745: Subtask import_pre.check_status_of_pre
[2022-04-29 15:35:34,236] {logging_mixin.py:109} INFO - Running <TaskInstance: cdn_daily.import_pre.check_status_of_pre manual__2022-04-29T15:30:28.273551+00:00 [running]> on host d5ad096ffea5
[2022-04-29 15:35:34,349] {taskinstance.py:1426} INFO - Exporting the following env vars:
AIRFLOW_CTX_DAG_EMAIL=***@example.com
AIRFLOW_CTX_DAG_OWNER=***
AIRFLOW_CTX_DAG_ID=cdn_daily
AIRFLOW_CTX_TASK_ID=import_pre.check_status_of_pre
AIRFLOW_CTX_EXECUTION_DATE=2022-04-29T15:30:28.273551+00:00
AIRFLOW_CTX_DAG_RUN_ID=manual__2022-04-29T15:30:28.273551+00:00
[2022-04-29 15:35:34,354] {logging_mixin.py:109} INFO - run_pre
[2022-04-29 15:35:34,375] {logging_mixin.py:109} INFO - None
[2022-04-29 15:35:34,395] {logging_mixin.py:109} INFO - pre.alm
[2022-04-29 15:35:34,409] {logging_mixin.py:109} INFO - 4
[2022-04-29 15:35:38,415] {python.py:175} INFO - Done. Returned value was: None
[2022-04-29 15:35:38,433] {taskinstance.py:1277} INFO - Marking task as SUCCESS. dag_id=cdn_daily, task_id=import_pre.check_status_of_pre, execution_date=20220429T153028, start_date=20220429T153533, end_date=20220429T153538
[2022-04-29 15:35:38,485] {local_task_job.py:154} INFO - Task exited with return code 0
[2022-04-29 15:35:38,541] {local_task_job.py:264} INFO - 1 downstream tasks scheduled from follow-on schedule check
