[2022-03-14 12:10:28,404] {taskinstance.py:1032} INFO - Dependencies all met for <TaskInstance: tutorial.dqsdqsd.dqsdqsd_print_proccesed_data scheduled__2022-03-13T12:00:13.316065+00:00 [queued]>
[2022-03-14 12:10:28,429] {taskinstance.py:1032} INFO - Dependencies all met for <TaskInstance: tutorial.dqsdqsd.dqsdqsd_print_proccesed_data scheduled__2022-03-13T12:00:13.316065+00:00 [queued]>
[2022-03-14 12:10:28,430] {taskinstance.py:1238} INFO - 
--------------------------------------------------------------------------------
[2022-03-14 12:10:28,431] {taskinstance.py:1239} INFO - Starting attempt 1 of 2
[2022-03-14 12:10:28,433] {taskinstance.py:1240} INFO - 
--------------------------------------------------------------------------------
[2022-03-14 12:10:28,454] {taskinstance.py:1259} INFO - Executing <Task(PythonOperator): dqsdqsd.dqsdqsd_print_proccesed_data> on 2022-03-13 12:00:13.316065+00:00
[2022-03-14 12:10:28,463] {standard_task_runner.py:52} INFO - Started process 1188 to run task
[2022-03-14 12:10:28,471] {standard_task_runner.py:76} INFO - Running: ['***', 'tasks', 'run', 'tutorial', 'dqsdqsd.dqsdqsd_print_proccesed_data', 'scheduled__2022-03-13T12:00:13.316065+00:00', '--job-id', '873', '--raw', '--subdir', 'DAGS_FOLDER/test_dag.py', '--cfg-path', '/tmp/tmp2d25sr2n', '--error-file', '/tmp/tmpm2ygf0n5']
[2022-03-14 12:10:28,474] {standard_task_runner.py:77} INFO - Job 873: Subtask dqsdqsd.dqsdqsd_print_proccesed_data
[2022-03-14 12:10:28,609] {logging_mixin.py:109} INFO - Running <TaskInstance: tutorial.dqsdqsd.dqsdqsd_print_proccesed_data scheduled__2022-03-13T12:00:13.316065+00:00 [running]> on host ff48034dfdbf
[2022-03-14 12:10:28,727] {taskinstance.py:1426} INFO - Exporting the following env vars:
AIRFLOW_CTX_DAG_EMAIL=***@example.com
AIRFLOW_CTX_DAG_OWNER=***
AIRFLOW_CTX_DAG_ID=tutorial
AIRFLOW_CTX_TASK_ID=dqsdqsd.dqsdqsd_print_proccesed_data
AIRFLOW_CTX_EXECUTION_DATE=2022-03-13T12:00:13.316065+00:00
AIRFLOW_CTX_DAG_RUN_ID=scheduled__2022-03-13T12:00:13.316065+00:00
[2022-03-14 12:11:28,745] {python.py:175} INFO - Done. Returned value was: None
[2022-03-14 12:11:28,975] {taskinstance.py:1277} INFO - Marking task as SUCCESS. dag_id=tutorial, task_id=dqsdqsd.dqsdqsd_print_proccesed_data, execution_date=20220313T120013, start_date=20220314T121028, end_date=20220314T121128
[2022-03-14 12:11:29,007] {local_task_job.py:154} INFO - Task exited with return code 0
[2022-03-14 12:11:29,069] {local_task_job.py:264} INFO - 0 downstream tasks scheduled from follow-on schedule check
