[2022-04-30 15:46:19,422] {taskinstance.py:1032} INFO - Dependencies all met for <TaskInstance: cdn_daily.run_bsre.ctr manual__2022-04-30T15:46:12.555314+00:00 [queued]>
[2022-04-30 15:46:19,438] {taskinstance.py:1032} INFO - Dependencies all met for <TaskInstance: cdn_daily.run_bsre.ctr manual__2022-04-30T15:46:12.555314+00:00 [queued]>
[2022-04-30 15:46:19,439] {taskinstance.py:1238} INFO - 
--------------------------------------------------------------------------------
[2022-04-30 15:46:19,441] {taskinstance.py:1239} INFO - Starting attempt 1 of 2
[2022-04-30 15:46:19,442] {taskinstance.py:1240} INFO - 
--------------------------------------------------------------------------------
[2022-04-30 15:46:19,458] {taskinstance.py:1259} INFO - Executing <Task(PythonOperator): run_bsre.ctr> on 2022-04-30 15:46:12.555314+00:00
[2022-04-30 15:46:19,470] {standard_task_runner.py:52} INFO - Started process 2406 to run task
[2022-04-30 15:46:19,475] {standard_task_runner.py:76} INFO - Running: ['***', 'tasks', 'run', 'cdn_daily', 'run_bsre.ctr', 'manual__2022-04-30T15:46:12.555314+00:00', '--job-id', '1831', '--raw', '--subdir', 'DAGS_FOLDER/cdn_daily.py', '--cfg-path', '/tmp/tmp8ydc2_mx', '--error-file', '/tmp/tmp7fcuhzay']
[2022-04-30 15:46:19,478] {standard_task_runner.py:77} INFO - Job 1831: Subtask run_bsre.ctr
[2022-04-30 15:46:19,564] {logging_mixin.py:109} INFO - Running <TaskInstance: cdn_daily.run_bsre.ctr manual__2022-04-30T15:46:12.555314+00:00 [running]> on host d5ad096ffea5
[2022-04-30 15:46:19,647] {taskinstance.py:1426} INFO - Exporting the following env vars:
AIRFLOW_CTX_DAG_EMAIL=***@example.com
AIRFLOW_CTX_DAG_OWNER=***
AIRFLOW_CTX_DAG_ID=cdn_daily
AIRFLOW_CTX_TASK_ID=run_bsre.ctr
AIRFLOW_CTX_EXECUTION_DATE=2022-04-30T15:46:12.555314+00:00
AIRFLOW_CTX_DAG_RUN_ID=manual__2022-04-30T15:46:12.555314+00:00
[2022-04-30 15:46:19,681] {python.py:175} INFO - Done. Returned value was: None
[2022-04-30 15:46:19,700] {taskinstance.py:1277} INFO - Marking task as SUCCESS. dag_id=cdn_daily, task_id=run_bsre.ctr, execution_date=20220430T154612, start_date=20220430T154619, end_date=20220430T154619
[2022-04-30 15:46:19,773] {local_task_job.py:154} INFO - Task exited with return code 0
[2022-04-30 15:46:19,826] {local_task_job.py:264} INFO - 1 downstream tasks scheduled from follow-on schedule check
