[2022-03-15 16:40:33,969] {taskinstance.py:1032} INFO - Dependencies all met for <TaskInstance: tutorial.pre.pre_get_data scheduled__2022-03-14T12:05:20.517459+00:00 [queued]>
[2022-03-15 16:40:34,006] {taskinstance.py:1032} INFO - Dependencies all met for <TaskInstance: tutorial.pre.pre_get_data scheduled__2022-03-14T12:05:20.517459+00:00 [queued]>
[2022-03-15 16:40:34,007] {taskinstance.py:1238} INFO - 
--------------------------------------------------------------------------------
[2022-03-15 16:40:34,011] {taskinstance.py:1239} INFO - Starting attempt 1 of 2
[2022-03-15 16:40:34,013] {taskinstance.py:1240} INFO - 
--------------------------------------------------------------------------------
[2022-03-15 16:40:34,051] {taskinstance.py:1259} INFO - Executing <Task(PythonOperator): pre.pre_get_data> on 2022-03-14 12:05:20.517459+00:00
[2022-03-15 16:40:34,073] {standard_task_runner.py:52} INFO - Started process 88 to run task
[2022-03-15 16:40:34,109] {standard_task_runner.py:76} INFO - Running: ['***', 'tasks', 'run', 'tutorial', 'pre.pre_get_data', 'scheduled__2022-03-14T12:05:20.517459+00:00', '--job-id', '909', '--raw', '--subdir', 'DAGS_FOLDER/test_dag.py', '--cfg-path', '/tmp/tmpgg09edms', '--error-file', '/tmp/tmpt1s1hwrj']
[2022-03-15 16:40:34,121] {standard_task_runner.py:77} INFO - Job 909: Subtask pre.pre_get_data
[2022-03-15 16:40:34,367] {logging_mixin.py:109} INFO - Running <TaskInstance: tutorial.pre.pre_get_data scheduled__2022-03-14T12:05:20.517459+00:00 [running]> on host ff48034dfdbf
[2022-03-15 16:40:34,518] {taskinstance.py:1426} INFO - Exporting the following env vars:
AIRFLOW_CTX_DAG_EMAIL=***@example.com
AIRFLOW_CTX_DAG_OWNER=***
AIRFLOW_CTX_DAG_ID=tutorial
AIRFLOW_CTX_TASK_ID=pre.pre_get_data
AIRFLOW_CTX_EXECUTION_DATE=2022-03-14T12:05:20.517459+00:00
AIRFLOW_CTX_DAG_RUN_ID=scheduled__2022-03-14T12:05:20.517459+00:00
[2022-03-15 16:41:34,539] {python.py:175} INFO - Done. Returned value was: None
[2022-03-15 16:41:34,570] {taskinstance.py:1277} INFO - Marking task as SUCCESS. dag_id=tutorial, task_id=pre.pre_get_data, execution_date=20220314T120520, start_date=20220315T164033, end_date=20220315T164134
[2022-03-15 16:41:34,632] {local_task_job.py:154} INFO - Task exited with return code 0
[2022-03-15 16:41:34,715] {local_task_job.py:264} INFO - 1 downstream tasks scheduled from follow-on schedule check
