[2022-03-14 12:02:13,227] {taskinstance.py:1032} INFO - Dependencies all met for <TaskInstance: tutorial.bsre.bsre_get_data scheduled__2022-03-13T12:00:13.316065+00:00 [queued]>
[2022-03-14 12:02:13,242] {taskinstance.py:1032} INFO - Dependencies all met for <TaskInstance: tutorial.bsre.bsre_get_data scheduled__2022-03-13T12:00:13.316065+00:00 [queued]>
[2022-03-14 12:02:13,244] {taskinstance.py:1238} INFO - 
--------------------------------------------------------------------------------
[2022-03-14 12:02:13,244] {taskinstance.py:1239} INFO - Starting attempt 1 of 2
[2022-03-14 12:02:13,245] {taskinstance.py:1240} INFO - 
--------------------------------------------------------------------------------
[2022-03-14 12:02:13,262] {taskinstance.py:1259} INFO - Executing <Task(PythonOperator): bsre.bsre_get_data> on 2022-03-13 12:00:13.316065+00:00
[2022-03-14 12:02:13,267] {standard_task_runner.py:52} INFO - Started process 688 to run task
[2022-03-14 12:02:13,272] {standard_task_runner.py:76} INFO - Running: ['***', 'tasks', 'run', 'tutorial', 'bsre.bsre_get_data', 'scheduled__2022-03-13T12:00:13.316065+00:00', '--job-id', '784', '--raw', '--subdir', 'DAGS_FOLDER/test_dag.py', '--cfg-path', '/tmp/tmpmq66lof6', '--error-file', '/tmp/tmp2xd_30w9']
[2022-03-14 12:02:13,274] {standard_task_runner.py:77} INFO - Job 784: Subtask bsre.bsre_get_data
[2022-03-14 12:02:13,361] {logging_mixin.py:109} INFO - Running <TaskInstance: tutorial.bsre.bsre_get_data scheduled__2022-03-13T12:00:13.316065+00:00 [running]> on host ff48034dfdbf
[2022-03-14 12:02:13,433] {taskinstance.py:1426} INFO - Exporting the following env vars:
AIRFLOW_CTX_DAG_EMAIL=***@example.com
AIRFLOW_CTX_DAG_OWNER=***
AIRFLOW_CTX_DAG_ID=tutorial
AIRFLOW_CTX_TASK_ID=bsre.bsre_get_data
AIRFLOW_CTX_EXECUTION_DATE=2022-03-13T12:00:13.316065+00:00
AIRFLOW_CTX_DAG_RUN_ID=scheduled__2022-03-13T12:00:13.316065+00:00
[2022-03-14 12:03:13,400] {python.py:175} INFO - Done. Returned value was: None
[2022-03-14 12:03:13,416] {taskinstance.py:1277} INFO - Marking task as SUCCESS. dag_id=tutorial, task_id=bsre.bsre_get_data, execution_date=20220313T120013, start_date=20220314T120213, end_date=20220314T120313
[2022-03-14 12:03:13,464] {local_task_job.py:154} INFO - Task exited with return code 0
[2022-03-14 12:03:13,510] {local_task_job.py:264} INFO - 1 downstream tasks scheduled from follow-on schedule check
