[2022-03-01 19:11:07,464] {taskinstance.py:1032} INFO - Dependencies all met for <TaskInstance: tutorial.xsxsxqc.xsxsxqc_print_proccesed_data scheduled__2022-02-27T21:51:17.549420+00:00 [queued]>
[2022-03-01 19:11:07,485] {taskinstance.py:1032} INFO - Dependencies all met for <TaskInstance: tutorial.xsxsxqc.xsxsxqc_print_proccesed_data scheduled__2022-02-27T21:51:17.549420+00:00 [queued]>
[2022-03-01 19:11:07,486] {taskinstance.py:1238} INFO - 
--------------------------------------------------------------------------------
[2022-03-01 19:11:07,487] {taskinstance.py:1239} INFO - Starting attempt 1 of 2
[2022-03-01 19:11:07,488] {taskinstance.py:1240} INFO - 
--------------------------------------------------------------------------------
[2022-03-01 19:11:07,523] {taskinstance.py:1259} INFO - Executing <Task(PythonOperator): xsxsxqc.xsxsxqc_print_proccesed_data> on 2022-02-27 21:51:17.549420+00:00
[2022-03-01 19:11:07,531] {standard_task_runner.py:52} INFO - Started process 202 to run task
[2022-03-01 19:11:07,539] {standard_task_runner.py:76} INFO - Running: ['***', 'tasks', 'run', 'tutorial', 'xsxsxqc.xsxsxqc_print_proccesed_data', 'scheduled__2022-02-27T21:51:17.549420+00:00', '--job-id', '385', '--raw', '--subdir', 'DAGS_FOLDER/test_dag.py', '--cfg-path', '/tmp/tmpyou5o8j6', '--error-file', '/tmp/tmpwy7u_r99']
[2022-03-01 19:11:07,541] {standard_task_runner.py:77} INFO - Job 385: Subtask xsxsxqc.xsxsxqc_print_proccesed_data
[2022-03-01 19:11:07,691] {logging_mixin.py:109} INFO - Running <TaskInstance: tutorial.xsxsxqc.xsxsxqc_print_proccesed_data scheduled__2022-02-27T21:51:17.549420+00:00 [running]> on host ff48034dfdbf
[2022-03-01 19:11:07,864] {taskinstance.py:1426} INFO - Exporting the following env vars:
AIRFLOW_CTX_DAG_EMAIL=***@example.com
AIRFLOW_CTX_DAG_OWNER=***
AIRFLOW_CTX_DAG_ID=tutorial
AIRFLOW_CTX_TASK_ID=xsxsxqc.xsxsxqc_print_proccesed_data
AIRFLOW_CTX_EXECUTION_DATE=2022-02-27T21:51:17.549420+00:00
AIRFLOW_CTX_DAG_RUN_ID=scheduled__2022-02-27T21:51:17.549420+00:00
[2022-03-01 19:12:07,836] {python.py:175} INFO - Done. Returned value was: None
[2022-03-01 19:12:07,852] {taskinstance.py:1277} INFO - Marking task as SUCCESS. dag_id=tutorial, task_id=xsxsxqc.xsxsxqc_print_proccesed_data, execution_date=20220227T215117, start_date=20220301T191107, end_date=20220301T191207
[2022-03-01 19:12:07,876] {local_task_job.py:154} INFO - Task exited with return code 0
[2022-03-01 19:12:07,911] {local_task_job.py:264} INFO - 0 downstream tasks scheduled from follow-on schedule check
