[2022-02-26 11:36:16,196] {taskinstance.py:1032} INFO - Dependencies all met for <TaskInstance: tutorial.wcccw.wcccw_get_data scheduled__2022-02-24T21:44:04.431894+00:00 [queued]>
[2022-02-26 11:36:16,229] {taskinstance.py:1032} INFO - Dependencies all met for <TaskInstance: tutorial.wcccw.wcccw_get_data scheduled__2022-02-24T21:44:04.431894+00:00 [queued]>
[2022-02-26 11:36:16,231] {taskinstance.py:1238} INFO - 
--------------------------------------------------------------------------------
[2022-02-26 11:36:16,234] {taskinstance.py:1239} INFO - Starting attempt 1 of 2
[2022-02-26 11:36:16,236] {taskinstance.py:1240} INFO - 
--------------------------------------------------------------------------------
[2022-02-26 11:36:16,262] {taskinstance.py:1259} INFO - Executing <Task(PythonOperator): wcccw.wcccw_get_data> on 2022-02-24 21:44:04.431894+00:00
[2022-02-26 11:36:16,269] {standard_task_runner.py:52} INFO - Started process 87 to run task
[2022-02-26 11:36:16,276] {standard_task_runner.py:76} INFO - Running: ['***', 'tasks', 'run', 'tutorial', 'wcccw.wcccw_get_data', 'scheduled__2022-02-24T21:44:04.431894+00:00', '--job-id', '259', '--raw', '--subdir', 'DAGS_FOLDER/test_dag.py', '--cfg-path', '/tmp/tmpwpd0ixj4', '--error-file', '/tmp/tmp8ge6_yky']
[2022-02-26 11:36:16,278] {standard_task_runner.py:77} INFO - Job 259: Subtask wcccw.wcccw_get_data
[2022-02-26 11:36:16,415] {logging_mixin.py:109} INFO - Running <TaskInstance: tutorial.wcccw.wcccw_get_data scheduled__2022-02-24T21:44:04.431894+00:00 [running]> on host ff48034dfdbf
[2022-02-26 11:36:16,524] {taskinstance.py:1426} INFO - Exporting the following env vars:
AIRFLOW_CTX_DAG_EMAIL=***@example.com
AIRFLOW_CTX_DAG_OWNER=***
AIRFLOW_CTX_DAG_ID=tutorial
AIRFLOW_CTX_TASK_ID=wcccw.wcccw_get_data
AIRFLOW_CTX_EXECUTION_DATE=2022-02-24T21:44:04.431894+00:00
AIRFLOW_CTX_DAG_RUN_ID=scheduled__2022-02-24T21:44:04.431894+00:00
[2022-02-26 11:37:16,543] {python.py:175} INFO - Done. Returned value was: None
[2022-02-26 11:37:16,574] {taskinstance.py:1277} INFO - Marking task as SUCCESS. dag_id=tutorial, task_id=wcccw.wcccw_get_data, execution_date=20220224T214404, start_date=20220226T113616, end_date=20220226T113716
[2022-02-26 11:37:16,628] {local_task_job.py:154} INFO - Task exited with return code 0
[2022-02-26 11:37:16,730] {local_task_job.py:264} INFO - 1 downstream tasks scheduled from follow-on schedule check
