[2022-03-14 11:54:05,016] {taskinstance.py:1032} INFO - Dependencies all met for <TaskInstance: tutorial.hfghfg.hfghfg_get_data scheduled__2022-03-13T11:51:30.016366+00:00 [queued]>
[2022-03-14 11:54:05,035] {taskinstance.py:1032} INFO - Dependencies all met for <TaskInstance: tutorial.hfghfg.hfghfg_get_data scheduled__2022-03-13T11:51:30.016366+00:00 [queued]>
[2022-03-14 11:54:05,036] {taskinstance.py:1238} INFO - 
--------------------------------------------------------------------------------
[2022-03-14 11:54:05,038] {taskinstance.py:1239} INFO - Starting attempt 1 of 2
[2022-03-14 11:54:05,038] {taskinstance.py:1240} INFO - 
--------------------------------------------------------------------------------
[2022-03-14 11:54:05,055] {taskinstance.py:1259} INFO - Executing <Task(PythonOperator): hfghfg.hfghfg_get_data> on 2022-03-13 11:51:30.016366+00:00
[2022-03-14 11:54:05,060] {standard_task_runner.py:52} INFO - Started process 216 to run task
[2022-03-14 11:54:05,066] {standard_task_runner.py:76} INFO - Running: ['***', 'tasks', 'run', 'tutorial', 'hfghfg.hfghfg_get_data', 'scheduled__2022-03-13T11:51:30.016366+00:00', '--job-id', '710', '--raw', '--subdir', 'DAGS_FOLDER/test_dag.py', '--cfg-path', '/tmp/tmptuwdrkxl', '--error-file', '/tmp/tmp7wue5b4f']
[2022-03-14 11:54:05,067] {standard_task_runner.py:77} INFO - Job 710: Subtask hfghfg.hfghfg_get_data
[2022-03-14 11:54:05,160] {logging_mixin.py:109} INFO - Running <TaskInstance: tutorial.hfghfg.hfghfg_get_data scheduled__2022-03-13T11:51:30.016366+00:00 [running]> on host ff48034dfdbf
[2022-03-14 11:54:05,243] {taskinstance.py:1426} INFO - Exporting the following env vars:
AIRFLOW_CTX_DAG_EMAIL=***@example.com
AIRFLOW_CTX_DAG_OWNER=***
AIRFLOW_CTX_DAG_ID=tutorial
AIRFLOW_CTX_TASK_ID=hfghfg.hfghfg_get_data
AIRFLOW_CTX_EXECUTION_DATE=2022-03-13T11:51:30.016366+00:00
AIRFLOW_CTX_DAG_RUN_ID=scheduled__2022-03-13T11:51:30.016366+00:00
[2022-03-14 11:55:05,262] {python.py:175} INFO - Done. Returned value was: None
[2022-03-14 11:55:05,302] {taskinstance.py:1277} INFO - Marking task as SUCCESS. dag_id=tutorial, task_id=hfghfg.hfghfg_get_data, execution_date=20220313T115130, start_date=20220314T115405, end_date=20220314T115505
[2022-03-14 11:55:05,368] {local_task_job.py:154} INFO - Task exited with return code 0
[2022-03-14 11:55:05,617] {local_task_job.py:264} INFO - 1 downstream tasks scheduled from follow-on schedule check
