[2022-04-23 14:22:43,689] {taskinstance.py:1032} INFO - Dependencies all met for <TaskInstance: tutorial.pre.pre_proccess_data scheduled__2022-04-22T14:16:37.536651+00:00 [queued]>
[2022-04-23 14:22:43,717] {taskinstance.py:1032} INFO - Dependencies all met for <TaskInstance: tutorial.pre.pre_proccess_data scheduled__2022-04-22T14:16:37.536651+00:00 [queued]>
[2022-04-23 14:22:43,722] {taskinstance.py:1238} INFO - 
--------------------------------------------------------------------------------
[2022-04-23 14:22:43,724] {taskinstance.py:1239} INFO - Starting attempt 1 of 2
[2022-04-23 14:22:43,727] {taskinstance.py:1240} INFO - 
--------------------------------------------------------------------------------
[2022-04-23 14:22:43,764] {taskinstance.py:1259} INFO - Executing <Task(PythonOperator): pre.pre_proccess_data> on 2022-04-22 14:16:37.536651+00:00
[2022-04-23 14:22:43,773] {standard_task_runner.py:52} INFO - Started process 425 to run task
[2022-04-23 14:22:43,782] {standard_task_runner.py:76} INFO - Running: ['***', 'tasks', 'run', 'tutorial', 'pre.pre_proccess_data', 'scheduled__2022-04-22T14:16:37.536651+00:00', '--job-id', '1156', '--raw', '--subdir', 'DAGS_FOLDER/test_dag.py', '--cfg-path', '/tmp/tmpj5_1mxgy', '--error-file', '/tmp/tmpoe0o5mjt']
[2022-04-23 14:22:43,785] {standard_task_runner.py:77} INFO - Job 1156: Subtask pre.pre_proccess_data
[2022-04-23 14:22:44,024] {logging_mixin.py:109} INFO - Running <TaskInstance: tutorial.pre.pre_proccess_data scheduled__2022-04-22T14:16:37.536651+00:00 [running]> on host ff48034dfdbf
[2022-04-23 14:22:44,192] {taskinstance.py:1426} INFO - Exporting the following env vars:
AIRFLOW_CTX_DAG_EMAIL=***@example.com
AIRFLOW_CTX_DAG_OWNER=***
AIRFLOW_CTX_DAG_ID=tutorial
AIRFLOW_CTX_TASK_ID=pre.pre_proccess_data
AIRFLOW_CTX_EXECUTION_DATE=2022-04-22T14:16:37.536651+00:00
AIRFLOW_CTX_DAG_RUN_ID=scheduled__2022-04-22T14:16:37.536651+00:00
[2022-04-23 14:23:44,203] {python.py:175} INFO - Done. Returned value was: None
[2022-04-23 14:23:44,225] {taskinstance.py:1277} INFO - Marking task as SUCCESS. dag_id=tutorial, task_id=pre.pre_proccess_data, execution_date=20220422T141637, start_date=20220423T142243, end_date=20220423T142344
[2022-04-23 14:23:44,290] {local_task_job.py:154} INFO - Task exited with return code 0
[2022-04-23 14:23:44,338] {local_task_job.py:264} INFO - 1 downstream tasks scheduled from follow-on schedule check
