[2022-02-23 21:40:58,930] {taskinstance.py:1032} INFO - Dependencies all met for <TaskInstance: tutorial.dqsdqsd.dqsdqsd_proccess_data scheduled__2022-02-22T21:37:49.340300+00:00 [queued]>
[2022-02-23 21:40:58,955] {taskinstance.py:1032} INFO - Dependencies all met for <TaskInstance: tutorial.dqsdqsd.dqsdqsd_proccess_data scheduled__2022-02-22T21:37:49.340300+00:00 [queued]>
[2022-02-23 21:40:58,961] {taskinstance.py:1238} INFO - 
--------------------------------------------------------------------------------
[2022-02-23 21:40:58,967] {taskinstance.py:1239} INFO - Starting attempt 1 of 2
[2022-02-23 21:40:58,969] {taskinstance.py:1240} INFO - 
--------------------------------------------------------------------------------
[2022-02-23 21:40:59,000] {taskinstance.py:1259} INFO - Executing <Task(PythonOperator): dqsdqsd.dqsdqsd_proccess_data> on 2022-02-22 21:37:49.340300+00:00
[2022-02-23 21:40:59,024] {standard_task_runner.py:52} INFO - Started process 272 to run task
[2022-02-23 21:40:59,032] {standard_task_runner.py:76} INFO - Running: ['***', 'tasks', 'run', 'tutorial', 'dqsdqsd.dqsdqsd_proccess_data', 'scheduled__2022-02-22T21:37:49.340300+00:00', '--job-id', '140', '--raw', '--subdir', 'DAGS_FOLDER/test_dag.py', '--cfg-path', '/tmp/tmpb3kd6omk', '--error-file', '/tmp/tmp_nhplmmr']
[2022-02-23 21:40:59,033] {standard_task_runner.py:77} INFO - Job 140: Subtask dqsdqsd.dqsdqsd_proccess_data
[2022-02-23 21:40:59,238] {logging_mixin.py:109} INFO - Running <TaskInstance: tutorial.dqsdqsd.dqsdqsd_proccess_data scheduled__2022-02-22T21:37:49.340300+00:00 [running]> on host ff48034dfdbf
[2022-02-23 21:40:59,348] {taskinstance.py:1426} INFO - Exporting the following env vars:
AIRFLOW_CTX_DAG_EMAIL=***@example.com
AIRFLOW_CTX_DAG_OWNER=***
AIRFLOW_CTX_DAG_ID=tutorial
AIRFLOW_CTX_TASK_ID=dqsdqsd.dqsdqsd_proccess_data
AIRFLOW_CTX_EXECUTION_DATE=2022-02-22T21:37:49.340300+00:00
AIRFLOW_CTX_DAG_RUN_ID=scheduled__2022-02-22T21:37:49.340300+00:00
[2022-02-23 21:41:59,367] {python.py:175} INFO - Done. Returned value was: None
[2022-02-23 21:41:59,382] {taskinstance.py:1277} INFO - Marking task as SUCCESS. dag_id=tutorial, task_id=dqsdqsd.dqsdqsd_proccess_data, execution_date=20220222T213749, start_date=20220223T214058, end_date=20220223T214159
[2022-02-23 21:41:59,442] {local_task_job.py:154} INFO - Task exited with return code 0
[2022-02-23 21:41:59,482] {local_task_job.py:264} INFO - 1 downstream tasks scheduled from follow-on schedule check
