[2022-04-29 15:34:45,071] {taskinstance.py:1032} INFO - Dependencies all met for <TaskInstance: cdn_daily.import_vol.run_vol manual__2022-04-29T15:29:28.902590+00:00 [queued]>
[2022-04-29 15:34:45,088] {taskinstance.py:1032} INFO - Dependencies all met for <TaskInstance: cdn_daily.import_vol.run_vol manual__2022-04-29T15:29:28.902590+00:00 [queued]>
[2022-04-29 15:34:45,089] {taskinstance.py:1238} INFO - 
--------------------------------------------------------------------------------
[2022-04-29 15:34:45,091] {taskinstance.py:1239} INFO - Starting attempt 1 of 2
[2022-04-29 15:34:45,092] {taskinstance.py:1240} INFO - 
--------------------------------------------------------------------------------
[2022-04-29 15:34:45,110] {taskinstance.py:1259} INFO - Executing <Task(PythonOperator): import_vol.run_vol> on 2022-04-29 15:29:28.902590+00:00
[2022-04-29 15:34:45,116] {standard_task_runner.py:52} INFO - Started process 3965 to run task
[2022-04-29 15:34:45,121] {standard_task_runner.py:76} INFO - Running: ['***', 'tasks', 'run', 'cdn_daily', 'import_vol.run_vol', 'manual__2022-04-29T15:29:28.902590+00:00', '--job-id', '1743', '--raw', '--subdir', 'DAGS_FOLDER/cdn_daily.py', '--cfg-path', '/tmp/tmp5qmqkx0o', '--error-file', '/tmp/tmpnz0dd1xz']
[2022-04-29 15:34:45,124] {standard_task_runner.py:77} INFO - Job 1743: Subtask import_vol.run_vol
[2022-04-29 15:34:45,209] {logging_mixin.py:109} INFO - Running <TaskInstance: cdn_daily.import_vol.run_vol manual__2022-04-29T15:29:28.902590+00:00 [running]> on host d5ad096ffea5
[2022-04-29 15:34:45,283] {taskinstance.py:1426} INFO - Exporting the following env vars:
AIRFLOW_CTX_DAG_EMAIL=***@example.com
AIRFLOW_CTX_DAG_OWNER=***
AIRFLOW_CTX_DAG_ID=cdn_daily
AIRFLOW_CTX_TASK_ID=import_vol.run_vol
AIRFLOW_CTX_EXECUTION_DATE=2022-04-29T15:29:28.902590+00:00
AIRFLOW_CTX_DAG_RUN_ID=manual__2022-04-29T15:29:28.902590+00:00
[2022-04-29 15:34:45,309] {python.py:175} INFO - Done. Returned value was: None
[2022-04-29 15:34:45,326] {taskinstance.py:1277} INFO - Marking task as SUCCESS. dag_id=cdn_daily, task_id=import_vol.run_vol, execution_date=20220429T152928, start_date=20220429T153445, end_date=20220429T153445
[2022-04-29 15:34:45,384] {local_task_job.py:154} INFO - Task exited with return code 0
[2022-04-29 15:34:45,428] {local_task_job.py:264} INFO - 1 downstream tasks scheduled from follow-on schedule check
