[2022-02-23 21:47:07,895] {taskinstance.py:1032} INFO - Dependencies all met for <TaskInstance: tutorial.dqsdqsd.dqsdqsd_print_proccesed_data scheduled__2022-02-22T21:44:04.027723+00:00 [queued]>
[2022-02-23 21:47:07,918] {taskinstance.py:1032} INFO - Dependencies all met for <TaskInstance: tutorial.dqsdqsd.dqsdqsd_print_proccesed_data scheduled__2022-02-22T21:44:04.027723+00:00 [queued]>
[2022-02-23 21:47:07,920] {taskinstance.py:1238} INFO - 
--------------------------------------------------------------------------------
[2022-02-23 21:47:07,921] {taskinstance.py:1239} INFO - Starting attempt 1 of 2
[2022-02-23 21:47:07,922] {taskinstance.py:1240} INFO - 
--------------------------------------------------------------------------------
[2022-02-23 21:47:07,938] {taskinstance.py:1259} INFO - Executing <Task(PythonOperator): dqsdqsd.dqsdqsd_print_proccesed_data> on 2022-02-22 21:44:04.027723+00:00
[2022-02-23 21:47:07,950] {standard_task_runner.py:52} INFO - Started process 650 to run task
[2022-02-23 21:47:07,972] {standard_task_runner.py:76} INFO - Running: ['***', 'tasks', 'run', 'tutorial', 'dqsdqsd.dqsdqsd_print_proccesed_data', 'scheduled__2022-02-22T21:44:04.027723+00:00', '--job-id', '196', '--raw', '--subdir', 'DAGS_FOLDER/test_dag.py', '--cfg-path', '/tmp/tmpu5x0jln1', '--error-file', '/tmp/tmp0v5wk6ul']
[2022-02-23 21:47:07,977] {standard_task_runner.py:77} INFO - Job 196: Subtask dqsdqsd.dqsdqsd_print_proccesed_data
[2022-02-23 21:47:08,152] {logging_mixin.py:109} INFO - Running <TaskInstance: tutorial.dqsdqsd.dqsdqsd_print_proccesed_data scheduled__2022-02-22T21:44:04.027723+00:00 [running]> on host ff48034dfdbf
[2022-02-23 21:47:08,264] {taskinstance.py:1426} INFO - Exporting the following env vars:
AIRFLOW_CTX_DAG_EMAIL=***@example.com
AIRFLOW_CTX_DAG_OWNER=***
AIRFLOW_CTX_DAG_ID=tutorial
AIRFLOW_CTX_TASK_ID=dqsdqsd.dqsdqsd_print_proccesed_data
AIRFLOW_CTX_EXECUTION_DATE=2022-02-22T21:44:04.027723+00:00
AIRFLOW_CTX_DAG_RUN_ID=scheduled__2022-02-22T21:44:04.027723+00:00
[2022-02-23 21:48:08,285] {python.py:175} INFO - Done. Returned value was: None
[2022-02-23 21:48:08,307] {taskinstance.py:1277} INFO - Marking task as SUCCESS. dag_id=tutorial, task_id=dqsdqsd.dqsdqsd_print_proccesed_data, execution_date=20220222T214404, start_date=20220223T214707, end_date=20220223T214808
[2022-02-23 21:48:08,375] {local_task_job.py:154} INFO - Task exited with return code 0
[2022-02-23 21:48:08,420] {local_task_job.py:264} INFO - 0 downstream tasks scheduled from follow-on schedule check
