[2022-03-02 21:51:20,716] {taskinstance.py:1032} INFO - Dependencies all met for <TaskInstance: tutorial.hfghfg.hfghfg_get_data scheduled__2022-03-01T21:51:17.549420+00:00 [queued]>
[2022-03-02 21:51:20,737] {taskinstance.py:1032} INFO - Dependencies all met for <TaskInstance: tutorial.hfghfg.hfghfg_get_data scheduled__2022-03-01T21:51:17.549420+00:00 [queued]>
[2022-03-02 21:51:20,739] {taskinstance.py:1238} INFO - 
--------------------------------------------------------------------------------
[2022-03-02 21:51:20,740] {taskinstance.py:1239} INFO - Starting attempt 1 of 2
[2022-03-02 21:51:20,741] {taskinstance.py:1240} INFO - 
--------------------------------------------------------------------------------
[2022-03-02 21:51:20,763] {taskinstance.py:1259} INFO - Executing <Task(PythonOperator): hfghfg.hfghfg_get_data> on 2022-03-01 21:51:17.549420+00:00
[2022-03-02 21:51:20,770] {standard_task_runner.py:52} INFO - Started process 15153 to run task
[2022-03-02 21:51:20,778] {standard_task_runner.py:76} INFO - Running: ['***', 'tasks', 'run', 'tutorial', 'hfghfg.hfghfg_get_data', 'scheduled__2022-03-01T21:51:17.549420+00:00', '--job-id', '440', '--raw', '--subdir', 'DAGS_FOLDER/test_dag.py', '--cfg-path', '/tmp/tmp_u4wamlo', '--error-file', '/tmp/tmpqjwd1ups']
[2022-03-02 21:51:20,779] {standard_task_runner.py:77} INFO - Job 440: Subtask hfghfg.hfghfg_get_data
[2022-03-02 21:51:20,949] {logging_mixin.py:109} INFO - Running <TaskInstance: tutorial.hfghfg.hfghfg_get_data scheduled__2022-03-01T21:51:17.549420+00:00 [running]> on host ff48034dfdbf
[2022-03-02 21:51:21,122] {taskinstance.py:1426} INFO - Exporting the following env vars:
AIRFLOW_CTX_DAG_EMAIL=***@example.com
AIRFLOW_CTX_DAG_OWNER=***
AIRFLOW_CTX_DAG_ID=tutorial
AIRFLOW_CTX_TASK_ID=hfghfg.hfghfg_get_data
AIRFLOW_CTX_EXECUTION_DATE=2022-03-01T21:51:17.549420+00:00
AIRFLOW_CTX_DAG_RUN_ID=scheduled__2022-03-01T21:51:17.549420+00:00
[2022-03-02 21:52:21,061] {python.py:175} INFO - Done. Returned value was: None
[2022-03-02 21:52:21,077] {taskinstance.py:1277} INFO - Marking task as SUCCESS. dag_id=tutorial, task_id=hfghfg.hfghfg_get_data, execution_date=20220301T215117, start_date=20220302T215120, end_date=20220302T215221
[2022-03-02 21:52:21,141] {local_task_job.py:154} INFO - Task exited with return code 0
[2022-03-02 21:52:21,193] {local_task_job.py:264} INFO - 1 downstream tasks scheduled from follow-on schedule check
