[2022-04-26 14:01:31,272] {taskinstance.py:1032} INFO - Dependencies all met for <TaskInstance: tutorial.bsre.bsre_proccess_data scheduled__2022-04-25T13:59:28.202500+00:00 [queued]>
[2022-04-26 14:01:31,292] {taskinstance.py:1032} INFO - Dependencies all met for <TaskInstance: tutorial.bsre.bsre_proccess_data scheduled__2022-04-25T13:59:28.202500+00:00 [queued]>
[2022-04-26 14:01:31,294] {taskinstance.py:1238} INFO - 
--------------------------------------------------------------------------------
[2022-04-26 14:01:31,295] {taskinstance.py:1239} INFO - Starting attempt 1 of 2
[2022-04-26 14:01:31,297] {taskinstance.py:1240} INFO - 
--------------------------------------------------------------------------------
[2022-04-26 14:01:31,318] {taskinstance.py:1259} INFO - Executing <Task(PythonOperator): bsre.bsre_proccess_data> on 2022-04-25 13:59:28.202500+00:00
[2022-04-26 14:01:31,324] {standard_task_runner.py:52} INFO - Started process 561 to run task
[2022-04-26 14:01:31,330] {standard_task_runner.py:76} INFO - Running: ['***', 'tasks', 'run', 'tutorial', 'bsre.bsre_proccess_data', 'scheduled__2022-04-25T13:59:28.202500+00:00', '--job-id', '1324', '--raw', '--subdir', 'DAGS_FOLDER/test_dag.py', '--cfg-path', '/tmp/tmp64rtm7ec', '--error-file', '/tmp/tmpl40lbmlw']
[2022-04-26 14:01:31,332] {standard_task_runner.py:77} INFO - Job 1324: Subtask bsre.bsre_proccess_data
[2022-04-26 14:01:31,443] {logging_mixin.py:109} INFO - Running <TaskInstance: tutorial.bsre.bsre_proccess_data scheduled__2022-04-25T13:59:28.202500+00:00 [running]> on host ff48034dfdbf
[2022-04-26 14:01:31,531] {taskinstance.py:1426} INFO - Exporting the following env vars:
AIRFLOW_CTX_DAG_EMAIL=***@example.com
AIRFLOW_CTX_DAG_OWNER=***
AIRFLOW_CTX_DAG_ID=tutorial
AIRFLOW_CTX_TASK_ID=bsre.bsre_proccess_data
AIRFLOW_CTX_EXECUTION_DATE=2022-04-25T13:59:28.202500+00:00
AIRFLOW_CTX_DAG_RUN_ID=scheduled__2022-04-25T13:59:28.202500+00:00
[2022-04-26 14:02:31,550] {python.py:175} INFO - Done. Returned value was: None
[2022-04-26 14:02:31,566] {taskinstance.py:1277} INFO - Marking task as SUCCESS. dag_id=tutorial, task_id=bsre.bsre_proccess_data, execution_date=20220425T135928, start_date=20220426T140131, end_date=20220426T140231
[2022-04-26 14:02:31,604] {local_task_job.py:154} INFO - Task exited with return code 0
[2022-04-26 14:02:31,655] {local_task_job.py:264} INFO - 1 downstream tasks scheduled from follow-on schedule check
