[2022-03-14 12:11:28,687] {taskinstance.py:1032} INFO - Dependencies all met for <TaskInstance: tutorial.yryrty.yryrty_print_proccesed_data scheduled__2022-03-13T12:00:13.316065+00:00 [queued]>
[2022-03-14 12:11:28,707] {taskinstance.py:1032} INFO - Dependencies all met for <TaskInstance: tutorial.yryrty.yryrty_print_proccesed_data scheduled__2022-03-13T12:00:13.316065+00:00 [queued]>
[2022-03-14 12:11:28,708] {taskinstance.py:1238} INFO - 
--------------------------------------------------------------------------------
[2022-03-14 12:11:28,709] {taskinstance.py:1239} INFO - Starting attempt 1 of 2
[2022-03-14 12:11:28,710] {taskinstance.py:1240} INFO - 
--------------------------------------------------------------------------------
[2022-03-14 12:11:28,727] {taskinstance.py:1259} INFO - Executing <Task(PythonOperator): yryrty.yryrty_print_proccesed_data> on 2022-03-13 12:00:13.316065+00:00
[2022-03-14 12:11:28,733] {standard_task_runner.py:52} INFO - Started process 1235 to run task
[2022-03-14 12:11:28,738] {standard_task_runner.py:76} INFO - Running: ['***', 'tasks', 'run', 'tutorial', 'yryrty.yryrty_print_proccesed_data', 'scheduled__2022-03-13T12:00:13.316065+00:00', '--job-id', '876', '--raw', '--subdir', 'DAGS_FOLDER/test_dag.py', '--cfg-path', '/tmp/tmpra8zim5i', '--error-file', '/tmp/tmpj8ks36sp']
[2022-03-14 12:11:28,740] {standard_task_runner.py:77} INFO - Job 876: Subtask yryrty.yryrty_print_proccesed_data
[2022-03-14 12:11:28,837] {logging_mixin.py:109} INFO - Running <TaskInstance: tutorial.yryrty.yryrty_print_proccesed_data scheduled__2022-03-13T12:00:13.316065+00:00 [running]> on host ff48034dfdbf
[2022-03-14 12:11:29,147] {taskinstance.py:1426} INFO - Exporting the following env vars:
AIRFLOW_CTX_DAG_EMAIL=***@example.com
AIRFLOW_CTX_DAG_OWNER=***
AIRFLOW_CTX_DAG_ID=tutorial
AIRFLOW_CTX_TASK_ID=yryrty.yryrty_print_proccesed_data
AIRFLOW_CTX_EXECUTION_DATE=2022-03-13T12:00:13.316065+00:00
AIRFLOW_CTX_DAG_RUN_ID=scheduled__2022-03-13T12:00:13.316065+00:00
[2022-03-14 12:12:29,147] {python.py:175} INFO - Done. Returned value was: None
[2022-03-14 12:12:29,173] {taskinstance.py:1277} INFO - Marking task as SUCCESS. dag_id=tutorial, task_id=yryrty.yryrty_print_proccesed_data, execution_date=20220313T120013, start_date=20220314T121128, end_date=20220314T121229
[2022-03-14 12:12:29,227] {local_task_job.py:154} INFO - Task exited with return code 0
[2022-03-14 12:12:29,326] {local_task_job.py:264} INFO - 0 downstream tasks scheduled from follow-on schedule check
