[2022-04-30 12:54:46,010] {taskinstance.py:1032} INFO - Dependencies all met for <TaskInstance: tutorial.yryrty.yryrty_print_proccesed_data scheduled__2022-04-29T12:29:40.424433+00:00 [queued]>
[2022-04-30 12:54:46,034] {taskinstance.py:1032} INFO - Dependencies all met for <TaskInstance: tutorial.yryrty.yryrty_print_proccesed_data scheduled__2022-04-29T12:29:40.424433+00:00 [queued]>
[2022-04-30 12:54:46,036] {taskinstance.py:1238} INFO - 
--------------------------------------------------------------------------------
[2022-04-30 12:54:46,037] {taskinstance.py:1239} INFO - Starting attempt 1 of 2
[2022-04-30 12:54:46,038] {taskinstance.py:1240} INFO - 
--------------------------------------------------------------------------------
[2022-04-30 12:54:46,060] {taskinstance.py:1259} INFO - Executing <Task(PythonOperator): yryrty.yryrty_print_proccesed_data> on 2022-04-29 12:29:40.424433+00:00
[2022-04-30 12:54:46,067] {standard_task_runner.py:52} INFO - Started process 214 to run task
[2022-04-30 12:54:46,074] {standard_task_runner.py:76} INFO - Running: ['***', 'tasks', 'run', 'tutorial', 'yryrty.yryrty_print_proccesed_data', 'scheduled__2022-04-29T12:29:40.424433+00:00', '--job-id', '1788', '--raw', '--subdir', 'DAGS_FOLDER/test_dag.py', '--cfg-path', '/tmp/tmp278yqxqt', '--error-file', '/tmp/tmpcdv662mm']
[2022-04-30 12:54:46,077] {standard_task_runner.py:77} INFO - Job 1788: Subtask yryrty.yryrty_print_proccesed_data
[2022-04-30 12:54:46,195] {logging_mixin.py:109} INFO - Running <TaskInstance: tutorial.yryrty.yryrty_print_proccesed_data scheduled__2022-04-29T12:29:40.424433+00:00 [running]> on host d5ad096ffea5
[2022-04-30 12:54:46,296] {taskinstance.py:1426} INFO - Exporting the following env vars:
AIRFLOW_CTX_DAG_EMAIL=***@example.com
AIRFLOW_CTX_DAG_OWNER=***
AIRFLOW_CTX_DAG_ID=tutorial
AIRFLOW_CTX_TASK_ID=yryrty.yryrty_print_proccesed_data
AIRFLOW_CTX_EXECUTION_DATE=2022-04-29T12:29:40.424433+00:00
AIRFLOW_CTX_DAG_RUN_ID=scheduled__2022-04-29T12:29:40.424433+00:00
[2022-04-30 12:55:46,314] {python.py:175} INFO - Done. Returned value was: None
[2022-04-30 12:55:46,372] {taskinstance.py:1277} INFO - Marking task as SUCCESS. dag_id=tutorial, task_id=yryrty.yryrty_print_proccesed_data, execution_date=20220429T122940, start_date=20220430T125446, end_date=20220430T125546
[2022-04-30 12:55:46,437] {local_task_job.py:154} INFO - Task exited with return code 0
[2022-04-30 12:55:46,769] {local_task_job.py:264} INFO - 0 downstream tasks scheduled from follow-on schedule check
