[2022-03-14 11:55:06,796] {taskinstance.py:1032} INFO - Dependencies all met for <TaskInstance: tutorial.pre.pre_proccess_data scheduled__2022-03-07T10:29:52.784989+00:00 [queued]>
[2022-03-14 11:55:06,836] {taskinstance.py:1032} INFO - Dependencies all met for <TaskInstance: tutorial.pre.pre_proccess_data scheduled__2022-03-07T10:29:52.784989+00:00 [queued]>
[2022-03-14 11:55:06,838] {taskinstance.py:1238} INFO - 
--------------------------------------------------------------------------------
[2022-03-14 11:55:06,839] {taskinstance.py:1239} INFO - Starting attempt 1 of 2
[2022-03-14 11:55:06,840] {taskinstance.py:1240} INFO - 
--------------------------------------------------------------------------------
[2022-03-14 11:55:06,872] {taskinstance.py:1259} INFO - Executing <Task(PythonOperator): pre.pre_proccess_data> on 2022-03-07 10:29:52.784989+00:00
[2022-03-14 11:55:06,885] {standard_task_runner.py:52} INFO - Started process 275 to run task
[2022-03-14 11:55:06,893] {standard_task_runner.py:76} INFO - Running: ['***', 'tasks', 'run', 'tutorial', 'pre.pre_proccess_data', 'scheduled__2022-03-07T10:29:52.784989+00:00', '--job-id', '721', '--raw', '--subdir', 'DAGS_FOLDER/test_dag.py', '--cfg-path', '/tmp/tmpyn7on6lu', '--error-file', '/tmp/tmp78l9hgq9']
[2022-03-14 11:55:06,895] {standard_task_runner.py:77} INFO - Job 721: Subtask pre.pre_proccess_data
[2022-03-14 11:55:07,022] {logging_mixin.py:109} INFO - Running <TaskInstance: tutorial.pre.pre_proccess_data scheduled__2022-03-07T10:29:52.784989+00:00 [running]> on host ff48034dfdbf
[2022-03-14 11:55:07,133] {taskinstance.py:1426} INFO - Exporting the following env vars:
AIRFLOW_CTX_DAG_EMAIL=***@example.com
AIRFLOW_CTX_DAG_OWNER=***
AIRFLOW_CTX_DAG_ID=tutorial
AIRFLOW_CTX_TASK_ID=pre.pre_proccess_data
AIRFLOW_CTX_EXECUTION_DATE=2022-03-07T10:29:52.784989+00:00
AIRFLOW_CTX_DAG_RUN_ID=scheduled__2022-03-07T10:29:52.784989+00:00
[2022-03-14 11:56:07,096] {python.py:175} INFO - Done. Returned value was: None
[2022-03-14 11:56:07,130] {taskinstance.py:1277} INFO - Marking task as SUCCESS. dag_id=tutorial, task_id=pre.pre_proccess_data, execution_date=20220307T102952, start_date=20220314T115506, end_date=20220314T115607
[2022-03-14 11:56:07,172] {local_task_job.py:154} INFO - Task exited with return code 0
[2022-03-14 11:56:07,266] {local_task_job.py:264} INFO - 1 downstream tasks scheduled from follow-on schedule check
