[2022-04-23 14:22:44,384] {taskinstance.py:1032} INFO - Dependencies all met for <TaskInstance: tutorial.gdgfg.gdgfg_proccess_data scheduled__2022-04-22T14:16:37.536651+00:00 [queued]>
[2022-04-23 14:22:44,457] {taskinstance.py:1032} INFO - Dependencies all met for <TaskInstance: tutorial.gdgfg.gdgfg_proccess_data scheduled__2022-04-22T14:16:37.536651+00:00 [queued]>
[2022-04-23 14:22:44,461] {taskinstance.py:1238} INFO - 
--------------------------------------------------------------------------------
[2022-04-23 14:22:44,465] {taskinstance.py:1239} INFO - Starting attempt 1 of 2
[2022-04-23 14:22:44,467] {taskinstance.py:1240} INFO - 
--------------------------------------------------------------------------------
[2022-04-23 14:22:44,498] {taskinstance.py:1259} INFO - Executing <Task(PythonOperator): gdgfg.gdgfg_proccess_data> on 2022-04-22 14:16:37.536651+00:00
[2022-04-23 14:22:44,516] {standard_task_runner.py:76} INFO - Running: ['***', 'tasks', 'run', 'tutorial', 'gdgfg.gdgfg_proccess_data', 'scheduled__2022-04-22T14:16:37.536651+00:00', '--job-id', '1158', '--raw', '--subdir', 'DAGS_FOLDER/test_dag.py', '--cfg-path', '/tmp/tmpqgqvk9ig', '--error-file', '/tmp/tmphq1szt2j']
[2022-04-23 14:22:44,520] {standard_task_runner.py:77} INFO - Job 1158: Subtask gdgfg.gdgfg_proccess_data
[2022-04-23 14:22:44,507] {standard_task_runner.py:52} INFO - Started process 429 to run task
[2022-04-23 14:22:44,718] {logging_mixin.py:109} INFO - Running <TaskInstance: tutorial.gdgfg.gdgfg_proccess_data scheduled__2022-04-22T14:16:37.536651+00:00 [running]> on host ff48034dfdbf
[2022-04-23 14:22:44,842] {taskinstance.py:1426} INFO - Exporting the following env vars:
AIRFLOW_CTX_DAG_EMAIL=***@example.com
AIRFLOW_CTX_DAG_OWNER=***
AIRFLOW_CTX_DAG_ID=tutorial
AIRFLOW_CTX_TASK_ID=gdgfg.gdgfg_proccess_data
AIRFLOW_CTX_EXECUTION_DATE=2022-04-22T14:16:37.536651+00:00
AIRFLOW_CTX_DAG_RUN_ID=scheduled__2022-04-22T14:16:37.536651+00:00
[2022-04-23 14:23:44,865] {python.py:175} INFO - Done. Returned value was: None
[2022-04-23 14:23:44,926] {taskinstance.py:1277} INFO - Marking task as SUCCESS. dag_id=tutorial, task_id=gdgfg.gdgfg_proccess_data, execution_date=20220422T141637, start_date=20220423T142244, end_date=20220423T142344
[2022-04-23 14:23:45,065] {local_task_job.py:154} INFO - Task exited with return code 0
[2022-04-23 14:23:45,183] {local_task_job.py:264} INFO - 1 downstream tasks scheduled from follow-on schedule check
