[2022-03-14 12:09:20,480] {taskinstance.py:1032} INFO - Dependencies all met for <TaskInstance: tutorial.cat.cat_proccess_data scheduled__2022-03-13T12:05:20.517459+00:00 [queued]>
[2022-03-14 12:09:20,500] {taskinstance.py:1032} INFO - Dependencies all met for <TaskInstance: tutorial.cat.cat_proccess_data scheduled__2022-03-13T12:05:20.517459+00:00 [queued]>
[2022-03-14 12:09:20,502] {taskinstance.py:1238} INFO - 
--------------------------------------------------------------------------------
[2022-03-14 12:09:20,503] {taskinstance.py:1239} INFO - Starting attempt 1 of 2
[2022-03-14 12:09:20,504] {taskinstance.py:1240} INFO - 
--------------------------------------------------------------------------------
[2022-03-14 12:09:20,527] {taskinstance.py:1259} INFO - Executing <Task(PythonOperator): cat.cat_proccess_data> on 2022-03-13 12:05:20.517459+00:00
[2022-03-14 12:09:20,537] {standard_task_runner.py:52} INFO - Started process 1108 to run task
[2022-03-14 12:09:20,542] {standard_task_runner.py:76} INFO - Running: ['***', 'tasks', 'run', 'tutorial', 'cat.cat_proccess_data', 'scheduled__2022-03-13T12:05:20.517459+00:00', '--job-id', '855', '--raw', '--subdir', 'DAGS_FOLDER/test_dag.py', '--cfg-path', '/tmp/tmp8vkg1pty', '--error-file', '/tmp/tmpukl9d7vf']
[2022-03-14 12:09:20,544] {standard_task_runner.py:77} INFO - Job 855: Subtask cat.cat_proccess_data
[2022-03-14 12:09:20,642] {logging_mixin.py:109} INFO - Running <TaskInstance: tutorial.cat.cat_proccess_data scheduled__2022-03-13T12:05:20.517459+00:00 [running]> on host ff48034dfdbf
[2022-03-14 12:09:20,720] {taskinstance.py:1426} INFO - Exporting the following env vars:
AIRFLOW_CTX_DAG_EMAIL=***@example.com
AIRFLOW_CTX_DAG_OWNER=***
AIRFLOW_CTX_DAG_ID=tutorial
AIRFLOW_CTX_TASK_ID=cat.cat_proccess_data
AIRFLOW_CTX_EXECUTION_DATE=2022-03-13T12:05:20.517459+00:00
AIRFLOW_CTX_DAG_RUN_ID=scheduled__2022-03-13T12:05:20.517459+00:00
[2022-03-14 12:10:20,739] {python.py:175} INFO - Done. Returned value was: None
[2022-03-14 12:10:20,754] {taskinstance.py:1277} INFO - Marking task as SUCCESS. dag_id=tutorial, task_id=cat.cat_proccess_data, execution_date=20220313T120520, start_date=20220314T120920, end_date=20220314T121020
[2022-03-14 12:10:20,778] {local_task_job.py:154} INFO - Task exited with return code 0
[2022-03-14 12:10:20,821] {local_task_job.py:264} INFO - 1 downstream tasks scheduled from follow-on schedule check
