[2022-03-14 11:57:07,930] {taskinstance.py:1032} INFO - Dependencies all met for <TaskInstance: tutorial.cat.cat_proccess_data scheduled__2022-03-08T18:13:06.710203+00:00 [queued]>
[2022-03-14 11:57:07,964] {taskinstance.py:1032} INFO - Dependencies all met for <TaskInstance: tutorial.cat.cat_proccess_data scheduled__2022-03-08T18:13:06.710203+00:00 [queued]>
[2022-03-14 11:57:07,965] {taskinstance.py:1238} INFO - 
--------------------------------------------------------------------------------
[2022-03-14 11:57:07,966] {taskinstance.py:1239} INFO - Starting attempt 1 of 2
[2022-03-14 11:57:07,967] {taskinstance.py:1240} INFO - 
--------------------------------------------------------------------------------
[2022-03-14 11:57:07,989] {taskinstance.py:1259} INFO - Executing <Task(PythonOperator): cat.cat_proccess_data> on 2022-03-08 18:13:06.710203+00:00
[2022-03-14 11:57:07,999] {standard_task_runner.py:52} INFO - Started process 384 to run task
[2022-03-14 11:57:08,006] {standard_task_runner.py:76} INFO - Running: ['***', 'tasks', 'run', 'tutorial', 'cat.cat_proccess_data', 'scheduled__2022-03-08T18:13:06.710203+00:00', '--job-id', '734', '--raw', '--subdir', 'DAGS_FOLDER/test_dag.py', '--cfg-path', '/tmp/tmpjeyzgucs', '--error-file', '/tmp/tmph6y9ri7w']
[2022-03-14 11:57:08,008] {standard_task_runner.py:77} INFO - Job 734: Subtask cat.cat_proccess_data
[2022-03-14 11:57:08,156] {logging_mixin.py:109} INFO - Running <TaskInstance: tutorial.cat.cat_proccess_data scheduled__2022-03-08T18:13:06.710203+00:00 [running]> on host ff48034dfdbf
[2022-03-14 11:57:08,288] {taskinstance.py:1426} INFO - Exporting the following env vars:
AIRFLOW_CTX_DAG_EMAIL=***@example.com
AIRFLOW_CTX_DAG_OWNER=***
AIRFLOW_CTX_DAG_ID=tutorial
AIRFLOW_CTX_TASK_ID=cat.cat_proccess_data
AIRFLOW_CTX_EXECUTION_DATE=2022-03-08T18:13:06.710203+00:00
AIRFLOW_CTX_DAG_RUN_ID=scheduled__2022-03-08T18:13:06.710203+00:00
[2022-03-14 11:58:08,260] {python.py:175} INFO - Done. Returned value was: None
[2022-03-14 11:58:08,275] {taskinstance.py:1277} INFO - Marking task as SUCCESS. dag_id=tutorial, task_id=cat.cat_proccess_data, execution_date=20220308T181306, start_date=20220314T115707, end_date=20220314T115808
[2022-03-14 11:58:08,340] {local_task_job.py:154} INFO - Task exited with return code 0
[2022-03-14 11:58:08,380] {local_task_job.py:264} INFO - 1 downstream tasks scheduled from follow-on schedule check
