[2022-04-23 14:24:49,184] {taskinstance.py:1032} INFO - Dependencies all met for <TaskInstance: tutorial.fsqfqf.fsqfqf_print_proccesed_data scheduled__2022-04-22T14:16:25.734382+00:00 [queued]>
[2022-04-23 14:24:49,209] {taskinstance.py:1032} INFO - Dependencies all met for <TaskInstance: tutorial.fsqfqf.fsqfqf_print_proccesed_data scheduled__2022-04-22T14:16:25.734382+00:00 [queued]>
[2022-04-23 14:24:49,211] {taskinstance.py:1238} INFO - 
--------------------------------------------------------------------------------
[2022-04-23 14:24:49,212] {taskinstance.py:1239} INFO - Starting attempt 1 of 2
[2022-04-23 14:24:49,213] {taskinstance.py:1240} INFO - 
--------------------------------------------------------------------------------
[2022-04-23 14:24:49,229] {taskinstance.py:1259} INFO - Executing <Task(PythonOperator): fsqfqf.fsqfqf_print_proccesed_data> on 2022-04-22 14:16:25.734382+00:00
[2022-04-23 14:24:49,236] {standard_task_runner.py:52} INFO - Started process 541 to run task
[2022-04-23 14:24:49,240] {standard_task_runner.py:76} INFO - Running: ['***', 'tasks', 'run', 'tutorial', 'fsqfqf.fsqfqf_print_proccesed_data', 'scheduled__2022-04-22T14:16:25.734382+00:00', '--job-id', '1181', '--raw', '--subdir', 'DAGS_FOLDER/test_dag.py', '--cfg-path', '/tmp/tmpsbhv4vjd', '--error-file', '/tmp/tmpf_h490jm']
[2022-04-23 14:24:49,242] {standard_task_runner.py:77} INFO - Job 1181: Subtask fsqfqf.fsqfqf_print_proccesed_data
[2022-04-23 14:24:49,348] {logging_mixin.py:109} INFO - Running <TaskInstance: tutorial.fsqfqf.fsqfqf_print_proccesed_data scheduled__2022-04-22T14:16:25.734382+00:00 [running]> on host ff48034dfdbf
[2022-04-23 14:24:49,452] {taskinstance.py:1426} INFO - Exporting the following env vars:
AIRFLOW_CTX_DAG_EMAIL=***@example.com
AIRFLOW_CTX_DAG_OWNER=***
AIRFLOW_CTX_DAG_ID=tutorial
AIRFLOW_CTX_TASK_ID=fsqfqf.fsqfqf_print_proccesed_data
AIRFLOW_CTX_EXECUTION_DATE=2022-04-22T14:16:25.734382+00:00
AIRFLOW_CTX_DAG_RUN_ID=scheduled__2022-04-22T14:16:25.734382+00:00
[2022-04-23 14:25:49,471] {python.py:175} INFO - Done. Returned value was: None
[2022-04-23 14:25:49,771] {taskinstance.py:1277} INFO - Marking task as SUCCESS. dag_id=tutorial, task_id=fsqfqf.fsqfqf_print_proccesed_data, execution_date=20220422T141625, start_date=20220423T142449, end_date=20220423T142549
[2022-04-23 14:25:49,878] {local_task_job.py:154} INFO - Task exited with return code 0
[2022-04-23 14:25:49,991] {local_task_job.py:264} INFO - 0 downstream tasks scheduled from follow-on schedule check
