[2022-03-05 10:33:57,653] {taskinstance.py:1032} INFO - Dependencies all met for <TaskInstance: tutorial.cat.cat_print_proccesed_data scheduled__2022-03-04T10:29:52.784989+00:00 [queued]>
[2022-03-05 10:33:57,679] {taskinstance.py:1032} INFO - Dependencies all met for <TaskInstance: tutorial.cat.cat_print_proccesed_data scheduled__2022-03-04T10:29:52.784989+00:00 [queued]>
[2022-03-05 10:33:57,680] {taskinstance.py:1238} INFO - 
--------------------------------------------------------------------------------
[2022-03-05 10:33:57,681] {taskinstance.py:1239} INFO - Starting attempt 1 of 2
[2022-03-05 10:33:57,682] {taskinstance.py:1240} INFO - 
--------------------------------------------------------------------------------
[2022-03-05 10:33:57,707] {taskinstance.py:1259} INFO - Executing <Task(PythonOperator): cat.cat_print_proccesed_data> on 2022-03-04 10:29:52.784989+00:00
[2022-03-05 10:33:57,715] {standard_task_runner.py:52} INFO - Started process 717 to run task
[2022-03-05 10:33:57,722] {standard_task_runner.py:76} INFO - Running: ['***', 'tasks', 'run', 'tutorial', 'cat.cat_print_proccesed_data', 'scheduled__2022-03-04T10:29:52.784989+00:00', '--job-id', '580', '--raw', '--subdir', 'DAGS_FOLDER/test_dag.py', '--cfg-path', '/tmp/tmp1c8yk4_i', '--error-file', '/tmp/tmp5h8ccfaj']
[2022-03-05 10:33:57,724] {standard_task_runner.py:77} INFO - Job 580: Subtask cat.cat_print_proccesed_data
[2022-03-05 10:33:57,837] {logging_mixin.py:109} INFO - Running <TaskInstance: tutorial.cat.cat_print_proccesed_data scheduled__2022-03-04T10:29:52.784989+00:00 [running]> on host ff48034dfdbf
[2022-03-05 10:33:57,913] {taskinstance.py:1426} INFO - Exporting the following env vars:
AIRFLOW_CTX_DAG_EMAIL=***@example.com
AIRFLOW_CTX_DAG_OWNER=***
AIRFLOW_CTX_DAG_ID=tutorial
AIRFLOW_CTX_TASK_ID=cat.cat_print_proccesed_data
AIRFLOW_CTX_EXECUTION_DATE=2022-03-04T10:29:52.784989+00:00
AIRFLOW_CTX_DAG_RUN_ID=scheduled__2022-03-04T10:29:52.784989+00:00
[2022-03-05 10:34:57,903] {python.py:175} INFO - Done. Returned value was: None
[2022-03-05 10:34:57,927] {taskinstance.py:1277} INFO - Marking task as SUCCESS. dag_id=tutorial, task_id=cat.cat_print_proccesed_data, execution_date=20220304T102952, start_date=20220305T103357, end_date=20220305T103457
[2022-03-05 10:34:57,984] {local_task_job.py:154} INFO - Task exited with return code 0
[2022-03-05 10:34:58,015] {local_task_job.py:264} INFO - 0 downstream tasks scheduled from follow-on schedule check
