[2022-04-23 14:20:40,244] {taskinstance.py:1032} INFO - Dependencies all met for <TaskInstance: tutorial.hfghfg.hfghfg_proccess_data scheduled__2022-03-30T16:04:54.591828+00:00 [queued]>
[2022-04-23 14:20:40,283] {taskinstance.py:1032} INFO - Dependencies all met for <TaskInstance: tutorial.hfghfg.hfghfg_proccess_data scheduled__2022-03-30T16:04:54.591828+00:00 [queued]>
[2022-04-23 14:20:40,285] {taskinstance.py:1238} INFO - 
--------------------------------------------------------------------------------
[2022-04-23 14:20:40,288] {taskinstance.py:1239} INFO - Starting attempt 1 of 2
[2022-04-23 14:20:40,291] {taskinstance.py:1240} INFO - 
--------------------------------------------------------------------------------
[2022-04-23 14:20:40,327] {taskinstance.py:1259} INFO - Executing <Task(PythonOperator): hfghfg.hfghfg_proccess_data> on 2022-03-30 16:04:54.591828+00:00
[2022-04-23 14:20:40,336] {standard_task_runner.py:52} INFO - Started process 315 to run task
[2022-04-23 14:20:40,344] {standard_task_runner.py:76} INFO - Running: ['***', 'tasks', 'run', 'tutorial', 'hfghfg.hfghfg_proccess_data', 'scheduled__2022-03-30T16:04:54.591828+00:00', '--job-id', '1139', '--raw', '--subdir', 'DAGS_FOLDER/test_dag.py', '--cfg-path', '/tmp/tmp5yow2_77', '--error-file', '/tmp/tmpve49cc_t']
[2022-04-23 14:20:40,346] {standard_task_runner.py:77} INFO - Job 1139: Subtask hfghfg.hfghfg_proccess_data
[2022-04-23 14:20:40,495] {logging_mixin.py:109} INFO - Running <TaskInstance: tutorial.hfghfg.hfghfg_proccess_data scheduled__2022-03-30T16:04:54.591828+00:00 [running]> on host ff48034dfdbf
[2022-04-23 14:20:40,641] {taskinstance.py:1426} INFO - Exporting the following env vars:
AIRFLOW_CTX_DAG_EMAIL=***@example.com
AIRFLOW_CTX_DAG_OWNER=***
AIRFLOW_CTX_DAG_ID=tutorial
AIRFLOW_CTX_TASK_ID=hfghfg.hfghfg_proccess_data
AIRFLOW_CTX_EXECUTION_DATE=2022-03-30T16:04:54.591828+00:00
AIRFLOW_CTX_DAG_RUN_ID=scheduled__2022-03-30T16:04:54.591828+00:00
[2022-04-23 14:21:40,644] {python.py:175} INFO - Done. Returned value was: None
[2022-04-23 14:21:40,727] {taskinstance.py:1277} INFO - Marking task as SUCCESS. dag_id=tutorial, task_id=hfghfg.hfghfg_proccess_data, execution_date=20220330T160454, start_date=20220423T142040, end_date=20220423T142140
[2022-04-23 14:21:40,803] {local_task_job.py:154} INFO - Task exited with return code 0
[2022-04-23 14:21:40,998] {local_task_job.py:264} INFO - 0 downstream tasks scheduled from follow-on schedule check
