[2022-04-26 13:53:17,163] {taskinstance.py:1032} INFO - Dependencies all met for <TaskInstance: tutorial.cat.cat_get_data scheduled__2022-04-23T14:25:49.377068+00:00 [queued]>
[2022-04-26 13:53:17,192] {taskinstance.py:1032} INFO - Dependencies all met for <TaskInstance: tutorial.cat.cat_get_data scheduled__2022-04-23T14:25:49.377068+00:00 [queued]>
[2022-04-26 13:53:17,207] {taskinstance.py:1238} INFO - 
--------------------------------------------------------------------------------
[2022-04-26 13:53:17,208] {taskinstance.py:1239} INFO - Starting attempt 1 of 2
[2022-04-26 13:53:17,211] {taskinstance.py:1240} INFO - 
--------------------------------------------------------------------------------
[2022-04-26 13:53:17,236] {taskinstance.py:1259} INFO - Executing <Task(PythonOperator): cat.cat_get_data> on 2022-04-23 14:25:49.377068+00:00
[2022-04-26 13:53:17,278] {standard_task_runner.py:52} INFO - Started process 95 to run task
[2022-04-26 13:53:17,285] {standard_task_runner.py:76} INFO - Running: ['***', 'tasks', 'run', 'tutorial', 'cat.cat_get_data', 'scheduled__2022-04-23T14:25:49.377068+00:00', '--job-id', '1248', '--raw', '--subdir', 'DAGS_FOLDER/test_dag.py', '--cfg-path', '/tmp/tmp1pa72s1o', '--error-file', '/tmp/tmpz8q2ilzb']
[2022-04-26 13:53:17,304] {standard_task_runner.py:77} INFO - Job 1248: Subtask cat.cat_get_data
[2022-04-26 13:53:17,654] {logging_mixin.py:109} INFO - Running <TaskInstance: tutorial.cat.cat_get_data scheduled__2022-04-23T14:25:49.377068+00:00 [running]> on host ff48034dfdbf
[2022-04-26 13:53:17,888] {taskinstance.py:1426} INFO - Exporting the following env vars:
AIRFLOW_CTX_DAG_EMAIL=***@example.com
AIRFLOW_CTX_DAG_OWNER=***
AIRFLOW_CTX_DAG_ID=tutorial
AIRFLOW_CTX_TASK_ID=cat.cat_get_data
AIRFLOW_CTX_EXECUTION_DATE=2022-04-23T14:25:49.377068+00:00
AIRFLOW_CTX_DAG_RUN_ID=scheduled__2022-04-23T14:25:49.377068+00:00
[2022-04-26 13:54:17,910] {python.py:175} INFO - Done. Returned value was: None
[2022-04-26 13:54:17,971] {taskinstance.py:1277} INFO - Marking task as SUCCESS. dag_id=tutorial, task_id=cat.cat_get_data, execution_date=20220423T142549, start_date=20220426T135317, end_date=20220426T135417
[2022-04-26 13:54:18,080] {local_task_job.py:154} INFO - Task exited with return code 0
[2022-04-26 13:54:18,161] {local_task_job.py:264} INFO - 1 downstream tasks scheduled from follow-on schedule check
