[2022-02-26 11:38:18,648] {taskinstance.py:1032} INFO - Dependencies all met for <TaskInstance: tutorial.wcccw.wcccw_proccess_data scheduled__2022-02-24T21:44:04.431894+00:00 [queued]>
[2022-02-26 11:38:18,667] {taskinstance.py:1032} INFO - Dependencies all met for <TaskInstance: tutorial.wcccw.wcccw_proccess_data scheduled__2022-02-24T21:44:04.431894+00:00 [queued]>
[2022-02-26 11:38:18,669] {taskinstance.py:1238} INFO - 
--------------------------------------------------------------------------------
[2022-02-26 11:38:18,670] {taskinstance.py:1239} INFO - Starting attempt 1 of 2
[2022-02-26 11:38:18,671] {taskinstance.py:1240} INFO - 
--------------------------------------------------------------------------------
[2022-02-26 11:38:18,690] {taskinstance.py:1259} INFO - Executing <Task(PythonOperator): wcccw.wcccw_proccess_data> on 2022-02-24 21:44:04.431894+00:00
[2022-02-26 11:38:18,700] {standard_task_runner.py:52} INFO - Started process 206 to run task
[2022-02-26 11:38:18,706] {standard_task_runner.py:76} INFO - Running: ['***', 'tasks', 'run', 'tutorial', 'wcccw.wcccw_proccess_data', 'scheduled__2022-02-24T21:44:04.431894+00:00', '--job-id', '272', '--raw', '--subdir', 'DAGS_FOLDER/test_dag.py', '--cfg-path', '/tmp/tmpa1p_1oy_', '--error-file', '/tmp/tmp8289d0zs']
[2022-02-26 11:38:18,708] {standard_task_runner.py:77} INFO - Job 272: Subtask wcccw.wcccw_proccess_data
[2022-02-26 11:38:18,825] {logging_mixin.py:109} INFO - Running <TaskInstance: tutorial.wcccw.wcccw_proccess_data scheduled__2022-02-24T21:44:04.431894+00:00 [running]> on host ff48034dfdbf
[2022-02-26 11:38:18,960] {taskinstance.py:1426} INFO - Exporting the following env vars:
AIRFLOW_CTX_DAG_EMAIL=***@example.com
AIRFLOW_CTX_DAG_OWNER=***
AIRFLOW_CTX_DAG_ID=tutorial
AIRFLOW_CTX_TASK_ID=wcccw.wcccw_proccess_data
AIRFLOW_CTX_EXECUTION_DATE=2022-02-24T21:44:04.431894+00:00
AIRFLOW_CTX_DAG_RUN_ID=scheduled__2022-02-24T21:44:04.431894+00:00
[2022-02-26 11:39:18,974] {python.py:175} INFO - Done. Returned value was: None
[2022-02-26 11:39:19,012] {taskinstance.py:1277} INFO - Marking task as SUCCESS. dag_id=tutorial, task_id=wcccw.wcccw_proccess_data, execution_date=20220224T214404, start_date=20220226T113818, end_date=20220226T113919
[2022-02-26 11:39:19,066] {local_task_job.py:154} INFO - Task exited with return code 0
[2022-02-26 11:39:19,128] {local_task_job.py:264} INFO - 1 downstream tasks scheduled from follow-on schedule check
