[2022-03-07 19:53:26,783] {taskinstance.py:1032} INFO - Dependencies all met for <TaskInstance: tutorial.yryrty.yryrty_get_data scheduled__2022-03-06T10:29:52.784989+00:00 [queued]>
[2022-03-07 19:53:26,804] {taskinstance.py:1032} INFO - Dependencies all met for <TaskInstance: tutorial.yryrty.yryrty_get_data scheduled__2022-03-06T10:29:52.784989+00:00 [queued]>
[2022-03-07 19:53:26,805] {taskinstance.py:1238} INFO - 
--------------------------------------------------------------------------------
[2022-03-07 19:53:26,806] {taskinstance.py:1239} INFO - Starting attempt 1 of 2
[2022-03-07 19:53:26,808] {taskinstance.py:1240} INFO - 
--------------------------------------------------------------------------------
[2022-03-07 19:53:26,837] {taskinstance.py:1259} INFO - Executing <Task(PythonOperator): yryrty.yryrty_get_data> on 2022-03-06 10:29:52.784989+00:00
[2022-03-07 19:53:26,846] {standard_task_runner.py:52} INFO - Started process 82 to run task
[2022-03-07 19:53:26,854] {standard_task_runner.py:76} INFO - Running: ['***', 'tasks', 'run', 'tutorial', 'yryrty.yryrty_get_data', 'scheduled__2022-03-06T10:29:52.784989+00:00', '--job-id', '626', '--raw', '--subdir', 'DAGS_FOLDER/test_dag.py', '--cfg-path', '/tmp/tmp2knf3bt8', '--error-file', '/tmp/tmpvpnmcbxd']
[2022-03-07 19:53:26,855] {standard_task_runner.py:77} INFO - Job 626: Subtask yryrty.yryrty_get_data
[2022-03-07 19:53:26,998] {logging_mixin.py:109} INFO - Running <TaskInstance: tutorial.yryrty.yryrty_get_data scheduled__2022-03-06T10:29:52.784989+00:00 [running]> on host ff48034dfdbf
[2022-03-07 19:53:27,105] {taskinstance.py:1426} INFO - Exporting the following env vars:
AIRFLOW_CTX_DAG_EMAIL=***@example.com
AIRFLOW_CTX_DAG_OWNER=***
AIRFLOW_CTX_DAG_ID=tutorial
AIRFLOW_CTX_TASK_ID=yryrty.yryrty_get_data
AIRFLOW_CTX_EXECUTION_DATE=2022-03-06T10:29:52.784989+00:00
AIRFLOW_CTX_DAG_RUN_ID=scheduled__2022-03-06T10:29:52.784989+00:00
[2022-03-07 19:54:27,072] {python.py:175} INFO - Done. Returned value was: None
[2022-03-07 19:54:27,110] {taskinstance.py:1277} INFO - Marking task as SUCCESS. dag_id=tutorial, task_id=yryrty.yryrty_get_data, execution_date=20220306T102952, start_date=20220307T195326, end_date=20220307T195427
[2022-03-07 19:54:27,156] {local_task_job.py:154} INFO - Task exited with return code 0
[2022-03-07 19:54:27,220] {local_task_job.py:264} INFO - 1 downstream tasks scheduled from follow-on schedule check
