[2022-03-05 10:25:47,199] {taskinstance.py:1032} INFO - Dependencies all met for <TaskInstance: tutorial.dqsdqsd.dqsdqsd_proccess_data scheduled__2022-03-02T21:51:17.549420+00:00 [queued]>
[2022-03-05 10:25:47,225] {taskinstance.py:1032} INFO - Dependencies all met for <TaskInstance: tutorial.dqsdqsd.dqsdqsd_proccess_data scheduled__2022-03-02T21:51:17.549420+00:00 [queued]>
[2022-03-05 10:25:47,237] {taskinstance.py:1238} INFO - 
--------------------------------------------------------------------------------
[2022-03-05 10:25:47,241] {taskinstance.py:1239} INFO - Starting attempt 1 of 2
[2022-03-05 10:25:47,243] {taskinstance.py:1240} INFO - 
--------------------------------------------------------------------------------
[2022-03-05 10:25:47,266] {taskinstance.py:1259} INFO - Executing <Task(PythonOperator): dqsdqsd.dqsdqsd_proccess_data> on 2022-03-02 21:51:17.549420+00:00
[2022-03-05 10:25:47,275] {standard_task_runner.py:52} INFO - Started process 202 to run task
[2022-03-05 10:25:47,288] {standard_task_runner.py:76} INFO - Running: ['***', 'tasks', 'run', 'tutorial', 'dqsdqsd.dqsdqsd_proccess_data', 'scheduled__2022-03-02T21:51:17.549420+00:00', '--job-id', '500', '--raw', '--subdir', 'DAGS_FOLDER/test_dag.py', '--cfg-path', '/tmp/tmpyzifu9ig', '--error-file', '/tmp/tmp1akr1gxg']
[2022-03-05 10:25:47,292] {standard_task_runner.py:77} INFO - Job 500: Subtask dqsdqsd.dqsdqsd_proccess_data
[2022-03-05 10:25:47,462] {logging_mixin.py:109} INFO - Running <TaskInstance: tutorial.dqsdqsd.dqsdqsd_proccess_data scheduled__2022-03-02T21:51:17.549420+00:00 [running]> on host ff48034dfdbf
[2022-03-05 10:25:47,594] {taskinstance.py:1426} INFO - Exporting the following env vars:
AIRFLOW_CTX_DAG_EMAIL=***@example.com
AIRFLOW_CTX_DAG_OWNER=***
AIRFLOW_CTX_DAG_ID=tutorial
AIRFLOW_CTX_TASK_ID=dqsdqsd.dqsdqsd_proccess_data
AIRFLOW_CTX_EXECUTION_DATE=2022-03-02T21:51:17.549420+00:00
AIRFLOW_CTX_DAG_RUN_ID=scheduled__2022-03-02T21:51:17.549420+00:00
[2022-03-05 10:26:47,562] {python.py:175} INFO - Done. Returned value was: None
[2022-03-05 10:26:47,577] {taskinstance.py:1277} INFO - Marking task as SUCCESS. dag_id=tutorial, task_id=dqsdqsd.dqsdqsd_proccess_data, execution_date=20220302T215117, start_date=20220305T102547, end_date=20220305T102647
[2022-03-05 10:26:47,608] {local_task_job.py:154} INFO - Task exited with return code 0
[2022-03-05 10:26:47,645] {local_task_job.py:264} INFO - 1 downstream tasks scheduled from follow-on schedule check
