[2022-03-05 10:23:44,044] {taskinstance.py:1032} INFO - Dependencies all met for <TaskInstance: tutorial.pre.pre_get_data scheduled__2022-03-02T21:51:17.549420+00:00 [queued]>
[2022-03-05 10:23:44,070] {taskinstance.py:1032} INFO - Dependencies all met for <TaskInstance: tutorial.pre.pre_get_data scheduled__2022-03-02T21:51:17.549420+00:00 [queued]>
[2022-03-05 10:23:44,071] {taskinstance.py:1238} INFO - 
--------------------------------------------------------------------------------
[2022-03-05 10:23:44,073] {taskinstance.py:1239} INFO - Starting attempt 1 of 2
[2022-03-05 10:23:44,074] {taskinstance.py:1240} INFO - 
--------------------------------------------------------------------------------
[2022-03-05 10:23:44,096] {taskinstance.py:1259} INFO - Executing <Task(PythonOperator): pre.pre_get_data> on 2022-03-02 21:51:17.549420+00:00
[2022-03-05 10:23:44,103] {standard_task_runner.py:52} INFO - Started process 83 to run task
[2022-03-05 10:23:44,109] {standard_task_runner.py:76} INFO - Running: ['***', 'tasks', 'run', 'tutorial', 'pre.pre_get_data', 'scheduled__2022-03-02T21:51:17.549420+00:00', '--job-id', '483', '--raw', '--subdir', 'DAGS_FOLDER/test_dag.py', '--cfg-path', '/tmp/tmp6remk4kb', '--error-file', '/tmp/tmp16bqkd1r']
[2022-03-05 10:23:44,111] {standard_task_runner.py:77} INFO - Job 483: Subtask pre.pre_get_data
[2022-03-05 10:23:44,279] {logging_mixin.py:109} INFO - Running <TaskInstance: tutorial.pre.pre_get_data scheduled__2022-03-02T21:51:17.549420+00:00 [running]> on host ff48034dfdbf
[2022-03-05 10:23:44,435] {taskinstance.py:1426} INFO - Exporting the following env vars:
AIRFLOW_CTX_DAG_EMAIL=***@example.com
AIRFLOW_CTX_DAG_OWNER=***
AIRFLOW_CTX_DAG_ID=tutorial
AIRFLOW_CTX_TASK_ID=pre.pre_get_data
AIRFLOW_CTX_EXECUTION_DATE=2022-03-02T21:51:17.549420+00:00
AIRFLOW_CTX_DAG_RUN_ID=scheduled__2022-03-02T21:51:17.549420+00:00
[2022-03-05 10:24:44,414] {python.py:175} INFO - Done. Returned value was: None
[2022-03-05 10:24:44,458] {taskinstance.py:1277} INFO - Marking task as SUCCESS. dag_id=tutorial, task_id=pre.pre_get_data, execution_date=20220302T215117, start_date=20220305T102344, end_date=20220305T102444
[2022-03-05 10:24:44,509] {local_task_job.py:154} INFO - Task exited with return code 0
[2022-03-05 10:24:44,569] {local_task_job.py:264} INFO - 1 downstream tasks scheduled from follow-on schedule check
