[2022-03-14 11:59:11,376] {taskinstance.py:1032} INFO - Dependencies all met for <TaskInstance: tutorial.bsre.bsre_proccess_data scheduled__2022-03-13T11:51:30.016366+00:00 [queued]>
[2022-03-14 11:59:11,406] {taskinstance.py:1032} INFO - Dependencies all met for <TaskInstance: tutorial.bsre.bsre_proccess_data scheduled__2022-03-13T11:51:30.016366+00:00 [queued]>
[2022-03-14 11:59:11,409] {taskinstance.py:1238} INFO - 
--------------------------------------------------------------------------------
[2022-03-14 11:59:11,412] {taskinstance.py:1239} INFO - Starting attempt 1 of 2
[2022-03-14 11:59:11,415] {taskinstance.py:1240} INFO - 
--------------------------------------------------------------------------------
[2022-03-14 11:59:11,439] {taskinstance.py:1259} INFO - Executing <Task(PythonOperator): bsre.bsre_proccess_data> on 2022-03-13 11:51:30.016366+00:00
[2022-03-14 11:59:11,450] {standard_task_runner.py:52} INFO - Started process 512 to run task
[2022-03-14 11:59:11,459] {standard_task_runner.py:76} INFO - Running: ['***', 'tasks', 'run', 'tutorial', 'bsre.bsre_proccess_data', 'scheduled__2022-03-13T11:51:30.016366+00:00', '--job-id', '756', '--raw', '--subdir', 'DAGS_FOLDER/test_dag.py', '--cfg-path', '/tmp/tmp_q6klz4z', '--error-file', '/tmp/tmpx4j569n9']
[2022-03-14 11:59:11,462] {standard_task_runner.py:77} INFO - Job 756: Subtask bsre.bsre_proccess_data
[2022-03-14 11:59:11,601] {logging_mixin.py:109} INFO - Running <TaskInstance: tutorial.bsre.bsre_proccess_data scheduled__2022-03-13T11:51:30.016366+00:00 [running]> on host ff48034dfdbf
[2022-03-14 11:59:11,704] {taskinstance.py:1426} INFO - Exporting the following env vars:
AIRFLOW_CTX_DAG_EMAIL=***@example.com
AIRFLOW_CTX_DAG_OWNER=***
AIRFLOW_CTX_DAG_ID=tutorial
AIRFLOW_CTX_TASK_ID=bsre.bsre_proccess_data
AIRFLOW_CTX_EXECUTION_DATE=2022-03-13T11:51:30.016366+00:00
AIRFLOW_CTX_DAG_RUN_ID=scheduled__2022-03-13T11:51:30.016366+00:00
[2022-03-14 12:00:11,724] {python.py:175} INFO - Done. Returned value was: None
[2022-03-14 12:00:11,741] {taskinstance.py:1277} INFO - Marking task as SUCCESS. dag_id=tutorial, task_id=bsre.bsre_proccess_data, execution_date=20220313T115130, start_date=20220314T115911, end_date=20220314T120011
[2022-03-14 12:00:11,802] {local_task_job.py:154} INFO - Task exited with return code 0
[2022-03-14 12:00:11,848] {local_task_job.py:264} INFO - 1 downstream tasks scheduled from follow-on schedule check
