[2022-03-01 19:11:08,052] {taskinstance.py:1032} INFO - Dependencies all met for <TaskInstance: tutorial.yryrty.yryrty_print_proccesed_data scheduled__2022-02-27T21:51:17.549420+00:00 [queued]>
[2022-03-01 19:11:08,081] {taskinstance.py:1032} INFO - Dependencies all met for <TaskInstance: tutorial.yryrty.yryrty_print_proccesed_data scheduled__2022-02-27T21:51:17.549420+00:00 [queued]>
[2022-03-01 19:11:08,083] {taskinstance.py:1238} INFO - 
--------------------------------------------------------------------------------
[2022-03-01 19:11:08,084] {taskinstance.py:1239} INFO - Starting attempt 1 of 2
[2022-03-01 19:11:08,085] {taskinstance.py:1240} INFO - 
--------------------------------------------------------------------------------
[2022-03-01 19:11:08,109] {taskinstance.py:1259} INFO - Executing <Task(PythonOperator): yryrty.yryrty_print_proccesed_data> on 2022-02-27 21:51:17.549420+00:00
[2022-03-01 19:11:08,118] {standard_task_runner.py:52} INFO - Started process 207 to run task
[2022-03-01 19:11:08,127] {standard_task_runner.py:76} INFO - Running: ['***', 'tasks', 'run', 'tutorial', 'yryrty.yryrty_print_proccesed_data', 'scheduled__2022-02-27T21:51:17.549420+00:00', '--job-id', '389', '--raw', '--subdir', 'DAGS_FOLDER/test_dag.py', '--cfg-path', '/tmp/tmpu8dk3872', '--error-file', '/tmp/tmp_u0enho6']
[2022-03-01 19:11:08,129] {standard_task_runner.py:77} INFO - Job 389: Subtask yryrty.yryrty_print_proccesed_data
[2022-03-01 19:11:08,259] {logging_mixin.py:109} INFO - Running <TaskInstance: tutorial.yryrty.yryrty_print_proccesed_data scheduled__2022-02-27T21:51:17.549420+00:00 [running]> on host ff48034dfdbf
[2022-03-01 19:11:08,354] {taskinstance.py:1426} INFO - Exporting the following env vars:
AIRFLOW_CTX_DAG_EMAIL=***@example.com
AIRFLOW_CTX_DAG_OWNER=***
AIRFLOW_CTX_DAG_ID=tutorial
AIRFLOW_CTX_TASK_ID=yryrty.yryrty_print_proccesed_data
AIRFLOW_CTX_EXECUTION_DATE=2022-02-27T21:51:17.549420+00:00
AIRFLOW_CTX_DAG_RUN_ID=scheduled__2022-02-27T21:51:17.549420+00:00
[2022-03-01 19:12:08,372] {python.py:175} INFO - Done. Returned value was: None
[2022-03-01 19:12:08,437] {taskinstance.py:1277} INFO - Marking task as SUCCESS. dag_id=tutorial, task_id=yryrty.yryrty_print_proccesed_data, execution_date=20220227T215117, start_date=20220301T191108, end_date=20220301T191208
[2022-03-01 19:12:08,481] {local_task_job.py:154} INFO - Task exited with return code 0
[2022-03-01 19:12:08,728] {local_task_job.py:264} INFO - 0 downstream tasks scheduled from follow-on schedule check
