[2022-02-24 21:47:10,519] {taskinstance.py:1032} INFO - Dependencies all met for <TaskInstance: tutorial.yryrty.yryrty_print_proccesed_data scheduled__2022-02-23T21:44:04.431894+00:00 [queued]>
[2022-02-24 21:47:10,537] {taskinstance.py:1032} INFO - Dependencies all met for <TaskInstance: tutorial.yryrty.yryrty_print_proccesed_data scheduled__2022-02-23T21:44:04.431894+00:00 [queued]>
[2022-02-24 21:47:10,539] {taskinstance.py:1238} INFO - 
--------------------------------------------------------------------------------
[2022-02-24 21:47:10,540] {taskinstance.py:1239} INFO - Starting attempt 1 of 2
[2022-02-24 21:47:10,541] {taskinstance.py:1240} INFO - 
--------------------------------------------------------------------------------
[2022-02-24 21:47:10,560] {taskinstance.py:1259} INFO - Executing <Task(PythonOperator): yryrty.yryrty_print_proccesed_data> on 2022-02-23 21:44:04.431894+00:00
[2022-02-24 21:47:10,568] {standard_task_runner.py:52} INFO - Started process 7928 to run task
[2022-02-24 21:47:10,574] {standard_task_runner.py:76} INFO - Running: ['***', 'tasks', 'run', 'tutorial', 'yryrty.yryrty_print_proccesed_data', 'scheduled__2022-02-23T21:44:04.431894+00:00', '--job-id', '243', '--raw', '--subdir', 'DAGS_FOLDER/test_dag.py', '--cfg-path', '/tmp/tmp0xra4on6', '--error-file', '/tmp/tmpd1zuan5o']
[2022-02-24 21:47:10,576] {standard_task_runner.py:77} INFO - Job 243: Subtask yryrty.yryrty_print_proccesed_data
[2022-02-24 21:47:10,725] {logging_mixin.py:109} INFO - Running <TaskInstance: tutorial.yryrty.yryrty_print_proccesed_data scheduled__2022-02-23T21:44:04.431894+00:00 [running]> on host ff48034dfdbf
[2022-02-24 21:47:10,841] {taskinstance.py:1426} INFO - Exporting the following env vars:
AIRFLOW_CTX_DAG_EMAIL=***@example.com
AIRFLOW_CTX_DAG_OWNER=***
AIRFLOW_CTX_DAG_ID=tutorial
AIRFLOW_CTX_TASK_ID=yryrty.yryrty_print_proccesed_data
AIRFLOW_CTX_EXECUTION_DATE=2022-02-23T21:44:04.431894+00:00
AIRFLOW_CTX_DAG_RUN_ID=scheduled__2022-02-23T21:44:04.431894+00:00
[2022-02-24 21:48:10,833] {python.py:175} INFO - Done. Returned value was: None
[2022-02-24 21:48:10,858] {taskinstance.py:1277} INFO - Marking task as SUCCESS. dag_id=tutorial, task_id=yryrty.yryrty_print_proccesed_data, execution_date=20220223T214404, start_date=20220224T214710, end_date=20220224T214810
[2022-02-24 21:48:10,903] {local_task_job.py:154} INFO - Task exited with return code 0
[2022-02-24 21:48:10,964] {local_task_job.py:264} INFO - 0 downstream tasks scheduled from follow-on schedule check
