[2022-02-27 17:18:56,027] {taskinstance.py:1032} INFO - Dependencies all met for <TaskInstance: tutorial.jghjg.jghjg_proccess_data scheduled__2022-02-25T21:44:04.431894+00:00 [queued]>
[2022-02-27 17:18:56,047] {taskinstance.py:1032} INFO - Dependencies all met for <TaskInstance: tutorial.jghjg.jghjg_proccess_data scheduled__2022-02-25T21:44:04.431894+00:00 [queued]>
[2022-02-27 17:18:56,049] {taskinstance.py:1238} INFO - 
--------------------------------------------------------------------------------
[2022-02-27 17:18:56,050] {taskinstance.py:1239} INFO - Starting attempt 1 of 2
[2022-02-27 17:18:56,051] {taskinstance.py:1240} INFO - 
--------------------------------------------------------------------------------
[2022-02-27 17:18:56,068] {taskinstance.py:1259} INFO - Executing <Task(PythonOperator): jghjg.jghjg_proccess_data> on 2022-02-25 21:44:04.431894+00:00
[2022-02-27 17:18:56,074] {standard_task_runner.py:52} INFO - Started process 151 to run task
[2022-02-27 17:18:56,079] {standard_task_runner.py:76} INFO - Running: ['***', 'tasks', 'run', 'tutorial', 'jghjg.jghjg_proccess_data', 'scheduled__2022-02-25T21:44:04.431894+00:00', '--job-id', '306', '--raw', '--subdir', 'DAGS_FOLDER/test_dag.py', '--cfg-path', '/tmp/tmpitc9l3vd', '--error-file', '/tmp/tmp2tix7bfy']
[2022-02-27 17:18:56,080] {standard_task_runner.py:77} INFO - Job 306: Subtask jghjg.jghjg_proccess_data
[2022-02-27 17:18:56,195] {logging_mixin.py:109} INFO - Running <TaskInstance: tutorial.jghjg.jghjg_proccess_data scheduled__2022-02-25T21:44:04.431894+00:00 [running]> on host ff48034dfdbf
[2022-02-27 17:18:56,298] {taskinstance.py:1426} INFO - Exporting the following env vars:
AIRFLOW_CTX_DAG_EMAIL=***@example.com
AIRFLOW_CTX_DAG_OWNER=***
AIRFLOW_CTX_DAG_ID=tutorial
AIRFLOW_CTX_TASK_ID=jghjg.jghjg_proccess_data
AIRFLOW_CTX_EXECUTION_DATE=2022-02-25T21:44:04.431894+00:00
AIRFLOW_CTX_DAG_RUN_ID=scheduled__2022-02-25T21:44:04.431894+00:00
[2022-02-27 17:19:56,282] {python.py:175} INFO - Done. Returned value was: None
[2022-02-27 17:19:56,464] {taskinstance.py:1277} INFO - Marking task as SUCCESS. dag_id=tutorial, task_id=jghjg.jghjg_proccess_data, execution_date=20220225T214404, start_date=20220227T171856, end_date=20220227T171956
[2022-02-27 17:19:56,522] {local_task_job.py:154} INFO - Task exited with return code 0
[2022-02-27 17:19:56,616] {local_task_job.py:264} INFO - 1 downstream tasks scheduled from follow-on schedule check
