[2022-04-23 14:19:37,476] {taskinstance.py:1032} INFO - Dependencies all met for <TaskInstance: tutorial.cat.cat_proccess_data scheduled__2022-03-30T16:04:54.591828+00:00 [queued]>
[2022-04-23 14:19:37,512] {taskinstance.py:1032} INFO - Dependencies all met for <TaskInstance: tutorial.cat.cat_proccess_data scheduled__2022-03-30T16:04:54.591828+00:00 [queued]>
[2022-04-23 14:19:37,513] {taskinstance.py:1238} INFO - 
--------------------------------------------------------------------------------
[2022-04-23 14:19:37,515] {taskinstance.py:1239} INFO - Starting attempt 1 of 2
[2022-04-23 14:19:37,517] {taskinstance.py:1240} INFO - 
--------------------------------------------------------------------------------
[2022-04-23 14:19:37,554] {taskinstance.py:1259} INFO - Executing <Task(PythonOperator): cat.cat_proccess_data> on 2022-03-30 16:04:54.591828+00:00
[2022-04-23 14:19:37,564] {standard_task_runner.py:52} INFO - Started process 254 to run task
[2022-04-23 14:19:37,583] {standard_task_runner.py:76} INFO - Running: ['***', 'tasks', 'run', 'tutorial', 'cat.cat_proccess_data', 'scheduled__2022-03-30T16:04:54.591828+00:00', '--job-id', '1125', '--raw', '--subdir', 'DAGS_FOLDER/test_dag.py', '--cfg-path', '/tmp/tmp4ov9_f_x', '--error-file', '/tmp/tmpqerul73i']
[2022-04-23 14:19:37,587] {standard_task_runner.py:77} INFO - Job 1125: Subtask cat.cat_proccess_data
[2022-04-23 14:19:37,817] {logging_mixin.py:109} INFO - Running <TaskInstance: tutorial.cat.cat_proccess_data scheduled__2022-03-30T16:04:54.591828+00:00 [running]> on host ff48034dfdbf
[2022-04-23 14:19:37,997] {taskinstance.py:1426} INFO - Exporting the following env vars:
AIRFLOW_CTX_DAG_EMAIL=***@example.com
AIRFLOW_CTX_DAG_OWNER=***
AIRFLOW_CTX_DAG_ID=tutorial
AIRFLOW_CTX_TASK_ID=cat.cat_proccess_data
AIRFLOW_CTX_EXECUTION_DATE=2022-03-30T16:04:54.591828+00:00
AIRFLOW_CTX_DAG_RUN_ID=scheduled__2022-03-30T16:04:54.591828+00:00
[2022-04-23 14:20:38,017] {python.py:175} INFO - Done. Returned value was: None
[2022-04-23 14:20:38,084] {taskinstance.py:1277} INFO - Marking task as SUCCESS. dag_id=tutorial, task_id=cat.cat_proccess_data, execution_date=20220330T160454, start_date=20220423T141937, end_date=20220423T142038
[2022-04-23 14:20:38,157] {local_task_job.py:154} INFO - Task exited with return code 0
[2022-04-23 14:20:38,283] {local_task_job.py:264} INFO - 1 downstream tasks scheduled from follow-on schedule check
