[2022-02-21 18:33:51,657] {taskinstance.py:1032} INFO - Dependencies all met for <TaskInstance: tutorial.hfghfg.hfghfg_print_proccesed_data scheduled__2022-02-20T17:28:01.321646+00:00 [queued]>
[2022-02-21 18:33:51,696] {taskinstance.py:1032} INFO - Dependencies all met for <TaskInstance: tutorial.hfghfg.hfghfg_print_proccesed_data scheduled__2022-02-20T17:28:01.321646+00:00 [queued]>
[2022-02-21 18:33:51,698] {taskinstance.py:1238} INFO - 
--------------------------------------------------------------------------------
[2022-02-21 18:33:51,699] {taskinstance.py:1239} INFO - Starting attempt 1 of 2
[2022-02-21 18:33:51,700] {taskinstance.py:1240} INFO - 
--------------------------------------------------------------------------------
[2022-02-21 18:33:51,728] {taskinstance.py:1259} INFO - Executing <Task(PythonOperator): hfghfg.hfghfg_print_proccesed_data> on 2022-02-20 17:28:01.321646+00:00
[2022-02-21 18:33:51,736] {standard_task_runner.py:52} INFO - Started process 265 to run task
[2022-02-21 18:33:51,745] {standard_task_runner.py:76} INFO - Running: ['***', 'tasks', 'run', 'tutorial', 'hfghfg.hfghfg_print_proccesed_data', 'scheduled__2022-02-20T17:28:01.321646+00:00', '--job-id', '95', '--raw', '--subdir', 'DAGS_FOLDER/test_dag.py', '--cfg-path', '/tmp/tmpx774m8i8', '--error-file', '/tmp/tmp4bj2wjzn']
[2022-02-21 18:33:51,747] {standard_task_runner.py:77} INFO - Job 95: Subtask hfghfg.hfghfg_print_proccesed_data
[2022-02-21 18:33:51,861] {logging_mixin.py:109} INFO - Running <TaskInstance: tutorial.hfghfg.hfghfg_print_proccesed_data scheduled__2022-02-20T17:28:01.321646+00:00 [running]> on host ff48034dfdbf
[2022-02-21 18:33:51,980] {taskinstance.py:1426} INFO - Exporting the following env vars:
AIRFLOW_CTX_DAG_EMAIL=***@example.com
AIRFLOW_CTX_DAG_OWNER=***
AIRFLOW_CTX_DAG_ID=tutorial
AIRFLOW_CTX_TASK_ID=hfghfg.hfghfg_print_proccesed_data
AIRFLOW_CTX_EXECUTION_DATE=2022-02-20T17:28:01.321646+00:00
AIRFLOW_CTX_DAG_RUN_ID=scheduled__2022-02-20T17:28:01.321646+00:00
[2022-02-21 18:34:51,993] {python.py:175} INFO - Done. Returned value was: None
[2022-02-21 18:34:52,025] {taskinstance.py:1277} INFO - Marking task as SUCCESS. dag_id=tutorial, task_id=hfghfg.hfghfg_print_proccesed_data, execution_date=20220220T172801, start_date=20220221T183351, end_date=20220221T183452
[2022-02-21 18:34:52,073] {local_task_job.py:154} INFO - Task exited with return code 0
[2022-02-21 18:34:52,112] {local_task_job.py:264} INFO - 0 downstream tasks scheduled from follow-on schedule check
