[2022-02-27 17:18:55,334] {taskinstance.py:1032} INFO - Dependencies all met for <TaskInstance: tutorial.gdgfg.gdgfg_proccess_data scheduled__2022-02-25T21:44:04.431894+00:00 [queued]>
[2022-02-27 17:18:55,359] {taskinstance.py:1032} INFO - Dependencies all met for <TaskInstance: tutorial.gdgfg.gdgfg_proccess_data scheduled__2022-02-25T21:44:04.431894+00:00 [queued]>
[2022-02-27 17:18:55,360] {taskinstance.py:1238} INFO - 
--------------------------------------------------------------------------------
[2022-02-27 17:18:55,362] {taskinstance.py:1239} INFO - Starting attempt 1 of 2
[2022-02-27 17:18:55,363] {taskinstance.py:1240} INFO - 
--------------------------------------------------------------------------------
[2022-02-27 17:18:55,382] {taskinstance.py:1259} INFO - Executing <Task(PythonOperator): gdgfg.gdgfg_proccess_data> on 2022-02-25 21:44:04.431894+00:00
[2022-02-27 17:18:55,389] {standard_task_runner.py:52} INFO - Started process 141 to run task
[2022-02-27 17:18:55,397] {standard_task_runner.py:76} INFO - Running: ['***', 'tasks', 'run', 'tutorial', 'gdgfg.gdgfg_proccess_data', 'scheduled__2022-02-25T21:44:04.431894+00:00', '--job-id', '301', '--raw', '--subdir', 'DAGS_FOLDER/test_dag.py', '--cfg-path', '/tmp/tmplh6r35ij', '--error-file', '/tmp/tmp4d4lk595']
[2022-02-27 17:18:55,399] {standard_task_runner.py:77} INFO - Job 301: Subtask gdgfg.gdgfg_proccess_data
[2022-02-27 17:18:55,523] {logging_mixin.py:109} INFO - Running <TaskInstance: tutorial.gdgfg.gdgfg_proccess_data scheduled__2022-02-25T21:44:04.431894+00:00 [running]> on host ff48034dfdbf
[2022-02-27 17:18:55,671] {taskinstance.py:1426} INFO - Exporting the following env vars:
AIRFLOW_CTX_DAG_EMAIL=***@example.com
AIRFLOW_CTX_DAG_OWNER=***
AIRFLOW_CTX_DAG_ID=tutorial
AIRFLOW_CTX_TASK_ID=gdgfg.gdgfg_proccess_data
AIRFLOW_CTX_EXECUTION_DATE=2022-02-25T21:44:04.431894+00:00
AIRFLOW_CTX_DAG_RUN_ID=scheduled__2022-02-25T21:44:04.431894+00:00
[2022-02-27 17:19:55,654] {python.py:175} INFO - Done. Returned value was: None
[2022-02-27 17:19:55,670] {taskinstance.py:1277} INFO - Marking task as SUCCESS. dag_id=tutorial, task_id=gdgfg.gdgfg_proccess_data, execution_date=20220225T214404, start_date=20220227T171855, end_date=20220227T171955
[2022-02-27 17:19:55,716] {local_task_job.py:154} INFO - Task exited with return code 0
[2022-02-27 17:19:55,759] {local_task_job.py:264} INFO - 1 downstream tasks scheduled from follow-on schedule check
