[2022-03-14 12:07:22,518] {taskinstance.py:1032} INFO - Dependencies all met for <TaskInstance: tutorial.dqsdqsd.dqsdqsd_proccess_data scheduled__2022-03-13T12:04:19.461189+00:00 [queued]>
[2022-03-14 12:07:22,549] {taskinstance.py:1032} INFO - Dependencies all met for <TaskInstance: tutorial.dqsdqsd.dqsdqsd_proccess_data scheduled__2022-03-13T12:04:19.461189+00:00 [queued]>
[2022-03-14 12:07:22,551] {taskinstance.py:1238} INFO - 
--------------------------------------------------------------------------------
[2022-03-14 12:07:22,553] {taskinstance.py:1239} INFO - Starting attempt 1 of 2
[2022-03-14 12:07:22,555] {taskinstance.py:1240} INFO - 
--------------------------------------------------------------------------------
[2022-03-14 12:07:22,598] {taskinstance.py:1259} INFO - Executing <Task(PythonOperator): dqsdqsd.dqsdqsd_proccess_data> on 2022-03-13 12:04:19.461189+00:00
[2022-03-14 12:07:22,608] {standard_task_runner.py:52} INFO - Started process 998 to run task
[2022-03-14 12:07:22,615] {standard_task_runner.py:76} INFO - Running: ['***', 'tasks', 'run', 'tutorial', 'dqsdqsd.dqsdqsd_proccess_data', 'scheduled__2022-03-13T12:04:19.461189+00:00', '--job-id', '837', '--raw', '--subdir', 'DAGS_FOLDER/test_dag.py', '--cfg-path', '/tmp/tmp0iyg30er', '--error-file', '/tmp/tmpierdsko0']
[2022-03-14 12:07:22,617] {standard_task_runner.py:77} INFO - Job 837: Subtask dqsdqsd.dqsdqsd_proccess_data
[2022-03-14 12:07:22,735] {logging_mixin.py:109} INFO - Running <TaskInstance: tutorial.dqsdqsd.dqsdqsd_proccess_data scheduled__2022-03-13T12:04:19.461189+00:00 [running]> on host ff48034dfdbf
[2022-03-14 12:07:22,844] {taskinstance.py:1426} INFO - Exporting the following env vars:
AIRFLOW_CTX_DAG_EMAIL=***@example.com
AIRFLOW_CTX_DAG_OWNER=***
AIRFLOW_CTX_DAG_ID=tutorial
AIRFLOW_CTX_TASK_ID=dqsdqsd.dqsdqsd_proccess_data
AIRFLOW_CTX_EXECUTION_DATE=2022-03-13T12:04:19.461189+00:00
AIRFLOW_CTX_DAG_RUN_ID=scheduled__2022-03-13T12:04:19.461189+00:00
[2022-03-14 12:08:22,863] {python.py:175} INFO - Done. Returned value was: None
[2022-03-14 12:08:22,879] {taskinstance.py:1277} INFO - Marking task as SUCCESS. dag_id=tutorial, task_id=dqsdqsd.dqsdqsd_proccess_data, execution_date=20220313T120419, start_date=20220314T120722, end_date=20220314T120822
[2022-03-14 12:08:22,950] {local_task_job.py:154} INFO - Task exited with return code 0
[2022-03-14 12:08:22,990] {local_task_job.py:264} INFO - 1 downstream tasks scheduled from follow-on schedule check
