[2022-02-23 21:47:07,840] {taskinstance.py:1032} INFO - Dependencies all met for <TaskInstance: tutorial.wcccw.wcccw_proccess_data scheduled__2022-02-22T21:44:04.027723+00:00 [queued]>
[2022-02-23 21:47:07,858] {taskinstance.py:1032} INFO - Dependencies all met for <TaskInstance: tutorial.wcccw.wcccw_proccess_data scheduled__2022-02-22T21:44:04.027723+00:00 [queued]>
[2022-02-23 21:47:07,859] {taskinstance.py:1238} INFO - 
--------------------------------------------------------------------------------
[2022-02-23 21:47:07,860] {taskinstance.py:1239} INFO - Starting attempt 1 of 2
[2022-02-23 21:47:07,861] {taskinstance.py:1240} INFO - 
--------------------------------------------------------------------------------
[2022-02-23 21:47:07,877] {taskinstance.py:1259} INFO - Executing <Task(PythonOperator): wcccw.wcccw_proccess_data> on 2022-02-22 21:44:04.027723+00:00
[2022-02-23 21:47:07,883] {standard_task_runner.py:52} INFO - Started process 649 to run task
[2022-02-23 21:47:07,890] {standard_task_runner.py:76} INFO - Running: ['***', 'tasks', 'run', 'tutorial', 'wcccw.wcccw_proccess_data', 'scheduled__2022-02-22T21:44:04.027723+00:00', '--job-id', '195', '--raw', '--subdir', 'DAGS_FOLDER/test_dag.py', '--cfg-path', '/tmp/tmpsam349mf', '--error-file', '/tmp/tmpme1j6098']
[2022-02-23 21:47:07,891] {standard_task_runner.py:77} INFO - Job 195: Subtask wcccw.wcccw_proccess_data
[2022-02-23 21:47:08,011] {logging_mixin.py:109} INFO - Running <TaskInstance: tutorial.wcccw.wcccw_proccess_data scheduled__2022-02-22T21:44:04.027723+00:00 [running]> on host ff48034dfdbf
[2022-02-23 21:47:08,143] {taskinstance.py:1426} INFO - Exporting the following env vars:
AIRFLOW_CTX_DAG_EMAIL=***@example.com
AIRFLOW_CTX_DAG_OWNER=***
AIRFLOW_CTX_DAG_ID=tutorial
AIRFLOW_CTX_TASK_ID=wcccw.wcccw_proccess_data
AIRFLOW_CTX_EXECUTION_DATE=2022-02-22T21:44:04.027723+00:00
AIRFLOW_CTX_DAG_RUN_ID=scheduled__2022-02-22T21:44:04.027723+00:00
[2022-02-23 21:48:08,105] {python.py:175} INFO - Done. Returned value was: None
[2022-02-23 21:48:08,121] {taskinstance.py:1277} INFO - Marking task as SUCCESS. dag_id=tutorial, task_id=wcccw.wcccw_proccess_data, execution_date=20220222T214404, start_date=20220223T214707, end_date=20220223T214808
[2022-02-23 21:48:08,174] {local_task_job.py:154} INFO - Task exited with return code 0
[2022-02-23 21:48:08,229] {local_task_job.py:264} INFO - 0 downstream tasks scheduled from follow-on schedule check
