[2022-03-14 12:06:24,044] {taskinstance.py:1032} INFO - Dependencies all met for <TaskInstance: tutorial.yryrty.yryrty_get_data scheduled__2022-03-13T12:05:20.517459+00:00 [queued]>
[2022-03-14 12:06:24,065] {taskinstance.py:1032} INFO - Dependencies all met for <TaskInstance: tutorial.yryrty.yryrty_get_data scheduled__2022-03-13T12:05:20.517459+00:00 [queued]>
[2022-03-14 12:06:24,067] {taskinstance.py:1238} INFO - 
--------------------------------------------------------------------------------
[2022-03-14 12:06:24,069] {taskinstance.py:1239} INFO - Starting attempt 1 of 2
[2022-03-14 12:06:24,070] {taskinstance.py:1240} INFO - 
--------------------------------------------------------------------------------
[2022-03-14 12:06:24,089] {taskinstance.py:1259} INFO - Executing <Task(PythonOperator): yryrty.yryrty_get_data> on 2022-03-13 12:05:20.517459+00:00
[2022-03-14 12:06:24,098] {standard_task_runner.py:52} INFO - Started process 944 to run task
[2022-03-14 12:06:24,105] {standard_task_runner.py:76} INFO - Running: ['***', 'tasks', 'run', 'tutorial', 'yryrty.yryrty_get_data', 'scheduled__2022-03-13T12:05:20.517459+00:00', '--job-id', '833', '--raw', '--subdir', 'DAGS_FOLDER/test_dag.py', '--cfg-path', '/tmp/tmpo3hp4v8n', '--error-file', '/tmp/tmpz57af440']
[2022-03-14 12:06:24,107] {standard_task_runner.py:77} INFO - Job 833: Subtask yryrty.yryrty_get_data
[2022-03-14 12:06:24,231] {logging_mixin.py:109} INFO - Running <TaskInstance: tutorial.yryrty.yryrty_get_data scheduled__2022-03-13T12:05:20.517459+00:00 [running]> on host ff48034dfdbf
[2022-03-14 12:06:24,309] {taskinstance.py:1426} INFO - Exporting the following env vars:
AIRFLOW_CTX_DAG_EMAIL=***@example.com
AIRFLOW_CTX_DAG_OWNER=***
AIRFLOW_CTX_DAG_ID=tutorial
AIRFLOW_CTX_TASK_ID=yryrty.yryrty_get_data
AIRFLOW_CTX_EXECUTION_DATE=2022-03-13T12:05:20.517459+00:00
AIRFLOW_CTX_DAG_RUN_ID=scheduled__2022-03-13T12:05:20.517459+00:00
[2022-03-14 12:07:24,317] {python.py:175} INFO - Done. Returned value was: None
[2022-03-14 12:07:24,406] {taskinstance.py:1277} INFO - Marking task as SUCCESS. dag_id=tutorial, task_id=yryrty.yryrty_get_data, execution_date=20220313T120520, start_date=20220314T120624, end_date=20220314T120724
[2022-03-14 12:07:24,465] {local_task_job.py:154} INFO - Task exited with return code 0
[2022-03-14 12:07:24,539] {local_task_job.py:264} INFO - 1 downstream tasks scheduled from follow-on schedule check
