[2022-04-28 15:35:05,891] {taskinstance.py:1032} INFO - Dependencies all met for <TaskInstance: cdn_daily.import_cat.run_cat.alm manual__2022-04-28T15:35:02.887842+00:00 [queued]>
[2022-04-28 15:35:05,912] {taskinstance.py:1032} INFO - Dependencies all met for <TaskInstance: cdn_daily.import_cat.run_cat.alm manual__2022-04-28T15:35:02.887842+00:00 [queued]>
[2022-04-28 15:35:05,913] {taskinstance.py:1238} INFO - 
--------------------------------------------------------------------------------
[2022-04-28 15:35:05,915] {taskinstance.py:1239} INFO - Starting attempt 1 of 2
[2022-04-28 15:35:05,916] {taskinstance.py:1240} INFO - 
--------------------------------------------------------------------------------
[2022-04-28 15:35:05,934] {taskinstance.py:1259} INFO - Executing <Task(PythonOperator): import_cat.run_cat.alm> on 2022-04-28 15:35:02.887842+00:00
[2022-04-28 15:35:05,940] {standard_task_runner.py:52} INFO - Started process 1641 to run task
[2022-04-28 15:35:05,945] {standard_task_runner.py:76} INFO - Running: ['***', 'tasks', 'run', 'cdn_daily', 'import_cat.run_cat.alm', 'manual__2022-04-28T15:35:02.887842+00:00', '--job-id', '1433', '--raw', '--subdir', 'DAGS_FOLDER/cdn_daily.py', '--cfg-path', '/tmp/tmpt_oq39wg', '--error-file', '/tmp/tmpluo15uyu']
[2022-04-28 15:35:05,947] {standard_task_runner.py:77} INFO - Job 1433: Subtask import_cat.run_cat.alm
[2022-04-28 15:35:06,034] {logging_mixin.py:109} INFO - Running <TaskInstance: cdn_daily.import_cat.run_cat.alm manual__2022-04-28T15:35:02.887842+00:00 [running]> on host d5ad096ffea5
[2022-04-28 15:35:06,115] {taskinstance.py:1426} INFO - Exporting the following env vars:
AIRFLOW_CTX_DAG_EMAIL=***@example.com
AIRFLOW_CTX_DAG_OWNER=***
AIRFLOW_CTX_DAG_ID=cdn_daily
AIRFLOW_CTX_TASK_ID=import_cat.run_cat.alm
AIRFLOW_CTX_EXECUTION_DATE=2022-04-28T15:35:02.887842+00:00
AIRFLOW_CTX_DAG_RUN_ID=manual__2022-04-28T15:35:02.887842+00:00
[2022-04-28 15:35:06,145] {python.py:175} INFO - Done. Returned value was: None
[2022-04-28 15:35:06,165] {taskinstance.py:1277} INFO - Marking task as SUCCESS. dag_id=cdn_daily, task_id=import_cat.run_cat.alm, execution_date=20220428T153502, start_date=20220428T153505, end_date=20220428T153506
[2022-04-28 15:35:06,204] {local_task_job.py:154} INFO - Task exited with return code 0
[2022-04-28 15:35:06,418] {local_task_job.py:264} INFO - 1 downstream tasks scheduled from follow-on schedule check
