[2022-04-30 15:46:23,036] {taskinstance.py:1032} INFO - Dependencies all met for <TaskInstance: cdn_daily.run_pre.bau manual__2022-04-30T15:46:12.555314+00:00 [queued]>
[2022-04-30 15:46:23,058] {taskinstance.py:1032} INFO - Dependencies all met for <TaskInstance: cdn_daily.run_pre.bau manual__2022-04-30T15:46:12.555314+00:00 [queued]>
[2022-04-30 15:46:23,059] {taskinstance.py:1238} INFO - 
--------------------------------------------------------------------------------
[2022-04-30 15:46:23,060] {taskinstance.py:1239} INFO - Starting attempt 1 of 2
[2022-04-30 15:46:23,061] {taskinstance.py:1240} INFO - 
--------------------------------------------------------------------------------
[2022-04-30 15:46:23,079] {taskinstance.py:1259} INFO - Executing <Task(PythonOperator): run_pre.bau> on 2022-04-30 15:46:12.555314+00:00
[2022-04-30 15:46:23,089] {standard_task_runner.py:52} INFO - Started process 2432 to run task
[2022-04-30 15:46:23,096] {standard_task_runner.py:76} INFO - Running: ['***', 'tasks', 'run', 'cdn_daily', 'run_pre.bau', 'manual__2022-04-30T15:46:12.555314+00:00', '--job-id', '1840', '--raw', '--subdir', 'DAGS_FOLDER/cdn_daily.py', '--cfg-path', '/tmp/tmpwof8j73b', '--error-file', '/tmp/tmpe0rp9zeb']
[2022-04-30 15:46:23,098] {standard_task_runner.py:77} INFO - Job 1840: Subtask run_pre.bau
[2022-04-30 15:46:23,206] {logging_mixin.py:109} INFO - Running <TaskInstance: cdn_daily.run_pre.bau manual__2022-04-30T15:46:12.555314+00:00 [running]> on host d5ad096ffea5
[2022-04-30 15:46:23,309] {taskinstance.py:1426} INFO - Exporting the following env vars:
AIRFLOW_CTX_DAG_EMAIL=***@example.com
AIRFLOW_CTX_DAG_OWNER=***
AIRFLOW_CTX_DAG_ID=cdn_daily
AIRFLOW_CTX_TASK_ID=run_pre.bau
AIRFLOW_CTX_EXECUTION_DATE=2022-04-30T15:46:12.555314+00:00
AIRFLOW_CTX_DAG_RUN_ID=manual__2022-04-30T15:46:12.555314+00:00
[2022-04-30 15:46:23,353] {python.py:175} INFO - Done. Returned value was: None
[2022-04-30 15:46:23,417] {taskinstance.py:1277} INFO - Marking task as SUCCESS. dag_id=cdn_daily, task_id=run_pre.bau, execution_date=20220430T154612, start_date=20220430T154623, end_date=20220430T154623
[2022-04-30 15:46:23,513] {local_task_job.py:154} INFO - Task exited with return code 0
[2022-04-30 15:46:23,834] {local_task_job.py:264} INFO - 1 downstream tasks scheduled from follow-on schedule check
