[2022-02-27 21:53:23,775] {taskinstance.py:1032} INFO - Dependencies all met for <TaskInstance: tutorial.yryrty.yryrty_print_proccesed_data scheduled__2022-02-26T21:51:17.549420+00:00 [queued]>
[2022-02-27 21:53:23,797] {taskinstance.py:1032} INFO - Dependencies all met for <TaskInstance: tutorial.yryrty.yryrty_print_proccesed_data scheduled__2022-02-26T21:51:17.549420+00:00 [queued]>
[2022-02-27 21:53:23,798] {taskinstance.py:1238} INFO - 
--------------------------------------------------------------------------------
[2022-02-27 21:53:23,799] {taskinstance.py:1239} INFO - Starting attempt 1 of 2
[2022-02-27 21:53:23,800] {taskinstance.py:1240} INFO - 
--------------------------------------------------------------------------------
[2022-02-27 21:53:23,815] {taskinstance.py:1259} INFO - Executing <Task(PythonOperator): yryrty.yryrty_print_proccesed_data> on 2022-02-26 21:51:17.549420+00:00
[2022-02-27 21:53:23,821] {standard_task_runner.py:52} INFO - Started process 9913 to run task
[2022-02-27 21:53:23,827] {standard_task_runner.py:76} INFO - Running: ['***', 'tasks', 'run', 'tutorial', 'yryrty.yryrty_print_proccesed_data', 'scheduled__2022-02-26T21:51:17.549420+00:00', '--job-id', '348', '--raw', '--subdir', 'DAGS_FOLDER/test_dag.py', '--cfg-path', '/tmp/tmp7ve6ld96', '--error-file', '/tmp/tmpr2_dj8ri']
[2022-02-27 21:53:23,829] {standard_task_runner.py:77} INFO - Job 348: Subtask yryrty.yryrty_print_proccesed_data
[2022-02-27 21:53:23,919] {logging_mixin.py:109} INFO - Running <TaskInstance: tutorial.yryrty.yryrty_print_proccesed_data scheduled__2022-02-26T21:51:17.549420+00:00 [running]> on host ff48034dfdbf
[2022-02-27 21:53:24,022] {taskinstance.py:1426} INFO - Exporting the following env vars:
AIRFLOW_CTX_DAG_EMAIL=***@example.com
AIRFLOW_CTX_DAG_OWNER=***
AIRFLOW_CTX_DAG_ID=tutorial
AIRFLOW_CTX_TASK_ID=yryrty.yryrty_print_proccesed_data
AIRFLOW_CTX_EXECUTION_DATE=2022-02-26T21:51:17.549420+00:00
AIRFLOW_CTX_DAG_RUN_ID=scheduled__2022-02-26T21:51:17.549420+00:00
[2022-02-27 21:54:24,016] {python.py:175} INFO - Done. Returned value was: None
[2022-02-27 21:54:24,034] {taskinstance.py:1277} INFO - Marking task as SUCCESS. dag_id=tutorial, task_id=yryrty.yryrty_print_proccesed_data, execution_date=20220226T215117, start_date=20220227T215323, end_date=20220227T215424
[2022-02-27 21:54:24,079] {local_task_job.py:154} INFO - Task exited with return code 0
[2022-02-27 21:54:24,114] {local_task_job.py:264} INFO - 0 downstream tasks scheduled from follow-on schedule check
