[2022-03-02 21:52:23,942] {taskinstance.py:1032} INFO - Dependencies all met for <TaskInstance: tutorial.eaeaz.eaeaz_proccess_data scheduled__2022-03-01T21:51:17.549420+00:00 [queued]>
[2022-03-02 21:52:23,963] {taskinstance.py:1032} INFO - Dependencies all met for <TaskInstance: tutorial.eaeaz.eaeaz_proccess_data scheduled__2022-03-01T21:51:17.549420+00:00 [queued]>
[2022-03-02 21:52:23,965] {taskinstance.py:1238} INFO - 
--------------------------------------------------------------------------------
[2022-03-02 21:52:23,966] {taskinstance.py:1239} INFO - Starting attempt 1 of 2
[2022-03-02 21:52:23,967] {taskinstance.py:1240} INFO - 
--------------------------------------------------------------------------------
[2022-03-02 21:52:23,998] {taskinstance.py:1259} INFO - Executing <Task(PythonOperator): eaeaz.eaeaz_proccess_data> on 2022-03-01 21:51:17.549420+00:00
[2022-03-02 21:52:24,007] {standard_task_runner.py:52} INFO - Started process 15227 to run task
[2022-03-02 21:52:24,014] {standard_task_runner.py:76} INFO - Running: ['***', 'tasks', 'run', 'tutorial', 'eaeaz.eaeaz_proccess_data', 'scheduled__2022-03-01T21:51:17.549420+00:00', '--job-id', '452', '--raw', '--subdir', 'DAGS_FOLDER/test_dag.py', '--cfg-path', '/tmp/tmp4ymdgq85', '--error-file', '/tmp/tmppykgcuci']
[2022-03-02 21:52:24,018] {standard_task_runner.py:77} INFO - Job 452: Subtask eaeaz.eaeaz_proccess_data
[2022-03-02 21:52:24,224] {logging_mixin.py:109} INFO - Running <TaskInstance: tutorial.eaeaz.eaeaz_proccess_data scheduled__2022-03-01T21:51:17.549420+00:00 [running]> on host ff48034dfdbf
[2022-03-02 21:52:24,343] {taskinstance.py:1426} INFO - Exporting the following env vars:
AIRFLOW_CTX_DAG_EMAIL=***@example.com
AIRFLOW_CTX_DAG_OWNER=***
AIRFLOW_CTX_DAG_ID=tutorial
AIRFLOW_CTX_TASK_ID=eaeaz.eaeaz_proccess_data
AIRFLOW_CTX_EXECUTION_DATE=2022-03-01T21:51:17.549420+00:00
AIRFLOW_CTX_DAG_RUN_ID=scheduled__2022-03-01T21:51:17.549420+00:00
[2022-03-02 21:53:24,344] {python.py:175} INFO - Done. Returned value was: None
[2022-03-02 21:53:24,449] {taskinstance.py:1277} INFO - Marking task as SUCCESS. dag_id=tutorial, task_id=eaeaz.eaeaz_proccess_data, execution_date=20220301T215117, start_date=20220302T215223, end_date=20220302T215324
[2022-03-02 21:53:24,523] {local_task_job.py:154} INFO - Task exited with return code 0
[2022-03-02 21:53:24,636] {local_task_job.py:264} INFO - 1 downstream tasks scheduled from follow-on schedule check
