[2022-04-23 14:26:53,402] {taskinstance.py:1032} INFO - Dependencies all met for <TaskInstance: tutorial.hfghfg.hfghfg_get_data scheduled__2022-04-22T14:25:49.377068+00:00 [queued]>
[2022-04-23 14:26:53,448] {taskinstance.py:1032} INFO - Dependencies all met for <TaskInstance: tutorial.hfghfg.hfghfg_get_data scheduled__2022-04-22T14:25:49.377068+00:00 [queued]>
[2022-04-23 14:26:53,450] {taskinstance.py:1238} INFO - 
--------------------------------------------------------------------------------
[2022-04-23 14:26:53,452] {taskinstance.py:1239} INFO - Starting attempt 1 of 2
[2022-04-23 14:26:53,453] {taskinstance.py:1240} INFO - 
--------------------------------------------------------------------------------
[2022-04-23 14:26:53,482] {taskinstance.py:1259} INFO - Executing <Task(PythonOperator): hfghfg.hfghfg_get_data> on 2022-04-22 14:25:49.377068+00:00
[2022-04-23 14:26:53,498] {standard_task_runner.py:52} INFO - Started process 654 to run task
[2022-04-23 14:26:53,515] {standard_task_runner.py:76} INFO - Running: ['***', 'tasks', 'run', 'tutorial', 'hfghfg.hfghfg_get_data', 'scheduled__2022-04-22T14:25:49.377068+00:00', '--job-id', '1199', '--raw', '--subdir', 'DAGS_FOLDER/test_dag.py', '--cfg-path', '/tmp/tmpkmy1cbkc', '--error-file', '/tmp/tmp61_gr3pq']
[2022-04-23 14:26:53,518] {standard_task_runner.py:77} INFO - Job 1199: Subtask hfghfg.hfghfg_get_data
[2022-04-23 14:26:53,720] {logging_mixin.py:109} INFO - Running <TaskInstance: tutorial.hfghfg.hfghfg_get_data scheduled__2022-04-22T14:25:49.377068+00:00 [running]> on host ff48034dfdbf
[2022-04-23 14:26:53,937] {taskinstance.py:1426} INFO - Exporting the following env vars:
AIRFLOW_CTX_DAG_EMAIL=***@example.com
AIRFLOW_CTX_DAG_OWNER=***
AIRFLOW_CTX_DAG_ID=tutorial
AIRFLOW_CTX_TASK_ID=hfghfg.hfghfg_get_data
AIRFLOW_CTX_EXECUTION_DATE=2022-04-22T14:25:49.377068+00:00
AIRFLOW_CTX_DAG_RUN_ID=scheduled__2022-04-22T14:25:49.377068+00:00
[2022-04-23 14:27:53,965] {python.py:175} INFO - Done. Returned value was: None
[2022-04-23 14:27:54,015] {taskinstance.py:1277} INFO - Marking task as SUCCESS. dag_id=tutorial, task_id=hfghfg.hfghfg_get_data, execution_date=20220422T142549, start_date=20220423T142653, end_date=20220423T142754
[2022-04-23 14:27:54,070] {local_task_job.py:154} INFO - Task exited with return code 0
[2022-04-23 14:27:54,163] {local_task_job.py:264} INFO - 1 downstream tasks scheduled from follow-on schedule check
