[2022-04-30 12:53:43,221] {taskinstance.py:1032} INFO - Dependencies all met for <TaskInstance: tutorial.wcccw.wcccw_get_data scheduled__2022-04-29T12:29:40.424433+00:00 [queued]>
[2022-04-30 12:53:43,257] {taskinstance.py:1032} INFO - Dependencies all met for <TaskInstance: tutorial.wcccw.wcccw_get_data scheduled__2022-04-29T12:29:40.424433+00:00 [queued]>
[2022-04-30 12:53:43,261] {taskinstance.py:1238} INFO - 
--------------------------------------------------------------------------------
[2022-04-30 12:53:43,263] {taskinstance.py:1239} INFO - Starting attempt 1 of 2
[2022-04-30 12:53:43,264] {taskinstance.py:1240} INFO - 
--------------------------------------------------------------------------------
[2022-04-30 12:53:43,302] {taskinstance.py:1259} INFO - Executing <Task(PythonOperator): wcccw.wcccw_get_data> on 2022-04-29 12:29:40.424433+00:00
[2022-04-30 12:53:43,310] {standard_task_runner.py:52} INFO - Started process 134 to run task
[2022-04-30 12:53:43,321] {standard_task_runner.py:76} INFO - Running: ['***', 'tasks', 'run', 'tutorial', 'wcccw.wcccw_get_data', 'scheduled__2022-04-29T12:29:40.424433+00:00', '--job-id', '1770', '--raw', '--subdir', 'DAGS_FOLDER/test_dag.py', '--cfg-path', '/tmp/tmpd1d_3vdk', '--error-file', '/tmp/tmpb7iywjih']
[2022-04-30 12:53:43,324] {standard_task_runner.py:77} INFO - Job 1770: Subtask wcccw.wcccw_get_data
[2022-04-30 12:53:43,455] {logging_mixin.py:109} INFO - Running <TaskInstance: tutorial.wcccw.wcccw_get_data scheduled__2022-04-29T12:29:40.424433+00:00 [running]> on host d5ad096ffea5
[2022-04-30 12:53:43,674] {taskinstance.py:1426} INFO - Exporting the following env vars:
AIRFLOW_CTX_DAG_EMAIL=***@example.com
AIRFLOW_CTX_DAG_OWNER=***
AIRFLOW_CTX_DAG_ID=tutorial
AIRFLOW_CTX_TASK_ID=wcccw.wcccw_get_data
AIRFLOW_CTX_EXECUTION_DATE=2022-04-29T12:29:40.424433+00:00
AIRFLOW_CTX_DAG_RUN_ID=scheduled__2022-04-29T12:29:40.424433+00:00
[2022-04-30 12:54:43,658] {python.py:175} INFO - Done. Returned value was: None
[2022-04-30 12:54:43,678] {taskinstance.py:1277} INFO - Marking task as SUCCESS. dag_id=tutorial, task_id=wcccw.wcccw_get_data, execution_date=20220429T122940, start_date=20220430T125343, end_date=20220430T125443
[2022-04-30 12:54:43,725] {local_task_job.py:154} INFO - Task exited with return code 0
[2022-04-30 12:54:43,777] {local_task_job.py:264} INFO - 1 downstream tasks scheduled from follow-on schedule check
