[2022-03-01 21:51:20,413] {taskinstance.py:1032} INFO - Dependencies all met for <TaskInstance: tutorial.cat.cat_get_data scheduled__2022-02-28T21:51:17.549420+00:00 [queued]>
[2022-03-01 21:51:20,451] {taskinstance.py:1032} INFO - Dependencies all met for <TaskInstance: tutorial.cat.cat_get_data scheduled__2022-02-28T21:51:17.549420+00:00 [queued]>
[2022-03-01 21:51:20,454] {taskinstance.py:1238} INFO - 
--------------------------------------------------------------------------------
[2022-03-01 21:51:20,456] {taskinstance.py:1239} INFO - Starting attempt 1 of 2
[2022-03-01 21:51:20,457] {taskinstance.py:1240} INFO - 
--------------------------------------------------------------------------------
[2022-03-01 21:51:20,485] {taskinstance.py:1259} INFO - Executing <Task(PythonOperator): cat.cat_get_data> on 2022-02-28 21:51:17.549420+00:00
[2022-03-01 21:51:20,499] {standard_task_runner.py:52} INFO - Started process 5740 to run task
[2022-03-01 21:51:20,522] {standard_task_runner.py:76} INFO - Running: ['***', 'tasks', 'run', 'tutorial', 'cat.cat_get_data', 'scheduled__2022-02-28T21:51:17.549420+00:00', '--job-id', '406', '--raw', '--subdir', 'DAGS_FOLDER/test_dag.py', '--cfg-path', '/tmp/tmpil945zy3', '--error-file', '/tmp/tmp50_0j7hk']
[2022-03-01 21:51:20,524] {standard_task_runner.py:77} INFO - Job 406: Subtask cat.cat_get_data
[2022-03-01 21:51:20,841] {logging_mixin.py:109} INFO - Running <TaskInstance: tutorial.cat.cat_get_data scheduled__2022-02-28T21:51:17.549420+00:00 [running]> on host ff48034dfdbf
[2022-03-01 21:51:21,020] {taskinstance.py:1426} INFO - Exporting the following env vars:
AIRFLOW_CTX_DAG_EMAIL=***@example.com
AIRFLOW_CTX_DAG_OWNER=***
AIRFLOW_CTX_DAG_ID=tutorial
AIRFLOW_CTX_TASK_ID=cat.cat_get_data
AIRFLOW_CTX_EXECUTION_DATE=2022-02-28T21:51:17.549420+00:00
AIRFLOW_CTX_DAG_RUN_ID=scheduled__2022-02-28T21:51:17.549420+00:00
[2022-03-01 21:52:21,006] {python.py:175} INFO - Done. Returned value was: None
[2022-03-01 21:52:21,023] {taskinstance.py:1277} INFO - Marking task as SUCCESS. dag_id=tutorial, task_id=cat.cat_get_data, execution_date=20220228T215117, start_date=20220301T215120, end_date=20220301T215221
[2022-03-01 21:52:21,074] {local_task_job.py:154} INFO - Task exited with return code 0
[2022-03-01 21:52:21,142] {local_task_job.py:264} INFO - 1 downstream tasks scheduled from follow-on schedule check
