[2022-04-29 13:27:34,239] {taskinstance.py:1032} INFO - Dependencies all met for <TaskInstance: tutorial.cat.cat_print_proccesed_data scheduled__2022-04-28T12:29:40.424433+00:00 [queued]>
[2022-04-29 13:27:34,305] {taskinstance.py:1032} INFO - Dependencies all met for <TaskInstance: tutorial.cat.cat_print_proccesed_data scheduled__2022-04-28T12:29:40.424433+00:00 [queued]>
[2022-04-29 13:27:34,307] {taskinstance.py:1238} INFO - 
--------------------------------------------------------------------------------
[2022-04-29 13:27:34,317] {taskinstance.py:1239} INFO - Starting attempt 1 of 2
[2022-04-29 13:27:34,322] {taskinstance.py:1240} INFO - 
--------------------------------------------------------------------------------
[2022-04-29 13:27:34,390] {taskinstance.py:1259} INFO - Executing <Task(PythonOperator): cat.cat_print_proccesed_data> on 2022-04-28 12:29:40.424433+00:00
[2022-04-29 13:27:34,406] {standard_task_runner.py:52} INFO - Started process 226 to run task
[2022-04-29 13:27:34,425] {standard_task_runner.py:76} INFO - Running: ['***', 'tasks', 'run', 'tutorial', 'cat.cat_print_proccesed_data', 'scheduled__2022-04-28T12:29:40.424433+00:00', '--job-id', '1585', '--raw', '--subdir', 'DAGS_FOLDER/test_dag.py', '--cfg-path', '/tmp/tmptvjqvuok', '--error-file', '/tmp/tmpi9bhzjku']
[2022-04-29 13:27:34,428] {standard_task_runner.py:77} INFO - Job 1585: Subtask cat.cat_print_proccesed_data
[2022-04-29 13:27:34,719] {logging_mixin.py:109} INFO - Running <TaskInstance: tutorial.cat.cat_print_proccesed_data scheduled__2022-04-28T12:29:40.424433+00:00 [running]> on host d5ad096ffea5
[2022-04-29 13:27:35,125] {taskinstance.py:1426} INFO - Exporting the following env vars:
AIRFLOW_CTX_DAG_EMAIL=***@example.com
AIRFLOW_CTX_DAG_OWNER=***
AIRFLOW_CTX_DAG_ID=tutorial
AIRFLOW_CTX_TASK_ID=cat.cat_print_proccesed_data
AIRFLOW_CTX_EXECUTION_DATE=2022-04-28T12:29:40.424433+00:00
AIRFLOW_CTX_DAG_RUN_ID=scheduled__2022-04-28T12:29:40.424433+00:00
[2022-04-29 13:28:35,154] {python.py:175} INFO - Done. Returned value was: None
[2022-04-29 13:28:35,236] {taskinstance.py:1277} INFO - Marking task as SUCCESS. dag_id=tutorial, task_id=cat.cat_print_proccesed_data, execution_date=20220428T122940, start_date=20220429T132734, end_date=20220429T132835
[2022-04-29 13:28:35,356] {local_task_job.py:154} INFO - Task exited with return code 0
[2022-04-29 13:28:35,586] {local_task_job.py:264} INFO - 0 downstream tasks scheduled from follow-on schedule check
