[2022-02-26 11:36:15,603] {taskinstance.py:1032} INFO - Dependencies all met for <TaskInstance: tutorial.jghjg.jghjg_get_data scheduled__2022-02-24T21:44:04.431894+00:00 [queued]>
[2022-02-26 11:36:15,618] {taskinstance.py:1032} INFO - Dependencies all met for <TaskInstance: tutorial.jghjg.jghjg_get_data scheduled__2022-02-24T21:44:04.431894+00:00 [queued]>
[2022-02-26 11:36:15,619] {taskinstance.py:1238} INFO - 
--------------------------------------------------------------------------------
[2022-02-26 11:36:15,620] {taskinstance.py:1239} INFO - Starting attempt 1 of 2
[2022-02-26 11:36:15,621] {taskinstance.py:1240} INFO - 
--------------------------------------------------------------------------------
[2022-02-26 11:36:15,640] {taskinstance.py:1259} INFO - Executing <Task(PythonOperator): jghjg.jghjg_get_data> on 2022-02-24 21:44:04.431894+00:00
[2022-02-26 11:36:15,647] {standard_task_runner.py:52} INFO - Started process 78 to run task
[2022-02-26 11:36:15,657] {standard_task_runner.py:76} INFO - Running: ['***', 'tasks', 'run', 'tutorial', 'jghjg.jghjg_get_data', 'scheduled__2022-02-24T21:44:04.431894+00:00', '--job-id', '250', '--raw', '--subdir', 'DAGS_FOLDER/test_dag.py', '--cfg-path', '/tmp/tmp99vwh46m', '--error-file', '/tmp/tmpmzy64d28']
[2022-02-26 11:36:15,659] {standard_task_runner.py:77} INFO - Job 250: Subtask jghjg.jghjg_get_data
[2022-02-26 11:36:15,794] {logging_mixin.py:109} INFO - Running <TaskInstance: tutorial.jghjg.jghjg_get_data scheduled__2022-02-24T21:44:04.431894+00:00 [running]> on host ff48034dfdbf
[2022-02-26 11:36:15,950] {taskinstance.py:1426} INFO - Exporting the following env vars:
AIRFLOW_CTX_DAG_EMAIL=***@example.com
AIRFLOW_CTX_DAG_OWNER=***
AIRFLOW_CTX_DAG_ID=tutorial
AIRFLOW_CTX_TASK_ID=jghjg.jghjg_get_data
AIRFLOW_CTX_EXECUTION_DATE=2022-02-24T21:44:04.431894+00:00
AIRFLOW_CTX_DAG_RUN_ID=scheduled__2022-02-24T21:44:04.431894+00:00
[2022-02-26 11:37:15,929] {python.py:175} INFO - Done. Returned value was: None
[2022-02-26 11:37:15,953] {taskinstance.py:1277} INFO - Marking task as SUCCESS. dag_id=tutorial, task_id=jghjg.jghjg_get_data, execution_date=20220224T214404, start_date=20220226T113615, end_date=20220226T113715
[2022-02-26 11:37:15,985] {local_task_job.py:154} INFO - Task exited with return code 0
[2022-02-26 11:37:16,026] {local_task_job.py:264} INFO - 1 downstream tasks scheduled from follow-on schedule check
