[2021-02-24 20:55:15,060] {taskinstance.py:826} INFO - Dependencies all met for <TaskInstance: example_dag_decorator.prepare_email 2021-02-24T20:55:10.565853+00:00 [queued]>
[2021-02-24 20:55:15,072] {taskinstance.py:826} INFO - Dependencies all met for <TaskInstance: example_dag_decorator.prepare_email 2021-02-24T20:55:10.565853+00:00 [queued]>
[2021-02-24 20:55:15,074] {taskinstance.py:1017} INFO - 
--------------------------------------------------------------------------------
[2021-02-24 20:55:15,075] {taskinstance.py:1018} INFO - Starting attempt 1 of 1
[2021-02-24 20:55:15,076] {taskinstance.py:1019} INFO - 
--------------------------------------------------------------------------------
[2021-02-24 20:55:15,100] {taskinstance.py:1038} INFO - Executing <Task(_PythonDecoratedOperator): prepare_email> on 2021-02-24T20:55:10.565853+00:00
[2021-02-24 20:55:15,105] {standard_task_runner.py:51} INFO - Started process 33 to run task
[2021-02-24 20:55:15,112] {standard_task_runner.py:75} INFO - Running: ['airflow', 'tasks', 'run', 'example_dag_decorator', 'prepare_email', '2021-02-24T20:55:10.565853+00:00', '--job-id', '8', '--pool', 'default_pool', '--raw', '--subdir', '/home/airflow/.local/lib/python3.8/site-packages/airflow/example_dags/example_dag_decorator.py', '--cfg-path', '/tmp/tmpffxlqj4l']
[2021-02-24 20:55:15,113] {standard_task_runner.py:76} INFO - Job 8: Subtask prepare_email
[2021-02-24 20:55:15,174] {logging_mixin.py:103} INFO - Running <TaskInstance: example_dag_decorator.prepare_email 2021-02-24T20:55:10.565853+00:00 [running]> on host 4fa4dc1e93c4
[2021-02-24 20:55:15,238] {taskinstance.py:1230} INFO - Exporting the following env vars:
AIRFLOW_CTX_DAG_OWNER=airflow
AIRFLOW_CTX_DAG_ID=example_dag_decorator
AIRFLOW_CTX_TASK_ID=prepare_email
AIRFLOW_CTX_EXECUTION_DATE=2021-02-24T20:55:10.565853+00:00
AIRFLOW_CTX_DAG_RUN_ID=manual__2021-02-24T20:55:10.565853+00:00
[2021-02-24 20:55:15,285] {taskinstance.py:1135} INFO - Marking task as SUCCESS. dag_id=example_dag_decorator, task_id=prepare_email, execution_date=20210224T205510, start_date=20210224T205515, end_date=20210224T205515
[2021-02-24 20:55:15,316] {taskinstance.py:1195} INFO - 1 downstream tasks scheduled from follow-on schedule check
[2021-02-24 20:55:15,325] {local_task_job.py:118} INFO - Task exited with return code 0
