[2022-03-28 12:49:18,134] {taskinstance.py:1032} INFO - Dependencies all met for <TaskInstance: tutorial.dqsdqsd.dqsdqsd_get_data scheduled__2022-03-27T12:47:50.362235+00:00 [queued]>
[2022-03-28 12:49:18,167] {taskinstance.py:1032} INFO - Dependencies all met for <TaskInstance: tutorial.dqsdqsd.dqsdqsd_get_data scheduled__2022-03-27T12:47:50.362235+00:00 [queued]>
[2022-03-28 12:49:18,170] {taskinstance.py:1238} INFO - 
--------------------------------------------------------------------------------
[2022-03-28 12:49:18,172] {taskinstance.py:1239} INFO - Starting attempt 1 of 2
[2022-03-28 12:49:18,176] {taskinstance.py:1240} INFO - 
--------------------------------------------------------------------------------
[2022-03-28 12:49:18,213] {taskinstance.py:1259} INFO - Executing <Task(PythonOperator): dqsdqsd.dqsdqsd_get_data> on 2022-03-27 12:47:50.362235+00:00
[2022-03-28 12:49:18,223] {standard_task_runner.py:52} INFO - Started process 141 to run task
[2022-03-28 12:49:18,237] {standard_task_runner.py:76} INFO - Running: ['***', 'tasks', 'run', 'tutorial', 'dqsdqsd.dqsdqsd_get_data', 'scheduled__2022-03-27T12:47:50.362235+00:00', '--job-id', '960', '--raw', '--subdir', 'DAGS_FOLDER/test_dag.py', '--cfg-path', '/tmp/tmpnwm7l9f1', '--error-file', '/tmp/tmpygwlb95l']
[2022-03-28 12:49:18,241] {standard_task_runner.py:77} INFO - Job 960: Subtask dqsdqsd.dqsdqsd_get_data
[2022-03-28 12:49:18,441] {logging_mixin.py:109} INFO - Running <TaskInstance: tutorial.dqsdqsd.dqsdqsd_get_data scheduled__2022-03-27T12:47:50.362235+00:00 [running]> on host ff48034dfdbf
[2022-03-28 12:49:18,583] {taskinstance.py:1426} INFO - Exporting the following env vars:
AIRFLOW_CTX_DAG_EMAIL=***@example.com
AIRFLOW_CTX_DAG_OWNER=***
AIRFLOW_CTX_DAG_ID=tutorial
AIRFLOW_CTX_TASK_ID=dqsdqsd.dqsdqsd_get_data
AIRFLOW_CTX_EXECUTION_DATE=2022-03-27T12:47:50.362235+00:00
AIRFLOW_CTX_DAG_RUN_ID=scheduled__2022-03-27T12:47:50.362235+00:00
[2022-03-28 12:50:18,607] {python.py:175} INFO - Done. Returned value was: None
[2022-03-28 12:50:18,688] {taskinstance.py:1277} INFO - Marking task as SUCCESS. dag_id=tutorial, task_id=dqsdqsd.dqsdqsd_get_data, execution_date=20220327T124750, start_date=20220328T124918, end_date=20220328T125018
[2022-03-28 12:50:18,788] {local_task_job.py:154} INFO - Task exited with return code 0
[2022-03-28 12:50:18,901] {local_task_job.py:264} INFO - 1 downstream tasks scheduled from follow-on schedule check
