[2022-02-23 21:48:08,747] {taskinstance.py:1032} INFO - Dependencies all met for <TaskInstance: tutorial.wcccw.wcccw_print_proccesed_data scheduled__2022-02-22T21:44:04.027723+00:00 [queued]>
[2022-02-23 21:48:08,766] {taskinstance.py:1032} INFO - Dependencies all met for <TaskInstance: tutorial.wcccw.wcccw_print_proccesed_data scheduled__2022-02-22T21:44:04.027723+00:00 [queued]>
[2022-02-23 21:48:08,767] {taskinstance.py:1238} INFO - 
--------------------------------------------------------------------------------
[2022-02-23 21:48:08,768] {taskinstance.py:1239} INFO - Starting attempt 1 of 2
[2022-02-23 21:48:08,769] {taskinstance.py:1240} INFO - 
--------------------------------------------------------------------------------
[2022-02-23 21:48:08,784] {taskinstance.py:1259} INFO - Executing <Task(PythonOperator): wcccw.wcccw_print_proccesed_data> on 2022-02-22 21:44:04.027723+00:00
[2022-02-23 21:48:08,791] {standard_task_runner.py:52} INFO - Started process 709 to run task
[2022-02-23 21:48:08,798] {standard_task_runner.py:76} INFO - Running: ['***', 'tasks', 'run', 'tutorial', 'wcccw.wcccw_print_proccesed_data', 'scheduled__2022-02-22T21:44:04.027723+00:00', '--job-id', '203', '--raw', '--subdir', 'DAGS_FOLDER/test_dag.py', '--cfg-path', '/tmp/tmpmehg9lp4', '--error-file', '/tmp/tmp5fygzy3j']
[2022-02-23 21:48:08,800] {standard_task_runner.py:77} INFO - Job 203: Subtask wcccw.wcccw_print_proccesed_data
[2022-02-23 21:48:08,938] {logging_mixin.py:109} INFO - Running <TaskInstance: tutorial.wcccw.wcccw_print_proccesed_data scheduled__2022-02-22T21:44:04.027723+00:00 [running]> on host ff48034dfdbf
[2022-02-23 21:48:09,078] {taskinstance.py:1426} INFO - Exporting the following env vars:
AIRFLOW_CTX_DAG_EMAIL=***@example.com
AIRFLOW_CTX_DAG_OWNER=***
AIRFLOW_CTX_DAG_ID=tutorial
AIRFLOW_CTX_TASK_ID=wcccw.wcccw_print_proccesed_data
AIRFLOW_CTX_EXECUTION_DATE=2022-02-22T21:44:04.027723+00:00
AIRFLOW_CTX_DAG_RUN_ID=scheduled__2022-02-22T21:44:04.027723+00:00
[2022-02-23 21:49:09,076] {python.py:175} INFO - Done. Returned value was: None
[2022-02-23 21:49:09,089] {taskinstance.py:1277} INFO - Marking task as SUCCESS. dag_id=tutorial, task_id=wcccw.wcccw_print_proccesed_data, execution_date=20220222T214404, start_date=20220223T214808, end_date=20220223T214909
[2022-02-23 21:49:09,148] {local_task_job.py:154} INFO - Task exited with return code 0
[2022-02-23 21:49:09,184] {local_task_job.py:264} INFO - 0 downstream tasks scheduled from follow-on schedule check
