[2022-04-29 15:31:27,553] {taskinstance.py:1032} INFO - Dependencies all met for <TaskInstance: cdn_daily.import_bsre.run_bsre manual__2022-04-29T15:26:23.872433+00:00 [queued]>
[2022-04-29 15:31:27,571] {taskinstance.py:1032} INFO - Dependencies all met for <TaskInstance: cdn_daily.import_bsre.run_bsre manual__2022-04-29T15:26:23.872433+00:00 [queued]>
[2022-04-29 15:31:27,572] {taskinstance.py:1238} INFO - 
--------------------------------------------------------------------------------
[2022-04-29 15:31:27,573] {taskinstance.py:1239} INFO - Starting attempt 1 of 2
[2022-04-29 15:31:27,574] {taskinstance.py:1240} INFO - 
--------------------------------------------------------------------------------
[2022-04-29 15:31:27,594] {taskinstance.py:1259} INFO - Executing <Task(PythonOperator): import_bsre.run_bsre> on 2022-04-29 15:26:23.872433+00:00
[2022-04-29 15:31:27,601] {standard_task_runner.py:52} INFO - Started process 3722 to run task
[2022-04-29 15:31:27,607] {standard_task_runner.py:76} INFO - Running: ['***', 'tasks', 'run', 'cdn_daily', 'import_bsre.run_bsre', 'manual__2022-04-29T15:26:23.872433+00:00', '--job-id', '1690', '--raw', '--subdir', 'DAGS_FOLDER/cdn_daily.py', '--cfg-path', '/tmp/tmpd9z_28uj', '--error-file', '/tmp/tmps71w6r66']
[2022-04-29 15:31:27,609] {standard_task_runner.py:77} INFO - Job 1690: Subtask import_bsre.run_bsre
[2022-04-29 15:31:27,701] {logging_mixin.py:109} INFO - Running <TaskInstance: cdn_daily.import_bsre.run_bsre manual__2022-04-29T15:26:23.872433+00:00 [running]> on host d5ad096ffea5
[2022-04-29 15:31:27,788] {taskinstance.py:1426} INFO - Exporting the following env vars:
AIRFLOW_CTX_DAG_EMAIL=***@example.com
AIRFLOW_CTX_DAG_OWNER=***
AIRFLOW_CTX_DAG_ID=cdn_daily
AIRFLOW_CTX_TASK_ID=import_bsre.run_bsre
AIRFLOW_CTX_EXECUTION_DATE=2022-04-29T15:26:23.872433+00:00
AIRFLOW_CTX_DAG_RUN_ID=manual__2022-04-29T15:26:23.872433+00:00
[2022-04-29 15:31:27,816] {python.py:175} INFO - Done. Returned value was: None
[2022-04-29 15:31:27,840] {taskinstance.py:1277} INFO - Marking task as SUCCESS. dag_id=cdn_daily, task_id=import_bsre.run_bsre, execution_date=20220429T152623, start_date=20220429T153127, end_date=20220429T153127
[2022-04-29 15:31:27,903] {local_task_job.py:154} INFO - Task exited with return code 0
[2022-04-29 15:31:27,971] {local_task_job.py:264} INFO - 1 downstream tasks scheduled from follow-on schedule check
