[2022-04-26 13:53:16,900] {taskinstance.py:1032} INFO - Dependencies all met for <TaskInstance: tutorial.bsre.bsre_get_data scheduled__2022-04-23T14:25:49.377068+00:00 [queued]>
[2022-04-26 13:53:17,017] {taskinstance.py:1032} INFO - Dependencies all met for <TaskInstance: tutorial.bsre.bsre_get_data scheduled__2022-04-23T14:25:49.377068+00:00 [queued]>
[2022-04-26 13:53:17,019] {taskinstance.py:1238} INFO - 
--------------------------------------------------------------------------------
[2022-04-26 13:53:17,023] {taskinstance.py:1239} INFO - Starting attempt 1 of 2
[2022-04-26 13:53:17,024] {taskinstance.py:1240} INFO - 
--------------------------------------------------------------------------------
[2022-04-26 13:53:17,049] {taskinstance.py:1259} INFO - Executing <Task(PythonOperator): bsre.bsre_get_data> on 2022-04-23 14:25:49.377068+00:00
[2022-04-26 13:53:17,057] {standard_task_runner.py:52} INFO - Started process 93 to run task
[2022-04-26 13:53:17,064] {standard_task_runner.py:76} INFO - Running: ['***', 'tasks', 'run', 'tutorial', 'bsre.bsre_get_data', 'scheduled__2022-04-23T14:25:49.377068+00:00', '--job-id', '1240', '--raw', '--subdir', 'DAGS_FOLDER/test_dag.py', '--cfg-path', '/tmp/tmpxyeeyx56', '--error-file', '/tmp/tmp9001w9pm']
[2022-04-26 13:53:17,066] {standard_task_runner.py:77} INFO - Job 1240: Subtask bsre.bsre_get_data
[2022-04-26 13:53:17,318] {logging_mixin.py:109} INFO - Running <TaskInstance: tutorial.bsre.bsre_get_data scheduled__2022-04-23T14:25:49.377068+00:00 [running]> on host ff48034dfdbf
[2022-04-26 13:53:17,669] {taskinstance.py:1426} INFO - Exporting the following env vars:
AIRFLOW_CTX_DAG_EMAIL=***@example.com
AIRFLOW_CTX_DAG_OWNER=***
AIRFLOW_CTX_DAG_ID=tutorial
AIRFLOW_CTX_TASK_ID=bsre.bsre_get_data
AIRFLOW_CTX_EXECUTION_DATE=2022-04-23T14:25:49.377068+00:00
AIRFLOW_CTX_DAG_RUN_ID=scheduled__2022-04-23T14:25:49.377068+00:00
[2022-04-26 13:54:17,662] {python.py:175} INFO - Done. Returned value was: None
[2022-04-26 13:54:17,793] {taskinstance.py:1277} INFO - Marking task as SUCCESS. dag_id=tutorial, task_id=bsre.bsre_get_data, execution_date=20220423T142549, start_date=20220426T135316, end_date=20220426T135417
[2022-04-26 13:54:17,833] {local_task_job.py:154} INFO - Task exited with return code 0
[2022-04-26 13:54:17,924] {local_task_job.py:264} INFO - 1 downstream tasks scheduled from follow-on schedule check
