[2022-04-23 14:18:39,605] {taskinstance.py:1032} INFO - Dependencies all met for <TaskInstance: tutorial.eaeaz.eaeaz_get_data scheduled__2022-04-22T14:16:37.536651+00:00 [queued]>
[2022-04-23 14:18:39,625] {taskinstance.py:1032} INFO - Dependencies all met for <TaskInstance: tutorial.eaeaz.eaeaz_get_data scheduled__2022-04-22T14:16:37.536651+00:00 [queued]>
[2022-04-23 14:18:39,627] {taskinstance.py:1238} INFO - 
--------------------------------------------------------------------------------
[2022-04-23 14:18:39,628] {taskinstance.py:1239} INFO - Starting attempt 1 of 2
[2022-04-23 14:18:39,629] {taskinstance.py:1240} INFO - 
--------------------------------------------------------------------------------
[2022-04-23 14:18:39,648] {taskinstance.py:1259} INFO - Executing <Task(PythonOperator): eaeaz.eaeaz_get_data> on 2022-04-22 14:16:37.536651+00:00
[2022-04-23 14:18:39,654] {standard_task_runner.py:52} INFO - Started process 204 to run task
[2022-04-23 14:18:39,659] {standard_task_runner.py:76} INFO - Running: ['***', 'tasks', 'run', 'tutorial', 'eaeaz.eaeaz_get_data', 'scheduled__2022-04-22T14:16:37.536651+00:00', '--job-id', '1122', '--raw', '--subdir', 'DAGS_FOLDER/test_dag.py', '--cfg-path', '/tmp/tmp1n1rtv1s', '--error-file', '/tmp/tmpbf4cwczi']
[2022-04-23 14:18:39,661] {standard_task_runner.py:77} INFO - Job 1122: Subtask eaeaz.eaeaz_get_data
[2022-04-23 14:18:39,751] {logging_mixin.py:109} INFO - Running <TaskInstance: tutorial.eaeaz.eaeaz_get_data scheduled__2022-04-22T14:16:37.536651+00:00 [running]> on host ff48034dfdbf
[2022-04-23 14:18:39,827] {taskinstance.py:1426} INFO - Exporting the following env vars:
AIRFLOW_CTX_DAG_EMAIL=***@example.com
AIRFLOW_CTX_DAG_OWNER=***
AIRFLOW_CTX_DAG_ID=tutorial
AIRFLOW_CTX_TASK_ID=eaeaz.eaeaz_get_data
AIRFLOW_CTX_EXECUTION_DATE=2022-04-22T14:16:37.536651+00:00
AIRFLOW_CTX_DAG_RUN_ID=scheduled__2022-04-22T14:16:37.536651+00:00
[2022-04-23 14:19:39,851] {python.py:175} INFO - Done. Returned value was: None
[2022-04-23 14:19:39,998] {taskinstance.py:1277} INFO - Marking task as SUCCESS. dag_id=tutorial, task_id=eaeaz.eaeaz_get_data, execution_date=20220422T141637, start_date=20220423T141839, end_date=20220423T141939
[2022-04-23 14:19:40,070] {local_task_job.py:154} INFO - Task exited with return code 0
[2022-04-23 14:19:40,149] {local_task_job.py:264} INFO - 1 downstream tasks scheduled from follow-on schedule check
