[2022-02-19 21:38:11,805] {taskinstance.py:1032} INFO - Dependencies all met for <TaskInstance: tutorial.fsqfqf.fsqfqf_print_proccesed_data manual__2022-02-19T21:36:05.015535+00:00 [queued]>
[2022-02-19 21:38:11,829] {taskinstance.py:1032} INFO - Dependencies all met for <TaskInstance: tutorial.fsqfqf.fsqfqf_print_proccesed_data manual__2022-02-19T21:36:05.015535+00:00 [queued]>
[2022-02-19 21:38:11,830] {taskinstance.py:1238} INFO - 
--------------------------------------------------------------------------------
[2022-02-19 21:38:11,832] {taskinstance.py:1239} INFO - Starting attempt 1 of 2
[2022-02-19 21:38:11,833] {taskinstance.py:1240} INFO - 
--------------------------------------------------------------------------------
[2022-02-19 21:38:11,855] {taskinstance.py:1259} INFO - Executing <Task(PythonOperator): fsqfqf.fsqfqf_print_proccesed_data> on 2022-02-19 21:36:05.015535+00:00
[2022-02-19 21:38:11,864] {standard_task_runner.py:52} INFO - Started process 4743 to run task
[2022-02-19 21:38:11,875] {standard_task_runner.py:76} INFO - Running: ['***', 'tasks', 'run', 'tutorial', 'fsqfqf.fsqfqf_print_proccesed_data', 'manual__2022-02-19T21:36:05.015535+00:00', '--job-id', '30', '--raw', '--subdir', 'DAGS_FOLDER/test_dag.py', '--cfg-path', '/tmp/tmp1_i8xxu7', '--error-file', '/tmp/tmpx6f12e9n']
[2022-02-19 21:38:11,877] {standard_task_runner.py:77} INFO - Job 30: Subtask fsqfqf.fsqfqf_print_proccesed_data
[2022-02-19 21:38:12,039] {logging_mixin.py:109} INFO - Running <TaskInstance: tutorial.fsqfqf.fsqfqf_print_proccesed_data manual__2022-02-19T21:36:05.015535+00:00 [running]> on host ff48034dfdbf
[2022-02-19 21:38:12,175] {taskinstance.py:1426} INFO - Exporting the following env vars:
AIRFLOW_CTX_DAG_EMAIL=***@example.com
AIRFLOW_CTX_DAG_OWNER=***
AIRFLOW_CTX_DAG_ID=tutorial
AIRFLOW_CTX_TASK_ID=fsqfqf.fsqfqf_print_proccesed_data
AIRFLOW_CTX_EXECUTION_DATE=2022-02-19T21:36:05.015535+00:00
AIRFLOW_CTX_DAG_RUN_ID=manual__2022-02-19T21:36:05.015535+00:00
[2022-02-19 21:39:12,130] {python.py:175} INFO - Done. Returned value was: None
[2022-02-19 21:39:12,142] {taskinstance.py:1277} INFO - Marking task as SUCCESS. dag_id=tutorial, task_id=fsqfqf.fsqfqf_print_proccesed_data, execution_date=20220219T213605, start_date=20220219T213811, end_date=20220219T213912
[2022-02-19 21:39:12,170] {local_task_job.py:154} INFO - Task exited with return code 0
[2022-02-19 21:39:12,209] {local_task_job.py:264} INFO - 0 downstream tasks scheduled from follow-on schedule check
