[2022-03-14 12:04:20,806] {taskinstance.py:1032} INFO - Dependencies all met for <TaskInstance: tutorial.wcccw.wcccw_get_data scheduled__2022-03-13T12:04:19.461189+00:00 [queued]>
[2022-03-14 12:04:20,833] {taskinstance.py:1032} INFO - Dependencies all met for <TaskInstance: tutorial.wcccw.wcccw_get_data scheduled__2022-03-13T12:04:19.461189+00:00 [queued]>
[2022-03-14 12:04:20,835] {taskinstance.py:1238} INFO - 
--------------------------------------------------------------------------------
[2022-03-14 12:04:20,836] {taskinstance.py:1239} INFO - Starting attempt 1 of 2
[2022-03-14 12:04:20,839] {taskinstance.py:1240} INFO - 
--------------------------------------------------------------------------------
[2022-03-14 12:04:20,865] {taskinstance.py:1259} INFO - Executing <Task(PythonOperator): wcccw.wcccw_get_data> on 2022-03-13 12:04:19.461189+00:00
[2022-03-14 12:04:20,876] {standard_task_runner.py:52} INFO - Started process 830 to run task
[2022-03-14 12:04:20,888] {standard_task_runner.py:76} INFO - Running: ['***', 'tasks', 'run', 'tutorial', 'wcccw.wcccw_get_data', 'scheduled__2022-03-13T12:04:19.461189+00:00', '--job-id', '812', '--raw', '--subdir', 'DAGS_FOLDER/test_dag.py', '--cfg-path', '/tmp/tmpuhesixz4', '--error-file', '/tmp/tmp0_mvbkql']
[2022-03-14 12:04:20,890] {standard_task_runner.py:77} INFO - Job 812: Subtask wcccw.wcccw_get_data
[2022-03-14 12:04:21,023] {logging_mixin.py:109} INFO - Running <TaskInstance: tutorial.wcccw.wcccw_get_data scheduled__2022-03-13T12:04:19.461189+00:00 [running]> on host ff48034dfdbf
[2022-03-14 12:04:21,129] {taskinstance.py:1426} INFO - Exporting the following env vars:
AIRFLOW_CTX_DAG_EMAIL=***@example.com
AIRFLOW_CTX_DAG_OWNER=***
AIRFLOW_CTX_DAG_ID=tutorial
AIRFLOW_CTX_TASK_ID=wcccw.wcccw_get_data
AIRFLOW_CTX_EXECUTION_DATE=2022-03-13T12:04:19.461189+00:00
AIRFLOW_CTX_DAG_RUN_ID=scheduled__2022-03-13T12:04:19.461189+00:00
[2022-03-14 12:05:21,149] {python.py:175} INFO - Done. Returned value was: None
[2022-03-14 12:05:21,237] {taskinstance.py:1277} INFO - Marking task as SUCCESS. dag_id=tutorial, task_id=wcccw.wcccw_get_data, execution_date=20220313T120419, start_date=20220314T120420, end_date=20220314T120521
[2022-03-14 12:05:21,301] {local_task_job.py:154} INFO - Task exited with return code 0
[2022-03-14 12:05:21,369] {local_task_job.py:264} INFO - 1 downstream tasks scheduled from follow-on schedule check
