[2022-02-27 21:53:23,932] {taskinstance.py:1032} INFO - Dependencies all met for <TaskInstance: tutorial.dqsdqsd.dqsdqsd_print_proccesed_data scheduled__2022-02-26T21:51:17.549420+00:00 [queued]>
[2022-02-27 21:53:23,953] {taskinstance.py:1032} INFO - Dependencies all met for <TaskInstance: tutorial.dqsdqsd.dqsdqsd_print_proccesed_data scheduled__2022-02-26T21:51:17.549420+00:00 [queued]>
[2022-02-27 21:53:23,954] {taskinstance.py:1238} INFO - 
--------------------------------------------------------------------------------
[2022-02-27 21:53:23,956] {taskinstance.py:1239} INFO - Starting attempt 1 of 2
[2022-02-27 21:53:23,957] {taskinstance.py:1240} INFO - 
--------------------------------------------------------------------------------
[2022-02-27 21:53:23,974] {taskinstance.py:1259} INFO - Executing <Task(PythonOperator): dqsdqsd.dqsdqsd_print_proccesed_data> on 2022-02-26 21:51:17.549420+00:00
[2022-02-27 21:53:23,983] {standard_task_runner.py:52} INFO - Started process 9916 to run task
[2022-02-27 21:53:23,995] {standard_task_runner.py:76} INFO - Running: ['***', 'tasks', 'run', 'tutorial', 'dqsdqsd.dqsdqsd_print_proccesed_data', 'scheduled__2022-02-26T21:51:17.549420+00:00', '--job-id', '350', '--raw', '--subdir', 'DAGS_FOLDER/test_dag.py', '--cfg-path', '/tmp/tmpzxntzvfb', '--error-file', '/tmp/tmpvp63t2l0']
[2022-02-27 21:53:23,998] {standard_task_runner.py:77} INFO - Job 350: Subtask dqsdqsd.dqsdqsd_print_proccesed_data
[2022-02-27 21:53:24,165] {logging_mixin.py:109} INFO - Running <TaskInstance: tutorial.dqsdqsd.dqsdqsd_print_proccesed_data scheduled__2022-02-26T21:51:17.549420+00:00 [running]> on host ff48034dfdbf
[2022-02-27 21:53:24,296] {taskinstance.py:1426} INFO - Exporting the following env vars:
AIRFLOW_CTX_DAG_EMAIL=***@example.com
AIRFLOW_CTX_DAG_OWNER=***
AIRFLOW_CTX_DAG_ID=tutorial
AIRFLOW_CTX_TASK_ID=dqsdqsd.dqsdqsd_print_proccesed_data
AIRFLOW_CTX_EXECUTION_DATE=2022-02-26T21:51:17.549420+00:00
AIRFLOW_CTX_DAG_RUN_ID=scheduled__2022-02-26T21:51:17.549420+00:00
[2022-02-27 21:54:24,288] {python.py:175} INFO - Done. Returned value was: None
[2022-02-27 21:54:24,305] {taskinstance.py:1277} INFO - Marking task as SUCCESS. dag_id=tutorial, task_id=dqsdqsd.dqsdqsd_print_proccesed_data, execution_date=20220226T215117, start_date=20220227T215323, end_date=20220227T215424
[2022-02-27 21:54:24,360] {local_task_job.py:154} INFO - Task exited with return code 0
[2022-02-27 21:54:24,397] {local_task_job.py:264} INFO - 0 downstream tasks scheduled from follow-on schedule check
