[2022-04-23 14:20:39,580] {taskinstance.py:1032} INFO - Dependencies all met for <TaskInstance: tutorial.xsxsxqc.xsxsxqc_proccess_data scheduled__2022-03-30T16:04:54.591828+00:00 [queued]>
[2022-04-23 14:20:39,634] {taskinstance.py:1032} INFO - Dependencies all met for <TaskInstance: tutorial.xsxsxqc.xsxsxqc_proccess_data scheduled__2022-03-30T16:04:54.591828+00:00 [queued]>
[2022-04-23 14:20:39,637] {taskinstance.py:1238} INFO - 
--------------------------------------------------------------------------------
[2022-04-23 14:20:39,641] {taskinstance.py:1239} INFO - Starting attempt 1 of 2
[2022-04-23 14:20:39,644] {taskinstance.py:1240} INFO - 
--------------------------------------------------------------------------------
[2022-04-23 14:20:39,688] {taskinstance.py:1259} INFO - Executing <Task(PythonOperator): xsxsxqc.xsxsxqc_proccess_data> on 2022-03-30 16:04:54.591828+00:00
[2022-04-23 14:20:39,709] {standard_task_runner.py:76} INFO - Running: ['***', 'tasks', 'run', 'tutorial', 'xsxsxqc.xsxsxqc_proccess_data', 'scheduled__2022-03-30T16:04:54.591828+00:00', '--job-id', '1133', '--raw', '--subdir', 'DAGS_FOLDER/test_dag.py', '--cfg-path', '/tmp/tmpc3g70gw2', '--error-file', '/tmp/tmptug8wllr']
[2022-04-23 14:20:39,712] {standard_task_runner.py:77} INFO - Job 1133: Subtask xsxsxqc.xsxsxqc_proccess_data
[2022-04-23 14:20:39,700] {standard_task_runner.py:52} INFO - Started process 309 to run task
[2022-04-23 14:20:39,883] {logging_mixin.py:109} INFO - Running <TaskInstance: tutorial.xsxsxqc.xsxsxqc_proccess_data scheduled__2022-03-30T16:04:54.591828+00:00 [running]> on host ff48034dfdbf
[2022-04-23 14:20:40,058] {taskinstance.py:1426} INFO - Exporting the following env vars:
AIRFLOW_CTX_DAG_EMAIL=***@example.com
AIRFLOW_CTX_DAG_OWNER=***
AIRFLOW_CTX_DAG_ID=tutorial
AIRFLOW_CTX_TASK_ID=xsxsxqc.xsxsxqc_proccess_data
AIRFLOW_CTX_EXECUTION_DATE=2022-03-30T16:04:54.591828+00:00
AIRFLOW_CTX_DAG_RUN_ID=scheduled__2022-03-30T16:04:54.591828+00:00
[2022-04-23 14:21:40,041] {python.py:175} INFO - Done. Returned value was: None
[2022-04-23 14:21:40,090] {taskinstance.py:1277} INFO - Marking task as SUCCESS. dag_id=tutorial, task_id=xsxsxqc.xsxsxqc_proccess_data, execution_date=20220330T160454, start_date=20220423T142039, end_date=20220423T142140
[2022-04-23 14:21:40,191] {local_task_job.py:154} INFO - Task exited with return code 0
[2022-04-23 14:21:40,255] {local_task_job.py:264} INFO - 1 downstream tasks scheduled from follow-on schedule check
