[2022-04-23 14:19:40,550] {taskinstance.py:1032} INFO - Dependencies all met for <TaskInstance: tutorial.eaeaz.eaeaz_proccess_data scheduled__2022-03-30T16:04:54.591828+00:00 [queued]>
[2022-04-23 14:19:40,582] {taskinstance.py:1032} INFO - Dependencies all met for <TaskInstance: tutorial.eaeaz.eaeaz_proccess_data scheduled__2022-03-30T16:04:54.591828+00:00 [queued]>
[2022-04-23 14:19:40,584] {taskinstance.py:1238} INFO - 
--------------------------------------------------------------------------------
[2022-04-23 14:19:40,587] {taskinstance.py:1239} INFO - Starting attempt 1 of 2
[2022-04-23 14:19:40,588] {taskinstance.py:1240} INFO - 
--------------------------------------------------------------------------------
[2022-04-23 14:19:40,614] {taskinstance.py:1259} INFO - Executing <Task(PythonOperator): eaeaz.eaeaz_proccess_data> on 2022-03-30 16:04:54.591828+00:00
[2022-04-23 14:19:40,622] {standard_task_runner.py:52} INFO - Started process 262 to run task
[2022-04-23 14:19:40,629] {standard_task_runner.py:76} INFO - Running: ['***', 'tasks', 'run', 'tutorial', 'eaeaz.eaeaz_proccess_data', 'scheduled__2022-03-30T16:04:54.591828+00:00', '--job-id', '1132', '--raw', '--subdir', 'DAGS_FOLDER/test_dag.py', '--cfg-path', '/tmp/tmp08jw3_ct', '--error-file', '/tmp/tmpn918p085']
[2022-04-23 14:19:40,631] {standard_task_runner.py:77} INFO - Job 1132: Subtask eaeaz.eaeaz_proccess_data
[2022-04-23 14:19:40,736] {logging_mixin.py:109} INFO - Running <TaskInstance: tutorial.eaeaz.eaeaz_proccess_data scheduled__2022-03-30T16:04:54.591828+00:00 [running]> on host ff48034dfdbf
[2022-04-23 14:19:40,811] {taskinstance.py:1426} INFO - Exporting the following env vars:
AIRFLOW_CTX_DAG_EMAIL=***@example.com
AIRFLOW_CTX_DAG_OWNER=***
AIRFLOW_CTX_DAG_ID=tutorial
AIRFLOW_CTX_TASK_ID=eaeaz.eaeaz_proccess_data
AIRFLOW_CTX_EXECUTION_DATE=2022-03-30T16:04:54.591828+00:00
AIRFLOW_CTX_DAG_RUN_ID=scheduled__2022-03-30T16:04:54.591828+00:00
[2022-04-23 14:20:40,831] {python.py:175} INFO - Done. Returned value was: None
[2022-04-23 14:20:40,863] {taskinstance.py:1277} INFO - Marking task as SUCCESS. dag_id=tutorial, task_id=eaeaz.eaeaz_proccess_data, execution_date=20220330T160454, start_date=20220423T141940, end_date=20220423T142040
[2022-04-23 14:20:40,918] {local_task_job.py:154} INFO - Task exited with return code 0
[2022-04-23 14:20:40,992] {local_task_job.py:264} INFO - 1 downstream tasks scheduled from follow-on schedule check
