[2022-04-29 13:25:29,206] {taskinstance.py:1032} INFO - Dependencies all met for <TaskInstance: tutorial.hfghfg.hfghfg_get_data scheduled__2022-04-28T12:29:40.424433+00:00 [queued]>
[2022-04-29 13:25:29,266] {taskinstance.py:1032} INFO - Dependencies all met for <TaskInstance: tutorial.hfghfg.hfghfg_get_data scheduled__2022-04-28T12:29:40.424433+00:00 [queued]>
[2022-04-29 13:25:29,268] {taskinstance.py:1238} INFO - 
--------------------------------------------------------------------------------
[2022-04-29 13:25:29,269] {taskinstance.py:1239} INFO - Starting attempt 1 of 2
[2022-04-29 13:25:29,270] {taskinstance.py:1240} INFO - 
--------------------------------------------------------------------------------
[2022-04-29 13:25:29,327] {taskinstance.py:1259} INFO - Executing <Task(PythonOperator): hfghfg.hfghfg_get_data> on 2022-04-28 12:29:40.424433+00:00
[2022-04-29 13:25:29,342] {standard_task_runner.py:52} INFO - Started process 89 to run task
[2022-04-29 13:25:29,363] {standard_task_runner.py:76} INFO - Running: ['***', 'tasks', 'run', 'tutorial', 'hfghfg.hfghfg_get_data', 'scheduled__2022-04-28T12:29:40.424433+00:00', '--job-id', '1553', '--raw', '--subdir', 'DAGS_FOLDER/test_dag.py', '--cfg-path', '/tmp/tmpbszgo54r', '--error-file', '/tmp/tmp5st6us_f']
[2022-04-29 13:25:29,365] {standard_task_runner.py:77} INFO - Job 1553: Subtask hfghfg.hfghfg_get_data
[2022-04-29 13:25:29,688] {logging_mixin.py:109} INFO - Running <TaskInstance: tutorial.hfghfg.hfghfg_get_data scheduled__2022-04-28T12:29:40.424433+00:00 [running]> on host d5ad096ffea5
[2022-04-29 13:25:29,979] {taskinstance.py:1426} INFO - Exporting the following env vars:
AIRFLOW_CTX_DAG_EMAIL=***@example.com
AIRFLOW_CTX_DAG_OWNER=***
AIRFLOW_CTX_DAG_ID=tutorial
AIRFLOW_CTX_TASK_ID=hfghfg.hfghfg_get_data
AIRFLOW_CTX_EXECUTION_DATE=2022-04-28T12:29:40.424433+00:00
AIRFLOW_CTX_DAG_RUN_ID=scheduled__2022-04-28T12:29:40.424433+00:00
[2022-04-29 13:26:29,975] {python.py:175} INFO - Done. Returned value was: None
[2022-04-29 13:26:30,009] {taskinstance.py:1277} INFO - Marking task as SUCCESS. dag_id=tutorial, task_id=hfghfg.hfghfg_get_data, execution_date=20220428T122940, start_date=20220429T132529, end_date=20220429T132630
[2022-04-29 13:26:30,042] {local_task_job.py:212} WARNING - State of this instance has been externally set to success. Terminating instance.
[2022-04-29 13:26:30,051] {process_utils.py:124} INFO - Sending Signals.SIGTERM to group 89. PIDs of all processes in the group: [89]
[2022-04-29 13:26:30,052] {process_utils.py:75} INFO - Sending the signal Signals.SIGTERM to group 89
[2022-04-29 13:26:30,055] {process_utils.py:70} INFO - Process psutil.Process(pid=89, status='terminated', exitcode=0, started='13:25:28') (89) terminated with exit code 0
