[2022-03-28 12:48:16,418] {taskinstance.py:1032} INFO - Dependencies all met for <TaskInstance: tutorial.xsxsxqc.xsxsxqc_get_data scheduled__2022-03-15T12:05:20.517459+00:00 [queued]>
[2022-03-28 12:48:16,441] {taskinstance.py:1032} INFO - Dependencies all met for <TaskInstance: tutorial.xsxsxqc.xsxsxqc_get_data scheduled__2022-03-15T12:05:20.517459+00:00 [queued]>
[2022-03-28 12:48:16,442] {taskinstance.py:1238} INFO - 
--------------------------------------------------------------------------------
[2022-03-28 12:48:16,443] {taskinstance.py:1239} INFO - Starting attempt 1 of 2
[2022-03-28 12:48:16,445] {taskinstance.py:1240} INFO - 
--------------------------------------------------------------------------------
[2022-03-28 12:48:16,464] {taskinstance.py:1259} INFO - Executing <Task(PythonOperator): xsxsxqc.xsxsxqc_get_data> on 2022-03-15 12:05:20.517459+00:00
[2022-03-28 12:48:16,469] {standard_task_runner.py:52} INFO - Started process 77 to run task
[2022-03-28 12:48:16,475] {standard_task_runner.py:76} INFO - Running: ['***', 'tasks', 'run', 'tutorial', 'xsxsxqc.xsxsxqc_get_data', 'scheduled__2022-03-15T12:05:20.517459+00:00', '--job-id', '948', '--raw', '--subdir', 'DAGS_FOLDER/test_dag.py', '--cfg-path', '/tmp/tmp7g_gxibr', '--error-file', '/tmp/tmp0_33i1ok']
[2022-03-28 12:48:16,476] {standard_task_runner.py:77} INFO - Job 948: Subtask xsxsxqc.xsxsxqc_get_data
[2022-03-28 12:48:16,578] {logging_mixin.py:109} INFO - Running <TaskInstance: tutorial.xsxsxqc.xsxsxqc_get_data scheduled__2022-03-15T12:05:20.517459+00:00 [running]> on host ff48034dfdbf
[2022-03-28 12:48:16,701] {taskinstance.py:1426} INFO - Exporting the following env vars:
AIRFLOW_CTX_DAG_EMAIL=***@example.com
AIRFLOW_CTX_DAG_OWNER=***
AIRFLOW_CTX_DAG_ID=tutorial
AIRFLOW_CTX_TASK_ID=xsxsxqc.xsxsxqc_get_data
AIRFLOW_CTX_EXECUTION_DATE=2022-03-15T12:05:20.517459+00:00
AIRFLOW_CTX_DAG_RUN_ID=scheduled__2022-03-15T12:05:20.517459+00:00
[2022-03-28 12:49:16,673] {python.py:175} INFO - Done. Returned value was: None
[2022-03-28 12:49:16,704] {taskinstance.py:1277} INFO - Marking task as SUCCESS. dag_id=tutorial, task_id=xsxsxqc.xsxsxqc_get_data, execution_date=20220315T120520, start_date=20220328T124816, end_date=20220328T124916
[2022-03-28 12:49:16,753] {local_task_job.py:154} INFO - Task exited with return code 0
[2022-03-28 12:49:16,854] {local_task_job.py:264} INFO - 1 downstream tasks scheduled from follow-on schedule check
