[2022-04-29 15:33:39,850] {taskinstance.py:1032} INFO - Dependencies all met for <TaskInstance: cdn_daily.import_cat.check_status_of_cat manual__2022-04-29T15:33:34.007459+00:00 [queued]>
[2022-04-29 15:33:39,866] {taskinstance.py:1032} INFO - Dependencies all met for <TaskInstance: cdn_daily.import_cat.check_status_of_cat manual__2022-04-29T15:33:34.007459+00:00 [queued]>
[2022-04-29 15:33:39,868] {taskinstance.py:1238} INFO - 
--------------------------------------------------------------------------------
[2022-04-29 15:33:39,869] {taskinstance.py:1239} INFO - Starting attempt 1 of 2
[2022-04-29 15:33:39,870] {taskinstance.py:1240} INFO - 
--------------------------------------------------------------------------------
[2022-04-29 15:33:39,893] {taskinstance.py:1259} INFO - Executing <Task(PythonOperator): import_cat.check_status_of_cat> on 2022-04-29 15:33:34.007459+00:00
[2022-04-29 15:33:39,901] {standard_task_runner.py:52} INFO - Started process 3872 to run task
[2022-04-29 15:33:39,908] {standard_task_runner.py:76} INFO - Running: ['***', 'tasks', 'run', 'cdn_daily', 'import_cat.check_status_of_cat', 'manual__2022-04-29T15:33:34.007459+00:00', '--job-id', '1721', '--raw', '--subdir', 'DAGS_FOLDER/cdn_daily.py', '--cfg-path', '/tmp/tmpujdku1gm', '--error-file', '/tmp/tmpxryfpjf5']
[2022-04-29 15:33:39,910] {standard_task_runner.py:77} INFO - Job 1721: Subtask import_cat.check_status_of_cat
[2022-04-29 15:33:40,032] {logging_mixin.py:109} INFO - Running <TaskInstance: cdn_daily.import_cat.check_status_of_cat manual__2022-04-29T15:33:34.007459+00:00 [running]> on host d5ad096ffea5
[2022-04-29 15:33:40,114] {taskinstance.py:1426} INFO - Exporting the following env vars:
AIRFLOW_CTX_DAG_EMAIL=***@example.com
AIRFLOW_CTX_DAG_OWNER=***
AIRFLOW_CTX_DAG_ID=cdn_daily
AIRFLOW_CTX_TASK_ID=import_cat.check_status_of_cat
AIRFLOW_CTX_EXECUTION_DATE=2022-04-29T15:33:34.007459+00:00
AIRFLOW_CTX_DAG_RUN_ID=manual__2022-04-29T15:33:34.007459+00:00
[2022-04-29 15:33:40,117] {logging_mixin.py:109} INFO - run_cat
[2022-04-29 15:33:40,129] {logging_mixin.py:109} INFO - None
[2022-04-29 15:33:40,141] {logging_mixin.py:109} INFO - cat.alm
[2022-04-29 15:33:40,154] {logging_mixin.py:109} INFO - 4
[2022-04-29 15:33:44,158] {python.py:175} INFO - Done. Returned value was: None
[2022-04-29 15:33:44,176] {taskinstance.py:1277} INFO - Marking task as SUCCESS. dag_id=cdn_daily, task_id=import_cat.check_status_of_cat, execution_date=20220429T153334, start_date=20220429T153339, end_date=20220429T153344
[2022-04-29 15:33:44,211] {local_task_job.py:154} INFO - Task exited with return code 0
[2022-04-29 15:33:44,267] {local_task_job.py:264} INFO - 1 downstream tasks scheduled from follow-on schedule check
