[2022-04-23 14:20:40,354] {taskinstance.py:1032} INFO - Dependencies all met for <TaskInstance: tutorial.wcccw.wcccw_proccess_data scheduled__2022-03-30T16:04:54.591828+00:00 [queued]>
[2022-04-23 14:20:40,387] {taskinstance.py:1032} INFO - Dependencies all met for <TaskInstance: tutorial.wcccw.wcccw_proccess_data scheduled__2022-03-30T16:04:54.591828+00:00 [queued]>
[2022-04-23 14:20:40,390] {taskinstance.py:1238} INFO - 
--------------------------------------------------------------------------------
[2022-04-23 14:20:40,393] {taskinstance.py:1239} INFO - Starting attempt 1 of 2
[2022-04-23 14:20:40,395] {taskinstance.py:1240} INFO - 
--------------------------------------------------------------------------------
[2022-04-23 14:20:40,424] {taskinstance.py:1259} INFO - Executing <Task(PythonOperator): wcccw.wcccw_proccess_data> on 2022-03-30 16:04:54.591828+00:00
[2022-04-23 14:20:40,437] {standard_task_runner.py:52} INFO - Started process 316 to run task
[2022-04-23 14:20:40,446] {standard_task_runner.py:76} INFO - Running: ['***', 'tasks', 'run', 'tutorial', 'wcccw.wcccw_proccess_data', 'scheduled__2022-03-30T16:04:54.591828+00:00', '--job-id', '1140', '--raw', '--subdir', 'DAGS_FOLDER/test_dag.py', '--cfg-path', '/tmp/tmpjolyuiur', '--error-file', '/tmp/tmp35ja5f5m']
[2022-04-23 14:20:40,448] {standard_task_runner.py:77} INFO - Job 1140: Subtask wcccw.wcccw_proccess_data
[2022-04-23 14:20:40,580] {logging_mixin.py:109} INFO - Running <TaskInstance: tutorial.wcccw.wcccw_proccess_data scheduled__2022-03-30T16:04:54.591828+00:00 [running]> on host ff48034dfdbf
[2022-04-23 14:20:40,694] {taskinstance.py:1426} INFO - Exporting the following env vars:
AIRFLOW_CTX_DAG_EMAIL=***@example.com
AIRFLOW_CTX_DAG_OWNER=***
AIRFLOW_CTX_DAG_ID=tutorial
AIRFLOW_CTX_TASK_ID=wcccw.wcccw_proccess_data
AIRFLOW_CTX_EXECUTION_DATE=2022-03-30T16:04:54.591828+00:00
AIRFLOW_CTX_DAG_RUN_ID=scheduled__2022-03-30T16:04:54.591828+00:00
[2022-04-23 14:21:40,689] {python.py:175} INFO - Done. Returned value was: None
[2022-04-23 14:21:40,754] {taskinstance.py:1277} INFO - Marking task as SUCCESS. dag_id=tutorial, task_id=wcccw.wcccw_proccess_data, execution_date=20220330T160454, start_date=20220423T142040, end_date=20220423T142140
[2022-04-23 14:21:40,837] {local_task_job.py:154} INFO - Task exited with return code 0
[2022-04-23 14:21:41,027] {local_task_job.py:264} INFO - 0 downstream tasks scheduled from follow-on schedule check
