[2022-02-27 17:19:56,273] {taskinstance.py:1032} INFO - Dependencies all met for <TaskInstance: tutorial.wcccw.wcccw_proccess_data scheduled__2022-02-25T21:44:04.431894+00:00 [queued]>
[2022-02-27 17:19:56,291] {taskinstance.py:1032} INFO - Dependencies all met for <TaskInstance: tutorial.wcccw.wcccw_proccess_data scheduled__2022-02-25T21:44:04.431894+00:00 [queued]>
[2022-02-27 17:19:56,292] {taskinstance.py:1238} INFO - 
--------------------------------------------------------------------------------
[2022-02-27 17:19:56,293] {taskinstance.py:1239} INFO - Starting attempt 1 of 2
[2022-02-27 17:19:56,294] {taskinstance.py:1240} INFO - 
--------------------------------------------------------------------------------
[2022-02-27 17:19:56,309] {taskinstance.py:1259} INFO - Executing <Task(PythonOperator): wcccw.wcccw_proccess_data> on 2022-02-25 21:44:04.431894+00:00
[2022-02-27 17:19:56,314] {standard_task_runner.py:52} INFO - Started process 196 to run task
[2022-02-27 17:19:56,320] {standard_task_runner.py:76} INFO - Running: ['***', 'tasks', 'run', 'tutorial', 'wcccw.wcccw_proccess_data', 'scheduled__2022-02-25T21:44:04.431894+00:00', '--job-id', '309', '--raw', '--subdir', 'DAGS_FOLDER/test_dag.py', '--cfg-path', '/tmp/tmp2yp4raln', '--error-file', '/tmp/tmpj6d523tp']
[2022-02-27 17:19:56,322] {standard_task_runner.py:77} INFO - Job 309: Subtask wcccw.wcccw_proccess_data
[2022-02-27 17:19:56,426] {logging_mixin.py:109} INFO - Running <TaskInstance: tutorial.wcccw.wcccw_proccess_data scheduled__2022-02-25T21:44:04.431894+00:00 [running]> on host ff48034dfdbf
[2022-02-27 17:19:56,540] {taskinstance.py:1426} INFO - Exporting the following env vars:
AIRFLOW_CTX_DAG_EMAIL=***@example.com
AIRFLOW_CTX_DAG_OWNER=***
AIRFLOW_CTX_DAG_ID=tutorial
AIRFLOW_CTX_TASK_ID=wcccw.wcccw_proccess_data
AIRFLOW_CTX_EXECUTION_DATE=2022-02-25T21:44:04.431894+00:00
AIRFLOW_CTX_DAG_RUN_ID=scheduled__2022-02-25T21:44:04.431894+00:00
[2022-02-27 17:20:56,502] {python.py:175} INFO - Done. Returned value was: None
[2022-02-27 17:20:56,516] {taskinstance.py:1277} INFO - Marking task as SUCCESS. dag_id=tutorial, task_id=wcccw.wcccw_proccess_data, execution_date=20220225T214404, start_date=20220227T171956, end_date=20220227T172056
[2022-02-27 17:20:56,565] {local_task_job.py:154} INFO - Task exited with return code 0
[2022-02-27 17:20:56,604] {local_task_job.py:264} INFO - 1 downstream tasks scheduled from follow-on schedule check
