[2022-04-26 13:55:21,193] {taskinstance.py:1032} INFO - Dependencies all met for <TaskInstance: tutorial.fsqfqf.fsqfqf_proccess_data scheduled__2022-04-23T14:25:49.377068+00:00 [queued]>
[2022-04-26 13:55:21,221] {taskinstance.py:1032} INFO - Dependencies all met for <TaskInstance: tutorial.fsqfqf.fsqfqf_proccess_data scheduled__2022-04-23T14:25:49.377068+00:00 [queued]>
[2022-04-26 13:55:21,223] {taskinstance.py:1238} INFO - 
--------------------------------------------------------------------------------
[2022-04-26 13:55:21,224] {taskinstance.py:1239} INFO - Starting attempt 1 of 2
[2022-04-26 13:55:21,225] {taskinstance.py:1240} INFO - 
--------------------------------------------------------------------------------
[2022-04-26 13:55:21,250] {taskinstance.py:1259} INFO - Executing <Task(PythonOperator): fsqfqf.fsqfqf_proccess_data> on 2022-04-23 14:25:49.377068+00:00
[2022-04-26 13:55:21,258] {standard_task_runner.py:52} INFO - Started process 212 to run task
[2022-04-26 13:55:21,266] {standard_task_runner.py:76} INFO - Running: ['***', 'tasks', 'run', 'tutorial', 'fsqfqf.fsqfqf_proccess_data', 'scheduled__2022-04-23T14:25:49.377068+00:00', '--job-id', '1265', '--raw', '--subdir', 'DAGS_FOLDER/test_dag.py', '--cfg-path', '/tmp/tmp7u3puzup', '--error-file', '/tmp/tmp6rrnong7']
[2022-04-26 13:55:21,267] {standard_task_runner.py:77} INFO - Job 1265: Subtask fsqfqf.fsqfqf_proccess_data
[2022-04-26 13:55:21,412] {logging_mixin.py:109} INFO - Running <TaskInstance: tutorial.fsqfqf.fsqfqf_proccess_data scheduled__2022-04-23T14:25:49.377068+00:00 [running]> on host ff48034dfdbf
[2022-04-26 13:55:21,522] {taskinstance.py:1426} INFO - Exporting the following env vars:
AIRFLOW_CTX_DAG_EMAIL=***@example.com
AIRFLOW_CTX_DAG_OWNER=***
AIRFLOW_CTX_DAG_ID=tutorial
AIRFLOW_CTX_TASK_ID=fsqfqf.fsqfqf_proccess_data
AIRFLOW_CTX_EXECUTION_DATE=2022-04-23T14:25:49.377068+00:00
AIRFLOW_CTX_DAG_RUN_ID=scheduled__2022-04-23T14:25:49.377068+00:00
[2022-04-26 13:56:21,516] {python.py:175} INFO - Done. Returned value was: None
[2022-04-26 13:56:21,610] {taskinstance.py:1277} INFO - Marking task as SUCCESS. dag_id=tutorial, task_id=fsqfqf.fsqfqf_proccess_data, execution_date=20220423T142549, start_date=20220426T135521, end_date=20220426T135621
[2022-04-26 13:56:21,682] {local_task_job.py:154} INFO - Task exited with return code 0
[2022-04-26 13:56:21,776] {local_task_job.py:264} INFO - 1 downstream tasks scheduled from follow-on schedule check
