[2022-02-20 17:39:47,060] {taskinstance.py:1032} INFO - Dependencies all met for <TaskInstance: tutorial.wcccw.wcccw_proccess_data scheduled__2022-02-19T17:28:01.321646+00:00 [queued]>
[2022-02-20 17:39:47,094] {taskinstance.py:1032} INFO - Dependencies all met for <TaskInstance: tutorial.wcccw.wcccw_proccess_data scheduled__2022-02-19T17:28:01.321646+00:00 [queued]>
[2022-02-20 17:39:47,097] {taskinstance.py:1238} INFO - 
--------------------------------------------------------------------------------
[2022-02-20 17:39:47,118] {taskinstance.py:1239} INFO - Starting attempt 1 of 2
[2022-02-20 17:39:47,134] {taskinstance.py:1240} INFO - 
--------------------------------------------------------------------------------
[2022-02-20 17:39:47,171] {taskinstance.py:1259} INFO - Executing <Task(PythonOperator): wcccw.wcccw_proccess_data> on 2022-02-19 17:28:01.321646+00:00
[2022-02-20 17:39:47,179] {standard_task_runner.py:52} INFO - Started process 28582 to run task
[2022-02-20 17:39:47,187] {standard_task_runner.py:76} INFO - Running: ['***', 'tasks', 'run', 'tutorial', 'wcccw.wcccw_proccess_data', 'scheduled__2022-02-19T17:28:01.321646+00:00', '--job-id', '57', '--raw', '--subdir', 'DAGS_FOLDER/test_dag.py', '--cfg-path', '/tmp/tmp_wv2j5ik', '--error-file', '/tmp/tmp8n6go_pj']
[2022-02-20 17:39:47,189] {standard_task_runner.py:77} INFO - Job 57: Subtask wcccw.wcccw_proccess_data
[2022-02-20 17:39:47,462] {logging_mixin.py:109} INFO - Running <TaskInstance: tutorial.wcccw.wcccw_proccess_data scheduled__2022-02-19T17:28:01.321646+00:00 [running]> on host ff48034dfdbf
[2022-02-20 17:39:47,608] {taskinstance.py:1426} INFO - Exporting the following env vars:
AIRFLOW_CTX_DAG_EMAIL=***@example.com
AIRFLOW_CTX_DAG_OWNER=***
AIRFLOW_CTX_DAG_ID=tutorial
AIRFLOW_CTX_TASK_ID=wcccw.wcccw_proccess_data
AIRFLOW_CTX_EXECUTION_DATE=2022-02-19T17:28:01.321646+00:00
AIRFLOW_CTX_DAG_RUN_ID=scheduled__2022-02-19T17:28:01.321646+00:00
[2022-02-20 17:40:47,603] {python.py:175} INFO - Done. Returned value was: None
[2022-02-20 17:40:47,619] {taskinstance.py:1277} INFO - Marking task as SUCCESS. dag_id=tutorial, task_id=wcccw.wcccw_proccess_data, execution_date=20220219T172801, start_date=20220220T173947, end_date=20220220T174047
[2022-02-20 17:40:47,682] {local_task_job.py:154} INFO - Task exited with return code 0
[2022-02-20 17:40:47,713] {local_task_job.py:264} INFO - 1 downstream tasks scheduled from follow-on schedule check
