[2022-04-29 15:29:29,879] {taskinstance.py:1032} INFO - Dependencies all met for <TaskInstance: cdn_daily.import_cat.check_presence_of_cat1 manual__2022-04-29T15:29:28.902590+00:00 [queued]>
[2022-04-29 15:29:29,913] {taskinstance.py:1032} INFO - Dependencies all met for <TaskInstance: cdn_daily.import_cat.check_presence_of_cat1 manual__2022-04-29T15:29:28.902590+00:00 [queued]>
[2022-04-29 15:29:29,914] {taskinstance.py:1238} INFO - 
--------------------------------------------------------------------------------
[2022-04-29 15:29:29,917] {taskinstance.py:1239} INFO - Starting attempt 1 of 2
[2022-04-29 15:29:29,920] {taskinstance.py:1240} INFO - 
--------------------------------------------------------------------------------
[2022-04-29 15:29:29,948] {taskinstance.py:1259} INFO - Executing <Task(PythonOperator): import_cat.check_presence_of_cat1> on 2022-04-29 15:29:28.902590+00:00
[2022-04-29 15:29:29,957] {standard_task_runner.py:52} INFO - Started process 3597 to run task
[2022-04-29 15:29:29,962] {standard_task_runner.py:76} INFO - Running: ['***', 'tasks', 'run', 'cdn_daily', 'import_cat.check_presence_of_cat1', 'manual__2022-04-29T15:29:28.902590+00:00', '--job-id', '1664', '--raw', '--subdir', 'DAGS_FOLDER/cdn_daily.py', '--cfg-path', '/tmp/tmpyi5_ynee', '--error-file', '/tmp/tmpxzsea1v_']
[2022-04-29 15:29:29,964] {standard_task_runner.py:77} INFO - Job 1664: Subtask import_cat.check_presence_of_cat1
[2022-04-29 15:29:30,070] {logging_mixin.py:109} INFO - Running <TaskInstance: cdn_daily.import_cat.check_presence_of_cat1 manual__2022-04-29T15:29:28.902590+00:00 [running]> on host d5ad096ffea5
[2022-04-29 15:29:30,173] {taskinstance.py:1426} INFO - Exporting the following env vars:
AIRFLOW_CTX_DAG_EMAIL=***@example.com
AIRFLOW_CTX_DAG_OWNER=***
AIRFLOW_CTX_DAG_ID=cdn_daily
AIRFLOW_CTX_TASK_ID=import_cat.check_presence_of_cat1
AIRFLOW_CTX_EXECUTION_DATE=2022-04-29T15:29:28.902590+00:00
AIRFLOW_CTX_DAG_RUN_ID=manual__2022-04-29T15:29:28.902590+00:00
[2022-04-29 15:29:30,217] {python.py:175} INFO - Done. Returned value was: None
[2022-04-29 15:29:30,242] {taskinstance.py:1277} INFO - Marking task as SUCCESS. dag_id=cdn_daily, task_id=import_cat.check_presence_of_cat1, execution_date=20220429T152928, start_date=20220429T152929, end_date=20220429T152930
[2022-04-29 15:29:30,299] {local_task_job.py:154} INFO - Task exited with return code 0
[2022-04-29 15:29:30,426] {local_task_job.py:264} INFO - 1 downstream tasks scheduled from follow-on schedule check
