[2022-03-06 20:34:24,511] {taskinstance.py:1032} INFO - Dependencies all met for <TaskInstance: tutorial.hfghfg.hfghfg_proccess_data scheduled__2022-03-05T10:29:52.784989+00:00 [queued]>
[2022-03-06 20:34:24,526] {taskinstance.py:1032} INFO - Dependencies all met for <TaskInstance: tutorial.hfghfg.hfghfg_proccess_data scheduled__2022-03-05T10:29:52.784989+00:00 [queued]>
[2022-03-06 20:34:24,527] {taskinstance.py:1238} INFO - 
--------------------------------------------------------------------------------
[2022-03-06 20:34:24,528] {taskinstance.py:1239} INFO - Starting attempt 1 of 2
[2022-03-06 20:34:24,529] {taskinstance.py:1240} INFO - 
--------------------------------------------------------------------------------
[2022-03-06 20:34:24,544] {taskinstance.py:1259} INFO - Executing <Task(PythonOperator): hfghfg.hfghfg_proccess_data> on 2022-03-05 10:29:52.784989+00:00
[2022-03-06 20:34:24,552] {standard_task_runner.py:52} INFO - Started process 136 to run task
[2022-03-06 20:34:24,558] {standard_task_runner.py:76} INFO - Running: ['***', 'tasks', 'run', 'tutorial', 'hfghfg.hfghfg_proccess_data', 'scheduled__2022-03-05T10:29:52.784989+00:00', '--job-id', '598', '--raw', '--subdir', 'DAGS_FOLDER/test_dag.py', '--cfg-path', '/tmp/tmp9v3ss4i4', '--error-file', '/tmp/tmp9nglnctu']
[2022-03-06 20:34:24,559] {standard_task_runner.py:77} INFO - Job 598: Subtask hfghfg.hfghfg_proccess_data
[2022-03-06 20:34:24,648] {logging_mixin.py:109} INFO - Running <TaskInstance: tutorial.hfghfg.hfghfg_proccess_data scheduled__2022-03-05T10:29:52.784989+00:00 [running]> on host ff48034dfdbf
[2022-03-06 20:34:24,739] {taskinstance.py:1426} INFO - Exporting the following env vars:
AIRFLOW_CTX_DAG_EMAIL=***@example.com
AIRFLOW_CTX_DAG_OWNER=***
AIRFLOW_CTX_DAG_ID=tutorial
AIRFLOW_CTX_TASK_ID=hfghfg.hfghfg_proccess_data
AIRFLOW_CTX_EXECUTION_DATE=2022-03-05T10:29:52.784989+00:00
AIRFLOW_CTX_DAG_RUN_ID=scheduled__2022-03-05T10:29:52.784989+00:00
[2022-03-06 20:35:24,705] {python.py:175} INFO - Done. Returned value was: None
[2022-03-06 20:35:24,719] {taskinstance.py:1277} INFO - Marking task as SUCCESS. dag_id=tutorial, task_id=hfghfg.hfghfg_proccess_data, execution_date=20220305T102952, start_date=20220306T203424, end_date=20220306T203524
[2022-03-06 20:35:24,760] {local_task_job.py:154} INFO - Task exited with return code 0
[2022-03-06 20:35:24,805] {local_task_job.py:264} INFO - 1 downstream tasks scheduled from follow-on schedule check
