[2022-04-29 15:36:28,876] {taskinstance.py:1032} INFO - Dependencies all met for <TaskInstance: cdn_daily.import_pre.check_status_of_pre manual__2022-04-29T15:26:23.872433+00:00 [queued]>
[2022-04-29 15:36:28,891] {taskinstance.py:1032} INFO - Dependencies all met for <TaskInstance: cdn_daily.import_pre.check_status_of_pre manual__2022-04-29T15:26:23.872433+00:00 [queued]>
[2022-04-29 15:36:28,893] {taskinstance.py:1238} INFO - 
--------------------------------------------------------------------------------
[2022-04-29 15:36:28,894] {taskinstance.py:1239} INFO - Starting attempt 2 of 2
[2022-04-29 15:36:28,895] {taskinstance.py:1240} INFO - 
--------------------------------------------------------------------------------
[2022-04-29 15:36:28,913] {taskinstance.py:1259} INFO - Executing <Task(PythonOperator): import_pre.check_status_of_pre> on 2022-04-29 15:26:23.872433+00:00
[2022-04-29 15:36:28,919] {standard_task_runner.py:52} INFO - Started process 4050 to run task
[2022-04-29 15:36:28,925] {standard_task_runner.py:76} INFO - Running: ['***', 'tasks', 'run', 'cdn_daily', 'import_pre.check_status_of_pre', 'manual__2022-04-29T15:26:23.872433+00:00', '--job-id', '1751', '--raw', '--subdir', 'DAGS_FOLDER/cdn_daily.py', '--cfg-path', '/tmp/tmpa7umfg5o', '--error-file', '/tmp/tmps2zkpz81']
[2022-04-29 15:36:28,926] {standard_task_runner.py:77} INFO - Job 1751: Subtask import_pre.check_status_of_pre
[2022-04-29 15:36:29,024] {logging_mixin.py:109} INFO - Running <TaskInstance: cdn_daily.import_pre.check_status_of_pre manual__2022-04-29T15:26:23.872433+00:00 [running]> on host d5ad096ffea5
[2022-04-29 15:36:29,129] {taskinstance.py:1426} INFO - Exporting the following env vars:
AIRFLOW_CTX_DAG_EMAIL=***@example.com
AIRFLOW_CTX_DAG_OWNER=***
AIRFLOW_CTX_DAG_ID=cdn_daily
AIRFLOW_CTX_TASK_ID=import_pre.check_status_of_pre
AIRFLOW_CTX_EXECUTION_DATE=2022-04-29T15:26:23.872433+00:00
AIRFLOW_CTX_DAG_RUN_ID=manual__2022-04-29T15:26:23.872433+00:00
[2022-04-29 15:36:29,132] {logging_mixin.py:109} INFO - run_pre
[2022-04-29 15:36:29,146] {logging_mixin.py:109} INFO - None
[2022-04-29 15:36:29,161] {logging_mixin.py:109} INFO - pre.alm
[2022-04-29 15:36:29,175] {logging_mixin.py:109} INFO - 1
[2022-04-29 15:36:30,179] {python.py:175} INFO - Done. Returned value was: None
[2022-04-29 15:36:30,220] {taskinstance.py:1277} INFO - Marking task as SUCCESS. dag_id=cdn_daily, task_id=import_pre.check_status_of_pre, execution_date=20220429T152623, start_date=20220429T153628, end_date=20220429T153630
[2022-04-29 15:36:30,294] {local_task_job.py:154} INFO - Task exited with return code 0
[2022-04-29 15:36:30,400] {local_task_job.py:264} INFO - 0 downstream tasks scheduled from follow-on schedule check
