[2022-04-26 14:00:29,979] {taskinstance.py:1032} INFO - Dependencies all met for <TaskInstance: tutorial.jghjg.jghjg_get_data scheduled__2022-04-25T13:59:28.202500+00:00 [queued]>
[2022-04-26 14:00:29,998] {taskinstance.py:1032} INFO - Dependencies all met for <TaskInstance: tutorial.jghjg.jghjg_get_data scheduled__2022-04-25T13:59:28.202500+00:00 [queued]>
[2022-04-26 14:00:29,999] {taskinstance.py:1238} INFO - 
--------------------------------------------------------------------------------
[2022-04-26 14:00:30,000] {taskinstance.py:1239} INFO - Starting attempt 1 of 2
[2022-04-26 14:00:30,002] {taskinstance.py:1240} INFO - 
--------------------------------------------------------------------------------
[2022-04-26 14:00:30,019] {taskinstance.py:1259} INFO - Executing <Task(PythonOperator): jghjg.jghjg_get_data> on 2022-04-25 13:59:28.202500+00:00
[2022-04-26 14:00:30,025] {standard_task_runner.py:52} INFO - Started process 507 to run task
[2022-04-26 14:00:30,030] {standard_task_runner.py:76} INFO - Running: ['***', 'tasks', 'run', 'tutorial', 'jghjg.jghjg_get_data', 'scheduled__2022-04-25T13:59:28.202500+00:00', '--job-id', '1318', '--raw', '--subdir', 'DAGS_FOLDER/test_dag.py', '--cfg-path', '/tmp/tmp17vig9z5', '--error-file', '/tmp/tmpqg8kkdwk']
[2022-04-26 14:00:30,032] {standard_task_runner.py:77} INFO - Job 1318: Subtask jghjg.jghjg_get_data
[2022-04-26 14:00:30,115] {logging_mixin.py:109} INFO - Running <TaskInstance: tutorial.jghjg.jghjg_get_data scheduled__2022-04-25T13:59:28.202500+00:00 [running]> on host ff48034dfdbf
[2022-04-26 14:00:30,185] {taskinstance.py:1426} INFO - Exporting the following env vars:
AIRFLOW_CTX_DAG_EMAIL=***@example.com
AIRFLOW_CTX_DAG_OWNER=***
AIRFLOW_CTX_DAG_ID=tutorial
AIRFLOW_CTX_TASK_ID=jghjg.jghjg_get_data
AIRFLOW_CTX_EXECUTION_DATE=2022-04-25T13:59:28.202500+00:00
AIRFLOW_CTX_DAG_RUN_ID=scheduled__2022-04-25T13:59:28.202500+00:00
[2022-04-26 14:01:30,197] {python.py:175} INFO - Done. Returned value was: None
[2022-04-26 14:01:30,213] {taskinstance.py:1277} INFO - Marking task as SUCCESS. dag_id=tutorial, task_id=jghjg.jghjg_get_data, execution_date=20220425T135928, start_date=20220426T140029, end_date=20220426T140130
[2022-04-26 14:01:30,263] {local_task_job.py:154} INFO - Task exited with return code 0
[2022-04-26 14:01:30,312] {local_task_job.py:264} INFO - 1 downstream tasks scheduled from follow-on schedule check
