[2022-03-06 20:35:25,924] {taskinstance.py:1032} INFO - Dependencies all met for <TaskInstance: tutorial.pre.pre_print_proccesed_data scheduled__2022-03-05T10:29:52.784989+00:00 [queued]>
[2022-03-06 20:35:25,945] {taskinstance.py:1032} INFO - Dependencies all met for <TaskInstance: tutorial.pre.pre_print_proccesed_data scheduled__2022-03-05T10:29:52.784989+00:00 [queued]>
[2022-03-06 20:35:25,947] {taskinstance.py:1238} INFO - 
--------------------------------------------------------------------------------
[2022-03-06 20:35:25,948] {taskinstance.py:1239} INFO - Starting attempt 1 of 2
[2022-03-06 20:35:25,949] {taskinstance.py:1240} INFO - 
--------------------------------------------------------------------------------
[2022-03-06 20:35:25,972] {taskinstance.py:1259} INFO - Executing <Task(PythonOperator): pre.pre_print_proccesed_data> on 2022-03-05 10:29:52.784989+00:00
[2022-03-06 20:35:25,981] {standard_task_runner.py:52} INFO - Started process 203 to run task
[2022-03-06 20:35:25,989] {standard_task_runner.py:76} INFO - Running: ['***', 'tasks', 'run', 'tutorial', 'pre.pre_print_proccesed_data', 'scheduled__2022-03-05T10:29:52.784989+00:00', '--job-id', '609', '--raw', '--subdir', 'DAGS_FOLDER/test_dag.py', '--cfg-path', '/tmp/tmpzoed4fx1', '--error-file', '/tmp/tmpz081jn_0']
[2022-03-06 20:35:25,991] {standard_task_runner.py:77} INFO - Job 609: Subtask pre.pre_print_proccesed_data
[2022-03-06 20:35:26,110] {logging_mixin.py:109} INFO - Running <TaskInstance: tutorial.pre.pre_print_proccesed_data scheduled__2022-03-05T10:29:52.784989+00:00 [running]> on host ff48034dfdbf
[2022-03-06 20:35:26,221] {taskinstance.py:1426} INFO - Exporting the following env vars:
AIRFLOW_CTX_DAG_EMAIL=***@example.com
AIRFLOW_CTX_DAG_OWNER=***
AIRFLOW_CTX_DAG_ID=tutorial
AIRFLOW_CTX_TASK_ID=pre.pre_print_proccesed_data
AIRFLOW_CTX_EXECUTION_DATE=2022-03-05T10:29:52.784989+00:00
AIRFLOW_CTX_DAG_RUN_ID=scheduled__2022-03-05T10:29:52.784989+00:00
[2022-03-06 20:36:26,242] {python.py:175} INFO - Done. Returned value was: None
[2022-03-06 20:36:26,274] {taskinstance.py:1277} INFO - Marking task as SUCCESS. dag_id=tutorial, task_id=pre.pre_print_proccesed_data, execution_date=20220305T102952, start_date=20220306T203525, end_date=20220306T203626
[2022-03-06 20:36:26,337] {local_task_job.py:154} INFO - Task exited with return code 0
[2022-03-06 20:36:26,395] {local_task_job.py:264} INFO - 0 downstream tasks scheduled from follow-on schedule check
