[2022-04-29 15:34:13,222] {taskinstance.py:1032} INFO - Dependencies all met for <TaskInstance: cdn_daily.import_vol.run_vol manual__2022-04-29T15:33:55.249340+00:00 [queued]>
[2022-04-29 15:34:13,240] {taskinstance.py:1032} INFO - Dependencies all met for <TaskInstance: cdn_daily.import_vol.run_vol manual__2022-04-29T15:33:55.249340+00:00 [queued]>
[2022-04-29 15:34:13,242] {taskinstance.py:1238} INFO - 
--------------------------------------------------------------------------------
[2022-04-29 15:34:13,244] {taskinstance.py:1239} INFO - Starting attempt 1 of 2
[2022-04-29 15:34:13,245] {taskinstance.py:1240} INFO - 
--------------------------------------------------------------------------------
[2022-04-29 15:34:13,264] {taskinstance.py:1259} INFO - Executing <Task(PythonOperator): import_vol.run_vol> on 2022-04-29 15:33:55.249340+00:00
[2022-04-29 15:34:13,271] {standard_task_runner.py:52} INFO - Started process 3933 to run task
[2022-04-29 15:34:13,277] {standard_task_runner.py:76} INFO - Running: ['***', 'tasks', 'run', 'cdn_daily', 'import_vol.run_vol', 'manual__2022-04-29T15:33:55.249340+00:00', '--job-id', '1737', '--raw', '--subdir', 'DAGS_FOLDER/cdn_daily.py', '--cfg-path', '/tmp/tmp9s3g24ds', '--error-file', '/tmp/tmpbqkql_j2']
[2022-04-29 15:34:13,278] {standard_task_runner.py:77} INFO - Job 1737: Subtask import_vol.run_vol
[2022-04-29 15:34:13,374] {logging_mixin.py:109} INFO - Running <TaskInstance: cdn_daily.import_vol.run_vol manual__2022-04-29T15:33:55.249340+00:00 [running]> on host d5ad096ffea5
[2022-04-29 15:34:13,461] {taskinstance.py:1426} INFO - Exporting the following env vars:
AIRFLOW_CTX_DAG_EMAIL=***@example.com
AIRFLOW_CTX_DAG_OWNER=***
AIRFLOW_CTX_DAG_ID=cdn_daily
AIRFLOW_CTX_TASK_ID=import_vol.run_vol
AIRFLOW_CTX_EXECUTION_DATE=2022-04-29T15:33:55.249340+00:00
AIRFLOW_CTX_DAG_RUN_ID=manual__2022-04-29T15:33:55.249340+00:00
[2022-04-29 15:34:13,494] {python.py:175} INFO - Done. Returned value was: None
[2022-04-29 15:34:13,514] {taskinstance.py:1277} INFO - Marking task as SUCCESS. dag_id=cdn_daily, task_id=import_vol.run_vol, execution_date=20220429T153355, start_date=20220429T153413, end_date=20220429T153413
[2022-04-29 15:34:13,574] {local_task_job.py:154} INFO - Task exited with return code 0
[2022-04-29 15:34:13,635] {local_task_job.py:264} INFO - 1 downstream tasks scheduled from follow-on schedule check
