[2022-04-23 14:24:48,077] {taskinstance.py:1032} INFO - Dependencies all met for <TaskInstance: tutorial.cat.cat_print_proccesed_data scheduled__2022-03-30T16:04:54.591828+00:00 [queued]>
[2022-04-23 14:24:48,132] {taskinstance.py:1032} INFO - Dependencies all met for <TaskInstance: tutorial.cat.cat_print_proccesed_data scheduled__2022-03-30T16:04:54.591828+00:00 [queued]>
[2022-04-23 14:24:48,134] {taskinstance.py:1238} INFO - 
--------------------------------------------------------------------------------
[2022-04-23 14:24:48,136] {taskinstance.py:1239} INFO - Starting attempt 1 of 2
[2022-04-23 14:24:48,140] {taskinstance.py:1240} INFO - 
--------------------------------------------------------------------------------
[2022-04-23 14:24:48,179] {taskinstance.py:1259} INFO - Executing <Task(PythonOperator): cat.cat_print_proccesed_data> on 2022-03-30 16:04:54.591828+00:00
[2022-04-23 14:24:48,228] {standard_task_runner.py:76} INFO - Running: ['***', 'tasks', 'run', 'tutorial', 'cat.cat_print_proccesed_data', 'scheduled__2022-03-30T16:04:54.591828+00:00', '--job-id', '1173', '--raw', '--subdir', 'DAGS_FOLDER/test_dag.py', '--cfg-path', '/tmp/tmppz8ihl22', '--error-file', '/tmp/tmptj7s2fn5']
[2022-04-23 14:24:48,235] {standard_task_runner.py:77} INFO - Job 1173: Subtask cat.cat_print_proccesed_data
[2022-04-23 14:24:48,225] {standard_task_runner.py:52} INFO - Started process 531 to run task
[2022-04-23 14:24:48,450] {logging_mixin.py:109} INFO - Running <TaskInstance: tutorial.cat.cat_print_proccesed_data scheduled__2022-03-30T16:04:54.591828+00:00 [running]> on host ff48034dfdbf
[2022-04-23 14:24:48,688] {taskinstance.py:1426} INFO - Exporting the following env vars:
AIRFLOW_CTX_DAG_EMAIL=***@example.com
AIRFLOW_CTX_DAG_OWNER=***
AIRFLOW_CTX_DAG_ID=tutorial
AIRFLOW_CTX_TASK_ID=cat.cat_print_proccesed_data
AIRFLOW_CTX_EXECUTION_DATE=2022-03-30T16:04:54.591828+00:00
AIRFLOW_CTX_DAG_RUN_ID=scheduled__2022-03-30T16:04:54.591828+00:00
[2022-04-23 14:25:48,657] {python.py:175} INFO - Done. Returned value was: None
[2022-04-23 14:25:48,684] {taskinstance.py:1277} INFO - Marking task as SUCCESS. dag_id=tutorial, task_id=cat.cat_print_proccesed_data, execution_date=20220330T160454, start_date=20220423T142448, end_date=20220423T142548
[2022-04-23 14:25:48,735] {local_task_job.py:154} INFO - Task exited with return code 0
[2022-04-23 14:25:48,776] {local_task_job.py:264} INFO - 0 downstream tasks scheduled from follow-on schedule check
