[2022-04-23 14:26:53,952] {taskinstance.py:1032} INFO - Dependencies all met for <TaskInstance: tutorial.fsqfqf.fsqfqf_get_data scheduled__2022-04-22T14:25:49.377068+00:00 [queued]>
[2022-04-23 14:26:54,015] {taskinstance.py:1032} INFO - Dependencies all met for <TaskInstance: tutorial.fsqfqf.fsqfqf_get_data scheduled__2022-04-22T14:25:49.377068+00:00 [queued]>
[2022-04-23 14:26:54,018] {taskinstance.py:1238} INFO - 
--------------------------------------------------------------------------------
[2022-04-23 14:26:54,020] {taskinstance.py:1239} INFO - Starting attempt 1 of 2
[2022-04-23 14:26:54,022] {taskinstance.py:1240} INFO - 
--------------------------------------------------------------------------------
[2022-04-23 14:26:54,059] {taskinstance.py:1259} INFO - Executing <Task(PythonOperator): fsqfqf.fsqfqf_get_data> on 2022-04-22 14:25:49.377068+00:00
[2022-04-23 14:26:54,071] {standard_task_runner.py:52} INFO - Started process 657 to run task
[2022-04-23 14:26:54,079] {standard_task_runner.py:76} INFO - Running: ['***', 'tasks', 'run', 'tutorial', 'fsqfqf.fsqfqf_get_data', 'scheduled__2022-04-22T14:25:49.377068+00:00', '--job-id', '1202', '--raw', '--subdir', 'DAGS_FOLDER/test_dag.py', '--cfg-path', '/tmp/tmp47f_key8', '--error-file', '/tmp/tmpuxlyq4em']
[2022-04-23 14:26:54,081] {standard_task_runner.py:77} INFO - Job 1202: Subtask fsqfqf.fsqfqf_get_data
[2022-04-23 14:26:54,238] {logging_mixin.py:109} INFO - Running <TaskInstance: tutorial.fsqfqf.fsqfqf_get_data scheduled__2022-04-22T14:25:49.377068+00:00 [running]> on host ff48034dfdbf
[2022-04-23 14:26:54,514] {taskinstance.py:1426} INFO - Exporting the following env vars:
AIRFLOW_CTX_DAG_EMAIL=***@example.com
AIRFLOW_CTX_DAG_OWNER=***
AIRFLOW_CTX_DAG_ID=tutorial
AIRFLOW_CTX_TASK_ID=fsqfqf.fsqfqf_get_data
AIRFLOW_CTX_EXECUTION_DATE=2022-04-22T14:25:49.377068+00:00
AIRFLOW_CTX_DAG_RUN_ID=scheduled__2022-04-22T14:25:49.377068+00:00
[2022-04-23 14:27:54,537] {python.py:175} INFO - Done. Returned value was: None
[2022-04-23 14:27:54,649] {taskinstance.py:1277} INFO - Marking task as SUCCESS. dag_id=tutorial, task_id=fsqfqf.fsqfqf_get_data, execution_date=20220422T142549, start_date=20220423T142653, end_date=20220423T142754
[2022-04-23 14:27:54,724] {local_task_job.py:154} INFO - Task exited with return code 0
[2022-04-23 14:27:54,813] {local_task_job.py:264} INFO - 1 downstream tasks scheduled from follow-on schedule check
