[2022-03-05 10:27:50,267] {taskinstance.py:1032} INFO - Dependencies all met for <TaskInstance: tutorial.pre.pre_proccess_data scheduled__2022-03-04T10:23:38.063243+00:00 [queued]>
[2022-03-05 10:27:50,294] {taskinstance.py:1032} INFO - Dependencies all met for <TaskInstance: tutorial.pre.pre_proccess_data scheduled__2022-03-04T10:23:38.063243+00:00 [queued]>
[2022-03-05 10:27:50,295] {taskinstance.py:1238} INFO - 
--------------------------------------------------------------------------------
[2022-03-05 10:27:50,296] {taskinstance.py:1239} INFO - Starting attempt 1 of 2
[2022-03-05 10:27:50,296] {taskinstance.py:1240} INFO - 
--------------------------------------------------------------------------------
[2022-03-05 10:27:50,310] {taskinstance.py:1259} INFO - Executing <Task(PythonOperator): pre.pre_proccess_data> on 2022-03-04 10:23:38.063243+00:00
[2022-03-05 10:27:50,317] {standard_task_runner.py:52} INFO - Started process 343 to run task
[2022-03-05 10:27:50,321] {standard_task_runner.py:76} INFO - Running: ['***', 'tasks', 'run', 'tutorial', 'pre.pre_proccess_data', 'scheduled__2022-03-04T10:23:38.063243+00:00', '--job-id', '524', '--raw', '--subdir', 'DAGS_FOLDER/test_dag.py', '--cfg-path', '/tmp/tmp60n57tai', '--error-file', '/tmp/tmpmiceb_y2']
[2022-03-05 10:27:50,322] {standard_task_runner.py:77} INFO - Job 524: Subtask pre.pre_proccess_data
[2022-03-05 10:27:50,390] {logging_mixin.py:109} INFO - Running <TaskInstance: tutorial.pre.pre_proccess_data scheduled__2022-03-04T10:23:38.063243+00:00 [running]> on host ff48034dfdbf
[2022-03-05 10:27:50,453] {taskinstance.py:1426} INFO - Exporting the following env vars:
AIRFLOW_CTX_DAG_EMAIL=***@example.com
AIRFLOW_CTX_DAG_OWNER=***
AIRFLOW_CTX_DAG_ID=tutorial
AIRFLOW_CTX_TASK_ID=pre.pre_proccess_data
AIRFLOW_CTX_EXECUTION_DATE=2022-03-04T10:23:38.063243+00:00
AIRFLOW_CTX_DAG_RUN_ID=scheduled__2022-03-04T10:23:38.063243+00:00
[2022-03-05 10:28:50,425] {python.py:175} INFO - Done. Returned value was: None
[2022-03-05 10:28:50,447] {taskinstance.py:1277} INFO - Marking task as SUCCESS. dag_id=tutorial, task_id=pre.pre_proccess_data, execution_date=20220304T102338, start_date=20220305T102750, end_date=20220305T102850
[2022-03-05 10:28:50,493] {local_task_job.py:154} INFO - Task exited with return code 0
[2022-03-05 10:28:50,540] {local_task_job.py:264} INFO - 1 downstream tasks scheduled from follow-on schedule check
