[2022-03-01 21:52:22,300] {taskinstance.py:1032} INFO - Dependencies all met for <TaskInstance: tutorial.pre.pre_proccess_data scheduled__2022-02-28T21:51:17.549420+00:00 [queued]>
[2022-03-01 21:52:22,320] {taskinstance.py:1032} INFO - Dependencies all met for <TaskInstance: tutorial.pre.pre_proccess_data scheduled__2022-02-28T21:51:17.549420+00:00 [queued]>
[2022-03-01 21:52:22,321] {taskinstance.py:1238} INFO - 
--------------------------------------------------------------------------------
[2022-03-01 21:52:22,322] {taskinstance.py:1239} INFO - Starting attempt 1 of 2
[2022-03-01 21:52:22,324] {taskinstance.py:1240} INFO - 
--------------------------------------------------------------------------------
[2022-03-01 21:52:22,347] {taskinstance.py:1259} INFO - Executing <Task(PythonOperator): pre.pre_proccess_data> on 2022-02-28 21:51:17.549420+00:00
[2022-03-01 21:52:22,358] {standard_task_runner.py:52} INFO - Started process 5797 to run task
[2022-03-01 21:52:22,365] {standard_task_runner.py:76} INFO - Running: ['***', 'tasks', 'run', 'tutorial', 'pre.pre_proccess_data', 'scheduled__2022-02-28T21:51:17.549420+00:00', '--job-id', '411', '--raw', '--subdir', 'DAGS_FOLDER/test_dag.py', '--cfg-path', '/tmp/tmp302tve_z', '--error-file', '/tmp/tmp0ycp_cgg']
[2022-03-01 21:52:22,367] {standard_task_runner.py:77} INFO - Job 411: Subtask pre.pre_proccess_data
[2022-03-01 21:52:22,540] {logging_mixin.py:109} INFO - Running <TaskInstance: tutorial.pre.pre_proccess_data scheduled__2022-02-28T21:51:17.549420+00:00 [running]> on host ff48034dfdbf
[2022-03-01 21:52:22,692] {taskinstance.py:1426} INFO - Exporting the following env vars:
AIRFLOW_CTX_DAG_EMAIL=***@example.com
AIRFLOW_CTX_DAG_OWNER=***
AIRFLOW_CTX_DAG_ID=tutorial
AIRFLOW_CTX_TASK_ID=pre.pre_proccess_data
AIRFLOW_CTX_EXECUTION_DATE=2022-02-28T21:51:17.549420+00:00
AIRFLOW_CTX_DAG_RUN_ID=scheduled__2022-02-28T21:51:17.549420+00:00
[2022-03-01 21:53:22,679] {python.py:175} INFO - Done. Returned value was: None
[2022-03-01 21:53:22,705] {taskinstance.py:1277} INFO - Marking task as SUCCESS. dag_id=tutorial, task_id=pre.pre_proccess_data, execution_date=20220228T215117, start_date=20220301T215222, end_date=20220301T215322
[2022-03-01 21:53:22,738] {local_task_job.py:154} INFO - Task exited with return code 0
[2022-03-01 21:53:22,790] {local_task_job.py:264} INFO - 1 downstream tasks scheduled from follow-on schedule check
