[2022-02-21 18:31:49,157] {taskinstance.py:1032} INFO - Dependencies all met for <TaskInstance: tutorial.yryrty.yryrty_proccess_data scheduled__2022-02-20T17:28:01.321646+00:00 [queued]>
[2022-02-21 18:31:49,182] {taskinstance.py:1032} INFO - Dependencies all met for <TaskInstance: tutorial.yryrty.yryrty_proccess_data scheduled__2022-02-20T17:28:01.321646+00:00 [queued]>
[2022-02-21 18:31:49,183] {taskinstance.py:1238} INFO - 
--------------------------------------------------------------------------------
[2022-02-21 18:31:49,187] {taskinstance.py:1239} INFO - Starting attempt 1 of 2
[2022-02-21 18:31:49,188] {taskinstance.py:1240} INFO - 
--------------------------------------------------------------------------------
[2022-02-21 18:31:49,213] {taskinstance.py:1259} INFO - Executing <Task(PythonOperator): yryrty.yryrty_proccess_data> on 2022-02-20 17:28:01.321646+00:00
[2022-02-21 18:31:49,222] {standard_task_runner.py:52} INFO - Started process 151 to run task
[2022-02-21 18:31:49,228] {standard_task_runner.py:76} INFO - Running: ['***', 'tasks', 'run', 'tutorial', 'yryrty.yryrty_proccess_data', 'scheduled__2022-02-20T17:28:01.321646+00:00', '--job-id', '81', '--raw', '--subdir', 'DAGS_FOLDER/test_dag.py', '--cfg-path', '/tmp/tmpcm4fsjtl', '--error-file', '/tmp/tmpex8v1dc3']
[2022-02-21 18:31:49,230] {standard_task_runner.py:77} INFO - Job 81: Subtask yryrty.yryrty_proccess_data
[2022-02-21 18:31:49,324] {logging_mixin.py:109} INFO - Running <TaskInstance: tutorial.yryrty.yryrty_proccess_data scheduled__2022-02-20T17:28:01.321646+00:00 [running]> on host ff48034dfdbf
[2022-02-21 18:31:49,414] {taskinstance.py:1426} INFO - Exporting the following env vars:
AIRFLOW_CTX_DAG_EMAIL=***@example.com
AIRFLOW_CTX_DAG_OWNER=***
AIRFLOW_CTX_DAG_ID=tutorial
AIRFLOW_CTX_TASK_ID=yryrty.yryrty_proccess_data
AIRFLOW_CTX_EXECUTION_DATE=2022-02-20T17:28:01.321646+00:00
AIRFLOW_CTX_DAG_RUN_ID=scheduled__2022-02-20T17:28:01.321646+00:00
[2022-02-21 18:32:49,415] {python.py:175} INFO - Done. Returned value was: None
[2022-02-21 18:32:49,447] {taskinstance.py:1277} INFO - Marking task as SUCCESS. dag_id=tutorial, task_id=yryrty.yryrty_proccess_data, execution_date=20220220T172801, start_date=20220221T183149, end_date=20220221T183249
[2022-02-21 18:32:49,489] {local_task_job.py:154} INFO - Task exited with return code 0
[2022-02-21 18:32:49,588] {local_task_job.py:264} INFO - 1 downstream tasks scheduled from follow-on schedule check
