[2022-02-19 21:39:12,918] {taskinstance.py:1032} INFO - Dependencies all met for <TaskInstance: tutorial.wcccw.wcccw_print_proccesed_data manual__2022-02-19T21:36:05.015535+00:00 [queued]>
[2022-02-19 21:39:12,944] {taskinstance.py:1032} INFO - Dependencies all met for <TaskInstance: tutorial.wcccw.wcccw_print_proccesed_data manual__2022-02-19T21:36:05.015535+00:00 [queued]>
[2022-02-19 21:39:12,946] {taskinstance.py:1238} INFO - 
--------------------------------------------------------------------------------
[2022-02-19 21:39:12,947] {taskinstance.py:1239} INFO - Starting attempt 1 of 2
[2022-02-19 21:39:12,949] {taskinstance.py:1240} INFO - 
--------------------------------------------------------------------------------
[2022-02-19 21:39:12,967] {taskinstance.py:1259} INFO - Executing <Task(PythonOperator): wcccw.wcccw_print_proccesed_data> on 2022-02-19 21:36:05.015535+00:00
[2022-02-19 21:39:12,976] {standard_task_runner.py:52} INFO - Started process 4811 to run task
[2022-02-19 21:39:12,982] {standard_task_runner.py:76} INFO - Running: ['***', 'tasks', 'run', 'tutorial', 'wcccw.wcccw_print_proccesed_data', 'manual__2022-02-19T21:36:05.015535+00:00', '--job-id', '40', '--raw', '--subdir', 'DAGS_FOLDER/test_dag.py', '--cfg-path', '/tmp/tmppwx6_4bc', '--error-file', '/tmp/tmpt065mkr9']
[2022-02-19 21:39:12,985] {standard_task_runner.py:77} INFO - Job 40: Subtask wcccw.wcccw_print_proccesed_data
[2022-02-19 21:39:13,093] {logging_mixin.py:109} INFO - Running <TaskInstance: tutorial.wcccw.wcccw_print_proccesed_data manual__2022-02-19T21:36:05.015535+00:00 [running]> on host ff48034dfdbf
[2022-02-19 21:39:13,166] {taskinstance.py:1426} INFO - Exporting the following env vars:
AIRFLOW_CTX_DAG_EMAIL=***@example.com
AIRFLOW_CTX_DAG_OWNER=***
AIRFLOW_CTX_DAG_ID=tutorial
AIRFLOW_CTX_TASK_ID=wcccw.wcccw_print_proccesed_data
AIRFLOW_CTX_EXECUTION_DATE=2022-02-19T21:36:05.015535+00:00
AIRFLOW_CTX_DAG_RUN_ID=manual__2022-02-19T21:36:05.015535+00:00
[2022-02-19 21:40:13,160] {python.py:175} INFO - Done. Returned value was: None
[2022-02-19 21:40:13,185] {taskinstance.py:1277} INFO - Marking task as SUCCESS. dag_id=tutorial, task_id=wcccw.wcccw_print_proccesed_data, execution_date=20220219T213605, start_date=20220219T213912, end_date=20220219T214013
[2022-02-19 21:40:13,242] {local_task_job.py:154} INFO - Task exited with return code 0
[2022-02-19 21:40:13,299] {local_task_job.py:264} INFO - 0 downstream tasks scheduled from follow-on schedule check
