[2022-03-28 12:55:28,803] {taskinstance.py:1032} INFO - Dependencies all met for <TaskInstance: tutorial.bsre.bsre_get_data scheduled__2022-03-27T12:54:27.698780+00:00 [queued]>
[2022-03-28 12:55:28,825] {taskinstance.py:1032} INFO - Dependencies all met for <TaskInstance: tutorial.bsre.bsre_get_data scheduled__2022-03-27T12:54:27.698780+00:00 [queued]>
[2022-03-28 12:55:28,826] {taskinstance.py:1238} INFO - 
--------------------------------------------------------------------------------
[2022-03-28 12:55:28,827] {taskinstance.py:1239} INFO - Starting attempt 1 of 2
[2022-03-28 12:55:28,828] {taskinstance.py:1240} INFO - 
--------------------------------------------------------------------------------
[2022-03-28 12:55:28,851] {taskinstance.py:1259} INFO - Executing <Task(PythonOperator): bsre.bsre_get_data> on 2022-03-27 12:54:27.698780+00:00
[2022-03-28 12:55:28,860] {standard_task_runner.py:52} INFO - Started process 499 to run task
[2022-03-28 12:55:28,869] {standard_task_runner.py:76} INFO - Running: ['***', 'tasks', 'run', 'tutorial', 'bsre.bsre_get_data', 'scheduled__2022-03-27T12:54:27.698780+00:00', '--job-id', '1019', '--raw', '--subdir', 'DAGS_FOLDER/test_dag.py', '--cfg-path', '/tmp/tmpd1ur213h', '--error-file', '/tmp/tmpldwzhh_q']
[2022-03-28 12:55:28,871] {standard_task_runner.py:77} INFO - Job 1019: Subtask bsre.bsre_get_data
[2022-03-28 12:55:29,010] {logging_mixin.py:109} INFO - Running <TaskInstance: tutorial.bsre.bsre_get_data scheduled__2022-03-27T12:54:27.698780+00:00 [running]> on host ff48034dfdbf
[2022-03-28 12:55:29,135] {taskinstance.py:1426} INFO - Exporting the following env vars:
AIRFLOW_CTX_DAG_EMAIL=***@example.com
AIRFLOW_CTX_DAG_OWNER=***
AIRFLOW_CTX_DAG_ID=tutorial
AIRFLOW_CTX_TASK_ID=bsre.bsre_get_data
AIRFLOW_CTX_EXECUTION_DATE=2022-03-27T12:54:27.698780+00:00
AIRFLOW_CTX_DAG_RUN_ID=scheduled__2022-03-27T12:54:27.698780+00:00
[2022-03-28 13:16:26,635] {python.py:175} INFO - Done. Returned value was: None
[2022-03-28 13:16:28,032] {taskinstance.py:1277} INFO - Marking task as SUCCESS. dag_id=tutorial, task_id=bsre.bsre_get_data, execution_date=20220327T125427, start_date=20220328T125528, end_date=20220328T131628
[2022-03-28 13:16:28,092] {local_task_job.py:154} INFO - Task exited with return code 0
[2022-03-28 13:16:28,462] {local_task_job.py:264} INFO - 0 downstream tasks scheduled from follow-on schedule check
