[2022-03-14 11:58:09,784] {taskinstance.py:1032} INFO - Dependencies all met for <TaskInstance: tutorial.fsqfqf.fsqfqf_proccess_data scheduled__2022-03-09T18:13:06.710203+00:00 [queued]>
[2022-03-14 11:58:09,812] {taskinstance.py:1032} INFO - Dependencies all met for <TaskInstance: tutorial.fsqfqf.fsqfqf_proccess_data scheduled__2022-03-09T18:13:06.710203+00:00 [queued]>
[2022-03-14 11:58:09,814] {taskinstance.py:1238} INFO - 
--------------------------------------------------------------------------------
[2022-03-14 11:58:09,815] {taskinstance.py:1239} INFO - Starting attempt 1 of 2
[2022-03-14 11:58:09,816] {taskinstance.py:1240} INFO - 
--------------------------------------------------------------------------------
[2022-03-14 11:58:09,845] {taskinstance.py:1259} INFO - Executing <Task(PythonOperator): fsqfqf.fsqfqf_proccess_data> on 2022-03-09 18:13:06.710203+00:00
[2022-03-14 11:58:09,857] {standard_task_runner.py:52} INFO - Started process 445 to run task
[2022-03-14 11:58:09,865] {standard_task_runner.py:76} INFO - Running: ['***', 'tasks', 'run', 'tutorial', 'fsqfqf.fsqfqf_proccess_data', 'scheduled__2022-03-09T18:13:06.710203+00:00', '--job-id', '744', '--raw', '--subdir', 'DAGS_FOLDER/test_dag.py', '--cfg-path', '/tmp/tmplx9zth55', '--error-file', '/tmp/tmpm8evbefx']
[2022-03-14 11:58:09,867] {standard_task_runner.py:77} INFO - Job 744: Subtask fsqfqf.fsqfqf_proccess_data
[2022-03-14 11:58:10,002] {logging_mixin.py:109} INFO - Running <TaskInstance: tutorial.fsqfqf.fsqfqf_proccess_data scheduled__2022-03-09T18:13:06.710203+00:00 [running]> on host ff48034dfdbf
[2022-03-14 11:58:10,113] {taskinstance.py:1426} INFO - Exporting the following env vars:
AIRFLOW_CTX_DAG_EMAIL=***@example.com
AIRFLOW_CTX_DAG_OWNER=***
AIRFLOW_CTX_DAG_ID=tutorial
AIRFLOW_CTX_TASK_ID=fsqfqf.fsqfqf_proccess_data
AIRFLOW_CTX_EXECUTION_DATE=2022-03-09T18:13:06.710203+00:00
AIRFLOW_CTX_DAG_RUN_ID=scheduled__2022-03-09T18:13:06.710203+00:00
[2022-03-14 11:59:10,102] {python.py:175} INFO - Done. Returned value was: None
[2022-03-14 11:59:10,117] {taskinstance.py:1277} INFO - Marking task as SUCCESS. dag_id=tutorial, task_id=fsqfqf.fsqfqf_proccess_data, execution_date=20220309T181306, start_date=20220314T115809, end_date=20220314T115910
[2022-03-14 11:59:10,143] {local_task_job.py:154} INFO - Task exited with return code 0
[2022-03-14 11:59:10,202] {local_task_job.py:264} INFO - 1 downstream tasks scheduled from follow-on schedule check
