[2022-02-23 21:37:53,452] {taskinstance.py:1032} INFO - Dependencies all met for <TaskInstance: tutorial.wcccw.wcccw_get_data scheduled__2022-02-21T17:28:01.321646+00:00 [queued]>
[2022-02-23 21:37:53,472] {taskinstance.py:1032} INFO - Dependencies all met for <TaskInstance: tutorial.wcccw.wcccw_get_data scheduled__2022-02-21T17:28:01.321646+00:00 [queued]>
[2022-02-23 21:37:53,474] {taskinstance.py:1238} INFO - 
--------------------------------------------------------------------------------
[2022-02-23 21:37:53,475] {taskinstance.py:1239} INFO - Starting attempt 1 of 2
[2022-02-23 21:37:53,476] {taskinstance.py:1240} INFO - 
--------------------------------------------------------------------------------
[2022-02-23 21:37:53,500] {taskinstance.py:1259} INFO - Executing <Task(PythonOperator): wcccw.wcccw_get_data> on 2022-02-21 17:28:01.321646+00:00
[2022-02-23 21:37:53,508] {standard_task_runner.py:52} INFO - Started process 80 to run task
[2022-02-23 21:37:53,515] {standard_task_runner.py:76} INFO - Running: ['***', 'tasks', 'run', 'tutorial', 'wcccw.wcccw_get_data', 'scheduled__2022-02-21T17:28:01.321646+00:00', '--job-id', '103', '--raw', '--subdir', 'DAGS_FOLDER/test_dag.py', '--cfg-path', '/tmp/tmphie5akl4', '--error-file', '/tmp/tmpaw3fgpxy']
[2022-02-23 21:37:53,517] {standard_task_runner.py:77} INFO - Job 103: Subtask wcccw.wcccw_get_data
[2022-02-23 21:37:53,628] {logging_mixin.py:109} INFO - Running <TaskInstance: tutorial.wcccw.wcccw_get_data scheduled__2022-02-21T17:28:01.321646+00:00 [running]> on host ff48034dfdbf
[2022-02-23 21:37:53,728] {taskinstance.py:1426} INFO - Exporting the following env vars:
AIRFLOW_CTX_DAG_EMAIL=***@example.com
AIRFLOW_CTX_DAG_OWNER=***
AIRFLOW_CTX_DAG_ID=tutorial
AIRFLOW_CTX_TASK_ID=wcccw.wcccw_get_data
AIRFLOW_CTX_EXECUTION_DATE=2022-02-21T17:28:01.321646+00:00
AIRFLOW_CTX_DAG_RUN_ID=scheduled__2022-02-21T17:28:01.321646+00:00
[2022-02-23 21:38:53,693] {python.py:175} INFO - Done. Returned value was: None
[2022-02-23 21:38:53,709] {taskinstance.py:1277} INFO - Marking task as SUCCESS. dag_id=tutorial, task_id=wcccw.wcccw_get_data, execution_date=20220221T172801, start_date=20220223T213753, end_date=20220223T213853
[2022-02-23 21:38:53,736] {local_task_job.py:154} INFO - Task exited with return code 0
[2022-02-23 21:38:53,779] {local_task_job.py:264} INFO - 1 downstream tasks scheduled from follow-on schedule check
