[2022-04-26 13:59:28,348] {taskinstance.py:1032} INFO - Dependencies all met for <TaskInstance: tutorial.gdgfg.gdgfg_print_proccesed_data scheduled__2022-04-25T13:53:09.676172+00:00 [queued]>
[2022-04-26 13:59:28,377] {taskinstance.py:1032} INFO - Dependencies all met for <TaskInstance: tutorial.gdgfg.gdgfg_print_proccesed_data scheduled__2022-04-25T13:53:09.676172+00:00 [queued]>
[2022-04-26 13:59:28,379] {taskinstance.py:1238} INFO - 
--------------------------------------------------------------------------------
[2022-04-26 13:59:28,380] {taskinstance.py:1239} INFO - Starting attempt 1 of 2
[2022-04-26 13:59:28,381] {taskinstance.py:1240} INFO - 
--------------------------------------------------------------------------------
[2022-04-26 13:59:28,406] {taskinstance.py:1259} INFO - Executing <Task(PythonOperator): gdgfg.gdgfg_print_proccesed_data> on 2022-04-25 13:53:09.676172+00:00
[2022-04-26 13:59:28,414] {standard_task_runner.py:52} INFO - Started process 446 to run task
[2022-04-26 13:59:28,421] {standard_task_runner.py:76} INFO - Running: ['***', 'tasks', 'run', 'tutorial', 'gdgfg.gdgfg_print_proccesed_data', 'scheduled__2022-04-25T13:53:09.676172+00:00', '--job-id', '1305', '--raw', '--subdir', 'DAGS_FOLDER/test_dag.py', '--cfg-path', '/tmp/tmpncffn0wb', '--error-file', '/tmp/tmp5he4gkk5']
[2022-04-26 13:59:28,423] {standard_task_runner.py:77} INFO - Job 1305: Subtask gdgfg.gdgfg_print_proccesed_data
[2022-04-26 13:59:28,557] {logging_mixin.py:109} INFO - Running <TaskInstance: tutorial.gdgfg.gdgfg_print_proccesed_data scheduled__2022-04-25T13:53:09.676172+00:00 [running]> on host ff48034dfdbf
[2022-04-26 13:59:28,677] {taskinstance.py:1426} INFO - Exporting the following env vars:
AIRFLOW_CTX_DAG_EMAIL=***@example.com
AIRFLOW_CTX_DAG_OWNER=***
AIRFLOW_CTX_DAG_ID=tutorial
AIRFLOW_CTX_TASK_ID=gdgfg.gdgfg_print_proccesed_data
AIRFLOW_CTX_EXECUTION_DATE=2022-04-25T13:53:09.676172+00:00
AIRFLOW_CTX_DAG_RUN_ID=scheduled__2022-04-25T13:53:09.676172+00:00
[2022-04-26 14:00:28,699] {python.py:175} INFO - Done. Returned value was: None
[2022-04-26 14:00:28,836] {taskinstance.py:1277} INFO - Marking task as SUCCESS. dag_id=tutorial, task_id=gdgfg.gdgfg_print_proccesed_data, execution_date=20220425T135309, start_date=20220426T135928, end_date=20220426T140028
[2022-04-26 14:00:28,887] {local_task_job.py:154} INFO - Task exited with return code 0
[2022-04-26 14:00:28,976] {local_task_job.py:264} INFO - 0 downstream tasks scheduled from follow-on schedule check
