[2022-04-30 12:54:45,753] {taskinstance.py:1032} INFO - Dependencies all met for <TaskInstance: tutorial.fsqfqf.fsqfqf_print_proccesed_data scheduled__2022-04-29T12:29:40.424433+00:00 [queued]>
[2022-04-30 12:54:45,780] {taskinstance.py:1032} INFO - Dependencies all met for <TaskInstance: tutorial.fsqfqf.fsqfqf_print_proccesed_data scheduled__2022-04-29T12:29:40.424433+00:00 [queued]>
[2022-04-30 12:54:45,781] {taskinstance.py:1238} INFO - 
--------------------------------------------------------------------------------
[2022-04-30 12:54:45,782] {taskinstance.py:1239} INFO - Starting attempt 1 of 2
[2022-04-30 12:54:45,784] {taskinstance.py:1240} INFO - 
--------------------------------------------------------------------------------
[2022-04-30 12:54:45,809] {taskinstance.py:1259} INFO - Executing <Task(PythonOperator): fsqfqf.fsqfqf_print_proccesed_data> on 2022-04-29 12:29:40.424433+00:00
[2022-04-30 12:54:45,820] {standard_task_runner.py:52} INFO - Started process 211 to run task
[2022-04-30 12:54:45,828] {standard_task_runner.py:76} INFO - Running: ['***', 'tasks', 'run', 'tutorial', 'fsqfqf.fsqfqf_print_proccesed_data', 'scheduled__2022-04-29T12:29:40.424433+00:00', '--job-id', '1786', '--raw', '--subdir', 'DAGS_FOLDER/test_dag.py', '--cfg-path', '/tmp/tmp_dbw8dfv', '--error-file', '/tmp/tmpzf7i_mw4']
[2022-04-30 12:54:45,830] {standard_task_runner.py:77} INFO - Job 1786: Subtask fsqfqf.fsqfqf_print_proccesed_data
[2022-04-30 12:54:45,968] {logging_mixin.py:109} INFO - Running <TaskInstance: tutorial.fsqfqf.fsqfqf_print_proccesed_data scheduled__2022-04-29T12:29:40.424433+00:00 [running]> on host d5ad096ffea5
[2022-04-30 12:54:46,081] {taskinstance.py:1426} INFO - Exporting the following env vars:
AIRFLOW_CTX_DAG_EMAIL=***@example.com
AIRFLOW_CTX_DAG_OWNER=***
AIRFLOW_CTX_DAG_ID=tutorial
AIRFLOW_CTX_TASK_ID=fsqfqf.fsqfqf_print_proccesed_data
AIRFLOW_CTX_EXECUTION_DATE=2022-04-29T12:29:40.424433+00:00
AIRFLOW_CTX_DAG_RUN_ID=scheduled__2022-04-29T12:29:40.424433+00:00
[2022-04-30 12:55:46,087] {python.py:175} INFO - Done. Returned value was: None
[2022-04-30 12:55:46,115] {taskinstance.py:1277} INFO - Marking task as SUCCESS. dag_id=tutorial, task_id=fsqfqf.fsqfqf_print_proccesed_data, execution_date=20220429T122940, start_date=20220430T125445, end_date=20220430T125546
[2022-04-30 12:55:46,159] {local_task_job.py:154} INFO - Task exited with return code 0
[2022-04-30 12:55:46,262] {local_task_job.py:264} INFO - 0 downstream tasks scheduled from follow-on schedule check
