[2022-04-28 12:29:44,517] {taskinstance.py:1032} INFO - Dependencies all met for <TaskInstance: tutorial.cat.cat_get_data scheduled__2022-04-27T12:29:40.424433+00:00 [queued]>
[2022-04-28 12:29:44,552] {taskinstance.py:1032} INFO - Dependencies all met for <TaskInstance: tutorial.cat.cat_get_data scheduled__2022-04-27T12:29:40.424433+00:00 [queued]>
[2022-04-28 12:29:44,553] {taskinstance.py:1238} INFO - 
--------------------------------------------------------------------------------
[2022-04-28 12:29:44,555] {taskinstance.py:1239} INFO - Starting attempt 1 of 2
[2022-04-28 12:29:44,557] {taskinstance.py:1240} INFO - 
--------------------------------------------------------------------------------
[2022-04-28 12:29:44,584] {taskinstance.py:1259} INFO - Executing <Task(PythonOperator): cat.cat_get_data> on 2022-04-27 12:29:40.424433+00:00
[2022-04-28 12:29:44,616] {standard_task_runner.py:76} INFO - Running: ['***', 'tasks', 'run', 'tutorial', 'cat.cat_get_data', 'scheduled__2022-04-27T12:29:40.424433+00:00', '--job-id', '1362', '--raw', '--subdir', 'DAGS_FOLDER/test_dag.py', '--cfg-path', '/tmp/tmpwey1p7hd', '--error-file', '/tmp/tmpbacpv_54']
[2022-04-28 12:29:44,609] {standard_task_runner.py:52} INFO - Started process 82 to run task
[2022-04-28 12:29:44,618] {standard_task_runner.py:77} INFO - Job 1362: Subtask cat.cat_get_data
[2022-04-28 12:29:44,870] {logging_mixin.py:109} INFO - Running <TaskInstance: tutorial.cat.cat_get_data scheduled__2022-04-27T12:29:40.424433+00:00 [running]> on host d5ad096ffea5
[2022-04-28 12:29:45,095] {taskinstance.py:1426} INFO - Exporting the following env vars:
AIRFLOW_CTX_DAG_EMAIL=***@example.com
AIRFLOW_CTX_DAG_OWNER=***
AIRFLOW_CTX_DAG_ID=tutorial
AIRFLOW_CTX_TASK_ID=cat.cat_get_data
AIRFLOW_CTX_EXECUTION_DATE=2022-04-27T12:29:40.424433+00:00
AIRFLOW_CTX_DAG_RUN_ID=scheduled__2022-04-27T12:29:40.424433+00:00
[2022-04-28 12:30:45,088] {python.py:175} INFO - Done. Returned value was: None
[2022-04-28 12:30:45,179] {taskinstance.py:1277} INFO - Marking task as SUCCESS. dag_id=tutorial, task_id=cat.cat_get_data, execution_date=20220427T122940, start_date=20220428T122944, end_date=20220428T123045
[2022-04-28 12:30:45,249] {local_task_job.py:154} INFO - Task exited with return code 0
[2022-04-28 12:30:45,349] {local_task_job.py:264} INFO - 0 downstream tasks scheduled from follow-on schedule check
