[2022-04-23 14:17:33,023] {taskinstance.py:1032} INFO - Dependencies all met for <TaskInstance: tutorial.pre.pre_get_data scheduled__2022-03-30T16:04:54.591828+00:00 [queued]>
[2022-04-23 14:17:33,048] {taskinstance.py:1032} INFO - Dependencies all met for <TaskInstance: tutorial.pre.pre_get_data scheduled__2022-03-30T16:04:54.591828+00:00 [queued]>
[2022-04-23 14:17:33,050] {taskinstance.py:1238} INFO - 
--------------------------------------------------------------------------------
[2022-04-23 14:17:33,051] {taskinstance.py:1239} INFO - Starting attempt 1 of 2
[2022-04-23 14:17:33,052] {taskinstance.py:1240} INFO - 
--------------------------------------------------------------------------------
[2022-04-23 14:17:33,086] {taskinstance.py:1259} INFO - Executing <Task(PythonOperator): pre.pre_get_data> on 2022-03-30 16:04:54.591828+00:00
[2022-04-23 14:17:33,100] {standard_task_runner.py:52} INFO - Started process 131 to run task
[2022-04-23 14:17:33,107] {standard_task_runner.py:76} INFO - Running: ['***', 'tasks', 'run', 'tutorial', 'pre.pre_get_data', 'scheduled__2022-03-30T16:04:54.591828+00:00', '--job-id', '1103', '--raw', '--subdir', 'DAGS_FOLDER/test_dag.py', '--cfg-path', '/tmp/tmpgui7q_xj', '--error-file', '/tmp/tmp_4rhtkr9']
[2022-04-23 14:17:33,110] {standard_task_runner.py:77} INFO - Job 1103: Subtask pre.pre_get_data
[2022-04-23 14:17:33,292] {logging_mixin.py:109} INFO - Running <TaskInstance: tutorial.pre.pre_get_data scheduled__2022-03-30T16:04:54.591828+00:00 [running]> on host ff48034dfdbf
[2022-04-23 14:17:33,443] {taskinstance.py:1426} INFO - Exporting the following env vars:
AIRFLOW_CTX_DAG_EMAIL=***@example.com
AIRFLOW_CTX_DAG_OWNER=***
AIRFLOW_CTX_DAG_ID=tutorial
AIRFLOW_CTX_TASK_ID=pre.pre_get_data
AIRFLOW_CTX_EXECUTION_DATE=2022-03-30T16:04:54.591828+00:00
AIRFLOW_CTX_DAG_RUN_ID=scheduled__2022-03-30T16:04:54.591828+00:00
[2022-04-23 14:18:33,446] {python.py:175} INFO - Done. Returned value was: None
[2022-04-23 14:18:33,481] {taskinstance.py:1277} INFO - Marking task as SUCCESS. dag_id=tutorial, task_id=pre.pre_get_data, execution_date=20220330T160454, start_date=20220423T141733, end_date=20220423T141833
[2022-04-23 14:18:33,532] {local_task_job.py:154} INFO - Task exited with return code 0
[2022-04-23 14:18:33,594] {local_task_job.py:264} INFO - 1 downstream tasks scheduled from follow-on schedule check
