[2022-04-28 15:35:05,784] {taskinstance.py:1032} INFO - Dependencies all met for <TaskInstance: cdn_daily.import_bsre.run_bsre.alm manual__2022-04-28T15:35:02.887842+00:00 [queued]>
[2022-04-28 15:35:05,801] {taskinstance.py:1032} INFO - Dependencies all met for <TaskInstance: cdn_daily.import_bsre.run_bsre.alm manual__2022-04-28T15:35:02.887842+00:00 [queued]>
[2022-04-28 15:35:05,802] {taskinstance.py:1238} INFO - 
--------------------------------------------------------------------------------
[2022-04-28 15:35:05,803] {taskinstance.py:1239} INFO - Starting attempt 1 of 2
[2022-04-28 15:35:05,804] {taskinstance.py:1240} INFO - 
--------------------------------------------------------------------------------
[2022-04-28 15:35:05,828] {taskinstance.py:1259} INFO - Executing <Task(PythonOperator): import_bsre.run_bsre.alm> on 2022-04-28 15:35:02.887842+00:00
[2022-04-28 15:35:05,834] {standard_task_runner.py:52} INFO - Started process 1639 to run task
[2022-04-28 15:35:05,840] {standard_task_runner.py:76} INFO - Running: ['***', 'tasks', 'run', 'cdn_daily', 'import_bsre.run_bsre.alm', 'manual__2022-04-28T15:35:02.887842+00:00', '--job-id', '1431', '--raw', '--subdir', 'DAGS_FOLDER/cdn_daily.py', '--cfg-path', '/tmp/tmp2wtims28', '--error-file', '/tmp/tmpw8250l8r']
[2022-04-28 15:35:05,842] {standard_task_runner.py:77} INFO - Job 1431: Subtask import_bsre.run_bsre.alm
[2022-04-28 15:35:05,931] {logging_mixin.py:109} INFO - Running <TaskInstance: cdn_daily.import_bsre.run_bsre.alm manual__2022-04-28T15:35:02.887842+00:00 [running]> on host d5ad096ffea5
[2022-04-28 15:35:06,011] {taskinstance.py:1426} INFO - Exporting the following env vars:
AIRFLOW_CTX_DAG_EMAIL=***@example.com
AIRFLOW_CTX_DAG_OWNER=***
AIRFLOW_CTX_DAG_ID=cdn_daily
AIRFLOW_CTX_TASK_ID=import_bsre.run_bsre.alm
AIRFLOW_CTX_EXECUTION_DATE=2022-04-28T15:35:02.887842+00:00
AIRFLOW_CTX_DAG_RUN_ID=manual__2022-04-28T15:35:02.887842+00:00
[2022-04-28 15:35:06,044] {python.py:175} INFO - Done. Returned value was: None
[2022-04-28 15:35:06,068] {taskinstance.py:1277} INFO - Marking task as SUCCESS. dag_id=cdn_daily, task_id=import_bsre.run_bsre.alm, execution_date=20220428T153502, start_date=20220428T153505, end_date=20220428T153506
[2022-04-28 15:35:06,137] {local_task_job.py:154} INFO - Task exited with return code 0
[2022-04-28 15:35:06,245] {local_task_job.py:264} INFO - 1 downstream tasks scheduled from follow-on schedule check
