[2022-04-28 12:29:44,429] {taskinstance.py:1032} INFO - Dependencies all met for <TaskInstance: tutorial.eaeaz.eaeaz_get_data scheduled__2022-04-27T12:29:40.424433+00:00 [queued]>
[2022-04-28 12:29:44,463] {taskinstance.py:1032} INFO - Dependencies all met for <TaskInstance: tutorial.eaeaz.eaeaz_get_data scheduled__2022-04-27T12:29:40.424433+00:00 [queued]>
[2022-04-28 12:29:44,465] {taskinstance.py:1238} INFO - 
--------------------------------------------------------------------------------
[2022-04-28 12:29:44,466] {taskinstance.py:1239} INFO - Starting attempt 1 of 2
[2022-04-28 12:29:44,467] {taskinstance.py:1240} INFO - 
--------------------------------------------------------------------------------
[2022-04-28 12:29:44,503] {taskinstance.py:1259} INFO - Executing <Task(PythonOperator): eaeaz.eaeaz_get_data> on 2022-04-27 12:29:40.424433+00:00
[2022-04-28 12:29:44,516] {standard_task_runner.py:52} INFO - Started process 81 to run task
[2022-04-28 12:29:44,525] {standard_task_runner.py:76} INFO - Running: ['***', 'tasks', 'run', 'tutorial', 'eaeaz.eaeaz_get_data', 'scheduled__2022-04-27T12:29:40.424433+00:00', '--job-id', '1361', '--raw', '--subdir', 'DAGS_FOLDER/test_dag.py', '--cfg-path', '/tmp/tmproyq_qf1', '--error-file', '/tmp/tmp9byuzg_n']
[2022-04-28 12:29:44,527] {standard_task_runner.py:77} INFO - Job 1361: Subtask eaeaz.eaeaz_get_data
[2022-04-28 12:29:44,731] {logging_mixin.py:109} INFO - Running <TaskInstance: tutorial.eaeaz.eaeaz_get_data scheduled__2022-04-27T12:29:40.424433+00:00 [running]> on host d5ad096ffea5
[2022-04-28 12:29:44,965] {taskinstance.py:1426} INFO - Exporting the following env vars:
AIRFLOW_CTX_DAG_EMAIL=***@example.com
AIRFLOW_CTX_DAG_OWNER=***
AIRFLOW_CTX_DAG_ID=tutorial
AIRFLOW_CTX_TASK_ID=eaeaz.eaeaz_get_data
AIRFLOW_CTX_EXECUTION_DATE=2022-04-27T12:29:40.424433+00:00
AIRFLOW_CTX_DAG_RUN_ID=scheduled__2022-04-27T12:29:40.424433+00:00
[2022-04-28 12:30:44,929] {python.py:175} INFO - Done. Returned value was: None
[2022-04-28 12:30:44,983] {taskinstance.py:1277} INFO - Marking task as SUCCESS. dag_id=tutorial, task_id=eaeaz.eaeaz_get_data, execution_date=20220427T122940, start_date=20220428T122944, end_date=20220428T123044
[2022-04-28 12:30:45,089] {local_task_job.py:154} INFO - Task exited with return code 0
[2022-04-28 12:30:45,175] {local_task_job.py:264} INFO - 1 downstream tasks scheduled from follow-on schedule check
