[2022-03-14 12:04:20,719] {taskinstance.py:1032} INFO - Dependencies all met for <TaskInstance: tutorial.hfghfg.hfghfg_get_data scheduled__2022-03-13T12:04:19.461189+00:00 [queued]>
[2022-03-14 12:04:20,740] {taskinstance.py:1032} INFO - Dependencies all met for <TaskInstance: tutorial.hfghfg.hfghfg_get_data scheduled__2022-03-13T12:04:19.461189+00:00 [queued]>
[2022-03-14 12:04:20,742] {taskinstance.py:1238} INFO - 
--------------------------------------------------------------------------------
[2022-03-14 12:04:20,744] {taskinstance.py:1239} INFO - Starting attempt 1 of 2
[2022-03-14 12:04:20,752] {taskinstance.py:1240} INFO - 
--------------------------------------------------------------------------------
[2022-03-14 12:04:20,783] {taskinstance.py:1259} INFO - Executing <Task(PythonOperator): hfghfg.hfghfg_get_data> on 2022-03-13 12:04:19.461189+00:00
[2022-03-14 12:04:20,795] {standard_task_runner.py:52} INFO - Started process 829 to run task
[2022-03-14 12:04:20,807] {standard_task_runner.py:76} INFO - Running: ['***', 'tasks', 'run', 'tutorial', 'hfghfg.hfghfg_get_data', 'scheduled__2022-03-13T12:04:19.461189+00:00', '--job-id', '811', '--raw', '--subdir', 'DAGS_FOLDER/test_dag.py', '--cfg-path', '/tmp/tmpwrhbbzdo', '--error-file', '/tmp/tmpcod_wa92']
[2022-03-14 12:04:20,809] {standard_task_runner.py:77} INFO - Job 811: Subtask hfghfg.hfghfg_get_data
[2022-03-14 12:04:20,962] {logging_mixin.py:109} INFO - Running <TaskInstance: tutorial.hfghfg.hfghfg_get_data scheduled__2022-03-13T12:04:19.461189+00:00 [running]> on host ff48034dfdbf
[2022-03-14 12:04:21,075] {taskinstance.py:1426} INFO - Exporting the following env vars:
AIRFLOW_CTX_DAG_EMAIL=***@example.com
AIRFLOW_CTX_DAG_OWNER=***
AIRFLOW_CTX_DAG_ID=tutorial
AIRFLOW_CTX_TASK_ID=hfghfg.hfghfg_get_data
AIRFLOW_CTX_EXECUTION_DATE=2022-03-13T12:04:19.461189+00:00
AIRFLOW_CTX_DAG_RUN_ID=scheduled__2022-03-13T12:04:19.461189+00:00
[2022-03-14 12:05:21,059] {python.py:175} INFO - Done. Returned value was: None
[2022-03-14 12:05:21,218] {taskinstance.py:1277} INFO - Marking task as SUCCESS. dag_id=tutorial, task_id=hfghfg.hfghfg_get_data, execution_date=20220313T120419, start_date=20220314T120420, end_date=20220314T120521
[2022-03-14 12:05:21,273] {local_task_job.py:154} INFO - Task exited with return code 0
[2022-03-14 12:05:21,340] {local_task_job.py:264} INFO - 1 downstream tasks scheduled from follow-on schedule check
