[2022-03-06 20:33:22,806] {taskinstance.py:1032} INFO - Dependencies all met for <TaskInstance: tutorial.pre.pre_get_data scheduled__2022-03-05T10:29:52.784989+00:00 [queued]>
[2022-03-06 20:33:22,833] {taskinstance.py:1032} INFO - Dependencies all met for <TaskInstance: tutorial.pre.pre_get_data scheduled__2022-03-05T10:29:52.784989+00:00 [queued]>
[2022-03-06 20:33:22,833] {taskinstance.py:1238} INFO - 
--------------------------------------------------------------------------------
[2022-03-06 20:33:22,835] {taskinstance.py:1239} INFO - Starting attempt 1 of 2
[2022-03-06 20:33:22,835] {taskinstance.py:1240} INFO - 
--------------------------------------------------------------------------------
[2022-03-06 20:33:22,861] {taskinstance.py:1259} INFO - Executing <Task(PythonOperator): pre.pre_get_data> on 2022-03-05 10:29:52.784989+00:00
[2022-03-06 20:33:22,870] {standard_task_runner.py:52} INFO - Started process 77 to run task
[2022-03-06 20:33:22,877] {standard_task_runner.py:76} INFO - Running: ['***', 'tasks', 'run', 'tutorial', 'pre.pre_get_data', 'scheduled__2022-03-05T10:29:52.784989+00:00', '--job-id', '586', '--raw', '--subdir', 'DAGS_FOLDER/test_dag.py', '--cfg-path', '/tmp/tmpbuwem26e', '--error-file', '/tmp/tmpohffupva']
[2022-03-06 20:33:22,879] {standard_task_runner.py:77} INFO - Job 586: Subtask pre.pre_get_data
[2022-03-06 20:33:23,014] {logging_mixin.py:109} INFO - Running <TaskInstance: tutorial.pre.pre_get_data scheduled__2022-03-05T10:29:52.784989+00:00 [running]> on host ff48034dfdbf
[2022-03-06 20:33:23,120] {taskinstance.py:1426} INFO - Exporting the following env vars:
AIRFLOW_CTX_DAG_EMAIL=***@example.com
AIRFLOW_CTX_DAG_OWNER=***
AIRFLOW_CTX_DAG_ID=tutorial
AIRFLOW_CTX_TASK_ID=pre.pre_get_data
AIRFLOW_CTX_EXECUTION_DATE=2022-03-05T10:29:52.784989+00:00
AIRFLOW_CTX_DAG_RUN_ID=scheduled__2022-03-05T10:29:52.784989+00:00
[2022-03-06 20:34:23,140] {python.py:175} INFO - Done. Returned value was: None
[2022-03-06 20:34:23,164] {taskinstance.py:1277} INFO - Marking task as SUCCESS. dag_id=tutorial, task_id=pre.pre_get_data, execution_date=20220305T102952, start_date=20220306T203322, end_date=20220306T203423
[2022-03-06 20:34:23,211] {local_task_job.py:154} INFO - Task exited with return code 0
[2022-03-06 20:34:23,302] {local_task_job.py:264} INFO - 1 downstream tasks scheduled from follow-on schedule check
