[2022-03-14 11:55:06,233] {taskinstance.py:1032} INFO - Dependencies all met for <TaskInstance: tutorial.yryrty.yryrty_get_data scheduled__2022-03-13T11:51:30.016366+00:00 [queued]>
[2022-03-14 11:55:06,268] {taskinstance.py:1032} INFO - Dependencies all met for <TaskInstance: tutorial.yryrty.yryrty_get_data scheduled__2022-03-13T11:51:30.016366+00:00 [queued]>
[2022-03-14 11:55:06,272] {taskinstance.py:1238} INFO - 
--------------------------------------------------------------------------------
[2022-03-14 11:55:06,273] {taskinstance.py:1239} INFO - Starting attempt 1 of 2
[2022-03-14 11:55:06,277] {taskinstance.py:1240} INFO - 
--------------------------------------------------------------------------------
[2022-03-14 11:55:06,327] {taskinstance.py:1259} INFO - Executing <Task(PythonOperator): yryrty.yryrty_get_data> on 2022-03-13 11:51:30.016366+00:00
[2022-03-14 11:55:06,341] {standard_task_runner.py:52} INFO - Started process 272 to run task
[2022-03-14 11:55:06,350] {standard_task_runner.py:76} INFO - Running: ['***', 'tasks', 'run', 'tutorial', 'yryrty.yryrty_get_data', 'scheduled__2022-03-13T11:51:30.016366+00:00', '--job-id', '718', '--raw', '--subdir', 'DAGS_FOLDER/test_dag.py', '--cfg-path', '/tmp/tmpnpgo0kep', '--error-file', '/tmp/tmpxxsuwz4l']
[2022-03-14 11:55:06,352] {standard_task_runner.py:77} INFO - Job 718: Subtask yryrty.yryrty_get_data
[2022-03-14 11:55:06,602] {logging_mixin.py:109} INFO - Running <TaskInstance: tutorial.yryrty.yryrty_get_data scheduled__2022-03-13T11:51:30.016366+00:00 [running]> on host ff48034dfdbf
[2022-03-14 11:55:06,750] {taskinstance.py:1426} INFO - Exporting the following env vars:
AIRFLOW_CTX_DAG_EMAIL=***@example.com
AIRFLOW_CTX_DAG_OWNER=***
AIRFLOW_CTX_DAG_ID=tutorial
AIRFLOW_CTX_TASK_ID=yryrty.yryrty_get_data
AIRFLOW_CTX_EXECUTION_DATE=2022-03-13T11:51:30.016366+00:00
AIRFLOW_CTX_DAG_RUN_ID=scheduled__2022-03-13T11:51:30.016366+00:00
[2022-03-14 11:56:06,773] {python.py:175} INFO - Done. Returned value was: None
[2022-03-14 11:56:06,810] {taskinstance.py:1277} INFO - Marking task as SUCCESS. dag_id=tutorial, task_id=yryrty.yryrty_get_data, execution_date=20220313T115130, start_date=20220314T115506, end_date=20220314T115606
[2022-03-14 11:56:06,889] {local_task_job.py:154} INFO - Task exited with return code 0
[2022-03-14 11:56:07,006] {local_task_job.py:264} INFO - 1 downstream tasks scheduled from follow-on schedule check
