[2022-03-07 19:56:31,673] {taskinstance.py:1032} INFO - Dependencies all met for <TaskInstance: tutorial.gdgfg.gdgfg_print_proccesed_data scheduled__2022-03-06T10:29:52.784989+00:00 [queued]>
[2022-03-07 19:56:31,692] {taskinstance.py:1032} INFO - Dependencies all met for <TaskInstance: tutorial.gdgfg.gdgfg_print_proccesed_data scheduled__2022-03-06T10:29:52.784989+00:00 [queued]>
[2022-03-07 19:56:31,694] {taskinstance.py:1238} INFO - 
--------------------------------------------------------------------------------
[2022-03-07 19:56:31,695] {taskinstance.py:1239} INFO - Starting attempt 1 of 2
[2022-03-07 19:56:31,696] {taskinstance.py:1240} INFO - 
--------------------------------------------------------------------------------
[2022-03-07 19:56:31,716] {taskinstance.py:1259} INFO - Executing <Task(PythonOperator): gdgfg.gdgfg_print_proccesed_data> on 2022-03-06 10:29:52.784989+00:00
[2022-03-07 19:56:31,726] {standard_task_runner.py:52} INFO - Started process 259 to run task
[2022-03-07 19:56:31,732] {standard_task_runner.py:76} INFO - Running: ['***', 'tasks', 'run', 'tutorial', 'gdgfg.gdgfg_print_proccesed_data', 'scheduled__2022-03-06T10:29:52.784989+00:00', '--job-id', '657', '--raw', '--subdir', 'DAGS_FOLDER/test_dag.py', '--cfg-path', '/tmp/tmppxfh5o4n', '--error-file', '/tmp/tmp_fig6a7s']
[2022-03-07 19:56:31,734] {standard_task_runner.py:77} INFO - Job 657: Subtask gdgfg.gdgfg_print_proccesed_data
[2022-03-07 19:56:31,868] {logging_mixin.py:109} INFO - Running <TaskInstance: tutorial.gdgfg.gdgfg_print_proccesed_data scheduled__2022-03-06T10:29:52.784989+00:00 [running]> on host ff48034dfdbf
[2022-03-07 19:56:31,960] {taskinstance.py:1426} INFO - Exporting the following env vars:
AIRFLOW_CTX_DAG_EMAIL=***@example.com
AIRFLOW_CTX_DAG_OWNER=***
AIRFLOW_CTX_DAG_ID=tutorial
AIRFLOW_CTX_TASK_ID=gdgfg.gdgfg_print_proccesed_data
AIRFLOW_CTX_EXECUTION_DATE=2022-03-06T10:29:52.784989+00:00
AIRFLOW_CTX_DAG_RUN_ID=scheduled__2022-03-06T10:29:52.784989+00:00
[2022-03-07 19:57:31,980] {python.py:175} INFO - Done. Returned value was: None
[2022-03-07 19:57:32,007] {taskinstance.py:1277} INFO - Marking task as SUCCESS. dag_id=tutorial, task_id=gdgfg.gdgfg_print_proccesed_data, execution_date=20220306T102952, start_date=20220307T195631, end_date=20220307T195732
[2022-03-07 19:57:32,077] {local_task_job.py:154} INFO - Task exited with return code 0
[2022-03-07 19:57:32,125] {local_task_job.py:264} INFO - 0 downstream tasks scheduled from follow-on schedule check
