[2022-03-01 19:10:06,915] {taskinstance.py:1032} INFO - Dependencies all met for <TaskInstance: tutorial.dqsdqsd.dqsdqsd_proccess_data scheduled__2022-02-27T21:51:17.549420+00:00 [queued]>
[2022-03-01 19:10:06,936] {taskinstance.py:1032} INFO - Dependencies all met for <TaskInstance: tutorial.dqsdqsd.dqsdqsd_proccess_data scheduled__2022-02-27T21:51:17.549420+00:00 [queued]>
[2022-03-01 19:10:06,938] {taskinstance.py:1238} INFO - 
--------------------------------------------------------------------------------
[2022-03-01 19:10:06,939] {taskinstance.py:1239} INFO - Starting attempt 1 of 2
[2022-03-01 19:10:06,940] {taskinstance.py:1240} INFO - 
--------------------------------------------------------------------------------
[2022-03-01 19:10:06,964] {taskinstance.py:1259} INFO - Executing <Task(PythonOperator): dqsdqsd.dqsdqsd_proccess_data> on 2022-02-27 21:51:17.549420+00:00
[2022-03-01 19:10:06,977] {standard_task_runner.py:52} INFO - Started process 152 to run task
[2022-03-01 19:10:06,983] {standard_task_runner.py:76} INFO - Running: ['***', 'tasks', 'run', 'tutorial', 'dqsdqsd.dqsdqsd_proccess_data', 'scheduled__2022-02-27T21:51:17.549420+00:00', '--job-id', '383', '--raw', '--subdir', 'DAGS_FOLDER/test_dag.py', '--cfg-path', '/tmp/tmpxukxmf2p', '--error-file', '/tmp/tmpzdv4pm07']
[2022-03-01 19:10:06,985] {standard_task_runner.py:77} INFO - Job 383: Subtask dqsdqsd.dqsdqsd_proccess_data
[2022-03-01 19:10:07,081] {logging_mixin.py:109} INFO - Running <TaskInstance: tutorial.dqsdqsd.dqsdqsd_proccess_data scheduled__2022-02-27T21:51:17.549420+00:00 [running]> on host ff48034dfdbf
[2022-03-01 19:10:07,150] {taskinstance.py:1426} INFO - Exporting the following env vars:
AIRFLOW_CTX_DAG_EMAIL=***@example.com
AIRFLOW_CTX_DAG_OWNER=***
AIRFLOW_CTX_DAG_ID=tutorial
AIRFLOW_CTX_TASK_ID=dqsdqsd.dqsdqsd_proccess_data
AIRFLOW_CTX_EXECUTION_DATE=2022-02-27T21:51:17.549420+00:00
AIRFLOW_CTX_DAG_RUN_ID=scheduled__2022-02-27T21:51:17.549420+00:00
[2022-03-01 19:11:07,154] {python.py:175} INFO - Done. Returned value was: None
[2022-03-01 19:11:07,192] {taskinstance.py:1277} INFO - Marking task as SUCCESS. dag_id=tutorial, task_id=dqsdqsd.dqsdqsd_proccess_data, execution_date=20220227T215117, start_date=20220301T191006, end_date=20220301T191107
[2022-03-01 19:11:07,255] {local_task_job.py:154} INFO - Task exited with return code 0
[2022-03-01 19:11:07,370] {local_task_job.py:264} INFO - 1 downstream tasks scheduled from follow-on schedule check
