[2022-03-14 12:08:23,662] {taskinstance.py:1032} INFO - Dependencies all met for <TaskInstance: tutorial.jghjg.jghjg_proccess_data scheduled__2022-03-13T12:04:19.461189+00:00 [queued]>
[2022-03-14 12:08:23,698] {taskinstance.py:1032} INFO - Dependencies all met for <TaskInstance: tutorial.jghjg.jghjg_proccess_data scheduled__2022-03-13T12:04:19.461189+00:00 [queued]>
[2022-03-14 12:08:23,700] {taskinstance.py:1238} INFO - 
--------------------------------------------------------------------------------
[2022-03-14 12:08:23,701] {taskinstance.py:1239} INFO - Starting attempt 1 of 2
[2022-03-14 12:08:23,702] {taskinstance.py:1240} INFO - 
--------------------------------------------------------------------------------
[2022-03-14 12:08:23,739] {taskinstance.py:1259} INFO - Executing <Task(PythonOperator): jghjg.jghjg_proccess_data> on 2022-03-13 12:04:19.461189+00:00
[2022-03-14 12:08:23,749] {standard_task_runner.py:52} INFO - Started process 1057 to run task
[2022-03-14 12:08:23,754] {standard_task_runner.py:76} INFO - Running: ['***', 'tasks', 'run', 'tutorial', 'jghjg.jghjg_proccess_data', 'scheduled__2022-03-13T12:04:19.461189+00:00', '--job-id', '846', '--raw', '--subdir', 'DAGS_FOLDER/test_dag.py', '--cfg-path', '/tmp/tmprs79fn8k', '--error-file', '/tmp/tmpwhv19wr3']
[2022-03-14 12:08:23,756] {standard_task_runner.py:77} INFO - Job 846: Subtask jghjg.jghjg_proccess_data
[2022-03-14 12:08:23,929] {logging_mixin.py:109} INFO - Running <TaskInstance: tutorial.jghjg.jghjg_proccess_data scheduled__2022-03-13T12:04:19.461189+00:00 [running]> on host ff48034dfdbf
[2022-03-14 12:08:24,044] {taskinstance.py:1426} INFO - Exporting the following env vars:
AIRFLOW_CTX_DAG_EMAIL=***@example.com
AIRFLOW_CTX_DAG_OWNER=***
AIRFLOW_CTX_DAG_ID=tutorial
AIRFLOW_CTX_TASK_ID=jghjg.jghjg_proccess_data
AIRFLOW_CTX_EXECUTION_DATE=2022-03-13T12:04:19.461189+00:00
AIRFLOW_CTX_DAG_RUN_ID=scheduled__2022-03-13T12:04:19.461189+00:00
[2022-03-14 12:09:24,049] {python.py:175} INFO - Done. Returned value was: None
[2022-03-14 12:09:24,065] {taskinstance.py:1277} INFO - Marking task as SUCCESS. dag_id=tutorial, task_id=jghjg.jghjg_proccess_data, execution_date=20220313T120419, start_date=20220314T120823, end_date=20220314T120924
[2022-03-14 12:09:24,106] {local_task_job.py:154} INFO - Task exited with return code 0
[2022-03-14 12:09:24,161] {local_task_job.py:264} INFO - 1 downstream tasks scheduled from follow-on schedule check
