[2022-03-14 12:12:23,015] {taskinstance.py:1032} INFO - Dependencies all met for <TaskInstance: tutorial.cat.cat_print_proccesed_data scheduled__2022-03-13T12:04:19.461189+00:00 [queued]>
[2022-03-14 12:12:23,032] {taskinstance.py:1032} INFO - Dependencies all met for <TaskInstance: tutorial.cat.cat_print_proccesed_data scheduled__2022-03-13T12:04:19.461189+00:00 [queued]>
[2022-03-14 12:12:23,033] {taskinstance.py:1238} INFO - 
--------------------------------------------------------------------------------
[2022-03-14 12:12:23,034] {taskinstance.py:1239} INFO - Starting attempt 1 of 2
[2022-03-14 12:12:23,035] {taskinstance.py:1240} INFO - 
--------------------------------------------------------------------------------
[2022-03-14 12:12:23,054] {taskinstance.py:1259} INFO - Executing <Task(PythonOperator): cat.cat_print_proccesed_data> on 2022-03-13 12:04:19.461189+00:00
[2022-03-14 12:12:23,060] {standard_task_runner.py:52} INFO - Started process 1285 to run task
[2022-03-14 12:12:23,066] {standard_task_runner.py:76} INFO - Running: ['***', 'tasks', 'run', 'tutorial', 'cat.cat_print_proccesed_data', 'scheduled__2022-03-13T12:04:19.461189+00:00', '--job-id', '884', '--raw', '--subdir', 'DAGS_FOLDER/test_dag.py', '--cfg-path', '/tmp/tmpl21v42fb', '--error-file', '/tmp/tmp_jv9tthp']
[2022-03-14 12:12:23,067] {standard_task_runner.py:77} INFO - Job 884: Subtask cat.cat_print_proccesed_data
[2022-03-14 12:12:23,154] {logging_mixin.py:109} INFO - Running <TaskInstance: tutorial.cat.cat_print_proccesed_data scheduled__2022-03-13T12:04:19.461189+00:00 [running]> on host ff48034dfdbf
[2022-03-14 12:12:23,223] {taskinstance.py:1426} INFO - Exporting the following env vars:
AIRFLOW_CTX_DAG_EMAIL=***@example.com
AIRFLOW_CTX_DAG_OWNER=***
AIRFLOW_CTX_DAG_ID=tutorial
AIRFLOW_CTX_TASK_ID=cat.cat_print_proccesed_data
AIRFLOW_CTX_EXECUTION_DATE=2022-03-13T12:04:19.461189+00:00
AIRFLOW_CTX_DAG_RUN_ID=scheduled__2022-03-13T12:04:19.461189+00:00
[2022-03-14 12:13:23,219] {python.py:175} INFO - Done. Returned value was: None
[2022-03-14 12:13:23,234] {taskinstance.py:1277} INFO - Marking task as SUCCESS. dag_id=tutorial, task_id=cat.cat_print_proccesed_data, execution_date=20220313T120419, start_date=20220314T121223, end_date=20220314T121323
[2022-03-14 12:13:23,299] {local_task_job.py:154} INFO - Task exited with return code 0
[2022-03-14 12:13:23,341] {local_task_job.py:264} INFO - 0 downstream tasks scheduled from follow-on schedule check
