[2022-02-19 21:38:11,580] {taskinstance.py:1032} INFO - Dependencies all met for <TaskInstance: tutorial.bsre.bsre_proccess_data manual__2022-02-19T21:36:05.015535+00:00 [queued]>
[2022-02-19 21:38:11,602] {taskinstance.py:1032} INFO - Dependencies all met for <TaskInstance: tutorial.bsre.bsre_proccess_data manual__2022-02-19T21:36:05.015535+00:00 [queued]>
[2022-02-19 21:38:11,604] {taskinstance.py:1238} INFO - 
--------------------------------------------------------------------------------
[2022-02-19 21:38:11,605] {taskinstance.py:1239} INFO - Starting attempt 1 of 2
[2022-02-19 21:38:11,607] {taskinstance.py:1240} INFO - 
--------------------------------------------------------------------------------
[2022-02-19 21:38:11,627] {taskinstance.py:1259} INFO - Executing <Task(PythonOperator): bsre.bsre_proccess_data> on 2022-02-19 21:36:05.015535+00:00
[2022-02-19 21:38:11,662] {standard_task_runner.py:76} INFO - Running: ['***', 'tasks', 'run', 'tutorial', 'bsre.bsre_proccess_data', 'manual__2022-02-19T21:36:05.015535+00:00', '--job-id', '27', '--raw', '--subdir', 'DAGS_FOLDER/test_dag.py', '--cfg-path', '/tmp/tmpir3jwxt3', '--error-file', '/tmp/tmpdh9duopr']
[2022-02-19 21:38:11,646] {standard_task_runner.py:52} INFO - Started process 4738 to run task
[2022-02-19 21:38:11,668] {standard_task_runner.py:77} INFO - Job 27: Subtask bsre.bsre_proccess_data
[2022-02-19 21:38:11,834] {logging_mixin.py:109} INFO - Running <TaskInstance: tutorial.bsre.bsre_proccess_data manual__2022-02-19T21:36:05.015535+00:00 [running]> on host ff48034dfdbf
[2022-02-19 21:38:11,974] {taskinstance.py:1426} INFO - Exporting the following env vars:
AIRFLOW_CTX_DAG_EMAIL=***@example.com
AIRFLOW_CTX_DAG_OWNER=***
AIRFLOW_CTX_DAG_ID=tutorial
AIRFLOW_CTX_TASK_ID=bsre.bsre_proccess_data
AIRFLOW_CTX_EXECUTION_DATE=2022-02-19T21:36:05.015535+00:00
AIRFLOW_CTX_DAG_RUN_ID=manual__2022-02-19T21:36:05.015535+00:00
[2022-02-19 21:39:11,935] {python.py:175} INFO - Done. Returned value was: None
[2022-02-19 21:39:11,955] {taskinstance.py:1277} INFO - Marking task as SUCCESS. dag_id=tutorial, task_id=bsre.bsre_proccess_data, execution_date=20220219T213605, start_date=20220219T213811, end_date=20220219T213911
[2022-02-19 21:39:12,000] {local_task_job.py:154} INFO - Task exited with return code 0
[2022-02-19 21:39:12,035] {local_task_job.py:264} INFO - 1 downstream tasks scheduled from follow-on schedule check
