[2022-04-29 13:25:29,124] {taskinstance.py:1032} INFO - Dependencies all met for <TaskInstance: tutorial.gdgfg.gdgfg_get_data scheduled__2022-04-28T12:29:40.424433+00:00 [queued]>
[2022-04-29 13:25:29,150] {taskinstance.py:1032} INFO - Dependencies all met for <TaskInstance: tutorial.gdgfg.gdgfg_get_data scheduled__2022-04-28T12:29:40.424433+00:00 [queued]>
[2022-04-29 13:25:29,152] {taskinstance.py:1238} INFO - 
--------------------------------------------------------------------------------
[2022-04-29 13:25:29,153] {taskinstance.py:1239} INFO - Starting attempt 1 of 2
[2022-04-29 13:25:29,154] {taskinstance.py:1240} INFO - 
--------------------------------------------------------------------------------
[2022-04-29 13:25:29,180] {taskinstance.py:1259} INFO - Executing <Task(PythonOperator): gdgfg.gdgfg_get_data> on 2022-04-28 12:29:40.424433+00:00
[2022-04-29 13:25:29,188] {standard_task_runner.py:52} INFO - Started process 86 to run task
[2022-04-29 13:25:29,195] {standard_task_runner.py:76} INFO - Running: ['***', 'tasks', 'run', 'tutorial', 'gdgfg.gdgfg_get_data', 'scheduled__2022-04-28T12:29:40.424433+00:00', '--job-id', '1551', '--raw', '--subdir', 'DAGS_FOLDER/test_dag.py', '--cfg-path', '/tmp/tmpaujv5cla', '--error-file', '/tmp/tmpnr7mgbia']
[2022-04-29 13:25:29,199] {standard_task_runner.py:77} INFO - Job 1551: Subtask gdgfg.gdgfg_get_data
[2022-04-29 13:25:29,455] {logging_mixin.py:109} INFO - Running <TaskInstance: tutorial.gdgfg.gdgfg_get_data scheduled__2022-04-28T12:29:40.424433+00:00 [running]> on host d5ad096ffea5
[2022-04-29 13:25:29,775] {taskinstance.py:1426} INFO - Exporting the following env vars:
AIRFLOW_CTX_DAG_EMAIL=***@example.com
AIRFLOW_CTX_DAG_OWNER=***
AIRFLOW_CTX_DAG_ID=tutorial
AIRFLOW_CTX_TASK_ID=gdgfg.gdgfg_get_data
AIRFLOW_CTX_EXECUTION_DATE=2022-04-28T12:29:40.424433+00:00
AIRFLOW_CTX_DAG_RUN_ID=scheduled__2022-04-28T12:29:40.424433+00:00
[2022-04-29 13:26:29,796] {python.py:175} INFO - Done. Returned value was: None
[2022-04-29 13:26:29,817] {taskinstance.py:1277} INFO - Marking task as SUCCESS. dag_id=tutorial, task_id=gdgfg.gdgfg_get_data, execution_date=20220428T122940, start_date=20220429T132529, end_date=20220429T132629
[2022-04-29 13:26:29,854] {local_task_job.py:154} INFO - Task exited with return code 0
[2022-04-29 13:26:29,931] {local_task_job.py:264} INFO - 0 downstream tasks scheduled from follow-on schedule check
