[2022-04-26 14:01:29,331] {taskinstance.py:1032} INFO - Dependencies all met for <TaskInstance: tutorial.cat.cat_get_data scheduled__2022-04-25T13:59:28.202500+00:00 [queued]>
[2022-04-26 14:01:29,346] {taskinstance.py:1032} INFO - Dependencies all met for <TaskInstance: tutorial.cat.cat_get_data scheduled__2022-04-25T13:59:28.202500+00:00 [queued]>
[2022-04-26 14:01:29,347] {taskinstance.py:1238} INFO - 
--------------------------------------------------------------------------------
[2022-04-26 14:01:29,348] {taskinstance.py:1239} INFO - Starting attempt 1 of 2
[2022-04-26 14:01:29,349] {taskinstance.py:1240} INFO - 
--------------------------------------------------------------------------------
[2022-04-26 14:01:29,365] {taskinstance.py:1259} INFO - Executing <Task(PythonOperator): cat.cat_get_data> on 2022-04-25 13:59:28.202500+00:00
[2022-04-26 14:01:29,371] {standard_task_runner.py:52} INFO - Started process 550 to run task
[2022-04-26 14:01:29,377] {standard_task_runner.py:76} INFO - Running: ['***', 'tasks', 'run', 'tutorial', 'cat.cat_get_data', 'scheduled__2022-04-25T13:59:28.202500+00:00', '--job-id', '1319', '--raw', '--subdir', 'DAGS_FOLDER/test_dag.py', '--cfg-path', '/tmp/tmpvm213si4', '--error-file', '/tmp/tmpd33wo686']
[2022-04-26 14:01:29,378] {standard_task_runner.py:77} INFO - Job 1319: Subtask cat.cat_get_data
[2022-04-26 14:01:29,474] {logging_mixin.py:109} INFO - Running <TaskInstance: tutorial.cat.cat_get_data scheduled__2022-04-25T13:59:28.202500+00:00 [running]> on host ff48034dfdbf
[2022-04-26 14:01:29,569] {taskinstance.py:1426} INFO - Exporting the following env vars:
AIRFLOW_CTX_DAG_EMAIL=***@example.com
AIRFLOW_CTX_DAG_OWNER=***
AIRFLOW_CTX_DAG_ID=tutorial
AIRFLOW_CTX_TASK_ID=cat.cat_get_data
AIRFLOW_CTX_EXECUTION_DATE=2022-04-25T13:59:28.202500+00:00
AIRFLOW_CTX_DAG_RUN_ID=scheduled__2022-04-25T13:59:28.202500+00:00
[2022-04-26 14:02:29,562] {python.py:175} INFO - Done. Returned value was: None
[2022-04-26 14:02:29,579] {taskinstance.py:1277} INFO - Marking task as SUCCESS. dag_id=tutorial, task_id=cat.cat_get_data, execution_date=20220425T135928, start_date=20220426T140129, end_date=20220426T140229
[2022-04-26 14:02:29,618] {local_task_job.py:154} INFO - Task exited with return code 0
[2022-04-26 14:02:29,675] {local_task_job.py:264} INFO - 1 downstream tasks scheduled from follow-on schedule check
