[2022-03-14 11:59:11,463] {taskinstance.py:1032} INFO - Dependencies all met for <TaskInstance: tutorial.cat.cat_proccess_data scheduled__2022-03-13T11:51:30.016366+00:00 [queued]>
[2022-03-14 11:59:11,493] {taskinstance.py:1032} INFO - Dependencies all met for <TaskInstance: tutorial.cat.cat_proccess_data scheduled__2022-03-13T11:51:30.016366+00:00 [queued]>
[2022-03-14 11:59:11,495] {taskinstance.py:1238} INFO - 
--------------------------------------------------------------------------------
[2022-03-14 11:59:11,496] {taskinstance.py:1239} INFO - Starting attempt 1 of 2
[2022-03-14 11:59:11,498] {taskinstance.py:1240} INFO - 
--------------------------------------------------------------------------------
[2022-03-14 11:59:11,525] {taskinstance.py:1259} INFO - Executing <Task(PythonOperator): cat.cat_proccess_data> on 2022-03-13 11:51:30.016366+00:00
[2022-03-14 11:59:11,538] {standard_task_runner.py:52} INFO - Started process 513 to run task
[2022-03-14 11:59:11,546] {standard_task_runner.py:76} INFO - Running: ['***', 'tasks', 'run', 'tutorial', 'cat.cat_proccess_data', 'scheduled__2022-03-13T11:51:30.016366+00:00', '--job-id', '757', '--raw', '--subdir', 'DAGS_FOLDER/test_dag.py', '--cfg-path', '/tmp/tmpoijz18iw', '--error-file', '/tmp/tmp_bjpkq5i']
[2022-03-14 11:59:11,549] {standard_task_runner.py:77} INFO - Job 757: Subtask cat.cat_proccess_data
[2022-03-14 11:59:11,668] {logging_mixin.py:109} INFO - Running <TaskInstance: tutorial.cat.cat_proccess_data scheduled__2022-03-13T11:51:30.016366+00:00 [running]> on host ff48034dfdbf
[2022-03-14 11:59:11,773] {taskinstance.py:1426} INFO - Exporting the following env vars:
AIRFLOW_CTX_DAG_EMAIL=***@example.com
AIRFLOW_CTX_DAG_OWNER=***
AIRFLOW_CTX_DAG_ID=tutorial
AIRFLOW_CTX_TASK_ID=cat.cat_proccess_data
AIRFLOW_CTX_EXECUTION_DATE=2022-03-13T11:51:30.016366+00:00
AIRFLOW_CTX_DAG_RUN_ID=scheduled__2022-03-13T11:51:30.016366+00:00
[2022-03-14 12:00:11,794] {python.py:175} INFO - Done. Returned value was: None
[2022-03-14 12:00:11,810] {taskinstance.py:1277} INFO - Marking task as SUCCESS. dag_id=tutorial, task_id=cat.cat_proccess_data, execution_date=20220313T115130, start_date=20220314T115911, end_date=20220314T120011
[2022-03-14 12:00:11,842] {local_task_job.py:154} INFO - Task exited with return code 0
[2022-03-14 12:00:11,886] {local_task_job.py:264} INFO - 1 downstream tasks scheduled from follow-on schedule check
