[2022-04-29 15:32:46,103] {taskinstance.py:1032} INFO - Dependencies all met for <TaskInstance: cdn_daily.import_cat.check_status_of_cat manual__2022-04-29T15:27:39.940269+00:00 [queued]>
[2022-04-29 15:32:46,121] {taskinstance.py:1032} INFO - Dependencies all met for <TaskInstance: cdn_daily.import_cat.check_status_of_cat manual__2022-04-29T15:27:39.940269+00:00 [queued]>
[2022-04-29 15:32:46,123] {taskinstance.py:1238} INFO - 
--------------------------------------------------------------------------------
[2022-04-29 15:32:46,124] {taskinstance.py:1239} INFO - Starting attempt 2 of 2
[2022-04-29 15:32:46,125] {taskinstance.py:1240} INFO - 
--------------------------------------------------------------------------------
[2022-04-29 15:32:46,144] {taskinstance.py:1259} INFO - Executing <Task(PythonOperator): import_cat.check_status_of_cat> on 2022-04-29 15:27:39.940269+00:00
[2022-04-29 15:32:46,150] {standard_task_runner.py:52} INFO - Started process 3819 to run task
[2022-04-29 15:32:46,155] {standard_task_runner.py:76} INFO - Running: ['***', 'tasks', 'run', 'cdn_daily', 'import_cat.check_status_of_cat', 'manual__2022-04-29T15:27:39.940269+00:00', '--job-id', '1709', '--raw', '--subdir', 'DAGS_FOLDER/cdn_daily.py', '--cfg-path', '/tmp/tmp_5c3eu7g', '--error-file', '/tmp/tmpi72dqzjk']
[2022-04-29 15:32:46,157] {standard_task_runner.py:77} INFO - Job 1709: Subtask import_cat.check_status_of_cat
[2022-04-29 15:32:46,234] {logging_mixin.py:109} INFO - Running <TaskInstance: cdn_daily.import_cat.check_status_of_cat manual__2022-04-29T15:27:39.940269+00:00 [running]> on host d5ad096ffea5
[2022-04-29 15:32:46,320] {taskinstance.py:1426} INFO - Exporting the following env vars:
AIRFLOW_CTX_DAG_EMAIL=***@example.com
AIRFLOW_CTX_DAG_OWNER=***
AIRFLOW_CTX_DAG_ID=cdn_daily
AIRFLOW_CTX_TASK_ID=import_cat.check_status_of_cat
AIRFLOW_CTX_EXECUTION_DATE=2022-04-29T15:27:39.940269+00:00
AIRFLOW_CTX_DAG_RUN_ID=manual__2022-04-29T15:27:39.940269+00:00
[2022-04-29 15:32:46,322] {logging_mixin.py:109} INFO - run_cat
[2022-04-29 15:32:46,336] {logging_mixin.py:109} INFO - None
[2022-04-29 15:32:46,355] {logging_mixin.py:109} INFO - cat.alm
[2022-04-29 15:32:46,370] {logging_mixin.py:109} INFO - 2
[2022-04-29 15:32:48,374] {python.py:175} INFO - Done. Returned value was: None
[2022-04-29 15:32:48,392] {taskinstance.py:1277} INFO - Marking task as SUCCESS. dag_id=cdn_daily, task_id=import_cat.check_status_of_cat, execution_date=20220429T152739, start_date=20220429T153246, end_date=20220429T153248
[2022-04-29 15:32:48,434] {local_task_job.py:154} INFO - Task exited with return code 0
[2022-04-29 15:32:48,492] {local_task_job.py:264} INFO - 0 downstream tasks scheduled from follow-on schedule check
