[2022-02-23 21:42:00,347] {taskinstance.py:1032} INFO - Dependencies all met for <TaskInstance: tutorial.eaeaz.eaeaz_proccess_data scheduled__2022-02-22T21:37:49.340300+00:00 [queued]>
[2022-02-23 21:42:00,362] {taskinstance.py:1032} INFO - Dependencies all met for <TaskInstance: tutorial.eaeaz.eaeaz_proccess_data scheduled__2022-02-22T21:37:49.340300+00:00 [queued]>
[2022-02-23 21:42:00,363] {taskinstance.py:1238} INFO - 
--------------------------------------------------------------------------------
[2022-02-23 21:42:00,364] {taskinstance.py:1239} INFO - Starting attempt 1 of 2
[2022-02-23 21:42:00,365] {taskinstance.py:1240} INFO - 
--------------------------------------------------------------------------------
[2022-02-23 21:42:00,382] {taskinstance.py:1259} INFO - Executing <Task(PythonOperator): eaeaz.eaeaz_proccess_data> on 2022-02-22 21:37:49.340300+00:00
[2022-02-23 21:42:00,388] {standard_task_runner.py:52} INFO - Started process 326 to run task
[2022-02-23 21:42:00,394] {standard_task_runner.py:76} INFO - Running: ['***', 'tasks', 'run', 'tutorial', 'eaeaz.eaeaz_proccess_data', 'scheduled__2022-02-22T21:37:49.340300+00:00', '--job-id', '147', '--raw', '--subdir', 'DAGS_FOLDER/test_dag.py', '--cfg-path', '/tmp/tmpmxh9ijya', '--error-file', '/tmp/tmpsacpq3py']
[2022-02-23 21:42:00,396] {standard_task_runner.py:77} INFO - Job 147: Subtask eaeaz.eaeaz_proccess_data
[2022-02-23 21:42:00,492] {logging_mixin.py:109} INFO - Running <TaskInstance: tutorial.eaeaz.eaeaz_proccess_data scheduled__2022-02-22T21:37:49.340300+00:00 [running]> on host ff48034dfdbf
[2022-02-23 21:42:00,603] {taskinstance.py:1426} INFO - Exporting the following env vars:
AIRFLOW_CTX_DAG_EMAIL=***@example.com
AIRFLOW_CTX_DAG_OWNER=***
AIRFLOW_CTX_DAG_ID=tutorial
AIRFLOW_CTX_TASK_ID=eaeaz.eaeaz_proccess_data
AIRFLOW_CTX_EXECUTION_DATE=2022-02-22T21:37:49.340300+00:00
AIRFLOW_CTX_DAG_RUN_ID=scheduled__2022-02-22T21:37:49.340300+00:00
[2022-02-23 21:43:00,624] {python.py:175} INFO - Done. Returned value was: None
[2022-02-23 21:43:00,639] {taskinstance.py:1277} INFO - Marking task as SUCCESS. dag_id=tutorial, task_id=eaeaz.eaeaz_proccess_data, execution_date=20220222T213749, start_date=20220223T214200, end_date=20220223T214300
[2022-02-23 21:43:00,696] {local_task_job.py:154} INFO - Task exited with return code 0
[2022-02-23 21:43:00,742] {local_task_job.py:264} INFO - 1 downstream tasks scheduled from follow-on schedule check
