[2022-03-09 18:13:10,596] {taskinstance.py:1032} INFO - Dependencies all met for <TaskInstance: tutorial.wcccw.wcccw_get_data scheduled__2022-03-07T10:29:52.784989+00:00 [queued]>
[2022-03-09 18:13:10,630] {taskinstance.py:1032} INFO - Dependencies all met for <TaskInstance: tutorial.wcccw.wcccw_get_data scheduled__2022-03-07T10:29:52.784989+00:00 [queued]>
[2022-03-09 18:13:10,632] {taskinstance.py:1238} INFO - 
--------------------------------------------------------------------------------
[2022-03-09 18:13:10,633] {taskinstance.py:1239} INFO - Starting attempt 1 of 2
[2022-03-09 18:13:10,633] {taskinstance.py:1240} INFO - 
--------------------------------------------------------------------------------
[2022-03-09 18:13:10,649] {taskinstance.py:1259} INFO - Executing <Task(PythonOperator): wcccw.wcccw_get_data> on 2022-03-07 10:29:52.784989+00:00
[2022-03-09 18:13:10,656] {standard_task_runner.py:52} INFO - Started process 79 to run task
[2022-03-09 18:13:10,663] {standard_task_runner.py:76} INFO - Running: ['***', 'tasks', 'run', 'tutorial', 'wcccw.wcccw_get_data', 'scheduled__2022-03-07T10:29:52.784989+00:00', '--job-id', '664', '--raw', '--subdir', 'DAGS_FOLDER/test_dag.py', '--cfg-path', '/tmp/tmpp__nnsgw', '--error-file', '/tmp/tmp5tzfd1_1']
[2022-03-09 18:13:10,665] {standard_task_runner.py:77} INFO - Job 664: Subtask wcccw.wcccw_get_data
[2022-03-09 18:13:10,786] {logging_mixin.py:109} INFO - Running <TaskInstance: tutorial.wcccw.wcccw_get_data scheduled__2022-03-07T10:29:52.784989+00:00 [running]> on host ff48034dfdbf
[2022-03-09 18:13:10,939] {taskinstance.py:1426} INFO - Exporting the following env vars:
AIRFLOW_CTX_DAG_EMAIL=***@example.com
AIRFLOW_CTX_DAG_OWNER=***
AIRFLOW_CTX_DAG_ID=tutorial
AIRFLOW_CTX_TASK_ID=wcccw.wcccw_get_data
AIRFLOW_CTX_EXECUTION_DATE=2022-03-07T10:29:52.784989+00:00
AIRFLOW_CTX_DAG_RUN_ID=scheduled__2022-03-07T10:29:52.784989+00:00
[2022-03-09 18:14:10,657] {taskinstance.py:1408} ERROR - Received SIGTERM. Terminating subprocesses.
