[2022-04-29 15:32:00,218] {taskinstance.py:1032} INFO - Dependencies all met for <TaskInstance: cdn_daily.import_cat.check_status_of_cat manual__2022-04-29T15:31:55.459871+00:00 [queued]>
[2022-04-29 15:32:00,234] {taskinstance.py:1032} INFO - Dependencies all met for <TaskInstance: cdn_daily.import_cat.check_status_of_cat manual__2022-04-29T15:31:55.459871+00:00 [queued]>
[2022-04-29 15:32:00,236] {taskinstance.py:1238} INFO - 
--------------------------------------------------------------------------------
[2022-04-29 15:32:00,237] {taskinstance.py:1239} INFO - Starting attempt 1 of 2
[2022-04-29 15:32:00,239] {taskinstance.py:1240} INFO - 
--------------------------------------------------------------------------------
[2022-04-29 15:32:00,257] {taskinstance.py:1259} INFO - Executing <Task(PythonOperator): import_cat.check_status_of_cat> on 2022-04-29 15:31:55.459871+00:00
[2022-04-29 15:32:00,263] {standard_task_runner.py:52} INFO - Started process 3774 to run task
[2022-04-29 15:32:00,269] {standard_task_runner.py:76} INFO - Running: ['***', 'tasks', 'run', 'cdn_daily', 'import_cat.check_status_of_cat', 'manual__2022-04-29T15:31:55.459871+00:00', '--job-id', '1702', '--raw', '--subdir', 'DAGS_FOLDER/cdn_daily.py', '--cfg-path', '/tmp/tmpwgparwxf', '--error-file', '/tmp/tmpfxs278fj']
[2022-04-29 15:32:00,271] {standard_task_runner.py:77} INFO - Job 1702: Subtask import_cat.check_status_of_cat
[2022-04-29 15:32:00,352] {logging_mixin.py:109} INFO - Running <TaskInstance: cdn_daily.import_cat.check_status_of_cat manual__2022-04-29T15:31:55.459871+00:00 [running]> on host d5ad096ffea5
[2022-04-29 15:32:00,422] {taskinstance.py:1426} INFO - Exporting the following env vars:
AIRFLOW_CTX_DAG_EMAIL=***@example.com
AIRFLOW_CTX_DAG_OWNER=***
AIRFLOW_CTX_DAG_ID=cdn_daily
AIRFLOW_CTX_TASK_ID=import_cat.check_status_of_cat
AIRFLOW_CTX_EXECUTION_DATE=2022-04-29T15:31:55.459871+00:00
AIRFLOW_CTX_DAG_RUN_ID=manual__2022-04-29T15:31:55.459871+00:00
[2022-04-29 15:32:00,425] {logging_mixin.py:109} INFO - run_cat
[2022-04-29 15:32:00,437] {logging_mixin.py:109} INFO - None
[2022-04-29 15:32:00,449] {logging_mixin.py:109} INFO - cat.alm
[2022-04-29 15:32:00,460] {logging_mixin.py:109} INFO - 10
[2022-04-29 15:32:10,472] {python.py:175} INFO - Done. Returned value was: None
[2022-04-29 15:32:10,494] {taskinstance.py:1277} INFO - Marking task as SUCCESS. dag_id=cdn_daily, task_id=import_cat.check_status_of_cat, execution_date=20220429T153155, start_date=20220429T153200, end_date=20220429T153210
[2022-04-29 15:32:10,569] {local_task_job.py:154} INFO - Task exited with return code 0
[2022-04-29 15:32:10,645] {local_task_job.py:264} INFO - 1 downstream tasks scheduled from follow-on schedule check
