[2022-03-14 12:09:25,626] {taskinstance.py:1032} INFO - Dependencies all met for <TaskInstance: tutorial.eaeaz.eaeaz_proccess_data scheduled__2022-03-13T12:05:20.517459+00:00 [queued]>
[2022-03-14 12:09:25,648] {taskinstance.py:1032} INFO - Dependencies all met for <TaskInstance: tutorial.eaeaz.eaeaz_proccess_data scheduled__2022-03-13T12:05:20.517459+00:00 [queued]>
[2022-03-14 12:09:25,649] {taskinstance.py:1238} INFO - 
--------------------------------------------------------------------------------
[2022-03-14 12:09:25,650] {taskinstance.py:1239} INFO - Starting attempt 1 of 2
[2022-03-14 12:09:25,651] {taskinstance.py:1240} INFO - 
--------------------------------------------------------------------------------
[2022-03-14 12:09:25,677] {taskinstance.py:1259} INFO - Executing <Task(PythonOperator): eaeaz.eaeaz_proccess_data> on 2022-03-13 12:05:20.517459+00:00
[2022-03-14 12:09:25,687] {standard_task_runner.py:52} INFO - Started process 1115 to run task
[2022-03-14 12:09:25,694] {standard_task_runner.py:76} INFO - Running: ['***', 'tasks', 'run', 'tutorial', 'eaeaz.eaeaz_proccess_data', 'scheduled__2022-03-13T12:05:20.517459+00:00', '--job-id', '857', '--raw', '--subdir', 'DAGS_FOLDER/test_dag.py', '--cfg-path', '/tmp/tmphlb0_4lq', '--error-file', '/tmp/tmptx2ya2em']
[2022-03-14 12:09:25,696] {standard_task_runner.py:77} INFO - Job 857: Subtask eaeaz.eaeaz_proccess_data
[2022-03-14 12:09:25,846] {logging_mixin.py:109} INFO - Running <TaskInstance: tutorial.eaeaz.eaeaz_proccess_data scheduled__2022-03-13T12:05:20.517459+00:00 [running]> on host ff48034dfdbf
[2022-03-14 12:09:25,963] {taskinstance.py:1426} INFO - Exporting the following env vars:
AIRFLOW_CTX_DAG_EMAIL=***@example.com
AIRFLOW_CTX_DAG_OWNER=***
AIRFLOW_CTX_DAG_ID=tutorial
AIRFLOW_CTX_TASK_ID=eaeaz.eaeaz_proccess_data
AIRFLOW_CTX_EXECUTION_DATE=2022-03-13T12:05:20.517459+00:00
AIRFLOW_CTX_DAG_RUN_ID=scheduled__2022-03-13T12:05:20.517459+00:00
[2022-03-14 12:10:25,981] {python.py:175} INFO - Done. Returned value was: None
[2022-03-14 12:10:25,999] {taskinstance.py:1277} INFO - Marking task as SUCCESS. dag_id=tutorial, task_id=eaeaz.eaeaz_proccess_data, execution_date=20220313T120520, start_date=20220314T120925, end_date=20220314T121025
[2022-03-14 12:10:26,068] {local_task_job.py:154} INFO - Task exited with return code 0
[2022-03-14 12:10:26,169] {local_task_job.py:264} INFO - 1 downstream tasks scheduled from follow-on schedule check
