[2022-04-29 15:13:31,415] {taskinstance.py:1032} INFO - Dependencies all met for <TaskInstance: cdn_daily.import_bsre.run_bsre.alm manual__2022-04-29T15:13:28.101017+00:00 [queued]>
[2022-04-29 15:13:31,439] {taskinstance.py:1032} INFO - Dependencies all met for <TaskInstance: cdn_daily.import_bsre.run_bsre.alm manual__2022-04-29T15:13:28.101017+00:00 [queued]>
[2022-04-29 15:13:31,441] {taskinstance.py:1238} INFO - 
--------------------------------------------------------------------------------
[2022-04-29 15:13:31,442] {taskinstance.py:1239} INFO - Starting attempt 1 of 2
[2022-04-29 15:13:31,444] {taskinstance.py:1240} INFO - 
--------------------------------------------------------------------------------
[2022-04-29 15:13:31,477] {taskinstance.py:1259} INFO - Executing <Task(PythonOperator): import_bsre.run_bsre.alm> on 2022-04-29 15:13:28.101017+00:00
[2022-04-29 15:13:31,486] {standard_task_runner.py:52} INFO - Started process 2831 to run task
[2022-04-29 15:13:31,494] {standard_task_runner.py:76} INFO - Running: ['***', 'tasks', 'run', 'cdn_daily', 'import_bsre.run_bsre.alm', 'manual__2022-04-29T15:13:28.101017+00:00', '--job-id', '1615', '--raw', '--subdir', 'DAGS_FOLDER/cdn_daily.py', '--cfg-path', '/tmp/tmpir715dg1', '--error-file', '/tmp/tmpmt74ydak']
[2022-04-29 15:13:31,497] {standard_task_runner.py:77} INFO - Job 1615: Subtask import_bsre.run_bsre.alm
[2022-04-29 15:13:31,607] {logging_mixin.py:109} INFO - Running <TaskInstance: cdn_daily.import_bsre.run_bsre.alm manual__2022-04-29T15:13:28.101017+00:00 [running]> on host d5ad096ffea5
[2022-04-29 15:13:31,725] {taskinstance.py:1426} INFO - Exporting the following env vars:
AIRFLOW_CTX_DAG_EMAIL=***@example.com
AIRFLOW_CTX_DAG_OWNER=***
AIRFLOW_CTX_DAG_ID=cdn_daily
AIRFLOW_CTX_TASK_ID=import_bsre.run_bsre.alm
AIRFLOW_CTX_EXECUTION_DATE=2022-04-29T15:13:28.101017+00:00
AIRFLOW_CTX_DAG_RUN_ID=manual__2022-04-29T15:13:28.101017+00:00
[2022-04-29 15:13:31,778] {python.py:175} INFO - Done. Returned value was: None
[2022-04-29 15:13:31,802] {taskinstance.py:1277} INFO - Marking task as SUCCESS. dag_id=cdn_daily, task_id=import_bsre.run_bsre.alm, execution_date=20220429T151328, start_date=20220429T151331, end_date=20220429T151331
[2022-04-29 15:13:31,871] {local_task_job.py:154} INFO - Task exited with return code 0
[2022-04-29 15:13:31,987] {local_task_job.py:264} INFO - 1 downstream tasks scheduled from follow-on schedule check
