[2022-04-23 14:24:48,350] {taskinstance.py:1032} INFO - Dependencies all met for <TaskInstance: tutorial.wcccw.wcccw_print_proccesed_data scheduled__2022-04-22T14:16:25.734382+00:00 [queued]>
[2022-04-23 14:24:48,396] {taskinstance.py:1032} INFO - Dependencies all met for <TaskInstance: tutorial.wcccw.wcccw_print_proccesed_data scheduled__2022-04-22T14:16:25.734382+00:00 [queued]>
[2022-04-23 14:24:48,398] {taskinstance.py:1238} INFO - 
--------------------------------------------------------------------------------
[2022-04-23 14:24:48,401] {taskinstance.py:1239} INFO - Starting attempt 1 of 2
[2022-04-23 14:24:48,403] {taskinstance.py:1240} INFO - 
--------------------------------------------------------------------------------
[2022-04-23 14:24:48,449] {taskinstance.py:1259} INFO - Executing <Task(PythonOperator): wcccw.wcccw_print_proccesed_data> on 2022-04-22 14:16:25.734382+00:00
[2022-04-23 14:24:48,460] {standard_task_runner.py:52} INFO - Started process 535 to run task
[2022-04-23 14:24:48,469] {standard_task_runner.py:76} INFO - Running: ['***', 'tasks', 'run', 'tutorial', 'wcccw.wcccw_print_proccesed_data', 'scheduled__2022-04-22T14:16:25.734382+00:00', '--job-id', '1176', '--raw', '--subdir', 'DAGS_FOLDER/test_dag.py', '--cfg-path', '/tmp/tmpey92ry37', '--error-file', '/tmp/tmp92gj3cxb']
[2022-04-23 14:24:48,472] {standard_task_runner.py:77} INFO - Job 1176: Subtask wcccw.wcccw_print_proccesed_data
[2022-04-23 14:24:48,724] {logging_mixin.py:109} INFO - Running <TaskInstance: tutorial.wcccw.wcccw_print_proccesed_data scheduled__2022-04-22T14:16:25.734382+00:00 [running]> on host ff48034dfdbf
[2022-04-23 14:24:48,895] {taskinstance.py:1426} INFO - Exporting the following env vars:
AIRFLOW_CTX_DAG_EMAIL=***@example.com
AIRFLOW_CTX_DAG_OWNER=***
AIRFLOW_CTX_DAG_ID=tutorial
AIRFLOW_CTX_TASK_ID=wcccw.wcccw_print_proccesed_data
AIRFLOW_CTX_EXECUTION_DATE=2022-04-22T14:16:25.734382+00:00
AIRFLOW_CTX_DAG_RUN_ID=scheduled__2022-04-22T14:16:25.734382+00:00
[2022-04-23 14:25:48,917] {python.py:175} INFO - Done. Returned value was: None
[2022-04-23 14:25:48,968] {taskinstance.py:1277} INFO - Marking task as SUCCESS. dag_id=tutorial, task_id=wcccw.wcccw_print_proccesed_data, execution_date=20220422T141625, start_date=20220423T142448, end_date=20220423T142548
[2022-04-23 14:25:49,060] {local_task_job.py:154} INFO - Task exited with return code 0
[2022-04-23 14:25:49,143] {local_task_job.py:264} INFO - 0 downstream tasks scheduled from follow-on schedule check
