[2022-04-29 15:13:29,581] {taskinstance.py:1032} INFO - Dependencies all met for <TaskInstance: cdn_daily.import_bsre.check_presence_of_bsre1 manual__2022-04-29T15:13:28.101017+00:00 [queued]>
[2022-04-29 15:13:29,608] {taskinstance.py:1032} INFO - Dependencies all met for <TaskInstance: cdn_daily.import_bsre.check_presence_of_bsre1 manual__2022-04-29T15:13:28.101017+00:00 [queued]>
[2022-04-29 15:13:29,611] {taskinstance.py:1238} INFO - 
--------------------------------------------------------------------------------
[2022-04-29 15:13:29,614] {taskinstance.py:1239} INFO - Starting attempt 1 of 2
[2022-04-29 15:13:29,616] {taskinstance.py:1240} INFO - 
--------------------------------------------------------------------------------
[2022-04-29 15:13:29,641] {taskinstance.py:1259} INFO - Executing <Task(PythonOperator): import_bsre.check_presence_of_bsre1> on 2022-04-29 15:13:28.101017+00:00
[2022-04-29 15:13:29,648] {standard_task_runner.py:52} INFO - Started process 2823 to run task
[2022-04-29 15:13:29,653] {standard_task_runner.py:76} INFO - Running: ['***', 'tasks', 'run', 'cdn_daily', 'import_bsre.check_presence_of_bsre1', 'manual__2022-04-29T15:13:28.101017+00:00', '--job-id', '1609', '--raw', '--subdir', 'DAGS_FOLDER/cdn_daily.py', '--cfg-path', '/tmp/tmpuxs0uqqm', '--error-file', '/tmp/tmpqh06xxbk']
[2022-04-29 15:13:29,655] {standard_task_runner.py:77} INFO - Job 1609: Subtask import_bsre.check_presence_of_bsre1
[2022-04-29 15:13:29,762] {logging_mixin.py:109} INFO - Running <TaskInstance: cdn_daily.import_bsre.check_presence_of_bsre1 manual__2022-04-29T15:13:28.101017+00:00 [running]> on host d5ad096ffea5
[2022-04-29 15:13:29,844] {taskinstance.py:1426} INFO - Exporting the following env vars:
AIRFLOW_CTX_DAG_EMAIL=***@example.com
AIRFLOW_CTX_DAG_OWNER=***
AIRFLOW_CTX_DAG_ID=cdn_daily
AIRFLOW_CTX_TASK_ID=import_bsre.check_presence_of_bsre1
AIRFLOW_CTX_EXECUTION_DATE=2022-04-29T15:13:28.101017+00:00
AIRFLOW_CTX_DAG_RUN_ID=manual__2022-04-29T15:13:28.101017+00:00
[2022-04-29 15:13:29,882] {python.py:175} INFO - Done. Returned value was: None
[2022-04-29 15:13:29,917] {taskinstance.py:1277} INFO - Marking task as SUCCESS. dag_id=cdn_daily, task_id=import_bsre.check_presence_of_bsre1, execution_date=20220429T151328, start_date=20220429T151329, end_date=20220429T151329
[2022-04-29 15:13:29,952] {local_task_job.py:154} INFO - Task exited with return code 0
[2022-04-29 15:13:30,054] {local_task_job.py:264} INFO - 0 downstream tasks scheduled from follow-on schedule check
