[2022-03-28 12:52:24,082] {taskinstance.py:1032} INFO - Dependencies all met for <TaskInstance: tutorial.wcccw.wcccw_proccess_data scheduled__2022-03-27T12:47:50.362235+00:00 [queued]>
[2022-03-28 12:52:24,129] {taskinstance.py:1032} INFO - Dependencies all met for <TaskInstance: tutorial.wcccw.wcccw_proccess_data scheduled__2022-03-27T12:47:50.362235+00:00 [queued]>
[2022-03-28 12:52:24,131] {taskinstance.py:1238} INFO - 
--------------------------------------------------------------------------------
[2022-03-28 12:52:24,135] {taskinstance.py:1239} INFO - Starting attempt 1 of 2
[2022-03-28 12:52:24,137] {taskinstance.py:1240} INFO - 
--------------------------------------------------------------------------------
[2022-03-28 12:52:24,182] {taskinstance.py:1259} INFO - Executing <Task(PythonOperator): wcccw.wcccw_proccess_data> on 2022-03-27 12:47:50.362235+00:00
[2022-03-28 12:52:24,208] {standard_task_runner.py:76} INFO - Running: ['***', 'tasks', 'run', 'tutorial', 'wcccw.wcccw_proccess_data', 'scheduled__2022-03-27T12:47:50.362235+00:00', '--job-id', '988', '--raw', '--subdir', 'DAGS_FOLDER/test_dag.py', '--cfg-path', '/tmp/tmpc6rjza6n', '--error-file', '/tmp/tmp6us43inp']
[2022-03-28 12:52:24,201] {standard_task_runner.py:52} INFO - Started process 312 to run task
[2022-03-28 12:52:24,213] {standard_task_runner.py:77} INFO - Job 988: Subtask wcccw.wcccw_proccess_data
[2022-03-28 12:52:24,414] {logging_mixin.py:109} INFO - Running <TaskInstance: tutorial.wcccw.wcccw_proccess_data scheduled__2022-03-27T12:47:50.362235+00:00 [running]> on host ff48034dfdbf
[2022-03-28 12:52:24,599] {taskinstance.py:1426} INFO - Exporting the following env vars:
AIRFLOW_CTX_DAG_EMAIL=***@example.com
AIRFLOW_CTX_DAG_OWNER=***
AIRFLOW_CTX_DAG_ID=tutorial
AIRFLOW_CTX_TASK_ID=wcccw.wcccw_proccess_data
AIRFLOW_CTX_EXECUTION_DATE=2022-03-27T12:47:50.362235+00:00
AIRFLOW_CTX_DAG_RUN_ID=scheduled__2022-03-27T12:47:50.362235+00:00
[2022-03-28 12:53:24,578] {python.py:175} INFO - Done. Returned value was: None
[2022-03-28 12:53:24,595] {taskinstance.py:1277} INFO - Marking task as SUCCESS. dag_id=tutorial, task_id=wcccw.wcccw_proccess_data, execution_date=20220327T124750, start_date=20220328T125224, end_date=20220328T125324
[2022-03-28 12:53:24,619] {local_task_job.py:154} INFO - Task exited with return code 0
[2022-03-28 12:53:24,657] {local_task_job.py:264} INFO - 1 downstream tasks scheduled from follow-on schedule check
