[2022-04-30 15:46:22,535] {taskinstance.py:1032} INFO - Dependencies all met for <TaskInstance: cdn_daily.check_status_of_cat.bau manual__2022-04-30T15:46:12.555314+00:00 [queued]>
[2022-04-30 15:46:22,564] {taskinstance.py:1032} INFO - Dependencies all met for <TaskInstance: cdn_daily.check_status_of_cat.bau manual__2022-04-30T15:46:12.555314+00:00 [queued]>
[2022-04-30 15:46:22,566] {taskinstance.py:1238} INFO - 
--------------------------------------------------------------------------------
[2022-04-30 15:46:22,567] {taskinstance.py:1239} INFO - Starting attempt 1 of 2
[2022-04-30 15:46:22,568] {taskinstance.py:1240} INFO - 
--------------------------------------------------------------------------------
[2022-04-30 15:46:22,597] {taskinstance.py:1259} INFO - Executing <Task(PythonOperator): check_status_of_cat.bau> on 2022-04-30 15:46:12.555314+00:00
[2022-04-30 15:46:22,605] {standard_task_runner.py:52} INFO - Started process 2430 to run task
[2022-04-30 15:46:22,613] {standard_task_runner.py:76} INFO - Running: ['***', 'tasks', 'run', 'cdn_daily', 'check_status_of_cat.bau', 'manual__2022-04-30T15:46:12.555314+00:00', '--job-id', '1838', '--raw', '--subdir', 'DAGS_FOLDER/cdn_daily.py', '--cfg-path', '/tmp/tmp4yvry4mv', '--error-file', '/tmp/tmpuwyul_ua']
[2022-04-30 15:46:22,615] {standard_task_runner.py:77} INFO - Job 1838: Subtask check_status_of_cat.bau
[2022-04-30 15:46:22,751] {logging_mixin.py:109} INFO - Running <TaskInstance: cdn_daily.check_status_of_cat.bau manual__2022-04-30T15:46:12.555314+00:00 [running]> on host d5ad096ffea5
[2022-04-30 15:46:22,878] {taskinstance.py:1426} INFO - Exporting the following env vars:
AIRFLOW_CTX_DAG_EMAIL=***@example.com
AIRFLOW_CTX_DAG_OWNER=***
AIRFLOW_CTX_DAG_ID=cdn_daily
AIRFLOW_CTX_TASK_ID=check_status_of_cat.bau
AIRFLOW_CTX_EXECUTION_DATE=2022-04-30T15:46:12.555314+00:00
AIRFLOW_CTX_DAG_RUN_ID=manual__2022-04-30T15:46:12.555314+00:00
[2022-04-30 15:46:22,906] {logging_mixin.py:109} INFO - cat.bau
[2022-04-30 15:46:22,927] {logging_mixin.py:109} INFO - 6
[2022-04-30 15:46:28,936] {python.py:175} INFO - Done. Returned value was: None
[2022-04-30 15:46:28,960] {taskinstance.py:1277} INFO - Marking task as SUCCESS. dag_id=cdn_daily, task_id=check_status_of_cat.bau, execution_date=20220430T154612, start_date=20220430T154622, end_date=20220430T154628
[2022-04-30 15:46:29,037] {local_task_job.py:154} INFO - Task exited with return code 0
[2022-04-30 15:46:29,115] {local_task_job.py:264} INFO - 1 downstream tasks scheduled from follow-on schedule check
