[2022-02-19 21:38:11,876] {taskinstance.py:1032} INFO - Dependencies all met for <TaskInstance: tutorial.dqsdqsd.dqsdqsd_print_proccesed_data manual__2022-02-19T21:36:05.015535+00:00 [queued]>
[2022-02-19 21:38:11,902] {taskinstance.py:1032} INFO - Dependencies all met for <TaskInstance: tutorial.dqsdqsd.dqsdqsd_print_proccesed_data manual__2022-02-19T21:36:05.015535+00:00 [queued]>
[2022-02-19 21:38:11,905] {taskinstance.py:1238} INFO - 
--------------------------------------------------------------------------------
[2022-02-19 21:38:11,913] {taskinstance.py:1239} INFO - Starting attempt 1 of 2
[2022-02-19 21:38:11,914] {taskinstance.py:1240} INFO - 
--------------------------------------------------------------------------------
[2022-02-19 21:38:11,948] {taskinstance.py:1259} INFO - Executing <Task(PythonOperator): dqsdqsd.dqsdqsd_print_proccesed_data> on 2022-02-19 21:36:05.015535+00:00
[2022-02-19 21:38:11,959] {standard_task_runner.py:52} INFO - Started process 4744 to run task
[2022-02-19 21:38:11,968] {standard_task_runner.py:76} INFO - Running: ['***', 'tasks', 'run', 'tutorial', 'dqsdqsd.dqsdqsd_print_proccesed_data', 'manual__2022-02-19T21:36:05.015535+00:00', '--job-id', '31', '--raw', '--subdir', 'DAGS_FOLDER/test_dag.py', '--cfg-path', '/tmp/tmpz6axr67y', '--error-file', '/tmp/tmpe7wmg4uq']
[2022-02-19 21:38:11,970] {standard_task_runner.py:77} INFO - Job 31: Subtask dqsdqsd.dqsdqsd_print_proccesed_data
[2022-02-19 21:38:12,110] {logging_mixin.py:109} INFO - Running <TaskInstance: tutorial.dqsdqsd.dqsdqsd_print_proccesed_data manual__2022-02-19T21:36:05.015535+00:00 [running]> on host ff48034dfdbf
[2022-02-19 21:38:12,373] {taskinstance.py:1426} INFO - Exporting the following env vars:
AIRFLOW_CTX_DAG_EMAIL=***@example.com
AIRFLOW_CTX_DAG_OWNER=***
AIRFLOW_CTX_DAG_ID=tutorial
AIRFLOW_CTX_TASK_ID=dqsdqsd.dqsdqsd_print_proccesed_data
AIRFLOW_CTX_EXECUTION_DATE=2022-02-19T21:36:05.015535+00:00
AIRFLOW_CTX_DAG_RUN_ID=manual__2022-02-19T21:36:05.015535+00:00
[2022-02-19 21:39:12,368] {python.py:175} INFO - Done. Returned value was: None
[2022-02-19 21:39:12,385] {taskinstance.py:1277} INFO - Marking task as SUCCESS. dag_id=tutorial, task_id=dqsdqsd.dqsdqsd_print_proccesed_data, execution_date=20220219T213605, start_date=20220219T213811, end_date=20220219T213912
[2022-02-19 21:39:12,446] {local_task_job.py:154} INFO - Task exited with return code 0
[2022-02-19 21:39:12,605] {local_task_job.py:264} INFO - 0 downstream tasks scheduled from follow-on schedule check
