[2022-03-07 19:54:28,392] {taskinstance.py:1032} INFO - Dependencies all met for <TaskInstance: tutorial.dqsdqsd.dqsdqsd_get_data scheduled__2022-03-06T10:29:52.784989+00:00 [queued]>
[2022-03-07 19:54:28,420] {taskinstance.py:1032} INFO - Dependencies all met for <TaskInstance: tutorial.dqsdqsd.dqsdqsd_get_data scheduled__2022-03-06T10:29:52.784989+00:00 [queued]>
[2022-03-07 19:54:28,426] {taskinstance.py:1238} INFO - 
--------------------------------------------------------------------------------
[2022-03-07 19:54:28,431] {taskinstance.py:1239} INFO - Starting attempt 1 of 2
[2022-03-07 19:54:28,434] {taskinstance.py:1240} INFO - 
--------------------------------------------------------------------------------
[2022-03-07 19:54:28,473] {taskinstance.py:1259} INFO - Executing <Task(PythonOperator): dqsdqsd.dqsdqsd_get_data> on 2022-03-06 10:29:52.784989+00:00
[2022-03-07 19:54:28,498] {standard_task_runner.py:52} INFO - Started process 136 to run task
[2022-03-07 19:54:28,504] {standard_task_runner.py:76} INFO - Running: ['***', 'tasks', 'run', 'tutorial', 'dqsdqsd.dqsdqsd_get_data', 'scheduled__2022-03-06T10:29:52.784989+00:00', '--job-id', '637', '--raw', '--subdir', 'DAGS_FOLDER/test_dag.py', '--cfg-path', '/tmp/tmpkwv9aulj', '--error-file', '/tmp/tmpkirjxibt']
[2022-03-07 19:54:28,509] {standard_task_runner.py:77} INFO - Job 637: Subtask dqsdqsd.dqsdqsd_get_data
[2022-03-07 19:54:28,675] {logging_mixin.py:109} INFO - Running <TaskInstance: tutorial.dqsdqsd.dqsdqsd_get_data scheduled__2022-03-06T10:29:52.784989+00:00 [running]> on host ff48034dfdbf
[2022-03-07 19:54:28,844] {taskinstance.py:1426} INFO - Exporting the following env vars:
AIRFLOW_CTX_DAG_EMAIL=***@example.com
AIRFLOW_CTX_DAG_OWNER=***
AIRFLOW_CTX_DAG_ID=tutorial
AIRFLOW_CTX_TASK_ID=dqsdqsd.dqsdqsd_get_data
AIRFLOW_CTX_EXECUTION_DATE=2022-03-06T10:29:52.784989+00:00
AIRFLOW_CTX_DAG_RUN_ID=scheduled__2022-03-06T10:29:52.784989+00:00
[2022-03-07 19:55:28,865] {python.py:175} INFO - Done. Returned value was: None
[2022-03-07 19:55:28,882] {taskinstance.py:1277} INFO - Marking task as SUCCESS. dag_id=tutorial, task_id=dqsdqsd.dqsdqsd_get_data, execution_date=20220306T102952, start_date=20220307T195428, end_date=20220307T195528
[2022-03-07 19:55:28,925] {local_task_job.py:154} INFO - Task exited with return code 0
[2022-03-07 19:55:28,997] {local_task_job.py:264} INFO - 1 downstream tasks scheduled from follow-on schedule check
