[2022-04-26 14:00:28,520] {taskinstance.py:1032} INFO - Dependencies all met for <TaskInstance: tutorial.gdgfg.gdgfg_get_data scheduled__2022-04-25T13:59:28.202500+00:00 [queued]>
[2022-04-26 14:00:28,543] {taskinstance.py:1032} INFO - Dependencies all met for <TaskInstance: tutorial.gdgfg.gdgfg_get_data scheduled__2022-04-25T13:59:28.202500+00:00 [queued]>
[2022-04-26 14:00:28,544] {taskinstance.py:1238} INFO - 
--------------------------------------------------------------------------------
[2022-04-26 14:00:28,545] {taskinstance.py:1239} INFO - Starting attempt 1 of 2
[2022-04-26 14:00:28,547] {taskinstance.py:1240} INFO - 
--------------------------------------------------------------------------------
[2022-04-26 14:00:28,571] {taskinstance.py:1259} INFO - Executing <Task(PythonOperator): gdgfg.gdgfg_get_data> on 2022-04-25 13:59:28.202500+00:00
[2022-04-26 14:00:28,579] {standard_task_runner.py:52} INFO - Started process 495 to run task
[2022-04-26 14:00:28,590] {standard_task_runner.py:76} INFO - Running: ['***', 'tasks', 'run', 'tutorial', 'gdgfg.gdgfg_get_data', 'scheduled__2022-04-25T13:59:28.202500+00:00', '--job-id', '1311', '--raw', '--subdir', 'DAGS_FOLDER/test_dag.py', '--cfg-path', '/tmp/tmp_4c8164p', '--error-file', '/tmp/tmpm17w3gyr']
[2022-04-26 14:00:28,592] {standard_task_runner.py:77} INFO - Job 1311: Subtask gdgfg.gdgfg_get_data
[2022-04-26 14:00:28,715] {logging_mixin.py:109} INFO - Running <TaskInstance: tutorial.gdgfg.gdgfg_get_data scheduled__2022-04-25T13:59:28.202500+00:00 [running]> on host ff48034dfdbf
[2022-04-26 14:00:28,868] {taskinstance.py:1426} INFO - Exporting the following env vars:
AIRFLOW_CTX_DAG_EMAIL=***@example.com
AIRFLOW_CTX_DAG_OWNER=***
AIRFLOW_CTX_DAG_ID=tutorial
AIRFLOW_CTX_TASK_ID=gdgfg.gdgfg_get_data
AIRFLOW_CTX_EXECUTION_DATE=2022-04-25T13:59:28.202500+00:00
AIRFLOW_CTX_DAG_RUN_ID=scheduled__2022-04-25T13:59:28.202500+00:00
[2022-04-26 14:01:28,851] {python.py:175} INFO - Done. Returned value was: None
[2022-04-26 14:01:28,868] {taskinstance.py:1277} INFO - Marking task as SUCCESS. dag_id=tutorial, task_id=gdgfg.gdgfg_get_data, execution_date=20220425T135928, start_date=20220426T140028, end_date=20220426T140128
[2022-04-26 14:01:28,892] {local_task_job.py:154} INFO - Task exited with return code 0
[2022-04-26 14:01:28,969] {local_task_job.py:264} INFO - 0 downstream tasks scheduled from follow-on schedule check
