[2022-03-01 21:53:24,864] {taskinstance.py:1032} INFO - Dependencies all met for <TaskInstance: tutorial.fsqfqf.fsqfqf_print_proccesed_data scheduled__2022-02-28T21:51:17.549420+00:00 [queued]>
[2022-03-01 21:53:24,912] {taskinstance.py:1032} INFO - Dependencies all met for <TaskInstance: tutorial.fsqfqf.fsqfqf_print_proccesed_data scheduled__2022-02-28T21:51:17.549420+00:00 [queued]>
[2022-03-01 21:53:24,914] {taskinstance.py:1238} INFO - 
--------------------------------------------------------------------------------
[2022-03-01 21:53:24,916] {taskinstance.py:1239} INFO - Starting attempt 1 of 2
[2022-03-01 21:53:24,918] {taskinstance.py:1240} INFO - 
--------------------------------------------------------------------------------
[2022-03-01 21:53:24,946] {taskinstance.py:1259} INFO - Executing <Task(PythonOperator): fsqfqf.fsqfqf_print_proccesed_data> on 2022-02-28 21:51:17.549420+00:00
[2022-03-01 21:53:24,956] {standard_task_runner.py:52} INFO - Started process 5862 to run task
[2022-03-01 21:53:24,965] {standard_task_runner.py:76} INFO - Running: ['***', 'tasks', 'run', 'tutorial', 'fsqfqf.fsqfqf_print_proccesed_data', 'scheduled__2022-02-28T21:51:17.549420+00:00', '--job-id', '425', '--raw', '--subdir', 'DAGS_FOLDER/test_dag.py', '--cfg-path', '/tmp/tmprghi4ota', '--error-file', '/tmp/tmpd5wwier0']
[2022-03-01 21:53:24,967] {standard_task_runner.py:77} INFO - Job 425: Subtask fsqfqf.fsqfqf_print_proccesed_data
[2022-03-01 21:53:25,135] {logging_mixin.py:109} INFO - Running <TaskInstance: tutorial.fsqfqf.fsqfqf_print_proccesed_data scheduled__2022-02-28T21:51:17.549420+00:00 [running]> on host ff48034dfdbf
[2022-03-01 21:53:25,248] {taskinstance.py:1426} INFO - Exporting the following env vars:
AIRFLOW_CTX_DAG_EMAIL=***@example.com
AIRFLOW_CTX_DAG_OWNER=***
AIRFLOW_CTX_DAG_ID=tutorial
AIRFLOW_CTX_TASK_ID=fsqfqf.fsqfqf_print_proccesed_data
AIRFLOW_CTX_EXECUTION_DATE=2022-02-28T21:51:17.549420+00:00
AIRFLOW_CTX_DAG_RUN_ID=scheduled__2022-02-28T21:51:17.549420+00:00
[2022-03-01 21:54:25,242] {python.py:175} INFO - Done. Returned value was: None
[2022-03-01 21:54:25,268] {taskinstance.py:1277} INFO - Marking task as SUCCESS. dag_id=tutorial, task_id=fsqfqf.fsqfqf_print_proccesed_data, execution_date=20220228T215117, start_date=20220301T215324, end_date=20220301T215425
[2022-03-01 21:54:25,311] {local_task_job.py:154} INFO - Task exited with return code 0
[2022-03-01 21:54:25,386] {local_task_job.py:264} INFO - 0 downstream tasks scheduled from follow-on schedule check
