[2022-04-26 13:57:24,976] {taskinstance.py:1032} INFO - Dependencies all met for <TaskInstance: tutorial.fsqfqf.fsqfqf_proccess_data scheduled__2022-04-25T13:53:09.676172+00:00 [queued]>
[2022-04-26 13:57:25,010] {taskinstance.py:1032} INFO - Dependencies all met for <TaskInstance: tutorial.fsqfqf.fsqfqf_proccess_data scheduled__2022-04-25T13:53:09.676172+00:00 [queued]>
[2022-04-26 13:57:25,012] {taskinstance.py:1238} INFO - 
--------------------------------------------------------------------------------
[2022-04-26 13:57:25,014] {taskinstance.py:1239} INFO - Starting attempt 1 of 2
[2022-04-26 13:57:25,015] {taskinstance.py:1240} INFO - 
--------------------------------------------------------------------------------
[2022-04-26 13:57:25,045] {taskinstance.py:1259} INFO - Executing <Task(PythonOperator): fsqfqf.fsqfqf_proccess_data> on 2022-04-25 13:53:09.676172+00:00
[2022-04-26 13:57:25,054] {standard_task_runner.py:52} INFO - Started process 326 to run task
[2022-04-26 13:57:25,064] {standard_task_runner.py:76} INFO - Running: ['***', 'tasks', 'run', 'tutorial', 'fsqfqf.fsqfqf_proccess_data', 'scheduled__2022-04-25T13:53:09.676172+00:00', '--job-id', '1286', '--raw', '--subdir', 'DAGS_FOLDER/test_dag.py', '--cfg-path', '/tmp/tmp4514dbu3', '--error-file', '/tmp/tmp7ry9rwye']
[2022-04-26 13:57:25,068] {standard_task_runner.py:77} INFO - Job 1286: Subtask fsqfqf.fsqfqf_proccess_data
[2022-04-26 13:57:25,197] {logging_mixin.py:109} INFO - Running <TaskInstance: tutorial.fsqfqf.fsqfqf_proccess_data scheduled__2022-04-25T13:53:09.676172+00:00 [running]> on host ff48034dfdbf
[2022-04-26 13:57:25,291] {taskinstance.py:1426} INFO - Exporting the following env vars:
AIRFLOW_CTX_DAG_EMAIL=***@example.com
AIRFLOW_CTX_DAG_OWNER=***
AIRFLOW_CTX_DAG_ID=tutorial
AIRFLOW_CTX_TASK_ID=fsqfqf.fsqfqf_proccess_data
AIRFLOW_CTX_EXECUTION_DATE=2022-04-25T13:53:09.676172+00:00
AIRFLOW_CTX_DAG_RUN_ID=scheduled__2022-04-25T13:53:09.676172+00:00
[2022-04-26 13:58:25,311] {python.py:175} INFO - Done. Returned value was: None
[2022-04-26 13:58:25,362] {taskinstance.py:1277} INFO - Marking task as SUCCESS. dag_id=tutorial, task_id=fsqfqf.fsqfqf_proccess_data, execution_date=20220425T135309, start_date=20220426T135724, end_date=20220426T135825
[2022-04-26 13:58:25,463] {local_task_job.py:154} INFO - Task exited with return code 0
[2022-04-26 13:58:25,608] {local_task_job.py:264} INFO - 1 downstream tasks scheduled from follow-on schedule check
