[2022-03-01 19:09:04,703] {taskinstance.py:1032} INFO - Dependencies all met for <TaskInstance: tutorial.wcccw.wcccw_get_data scheduled__2022-02-27T21:51:17.549420+00:00 [queued]>
[2022-03-01 19:09:04,726] {taskinstance.py:1032} INFO - Dependencies all met for <TaskInstance: tutorial.wcccw.wcccw_get_data scheduled__2022-02-27T21:51:17.549420+00:00 [queued]>
[2022-03-01 19:09:04,727] {taskinstance.py:1238} INFO - 
--------------------------------------------------------------------------------
[2022-03-01 19:09:04,728] {taskinstance.py:1239} INFO - Starting attempt 1 of 2
[2022-03-01 19:09:04,729] {taskinstance.py:1240} INFO - 
--------------------------------------------------------------------------------
[2022-03-01 19:09:04,754] {taskinstance.py:1259} INFO - Executing <Task(PythonOperator): wcccw.wcccw_get_data> on 2022-02-27 21:51:17.549420+00:00
[2022-03-01 19:09:04,762] {standard_task_runner.py:52} INFO - Started process 79 to run task
[2022-03-01 19:09:04,769] {standard_task_runner.py:76} INFO - Running: ['***', 'tasks', 'run', 'tutorial', 'wcccw.wcccw_get_data', 'scheduled__2022-02-27T21:51:17.549420+00:00', '--job-id', '366', '--raw', '--subdir', 'DAGS_FOLDER/test_dag.py', '--cfg-path', '/tmp/tmpd1snwroy', '--error-file', '/tmp/tmpluqzatzq']
[2022-03-01 19:09:04,771] {standard_task_runner.py:77} INFO - Job 366: Subtask wcccw.wcccw_get_data
[2022-03-01 19:09:04,899] {logging_mixin.py:109} INFO - Running <TaskInstance: tutorial.wcccw.wcccw_get_data scheduled__2022-02-27T21:51:17.549420+00:00 [running]> on host ff48034dfdbf
[2022-03-01 19:09:05,007] {taskinstance.py:1426} INFO - Exporting the following env vars:
AIRFLOW_CTX_DAG_EMAIL=***@example.com
AIRFLOW_CTX_DAG_OWNER=***
AIRFLOW_CTX_DAG_ID=tutorial
AIRFLOW_CTX_TASK_ID=wcccw.wcccw_get_data
AIRFLOW_CTX_EXECUTION_DATE=2022-02-27T21:51:17.549420+00:00
AIRFLOW_CTX_DAG_RUN_ID=scheduled__2022-02-27T21:51:17.549420+00:00
[2022-03-01 19:10:04,968] {python.py:175} INFO - Done. Returned value was: None
[2022-03-01 19:10:04,989] {taskinstance.py:1277} INFO - Marking task as SUCCESS. dag_id=tutorial, task_id=wcccw.wcccw_get_data, execution_date=20220227T215117, start_date=20220301T190904, end_date=20220301T191004
[2022-03-01 19:10:05,048] {local_task_job.py:154} INFO - Task exited with return code 0
[2022-03-01 19:10:05,110] {local_task_job.py:264} INFO - 1 downstream tasks scheduled from follow-on schedule check
