[2022-02-27 17:17:54,222] {taskinstance.py:1032} INFO - Dependencies all met for <TaskInstance: tutorial.gdgfg.gdgfg_get_data scheduled__2022-02-25T21:44:04.431894+00:00 [queued]>
[2022-02-27 17:17:54,234] {taskinstance.py:1032} INFO - Dependencies all met for <TaskInstance: tutorial.gdgfg.gdgfg_get_data scheduled__2022-02-25T21:44:04.431894+00:00 [queued]>
[2022-02-27 17:17:54,236] {taskinstance.py:1238} INFO - 
--------------------------------------------------------------------------------
[2022-02-27 17:17:54,238] {taskinstance.py:1239} INFO - Starting attempt 1 of 2
[2022-02-27 17:17:54,239] {taskinstance.py:1240} INFO - 
--------------------------------------------------------------------------------
[2022-02-27 17:17:54,256] {taskinstance.py:1259} INFO - Executing <Task(PythonOperator): gdgfg.gdgfg_get_data> on 2022-02-25 21:44:04.431894+00:00
[2022-02-27 17:17:54,261] {standard_task_runner.py:52} INFO - Started process 80 to run task
[2022-02-27 17:17:54,266] {standard_task_runner.py:76} INFO - Running: ['***', 'tasks', 'run', 'tutorial', 'gdgfg.gdgfg_get_data', 'scheduled__2022-02-25T21:44:04.431894+00:00', '--job-id', '294', '--raw', '--subdir', 'DAGS_FOLDER/test_dag.py', '--cfg-path', '/tmp/tmp3rlnoc62', '--error-file', '/tmp/tmpq8rb_aif']
[2022-02-27 17:17:54,268] {standard_task_runner.py:77} INFO - Job 294: Subtask gdgfg.gdgfg_get_data
[2022-02-27 17:17:54,359] {logging_mixin.py:109} INFO - Running <TaskInstance: tutorial.gdgfg.gdgfg_get_data scheduled__2022-02-25T21:44:04.431894+00:00 [running]> on host ff48034dfdbf
[2022-02-27 17:17:54,435] {taskinstance.py:1426} INFO - Exporting the following env vars:
AIRFLOW_CTX_DAG_EMAIL=***@example.com
AIRFLOW_CTX_DAG_OWNER=***
AIRFLOW_CTX_DAG_ID=tutorial
AIRFLOW_CTX_TASK_ID=gdgfg.gdgfg_get_data
AIRFLOW_CTX_EXECUTION_DATE=2022-02-25T21:44:04.431894+00:00
AIRFLOW_CTX_DAG_RUN_ID=scheduled__2022-02-25T21:44:04.431894+00:00
[2022-02-27 17:18:54,455] {python.py:175} INFO - Done. Returned value was: None
[2022-02-27 17:18:54,472] {taskinstance.py:1277} INFO - Marking task as SUCCESS. dag_id=tutorial, task_id=gdgfg.gdgfg_get_data, execution_date=20220225T214404, start_date=20220227T171754, end_date=20220227T171854
[2022-02-27 17:18:54,556] {local_task_job.py:154} INFO - Task exited with return code 0
[2022-02-27 17:18:54,624] {local_task_job.py:264} INFO - 1 downstream tasks scheduled from follow-on schedule check
