[2022-03-01 21:51:20,514] {taskinstance.py:1032} INFO - Dependencies all met for <TaskInstance: tutorial.wcccw.wcccw_get_data scheduled__2022-02-28T21:51:17.549420+00:00 [queued]>
[2022-03-01 21:51:20,549] {taskinstance.py:1032} INFO - Dependencies all met for <TaskInstance: tutorial.wcccw.wcccw_get_data scheduled__2022-02-28T21:51:17.549420+00:00 [queued]>
[2022-03-01 21:51:20,551] {taskinstance.py:1238} INFO - 
--------------------------------------------------------------------------------
[2022-03-01 21:51:20,553] {taskinstance.py:1239} INFO - Starting attempt 1 of 2
[2022-03-01 21:51:20,556] {taskinstance.py:1240} INFO - 
--------------------------------------------------------------------------------
[2022-03-01 21:51:20,594] {taskinstance.py:1259} INFO - Executing <Task(PythonOperator): wcccw.wcccw_get_data> on 2022-02-28 21:51:17.549420+00:00
[2022-03-01 21:51:20,605] {standard_task_runner.py:52} INFO - Started process 5741 to run task
[2022-03-01 21:51:20,648] {standard_task_runner.py:76} INFO - Running: ['***', 'tasks', 'run', 'tutorial', 'wcccw.wcccw_get_data', 'scheduled__2022-02-28T21:51:17.549420+00:00', '--job-id', '402', '--raw', '--subdir', 'DAGS_FOLDER/test_dag.py', '--cfg-path', '/tmp/tmpbdz29n4n', '--error-file', '/tmp/tmpdw1p7g5c']
[2022-03-01 21:51:20,651] {standard_task_runner.py:77} INFO - Job 402: Subtask wcccw.wcccw_get_data
[2022-03-01 21:51:20,879] {logging_mixin.py:109} INFO - Running <TaskInstance: tutorial.wcccw.wcccw_get_data scheduled__2022-02-28T21:51:17.549420+00:00 [running]> on host ff48034dfdbf
[2022-03-01 21:51:21,085] {taskinstance.py:1426} INFO - Exporting the following env vars:
AIRFLOW_CTX_DAG_EMAIL=***@example.com
AIRFLOW_CTX_DAG_OWNER=***
AIRFLOW_CTX_DAG_ID=tutorial
AIRFLOW_CTX_TASK_ID=wcccw.wcccw_get_data
AIRFLOW_CTX_EXECUTION_DATE=2022-02-28T21:51:17.549420+00:00
AIRFLOW_CTX_DAG_RUN_ID=scheduled__2022-02-28T21:51:17.549420+00:00
[2022-03-01 21:52:21,080] {python.py:175} INFO - Done. Returned value was: None
[2022-03-01 21:52:21,100] {taskinstance.py:1277} INFO - Marking task as SUCCESS. dag_id=tutorial, task_id=wcccw.wcccw_get_data, execution_date=20220228T215117, start_date=20220301T215120, end_date=20220301T215221
[2022-03-01 21:52:21,162] {local_task_job.py:154} INFO - Task exited with return code 0
[2022-03-01 21:52:21,221] {local_task_job.py:264} INFO - 1 downstream tasks scheduled from follow-on schedule check
