[2022-03-02 21:52:23,814] {taskinstance.py:1032} INFO - Dependencies all met for <TaskInstance: tutorial.yryrty.yryrty_proccess_data scheduled__2022-03-01T21:51:17.549420+00:00 [queued]>
[2022-03-02 21:52:23,847] {taskinstance.py:1032} INFO - Dependencies all met for <TaskInstance: tutorial.yryrty.yryrty_proccess_data scheduled__2022-03-01T21:51:17.549420+00:00 [queued]>
[2022-03-02 21:52:23,881] {taskinstance.py:1238} INFO - 
--------------------------------------------------------------------------------
[2022-03-02 21:52:23,884] {taskinstance.py:1239} INFO - Starting attempt 1 of 2
[2022-03-02 21:52:23,887] {taskinstance.py:1240} INFO - 
--------------------------------------------------------------------------------
[2022-03-02 21:52:23,922] {taskinstance.py:1259} INFO - Executing <Task(PythonOperator): yryrty.yryrty_proccess_data> on 2022-03-01 21:51:17.549420+00:00
[2022-03-02 21:52:23,935] {standard_task_runner.py:52} INFO - Started process 15226 to run task
[2022-03-02 21:52:23,942] {standard_task_runner.py:76} INFO - Running: ['***', 'tasks', 'run', 'tutorial', 'yryrty.yryrty_proccess_data', 'scheduled__2022-03-01T21:51:17.549420+00:00', '--job-id', '453', '--raw', '--subdir', 'DAGS_FOLDER/test_dag.py', '--cfg-path', '/tmp/tmph4v3fs5c', '--error-file', '/tmp/tmp_3c1wonf']
[2022-03-02 21:52:23,944] {standard_task_runner.py:77} INFO - Job 453: Subtask yryrty.yryrty_proccess_data
[2022-03-02 21:52:24,078] {logging_mixin.py:109} INFO - Running <TaskInstance: tutorial.yryrty.yryrty_proccess_data scheduled__2022-03-01T21:51:17.549420+00:00 [running]> on host ff48034dfdbf
[2022-03-02 21:52:24,254] {taskinstance.py:1426} INFO - Exporting the following env vars:
AIRFLOW_CTX_DAG_EMAIL=***@example.com
AIRFLOW_CTX_DAG_OWNER=***
AIRFLOW_CTX_DAG_ID=tutorial
AIRFLOW_CTX_TASK_ID=yryrty.yryrty_proccess_data
AIRFLOW_CTX_EXECUTION_DATE=2022-03-01T21:51:17.549420+00:00
AIRFLOW_CTX_DAG_RUN_ID=scheduled__2022-03-01T21:51:17.549420+00:00
[2022-03-02 21:53:24,211] {python.py:175} INFO - Done. Returned value was: None
[2022-03-02 21:53:24,252] {taskinstance.py:1277} INFO - Marking task as SUCCESS. dag_id=tutorial, task_id=yryrty.yryrty_proccess_data, execution_date=20220301T215117, start_date=20220302T215223, end_date=20220302T215324
[2022-03-02 21:53:24,317] {local_task_job.py:154} INFO - Task exited with return code 0
[2022-03-02 21:53:24,448] {local_task_job.py:264} INFO - 1 downstream tasks scheduled from follow-on schedule check
