[2022-02-23 21:38:55,705] {taskinstance.py:1032} INFO - Dependencies all met for <TaskInstance: tutorial.wcccw.wcccw_get_data scheduled__2022-02-22T21:37:49.340300+00:00 [queued]>
[2022-02-23 21:38:55,728] {taskinstance.py:1032} INFO - Dependencies all met for <TaskInstance: tutorial.wcccw.wcccw_get_data scheduled__2022-02-22T21:37:49.340300+00:00 [queued]>
[2022-02-23 21:38:55,729] {taskinstance.py:1238} INFO - 
--------------------------------------------------------------------------------
[2022-02-23 21:38:55,730] {taskinstance.py:1239} INFO - Starting attempt 1 of 2
[2022-02-23 21:38:55,731] {taskinstance.py:1240} INFO - 
--------------------------------------------------------------------------------
[2022-02-23 21:38:55,755] {taskinstance.py:1259} INFO - Executing <Task(PythonOperator): wcccw.wcccw_get_data> on 2022-02-22 21:37:49.340300+00:00
[2022-02-23 21:38:55,763] {standard_task_runner.py:52} INFO - Started process 142 to run task
[2022-02-23 21:38:55,769] {standard_task_runner.py:76} INFO - Running: ['***', 'tasks', 'run', 'tutorial', 'wcccw.wcccw_get_data', 'scheduled__2022-02-22T21:37:49.340300+00:00', '--job-id', '121', '--raw', '--subdir', 'DAGS_FOLDER/test_dag.py', '--cfg-path', '/tmp/tmptszca6cw', '--error-file', '/tmp/tmpp03cokul']
[2022-02-23 21:38:55,771] {standard_task_runner.py:77} INFO - Job 121: Subtask wcccw.wcccw_get_data
[2022-02-23 21:38:55,893] {logging_mixin.py:109} INFO - Running <TaskInstance: tutorial.wcccw.wcccw_get_data scheduled__2022-02-22T21:37:49.340300+00:00 [running]> on host ff48034dfdbf
[2022-02-23 21:38:55,968] {taskinstance.py:1426} INFO - Exporting the following env vars:
AIRFLOW_CTX_DAG_EMAIL=***@example.com
AIRFLOW_CTX_DAG_OWNER=***
AIRFLOW_CTX_DAG_ID=tutorial
AIRFLOW_CTX_TASK_ID=wcccw.wcccw_get_data
AIRFLOW_CTX_EXECUTION_DATE=2022-02-22T21:37:49.340300+00:00
AIRFLOW_CTX_DAG_RUN_ID=scheduled__2022-02-22T21:37:49.340300+00:00
[2022-02-23 21:39:55,988] {python.py:175} INFO - Done. Returned value was: None
[2022-02-23 21:39:56,015] {taskinstance.py:1277} INFO - Marking task as SUCCESS. dag_id=tutorial, task_id=wcccw.wcccw_get_data, execution_date=20220222T213749, start_date=20220223T213855, end_date=20220223T213956
[2022-02-23 21:39:56,068] {local_task_job.py:154} INFO - Task exited with return code 0
[2022-02-23 21:39:56,117] {local_task_job.py:264} INFO - 1 downstream tasks scheduled from follow-on schedule check
