[2022-03-05 10:27:50,163] {taskinstance.py:1032} INFO - Dependencies all met for <TaskInstance: tutorial.wcccw.wcccw_proccess_data scheduled__2022-03-04T10:23:38.063243+00:00 [queued]>
[2022-03-05 10:27:50,184] {taskinstance.py:1032} INFO - Dependencies all met for <TaskInstance: tutorial.wcccw.wcccw_proccess_data scheduled__2022-03-04T10:23:38.063243+00:00 [queued]>
[2022-03-05 10:27:50,186] {taskinstance.py:1238} INFO - 
--------------------------------------------------------------------------------
[2022-03-05 10:27:50,187] {taskinstance.py:1239} INFO - Starting attempt 1 of 2
[2022-03-05 10:27:50,189] {taskinstance.py:1240} INFO - 
--------------------------------------------------------------------------------
[2022-03-05 10:27:50,207] {taskinstance.py:1259} INFO - Executing <Task(PythonOperator): wcccw.wcccw_proccess_data> on 2022-03-04 10:23:38.063243+00:00
[2022-03-05 10:27:50,223] {standard_task_runner.py:52} INFO - Started process 341 to run task
[2022-03-05 10:27:50,238] {standard_task_runner.py:76} INFO - Running: ['***', 'tasks', 'run', 'tutorial', 'wcccw.wcccw_proccess_data', 'scheduled__2022-03-04T10:23:38.063243+00:00', '--job-id', '523', '--raw', '--subdir', 'DAGS_FOLDER/test_dag.py', '--cfg-path', '/tmp/tmpi46qyg_1', '--error-file', '/tmp/tmp_r1iqnqp']
[2022-03-05 10:27:50,239] {standard_task_runner.py:77} INFO - Job 523: Subtask wcccw.wcccw_proccess_data
[2022-03-05 10:27:50,317] {logging_mixin.py:109} INFO - Running <TaskInstance: tutorial.wcccw.wcccw_proccess_data scheduled__2022-03-04T10:23:38.063243+00:00 [running]> on host ff48034dfdbf
[2022-03-05 10:27:50,374] {taskinstance.py:1426} INFO - Exporting the following env vars:
AIRFLOW_CTX_DAG_EMAIL=***@example.com
AIRFLOW_CTX_DAG_OWNER=***
AIRFLOW_CTX_DAG_ID=tutorial
AIRFLOW_CTX_TASK_ID=wcccw.wcccw_proccess_data
AIRFLOW_CTX_EXECUTION_DATE=2022-03-04T10:23:38.063243+00:00
AIRFLOW_CTX_DAG_RUN_ID=scheduled__2022-03-04T10:23:38.063243+00:00
[2022-03-05 10:28:50,347] {python.py:175} INFO - Done. Returned value was: None
[2022-03-05 10:28:50,361] {taskinstance.py:1277} INFO - Marking task as SUCCESS. dag_id=tutorial, task_id=wcccw.wcccw_proccess_data, execution_date=20220304T102338, start_date=20220305T102750, end_date=20220305T102850
[2022-03-05 10:28:50,413] {local_task_job.py:154} INFO - Task exited with return code 0
[2022-03-05 10:28:50,480] {local_task_job.py:264} INFO - 1 downstream tasks scheduled from follow-on schedule check
