[2022-04-26 14:03:32,222] {taskinstance.py:1032} INFO - Dependencies all met for <TaskInstance: tutorial.cat.cat_print_proccesed_data scheduled__2022-04-25T13:59:28.202500+00:00 [queued]>
[2022-04-26 14:03:32,243] {taskinstance.py:1032} INFO - Dependencies all met for <TaskInstance: tutorial.cat.cat_print_proccesed_data scheduled__2022-04-25T13:59:28.202500+00:00 [queued]>
[2022-04-26 14:03:32,244] {taskinstance.py:1238} INFO - 
--------------------------------------------------------------------------------
[2022-04-26 14:03:32,246] {taskinstance.py:1239} INFO - Starting attempt 1 of 2
[2022-04-26 14:03:32,247] {taskinstance.py:1240} INFO - 
--------------------------------------------------------------------------------
[2022-04-26 14:03:32,264] {taskinstance.py:1259} INFO - Executing <Task(PythonOperator): cat.cat_print_proccesed_data> on 2022-04-25 13:59:28.202500+00:00
[2022-04-26 14:03:32,273] {standard_task_runner.py:52} INFO - Started process 679 to run task
[2022-04-26 14:03:32,278] {standard_task_runner.py:76} INFO - Running: ['***', 'tasks', 'run', 'tutorial', 'cat.cat_print_proccesed_data', 'scheduled__2022-04-25T13:59:28.202500+00:00', '--job-id', '1343', '--raw', '--subdir', 'DAGS_FOLDER/test_dag.py', '--cfg-path', '/tmp/tmpedwoidm8', '--error-file', '/tmp/tmp5fhm0dfx']
[2022-04-26 14:03:32,280] {standard_task_runner.py:77} INFO - Job 1343: Subtask cat.cat_print_proccesed_data
[2022-04-26 14:03:32,380] {logging_mixin.py:109} INFO - Running <TaskInstance: tutorial.cat.cat_print_proccesed_data scheduled__2022-04-25T13:59:28.202500+00:00 [running]> on host ff48034dfdbf
[2022-04-26 14:03:32,456] {taskinstance.py:1426} INFO - Exporting the following env vars:
AIRFLOW_CTX_DAG_EMAIL=***@example.com
AIRFLOW_CTX_DAG_OWNER=***
AIRFLOW_CTX_DAG_ID=tutorial
AIRFLOW_CTX_TASK_ID=cat.cat_print_proccesed_data
AIRFLOW_CTX_EXECUTION_DATE=2022-04-25T13:59:28.202500+00:00
AIRFLOW_CTX_DAG_RUN_ID=scheduled__2022-04-25T13:59:28.202500+00:00
[2022-04-26 14:04:32,451] {python.py:175} INFO - Done. Returned value was: None
[2022-04-26 14:04:32,466] {taskinstance.py:1277} INFO - Marking task as SUCCESS. dag_id=tutorial, task_id=cat.cat_print_proccesed_data, execution_date=20220425T135928, start_date=20220426T140332, end_date=20220426T140432
[2022-04-26 14:04:32,491] {local_task_job.py:154} INFO - Task exited with return code 0
[2022-04-26 14:04:32,528] {local_task_job.py:264} INFO - 0 downstream tasks scheduled from follow-on schedule check
