[2022-04-30 12:55:06,771] {taskinstance.py:1032} INFO - Dependencies all met for <TaskInstance: cdn_daily.import_pre.run_pre scheduled__2022-04-29T12:55:05.495602+00:00 [queued]>
[2022-04-30 12:55:06,789] {taskinstance.py:1032} INFO - Dependencies all met for <TaskInstance: cdn_daily.import_pre.run_pre scheduled__2022-04-29T12:55:05.495602+00:00 [queued]>
[2022-04-30 12:55:06,790] {taskinstance.py:1238} INFO - 
--------------------------------------------------------------------------------
[2022-04-30 12:55:06,791] {taskinstance.py:1239} INFO - Starting attempt 1 of 2
[2022-04-30 12:55:06,792] {taskinstance.py:1240} INFO - 
--------------------------------------------------------------------------------
[2022-04-30 12:55:06,812] {taskinstance.py:1259} INFO - Executing <Task(PythonOperator): import_pre.run_pre> on 2022-04-29 12:55:05.495602+00:00
[2022-04-30 12:55:06,819] {standard_task_runner.py:52} INFO - Started process 233 to run task
[2022-04-30 12:55:06,825] {standard_task_runner.py:76} INFO - Running: ['***', 'tasks', 'run', 'cdn_daily', 'import_pre.run_pre', 'scheduled__2022-04-29T12:55:05.495602+00:00', '--job-id', '1792', '--raw', '--subdir', 'DAGS_FOLDER/cdn_daily.py', '--cfg-path', '/tmp/tmpisg668wi', '--error-file', '/tmp/tmp2eam2v6m']
[2022-04-30 12:55:06,827] {standard_task_runner.py:77} INFO - Job 1792: Subtask import_pre.run_pre
[2022-04-30 12:55:06,924] {logging_mixin.py:109} INFO - Running <TaskInstance: cdn_daily.import_pre.run_pre scheduled__2022-04-29T12:55:05.495602+00:00 [running]> on host d5ad096ffea5
[2022-04-30 12:55:06,988] {taskinstance.py:1426} INFO - Exporting the following env vars:
AIRFLOW_CTX_DAG_EMAIL=***@example.com
AIRFLOW_CTX_DAG_OWNER=***
AIRFLOW_CTX_DAG_ID=cdn_daily
AIRFLOW_CTX_TASK_ID=import_pre.run_pre
AIRFLOW_CTX_EXECUTION_DATE=2022-04-29T12:55:05.495602+00:00
AIRFLOW_CTX_DAG_RUN_ID=scheduled__2022-04-29T12:55:05.495602+00:00
[2022-04-30 12:55:07,035] {python.py:175} INFO - Done. Returned value was: None
[2022-04-30 12:55:07,063] {taskinstance.py:1277} INFO - Marking task as SUCCESS. dag_id=cdn_daily, task_id=import_pre.run_pre, execution_date=20220429T125505, start_date=20220430T125506, end_date=20220430T125507
[2022-04-30 12:55:07,100] {local_task_job.py:154} INFO - Task exited with return code 0
[2022-04-30 12:55:07,169] {local_task_job.py:264} INFO - 1 downstream tasks scheduled from follow-on schedule check
