[2022-04-23 14:29:58,355] {taskinstance.py:1032} INFO - Dependencies all met for <TaskInstance: tutorial.xsxsxqc.xsxsxqc_print_proccesed_data scheduled__2022-04-22T14:25:49.377068+00:00 [queued]>
[2022-04-23 14:29:58,373] {taskinstance.py:1032} INFO - Dependencies all met for <TaskInstance: tutorial.xsxsxqc.xsxsxqc_print_proccesed_data scheduled__2022-04-22T14:25:49.377068+00:00 [queued]>
[2022-04-23 14:29:58,375] {taskinstance.py:1238} INFO - 
--------------------------------------------------------------------------------
[2022-04-23 14:29:58,375] {taskinstance.py:1239} INFO - Starting attempt 1 of 2
[2022-04-23 14:29:58,376] {taskinstance.py:1240} INFO - 
--------------------------------------------------------------------------------
[2022-04-23 14:29:58,393] {taskinstance.py:1259} INFO - Executing <Task(PythonOperator): xsxsxqc.xsxsxqc_print_proccesed_data> on 2022-04-22 14:25:49.377068+00:00
[2022-04-23 14:29:58,400] {standard_task_runner.py:52} INFO - Started process 834 to run task
[2022-04-23 14:29:58,405] {standard_task_runner.py:76} INFO - Running: ['***', 'tasks', 'run', 'tutorial', 'xsxsxqc.xsxsxqc_print_proccesed_data', 'scheduled__2022-04-22T14:25:49.377068+00:00', '--job-id', '1229', '--raw', '--subdir', 'DAGS_FOLDER/test_dag.py', '--cfg-path', '/tmp/tmp2u5kwii0', '--error-file', '/tmp/tmpq378fqre']
[2022-04-23 14:29:58,407] {standard_task_runner.py:77} INFO - Job 1229: Subtask xsxsxqc.xsxsxqc_print_proccesed_data
[2022-04-23 14:29:58,489] {logging_mixin.py:109} INFO - Running <TaskInstance: tutorial.xsxsxqc.xsxsxqc_print_proccesed_data scheduled__2022-04-22T14:25:49.377068+00:00 [running]> on host ff48034dfdbf
[2022-04-23 14:29:58,562] {taskinstance.py:1426} INFO - Exporting the following env vars:
AIRFLOW_CTX_DAG_EMAIL=***@example.com
AIRFLOW_CTX_DAG_OWNER=***
AIRFLOW_CTX_DAG_ID=tutorial
AIRFLOW_CTX_TASK_ID=xsxsxqc.xsxsxqc_print_proccesed_data
AIRFLOW_CTX_EXECUTION_DATE=2022-04-22T14:25:49.377068+00:00
AIRFLOW_CTX_DAG_RUN_ID=scheduled__2022-04-22T14:25:49.377068+00:00
[2022-04-23 14:30:58,742] {python.py:175} INFO - Done. Returned value was: None
[2022-04-23 14:30:58,756] {taskinstance.py:1277} INFO - Marking task as SUCCESS. dag_id=tutorial, task_id=xsxsxqc.xsxsxqc_print_proccesed_data, execution_date=20220422T142549, start_date=20220423T142958, end_date=20220423T143058
[2022-04-23 14:30:58,817] {local_task_job.py:154} INFO - Task exited with return code 0
[2022-04-23 14:30:58,875] {local_task_job.py:264} INFO - 0 downstream tasks scheduled from follow-on schedule check
