[2022-03-14 12:08:19,576] {taskinstance.py:1032} INFO - Dependencies all met for <TaskInstance: tutorial.hfghfg.hfghfg_proccess_data scheduled__2022-03-13T12:04:19.461189+00:00 [queued]>
[2022-03-14 12:08:19,596] {taskinstance.py:1032} INFO - Dependencies all met for <TaskInstance: tutorial.hfghfg.hfghfg_proccess_data scheduled__2022-03-13T12:04:19.461189+00:00 [queued]>
[2022-03-14 12:08:19,597] {taskinstance.py:1238} INFO - 
--------------------------------------------------------------------------------
[2022-03-14 12:08:19,598] {taskinstance.py:1239} INFO - Starting attempt 1 of 2
[2022-03-14 12:08:19,600] {taskinstance.py:1240} INFO - 
--------------------------------------------------------------------------------
[2022-03-14 12:08:19,618] {taskinstance.py:1259} INFO - Executing <Task(PythonOperator): hfghfg.hfghfg_proccess_data> on 2022-03-13 12:04:19.461189+00:00
[2022-03-14 12:08:19,625] {standard_task_runner.py:52} INFO - Started process 1049 to run task
[2022-03-14 12:08:19,631] {standard_task_runner.py:76} INFO - Running: ['***', 'tasks', 'run', 'tutorial', 'hfghfg.hfghfg_proccess_data', 'scheduled__2022-03-13T12:04:19.461189+00:00', '--job-id', '845', '--raw', '--subdir', 'DAGS_FOLDER/test_dag.py', '--cfg-path', '/tmp/tmpo6zroc88', '--error-file', '/tmp/tmpkd1ip63d']
[2022-03-14 12:08:19,632] {standard_task_runner.py:77} INFO - Job 845: Subtask hfghfg.hfghfg_proccess_data
[2022-03-14 12:08:19,728] {logging_mixin.py:109} INFO - Running <TaskInstance: tutorial.hfghfg.hfghfg_proccess_data scheduled__2022-03-13T12:04:19.461189+00:00 [running]> on host ff48034dfdbf
[2022-03-14 12:08:19,813] {taskinstance.py:1426} INFO - Exporting the following env vars:
AIRFLOW_CTX_DAG_EMAIL=***@example.com
AIRFLOW_CTX_DAG_OWNER=***
AIRFLOW_CTX_DAG_ID=tutorial
AIRFLOW_CTX_TASK_ID=hfghfg.hfghfg_proccess_data
AIRFLOW_CTX_EXECUTION_DATE=2022-03-13T12:04:19.461189+00:00
AIRFLOW_CTX_DAG_RUN_ID=scheduled__2022-03-13T12:04:19.461189+00:00
[2022-03-14 12:09:19,827] {python.py:175} INFO - Done. Returned value was: None
[2022-03-14 12:09:19,846] {taskinstance.py:1277} INFO - Marking task as SUCCESS. dag_id=tutorial, task_id=hfghfg.hfghfg_proccess_data, execution_date=20220313T120419, start_date=20220314T120819, end_date=20220314T120919
[2022-03-14 12:09:19,916] {local_task_job.py:154} INFO - Task exited with return code 0
[2022-03-14 12:09:19,960] {local_task_job.py:264} INFO - 1 downstream tasks scheduled from follow-on schedule check
