[2022-04-23 14:20:39,725] {taskinstance.py:1032} INFO - Dependencies all met for <TaskInstance: tutorial.bsre.bsre_proccess_data scheduled__2022-03-30T16:04:54.591828+00:00 [queued]>
[2022-04-23 14:20:39,769] {taskinstance.py:1032} INFO - Dependencies all met for <TaskInstance: tutorial.bsre.bsre_proccess_data scheduled__2022-03-30T16:04:54.591828+00:00 [queued]>
[2022-04-23 14:20:39,772] {taskinstance.py:1238} INFO - 
--------------------------------------------------------------------------------
[2022-04-23 14:20:39,774] {taskinstance.py:1239} INFO - Starting attempt 1 of 2
[2022-04-23 14:20:39,776] {taskinstance.py:1240} INFO - 
--------------------------------------------------------------------------------
[2022-04-23 14:20:39,805] {taskinstance.py:1259} INFO - Executing <Task(PythonOperator): bsre.bsre_proccess_data> on 2022-03-30 16:04:54.591828+00:00
[2022-04-23 14:20:39,815] {standard_task_runner.py:52} INFO - Started process 310 to run task
[2022-04-23 14:20:39,824] {standard_task_runner.py:76} INFO - Running: ['***', 'tasks', 'run', 'tutorial', 'bsre.bsre_proccess_data', 'scheduled__2022-03-30T16:04:54.591828+00:00', '--job-id', '1134', '--raw', '--subdir', 'DAGS_FOLDER/test_dag.py', '--cfg-path', '/tmp/tmpjotj1wf8', '--error-file', '/tmp/tmpd7wixon_']
[2022-04-23 14:20:39,826] {standard_task_runner.py:77} INFO - Job 1134: Subtask bsre.bsre_proccess_data
[2022-04-23 14:20:39,980] {logging_mixin.py:109} INFO - Running <TaskInstance: tutorial.bsre.bsre_proccess_data scheduled__2022-03-30T16:04:54.591828+00:00 [running]> on host ff48034dfdbf
[2022-04-23 14:20:40,121] {taskinstance.py:1426} INFO - Exporting the following env vars:
AIRFLOW_CTX_DAG_EMAIL=***@example.com
AIRFLOW_CTX_DAG_OWNER=***
AIRFLOW_CTX_DAG_ID=tutorial
AIRFLOW_CTX_TASK_ID=bsre.bsre_proccess_data
AIRFLOW_CTX_EXECUTION_DATE=2022-03-30T16:04:54.591828+00:00
AIRFLOW_CTX_DAG_RUN_ID=scheduled__2022-03-30T16:04:54.591828+00:00
[2022-04-23 14:21:40,112] {python.py:175} INFO - Done. Returned value was: None
[2022-04-23 14:21:40,152] {taskinstance.py:1277} INFO - Marking task as SUCCESS. dag_id=tutorial, task_id=bsre.bsre_proccess_data, execution_date=20220330T160454, start_date=20220423T142039, end_date=20220423T142140
[2022-04-23 14:21:40,239] {local_task_job.py:154} INFO - Task exited with return code 0
[2022-04-23 14:21:40,315] {local_task_job.py:264} INFO - 1 downstream tasks scheduled from follow-on schedule check
