[2022-02-24 21:44:06,473] {taskinstance.py:1032} INFO - Dependencies all met for <TaskInstance: tutorial.wcccw.wcccw_get_data scheduled__2022-02-23T21:44:04.431894+00:00 [queued]>
[2022-02-24 21:44:06,520] {taskinstance.py:1032} INFO - Dependencies all met for <TaskInstance: tutorial.wcccw.wcccw_get_data scheduled__2022-02-23T21:44:04.431894+00:00 [queued]>
[2022-02-24 21:44:06,521] {taskinstance.py:1238} INFO - 
--------------------------------------------------------------------------------
[2022-02-24 21:44:06,523] {taskinstance.py:1239} INFO - Starting attempt 1 of 2
[2022-02-24 21:44:06,527] {taskinstance.py:1240} INFO - 
--------------------------------------------------------------------------------
[2022-02-24 21:44:06,551] {taskinstance.py:1259} INFO - Executing <Task(PythonOperator): wcccw.wcccw_get_data> on 2022-02-23 21:44:04.431894+00:00
[2022-02-24 21:44:06,564] {standard_task_runner.py:52} INFO - Started process 7757 to run task
[2022-02-24 21:44:06,571] {standard_task_runner.py:76} INFO - Running: ['***', 'tasks', 'run', 'tutorial', 'wcccw.wcccw_get_data', 'scheduled__2022-02-23T21:44:04.431894+00:00', '--job-id', '220', '--raw', '--subdir', 'DAGS_FOLDER/test_dag.py', '--cfg-path', '/tmp/tmpb8kyyndo', '--error-file', '/tmp/tmpq7fiyosh']
[2022-02-24 21:44:06,573] {standard_task_runner.py:77} INFO - Job 220: Subtask wcccw.wcccw_get_data
[2022-02-24 21:44:06,719] {logging_mixin.py:109} INFO - Running <TaskInstance: tutorial.wcccw.wcccw_get_data scheduled__2022-02-23T21:44:04.431894+00:00 [running]> on host ff48034dfdbf
[2022-02-24 21:44:06,811] {taskinstance.py:1426} INFO - Exporting the following env vars:
AIRFLOW_CTX_DAG_EMAIL=***@example.com
AIRFLOW_CTX_DAG_OWNER=***
AIRFLOW_CTX_DAG_ID=tutorial
AIRFLOW_CTX_TASK_ID=wcccw.wcccw_get_data
AIRFLOW_CTX_EXECUTION_DATE=2022-02-23T21:44:04.431894+00:00
AIRFLOW_CTX_DAG_RUN_ID=scheduled__2022-02-23T21:44:04.431894+00:00
[2022-02-24 21:45:06,747] {python.py:175} INFO - Done. Returned value was: None
[2022-02-24 21:45:06,772] {taskinstance.py:1277} INFO - Marking task as SUCCESS. dag_id=tutorial, task_id=wcccw.wcccw_get_data, execution_date=20220223T214404, start_date=20220224T214406, end_date=20220224T214506
[2022-02-24 21:45:06,853] {local_task_job.py:154} INFO - Task exited with return code 0
[2022-02-24 21:45:06,927] {local_task_job.py:264} INFO - 1 downstream tasks scheduled from follow-on schedule check
