[2022-02-27 21:51:19,208] {taskinstance.py:1032} INFO - Dependencies all met for <TaskInstance: tutorial.yryrty.yryrty_get_data scheduled__2022-02-26T21:51:17.549420+00:00 [queued]>
[2022-02-27 21:51:19,250] {taskinstance.py:1032} INFO - Dependencies all met for <TaskInstance: tutorial.yryrty.yryrty_get_data scheduled__2022-02-26T21:51:17.549420+00:00 [queued]>
[2022-02-27 21:51:19,252] {taskinstance.py:1238} INFO - 
--------------------------------------------------------------------------------
[2022-02-27 21:51:19,253] {taskinstance.py:1239} INFO - Starting attempt 1 of 2
[2022-02-27 21:51:19,254] {taskinstance.py:1240} INFO - 
--------------------------------------------------------------------------------
[2022-02-27 21:51:19,328] {taskinstance.py:1259} INFO - Executing <Task(PythonOperator): yryrty.yryrty_get_data> on 2022-02-26 21:51:17.549420+00:00
[2022-02-27 21:51:19,339] {standard_task_runner.py:52} INFO - Started process 9793 to run task
[2022-02-27 21:51:19,367] {standard_task_runner.py:76} INFO - Running: ['***', 'tasks', 'run', 'tutorial', 'yryrty.yryrty_get_data', 'scheduled__2022-02-26T21:51:17.549420+00:00', '--job-id', '326', '--raw', '--subdir', 'DAGS_FOLDER/test_dag.py', '--cfg-path', '/tmp/tmpn4bkf8rs', '--error-file', '/tmp/tmp99jh66ha']
[2022-02-27 21:51:19,383] {standard_task_runner.py:77} INFO - Job 326: Subtask yryrty.yryrty_get_data
[2022-02-27 21:51:19,887] {logging_mixin.py:109} INFO - Running <TaskInstance: tutorial.yryrty.yryrty_get_data scheduled__2022-02-26T21:51:17.549420+00:00 [running]> on host ff48034dfdbf
[2022-02-27 21:51:20,112] {taskinstance.py:1426} INFO - Exporting the following env vars:
AIRFLOW_CTX_DAG_EMAIL=***@example.com
AIRFLOW_CTX_DAG_OWNER=***
AIRFLOW_CTX_DAG_ID=tutorial
AIRFLOW_CTX_TASK_ID=yryrty.yryrty_get_data
AIRFLOW_CTX_EXECUTION_DATE=2022-02-26T21:51:17.549420+00:00
AIRFLOW_CTX_DAG_RUN_ID=scheduled__2022-02-26T21:51:17.549420+00:00
[2022-02-27 21:52:20,079] {python.py:175} INFO - Done. Returned value was: None
[2022-02-27 21:52:20,108] {taskinstance.py:1277} INFO - Marking task as SUCCESS. dag_id=tutorial, task_id=yryrty.yryrty_get_data, execution_date=20220226T215117, start_date=20220227T215119, end_date=20220227T215220
[2022-02-27 21:52:20,168] {local_task_job.py:154} INFO - Task exited with return code 0
[2022-02-27 21:52:20,237] {local_task_job.py:264} INFO - 0 downstream tasks scheduled from follow-on schedule check
