[2022-04-29 15:30:31,894] {taskinstance.py:1032} INFO - Dependencies all met for <TaskInstance: cdn_daily.import_cat.run_cat manual__2022-04-29T15:30:28.273551+00:00 [queued]>
[2022-04-29 15:30:31,914] {taskinstance.py:1032} INFO - Dependencies all met for <TaskInstance: cdn_daily.import_cat.run_cat manual__2022-04-29T15:30:28.273551+00:00 [queued]>
[2022-04-29 15:30:31,915] {taskinstance.py:1238} INFO - 
--------------------------------------------------------------------------------
[2022-04-29 15:30:31,916] {taskinstance.py:1239} INFO - Starting attempt 1 of 2
[2022-04-29 15:30:31,918] {taskinstance.py:1240} INFO - 
--------------------------------------------------------------------------------
[2022-04-29 15:30:31,947] {taskinstance.py:1259} INFO - Executing <Task(PythonOperator): import_cat.run_cat> on 2022-04-29 15:30:28.273551+00:00
[2022-04-29 15:30:31,956] {standard_task_runner.py:52} INFO - Started process 3666 to run task
[2022-04-29 15:30:31,961] {standard_task_runner.py:76} INFO - Running: ['***', 'tasks', 'run', 'cdn_daily', 'import_cat.run_cat', 'manual__2022-04-29T15:30:28.273551+00:00', '--job-id', '1680', '--raw', '--subdir', 'DAGS_FOLDER/cdn_daily.py', '--cfg-path', '/tmp/tmpiko0p7l9', '--error-file', '/tmp/tmpwp8pd28v']
[2022-04-29 15:30:31,963] {standard_task_runner.py:77} INFO - Job 1680: Subtask import_cat.run_cat
[2022-04-29 15:30:32,104] {logging_mixin.py:109} INFO - Running <TaskInstance: cdn_daily.import_cat.run_cat manual__2022-04-29T15:30:28.273551+00:00 [running]> on host d5ad096ffea5
[2022-04-29 15:30:32,218] {taskinstance.py:1426} INFO - Exporting the following env vars:
AIRFLOW_CTX_DAG_EMAIL=***@example.com
AIRFLOW_CTX_DAG_OWNER=***
AIRFLOW_CTX_DAG_ID=cdn_daily
AIRFLOW_CTX_TASK_ID=import_cat.run_cat
AIRFLOW_CTX_EXECUTION_DATE=2022-04-29T15:30:28.273551+00:00
AIRFLOW_CTX_DAG_RUN_ID=manual__2022-04-29T15:30:28.273551+00:00
[2022-04-29 15:30:32,252] {python.py:175} INFO - Done. Returned value was: None
[2022-04-29 15:30:32,318] {taskinstance.py:1277} INFO - Marking task as SUCCESS. dag_id=cdn_daily, task_id=import_cat.run_cat, execution_date=20220429T153028, start_date=20220429T153031, end_date=20220429T153032
[2022-04-29 15:30:32,382] {local_task_job.py:154} INFO - Task exited with return code 0
[2022-04-29 15:30:32,483] {local_task_job.py:264} INFO - 1 downstream tasks scheduled from follow-on schedule check
