[2022-04-28 15:33:43,728] {taskinstance.py:1032} INFO - Dependencies all met for <TaskInstance: cdn_daily.import_cat.check_presence_of_cat2 manual__2022-04-28T15:33:42.194683+00:00 [queued]>
[2022-04-28 15:33:43,756] {taskinstance.py:1032} INFO - Dependencies all met for <TaskInstance: cdn_daily.import_cat.check_presence_of_cat2 manual__2022-04-28T15:33:42.194683+00:00 [queued]>
[2022-04-28 15:33:43,757] {taskinstance.py:1238} INFO - 
--------------------------------------------------------------------------------
[2022-04-28 15:33:43,759] {taskinstance.py:1239} INFO - Starting attempt 1 of 2
[2022-04-28 15:33:43,760] {taskinstance.py:1240} INFO - 
--------------------------------------------------------------------------------
[2022-04-28 15:33:43,797] {taskinstance.py:1259} INFO - Executing <Task(PythonOperator): import_cat.check_presence_of_cat2> on 2022-04-28 15:33:42.194683+00:00
[2022-04-28 15:33:43,805] {standard_task_runner.py:52} INFO - Started process 1553 to run task
[2022-04-28 15:33:43,812] {standard_task_runner.py:76} INFO - Running: ['***', 'tasks', 'run', 'cdn_daily', 'import_cat.check_presence_of_cat2', 'manual__2022-04-28T15:33:42.194683+00:00', '--job-id', '1420', '--raw', '--subdir', 'DAGS_FOLDER/cdn_daily.py', '--cfg-path', '/tmp/tmpegd4h4x_', '--error-file', '/tmp/tmpyaxcxxn7']
[2022-04-28 15:33:43,814] {standard_task_runner.py:77} INFO - Job 1420: Subtask import_cat.check_presence_of_cat2
[2022-04-28 15:33:43,933] {logging_mixin.py:109} INFO - Running <TaskInstance: cdn_daily.import_cat.check_presence_of_cat2 manual__2022-04-28T15:33:42.194683+00:00 [running]> on host d5ad096ffea5
[2022-04-28 15:33:44,038] {taskinstance.py:1426} INFO - Exporting the following env vars:
AIRFLOW_CTX_DAG_EMAIL=***@example.com
AIRFLOW_CTX_DAG_OWNER=***
AIRFLOW_CTX_DAG_ID=cdn_daily
AIRFLOW_CTX_TASK_ID=import_cat.check_presence_of_cat2
AIRFLOW_CTX_EXECUTION_DATE=2022-04-28T15:33:42.194683+00:00
AIRFLOW_CTX_DAG_RUN_ID=manual__2022-04-28T15:33:42.194683+00:00
[2022-04-28 15:33:44,085] {python.py:175} INFO - Done. Returned value was: None
[2022-04-28 15:33:44,125] {taskinstance.py:1277} INFO - Marking task as SUCCESS. dag_id=cdn_daily, task_id=import_cat.check_presence_of_cat2, execution_date=20220428T153342, start_date=20220428T153343, end_date=20220428T153344
[2022-04-28 15:33:44,190] {local_task_job.py:154} INFO - Task exited with return code 0
[2022-04-28 15:33:44,252] {local_task_job.py:264} INFO - 0 downstream tasks scheduled from follow-on schedule check
