[2022-03-05 10:25:47,736] {taskinstance.py:1032} INFO - Dependencies all met for <TaskInstance: tutorial.yryrty.yryrty_proccess_data scheduled__2022-03-02T21:51:17.549420+00:00 [queued]>
[2022-03-05 10:25:47,748] {taskinstance.py:1032} INFO - Dependencies all met for <TaskInstance: tutorial.yryrty.yryrty_proccess_data scheduled__2022-03-02T21:51:17.549420+00:00 [queued]>
[2022-03-05 10:25:47,749] {taskinstance.py:1238} INFO - 
--------------------------------------------------------------------------------
[2022-03-05 10:25:47,750] {taskinstance.py:1239} INFO - Starting attempt 1 of 2
[2022-03-05 10:25:47,750] {taskinstance.py:1240} INFO - 
--------------------------------------------------------------------------------
[2022-03-05 10:25:47,762] {taskinstance.py:1259} INFO - Executing <Task(PythonOperator): yryrty.yryrty_proccess_data> on 2022-03-02 21:51:17.549420+00:00
[2022-03-05 10:25:47,767] {standard_task_runner.py:52} INFO - Started process 208 to run task
[2022-03-05 10:25:47,771] {standard_task_runner.py:76} INFO - Running: ['***', 'tasks', 'run', 'tutorial', 'yryrty.yryrty_proccess_data', 'scheduled__2022-03-02T21:51:17.549420+00:00', '--job-id', '505', '--raw', '--subdir', 'DAGS_FOLDER/test_dag.py', '--cfg-path', '/tmp/tmp_2m31vtu', '--error-file', '/tmp/tmprvzhc0gx']
[2022-03-05 10:25:47,772] {standard_task_runner.py:77} INFO - Job 505: Subtask yryrty.yryrty_proccess_data
[2022-03-05 10:25:47,852] {logging_mixin.py:109} INFO - Running <TaskInstance: tutorial.yryrty.yryrty_proccess_data scheduled__2022-03-02T21:51:17.549420+00:00 [running]> on host ff48034dfdbf
[2022-03-05 10:25:47,915] {taskinstance.py:1426} INFO - Exporting the following env vars:
AIRFLOW_CTX_DAG_EMAIL=***@example.com
AIRFLOW_CTX_DAG_OWNER=***
AIRFLOW_CTX_DAG_ID=tutorial
AIRFLOW_CTX_TASK_ID=yryrty.yryrty_proccess_data
AIRFLOW_CTX_EXECUTION_DATE=2022-03-02T21:51:17.549420+00:00
AIRFLOW_CTX_DAG_RUN_ID=scheduled__2022-03-02T21:51:17.549420+00:00
[2022-03-05 10:26:47,904] {python.py:175} INFO - Done. Returned value was: None
[2022-03-05 10:26:47,932] {taskinstance.py:1277} INFO - Marking task as SUCCESS. dag_id=tutorial, task_id=yryrty.yryrty_proccess_data, execution_date=20220302T215117, start_date=20220305T102547, end_date=20220305T102647
[2022-03-05 10:26:47,976] {local_task_job.py:154} INFO - Task exited with return code 0
[2022-03-05 10:26:48,017] {local_task_job.py:264} INFO - 1 downstream tasks scheduled from follow-on schedule check
