[2022-04-29 15:36:30,831] {taskinstance.py:1032} INFO - Dependencies all met for <TaskInstance: cdn_daily.import_cat.check_status_of_cat manual__2022-04-29T15:26:23.872433+00:00 [queued]>
[2022-04-29 15:36:30,854] {taskinstance.py:1032} INFO - Dependencies all met for <TaskInstance: cdn_daily.import_cat.check_status_of_cat manual__2022-04-29T15:26:23.872433+00:00 [queued]>
[2022-04-29 15:36:30,855] {taskinstance.py:1238} INFO - 
--------------------------------------------------------------------------------
[2022-04-29 15:36:30,856] {taskinstance.py:1239} INFO - Starting attempt 2 of 2
[2022-04-29 15:36:30,858] {taskinstance.py:1240} INFO - 
--------------------------------------------------------------------------------
[2022-04-29 15:36:30,878] {taskinstance.py:1259} INFO - Executing <Task(PythonOperator): import_cat.check_status_of_cat> on 2022-04-29 15:26:23.872433+00:00
[2022-04-29 15:36:30,884] {standard_task_runner.py:52} INFO - Started process 4053 to run task
[2022-04-29 15:36:30,891] {standard_task_runner.py:76} INFO - Running: ['***', 'tasks', 'run', 'cdn_daily', 'import_cat.check_status_of_cat', 'manual__2022-04-29T15:26:23.872433+00:00', '--job-id', '1752', '--raw', '--subdir', 'DAGS_FOLDER/cdn_daily.py', '--cfg-path', '/tmp/tmp2cx_tb7m', '--error-file', '/tmp/tmp1ldvobo4']
[2022-04-29 15:36:30,893] {standard_task_runner.py:77} INFO - Job 1752: Subtask import_cat.check_status_of_cat
[2022-04-29 15:36:30,993] {logging_mixin.py:109} INFO - Running <TaskInstance: cdn_daily.import_cat.check_status_of_cat manual__2022-04-29T15:26:23.872433+00:00 [running]> on host d5ad096ffea5
[2022-04-29 15:36:31,065] {taskinstance.py:1426} INFO - Exporting the following env vars:
AIRFLOW_CTX_DAG_EMAIL=***@example.com
AIRFLOW_CTX_DAG_OWNER=***
AIRFLOW_CTX_DAG_ID=cdn_daily
AIRFLOW_CTX_TASK_ID=import_cat.check_status_of_cat
AIRFLOW_CTX_EXECUTION_DATE=2022-04-29T15:26:23.872433+00:00
AIRFLOW_CTX_DAG_RUN_ID=manual__2022-04-29T15:26:23.872433+00:00
[2022-04-29 15:36:31,067] {logging_mixin.py:109} INFO - run_cat
[2022-04-29 15:36:31,079] {logging_mixin.py:109} INFO - None
[2022-04-29 15:36:31,091] {logging_mixin.py:109} INFO - cat.alm
[2022-04-29 15:36:31,101] {logging_mixin.py:109} INFO - 4
[2022-04-29 15:36:35,125] {python.py:175} INFO - Done. Returned value was: None
[2022-04-29 15:36:35,264] {taskinstance.py:1277} INFO - Marking task as SUCCESS. dag_id=cdn_daily, task_id=import_cat.check_status_of_cat, execution_date=20220429T152623, start_date=20220429T153630, end_date=20220429T153635
[2022-04-29 15:36:35,381] {local_task_job.py:154} INFO - Task exited with return code 0
[2022-04-29 15:36:35,474] {local_task_job.py:264} INFO - 0 downstream tasks scheduled from follow-on schedule check
