[2022-02-27 17:18:55,972] {taskinstance.py:1032} INFO - Dependencies all met for <TaskInstance: tutorial.cat.cat_proccess_data scheduled__2022-02-25T21:44:04.431894+00:00 [queued]>
[2022-02-27 17:18:55,989] {taskinstance.py:1032} INFO - Dependencies all met for <TaskInstance: tutorial.cat.cat_proccess_data scheduled__2022-02-25T21:44:04.431894+00:00 [queued]>
[2022-02-27 17:18:55,990] {taskinstance.py:1238} INFO - 
--------------------------------------------------------------------------------
[2022-02-27 17:18:55,992] {taskinstance.py:1239} INFO - Starting attempt 1 of 2
[2022-02-27 17:18:55,993] {taskinstance.py:1240} INFO - 
--------------------------------------------------------------------------------
[2022-02-27 17:18:56,013] {taskinstance.py:1259} INFO - Executing <Task(PythonOperator): cat.cat_proccess_data> on 2022-02-25 21:44:04.431894+00:00
[2022-02-27 17:18:56,021] {standard_task_runner.py:52} INFO - Started process 150 to run task
[2022-02-27 17:18:56,032] {standard_task_runner.py:76} INFO - Running: ['***', 'tasks', 'run', 'tutorial', 'cat.cat_proccess_data', 'scheduled__2022-02-25T21:44:04.431894+00:00', '--job-id', '305', '--raw', '--subdir', 'DAGS_FOLDER/test_dag.py', '--cfg-path', '/tmp/tmpoh7q5byy', '--error-file', '/tmp/tmp3t8hy76c']
[2022-02-27 17:18:56,034] {standard_task_runner.py:77} INFO - Job 305: Subtask cat.cat_proccess_data
[2022-02-27 17:18:56,150] {logging_mixin.py:109} INFO - Running <TaskInstance: tutorial.cat.cat_proccess_data scheduled__2022-02-25T21:44:04.431894+00:00 [running]> on host ff48034dfdbf
[2022-02-27 17:18:56,256] {taskinstance.py:1426} INFO - Exporting the following env vars:
AIRFLOW_CTX_DAG_EMAIL=***@example.com
AIRFLOW_CTX_DAG_OWNER=***
AIRFLOW_CTX_DAG_ID=tutorial
AIRFLOW_CTX_TASK_ID=cat.cat_proccess_data
AIRFLOW_CTX_EXECUTION_DATE=2022-02-25T21:44:04.431894+00:00
AIRFLOW_CTX_DAG_RUN_ID=scheduled__2022-02-25T21:44:04.431894+00:00
[2022-02-27 17:19:56,244] {python.py:175} INFO - Done. Returned value was: None
[2022-02-27 17:19:56,442] {taskinstance.py:1277} INFO - Marking task as SUCCESS. dag_id=tutorial, task_id=cat.cat_proccess_data, execution_date=20220225T214404, start_date=20220227T171855, end_date=20220227T171956
[2022-02-27 17:19:56,483] {local_task_job.py:154} INFO - Task exited with return code 0
[2022-02-27 17:19:56,590] {local_task_job.py:264} INFO - 1 downstream tasks scheduled from follow-on schedule check
