[2022-04-28 12:31:48,031] {taskinstance.py:1032} INFO - Dependencies all met for <TaskInstance: tutorial.yryrty.yryrty_proccess_data scheduled__2022-04-27T12:29:40.424433+00:00 [queued]>
[2022-04-28 12:31:48,062] {taskinstance.py:1032} INFO - Dependencies all met for <TaskInstance: tutorial.yryrty.yryrty_proccess_data scheduled__2022-04-27T12:29:40.424433+00:00 [queued]>
[2022-04-28 12:31:48,063] {taskinstance.py:1238} INFO - 
--------------------------------------------------------------------------------
[2022-04-28 12:31:48,065] {taskinstance.py:1239} INFO - Starting attempt 1 of 2
[2022-04-28 12:31:48,066] {taskinstance.py:1240} INFO - 
--------------------------------------------------------------------------------
[2022-04-28 12:31:48,087] {taskinstance.py:1259} INFO - Executing <Task(PythonOperator): yryrty.yryrty_proccess_data> on 2022-04-27 12:29:40.424433+00:00
[2022-04-28 12:31:48,095] {standard_task_runner.py:52} INFO - Started process 209 to run task
[2022-04-28 12:31:48,104] {standard_task_runner.py:76} INFO - Running: ['***', 'tasks', 'run', 'tutorial', 'yryrty.yryrty_proccess_data', 'scheduled__2022-04-27T12:29:40.424433+00:00', '--job-id', '1383', '--raw', '--subdir', 'DAGS_FOLDER/test_dag.py', '--cfg-path', '/tmp/tmpwgju49st', '--error-file', '/tmp/tmpyfpr_0vj']
[2022-04-28 12:31:48,106] {standard_task_runner.py:77} INFO - Job 1383: Subtask yryrty.yryrty_proccess_data
[2022-04-28 12:31:48,282] {logging_mixin.py:109} INFO - Running <TaskInstance: tutorial.yryrty.yryrty_proccess_data scheduled__2022-04-27T12:29:40.424433+00:00 [running]> on host d5ad096ffea5
[2022-04-28 12:31:48,413] {taskinstance.py:1426} INFO - Exporting the following env vars:
AIRFLOW_CTX_DAG_EMAIL=***@example.com
AIRFLOW_CTX_DAG_OWNER=***
AIRFLOW_CTX_DAG_ID=tutorial
AIRFLOW_CTX_TASK_ID=yryrty.yryrty_proccess_data
AIRFLOW_CTX_EXECUTION_DATE=2022-04-27T12:29:40.424433+00:00
AIRFLOW_CTX_DAG_RUN_ID=scheduled__2022-04-27T12:29:40.424433+00:00
[2022-04-28 12:32:48,431] {python.py:175} INFO - Done. Returned value was: None
[2022-04-28 12:32:48,460] {taskinstance.py:1277} INFO - Marking task as SUCCESS. dag_id=tutorial, task_id=yryrty.yryrty_proccess_data, execution_date=20220427T122940, start_date=20220428T123148, end_date=20220428T123248
[2022-04-28 12:32:48,499] {local_task_job.py:154} INFO - Task exited with return code 0
[2022-04-28 12:32:48,548] {local_task_job.py:264} INFO - 1 downstream tasks scheduled from follow-on schedule check
