[2022-03-14 12:12:29,553] {taskinstance.py:1032} INFO - Dependencies all met for <TaskInstance: tutorial.bsre.bsre_print_proccesed_data scheduled__2022-03-13T12:04:19.461189+00:00 [queued]>
[2022-03-14 12:12:29,581] {taskinstance.py:1032} INFO - Dependencies all met for <TaskInstance: tutorial.bsre.bsre_print_proccesed_data scheduled__2022-03-13T12:04:19.461189+00:00 [queued]>
[2022-03-14 12:12:29,582] {taskinstance.py:1238} INFO - 
--------------------------------------------------------------------------------
[2022-03-14 12:12:29,584] {taskinstance.py:1239} INFO - Starting attempt 1 of 2
[2022-03-14 12:12:29,585] {taskinstance.py:1240} INFO - 
--------------------------------------------------------------------------------
[2022-03-14 12:12:29,615] {taskinstance.py:1259} INFO - Executing <Task(PythonOperator): bsre.bsre_print_proccesed_data> on 2022-03-13 12:04:19.461189+00:00
[2022-03-14 12:12:29,625] {standard_task_runner.py:52} INFO - Started process 1292 to run task
[2022-03-14 12:12:29,633] {standard_task_runner.py:76} INFO - Running: ['***', 'tasks', 'run', 'tutorial', 'bsre.bsre_print_proccesed_data', 'scheduled__2022-03-13T12:04:19.461189+00:00', '--job-id', '886', '--raw', '--subdir', 'DAGS_FOLDER/test_dag.py', '--cfg-path', '/tmp/tmpvl987cts', '--error-file', '/tmp/tmpy423vrzl']
[2022-03-14 12:12:29,635] {standard_task_runner.py:77} INFO - Job 886: Subtask bsre.bsre_print_proccesed_data
[2022-03-14 12:12:29,815] {logging_mixin.py:109} INFO - Running <TaskInstance: tutorial.bsre.bsre_print_proccesed_data scheduled__2022-03-13T12:04:19.461189+00:00 [running]> on host ff48034dfdbf
[2022-03-14 12:12:29,942] {taskinstance.py:1426} INFO - Exporting the following env vars:
AIRFLOW_CTX_DAG_EMAIL=***@example.com
AIRFLOW_CTX_DAG_OWNER=***
AIRFLOW_CTX_DAG_ID=tutorial
AIRFLOW_CTX_TASK_ID=bsre.bsre_print_proccesed_data
AIRFLOW_CTX_EXECUTION_DATE=2022-03-13T12:04:19.461189+00:00
AIRFLOW_CTX_DAG_RUN_ID=scheduled__2022-03-13T12:04:19.461189+00:00
[2022-03-14 12:13:29,926] {python.py:175} INFO - Done. Returned value was: None
[2022-03-14 12:13:29,941] {taskinstance.py:1277} INFO - Marking task as SUCCESS. dag_id=tutorial, task_id=bsre.bsre_print_proccesed_data, execution_date=20220313T120419, start_date=20220314T121229, end_date=20220314T121329
[2022-03-14 12:13:29,992] {local_task_job.py:154} INFO - Task exited with return code 0
[2022-03-14 12:13:30,026] {local_task_job.py:264} INFO - 0 downstream tasks scheduled from follow-on schedule check
