[2022-04-30 15:46:22,462] {taskinstance.py:1032} INFO - Dependencies all met for <TaskInstance: cdn_daily.check_status_of_cat.ctr manual__2022-04-30T15:46:12.555314+00:00 [queued]>
[2022-04-30 15:46:22,488] {taskinstance.py:1032} INFO - Dependencies all met for <TaskInstance: cdn_daily.check_status_of_cat.ctr manual__2022-04-30T15:46:12.555314+00:00 [queued]>
[2022-04-30 15:46:22,490] {taskinstance.py:1238} INFO - 
--------------------------------------------------------------------------------
[2022-04-30 15:46:22,492] {taskinstance.py:1239} INFO - Starting attempt 1 of 2
[2022-04-30 15:46:22,493] {taskinstance.py:1240} INFO - 
--------------------------------------------------------------------------------
[2022-04-30 15:46:22,518] {taskinstance.py:1259} INFO - Executing <Task(PythonOperator): check_status_of_cat.ctr> on 2022-04-30 15:46:12.555314+00:00
[2022-04-30 15:46:22,527] {standard_task_runner.py:52} INFO - Started process 2427 to run task
[2022-04-30 15:46:22,537] {standard_task_runner.py:76} INFO - Running: ['***', 'tasks', 'run', 'cdn_daily', 'check_status_of_cat.ctr', 'manual__2022-04-30T15:46:12.555314+00:00', '--job-id', '1837', '--raw', '--subdir', 'DAGS_FOLDER/cdn_daily.py', '--cfg-path', '/tmp/tmpzh8r6sdf', '--error-file', '/tmp/tmpdly2n3c0']
[2022-04-30 15:46:22,540] {standard_task_runner.py:77} INFO - Job 1837: Subtask check_status_of_cat.ctr
[2022-04-30 15:46:22,690] {logging_mixin.py:109} INFO - Running <TaskInstance: cdn_daily.check_status_of_cat.ctr manual__2022-04-30T15:46:12.555314+00:00 [running]> on host d5ad096ffea5
[2022-04-30 15:46:22,826] {taskinstance.py:1426} INFO - Exporting the following env vars:
AIRFLOW_CTX_DAG_EMAIL=***@example.com
AIRFLOW_CTX_DAG_OWNER=***
AIRFLOW_CTX_DAG_ID=cdn_daily
AIRFLOW_CTX_TASK_ID=check_status_of_cat.ctr
AIRFLOW_CTX_EXECUTION_DATE=2022-04-30T15:46:12.555314+00:00
AIRFLOW_CTX_DAG_RUN_ID=manual__2022-04-30T15:46:12.555314+00:00
[2022-04-30 15:46:22,848] {logging_mixin.py:109} INFO - cat.ctr
[2022-04-30 15:46:22,869] {logging_mixin.py:109} INFO - 1
[2022-04-30 15:46:23,872] {python.py:175} INFO - Done. Returned value was: None
[2022-04-30 15:46:23,907] {taskinstance.py:1277} INFO - Marking task as SUCCESS. dag_id=cdn_daily, task_id=check_status_of_cat.ctr, execution_date=20220430T154612, start_date=20220430T154622, end_date=20220430T154623
[2022-04-30 15:46:23,983] {local_task_job.py:154} INFO - Task exited with return code 0
[2022-04-30 15:46:24,069] {local_task_job.py:264} INFO - 0 downstream tasks scheduled from follow-on schedule check
