[2022-04-26 14:02:32,639] {taskinstance.py:1032} INFO - Dependencies all met for <TaskInstance: tutorial.fsqfqf.fsqfqf_print_proccesed_data scheduled__2022-04-25T13:59:28.202500+00:00 [queued]>
[2022-04-26 14:02:32,670] {taskinstance.py:1032} INFO - Dependencies all met for <TaskInstance: tutorial.fsqfqf.fsqfqf_print_proccesed_data scheduled__2022-04-25T13:59:28.202500+00:00 [queued]>
[2022-04-26 14:02:32,671] {taskinstance.py:1238} INFO - 
--------------------------------------------------------------------------------
[2022-04-26 14:02:32,672] {taskinstance.py:1239} INFO - Starting attempt 1 of 2
[2022-04-26 14:02:32,673] {taskinstance.py:1240} INFO - 
--------------------------------------------------------------------------------
[2022-04-26 14:02:32,708] {taskinstance.py:1259} INFO - Executing <Task(PythonOperator): fsqfqf.fsqfqf_print_proccesed_data> on 2022-04-25 13:59:28.202500+00:00
[2022-04-26 14:02:32,716] {standard_task_runner.py:52} INFO - Started process 632 to run task
[2022-04-26 14:02:32,724] {standard_task_runner.py:76} INFO - Running: ['***', 'tasks', 'run', 'tutorial', 'fsqfqf.fsqfqf_print_proccesed_data', 'scheduled__2022-04-25T13:59:28.202500+00:00', '--job-id', '1338', '--raw', '--subdir', 'DAGS_FOLDER/test_dag.py', '--cfg-path', '/tmp/tmpwt5g49l4', '--error-file', '/tmp/tmp15ui3u4x']
[2022-04-26 14:02:32,726] {standard_task_runner.py:77} INFO - Job 1338: Subtask fsqfqf.fsqfqf_print_proccesed_data
[2022-04-26 14:02:32,825] {logging_mixin.py:109} INFO - Running <TaskInstance: tutorial.fsqfqf.fsqfqf_print_proccesed_data scheduled__2022-04-25T13:59:28.202500+00:00 [running]> on host ff48034dfdbf
[2022-04-26 14:02:32,910] {taskinstance.py:1426} INFO - Exporting the following env vars:
AIRFLOW_CTX_DAG_EMAIL=***@example.com
AIRFLOW_CTX_DAG_OWNER=***
AIRFLOW_CTX_DAG_ID=tutorial
AIRFLOW_CTX_TASK_ID=fsqfqf.fsqfqf_print_proccesed_data
AIRFLOW_CTX_EXECUTION_DATE=2022-04-25T13:59:28.202500+00:00
AIRFLOW_CTX_DAG_RUN_ID=scheduled__2022-04-25T13:59:28.202500+00:00
[2022-04-26 14:03:32,929] {python.py:175} INFO - Done. Returned value was: None
[2022-04-26 14:03:32,945] {taskinstance.py:1277} INFO - Marking task as SUCCESS. dag_id=tutorial, task_id=fsqfqf.fsqfqf_print_proccesed_data, execution_date=20220425T135928, start_date=20220426T140232, end_date=20220426T140332
[2022-04-26 14:03:32,991] {local_task_job.py:154} INFO - Task exited with return code 0
[2022-04-26 14:03:33,027] {local_task_job.py:264} INFO - 0 downstream tasks scheduled from follow-on schedule check
