[2022-03-14 11:59:12,687] {taskinstance.py:1032} INFO - Dependencies all met for <TaskInstance: tutorial.pre.pre_print_proccesed_data scheduled__2022-03-07T10:29:52.784989+00:00 [queued]>
[2022-03-14 11:59:12,711] {taskinstance.py:1032} INFO - Dependencies all met for <TaskInstance: tutorial.pre.pre_print_proccesed_data scheduled__2022-03-07T10:29:52.784989+00:00 [queued]>
[2022-03-14 11:59:12,713] {taskinstance.py:1238} INFO - 
--------------------------------------------------------------------------------
[2022-03-14 11:59:12,714] {taskinstance.py:1239} INFO - Starting attempt 1 of 2
[2022-03-14 11:59:12,716] {taskinstance.py:1240} INFO - 
--------------------------------------------------------------------------------
[2022-03-14 11:59:12,740] {taskinstance.py:1259} INFO - Executing <Task(PythonOperator): pre.pre_print_proccesed_data> on 2022-03-07 10:29:52.784989+00:00
[2022-03-14 11:59:12,750] {standard_task_runner.py:52} INFO - Started process 523 to run task
[2022-03-14 11:59:12,760] {standard_task_runner.py:76} INFO - Running: ['***', 'tasks', 'run', 'tutorial', 'pre.pre_print_proccesed_data', 'scheduled__2022-03-07T10:29:52.784989+00:00', '--job-id', '761', '--raw', '--subdir', 'DAGS_FOLDER/test_dag.py', '--cfg-path', '/tmp/tmp6b3p_jna', '--error-file', '/tmp/tmp20hnr27_']
[2022-03-14 11:59:12,761] {standard_task_runner.py:77} INFO - Job 761: Subtask pre.pre_print_proccesed_data
[2022-03-14 11:59:12,897] {logging_mixin.py:109} INFO - Running <TaskInstance: tutorial.pre.pre_print_proccesed_data scheduled__2022-03-07T10:29:52.784989+00:00 [running]> on host ff48034dfdbf
[2022-03-14 11:59:13,015] {taskinstance.py:1426} INFO - Exporting the following env vars:
AIRFLOW_CTX_DAG_EMAIL=***@example.com
AIRFLOW_CTX_DAG_OWNER=***
AIRFLOW_CTX_DAG_ID=tutorial
AIRFLOW_CTX_TASK_ID=pre.pre_print_proccesed_data
AIRFLOW_CTX_EXECUTION_DATE=2022-03-07T10:29:52.784989+00:00
AIRFLOW_CTX_DAG_RUN_ID=scheduled__2022-03-07T10:29:52.784989+00:00
[2022-03-14 12:00:12,980] {python.py:175} INFO - Done. Returned value was: None
[2022-03-14 12:00:13,001] {taskinstance.py:1277} INFO - Marking task as SUCCESS. dag_id=tutorial, task_id=pre.pre_print_proccesed_data, execution_date=20220307T102952, start_date=20220314T115912, end_date=20220314T120013
[2022-03-14 12:00:13,067] {local_task_job.py:154} INFO - Task exited with return code 0
[2022-03-14 12:00:13,164] {local_task_job.py:264} INFO - 0 downstream tasks scheduled from follow-on schedule check
