[2022-02-19 13:21:57,210] {processor.py:163} INFO - Started process (PID=225) to work on /home/airflow/.local/lib/python3.7/site-packages/airflow/example_dags/example_kubernetes_executor.py
[2022-02-19 13:21:57,221] {processor.py:642} INFO - Processing file /home/airflow/.local/lib/python3.7/site-packages/airflow/example_dags/example_kubernetes_executor.py for tasks to queue
[2022-02-19 13:21:57,228] {logging_mixin.py:109} INFO - [2022-02-19 13:21:57,226] {dagbag.py:500} INFO - Filling up the DagBag from /home/airflow/.local/lib/python3.7/site-packages/airflow/example_dags/example_kubernetes_executor.py
[2022-02-19 13:21:57,489] {processor.py:654} INFO - DAG(s) dict_keys(['example_kubernetes_executor']) retrieved from /home/airflow/.local/lib/python3.7/site-packages/airflow/example_dags/example_kubernetes_executor.py
[2022-02-19 13:22:08,211] {logging_mixin.py:109} INFO - [2022-02-19 13:22:08,211] {manager.py:496} INFO - Created Permission View: can read on DAG:example_kubernetes_executor
[2022-02-19 13:22:08,226] {logging_mixin.py:109} INFO - [2022-02-19 13:22:08,226] {manager.py:496} INFO - Created Permission View: can edit on DAG:example_kubernetes_executor
[2022-02-19 13:22:08,228] {logging_mixin.py:109} INFO - [2022-02-19 13:22:08,227] {dag.py:2396} INFO - Sync 1 DAGs
[2022-02-19 13:22:08,245] {logging_mixin.py:109} INFO - [2022-02-19 13:22:08,244] {dag.py:2415} INFO - Creating ORM DAG for example_kubernetes_executor
[2022-02-19 13:22:08,260] {logging_mixin.py:109} INFO - [2022-02-19 13:22:08,260] {dag.py:2935} INFO - Setting next_dagrun for example_kubernetes_executor to None
[2022-02-19 13:22:08,304] {processor.py:171} INFO - Processing /home/airflow/.local/lib/python3.7/site-packages/airflow/example_dags/example_kubernetes_executor.py took 11.106 seconds
[2022-02-19 13:26:22,780] {processor.py:163} INFO - Started process (PID=521) to work on /home/airflow/.local/lib/python3.7/site-packages/airflow/example_dags/example_kubernetes_executor.py
[2022-02-19 13:26:22,786] {processor.py:642} INFO - Processing file /home/airflow/.local/lib/python3.7/site-packages/airflow/example_dags/example_kubernetes_executor.py for tasks to queue
[2022-02-19 13:26:22,790] {logging_mixin.py:109} INFO - [2022-02-19 13:26:22,790] {dagbag.py:500} INFO - Filling up the DagBag from /home/airflow/.local/lib/python3.7/site-packages/airflow/example_dags/example_kubernetes_executor.py
[2022-02-19 13:26:23,775] {processor.py:654} INFO - DAG(s) dict_keys(['example_kubernetes_executor']) retrieved from /home/airflow/.local/lib/python3.7/site-packages/airflow/example_dags/example_kubernetes_executor.py
[2022-02-19 13:26:23,817] {logging_mixin.py:109} INFO - [2022-02-19 13:26:23,817] {dag.py:2396} INFO - Sync 1 DAGs
[2022-02-19 13:26:23,864] {logging_mixin.py:109} INFO - [2022-02-19 13:26:23,863] {dag.py:2935} INFO - Setting next_dagrun for example_kubernetes_executor to None
[2022-02-19 13:26:23,893] {processor.py:171} INFO - Processing /home/airflow/.local/lib/python3.7/site-packages/airflow/example_dags/example_kubernetes_executor.py took 1.124 seconds
[2022-02-19 13:28:14,110] {processor.py:163} INFO - Started process (PID=620) to work on /home/airflow/.local/lib/python3.7/site-packages/airflow/example_dags/example_kubernetes_executor.py
[2022-02-19 13:28:14,128] {processor.py:642} INFO - Processing file /home/airflow/.local/lib/python3.7/site-packages/airflow/example_dags/example_kubernetes_executor.py for tasks to queue
[2022-02-19 13:28:14,161] {logging_mixin.py:109} INFO - [2022-02-19 13:28:14,141] {dagbag.py:500} INFO - Filling up the DagBag from /home/airflow/.local/lib/python3.7/site-packages/airflow/example_dags/example_kubernetes_executor.py
[2022-02-19 13:28:14,778] {processor.py:654} INFO - DAG(s) dict_keys(['example_kubernetes_executor']) retrieved from /home/airflow/.local/lib/python3.7/site-packages/airflow/example_dags/example_kubernetes_executor.py
[2022-02-19 13:28:14,846] {logging_mixin.py:109} INFO - [2022-02-19 13:28:14,846] {dag.py:2396} INFO - Sync 1 DAGs
[2022-02-19 13:28:14,885] {logging_mixin.py:109} INFO - [2022-02-19 13:28:14,885] {dag.py:2935} INFO - Setting next_dagrun for example_kubernetes_executor to None
[2022-02-19 13:28:14,917] {processor.py:171} INFO - Processing /home/airflow/.local/lib/python3.7/site-packages/airflow/example_dags/example_kubernetes_executor.py took 0.838 seconds
[2022-02-19 13:36:31,730] {processor.py:163} INFO - Started process (PID=103) to work on /home/airflow/.local/lib/python3.7/site-packages/airflow/example_dags/example_kubernetes_executor.py
[2022-02-19 13:36:31,739] {processor.py:642} INFO - Processing file /home/airflow/.local/lib/python3.7/site-packages/airflow/example_dags/example_kubernetes_executor.py for tasks to queue
[2022-02-19 13:36:31,749] {logging_mixin.py:109} INFO - [2022-02-19 13:36:31,749] {dagbag.py:500} INFO - Filling up the DagBag from /home/airflow/.local/lib/python3.7/site-packages/airflow/example_dags/example_kubernetes_executor.py
[2022-02-19 13:36:31,829] {processor.py:654} INFO - DAG(s) dict_keys(['example_kubernetes_executor']) retrieved from /home/airflow/.local/lib/python3.7/site-packages/airflow/example_dags/example_kubernetes_executor.py
[2022-02-19 13:36:31,865] {logging_mixin.py:109} INFO - [2022-02-19 13:36:31,865] {dag.py:2396} INFO - Sync 1 DAGs
[2022-02-19 13:36:31,891] {logging_mixin.py:109} INFO - [2022-02-19 13:36:31,891] {dag.py:2935} INFO - Setting next_dagrun for example_kubernetes_executor to None
[2022-02-19 13:36:31,907] {processor.py:171} INFO - Processing /home/airflow/.local/lib/python3.7/site-packages/airflow/example_dags/example_kubernetes_executor.py took 0.185 seconds
[2022-02-19 13:37:48,839] {processor.py:163} INFO - Started process (PID=225) to work on /home/airflow/.local/lib/python3.7/site-packages/airflow/example_dags/example_kubernetes_executor.py
[2022-02-19 13:37:48,842] {processor.py:642} INFO - Processing file /home/airflow/.local/lib/python3.7/site-packages/airflow/example_dags/example_kubernetes_executor.py for tasks to queue
[2022-02-19 13:37:48,844] {logging_mixin.py:109} INFO - [2022-02-19 13:37:48,844] {dagbag.py:500} INFO - Filling up the DagBag from /home/airflow/.local/lib/python3.7/site-packages/airflow/example_dags/example_kubernetes_executor.py
[2022-02-19 13:37:48,933] {processor.py:654} INFO - DAG(s) dict_keys(['example_kubernetes_executor']) retrieved from /home/airflow/.local/lib/python3.7/site-packages/airflow/example_dags/example_kubernetes_executor.py
[2022-02-19 13:37:48,954] {logging_mixin.py:109} INFO - [2022-02-19 13:37:48,954] {dag.py:2396} INFO - Sync 1 DAGs
[2022-02-19 13:37:48,995] {logging_mixin.py:109} INFO - [2022-02-19 13:37:48,995] {dag.py:2935} INFO - Setting next_dagrun for example_kubernetes_executor to None
[2022-02-19 13:37:49,021] {processor.py:171} INFO - Processing /home/airflow/.local/lib/python3.7/site-packages/airflow/example_dags/example_kubernetes_executor.py took 0.190 seconds
[2022-02-19 13:38:19,460] {processor.py:163} INFO - Started process (PID=273) to work on /home/airflow/.local/lib/python3.7/site-packages/airflow/example_dags/example_kubernetes_executor.py
[2022-02-19 13:38:19,462] {processor.py:642} INFO - Processing file /home/airflow/.local/lib/python3.7/site-packages/airflow/example_dags/example_kubernetes_executor.py for tasks to queue
[2022-02-19 13:38:19,463] {logging_mixin.py:109} INFO - [2022-02-19 13:38:19,463] {dagbag.py:500} INFO - Filling up the DagBag from /home/airflow/.local/lib/python3.7/site-packages/airflow/example_dags/example_kubernetes_executor.py
[2022-02-19 13:38:19,508] {processor.py:654} INFO - DAG(s) dict_keys(['example_kubernetes_executor']) retrieved from /home/airflow/.local/lib/python3.7/site-packages/airflow/example_dags/example_kubernetes_executor.py
[2022-02-19 13:38:19,524] {logging_mixin.py:109} INFO - [2022-02-19 13:38:19,524] {dag.py:2396} INFO - Sync 1 DAGs
[2022-02-19 13:38:19,545] {logging_mixin.py:109} INFO - [2022-02-19 13:38:19,545] {dag.py:2935} INFO - Setting next_dagrun for example_kubernetes_executor to None
[2022-02-19 13:38:19,556] {processor.py:171} INFO - Processing /home/airflow/.local/lib/python3.7/site-packages/airflow/example_dags/example_kubernetes_executor.py took 0.100 seconds
[2022-02-19 13:38:50,089] {processor.py:163} INFO - Started process (PID=332) to work on /home/airflow/.local/lib/python3.7/site-packages/airflow/example_dags/example_kubernetes_executor.py
[2022-02-19 13:38:50,091] {processor.py:642} INFO - Processing file /home/airflow/.local/lib/python3.7/site-packages/airflow/example_dags/example_kubernetes_executor.py for tasks to queue
[2022-02-19 13:38:50,093] {logging_mixin.py:109} INFO - [2022-02-19 13:38:50,092] {dagbag.py:500} INFO - Filling up the DagBag from /home/airflow/.local/lib/python3.7/site-packages/airflow/example_dags/example_kubernetes_executor.py
[2022-02-19 13:38:50,136] {processor.py:654} INFO - DAG(s) dict_keys(['example_kubernetes_executor']) retrieved from /home/airflow/.local/lib/python3.7/site-packages/airflow/example_dags/example_kubernetes_executor.py
[2022-02-19 13:38:50,150] {logging_mixin.py:109} INFO - [2022-02-19 13:38:50,150] {dag.py:2396} INFO - Sync 1 DAGs
[2022-02-19 13:38:50,166] {logging_mixin.py:109} INFO - [2022-02-19 13:38:50,166] {dag.py:2935} INFO - Setting next_dagrun for example_kubernetes_executor to None
[2022-02-19 13:38:50,182] {processor.py:171} INFO - Processing /home/airflow/.local/lib/python3.7/site-packages/airflow/example_dags/example_kubernetes_executor.py took 0.097 seconds
[2022-02-19 13:39:20,257] {processor.py:163} INFO - Started process (PID=382) to work on /home/airflow/.local/lib/python3.7/site-packages/airflow/example_dags/example_kubernetes_executor.py
[2022-02-19 13:39:20,258] {processor.py:642} INFO - Processing file /home/airflow/.local/lib/python3.7/site-packages/airflow/example_dags/example_kubernetes_executor.py for tasks to queue
[2022-02-19 13:39:20,259] {logging_mixin.py:109} INFO - [2022-02-19 13:39:20,259] {dagbag.py:500} INFO - Filling up the DagBag from /home/airflow/.local/lib/python3.7/site-packages/airflow/example_dags/example_kubernetes_executor.py
[2022-02-19 13:39:20,297] {processor.py:654} INFO - DAG(s) dict_keys(['example_kubernetes_executor']) retrieved from /home/airflow/.local/lib/python3.7/site-packages/airflow/example_dags/example_kubernetes_executor.py
[2022-02-19 13:39:20,318] {logging_mixin.py:109} INFO - [2022-02-19 13:39:20,317] {dag.py:2396} INFO - Sync 1 DAGs
[2022-02-19 13:39:20,333] {logging_mixin.py:109} INFO - [2022-02-19 13:39:20,333] {dag.py:2935} INFO - Setting next_dagrun for example_kubernetes_executor to None
[2022-02-19 13:39:20,340] {processor.py:171} INFO - Processing /home/airflow/.local/lib/python3.7/site-packages/airflow/example_dags/example_kubernetes_executor.py took 0.088 seconds
[2022-02-19 13:39:50,664] {processor.py:163} INFO - Started process (PID=443) to work on /home/airflow/.local/lib/python3.7/site-packages/airflow/example_dags/example_kubernetes_executor.py
[2022-02-19 13:39:50,666] {processor.py:642} INFO - Processing file /home/airflow/.local/lib/python3.7/site-packages/airflow/example_dags/example_kubernetes_executor.py for tasks to queue
[2022-02-19 13:39:50,667] {logging_mixin.py:109} INFO - [2022-02-19 13:39:50,667] {dagbag.py:500} INFO - Filling up the DagBag from /home/airflow/.local/lib/python3.7/site-packages/airflow/example_dags/example_kubernetes_executor.py
[2022-02-19 13:39:50,705] {processor.py:654} INFO - DAG(s) dict_keys(['example_kubernetes_executor']) retrieved from /home/airflow/.local/lib/python3.7/site-packages/airflow/example_dags/example_kubernetes_executor.py
[2022-02-19 13:39:50,721] {logging_mixin.py:109} INFO - [2022-02-19 13:39:50,721] {dag.py:2396} INFO - Sync 1 DAGs
[2022-02-19 13:39:50,738] {logging_mixin.py:109} INFO - [2022-02-19 13:39:50,738] {dag.py:2935} INFO - Setting next_dagrun for example_kubernetes_executor to None
[2022-02-19 13:39:50,747] {processor.py:171} INFO - Processing /home/airflow/.local/lib/python3.7/site-packages/airflow/example_dags/example_kubernetes_executor.py took 0.087 seconds
[2022-02-19 13:40:20,918] {processor.py:163} INFO - Started process (PID=493) to work on /home/airflow/.local/lib/python3.7/site-packages/airflow/example_dags/example_kubernetes_executor.py
[2022-02-19 13:40:20,920] {processor.py:642} INFO - Processing file /home/airflow/.local/lib/python3.7/site-packages/airflow/example_dags/example_kubernetes_executor.py for tasks to queue
[2022-02-19 13:40:20,922] {logging_mixin.py:109} INFO - [2022-02-19 13:40:20,922] {dagbag.py:500} INFO - Filling up the DagBag from /home/airflow/.local/lib/python3.7/site-packages/airflow/example_dags/example_kubernetes_executor.py
[2022-02-19 13:40:20,965] {processor.py:654} INFO - DAG(s) dict_keys(['example_kubernetes_executor']) retrieved from /home/airflow/.local/lib/python3.7/site-packages/airflow/example_dags/example_kubernetes_executor.py
[2022-02-19 13:40:20,979] {logging_mixin.py:109} INFO - [2022-02-19 13:40:20,979] {dag.py:2396} INFO - Sync 1 DAGs
[2022-02-19 13:40:20,994] {logging_mixin.py:109} INFO - [2022-02-19 13:40:20,994] {dag.py:2935} INFO - Setting next_dagrun for example_kubernetes_executor to None
[2022-02-19 13:40:21,004] {processor.py:171} INFO - Processing /home/airflow/.local/lib/python3.7/site-packages/airflow/example_dags/example_kubernetes_executor.py took 0.090 seconds
[2022-02-19 13:40:51,174] {processor.py:163} INFO - Started process (PID=554) to work on /home/airflow/.local/lib/python3.7/site-packages/airflow/example_dags/example_kubernetes_executor.py
[2022-02-19 13:40:51,176] {processor.py:642} INFO - Processing file /home/airflow/.local/lib/python3.7/site-packages/airflow/example_dags/example_kubernetes_executor.py for tasks to queue
[2022-02-19 13:40:51,177] {logging_mixin.py:109} INFO - [2022-02-19 13:40:51,177] {dagbag.py:500} INFO - Filling up the DagBag from /home/airflow/.local/lib/python3.7/site-packages/airflow/example_dags/example_kubernetes_executor.py
[2022-02-19 13:40:51,214] {processor.py:654} INFO - DAG(s) dict_keys(['example_kubernetes_executor']) retrieved from /home/airflow/.local/lib/python3.7/site-packages/airflow/example_dags/example_kubernetes_executor.py
[2022-02-19 13:40:51,226] {logging_mixin.py:109} INFO - [2022-02-19 13:40:51,226] {dag.py:2396} INFO - Sync 1 DAGs
[2022-02-19 13:40:51,238] {logging_mixin.py:109} INFO - [2022-02-19 13:40:51,238] {dag.py:2935} INFO - Setting next_dagrun for example_kubernetes_executor to None
[2022-02-19 13:40:51,246] {processor.py:171} INFO - Processing /home/airflow/.local/lib/python3.7/site-packages/airflow/example_dags/example_kubernetes_executor.py took 0.075 seconds
[2022-02-19 13:41:38,117] {processor.py:163} INFO - Started process (PID=608) to work on /home/airflow/.local/lib/python3.7/site-packages/airflow/example_dags/example_kubernetes_executor.py
[2022-02-19 13:41:38,119] {processor.py:642} INFO - Processing file /home/airflow/.local/lib/python3.7/site-packages/airflow/example_dags/example_kubernetes_executor.py for tasks to queue
[2022-02-19 13:41:38,121] {logging_mixin.py:109} INFO - [2022-02-19 13:41:38,121] {dagbag.py:500} INFO - Filling up the DagBag from /home/airflow/.local/lib/python3.7/site-packages/airflow/example_dags/example_kubernetes_executor.py
[2022-02-19 13:41:38,167] {processor.py:654} INFO - DAG(s) dict_keys(['example_kubernetes_executor']) retrieved from /home/airflow/.local/lib/python3.7/site-packages/airflow/example_dags/example_kubernetes_executor.py
[2022-02-19 13:41:38,185] {logging_mixin.py:109} INFO - [2022-02-19 13:41:38,185] {dag.py:2396} INFO - Sync 1 DAGs
[2022-02-19 13:41:38,202] {logging_mixin.py:109} INFO - [2022-02-19 13:41:38,202] {dag.py:2935} INFO - Setting next_dagrun for example_kubernetes_executor to None
[2022-02-19 13:41:38,211] {processor.py:171} INFO - Processing /home/airflow/.local/lib/python3.7/site-packages/airflow/example_dags/example_kubernetes_executor.py took 0.099 seconds
[2022-02-19 13:42:20,622] {processor.py:163} INFO - Started process (PID=661) to work on /home/airflow/.local/lib/python3.7/site-packages/airflow/example_dags/example_kubernetes_executor.py
[2022-02-19 13:42:20,625] {processor.py:642} INFO - Processing file /home/airflow/.local/lib/python3.7/site-packages/airflow/example_dags/example_kubernetes_executor.py for tasks to queue
[2022-02-19 13:42:20,626] {logging_mixin.py:109} INFO - [2022-02-19 13:42:20,626] {dagbag.py:500} INFO - Filling up the DagBag from /home/airflow/.local/lib/python3.7/site-packages/airflow/example_dags/example_kubernetes_executor.py
[2022-02-19 13:42:20,808] {processor.py:654} INFO - DAG(s) dict_keys(['example_kubernetes_executor']) retrieved from /home/airflow/.local/lib/python3.7/site-packages/airflow/example_dags/example_kubernetes_executor.py
[2022-02-19 13:42:22,501] {logging_mixin.py:109} INFO - [2022-02-19 13:42:22,500] {dag.py:2396} INFO - Sync 1 DAGs
[2022-02-19 13:42:22,794] {logging_mixin.py:109} INFO - [2022-02-19 13:42:22,793] {dag.py:2935} INFO - Setting next_dagrun for example_kubernetes_executor to None
[2022-02-19 13:42:22,907] {processor.py:171} INFO - Processing /home/airflow/.local/lib/python3.7/site-packages/airflow/example_dags/example_kubernetes_executor.py took 2.289 seconds
[2022-02-19 13:52:59,094] {processor.py:163} INFO - Started process (PID=49) to work on /home/airflow/.local/lib/python3.7/site-packages/airflow/example_dags/example_kubernetes_executor.py
[2022-02-19 13:52:59,119] {processor.py:642} INFO - Processing file /home/airflow/.local/lib/python3.7/site-packages/airflow/example_dags/example_kubernetes_executor.py for tasks to queue
[2022-02-19 13:52:59,123] {logging_mixin.py:109} INFO - [2022-02-19 13:52:59,122] {dagbag.py:500} INFO - Filling up the DagBag from /home/airflow/.local/lib/python3.7/site-packages/airflow/example_dags/example_kubernetes_executor.py
[2022-02-19 13:52:59,230] {processor.py:654} INFO - DAG(s) dict_keys(['example_kubernetes_executor']) retrieved from /home/airflow/.local/lib/python3.7/site-packages/airflow/example_dags/example_kubernetes_executor.py
[2022-02-19 13:52:59,280] {logging_mixin.py:109} INFO - [2022-02-19 13:52:59,280] {dag.py:2396} INFO - Sync 1 DAGs
[2022-02-19 13:52:59,316] {logging_mixin.py:109} INFO - [2022-02-19 13:52:59,316] {dag.py:2935} INFO - Setting next_dagrun for example_kubernetes_executor to None
[2022-02-19 13:52:59,338] {processor.py:171} INFO - Processing /home/airflow/.local/lib/python3.7/site-packages/airflow/example_dags/example_kubernetes_executor.py took 0.264 seconds
[2022-02-19 13:53:31,354] {processor.py:163} INFO - Started process (PID=91) to work on /home/airflow/.local/lib/python3.7/site-packages/airflow/example_dags/example_kubernetes_executor.py
[2022-02-19 13:53:31,357] {processor.py:642} INFO - Processing file /home/airflow/.local/lib/python3.7/site-packages/airflow/example_dags/example_kubernetes_executor.py for tasks to queue
[2022-02-19 13:53:31,358] {logging_mixin.py:109} INFO - [2022-02-19 13:53:31,358] {dagbag.py:500} INFO - Filling up the DagBag from /home/airflow/.local/lib/python3.7/site-packages/airflow/example_dags/example_kubernetes_executor.py
[2022-02-19 13:53:31,435] {processor.py:654} INFO - DAG(s) dict_keys(['example_kubernetes_executor']) retrieved from /home/airflow/.local/lib/python3.7/site-packages/airflow/example_dags/example_kubernetes_executor.py
[2022-02-19 13:53:31,454] {logging_mixin.py:109} INFO - [2022-02-19 13:53:31,454] {dag.py:2396} INFO - Sync 1 DAGs
[2022-02-19 13:53:31,474] {logging_mixin.py:109} INFO - [2022-02-19 13:53:31,474] {dag.py:2935} INFO - Setting next_dagrun for example_kubernetes_executor to None
[2022-02-19 13:53:31,529] {processor.py:171} INFO - Processing /home/airflow/.local/lib/python3.7/site-packages/airflow/example_dags/example_kubernetes_executor.py took 0.181 seconds
[2022-02-19 13:57:47,628] {processor.py:163} INFO - Started process (PID=58) to work on /home/airflow/.local/lib/python3.7/site-packages/airflow/example_dags/example_kubernetes_executor.py
[2022-02-19 13:57:47,642] {processor.py:642} INFO - Processing file /home/airflow/.local/lib/python3.7/site-packages/airflow/example_dags/example_kubernetes_executor.py for tasks to queue
[2022-02-19 13:57:47,644] {logging_mixin.py:109} INFO - [2022-02-19 13:57:47,644] {dagbag.py:500} INFO - Filling up the DagBag from /home/airflow/.local/lib/python3.7/site-packages/airflow/example_dags/example_kubernetes_executor.py
[2022-02-19 13:57:47,906] {processor.py:654} INFO - DAG(s) dict_keys(['example_kubernetes_executor']) retrieved from /home/airflow/.local/lib/python3.7/site-packages/airflow/example_dags/example_kubernetes_executor.py
[2022-02-19 13:57:48,016] {logging_mixin.py:109} INFO - [2022-02-19 13:57:48,015] {dag.py:2396} INFO - Sync 1 DAGs
[2022-02-19 13:57:48,055] {logging_mixin.py:109} INFO - [2022-02-19 13:57:48,055] {dag.py:2935} INFO - Setting next_dagrun for example_kubernetes_executor to None
[2022-02-19 13:57:48,085] {processor.py:171} INFO - Processing /home/airflow/.local/lib/python3.7/site-packages/airflow/example_dags/example_kubernetes_executor.py took 0.476 seconds
[2022-02-19 14:01:28,381] {processor.py:163} INFO - Started process (PID=176) to work on /home/airflow/.local/lib/python3.7/site-packages/airflow/example_dags/example_kubernetes_executor.py
[2022-02-19 14:01:28,383] {processor.py:642} INFO - Processing file /home/airflow/.local/lib/python3.7/site-packages/airflow/example_dags/example_kubernetes_executor.py for tasks to queue
[2022-02-19 14:01:28,385] {logging_mixin.py:109} INFO - [2022-02-19 14:01:28,385] {dagbag.py:500} INFO - Filling up the DagBag from /home/airflow/.local/lib/python3.7/site-packages/airflow/example_dags/example_kubernetes_executor.py
[2022-02-19 14:01:28,738] {processor.py:654} INFO - DAG(s) dict_keys(['example_kubernetes_executor']) retrieved from /home/airflow/.local/lib/python3.7/site-packages/airflow/example_dags/example_kubernetes_executor.py
[2022-02-19 14:01:28,817] {logging_mixin.py:109} INFO - [2022-02-19 14:01:28,817] {dag.py:2396} INFO - Sync 1 DAGs
[2022-02-19 14:01:29,219] {logging_mixin.py:109} INFO - [2022-02-19 14:01:29,216] {dag.py:2935} INFO - Setting next_dagrun for example_kubernetes_executor to None
[2022-02-19 14:01:29,480] {processor.py:171} INFO - Processing /home/airflow/.local/lib/python3.7/site-packages/airflow/example_dags/example_kubernetes_executor.py took 1.104 seconds
[2022-02-19 14:01:59,674] {processor.py:163} INFO - Started process (PID=229) to work on /home/airflow/.local/lib/python3.7/site-packages/airflow/example_dags/example_kubernetes_executor.py
[2022-02-19 14:01:59,677] {processor.py:642} INFO - Processing file /home/airflow/.local/lib/python3.7/site-packages/airflow/example_dags/example_kubernetes_executor.py for tasks to queue
[2022-02-19 14:01:59,679] {logging_mixin.py:109} INFO - [2022-02-19 14:01:59,679] {dagbag.py:500} INFO - Filling up the DagBag from /home/airflow/.local/lib/python3.7/site-packages/airflow/example_dags/example_kubernetes_executor.py
[2022-02-19 14:01:59,794] {processor.py:654} INFO - DAG(s) dict_keys(['example_kubernetes_executor']) retrieved from /home/airflow/.local/lib/python3.7/site-packages/airflow/example_dags/example_kubernetes_executor.py
[2022-02-19 14:01:59,880] {logging_mixin.py:109} INFO - [2022-02-19 14:01:59,880] {dag.py:2396} INFO - Sync 1 DAGs
[2022-02-19 14:01:59,925] {logging_mixin.py:109} INFO - [2022-02-19 14:01:59,924] {dag.py:2935} INFO - Setting next_dagrun for example_kubernetes_executor to None
[2022-02-19 14:01:59,983] {processor.py:171} INFO - Processing /home/airflow/.local/lib/python3.7/site-packages/airflow/example_dags/example_kubernetes_executor.py took 0.313 seconds
[2022-02-19 14:03:19,700] {processor.py:163} INFO - Started process (PID=306) to work on /home/airflow/.local/lib/python3.7/site-packages/airflow/example_dags/example_kubernetes_executor.py
[2022-02-19 14:03:19,721] {processor.py:642} INFO - Processing file /home/airflow/.local/lib/python3.7/site-packages/airflow/example_dags/example_kubernetes_executor.py for tasks to queue
[2022-02-19 14:03:19,746] {logging_mixin.py:109} INFO - [2022-02-19 14:03:19,742] {dagbag.py:500} INFO - Filling up the DagBag from /home/airflow/.local/lib/python3.7/site-packages/airflow/example_dags/example_kubernetes_executor.py
[2022-02-19 14:03:26,833] {processor.py:654} INFO - DAG(s) dict_keys(['example_kubernetes_executor']) retrieved from /home/airflow/.local/lib/python3.7/site-packages/airflow/example_dags/example_kubernetes_executor.py
[2022-02-19 14:03:32,929] {logging_mixin.py:109} INFO - [2022-02-19 14:03:32,925] {dag.py:2396} INFO - Sync 1 DAGs
[2022-02-19 14:03:33,913] {logging_mixin.py:109} INFO - [2022-02-19 14:03:33,910] {dag.py:2935} INFO - Setting next_dagrun for example_kubernetes_executor to None
[2022-02-19 14:03:34,072] {processor.py:171} INFO - Processing /home/airflow/.local/lib/python3.7/site-packages/airflow/example_dags/example_kubernetes_executor.py took 14.497 seconds
[2022-02-19 14:06:55,068] {processor.py:163} INFO - Started process (PID=58) to work on /home/airflow/.local/lib/python3.7/site-packages/airflow/example_dags/example_kubernetes_executor.py
[2022-02-19 14:06:55,071] {processor.py:642} INFO - Processing file /home/airflow/.local/lib/python3.7/site-packages/airflow/example_dags/example_kubernetes_executor.py for tasks to queue
[2022-02-19 14:06:55,075] {logging_mixin.py:109} INFO - [2022-02-19 14:06:55,073] {dagbag.py:500} INFO - Filling up the DagBag from /home/airflow/.local/lib/python3.7/site-packages/airflow/example_dags/example_kubernetes_executor.py
[2022-02-19 14:06:55,269] {processor.py:654} INFO - DAG(s) dict_keys(['example_kubernetes_executor']) retrieved from /home/airflow/.local/lib/python3.7/site-packages/airflow/example_dags/example_kubernetes_executor.py
[2022-02-19 14:06:55,306] {logging_mixin.py:109} INFO - [2022-02-19 14:06:55,306] {dag.py:2396} INFO - Sync 1 DAGs
[2022-02-19 14:06:55,365] {logging_mixin.py:109} INFO - [2022-02-19 14:06:55,365] {dag.py:2935} INFO - Setting next_dagrun for example_kubernetes_executor to None
[2022-02-19 14:06:55,433] {processor.py:171} INFO - Processing /home/airflow/.local/lib/python3.7/site-packages/airflow/example_dags/example_kubernetes_executor.py took 0.382 seconds
[2022-02-19 14:15:19,941] {processor.py:163} INFO - Started process (PID=135) to work on /home/airflow/.local/lib/python3.7/site-packages/airflow/example_dags/example_kubernetes_executor.py
[2022-02-19 14:15:19,947] {processor.py:642} INFO - Processing file /home/airflow/.local/lib/python3.7/site-packages/airflow/example_dags/example_kubernetes_executor.py for tasks to queue
[2022-02-19 14:15:19,963] {logging_mixin.py:109} INFO - [2022-02-19 14:15:19,961] {dagbag.py:500} INFO - Filling up the DagBag from /home/airflow/.local/lib/python3.7/site-packages/airflow/example_dags/example_kubernetes_executor.py
[2022-02-19 14:15:20,156] {processor.py:654} INFO - DAG(s) dict_keys(['example_kubernetes_executor']) retrieved from /home/airflow/.local/lib/python3.7/site-packages/airflow/example_dags/example_kubernetes_executor.py
[2022-02-19 14:15:20,261] {logging_mixin.py:109} INFO - [2022-02-19 14:15:20,260] {dag.py:2396} INFO - Sync 1 DAGs
[2022-02-19 14:15:20,408] {logging_mixin.py:109} INFO - [2022-02-19 14:15:20,408] {dag.py:2935} INFO - Setting next_dagrun for example_kubernetes_executor to None
[2022-02-19 14:15:21,263] {processor.py:171} INFO - Processing /home/airflow/.local/lib/python3.7/site-packages/airflow/example_dags/example_kubernetes_executor.py took 1.340 seconds
[2022-02-19 14:16:01,656] {processor.py:163} INFO - Started process (PID=177) to work on /home/airflow/.local/lib/python3.7/site-packages/airflow/example_dags/example_kubernetes_executor.py
[2022-02-19 14:16:01,658] {processor.py:642} INFO - Processing file /home/airflow/.local/lib/python3.7/site-packages/airflow/example_dags/example_kubernetes_executor.py for tasks to queue
[2022-02-19 14:16:01,674] {logging_mixin.py:109} INFO - [2022-02-19 14:16:01,673] {dagbag.py:500} INFO - Filling up the DagBag from /home/airflow/.local/lib/python3.7/site-packages/airflow/example_dags/example_kubernetes_executor.py
[2022-02-19 14:16:01,827] {processor.py:654} INFO - DAG(s) dict_keys(['example_kubernetes_executor']) retrieved from /home/airflow/.local/lib/python3.7/site-packages/airflow/example_dags/example_kubernetes_executor.py
[2022-02-19 14:16:01,892] {logging_mixin.py:109} INFO - [2022-02-19 14:16:01,888] {dag.py:2396} INFO - Sync 1 DAGs
[2022-02-19 14:16:01,981] {logging_mixin.py:109} INFO - [2022-02-19 14:16:01,980] {dag.py:2935} INFO - Setting next_dagrun for example_kubernetes_executor to None
[2022-02-19 14:16:02,015] {processor.py:171} INFO - Processing /home/airflow/.local/lib/python3.7/site-packages/airflow/example_dags/example_kubernetes_executor.py took 0.363 seconds
[2022-02-19 14:20:52,164] {processor.py:163} INFO - Started process (PID=50) to work on /home/airflow/.local/lib/python3.7/site-packages/airflow/example_dags/example_kubernetes_executor.py
[2022-02-19 14:20:52,184] {processor.py:642} INFO - Processing file /home/airflow/.local/lib/python3.7/site-packages/airflow/example_dags/example_kubernetes_executor.py for tasks to queue
[2022-02-19 14:20:52,189] {logging_mixin.py:109} INFO - [2022-02-19 14:20:52,187] {dagbag.py:500} INFO - Filling up the DagBag from /home/airflow/.local/lib/python3.7/site-packages/airflow/example_dags/example_kubernetes_executor.py
[2022-02-19 14:20:52,610] {processor.py:654} INFO - DAG(s) dict_keys(['example_kubernetes_executor']) retrieved from /home/airflow/.local/lib/python3.7/site-packages/airflow/example_dags/example_kubernetes_executor.py
[2022-02-19 14:20:52,739] {logging_mixin.py:109} INFO - [2022-02-19 14:20:52,739] {dag.py:2396} INFO - Sync 1 DAGs
[2022-02-19 14:20:53,760] {logging_mixin.py:109} INFO - [2022-02-19 14:20:53,760] {dag.py:2935} INFO - Setting next_dagrun for example_kubernetes_executor to None
[2022-02-19 14:20:53,854] {processor.py:171} INFO - Processing /home/airflow/.local/lib/python3.7/site-packages/airflow/example_dags/example_kubernetes_executor.py took 1.717 seconds
[2022-02-19 14:22:16,038] {processor.py:163} INFO - Started process (PID=110) to work on /home/airflow/.local/lib/python3.7/site-packages/airflow/example_dags/example_kubernetes_executor.py
[2022-02-19 14:22:16,043] {processor.py:642} INFO - Processing file /home/airflow/.local/lib/python3.7/site-packages/airflow/example_dags/example_kubernetes_executor.py for tasks to queue
[2022-02-19 14:22:16,047] {logging_mixin.py:109} INFO - [2022-02-19 14:22:16,047] {dagbag.py:500} INFO - Filling up the DagBag from /home/airflow/.local/lib/python3.7/site-packages/airflow/example_dags/example_kubernetes_executor.py
[2022-02-19 14:22:16,385] {processor.py:654} INFO - DAG(s) dict_keys(['example_kubernetes_executor']) retrieved from /home/airflow/.local/lib/python3.7/site-packages/airflow/example_dags/example_kubernetes_executor.py
[2022-02-19 14:22:16,498] {logging_mixin.py:109} INFO - [2022-02-19 14:22:16,498] {dag.py:2396} INFO - Sync 1 DAGs
[2022-02-19 14:22:16,647] {logging_mixin.py:109} INFO - [2022-02-19 14:22:16,647] {dag.py:2935} INFO - Setting next_dagrun for example_kubernetes_executor to None
[2022-02-19 14:22:16,871] {processor.py:171} INFO - Processing /home/airflow/.local/lib/python3.7/site-packages/airflow/example_dags/example_kubernetes_executor.py took 0.848 seconds
[2022-02-19 14:26:58,751] {processor.py:163} INFO - Started process (PID=59) to work on /home/airflow/.local/lib/python3.7/site-packages/airflow/example_dags/example_kubernetes_executor.py
[2022-02-19 14:26:58,754] {processor.py:642} INFO - Processing file /home/airflow/.local/lib/python3.7/site-packages/airflow/example_dags/example_kubernetes_executor.py for tasks to queue
[2022-02-19 14:26:58,756] {logging_mixin.py:109} INFO - [2022-02-19 14:26:58,755] {dagbag.py:500} INFO - Filling up the DagBag from /home/airflow/.local/lib/python3.7/site-packages/airflow/example_dags/example_kubernetes_executor.py
[2022-02-19 14:26:58,916] {processor.py:654} INFO - DAG(s) dict_keys(['example_kubernetes_executor']) retrieved from /home/airflow/.local/lib/python3.7/site-packages/airflow/example_dags/example_kubernetes_executor.py
[2022-02-19 14:26:58,963] {logging_mixin.py:109} INFO - [2022-02-19 14:26:58,962] {dag.py:2396} INFO - Sync 1 DAGs
[2022-02-19 14:26:59,017] {logging_mixin.py:109} INFO - [2022-02-19 14:26:59,017] {dag.py:2935} INFO - Setting next_dagrun for example_kubernetes_executor to None
[2022-02-19 14:26:59,059] {processor.py:171} INFO - Processing /home/airflow/.local/lib/python3.7/site-packages/airflow/example_dags/example_kubernetes_executor.py took 0.314 seconds
