[2022-02-19 13:23:22,154] {processor.py:163} INFO - Started process (PID=300) to work on /home/airflow/.local/lib/python3.7/site-packages/airflow/example_dags/example_branch_operator.py
[2022-02-19 13:23:22,174] {processor.py:642} INFO - Processing file /home/airflow/.local/lib/python3.7/site-packages/airflow/example_dags/example_branch_operator.py for tasks to queue
[2022-02-19 13:23:22,191] {logging_mixin.py:109} INFO - [2022-02-19 13:23:22,188] {dagbag.py:500} INFO - Filling up the DagBag from /home/airflow/.local/lib/python3.7/site-packages/airflow/example_dags/example_branch_operator.py
[2022-02-19 13:23:22,513] {processor.py:654} INFO - DAG(s) dict_keys(['example_branch_operator']) retrieved from /home/airflow/.local/lib/python3.7/site-packages/airflow/example_dags/example_branch_operator.py
[2022-02-19 13:29:20,488] {processor.py:163} INFO - Started process (PID=675) to work on /home/airflow/.local/lib/python3.7/site-packages/airflow/example_dags/example_branch_operator.py
[2022-02-19 13:29:20,496] {processor.py:642} INFO - Processing file /home/airflow/.local/lib/python3.7/site-packages/airflow/example_dags/example_branch_operator.py for tasks to queue
[2022-02-19 13:29:20,500] {logging_mixin.py:109} INFO - [2022-02-19 13:29:20,500] {dagbag.py:500} INFO - Filling up the DagBag from /home/airflow/.local/lib/python3.7/site-packages/airflow/example_dags/example_branch_operator.py
[2022-02-19 13:29:20,680] {processor.py:654} INFO - DAG(s) dict_keys(['example_branch_operator']) retrieved from /home/airflow/.local/lib/python3.7/site-packages/airflow/example_dags/example_branch_operator.py
[2022-02-19 13:29:44,205] {logging_mixin.py:109} INFO - [2022-02-19 13:29:44,205] {manager.py:496} INFO - Created Permission View: can read on DAG:example_branch_operator
[2022-02-19 13:29:44,215] {logging_mixin.py:109} INFO - [2022-02-19 13:29:44,215] {manager.py:496} INFO - Created Permission View: can edit on DAG:example_branch_operator
[2022-02-19 13:29:44,216] {logging_mixin.py:109} INFO - [2022-02-19 13:29:44,216] {dag.py:2396} INFO - Sync 1 DAGs
[2022-02-19 13:29:44,341] {logging_mixin.py:109} INFO - [2022-02-19 13:29:44,341] {dag.py:2415} INFO - Creating ORM DAG for example_branch_operator
[2022-02-19 13:29:44,353] {logging_mixin.py:109} INFO - [2022-02-19 13:29:44,353] {dag.py:2935} INFO - Setting next_dagrun for example_branch_operator to 2022-02-18 00:00:00+00:00
[2022-02-19 13:29:44,370] {processor.py:171} INFO - Processing /home/airflow/.local/lib/python3.7/site-packages/airflow/example_dags/example_branch_operator.py took 23.924 seconds
[2022-02-19 13:37:02,884] {processor.py:163} INFO - Started process (PID=158) to work on /home/airflow/.local/lib/python3.7/site-packages/airflow/example_dags/example_branch_operator.py
[2022-02-19 13:37:02,890] {processor.py:642} INFO - Processing file /home/airflow/.local/lib/python3.7/site-packages/airflow/example_dags/example_branch_operator.py for tasks to queue
[2022-02-19 13:37:02,897] {logging_mixin.py:109} INFO - [2022-02-19 13:37:02,897] {dagbag.py:500} INFO - Filling up the DagBag from /home/airflow/.local/lib/python3.7/site-packages/airflow/example_dags/example_branch_operator.py
[2022-02-19 13:37:03,278] {processor.py:654} INFO - DAG(s) dict_keys(['example_branch_operator']) retrieved from /home/airflow/.local/lib/python3.7/site-packages/airflow/example_dags/example_branch_operator.py
[2022-02-19 13:37:03,509] {logging_mixin.py:109} INFO - [2022-02-19 13:37:03,508] {dag.py:2396} INFO - Sync 1 DAGs
[2022-02-19 13:37:03,837] {logging_mixin.py:109} INFO - [2022-02-19 13:37:03,835] {dag.py:2935} INFO - Setting next_dagrun for example_branch_operator to 2022-02-18 00:00:00+00:00
[2022-02-19 13:37:04,068] {processor.py:171} INFO - Processing /home/airflow/.local/lib/python3.7/site-packages/airflow/example_dags/example_branch_operator.py took 1.200 seconds
[2022-02-19 13:37:50,169] {processor.py:163} INFO - Started process (PID=232) to work on /home/airflow/.local/lib/python3.7/site-packages/airflow/example_dags/example_branch_operator.py
[2022-02-19 13:37:50,173] {processor.py:642} INFO - Processing file /home/airflow/.local/lib/python3.7/site-packages/airflow/example_dags/example_branch_operator.py for tasks to queue
[2022-02-19 13:37:50,175] {logging_mixin.py:109} INFO - [2022-02-19 13:37:50,175] {dagbag.py:500} INFO - Filling up the DagBag from /home/airflow/.local/lib/python3.7/site-packages/airflow/example_dags/example_branch_operator.py
[2022-02-19 13:37:50,237] {processor.py:654} INFO - DAG(s) dict_keys(['example_branch_operator']) retrieved from /home/airflow/.local/lib/python3.7/site-packages/airflow/example_dags/example_branch_operator.py
[2022-02-19 13:37:50,259] {logging_mixin.py:109} INFO - [2022-02-19 13:37:50,259] {dag.py:2396} INFO - Sync 1 DAGs
[2022-02-19 13:37:50,297] {logging_mixin.py:109} INFO - [2022-02-19 13:37:50,296] {dag.py:2935} INFO - Setting next_dagrun for example_branch_operator to 2022-02-18 00:00:00+00:00
[2022-02-19 13:37:50,326] {processor.py:171} INFO - Processing /home/airflow/.local/lib/python3.7/site-packages/airflow/example_dags/example_branch_operator.py took 0.163 seconds
[2022-02-19 13:38:21,223] {processor.py:163} INFO - Started process (PID=286) to work on /home/airflow/.local/lib/python3.7/site-packages/airflow/example_dags/example_branch_operator.py
[2022-02-19 13:38:21,224] {processor.py:642} INFO - Processing file /home/airflow/.local/lib/python3.7/site-packages/airflow/example_dags/example_branch_operator.py for tasks to queue
[2022-02-19 13:38:21,225] {logging_mixin.py:109} INFO - [2022-02-19 13:38:21,225] {dagbag.py:500} INFO - Filling up the DagBag from /home/airflow/.local/lib/python3.7/site-packages/airflow/example_dags/example_branch_operator.py
[2022-02-19 13:38:21,257] {processor.py:654} INFO - DAG(s) dict_keys(['example_branch_operator']) retrieved from /home/airflow/.local/lib/python3.7/site-packages/airflow/example_dags/example_branch_operator.py
[2022-02-19 13:38:21,267] {logging_mixin.py:109} INFO - [2022-02-19 13:38:21,267] {dag.py:2396} INFO - Sync 1 DAGs
[2022-02-19 13:38:21,288] {logging_mixin.py:109} INFO - [2022-02-19 13:38:21,288] {dag.py:2935} INFO - Setting next_dagrun for example_branch_operator to 2022-02-18 00:00:00+00:00
[2022-02-19 13:38:21,303] {processor.py:171} INFO - Processing /home/airflow/.local/lib/python3.7/site-packages/airflow/example_dags/example_branch_operator.py took 0.083 seconds
[2022-02-19 13:38:51,664] {processor.py:163} INFO - Started process (PID=338) to work on /home/airflow/.local/lib/python3.7/site-packages/airflow/example_dags/example_branch_operator.py
[2022-02-19 13:38:51,666] {processor.py:642} INFO - Processing file /home/airflow/.local/lib/python3.7/site-packages/airflow/example_dags/example_branch_operator.py for tasks to queue
[2022-02-19 13:38:51,667] {logging_mixin.py:109} INFO - [2022-02-19 13:38:51,667] {dagbag.py:500} INFO - Filling up the DagBag from /home/airflow/.local/lib/python3.7/site-packages/airflow/example_dags/example_branch_operator.py
[2022-02-19 13:38:51,696] {processor.py:654} INFO - DAG(s) dict_keys(['example_branch_operator']) retrieved from /home/airflow/.local/lib/python3.7/site-packages/airflow/example_dags/example_branch_operator.py
[2022-02-19 13:38:51,707] {logging_mixin.py:109} INFO - [2022-02-19 13:38:51,707] {dag.py:2396} INFO - Sync 1 DAGs
[2022-02-19 13:38:51,724] {logging_mixin.py:109} INFO - [2022-02-19 13:38:51,724] {dag.py:2935} INFO - Setting next_dagrun for example_branch_operator to 2022-02-18 00:00:00+00:00
[2022-02-19 13:38:51,734] {processor.py:171} INFO - Processing /home/airflow/.local/lib/python3.7/site-packages/airflow/example_dags/example_branch_operator.py took 0.074 seconds
[2022-02-19 13:39:22,203] {processor.py:163} INFO - Started process (PID=389) to work on /home/airflow/.local/lib/python3.7/site-packages/airflow/example_dags/example_branch_operator.py
[2022-02-19 13:39:22,204] {processor.py:642} INFO - Processing file /home/airflow/.local/lib/python3.7/site-packages/airflow/example_dags/example_branch_operator.py for tasks to queue
[2022-02-19 13:39:22,206] {logging_mixin.py:109} INFO - [2022-02-19 13:39:22,206] {dagbag.py:500} INFO - Filling up the DagBag from /home/airflow/.local/lib/python3.7/site-packages/airflow/example_dags/example_branch_operator.py
[2022-02-19 13:39:22,239] {processor.py:654} INFO - DAG(s) dict_keys(['example_branch_operator']) retrieved from /home/airflow/.local/lib/python3.7/site-packages/airflow/example_dags/example_branch_operator.py
[2022-02-19 13:39:22,251] {logging_mixin.py:109} INFO - [2022-02-19 13:39:22,251] {dag.py:2396} INFO - Sync 1 DAGs
[2022-02-19 13:39:22,268] {logging_mixin.py:109} INFO - [2022-02-19 13:39:22,268] {dag.py:2935} INFO - Setting next_dagrun for example_branch_operator to 2022-02-18 00:00:00+00:00
[2022-02-19 13:39:22,280] {processor.py:171} INFO - Processing /home/airflow/.local/lib/python3.7/site-packages/airflow/example_dags/example_branch_operator.py took 0.082 seconds
[2022-02-19 13:39:52,372] {processor.py:163} INFO - Started process (PID=450) to work on /home/airflow/.local/lib/python3.7/site-packages/airflow/example_dags/example_branch_operator.py
[2022-02-19 13:39:52,374] {processor.py:642} INFO - Processing file /home/airflow/.local/lib/python3.7/site-packages/airflow/example_dags/example_branch_operator.py for tasks to queue
[2022-02-19 13:39:52,375] {logging_mixin.py:109} INFO - [2022-02-19 13:39:52,375] {dagbag.py:500} INFO - Filling up the DagBag from /home/airflow/.local/lib/python3.7/site-packages/airflow/example_dags/example_branch_operator.py
[2022-02-19 13:39:52,405] {processor.py:654} INFO - DAG(s) dict_keys(['example_branch_operator']) retrieved from /home/airflow/.local/lib/python3.7/site-packages/airflow/example_dags/example_branch_operator.py
[2022-02-19 13:39:52,416] {logging_mixin.py:109} INFO - [2022-02-19 13:39:52,416] {dag.py:2396} INFO - Sync 1 DAGs
[2022-02-19 13:39:52,430] {logging_mixin.py:109} INFO - [2022-02-19 13:39:52,430] {dag.py:2935} INFO - Setting next_dagrun for example_branch_operator to 2022-02-18 00:00:00+00:00
[2022-02-19 13:39:52,438] {processor.py:171} INFO - Processing /home/airflow/.local/lib/python3.7/site-packages/airflow/example_dags/example_branch_operator.py took 0.069 seconds
[2022-02-19 13:40:23,450] {processor.py:163} INFO - Started process (PID=507) to work on /home/airflow/.local/lib/python3.7/site-packages/airflow/example_dags/example_branch_operator.py
[2022-02-19 13:40:23,452] {processor.py:642} INFO - Processing file /home/airflow/.local/lib/python3.7/site-packages/airflow/example_dags/example_branch_operator.py for tasks to queue
[2022-02-19 13:40:23,453] {logging_mixin.py:109} INFO - [2022-02-19 13:40:23,453] {dagbag.py:500} INFO - Filling up the DagBag from /home/airflow/.local/lib/python3.7/site-packages/airflow/example_dags/example_branch_operator.py
[2022-02-19 13:40:23,489] {processor.py:654} INFO - DAG(s) dict_keys(['example_branch_operator']) retrieved from /home/airflow/.local/lib/python3.7/site-packages/airflow/example_dags/example_branch_operator.py
[2022-02-19 13:40:23,501] {logging_mixin.py:109} INFO - [2022-02-19 13:40:23,501] {dag.py:2396} INFO - Sync 1 DAGs
[2022-02-19 13:40:23,519] {logging_mixin.py:109} INFO - [2022-02-19 13:40:23,519] {dag.py:2935} INFO - Setting next_dagrun for example_branch_operator to 2022-02-18 00:00:00+00:00
[2022-02-19 13:40:23,529] {processor.py:171} INFO - Processing /home/airflow/.local/lib/python3.7/site-packages/airflow/example_dags/example_branch_operator.py took 0.083 seconds
[2022-02-19 13:40:54,023] {processor.py:163} INFO - Started process (PID=561) to work on /home/airflow/.local/lib/python3.7/site-packages/airflow/example_dags/example_branch_operator.py
[2022-02-19 13:40:54,025] {processor.py:642} INFO - Processing file /home/airflow/.local/lib/python3.7/site-packages/airflow/example_dags/example_branch_operator.py for tasks to queue
[2022-02-19 13:40:54,026] {logging_mixin.py:109} INFO - [2022-02-19 13:40:54,026] {dagbag.py:500} INFO - Filling up the DagBag from /home/airflow/.local/lib/python3.7/site-packages/airflow/example_dags/example_branch_operator.py
[2022-02-19 13:40:54,062] {processor.py:654} INFO - DAG(s) dict_keys(['example_branch_operator']) retrieved from /home/airflow/.local/lib/python3.7/site-packages/airflow/example_dags/example_branch_operator.py
[2022-02-19 13:40:54,080] {logging_mixin.py:109} INFO - [2022-02-19 13:40:54,079] {dag.py:2396} INFO - Sync 1 DAGs
[2022-02-19 13:40:54,103] {logging_mixin.py:109} INFO - [2022-02-19 13:40:54,103] {dag.py:2935} INFO - Setting next_dagrun for example_branch_operator to 2022-02-18 00:00:00+00:00
[2022-02-19 13:40:54,115] {processor.py:171} INFO - Processing /home/airflow/.local/lib/python3.7/site-packages/airflow/example_dags/example_branch_operator.py took 0.096 seconds
[2022-02-19 13:41:38,893] {processor.py:163} INFO - Started process (PID=615) to work on /home/airflow/.local/lib/python3.7/site-packages/airflow/example_dags/example_branch_operator.py
[2022-02-19 13:41:38,895] {processor.py:642} INFO - Processing file /home/airflow/.local/lib/python3.7/site-packages/airflow/example_dags/example_branch_operator.py for tasks to queue
[2022-02-19 13:41:38,897] {logging_mixin.py:109} INFO - [2022-02-19 13:41:38,897] {dagbag.py:500} INFO - Filling up the DagBag from /home/airflow/.local/lib/python3.7/site-packages/airflow/example_dags/example_branch_operator.py
[2022-02-19 13:41:38,934] {processor.py:654} INFO - DAG(s) dict_keys(['example_branch_operator']) retrieved from /home/airflow/.local/lib/python3.7/site-packages/airflow/example_dags/example_branch_operator.py
[2022-02-19 13:41:38,950] {logging_mixin.py:109} INFO - [2022-02-19 13:41:38,949] {dag.py:2396} INFO - Sync 1 DAGs
[2022-02-19 13:41:38,971] {logging_mixin.py:109} INFO - [2022-02-19 13:41:38,970] {dag.py:2935} INFO - Setting next_dagrun for example_branch_operator to 2022-02-18 00:00:00+00:00
[2022-02-19 13:41:38,981] {processor.py:171} INFO - Processing /home/airflow/.local/lib/python3.7/site-packages/airflow/example_dags/example_branch_operator.py took 0.092 seconds
[2022-02-19 13:53:04,028] {processor.py:163} INFO - Started process (PID=56) to work on /home/airflow/.local/lib/python3.7/site-packages/airflow/example_dags/example_branch_operator.py
[2022-02-19 13:53:04,033] {processor.py:642} INFO - Processing file /home/airflow/.local/lib/python3.7/site-packages/airflow/example_dags/example_branch_operator.py for tasks to queue
[2022-02-19 13:53:04,123] {logging_mixin.py:109} INFO - [2022-02-19 13:53:04,121] {dagbag.py:500} INFO - Filling up the DagBag from /home/airflow/.local/lib/python3.7/site-packages/airflow/example_dags/example_branch_operator.py
[2022-02-19 13:53:14,984] {processor.py:654} INFO - DAG(s) dict_keys(['example_branch_operator']) retrieved from /home/airflow/.local/lib/python3.7/site-packages/airflow/example_dags/example_branch_operator.py
[2022-02-19 13:53:15,579] {logging_mixin.py:109} INFO - [2022-02-19 13:53:15,497] {dag.py:2396} INFO - Sync 1 DAGs
[2022-02-19 13:53:16,274] {logging_mixin.py:109} INFO - [2022-02-19 13:53:16,271] {dag.py:2935} INFO - Setting next_dagrun for example_branch_operator to 2022-02-18 00:00:00+00:00
[2022-02-19 13:53:16,369] {processor.py:171} INFO - Processing /home/airflow/.local/lib/python3.7/site-packages/airflow/example_dags/example_branch_operator.py took 12.349 seconds
[2022-02-19 13:53:46,594] {processor.py:163} INFO - Started process (PID=98) to work on /home/airflow/.local/lib/python3.7/site-packages/airflow/example_dags/example_branch_operator.py
[2022-02-19 13:53:46,653] {processor.py:642} INFO - Processing file /home/airflow/.local/lib/python3.7/site-packages/airflow/example_dags/example_branch_operator.py for tasks to queue
[2022-02-19 13:53:47,449] {logging_mixin.py:109} INFO - [2022-02-19 13:53:46,678] {dagbag.py:500} INFO - Filling up the DagBag from /home/airflow/.local/lib/python3.7/site-packages/airflow/example_dags/example_branch_operator.py
[2022-02-19 13:53:48,616] {processor.py:654} INFO - DAG(s) dict_keys(['example_branch_operator']) retrieved from /home/airflow/.local/lib/python3.7/site-packages/airflow/example_dags/example_branch_operator.py
[2022-02-19 13:53:48,899] {logging_mixin.py:109} INFO - [2022-02-19 13:53:48,895] {dag.py:2396} INFO - Sync 1 DAGs
[2022-02-19 13:53:54,285] {logging_mixin.py:109} INFO - [2022-02-19 13:53:54,284] {dag.py:2935} INFO - Setting next_dagrun for example_branch_operator to 2022-02-18 00:00:00+00:00
[2022-02-19 13:53:54,554] {processor.py:171} INFO - Processing /home/airflow/.local/lib/python3.7/site-packages/airflow/example_dags/example_branch_operator.py took 8.044 seconds
[2022-02-19 13:58:06,762] {processor.py:163} INFO - Started process (PID=65) to work on /home/airflow/.local/lib/python3.7/site-packages/airflow/example_dags/example_branch_operator.py
[2022-02-19 13:58:07,790] {processor.py:642} INFO - Processing file /home/airflow/.local/lib/python3.7/site-packages/airflow/example_dags/example_branch_operator.py for tasks to queue
[2022-02-19 13:58:08,029] {logging_mixin.py:109} INFO - [2022-02-19 13:58:07,880] {dagbag.py:500} INFO - Filling up the DagBag from /home/airflow/.local/lib/python3.7/site-packages/airflow/example_dags/example_branch_operator.py
[2022-02-19 13:58:21,211] {processor.py:654} INFO - DAG(s) dict_keys(['example_branch_operator']) retrieved from /home/airflow/.local/lib/python3.7/site-packages/airflow/example_dags/example_branch_operator.py
[2022-02-19 13:58:23,849] {logging_mixin.py:109} INFO - [2022-02-19 13:58:23,846] {dag.py:2396} INFO - Sync 1 DAGs
[2022-02-19 13:58:27,026] {logging_mixin.py:109} INFO - [2022-02-19 13:58:27,026] {dag.py:2935} INFO - Setting next_dagrun for example_branch_operator to 2022-02-18 00:00:00+00:00
[2022-02-19 13:58:30,197] {processor.py:171} INFO - Processing /home/airflow/.local/lib/python3.7/site-packages/airflow/example_dags/example_branch_operator.py took 23.804 seconds
[2022-02-19 14:01:33,324] {processor.py:163} INFO - Started process (PID=183) to work on /home/airflow/.local/lib/python3.7/site-packages/airflow/example_dags/example_branch_operator.py
[2022-02-19 14:01:33,371] {processor.py:642} INFO - Processing file /home/airflow/.local/lib/python3.7/site-packages/airflow/example_dags/example_branch_operator.py for tasks to queue
[2022-02-19 14:01:33,462] {logging_mixin.py:109} INFO - [2022-02-19 14:01:33,461] {dagbag.py:500} INFO - Filling up the DagBag from /home/airflow/.local/lib/python3.7/site-packages/airflow/example_dags/example_branch_operator.py
[2022-02-19 14:01:33,736] {processor.py:654} INFO - DAG(s) dict_keys(['example_branch_operator']) retrieved from /home/airflow/.local/lib/python3.7/site-packages/airflow/example_dags/example_branch_operator.py
[2022-02-19 14:01:33,836] {logging_mixin.py:109} INFO - [2022-02-19 14:01:33,836] {dag.py:2396} INFO - Sync 1 DAGs
[2022-02-19 14:01:33,944] {logging_mixin.py:109} INFO - [2022-02-19 14:01:33,944] {dag.py:2935} INFO - Setting next_dagrun for example_branch_operator to 2022-02-18 00:00:00+00:00
[2022-02-19 14:01:34,019] {processor.py:171} INFO - Processing /home/airflow/.local/lib/python3.7/site-packages/airflow/example_dags/example_branch_operator.py took 0.730 seconds
[2022-02-19 14:02:04,376] {processor.py:163} INFO - Started process (PID=236) to work on /home/airflow/.local/lib/python3.7/site-packages/airflow/example_dags/example_branch_operator.py
[2022-02-19 14:02:04,378] {processor.py:642} INFO - Processing file /home/airflow/.local/lib/python3.7/site-packages/airflow/example_dags/example_branch_operator.py for tasks to queue
[2022-02-19 14:02:04,380] {logging_mixin.py:109} INFO - [2022-02-19 14:02:04,380] {dagbag.py:500} INFO - Filling up the DagBag from /home/airflow/.local/lib/python3.7/site-packages/airflow/example_dags/example_branch_operator.py
[2022-02-19 14:02:04,436] {processor.py:654} INFO - DAG(s) dict_keys(['example_branch_operator']) retrieved from /home/airflow/.local/lib/python3.7/site-packages/airflow/example_dags/example_branch_operator.py
[2022-02-19 14:02:04,462] {logging_mixin.py:109} INFO - [2022-02-19 14:02:04,462] {dag.py:2396} INFO - Sync 1 DAGs
[2022-02-19 14:02:04,505] {logging_mixin.py:109} INFO - [2022-02-19 14:02:04,505] {dag.py:2935} INFO - Setting next_dagrun for example_branch_operator to 2022-02-18 00:00:00+00:00
[2022-02-19 14:02:04,538] {processor.py:171} INFO - Processing /home/airflow/.local/lib/python3.7/site-packages/airflow/example_dags/example_branch_operator.py took 0.168 seconds
[2022-02-19 14:04:08,655] {processor.py:163} INFO - Started process (PID=330) to work on /home/airflow/.local/lib/python3.7/site-packages/airflow/example_dags/example_branch_operator.py
[2022-02-19 14:04:08,714] {processor.py:642} INFO - Processing file /home/airflow/.local/lib/python3.7/site-packages/airflow/example_dags/example_branch_operator.py for tasks to queue
[2022-02-19 14:04:08,753] {logging_mixin.py:109} INFO - [2022-02-19 14:04:08,750] {dagbag.py:500} INFO - Filling up the DagBag from /home/airflow/.local/lib/python3.7/site-packages/airflow/example_dags/example_branch_operator.py
[2022-02-19 14:04:11,362] {processor.py:654} INFO - DAG(s) dict_keys(['example_branch_operator']) retrieved from /home/airflow/.local/lib/python3.7/site-packages/airflow/example_dags/example_branch_operator.py
[2022-02-19 14:04:11,647] {logging_mixin.py:109} INFO - [2022-02-19 14:04:11,647] {dag.py:2396} INFO - Sync 1 DAGs
[2022-02-19 14:04:15,924] {logging_mixin.py:109} INFO - [2022-02-19 14:04:15,889] {dag.py:2935} INFO - Setting next_dagrun for example_branch_operator to 2022-02-18 00:00:00+00:00
[2022-02-19 14:04:33,193] {processor.py:171} INFO - Processing /home/airflow/.local/lib/python3.7/site-packages/airflow/example_dags/example_branch_operator.py took 25.678 seconds
[2022-02-19 14:07:01,427] {processor.py:163} INFO - Started process (PID=67) to work on /home/airflow/.local/lib/python3.7/site-packages/airflow/example_dags/example_branch_operator.py
[2022-02-19 14:07:01,434] {processor.py:642} INFO - Processing file /home/airflow/.local/lib/python3.7/site-packages/airflow/example_dags/example_branch_operator.py for tasks to queue
[2022-02-19 14:07:01,446] {logging_mixin.py:109} INFO - [2022-02-19 14:07:01,444] {dagbag.py:500} INFO - Filling up the DagBag from /home/airflow/.local/lib/python3.7/site-packages/airflow/example_dags/example_branch_operator.py
[2022-02-19 14:07:01,587] {processor.py:654} INFO - DAG(s) dict_keys(['example_branch_operator']) retrieved from /home/airflow/.local/lib/python3.7/site-packages/airflow/example_dags/example_branch_operator.py
[2022-02-19 14:07:01,615] {logging_mixin.py:109} INFO - [2022-02-19 14:07:01,615] {dag.py:2396} INFO - Sync 1 DAGs
[2022-02-19 14:07:01,641] {logging_mixin.py:109} INFO - [2022-02-19 14:07:01,641] {dag.py:2935} INFO - Setting next_dagrun for example_branch_operator to 2022-02-18 00:00:00+00:00
[2022-02-19 14:07:01,684] {processor.py:171} INFO - Processing /home/airflow/.local/lib/python3.7/site-packages/airflow/example_dags/example_branch_operator.py took 0.273 seconds
[2022-02-19 14:15:50,200] {processor.py:163} INFO - Started process (PID=150) to work on /home/airflow/.local/lib/python3.7/site-packages/airflow/example_dags/example_branch_operator.py
[2022-02-19 14:15:50,232] {processor.py:642} INFO - Processing file /home/airflow/.local/lib/python3.7/site-packages/airflow/example_dags/example_branch_operator.py for tasks to queue
[2022-02-19 14:15:50,236] {logging_mixin.py:109} INFO - [2022-02-19 14:15:50,236] {dagbag.py:500} INFO - Filling up the DagBag from /home/airflow/.local/lib/python3.7/site-packages/airflow/example_dags/example_branch_operator.py
[2022-02-19 14:15:50,457] {processor.py:654} INFO - DAG(s) dict_keys(['example_branch_operator']) retrieved from /home/airflow/.local/lib/python3.7/site-packages/airflow/example_dags/example_branch_operator.py
[2022-02-19 14:15:50,532] {logging_mixin.py:109} INFO - [2022-02-19 14:15:50,532] {dag.py:2396} INFO - Sync 1 DAGs
[2022-02-19 14:15:50,644] {logging_mixin.py:109} INFO - [2022-02-19 14:15:50,644] {dag.py:2935} INFO - Setting next_dagrun for example_branch_operator to 2022-02-18 00:00:00+00:00
[2022-02-19 14:15:50,750] {processor.py:171} INFO - Processing /home/airflow/.local/lib/python3.7/site-packages/airflow/example_dags/example_branch_operator.py took 0.590 seconds
[2022-02-19 14:16:21,629] {processor.py:163} INFO - Started process (PID=193) to work on /home/airflow/.local/lib/python3.7/site-packages/airflow/example_dags/example_branch_operator.py
[2022-02-19 14:16:21,633] {processor.py:642} INFO - Processing file /home/airflow/.local/lib/python3.7/site-packages/airflow/example_dags/example_branch_operator.py for tasks to queue
[2022-02-19 14:16:21,636] {logging_mixin.py:109} INFO - [2022-02-19 14:16:21,636] {dagbag.py:500} INFO - Filling up the DagBag from /home/airflow/.local/lib/python3.7/site-packages/airflow/example_dags/example_branch_operator.py
[2022-02-19 14:16:21,718] {processor.py:654} INFO - DAG(s) dict_keys(['example_branch_operator']) retrieved from /home/airflow/.local/lib/python3.7/site-packages/airflow/example_dags/example_branch_operator.py
[2022-02-19 14:16:22,106] {logging_mixin.py:109} INFO - [2022-02-19 14:16:22,106] {dag.py:2396} INFO - Sync 1 DAGs
[2022-02-19 14:16:22,182] {logging_mixin.py:109} INFO - [2022-02-19 14:16:22,182] {dag.py:2935} INFO - Setting next_dagrun for example_branch_operator to 2022-02-18 00:00:00+00:00
[2022-02-19 14:16:22,257] {processor.py:171} INFO - Processing /home/airflow/.local/lib/python3.7/site-packages/airflow/example_dags/example_branch_operator.py took 0.637 seconds
[2022-02-19 14:20:59,324] {processor.py:163} INFO - Started process (PID=66) to work on /home/airflow/.local/lib/python3.7/site-packages/airflow/example_dags/example_branch_operator.py
[2022-02-19 14:20:59,327] {processor.py:642} INFO - Processing file /home/airflow/.local/lib/python3.7/site-packages/airflow/example_dags/example_branch_operator.py for tasks to queue
[2022-02-19 14:20:59,329] {logging_mixin.py:109} INFO - [2022-02-19 14:20:59,329] {dagbag.py:500} INFO - Filling up the DagBag from /home/airflow/.local/lib/python3.7/site-packages/airflow/example_dags/example_branch_operator.py
[2022-02-19 14:20:59,499] {processor.py:654} INFO - DAG(s) dict_keys(['example_branch_operator']) retrieved from /home/airflow/.local/lib/python3.7/site-packages/airflow/example_dags/example_branch_operator.py
[2022-02-19 14:20:59,532] {logging_mixin.py:109} INFO - [2022-02-19 14:20:59,532] {dag.py:2396} INFO - Sync 1 DAGs
[2022-02-19 14:20:59,602] {logging_mixin.py:109} INFO - [2022-02-19 14:20:59,602] {dag.py:2935} INFO - Setting next_dagrun for example_branch_operator to 2022-02-18 00:00:00+00:00
[2022-02-19 14:20:59,635] {processor.py:171} INFO - Processing /home/airflow/.local/lib/python3.7/site-packages/airflow/example_dags/example_branch_operator.py took 0.315 seconds
[2022-02-19 14:22:18,950] {processor.py:163} INFO - Started process (PID=124) to work on /home/airflow/.local/lib/python3.7/site-packages/airflow/example_dags/example_branch_operator.py
[2022-02-19 14:22:18,989] {processor.py:642} INFO - Processing file /home/airflow/.local/lib/python3.7/site-packages/airflow/example_dags/example_branch_operator.py for tasks to queue
[2022-02-19 14:22:19,016] {logging_mixin.py:109} INFO - [2022-02-19 14:22:19,009] {dagbag.py:500} INFO - Filling up the DagBag from /home/airflow/.local/lib/python3.7/site-packages/airflow/example_dags/example_branch_operator.py
[2022-02-19 14:22:19,452] {processor.py:654} INFO - DAG(s) dict_keys(['example_branch_operator']) retrieved from /home/airflow/.local/lib/python3.7/site-packages/airflow/example_dags/example_branch_operator.py
[2022-02-19 14:22:19,582] {logging_mixin.py:109} INFO - [2022-02-19 14:22:19,582] {dag.py:2396} INFO - Sync 1 DAGs
[2022-02-19 14:22:19,763] {logging_mixin.py:109} INFO - [2022-02-19 14:22:19,763] {dag.py:2935} INFO - Setting next_dagrun for example_branch_operator to 2022-02-18 00:00:00+00:00
[2022-02-19 14:22:19,856] {processor.py:171} INFO - Processing /home/airflow/.local/lib/python3.7/site-packages/airflow/example_dags/example_branch_operator.py took 0.977 seconds
[2022-02-19 14:27:02,482] {processor.py:163} INFO - Started process (PID=66) to work on /home/airflow/.local/lib/python3.7/site-packages/airflow/example_dags/example_branch_operator.py
[2022-02-19 14:27:02,488] {processor.py:642} INFO - Processing file /home/airflow/.local/lib/python3.7/site-packages/airflow/example_dags/example_branch_operator.py for tasks to queue
[2022-02-19 14:27:02,495] {logging_mixin.py:109} INFO - [2022-02-19 14:27:02,495] {dagbag.py:500} INFO - Filling up the DagBag from /home/airflow/.local/lib/python3.7/site-packages/airflow/example_dags/example_branch_operator.py
[2022-02-19 14:27:02,714] {processor.py:654} INFO - DAG(s) dict_keys(['example_branch_operator']) retrieved from /home/airflow/.local/lib/python3.7/site-packages/airflow/example_dags/example_branch_operator.py
[2022-02-19 14:27:02,881] {logging_mixin.py:109} INFO - [2022-02-19 14:27:02,881] {dag.py:2396} INFO - Sync 1 DAGs
[2022-02-19 14:27:03,066] {logging_mixin.py:109} INFO - [2022-02-19 14:27:03,065] {dag.py:2935} INFO - Setting next_dagrun for example_branch_operator to 2022-02-18 00:00:00+00:00
[2022-02-19 14:27:03,196] {processor.py:171} INFO - Processing /home/airflow/.local/lib/python3.7/site-packages/airflow/example_dags/example_branch_operator.py took 0.702 seconds
