[2022-02-19 13:22:08,437] {processor.py:163} INFO - Started process (PID=248) to work on /home/airflow/.local/lib/python3.7/site-packages/airflow/example_dags/example_nested_branch_dag.py
[2022-02-19 13:22:08,443] {processor.py:642} INFO - Processing file /home/airflow/.local/lib/python3.7/site-packages/airflow/example_dags/example_nested_branch_dag.py for tasks to queue
[2022-02-19 13:22:08,447] {logging_mixin.py:109} INFO - [2022-02-19 13:22:08,446] {dagbag.py:500} INFO - Filling up the DagBag from /home/airflow/.local/lib/python3.7/site-packages/airflow/example_dags/example_nested_branch_dag.py
[2022-02-19 13:22:08,541] {processor.py:654} INFO - DAG(s) dict_keys(['example_nested_branch_dag']) retrieved from /home/airflow/.local/lib/python3.7/site-packages/airflow/example_dags/example_nested_branch_dag.py
[2022-02-19 13:28:29,269] {processor.py:163} INFO - Started process (PID=629) to work on /home/airflow/.local/lib/python3.7/site-packages/airflow/example_dags/example_nested_branch_dag.py
[2022-02-19 13:28:29,271] {processor.py:642} INFO - Processing file /home/airflow/.local/lib/python3.7/site-packages/airflow/example_dags/example_nested_branch_dag.py for tasks to queue
[2022-02-19 13:28:29,273] {logging_mixin.py:109} INFO - [2022-02-19 13:28:29,273] {dagbag.py:500} INFO - Filling up the DagBag from /home/airflow/.local/lib/python3.7/site-packages/airflow/example_dags/example_nested_branch_dag.py
[2022-02-19 13:28:29,379] {processor.py:654} INFO - DAG(s) dict_keys(['example_nested_branch_dag']) retrieved from /home/airflow/.local/lib/python3.7/site-packages/airflow/example_dags/example_nested_branch_dag.py
[2022-02-19 13:36:34,627] {processor.py:163} INFO - Started process (PID=118) to work on /home/airflow/.local/lib/python3.7/site-packages/airflow/example_dags/example_nested_branch_dag.py
[2022-02-19 13:36:34,629] {processor.py:642} INFO - Processing file /home/airflow/.local/lib/python3.7/site-packages/airflow/example_dags/example_nested_branch_dag.py for tasks to queue
[2022-02-19 13:36:34,631] {logging_mixin.py:109} INFO - [2022-02-19 13:36:34,630] {dagbag.py:500} INFO - Filling up the DagBag from /home/airflow/.local/lib/python3.7/site-packages/airflow/example_dags/example_nested_branch_dag.py
[2022-02-19 13:36:34,665] {processor.py:654} INFO - DAG(s) dict_keys(['example_nested_branch_dag']) retrieved from /home/airflow/.local/lib/python3.7/site-packages/airflow/example_dags/example_nested_branch_dag.py
[2022-02-19 13:36:37,549] {logging_mixin.py:109} INFO - [2022-02-19 13:36:37,549] {manager.py:496} INFO - Created Permission View: can read on DAG:example_nested_branch_dag
[2022-02-19 13:36:37,564] {logging_mixin.py:109} INFO - [2022-02-19 13:36:37,564] {manager.py:496} INFO - Created Permission View: can edit on DAG:example_nested_branch_dag
[2022-02-19 13:36:37,565] {logging_mixin.py:109} INFO - [2022-02-19 13:36:37,565] {dag.py:2396} INFO - Sync 1 DAGs
[2022-02-19 13:36:37,589] {logging_mixin.py:109} INFO - [2022-02-19 13:36:37,589] {dag.py:2415} INFO - Creating ORM DAG for example_nested_branch_dag
[2022-02-19 13:36:37,615] {logging_mixin.py:109} INFO - [2022-02-19 13:36:37,615] {dag.py:2935} INFO - Setting next_dagrun for example_nested_branch_dag to 2022-02-18 00:00:00+00:00
[2022-02-19 13:36:37,638] {processor.py:171} INFO - Processing /home/airflow/.local/lib/python3.7/site-packages/airflow/example_dags/example_nested_branch_dag.py took 3.015 seconds
[2022-02-19 13:37:49,618] {processor.py:163} INFO - Started process (PID=228) to work on /home/airflow/.local/lib/python3.7/site-packages/airflow/example_dags/example_nested_branch_dag.py
[2022-02-19 13:37:49,646] {processor.py:642} INFO - Processing file /home/airflow/.local/lib/python3.7/site-packages/airflow/example_dags/example_nested_branch_dag.py for tasks to queue
[2022-02-19 13:37:49,649] {logging_mixin.py:109} INFO - [2022-02-19 13:37:49,648] {dagbag.py:500} INFO - Filling up the DagBag from /home/airflow/.local/lib/python3.7/site-packages/airflow/example_dags/example_nested_branch_dag.py
[2022-02-19 13:37:49,759] {processor.py:654} INFO - DAG(s) dict_keys(['example_nested_branch_dag']) retrieved from /home/airflow/.local/lib/python3.7/site-packages/airflow/example_dags/example_nested_branch_dag.py
[2022-02-19 13:37:49,775] {logging_mixin.py:109} INFO - [2022-02-19 13:37:49,774] {dag.py:2396} INFO - Sync 1 DAGs
[2022-02-19 13:37:49,800] {logging_mixin.py:109} INFO - [2022-02-19 13:37:49,800] {dag.py:2935} INFO - Setting next_dagrun for example_nested_branch_dag to 2022-02-18 00:00:00+00:00
[2022-02-19 13:37:49,813] {processor.py:171} INFO - Processing /home/airflow/.local/lib/python3.7/site-packages/airflow/example_dags/example_nested_branch_dag.py took 0.207 seconds
[2022-02-19 13:38:20,125] {processor.py:163} INFO - Started process (PID=276) to work on /home/airflow/.local/lib/python3.7/site-packages/airflow/example_dags/example_nested_branch_dag.py
[2022-02-19 13:38:20,127] {processor.py:642} INFO - Processing file /home/airflow/.local/lib/python3.7/site-packages/airflow/example_dags/example_nested_branch_dag.py for tasks to queue
[2022-02-19 13:38:20,128] {logging_mixin.py:109} INFO - [2022-02-19 13:38:20,128] {dagbag.py:500} INFO - Filling up the DagBag from /home/airflow/.local/lib/python3.7/site-packages/airflow/example_dags/example_nested_branch_dag.py
[2022-02-19 13:38:20,162] {processor.py:654} INFO - DAG(s) dict_keys(['example_nested_branch_dag']) retrieved from /home/airflow/.local/lib/python3.7/site-packages/airflow/example_dags/example_nested_branch_dag.py
[2022-02-19 13:38:20,172] {logging_mixin.py:109} INFO - [2022-02-19 13:38:20,172] {dag.py:2396} INFO - Sync 1 DAGs
[2022-02-19 13:38:20,189] {logging_mixin.py:109} INFO - [2022-02-19 13:38:20,189] {dag.py:2935} INFO - Setting next_dagrun for example_nested_branch_dag to 2022-02-18 00:00:00+00:00
[2022-02-19 13:38:20,197] {processor.py:171} INFO - Processing /home/airflow/.local/lib/python3.7/site-packages/airflow/example_dags/example_nested_branch_dag.py took 0.076 seconds
[2022-02-19 13:38:50,354] {processor.py:163} INFO - Started process (PID=335) to work on /home/airflow/.local/lib/python3.7/site-packages/airflow/example_dags/example_nested_branch_dag.py
[2022-02-19 13:38:50,356] {processor.py:642} INFO - Processing file /home/airflow/.local/lib/python3.7/site-packages/airflow/example_dags/example_nested_branch_dag.py for tasks to queue
[2022-02-19 13:38:50,358] {logging_mixin.py:109} INFO - [2022-02-19 13:38:50,358] {dagbag.py:500} INFO - Filling up the DagBag from /home/airflow/.local/lib/python3.7/site-packages/airflow/example_dags/example_nested_branch_dag.py
[2022-02-19 13:38:50,406] {processor.py:654} INFO - DAG(s) dict_keys(['example_nested_branch_dag']) retrieved from /home/airflow/.local/lib/python3.7/site-packages/airflow/example_dags/example_nested_branch_dag.py
[2022-02-19 13:38:50,418] {logging_mixin.py:109} INFO - [2022-02-19 13:38:50,418] {dag.py:2396} INFO - Sync 1 DAGs
[2022-02-19 13:38:50,434] {logging_mixin.py:109} INFO - [2022-02-19 13:38:50,434] {dag.py:2935} INFO - Setting next_dagrun for example_nested_branch_dag to 2022-02-18 00:00:00+00:00
[2022-02-19 13:38:50,443] {processor.py:171} INFO - Processing /home/airflow/.local/lib/python3.7/site-packages/airflow/example_dags/example_nested_branch_dag.py took 0.093 seconds
[2022-02-19 13:39:20,923] {processor.py:163} INFO - Started process (PID=386) to work on /home/airflow/.local/lib/python3.7/site-packages/airflow/example_dags/example_nested_branch_dag.py
[2022-02-19 13:39:20,925] {processor.py:642} INFO - Processing file /home/airflow/.local/lib/python3.7/site-packages/airflow/example_dags/example_nested_branch_dag.py for tasks to queue
[2022-02-19 13:39:20,926] {logging_mixin.py:109} INFO - [2022-02-19 13:39:20,926] {dagbag.py:500} INFO - Filling up the DagBag from /home/airflow/.local/lib/python3.7/site-packages/airflow/example_dags/example_nested_branch_dag.py
[2022-02-19 13:39:20,955] {processor.py:654} INFO - DAG(s) dict_keys(['example_nested_branch_dag']) retrieved from /home/airflow/.local/lib/python3.7/site-packages/airflow/example_dags/example_nested_branch_dag.py
[2022-02-19 13:39:20,965] {logging_mixin.py:109} INFO - [2022-02-19 13:39:20,965] {dag.py:2396} INFO - Sync 1 DAGs
[2022-02-19 13:39:20,982] {logging_mixin.py:109} INFO - [2022-02-19 13:39:20,982] {dag.py:2935} INFO - Setting next_dagrun for example_nested_branch_dag to 2022-02-18 00:00:00+00:00
[2022-02-19 13:39:20,991] {processor.py:171} INFO - Processing /home/airflow/.local/lib/python3.7/site-packages/airflow/example_dags/example_nested_branch_dag.py took 0.072 seconds
[2022-02-19 13:39:52,165] {processor.py:163} INFO - Started process (PID=447) to work on /home/airflow/.local/lib/python3.7/site-packages/airflow/example_dags/example_nested_branch_dag.py
[2022-02-19 13:39:52,169] {processor.py:642} INFO - Processing file /home/airflow/.local/lib/python3.7/site-packages/airflow/example_dags/example_nested_branch_dag.py for tasks to queue
[2022-02-19 13:39:52,175] {logging_mixin.py:109} INFO - [2022-02-19 13:39:52,175] {dagbag.py:500} INFO - Filling up the DagBag from /home/airflow/.local/lib/python3.7/site-packages/airflow/example_dags/example_nested_branch_dag.py
[2022-02-19 13:39:52,226] {processor.py:654} INFO - DAG(s) dict_keys(['example_nested_branch_dag']) retrieved from /home/airflow/.local/lib/python3.7/site-packages/airflow/example_dags/example_nested_branch_dag.py
[2022-02-19 13:39:52,239] {logging_mixin.py:109} INFO - [2022-02-19 13:39:52,239] {dag.py:2396} INFO - Sync 1 DAGs
[2022-02-19 13:39:52,261] {logging_mixin.py:109} INFO - [2022-02-19 13:39:52,261] {dag.py:2935} INFO - Setting next_dagrun for example_nested_branch_dag to 2022-02-18 00:00:00+00:00
[2022-02-19 13:39:52,272] {processor.py:171} INFO - Processing /home/airflow/.local/lib/python3.7/site-packages/airflow/example_dags/example_nested_branch_dag.py took 0.111 seconds
[2022-02-19 13:40:23,316] {processor.py:163} INFO - Started process (PID=497) to work on /home/airflow/.local/lib/python3.7/site-packages/airflow/example_dags/example_nested_branch_dag.py
[2022-02-19 13:40:23,317] {processor.py:642} INFO - Processing file /home/airflow/.local/lib/python3.7/site-packages/airflow/example_dags/example_nested_branch_dag.py for tasks to queue
[2022-02-19 13:40:23,318] {logging_mixin.py:109} INFO - [2022-02-19 13:40:23,318] {dagbag.py:500} INFO - Filling up the DagBag from /home/airflow/.local/lib/python3.7/site-packages/airflow/example_dags/example_nested_branch_dag.py
[2022-02-19 13:40:23,359] {processor.py:654} INFO - DAG(s) dict_keys(['example_nested_branch_dag']) retrieved from /home/airflow/.local/lib/python3.7/site-packages/airflow/example_dags/example_nested_branch_dag.py
[2022-02-19 13:40:23,377] {logging_mixin.py:109} INFO - [2022-02-19 13:40:23,377] {dag.py:2396} INFO - Sync 1 DAGs
[2022-02-19 13:40:23,397] {logging_mixin.py:109} INFO - [2022-02-19 13:40:23,397] {dag.py:2935} INFO - Setting next_dagrun for example_nested_branch_dag to 2022-02-18 00:00:00+00:00
[2022-02-19 13:40:23,408] {processor.py:171} INFO - Processing /home/airflow/.local/lib/python3.7/site-packages/airflow/example_dags/example_nested_branch_dag.py took 0.096 seconds
[2022-02-19 13:40:53,809] {processor.py:163} INFO - Started process (PID=558) to work on /home/airflow/.local/lib/python3.7/site-packages/airflow/example_dags/example_nested_branch_dag.py
[2022-02-19 13:40:53,812] {processor.py:642} INFO - Processing file /home/airflow/.local/lib/python3.7/site-packages/airflow/example_dags/example_nested_branch_dag.py for tasks to queue
[2022-02-19 13:40:53,814] {logging_mixin.py:109} INFO - [2022-02-19 13:40:53,814] {dagbag.py:500} INFO - Filling up the DagBag from /home/airflow/.local/lib/python3.7/site-packages/airflow/example_dags/example_nested_branch_dag.py
[2022-02-19 13:40:53,858] {processor.py:654} INFO - DAG(s) dict_keys(['example_nested_branch_dag']) retrieved from /home/airflow/.local/lib/python3.7/site-packages/airflow/example_dags/example_nested_branch_dag.py
[2022-02-19 13:40:53,869] {logging_mixin.py:109} INFO - [2022-02-19 13:40:53,869] {dag.py:2396} INFO - Sync 1 DAGs
[2022-02-19 13:40:53,885] {logging_mixin.py:109} INFO - [2022-02-19 13:40:53,885] {dag.py:2935} INFO - Setting next_dagrun for example_nested_branch_dag to 2022-02-18 00:00:00+00:00
[2022-02-19 13:40:53,895] {processor.py:171} INFO - Processing /home/airflow/.local/lib/python3.7/site-packages/airflow/example_dags/example_nested_branch_dag.py took 0.095 seconds
[2022-02-19 13:41:38,654] {processor.py:163} INFO - Started process (PID=611) to work on /home/airflow/.local/lib/python3.7/site-packages/airflow/example_dags/example_nested_branch_dag.py
[2022-02-19 13:41:38,656] {processor.py:642} INFO - Processing file /home/airflow/.local/lib/python3.7/site-packages/airflow/example_dags/example_nested_branch_dag.py for tasks to queue
[2022-02-19 13:41:38,658] {logging_mixin.py:109} INFO - [2022-02-19 13:41:38,657] {dagbag.py:500} INFO - Filling up the DagBag from /home/airflow/.local/lib/python3.7/site-packages/airflow/example_dags/example_nested_branch_dag.py
[2022-02-19 13:41:38,699] {processor.py:654} INFO - DAG(s) dict_keys(['example_nested_branch_dag']) retrieved from /home/airflow/.local/lib/python3.7/site-packages/airflow/example_dags/example_nested_branch_dag.py
[2022-02-19 13:41:38,713] {logging_mixin.py:109} INFO - [2022-02-19 13:41:38,713] {dag.py:2396} INFO - Sync 1 DAGs
[2022-02-19 13:41:38,739] {logging_mixin.py:109} INFO - [2022-02-19 13:41:38,739] {dag.py:2935} INFO - Setting next_dagrun for example_nested_branch_dag to 2022-02-18 00:00:00+00:00
[2022-02-19 13:41:38,748] {processor.py:171} INFO - Processing /home/airflow/.local/lib/python3.7/site-packages/airflow/example_dags/example_nested_branch_dag.py took 0.100 seconds
[2022-02-19 13:43:00,070] {processor.py:163} INFO - Started process (PID=681) to work on /home/airflow/.local/lib/python3.7/site-packages/airflow/example_dags/example_nested_branch_dag.py
[2022-02-19 13:43:00,143] {processor.py:642} INFO - Processing file /home/airflow/.local/lib/python3.7/site-packages/airflow/example_dags/example_nested_branch_dag.py for tasks to queue
[2022-02-19 13:43:00,351] {logging_mixin.py:109} INFO - [2022-02-19 13:43:00,233] {dagbag.py:500} INFO - Filling up the DagBag from /home/airflow/.local/lib/python3.7/site-packages/airflow/example_dags/example_nested_branch_dag.py
[2022-02-19 13:43:15,163] {processor.py:654} INFO - DAG(s) dict_keys(['example_nested_branch_dag']) retrieved from /home/airflow/.local/lib/python3.7/site-packages/airflow/example_dags/example_nested_branch_dag.py
[2022-02-19 13:43:15,506] {logging_mixin.py:109} INFO - [2022-02-19 13:43:15,506] {dag.py:2396} INFO - Sync 1 DAGs
[2022-02-19 13:43:15,665] {logging_mixin.py:109} INFO - [2022-02-19 13:43:15,665] {dag.py:2935} INFO - Setting next_dagrun for example_nested_branch_dag to 2022-02-18 00:00:00+00:00
[2022-02-19 13:43:15,689] {processor.py:171} INFO - Processing /home/airflow/.local/lib/python3.7/site-packages/airflow/example_dags/example_nested_branch_dag.py took 15.996 seconds
[2022-02-19 13:52:59,661] {processor.py:163} INFO - Started process (PID=52) to work on /home/airflow/.local/lib/python3.7/site-packages/airflow/example_dags/example_nested_branch_dag.py
[2022-02-19 13:52:59,667] {processor.py:642} INFO - Processing file /home/airflow/.local/lib/python3.7/site-packages/airflow/example_dags/example_nested_branch_dag.py for tasks to queue
[2022-02-19 13:52:59,670] {logging_mixin.py:109} INFO - [2022-02-19 13:52:59,670] {dagbag.py:500} INFO - Filling up the DagBag from /home/airflow/.local/lib/python3.7/site-packages/airflow/example_dags/example_nested_branch_dag.py
[2022-02-19 13:52:59,787] {processor.py:654} INFO - DAG(s) dict_keys(['example_nested_branch_dag']) retrieved from /home/airflow/.local/lib/python3.7/site-packages/airflow/example_dags/example_nested_branch_dag.py
[2022-02-19 13:52:59,812] {logging_mixin.py:109} INFO - [2022-02-19 13:52:59,812] {dag.py:2396} INFO - Sync 1 DAGs
[2022-02-19 13:52:59,858] {logging_mixin.py:109} INFO - [2022-02-19 13:52:59,857] {dag.py:2935} INFO - Setting next_dagrun for example_nested_branch_dag to 2022-02-18 00:00:00+00:00
[2022-02-19 13:52:59,897] {processor.py:171} INFO - Processing /home/airflow/.local/lib/python3.7/site-packages/airflow/example_dags/example_nested_branch_dag.py took 0.254 seconds
[2022-02-19 13:53:32,123] {processor.py:163} INFO - Started process (PID=93) to work on /home/airflow/.local/lib/python3.7/site-packages/airflow/example_dags/example_nested_branch_dag.py
[2022-02-19 13:53:32,128] {processor.py:642} INFO - Processing file /home/airflow/.local/lib/python3.7/site-packages/airflow/example_dags/example_nested_branch_dag.py for tasks to queue
[2022-02-19 13:53:32,144] {logging_mixin.py:109} INFO - [2022-02-19 13:53:32,144] {dagbag.py:500} INFO - Filling up the DagBag from /home/airflow/.local/lib/python3.7/site-packages/airflow/example_dags/example_nested_branch_dag.py
[2022-02-19 13:53:32,503] {processor.py:654} INFO - DAG(s) dict_keys(['example_nested_branch_dag']) retrieved from /home/airflow/.local/lib/python3.7/site-packages/airflow/example_dags/example_nested_branch_dag.py
[2022-02-19 13:53:32,545] {logging_mixin.py:109} INFO - [2022-02-19 13:53:32,544] {dag.py:2396} INFO - Sync 1 DAGs
[2022-02-19 13:53:32,582] {logging_mixin.py:109} INFO - [2022-02-19 13:53:32,582] {dag.py:2935} INFO - Setting next_dagrun for example_nested_branch_dag to 2022-02-18 00:00:00+00:00
[2022-02-19 13:53:32,743] {processor.py:171} INFO - Processing /home/airflow/.local/lib/python3.7/site-packages/airflow/example_dags/example_nested_branch_dag.py took 0.642 seconds
[2022-02-19 13:57:48,487] {processor.py:163} INFO - Started process (PID=61) to work on /home/airflow/.local/lib/python3.7/site-packages/airflow/example_dags/example_nested_branch_dag.py
[2022-02-19 13:57:48,491] {processor.py:642} INFO - Processing file /home/airflow/.local/lib/python3.7/site-packages/airflow/example_dags/example_nested_branch_dag.py for tasks to queue
[2022-02-19 13:57:48,493] {logging_mixin.py:109} INFO - [2022-02-19 13:57:48,493] {dagbag.py:500} INFO - Filling up the DagBag from /home/airflow/.local/lib/python3.7/site-packages/airflow/example_dags/example_nested_branch_dag.py
[2022-02-19 13:57:48,573] {processor.py:654} INFO - DAG(s) dict_keys(['example_nested_branch_dag']) retrieved from /home/airflow/.local/lib/python3.7/site-packages/airflow/example_dags/example_nested_branch_dag.py
[2022-02-19 13:57:48,618] {logging_mixin.py:109} INFO - [2022-02-19 13:57:48,618] {dag.py:2396} INFO - Sync 1 DAGs
[2022-02-19 13:57:48,659] {logging_mixin.py:109} INFO - [2022-02-19 13:57:48,659] {dag.py:2935} INFO - Setting next_dagrun for example_nested_branch_dag to 2022-02-18 00:00:00+00:00
[2022-02-19 13:57:48,707] {processor.py:171} INFO - Processing /home/airflow/.local/lib/python3.7/site-packages/airflow/example_dags/example_nested_branch_dag.py took 0.240 seconds
[2022-02-19 14:01:30,126] {processor.py:163} INFO - Started process (PID=179) to work on /home/airflow/.local/lib/python3.7/site-packages/airflow/example_dags/example_nested_branch_dag.py
[2022-02-19 14:01:30,129] {processor.py:642} INFO - Processing file /home/airflow/.local/lib/python3.7/site-packages/airflow/example_dags/example_nested_branch_dag.py for tasks to queue
[2022-02-19 14:01:30,135] {logging_mixin.py:109} INFO - [2022-02-19 14:01:30,134] {dagbag.py:500} INFO - Filling up the DagBag from /home/airflow/.local/lib/python3.7/site-packages/airflow/example_dags/example_nested_branch_dag.py
[2022-02-19 14:01:30,248] {processor.py:654} INFO - DAG(s) dict_keys(['example_nested_branch_dag']) retrieved from /home/airflow/.local/lib/python3.7/site-packages/airflow/example_dags/example_nested_branch_dag.py
[2022-02-19 14:01:30,285] {logging_mixin.py:109} INFO - [2022-02-19 14:01:30,284] {dag.py:2396} INFO - Sync 1 DAGs
[2022-02-19 14:01:30,316] {logging_mixin.py:109} INFO - [2022-02-19 14:01:30,316] {dag.py:2935} INFO - Setting next_dagrun for example_nested_branch_dag to 2022-02-18 00:00:00+00:00
[2022-02-19 14:01:30,356] {processor.py:171} INFO - Processing /home/airflow/.local/lib/python3.7/site-packages/airflow/example_dags/example_nested_branch_dag.py took 0.244 seconds
[2022-02-19 14:02:01,031] {processor.py:163} INFO - Started process (PID=231) to work on /home/airflow/.local/lib/python3.7/site-packages/airflow/example_dags/example_nested_branch_dag.py
[2022-02-19 14:02:01,034] {processor.py:642} INFO - Processing file /home/airflow/.local/lib/python3.7/site-packages/airflow/example_dags/example_nested_branch_dag.py for tasks to queue
[2022-02-19 14:02:01,036] {logging_mixin.py:109} INFO - [2022-02-19 14:02:01,036] {dagbag.py:500} INFO - Filling up the DagBag from /home/airflow/.local/lib/python3.7/site-packages/airflow/example_dags/example_nested_branch_dag.py
[2022-02-19 14:02:01,122] {processor.py:654} INFO - DAG(s) dict_keys(['example_nested_branch_dag']) retrieved from /home/airflow/.local/lib/python3.7/site-packages/airflow/example_dags/example_nested_branch_dag.py
[2022-02-19 14:02:01,142] {logging_mixin.py:109} INFO - [2022-02-19 14:02:01,142] {dag.py:2396} INFO - Sync 1 DAGs
[2022-02-19 14:02:01,176] {logging_mixin.py:109} INFO - [2022-02-19 14:02:01,176] {dag.py:2935} INFO - Setting next_dagrun for example_nested_branch_dag to 2022-02-18 00:00:00+00:00
[2022-02-19 14:02:01,197] {processor.py:171} INFO - Processing /home/airflow/.local/lib/python3.7/site-packages/airflow/example_dags/example_nested_branch_dag.py took 0.180 seconds
[2022-02-19 14:03:44,709] {processor.py:163} INFO - Started process (PID=317) to work on /home/airflow/.local/lib/python3.7/site-packages/airflow/example_dags/example_nested_branch_dag.py
[2022-02-19 14:03:44,717] {processor.py:642} INFO - Processing file /home/airflow/.local/lib/python3.7/site-packages/airflow/example_dags/example_nested_branch_dag.py for tasks to queue
[2022-02-19 14:03:44,725] {logging_mixin.py:109} INFO - [2022-02-19 14:03:44,724] {dagbag.py:500} INFO - Filling up the DagBag from /home/airflow/.local/lib/python3.7/site-packages/airflow/example_dags/example_nested_branch_dag.py
[2022-02-19 14:03:56,816] {processor.py:654} INFO - DAG(s) dict_keys(['example_nested_branch_dag']) retrieved from /home/airflow/.local/lib/python3.7/site-packages/airflow/example_dags/example_nested_branch_dag.py
[2022-02-19 14:03:57,557] {logging_mixin.py:109} INFO - [2022-02-19 14:03:57,553] {dag.py:2396} INFO - Sync 1 DAGs
[2022-02-19 14:03:58,020] {logging_mixin.py:109} INFO - [2022-02-19 14:03:58,020] {dag.py:2935} INFO - Setting next_dagrun for example_nested_branch_dag to 2022-02-18 00:00:00+00:00
[2022-02-19 14:03:58,202] {processor.py:171} INFO - Processing /home/airflow/.local/lib/python3.7/site-packages/airflow/example_dags/example_nested_branch_dag.py took 13.666 seconds
[2022-02-19 14:06:57,971] {processor.py:163} INFO - Started process (PID=63) to work on /home/airflow/.local/lib/python3.7/site-packages/airflow/example_dags/example_nested_branch_dag.py
[2022-02-19 14:06:57,982] {processor.py:642} INFO - Processing file /home/airflow/.local/lib/python3.7/site-packages/airflow/example_dags/example_nested_branch_dag.py for tasks to queue
[2022-02-19 14:06:57,989] {logging_mixin.py:109} INFO - [2022-02-19 14:06:57,988] {dagbag.py:500} INFO - Filling up the DagBag from /home/airflow/.local/lib/python3.7/site-packages/airflow/example_dags/example_nested_branch_dag.py
[2022-02-19 14:06:58,110] {processor.py:654} INFO - DAG(s) dict_keys(['example_nested_branch_dag']) retrieved from /home/airflow/.local/lib/python3.7/site-packages/airflow/example_dags/example_nested_branch_dag.py
[2022-02-19 14:06:58,396] {logging_mixin.py:109} INFO - [2022-02-19 14:06:58,396] {dag.py:2396} INFO - Sync 1 DAGs
[2022-02-19 14:06:58,491] {logging_mixin.py:109} INFO - [2022-02-19 14:06:58,490] {dag.py:2935} INFO - Setting next_dagrun for example_nested_branch_dag to 2022-02-18 00:00:00+00:00
[2022-02-19 14:06:58,520] {processor.py:171} INFO - Processing /home/airflow/.local/lib/python3.7/site-packages/airflow/example_dags/example_nested_branch_dag.py took 0.567 seconds
[2022-02-19 14:15:42,075] {processor.py:163} INFO - Started process (PID=138) to work on /home/airflow/.local/lib/python3.7/site-packages/airflow/example_dags/example_nested_branch_dag.py
[2022-02-19 14:15:42,087] {processor.py:642} INFO - Processing file /home/airflow/.local/lib/python3.7/site-packages/airflow/example_dags/example_nested_branch_dag.py for tasks to queue
[2022-02-19 14:15:42,094] {logging_mixin.py:109} INFO - [2022-02-19 14:15:42,093] {dagbag.py:500} INFO - Filling up the DagBag from /home/airflow/.local/lib/python3.7/site-packages/airflow/example_dags/example_nested_branch_dag.py
[2022-02-19 14:15:42,665] {processor.py:654} INFO - DAG(s) dict_keys(['example_nested_branch_dag']) retrieved from /home/airflow/.local/lib/python3.7/site-packages/airflow/example_dags/example_nested_branch_dag.py
[2022-02-19 14:15:42,882] {logging_mixin.py:109} INFO - [2022-02-19 14:15:42,881] {dag.py:2396} INFO - Sync 1 DAGs
[2022-02-19 14:15:43,539] {logging_mixin.py:109} INFO - [2022-02-19 14:15:43,538] {dag.py:2935} INFO - Setting next_dagrun for example_nested_branch_dag to 2022-02-18 00:00:00+00:00
[2022-02-19 14:15:43,897] {processor.py:171} INFO - Processing /home/airflow/.local/lib/python3.7/site-packages/airflow/example_dags/example_nested_branch_dag.py took 1.865 seconds
[2022-02-19 14:16:14,265] {processor.py:163} INFO - Started process (PID=188) to work on /home/airflow/.local/lib/python3.7/site-packages/airflow/example_dags/example_nested_branch_dag.py
[2022-02-19 14:16:14,269] {processor.py:642} INFO - Processing file /home/airflow/.local/lib/python3.7/site-packages/airflow/example_dags/example_nested_branch_dag.py for tasks to queue
[2022-02-19 14:16:14,277] {logging_mixin.py:109} INFO - [2022-02-19 14:16:14,277] {dagbag.py:500} INFO - Filling up the DagBag from /home/airflow/.local/lib/python3.7/site-packages/airflow/example_dags/example_nested_branch_dag.py
[2022-02-19 14:16:14,491] {processor.py:654} INFO - DAG(s) dict_keys(['example_nested_branch_dag']) retrieved from /home/airflow/.local/lib/python3.7/site-packages/airflow/example_dags/example_nested_branch_dag.py
[2022-02-19 14:16:14,520] {logging_mixin.py:109} INFO - [2022-02-19 14:16:14,520] {dag.py:2396} INFO - Sync 1 DAGs
[2022-02-19 14:16:14,578] {logging_mixin.py:109} INFO - [2022-02-19 14:16:14,578] {dag.py:2935} INFO - Setting next_dagrun for example_nested_branch_dag to 2022-02-18 00:00:00+00:00
[2022-02-19 14:16:14,626] {processor.py:171} INFO - Processing /home/airflow/.local/lib/python3.7/site-packages/airflow/example_dags/example_nested_branch_dag.py took 0.378 seconds
[2022-02-19 14:20:57,685] {processor.py:163} INFO - Started process (PID=60) to work on /home/airflow/.local/lib/python3.7/site-packages/airflow/example_dags/example_nested_branch_dag.py
[2022-02-19 14:20:57,690] {processor.py:642} INFO - Processing file /home/airflow/.local/lib/python3.7/site-packages/airflow/example_dags/example_nested_branch_dag.py for tasks to queue
[2022-02-19 14:20:57,696] {logging_mixin.py:109} INFO - [2022-02-19 14:20:57,692] {dagbag.py:500} INFO - Filling up the DagBag from /home/airflow/.local/lib/python3.7/site-packages/airflow/example_dags/example_nested_branch_dag.py
[2022-02-19 14:20:57,918] {processor.py:654} INFO - DAG(s) dict_keys(['example_nested_branch_dag']) retrieved from /home/airflow/.local/lib/python3.7/site-packages/airflow/example_dags/example_nested_branch_dag.py
[2022-02-19 14:20:57,957] {logging_mixin.py:109} INFO - [2022-02-19 14:20:57,957] {dag.py:2396} INFO - Sync 1 DAGs
[2022-02-19 14:20:58,031] {logging_mixin.py:109} INFO - [2022-02-19 14:20:58,031] {dag.py:2935} INFO - Setting next_dagrun for example_nested_branch_dag to 2022-02-18 00:00:00+00:00
[2022-02-19 14:20:58,066] {processor.py:171} INFO - Processing /home/airflow/.local/lib/python3.7/site-packages/airflow/example_dags/example_nested_branch_dag.py took 0.433 seconds
[2022-02-19 14:22:17,530] {processor.py:163} INFO - Started process (PID=113) to work on /home/airflow/.local/lib/python3.7/site-packages/airflow/example_dags/example_nested_branch_dag.py
[2022-02-19 14:22:17,547] {processor.py:642} INFO - Processing file /home/airflow/.local/lib/python3.7/site-packages/airflow/example_dags/example_nested_branch_dag.py for tasks to queue
[2022-02-19 14:22:17,550] {logging_mixin.py:109} INFO - [2022-02-19 14:22:17,550] {dagbag.py:500} INFO - Filling up the DagBag from /home/airflow/.local/lib/python3.7/site-packages/airflow/example_dags/example_nested_branch_dag.py
[2022-02-19 14:22:17,807] {processor.py:654} INFO - DAG(s) dict_keys(['example_nested_branch_dag']) retrieved from /home/airflow/.local/lib/python3.7/site-packages/airflow/example_dags/example_nested_branch_dag.py
[2022-02-19 14:22:17,864] {logging_mixin.py:109} INFO - [2022-02-19 14:22:17,864] {dag.py:2396} INFO - Sync 1 DAGs
[2022-02-19 14:22:17,957] {logging_mixin.py:109} INFO - [2022-02-19 14:22:17,956] {dag.py:2935} INFO - Setting next_dagrun for example_nested_branch_dag to 2022-02-18 00:00:00+00:00
[2022-02-19 14:22:17,998] {processor.py:171} INFO - Processing /home/airflow/.local/lib/python3.7/site-packages/airflow/example_dags/example_nested_branch_dag.py took 0.492 seconds
[2022-02-19 14:26:59,846] {processor.py:163} INFO - Started process (PID=62) to work on /home/airflow/.local/lib/python3.7/site-packages/airflow/example_dags/example_nested_branch_dag.py
[2022-02-19 14:26:59,850] {processor.py:642} INFO - Processing file /home/airflow/.local/lib/python3.7/site-packages/airflow/example_dags/example_nested_branch_dag.py for tasks to queue
[2022-02-19 14:26:59,862] {logging_mixin.py:109} INFO - [2022-02-19 14:26:59,862] {dagbag.py:500} INFO - Filling up the DagBag from /home/airflow/.local/lib/python3.7/site-packages/airflow/example_dags/example_nested_branch_dag.py
[2022-02-19 14:27:00,046] {processor.py:654} INFO - DAG(s) dict_keys(['example_nested_branch_dag']) retrieved from /home/airflow/.local/lib/python3.7/site-packages/airflow/example_dags/example_nested_branch_dag.py
[2022-02-19 14:27:00,115] {logging_mixin.py:109} INFO - [2022-02-19 14:27:00,115] {dag.py:2396} INFO - Sync 1 DAGs
[2022-02-19 14:27:00,185] {logging_mixin.py:109} INFO - [2022-02-19 14:27:00,185] {dag.py:2935} INFO - Setting next_dagrun for example_nested_branch_dag to 2022-02-18 00:00:00+00:00
[2022-02-19 14:27:00,262] {processor.py:171} INFO - Processing /home/airflow/.local/lib/python3.7/site-packages/airflow/example_dags/example_nested_branch_dag.py took 0.452 seconds
