[2022-02-19 13:18:26,000] {processor.py:163} INFO - Started process (PID=63) to work on /home/airflow/.local/lib/python3.7/site-packages/airflow/example_dags/example_python_operator.py
[2022-02-19 13:18:26,015] {processor.py:642} INFO - Processing file /home/airflow/.local/lib/python3.7/site-packages/airflow/example_dags/example_python_operator.py for tasks to queue
[2022-02-19 13:18:26,033] {logging_mixin.py:109} INFO - [2022-02-19 13:18:26,030] {dagbag.py:500} INFO - Filling up the DagBag from /home/airflow/.local/lib/python3.7/site-packages/airflow/example_dags/example_python_operator.py
[2022-02-19 13:18:32,350] {processor.py:654} INFO - DAG(s) dict_keys(['example_python_operator']) retrieved from /home/airflow/.local/lib/python3.7/site-packages/airflow/example_dags/example_python_operator.py
[2022-02-19 13:20:54,853] {processor.py:163} INFO - Started process (PID=159) to work on /home/airflow/.local/lib/python3.7/site-packages/airflow/example_dags/example_python_operator.py
[2022-02-19 13:20:54,858] {processor.py:642} INFO - Processing file /home/airflow/.local/lib/python3.7/site-packages/airflow/example_dags/example_python_operator.py for tasks to queue
[2022-02-19 13:20:54,873] {logging_mixin.py:109} INFO - [2022-02-19 13:20:54,870] {dagbag.py:500} INFO - Filling up the DagBag from /home/airflow/.local/lib/python3.7/site-packages/airflow/example_dags/example_python_operator.py
[2022-02-19 13:20:55,047] {processor.py:654} INFO - DAG(s) dict_keys(['example_python_operator']) retrieved from /home/airflow/.local/lib/python3.7/site-packages/airflow/example_dags/example_python_operator.py
[2022-02-19 13:25:25,454] {processor.py:163} INFO - Started process (PID=456) to work on /home/airflow/.local/lib/python3.7/site-packages/airflow/example_dags/example_python_operator.py
[2022-02-19 13:25:25,466] {processor.py:642} INFO - Processing file /home/airflow/.local/lib/python3.7/site-packages/airflow/example_dags/example_python_operator.py for tasks to queue
[2022-02-19 13:25:25,476] {logging_mixin.py:109} INFO - [2022-02-19 13:25:25,476] {dagbag.py:500} INFO - Filling up the DagBag from /home/airflow/.local/lib/python3.7/site-packages/airflow/example_dags/example_python_operator.py
[2022-02-19 13:25:25,939] {processor.py:654} INFO - DAG(s) dict_keys(['example_python_operator']) retrieved from /home/airflow/.local/lib/python3.7/site-packages/airflow/example_dags/example_python_operator.py
[2022-02-19 13:27:06,889] {processor.py:163} INFO - Started process (PID=549) to work on /home/airflow/.local/lib/python3.7/site-packages/airflow/example_dags/example_python_operator.py
[2022-02-19 13:27:06,891] {processor.py:642} INFO - Processing file /home/airflow/.local/lib/python3.7/site-packages/airflow/example_dags/example_python_operator.py for tasks to queue
[2022-02-19 13:27:06,893] {logging_mixin.py:109} INFO - [2022-02-19 13:27:06,893] {dagbag.py:500} INFO - Filling up the DagBag from /home/airflow/.local/lib/python3.7/site-packages/airflow/example_dags/example_python_operator.py
[2022-02-19 13:27:06,955] {processor.py:654} INFO - DAG(s) dict_keys(['example_python_operator']) retrieved from /home/airflow/.local/lib/python3.7/site-packages/airflow/example_dags/example_python_operator.py
[2022-02-19 13:29:56,406] {processor.py:163} INFO - Started process (PID=737) to work on /home/airflow/.local/lib/python3.7/site-packages/airflow/example_dags/example_python_operator.py
[2022-02-19 13:29:56,408] {processor.py:642} INFO - Processing file /home/airflow/.local/lib/python3.7/site-packages/airflow/example_dags/example_python_operator.py for tasks to queue
[2022-02-19 13:29:56,410] {logging_mixin.py:109} INFO - [2022-02-19 13:29:56,410] {dagbag.py:500} INFO - Filling up the DagBag from /home/airflow/.local/lib/python3.7/site-packages/airflow/example_dags/example_python_operator.py
[2022-02-19 13:29:56,452] {processor.py:654} INFO - DAG(s) dict_keys(['example_python_operator']) retrieved from /home/airflow/.local/lib/python3.7/site-packages/airflow/example_dags/example_python_operator.py
[2022-02-19 13:35:56,713] {processor.py:163} INFO - Started process (PID=41) to work on /home/airflow/.local/lib/python3.7/site-packages/airflow/example_dags/example_python_operator.py
[2022-02-19 13:35:56,717] {processor.py:642} INFO - Processing file /home/airflow/.local/lib/python3.7/site-packages/airflow/example_dags/example_python_operator.py for tasks to queue
[2022-02-19 13:35:56,720] {logging_mixin.py:109} INFO - [2022-02-19 13:35:56,720] {dagbag.py:500} INFO - Filling up the DagBag from /home/airflow/.local/lib/python3.7/site-packages/airflow/example_dags/example_python_operator.py
[2022-02-19 13:35:59,514] {processor.py:654} INFO - DAG(s) dict_keys(['example_python_operator']) retrieved from /home/airflow/.local/lib/python3.7/site-packages/airflow/example_dags/example_python_operator.py
[2022-02-19 13:37:38,782] {processor.py:163} INFO - Started process (PID=193) to work on /home/airflow/.local/lib/python3.7/site-packages/airflow/example_dags/example_python_operator.py
[2022-02-19 13:37:38,787] {processor.py:642} INFO - Processing file /home/airflow/.local/lib/python3.7/site-packages/airflow/example_dags/example_python_operator.py for tasks to queue
[2022-02-19 13:37:38,788] {logging_mixin.py:109} INFO - [2022-02-19 13:37:38,788] {dagbag.py:500} INFO - Filling up the DagBag from /home/airflow/.local/lib/python3.7/site-packages/airflow/example_dags/example_python_operator.py
[2022-02-19 13:37:38,891] {processor.py:654} INFO - DAG(s) dict_keys(['example_python_operator']) retrieved from /home/airflow/.local/lib/python3.7/site-packages/airflow/example_dags/example_python_operator.py
[2022-02-19 13:37:47,073] {logging_mixin.py:109} INFO - [2022-02-19 13:37:47,073] {manager.py:496} INFO - Created Permission View: can read on DAG:example_python_operator
[2022-02-19 13:37:47,086] {logging_mixin.py:109} INFO - [2022-02-19 13:37:47,086] {manager.py:496} INFO - Created Permission View: can edit on DAG:example_python_operator
[2022-02-19 13:37:47,089] {logging_mixin.py:109} INFO - [2022-02-19 13:37:47,089] {dag.py:2396} INFO - Sync 1 DAGs
[2022-02-19 13:37:47,107] {logging_mixin.py:109} INFO - [2022-02-19 13:37:47,107] {dag.py:2415} INFO - Creating ORM DAG for example_python_operator
[2022-02-19 13:37:47,137] {logging_mixin.py:109} INFO - [2022-02-19 13:37:47,137] {dag.py:2935} INFO - Setting next_dagrun for example_python_operator to None
[2022-02-19 13:37:47,185] {processor.py:171} INFO - Processing /home/airflow/.local/lib/python3.7/site-packages/airflow/example_dags/example_python_operator.py took 8.415 seconds
[2022-02-19 13:38:17,868] {processor.py:163} INFO - Started process (PID=265) to work on /home/airflow/.local/lib/python3.7/site-packages/airflow/example_dags/example_python_operator.py
[2022-02-19 13:38:17,870] {processor.py:642} INFO - Processing file /home/airflow/.local/lib/python3.7/site-packages/airflow/example_dags/example_python_operator.py for tasks to queue
[2022-02-19 13:38:17,873] {logging_mixin.py:109} INFO - [2022-02-19 13:38:17,872] {dagbag.py:500} INFO - Filling up the DagBag from /home/airflow/.local/lib/python3.7/site-packages/airflow/example_dags/example_python_operator.py
[2022-02-19 13:38:17,921] {processor.py:654} INFO - DAG(s) dict_keys(['example_python_operator']) retrieved from /home/airflow/.local/lib/python3.7/site-packages/airflow/example_dags/example_python_operator.py
[2022-02-19 13:38:17,937] {logging_mixin.py:109} INFO - [2022-02-19 13:38:17,937] {dag.py:2396} INFO - Sync 1 DAGs
[2022-02-19 13:38:17,951] {logging_mixin.py:109} INFO - [2022-02-19 13:38:17,951] {dag.py:2935} INFO - Setting next_dagrun for example_python_operator to None
[2022-02-19 13:38:17,961] {processor.py:171} INFO - Processing /home/airflow/.local/lib/python3.7/site-packages/airflow/example_dags/example_python_operator.py took 0.101 seconds
[2022-02-19 13:38:48,576] {processor.py:163} INFO - Started process (PID=324) to work on /home/airflow/.local/lib/python3.7/site-packages/airflow/example_dags/example_python_operator.py
[2022-02-19 13:38:48,578] {processor.py:642} INFO - Processing file /home/airflow/.local/lib/python3.7/site-packages/airflow/example_dags/example_python_operator.py for tasks to queue
[2022-02-19 13:38:48,579] {logging_mixin.py:109} INFO - [2022-02-19 13:38:48,579] {dagbag.py:500} INFO - Filling up the DagBag from /home/airflow/.local/lib/python3.7/site-packages/airflow/example_dags/example_python_operator.py
[2022-02-19 13:38:48,615] {processor.py:654} INFO - DAG(s) dict_keys(['example_python_operator']) retrieved from /home/airflow/.local/lib/python3.7/site-packages/airflow/example_dags/example_python_operator.py
[2022-02-19 13:38:48,625] {logging_mixin.py:109} INFO - [2022-02-19 13:38:48,625] {dag.py:2396} INFO - Sync 1 DAGs
[2022-02-19 13:38:48,640] {logging_mixin.py:109} INFO - [2022-02-19 13:38:48,639] {dag.py:2935} INFO - Setting next_dagrun for example_python_operator to None
[2022-02-19 13:38:48,648] {processor.py:171} INFO - Processing /home/airflow/.local/lib/python3.7/site-packages/airflow/example_dags/example_python_operator.py took 0.074 seconds
[2022-02-19 13:39:18,732] {processor.py:163} INFO - Started process (PID=375) to work on /home/airflow/.local/lib/python3.7/site-packages/airflow/example_dags/example_python_operator.py
[2022-02-19 13:39:18,734] {processor.py:642} INFO - Processing file /home/airflow/.local/lib/python3.7/site-packages/airflow/example_dags/example_python_operator.py for tasks to queue
[2022-02-19 13:39:18,736] {logging_mixin.py:109} INFO - [2022-02-19 13:39:18,735] {dagbag.py:500} INFO - Filling up the DagBag from /home/airflow/.local/lib/python3.7/site-packages/airflow/example_dags/example_python_operator.py
[2022-02-19 13:39:18,775] {processor.py:654} INFO - DAG(s) dict_keys(['example_python_operator']) retrieved from /home/airflow/.local/lib/python3.7/site-packages/airflow/example_dags/example_python_operator.py
[2022-02-19 13:39:18,788] {logging_mixin.py:109} INFO - [2022-02-19 13:39:18,788] {dag.py:2396} INFO - Sync 1 DAGs
[2022-02-19 13:39:18,807] {logging_mixin.py:109} INFO - [2022-02-19 13:39:18,807] {dag.py:2935} INFO - Setting next_dagrun for example_python_operator to None
[2022-02-19 13:39:18,875] {processor.py:171} INFO - Processing /home/airflow/.local/lib/python3.7/site-packages/airflow/example_dags/example_python_operator.py took 0.147 seconds
[2022-02-19 13:39:49,280] {processor.py:163} INFO - Started process (PID=436) to work on /home/airflow/.local/lib/python3.7/site-packages/airflow/example_dags/example_python_operator.py
[2022-02-19 13:39:49,283] {processor.py:642} INFO - Processing file /home/airflow/.local/lib/python3.7/site-packages/airflow/example_dags/example_python_operator.py for tasks to queue
[2022-02-19 13:39:49,284] {logging_mixin.py:109} INFO - [2022-02-19 13:39:49,284] {dagbag.py:500} INFO - Filling up the DagBag from /home/airflow/.local/lib/python3.7/site-packages/airflow/example_dags/example_python_operator.py
[2022-02-19 13:39:49,321] {processor.py:654} INFO - DAG(s) dict_keys(['example_python_operator']) retrieved from /home/airflow/.local/lib/python3.7/site-packages/airflow/example_dags/example_python_operator.py
[2022-02-19 13:39:49,337] {logging_mixin.py:109} INFO - [2022-02-19 13:39:49,336] {dag.py:2396} INFO - Sync 1 DAGs
[2022-02-19 13:39:49,353] {logging_mixin.py:109} INFO - [2022-02-19 13:39:49,352] {dag.py:2935} INFO - Setting next_dagrun for example_python_operator to None
[2022-02-19 13:39:49,361] {processor.py:171} INFO - Processing /home/airflow/.local/lib/python3.7/site-packages/airflow/example_dags/example_python_operator.py took 0.084 seconds
[2022-02-19 13:40:19,540] {processor.py:163} INFO - Started process (PID=486) to work on /home/airflow/.local/lib/python3.7/site-packages/airflow/example_dags/example_python_operator.py
[2022-02-19 13:40:19,542] {processor.py:642} INFO - Processing file /home/airflow/.local/lib/python3.7/site-packages/airflow/example_dags/example_python_operator.py for tasks to queue
[2022-02-19 13:40:19,543] {logging_mixin.py:109} INFO - [2022-02-19 13:40:19,543] {dagbag.py:500} INFO - Filling up the DagBag from /home/airflow/.local/lib/python3.7/site-packages/airflow/example_dags/example_python_operator.py
[2022-02-19 13:40:19,579] {processor.py:654} INFO - DAG(s) dict_keys(['example_python_operator']) retrieved from /home/airflow/.local/lib/python3.7/site-packages/airflow/example_dags/example_python_operator.py
[2022-02-19 13:40:19,589] {logging_mixin.py:109} INFO - [2022-02-19 13:40:19,589] {dag.py:2396} INFO - Sync 1 DAGs
[2022-02-19 13:40:19,607] {logging_mixin.py:109} INFO - [2022-02-19 13:40:19,606] {dag.py:2935} INFO - Setting next_dagrun for example_python_operator to None
[2022-02-19 13:40:19,620] {processor.py:171} INFO - Processing /home/airflow/.local/lib/python3.7/site-packages/airflow/example_dags/example_python_operator.py took 0.084 seconds
[2022-02-19 13:40:49,788] {processor.py:163} INFO - Started process (PID=547) to work on /home/airflow/.local/lib/python3.7/site-packages/airflow/example_dags/example_python_operator.py
[2022-02-19 13:40:49,790] {processor.py:642} INFO - Processing file /home/airflow/.local/lib/python3.7/site-packages/airflow/example_dags/example_python_operator.py for tasks to queue
[2022-02-19 13:40:49,791] {logging_mixin.py:109} INFO - [2022-02-19 13:40:49,791] {dagbag.py:500} INFO - Filling up the DagBag from /home/airflow/.local/lib/python3.7/site-packages/airflow/example_dags/example_python_operator.py
[2022-02-19 13:40:49,841] {processor.py:654} INFO - DAG(s) dict_keys(['example_python_operator']) retrieved from /home/airflow/.local/lib/python3.7/site-packages/airflow/example_dags/example_python_operator.py
[2022-02-19 13:40:49,854] {logging_mixin.py:109} INFO - [2022-02-19 13:40:49,854] {dag.py:2396} INFO - Sync 1 DAGs
[2022-02-19 13:40:49,870] {logging_mixin.py:109} INFO - [2022-02-19 13:40:49,870] {dag.py:2935} INFO - Setting next_dagrun for example_python_operator to None
[2022-02-19 13:40:49,879] {processor.py:171} INFO - Processing /home/airflow/.local/lib/python3.7/site-packages/airflow/example_dags/example_python_operator.py took 0.095 seconds
[2022-02-19 13:41:25,323] {processor.py:163} INFO - Started process (PID=600) to work on /home/airflow/.local/lib/python3.7/site-packages/airflow/example_dags/example_python_operator.py
[2022-02-19 13:41:25,340] {processor.py:642} INFO - Processing file /home/airflow/.local/lib/python3.7/site-packages/airflow/example_dags/example_python_operator.py for tasks to queue
[2022-02-19 13:41:25,355] {logging_mixin.py:109} INFO - [2022-02-19 13:41:25,350] {dagbag.py:500} INFO - Filling up the DagBag from /home/airflow/.local/lib/python3.7/site-packages/airflow/example_dags/example_python_operator.py
[2022-02-19 13:41:36,270] {processor.py:654} INFO - DAG(s) dict_keys(['example_python_operator']) retrieved from /home/airflow/.local/lib/python3.7/site-packages/airflow/example_dags/example_python_operator.py
[2022-02-19 13:41:36,405] {logging_mixin.py:109} INFO - [2022-02-19 13:41:36,404] {dag.py:2396} INFO - Sync 1 DAGs
[2022-02-19 13:41:36,465] {logging_mixin.py:109} INFO - [2022-02-19 13:41:36,465] {dag.py:2935} INFO - Setting next_dagrun for example_python_operator to None
[2022-02-19 13:41:36,521] {processor.py:171} INFO - Processing /home/airflow/.local/lib/python3.7/site-packages/airflow/example_dags/example_python_operator.py took 11.111 seconds
[2022-02-19 13:42:06,769] {processor.py:163} INFO - Started process (PID=652) to work on /home/airflow/.local/lib/python3.7/site-packages/airflow/example_dags/example_python_operator.py
[2022-02-19 13:42:06,776] {processor.py:642} INFO - Processing file /home/airflow/.local/lib/python3.7/site-packages/airflow/example_dags/example_python_operator.py for tasks to queue
[2022-02-19 13:42:06,788] {logging_mixin.py:109} INFO - [2022-02-19 13:42:06,787] {dagbag.py:500} INFO - Filling up the DagBag from /home/airflow/.local/lib/python3.7/site-packages/airflow/example_dags/example_python_operator.py
[2022-02-19 13:42:18,296] {processor.py:654} INFO - DAG(s) dict_keys(['example_python_operator']) retrieved from /home/airflow/.local/lib/python3.7/site-packages/airflow/example_dags/example_python_operator.py
[2022-02-19 13:42:18,403] {logging_mixin.py:109} INFO - [2022-02-19 13:42:18,401] {dag.py:2396} INFO - Sync 1 DAGs
[2022-02-19 13:42:18,627] {logging_mixin.py:109} INFO - [2022-02-19 13:42:18,627] {dag.py:2935} INFO - Setting next_dagrun for example_python_operator to None
[2022-02-19 13:42:18,732] {processor.py:171} INFO - Processing /home/airflow/.local/lib/python3.7/site-packages/airflow/example_dags/example_python_operator.py took 11.974 seconds
[2022-02-19 13:44:29,177] {processor.py:163} INFO - Started process (PID=713) to work on /home/airflow/.local/lib/python3.7/site-packages/airflow/example_dags/example_python_operator.py
[2022-02-19 13:44:29,212] {processor.py:642} INFO - Processing file /home/airflow/.local/lib/python3.7/site-packages/airflow/example_dags/example_python_operator.py for tasks to queue
[2022-02-19 13:44:29,231] {logging_mixin.py:109} INFO - [2022-02-19 13:44:29,230] {dagbag.py:500} INFO - Filling up the DagBag from /home/airflow/.local/lib/python3.7/site-packages/airflow/example_dags/example_python_operator.py
[2022-02-19 13:44:42,284] {processor.py:654} INFO - DAG(s) dict_keys(['example_python_operator']) retrieved from /home/airflow/.local/lib/python3.7/site-packages/airflow/example_dags/example_python_operator.py
[2022-02-19 13:44:43,666] {logging_mixin.py:109} INFO - [2022-02-19 13:44:43,653] {dag.py:2396} INFO - Sync 1 DAGs
[2022-02-19 13:44:44,658] {logging_mixin.py:109} INFO - [2022-02-19 13:44:44,658] {dag.py:2935} INFO - Setting next_dagrun for example_python_operator to None
[2022-02-19 13:44:46,179] {processor.py:171} INFO - Processing /home/airflow/.local/lib/python3.7/site-packages/airflow/example_dags/example_python_operator.py took 17.187 seconds
[2022-02-19 13:52:56,519] {processor.py:163} INFO - Started process (PID=41) to work on /home/airflow/.local/lib/python3.7/site-packages/airflow/example_dags/example_python_operator.py
[2022-02-19 13:52:56,539] {processor.py:642} INFO - Processing file /home/airflow/.local/lib/python3.7/site-packages/airflow/example_dags/example_python_operator.py for tasks to queue
[2022-02-19 13:52:56,540] {logging_mixin.py:109} INFO - [2022-02-19 13:52:56,540] {dagbag.py:500} INFO - Filling up the DagBag from /home/airflow/.local/lib/python3.7/site-packages/airflow/example_dags/example_python_operator.py
[2022-02-19 13:52:56,665] {processor.py:654} INFO - DAG(s) dict_keys(['example_python_operator']) retrieved from /home/airflow/.local/lib/python3.7/site-packages/airflow/example_dags/example_python_operator.py
[2022-02-19 13:52:56,685] {logging_mixin.py:109} INFO - [2022-02-19 13:52:56,685] {dag.py:2396} INFO - Sync 1 DAGs
[2022-02-19 13:52:56,729] {logging_mixin.py:109} INFO - [2022-02-19 13:52:56,729] {dag.py:2935} INFO - Setting next_dagrun for example_python_operator to None
[2022-02-19 13:52:56,774] {processor.py:171} INFO - Processing /home/airflow/.local/lib/python3.7/site-packages/airflow/example_dags/example_python_operator.py took 0.269 seconds
[2022-02-19 13:53:27,103] {processor.py:163} INFO - Started process (PID=81) to work on /home/airflow/.local/lib/python3.7/site-packages/airflow/example_dags/example_python_operator.py
[2022-02-19 13:53:27,106] {processor.py:642} INFO - Processing file /home/airflow/.local/lib/python3.7/site-packages/airflow/example_dags/example_python_operator.py for tasks to queue
[2022-02-19 13:53:27,112] {logging_mixin.py:109} INFO - [2022-02-19 13:53:27,111] {dagbag.py:500} INFO - Filling up the DagBag from /home/airflow/.local/lib/python3.7/site-packages/airflow/example_dags/example_python_operator.py
[2022-02-19 13:53:27,178] {processor.py:654} INFO - DAG(s) dict_keys(['example_python_operator']) retrieved from /home/airflow/.local/lib/python3.7/site-packages/airflow/example_dags/example_python_operator.py
[2022-02-19 13:53:27,191] {logging_mixin.py:109} INFO - [2022-02-19 13:53:27,191] {dag.py:2396} INFO - Sync 1 DAGs
[2022-02-19 13:53:27,211] {logging_mixin.py:109} INFO - [2022-02-19 13:53:27,211] {dag.py:2935} INFO - Setting next_dagrun for example_python_operator to None
[2022-02-19 13:53:27,219] {processor.py:171} INFO - Processing /home/airflow/.local/lib/python3.7/site-packages/airflow/example_dags/example_python_operator.py took 0.154 seconds
[2022-02-19 13:54:28,864] {processor.py:163} INFO - Started process (PID=122) to work on /home/airflow/.local/lib/python3.7/site-packages/airflow/example_dags/example_python_operator.py
[2022-02-19 13:54:28,895] {processor.py:642} INFO - Processing file /home/airflow/.local/lib/python3.7/site-packages/airflow/example_dags/example_python_operator.py for tasks to queue
[2022-02-19 13:54:28,946] {logging_mixin.py:109} INFO - [2022-02-19 13:54:28,944] {dagbag.py:500} INFO - Filling up the DagBag from /home/airflow/.local/lib/python3.7/site-packages/airflow/example_dags/example_python_operator.py
[2022-02-19 13:54:29,602] {processor.py:654} INFO - DAG(s) dict_keys(['example_python_operator']) retrieved from /home/airflow/.local/lib/python3.7/site-packages/airflow/example_dags/example_python_operator.py
[2022-02-19 13:54:29,697] {logging_mixin.py:109} INFO - [2022-02-19 13:54:29,697] {dag.py:2396} INFO - Sync 1 DAGs
[2022-02-19 13:54:30,126] {logging_mixin.py:109} INFO - [2022-02-19 13:54:30,126] {dag.py:2935} INFO - Setting next_dagrun for example_python_operator to None
[2022-02-19 13:54:30,198] {processor.py:171} INFO - Processing /home/airflow/.local/lib/python3.7/site-packages/airflow/example_dags/example_python_operator.py took 1.383 seconds
[2022-02-19 13:57:37,436] {processor.py:163} INFO - Started process (PID=41) to work on /home/airflow/.local/lib/python3.7/site-packages/airflow/example_dags/example_python_operator.py
[2022-02-19 13:57:37,439] {processor.py:642} INFO - Processing file /home/airflow/.local/lib/python3.7/site-packages/airflow/example_dags/example_python_operator.py for tasks to queue
[2022-02-19 13:57:37,441] {logging_mixin.py:109} INFO - [2022-02-19 13:57:37,441] {dagbag.py:500} INFO - Filling up the DagBag from /home/airflow/.local/lib/python3.7/site-packages/airflow/example_dags/example_python_operator.py
[2022-02-19 13:57:37,582] {processor.py:654} INFO - DAG(s) dict_keys(['example_python_operator']) retrieved from /home/airflow/.local/lib/python3.7/site-packages/airflow/example_dags/example_python_operator.py
[2022-02-19 13:57:37,625] {logging_mixin.py:109} INFO - [2022-02-19 13:57:37,624] {dag.py:2396} INFO - Sync 1 DAGs
[2022-02-19 13:57:37,705] {logging_mixin.py:109} INFO - [2022-02-19 13:57:37,705] {dag.py:2935} INFO - Setting next_dagrun for example_python_operator to None
[2022-02-19 13:57:38,053] {processor.py:171} INFO - Processing /home/airflow/.local/lib/python3.7/site-packages/airflow/example_dags/example_python_operator.py took 0.620 seconds
[2022-02-19 14:00:51,682] {processor.py:163} INFO - Started process (PID=146) to work on /home/airflow/.local/lib/python3.7/site-packages/airflow/example_dags/example_python_operator.py
[2022-02-19 14:00:51,719] {processor.py:642} INFO - Processing file /home/airflow/.local/lib/python3.7/site-packages/airflow/example_dags/example_python_operator.py for tasks to queue
[2022-02-19 14:00:51,722] {logging_mixin.py:109} INFO - [2022-02-19 14:00:51,721] {dagbag.py:500} INFO - Filling up the DagBag from /home/airflow/.local/lib/python3.7/site-packages/airflow/example_dags/example_python_operator.py
[2022-02-19 14:01:02,068] {processor.py:654} INFO - DAG(s) dict_keys(['example_python_operator']) retrieved from /home/airflow/.local/lib/python3.7/site-packages/airflow/example_dags/example_python_operator.py
[2022-02-19 14:01:05,555] {logging_mixin.py:109} INFO - [2022-02-19 14:01:05,553] {dag.py:2396} INFO - Sync 1 DAGs
[2022-02-19 14:01:13,685] {logging_mixin.py:109} INFO - [2022-02-19 14:01:13,673] {dag.py:2935} INFO - Setting next_dagrun for example_python_operator to None
[2022-02-19 14:01:14,570] {processor.py:171} INFO - Processing /home/airflow/.local/lib/python3.7/site-packages/airflow/example_dags/example_python_operator.py took 22.757 seconds
[2022-02-19 14:01:45,748] {processor.py:163} INFO - Started process (PID=211) to work on /home/airflow/.local/lib/python3.7/site-packages/airflow/example_dags/example_python_operator.py
[2022-02-19 14:01:45,752] {processor.py:642} INFO - Processing file /home/airflow/.local/lib/python3.7/site-packages/airflow/example_dags/example_python_operator.py for tasks to queue
[2022-02-19 14:01:45,757] {logging_mixin.py:109} INFO - [2022-02-19 14:01:45,756] {dagbag.py:500} INFO - Filling up the DagBag from /home/airflow/.local/lib/python3.7/site-packages/airflow/example_dags/example_python_operator.py
[2022-02-19 14:01:46,017] {processor.py:654} INFO - DAG(s) dict_keys(['example_python_operator']) retrieved from /home/airflow/.local/lib/python3.7/site-packages/airflow/example_dags/example_python_operator.py
[2022-02-19 14:01:46,100] {logging_mixin.py:109} INFO - [2022-02-19 14:01:46,100] {dag.py:2396} INFO - Sync 1 DAGs
[2022-02-19 14:01:46,144] {logging_mixin.py:109} INFO - [2022-02-19 14:01:46,144] {dag.py:2935} INFO - Setting next_dagrun for example_python_operator to None
[2022-02-19 14:01:46,648] {processor.py:171} INFO - Processing /home/airflow/.local/lib/python3.7/site-packages/airflow/example_dags/example_python_operator.py took 0.919 seconds
[2022-02-19 14:02:16,903] {processor.py:163} INFO - Started process (PID=265) to work on /home/airflow/.local/lib/python3.7/site-packages/airflow/example_dags/example_python_operator.py
[2022-02-19 14:02:16,909] {processor.py:642} INFO - Processing file /home/airflow/.local/lib/python3.7/site-packages/airflow/example_dags/example_python_operator.py for tasks to queue
[2022-02-19 14:02:16,914] {logging_mixin.py:109} INFO - [2022-02-19 14:02:16,914] {dagbag.py:500} INFO - Filling up the DagBag from /home/airflow/.local/lib/python3.7/site-packages/airflow/example_dags/example_python_operator.py
[2022-02-19 14:02:17,194] {processor.py:654} INFO - DAG(s) dict_keys(['example_python_operator']) retrieved from /home/airflow/.local/lib/python3.7/site-packages/airflow/example_dags/example_python_operator.py
[2022-02-19 14:02:17,220] {logging_mixin.py:109} INFO - [2022-02-19 14:02:17,220] {dag.py:2396} INFO - Sync 1 DAGs
[2022-02-19 14:02:17,272] {logging_mixin.py:109} INFO - [2022-02-19 14:02:17,272] {dag.py:2935} INFO - Setting next_dagrun for example_python_operator to None
[2022-02-19 14:02:17,304] {processor.py:171} INFO - Processing /home/airflow/.local/lib/python3.7/site-packages/airflow/example_dags/example_python_operator.py took 0.428 seconds
[2022-02-19 14:03:17,518] {processor.py:163} INFO - Started process (PID=302) to work on /home/airflow/.local/lib/python3.7/site-packages/airflow/example_dags/example_python_operator.py
[2022-02-19 14:03:17,525] {processor.py:642} INFO - Processing file /home/airflow/.local/lib/python3.7/site-packages/airflow/example_dags/example_python_operator.py for tasks to queue
[2022-02-19 14:03:17,530] {logging_mixin.py:109} INFO - [2022-02-19 14:03:17,527] {dagbag.py:500} INFO - Filling up the DagBag from /home/airflow/.local/lib/python3.7/site-packages/airflow/example_dags/example_python_operator.py
[2022-02-19 14:03:17,984] {processor.py:654} INFO - DAG(s) dict_keys(['example_python_operator']) retrieved from /home/airflow/.local/lib/python3.7/site-packages/airflow/example_dags/example_python_operator.py
[2022-02-19 14:03:18,081] {logging_mixin.py:109} INFO - [2022-02-19 14:03:18,081] {dag.py:2396} INFO - Sync 1 DAGs
[2022-02-19 14:03:18,358] {logging_mixin.py:109} INFO - [2022-02-19 14:03:18,358] {dag.py:2935} INFO - Setting next_dagrun for example_python_operator to None
[2022-02-19 14:03:18,831] {processor.py:171} INFO - Processing /home/airflow/.local/lib/python3.7/site-packages/airflow/example_dags/example_python_operator.py took 1.323 seconds
[2022-02-19 14:05:31,661] {processor.py:163} INFO - Started process (PID=363) to work on /home/airflow/.local/lib/python3.7/site-packages/airflow/example_dags/example_python_operator.py
[2022-02-19 14:05:31,687] {processor.py:642} INFO - Processing file /home/airflow/.local/lib/python3.7/site-packages/airflow/example_dags/example_python_operator.py for tasks to queue
[2022-02-19 14:05:31,697] {logging_mixin.py:109} INFO - [2022-02-19 14:05:31,696] {dagbag.py:500} INFO - Filling up the DagBag from /home/airflow/.local/lib/python3.7/site-packages/airflow/example_dags/example_python_operator.py
[2022-02-19 14:05:32,007] {processor.py:654} INFO - DAG(s) dict_keys(['example_python_operator']) retrieved from /home/airflow/.local/lib/python3.7/site-packages/airflow/example_dags/example_python_operator.py
[2022-02-19 14:05:33,069] {logging_mixin.py:109} INFO - [2022-02-19 14:05:33,060] {dag.py:2396} INFO - Sync 1 DAGs
[2022-02-19 14:05:33,665] {logging_mixin.py:109} INFO - [2022-02-19 14:05:33,657] {dag.py:2935} INFO - Setting next_dagrun for example_python_operator to None
[2022-02-19 14:05:34,061] {processor.py:171} INFO - Processing /home/airflow/.local/lib/python3.7/site-packages/airflow/example_dags/example_python_operator.py took 2.412 seconds
[2022-02-19 14:06:49,495] {processor.py:163} INFO - Started process (PID=42) to work on /home/airflow/.local/lib/python3.7/site-packages/airflow/example_dags/example_python_operator.py
[2022-02-19 14:06:49,498] {processor.py:642} INFO - Processing file /home/airflow/.local/lib/python3.7/site-packages/airflow/example_dags/example_python_operator.py for tasks to queue
[2022-02-19 14:06:49,499] {logging_mixin.py:109} INFO - [2022-02-19 14:06:49,499] {dagbag.py:500} INFO - Filling up the DagBag from /home/airflow/.local/lib/python3.7/site-packages/airflow/example_dags/example_python_operator.py
[2022-02-19 14:06:49,554] {processor.py:654} INFO - DAG(s) dict_keys(['example_python_operator']) retrieved from /home/airflow/.local/lib/python3.7/site-packages/airflow/example_dags/example_python_operator.py
[2022-02-19 14:06:49,569] {logging_mixin.py:109} INFO - [2022-02-19 14:06:49,569] {dag.py:2396} INFO - Sync 1 DAGs
[2022-02-19 14:06:49,598] {logging_mixin.py:109} INFO - [2022-02-19 14:06:49,598] {dag.py:2935} INFO - Setting next_dagrun for example_python_operator to None
[2022-02-19 14:06:49,612] {processor.py:171} INFO - Processing /home/airflow/.local/lib/python3.7/site-packages/airflow/example_dags/example_python_operator.py took 0.121 seconds
[2022-02-19 14:08:22,270] {processor.py:163} INFO - Started process (PID=122) to work on /home/airflow/.local/lib/python3.7/site-packages/airflow/example_dags/example_python_operator.py
[2022-02-19 14:08:22,319] {processor.py:642} INFO - Processing file /home/airflow/.local/lib/python3.7/site-packages/airflow/example_dags/example_python_operator.py for tasks to queue
[2022-02-19 14:08:22,671] {logging_mixin.py:109} INFO - [2022-02-19 14:08:22,421] {dagbag.py:500} INFO - Filling up the DagBag from /home/airflow/.local/lib/python3.7/site-packages/airflow/example_dags/example_python_operator.py
[2022-02-19 14:08:31,387] {processor.py:654} INFO - DAG(s) dict_keys(['example_python_operator']) retrieved from /home/airflow/.local/lib/python3.7/site-packages/airflow/example_dags/example_python_operator.py
[2022-02-19 14:08:31,891] {logging_mixin.py:109} INFO - [2022-02-19 14:08:31,878] {dag.py:2396} INFO - Sync 1 DAGs
[2022-02-19 14:08:32,459] {logging_mixin.py:109} INFO - [2022-02-19 14:08:32,457] {dag.py:2935} INFO - Setting next_dagrun for example_python_operator to None
[2022-02-19 14:08:32,957] {processor.py:171} INFO - Processing /home/airflow/.local/lib/python3.7/site-packages/airflow/example_dags/example_python_operator.py took 10.984 seconds
[2022-02-19 14:10:10,842] {processor.py:163} INFO - Started process (PID=169) to work on /home/airflow/.local/lib/python3.7/site-packages/airflow/example_dags/example_python_operator.py
[2022-02-19 14:10:10,861] {processor.py:642} INFO - Processing file /home/airflow/.local/lib/python3.7/site-packages/airflow/example_dags/example_python_operator.py for tasks to queue
[2022-02-19 14:10:10,866] {logging_mixin.py:109} INFO - [2022-02-19 14:10:10,865] {dagbag.py:500} INFO - Filling up the DagBag from /home/airflow/.local/lib/python3.7/site-packages/airflow/example_dags/example_python_operator.py
[2022-02-19 14:10:11,156] {processor.py:654} INFO - DAG(s) dict_keys(['example_python_operator']) retrieved from /home/airflow/.local/lib/python3.7/site-packages/airflow/example_dags/example_python_operator.py
[2022-02-19 14:10:11,528] {logging_mixin.py:109} INFO - [2022-02-19 14:10:11,527] {dag.py:2396} INFO - Sync 1 DAGs
[2022-02-19 14:10:12,541] {logging_mixin.py:109} INFO - [2022-02-19 14:10:12,534] {dag.py:2935} INFO - Setting next_dagrun for example_python_operator to None
[2022-02-19 14:10:13,612] {processor.py:171} INFO - Processing /home/airflow/.local/lib/python3.7/site-packages/airflow/example_dags/example_python_operator.py took 2.970 seconds
[2022-02-19 14:10:56,938] {processor.py:163} INFO - Started process (PID=201) to work on /home/airflow/.local/lib/python3.7/site-packages/airflow/example_dags/example_python_operator.py
[2022-02-19 14:10:57,007] {processor.py:642} INFO - Processing file /home/airflow/.local/lib/python3.7/site-packages/airflow/example_dags/example_python_operator.py for tasks to queue
[2022-02-19 14:10:57,095] {logging_mixin.py:109} INFO - [2022-02-19 14:10:57,093] {dagbag.py:500} INFO - Filling up the DagBag from /home/airflow/.local/lib/python3.7/site-packages/airflow/example_dags/example_python_operator.py
[2022-02-19 14:10:58,147] {processor.py:654} INFO - DAG(s) dict_keys(['example_python_operator']) retrieved from /home/airflow/.local/lib/python3.7/site-packages/airflow/example_dags/example_python_operator.py
[2022-02-19 14:10:58,963] {logging_mixin.py:109} INFO - [2022-02-19 14:10:58,960] {dag.py:2396} INFO - Sync 1 DAGs
[2022-02-19 14:11:00,604] {logging_mixin.py:109} INFO - [2022-02-19 14:11:00,604] {dag.py:2935} INFO - Setting next_dagrun for example_python_operator to None
[2022-02-19 14:11:00,756] {processor.py:171} INFO - Processing /home/airflow/.local/lib/python3.7/site-packages/airflow/example_dags/example_python_operator.py took 5.626 seconds
[2022-02-19 14:15:09,285] {processor.py:163} INFO - Started process (PID=127) to work on /home/airflow/.local/lib/python3.7/site-packages/airflow/example_dags/example_python_operator.py
[2022-02-19 14:15:09,288] {processor.py:642} INFO - Processing file /home/airflow/.local/lib/python3.7/site-packages/airflow/example_dags/example_python_operator.py for tasks to queue
[2022-02-19 14:15:09,318] {logging_mixin.py:109} INFO - [2022-02-19 14:15:09,318] {dagbag.py:500} INFO - Filling up the DagBag from /home/airflow/.local/lib/python3.7/site-packages/airflow/example_dags/example_python_operator.py
[2022-02-19 14:15:12,958] {processor.py:654} INFO - DAG(s) dict_keys(['example_python_operator']) retrieved from /home/airflow/.local/lib/python3.7/site-packages/airflow/example_dags/example_python_operator.py
[2022-02-19 14:15:16,401] {logging_mixin.py:109} INFO - [2022-02-19 14:15:16,361] {dag.py:2396} INFO - Sync 1 DAGs
[2022-02-19 14:15:16,782] {logging_mixin.py:109} INFO - [2022-02-19 14:15:16,781] {dag.py:2935} INFO - Setting next_dagrun for example_python_operator to None
[2022-02-19 14:15:16,912] {processor.py:171} INFO - Processing /home/airflow/.local/lib/python3.7/site-packages/airflow/example_dags/example_python_operator.py took 7.680 seconds
[2022-02-19 14:15:58,892] {processor.py:163} INFO - Started process (PID=169) to work on /home/airflow/.local/lib/python3.7/site-packages/airflow/example_dags/example_python_operator.py
[2022-02-19 14:15:58,895] {processor.py:642} INFO - Processing file /home/airflow/.local/lib/python3.7/site-packages/airflow/example_dags/example_python_operator.py for tasks to queue
[2022-02-19 14:15:58,910] {logging_mixin.py:109} INFO - [2022-02-19 14:15:58,910] {dagbag.py:500} INFO - Filling up the DagBag from /home/airflow/.local/lib/python3.7/site-packages/airflow/example_dags/example_python_operator.py
[2022-02-19 14:15:59,146] {processor.py:654} INFO - DAG(s) dict_keys(['example_python_operator']) retrieved from /home/airflow/.local/lib/python3.7/site-packages/airflow/example_dags/example_python_operator.py
[2022-02-19 14:15:59,201] {logging_mixin.py:109} INFO - [2022-02-19 14:15:59,195] {dag.py:2396} INFO - Sync 1 DAGs
[2022-02-19 14:15:59,308] {logging_mixin.py:109} INFO - [2022-02-19 14:15:59,307] {dag.py:2935} INFO - Setting next_dagrun for example_python_operator to None
[2022-02-19 14:15:59,376] {processor.py:171} INFO - Processing /home/airflow/.local/lib/python3.7/site-packages/airflow/example_dags/example_python_operator.py took 0.492 seconds
[2022-02-19 14:16:51,861] {processor.py:163} INFO - Started process (PID=213) to work on /home/airflow/.local/lib/python3.7/site-packages/airflow/example_dags/example_python_operator.py
[2022-02-19 14:16:52,112] {processor.py:642} INFO - Processing file /home/airflow/.local/lib/python3.7/site-packages/airflow/example_dags/example_python_operator.py for tasks to queue
[2022-02-19 14:16:52,982] {logging_mixin.py:109} INFO - [2022-02-19 14:16:52,980] {dagbag.py:500} INFO - Filling up the DagBag from /home/airflow/.local/lib/python3.7/site-packages/airflow/example_dags/example_python_operator.py
[2022-02-19 14:17:02,686] {processor.py:654} INFO - DAG(s) dict_keys(['example_python_operator']) retrieved from /home/airflow/.local/lib/python3.7/site-packages/airflow/example_dags/example_python_operator.py
[2022-02-19 14:17:02,766] {logging_mixin.py:109} INFO - [2022-02-19 14:17:02,765] {dag.py:2396} INFO - Sync 1 DAGs
[2022-02-19 14:17:03,129] {logging_mixin.py:109} INFO - [2022-02-19 14:17:03,129] {dag.py:2935} INFO - Setting next_dagrun for example_python_operator to None
[2022-02-19 14:17:03,273] {processor.py:171} INFO - Processing /home/airflow/.local/lib/python3.7/site-packages/airflow/example_dags/example_python_operator.py took 11.537 seconds
[2022-02-19 14:18:32,923] {processor.py:163} INFO - Started process (PID=262) to work on /home/airflow/.local/lib/python3.7/site-packages/airflow/example_dags/example_python_operator.py
[2022-02-19 14:18:32,942] {processor.py:642} INFO - Processing file /home/airflow/.local/lib/python3.7/site-packages/airflow/example_dags/example_python_operator.py for tasks to queue
[2022-02-19 14:18:32,960] {logging_mixin.py:109} INFO - [2022-02-19 14:18:32,959] {dagbag.py:500} INFO - Filling up the DagBag from /home/airflow/.local/lib/python3.7/site-packages/airflow/example_dags/example_python_operator.py
[2022-02-19 14:18:39,323] {processor.py:654} INFO - DAG(s) dict_keys(['example_python_operator']) retrieved from /home/airflow/.local/lib/python3.7/site-packages/airflow/example_dags/example_python_operator.py
[2022-02-19 14:18:44,769] {logging_mixin.py:109} INFO - [2022-02-19 14:18:44,716] {dag.py:2396} INFO - Sync 1 DAGs
[2022-02-19 14:18:47,716] {logging_mixin.py:109} INFO - [2022-02-19 14:18:47,713] {dag.py:2935} INFO - Setting next_dagrun for example_python_operator to None
[2022-02-19 14:18:52,683] {processor.py:171} INFO - Processing /home/airflow/.local/lib/python3.7/site-packages/airflow/example_dags/example_python_operator.py took 20.071 seconds
[2022-02-19 14:20:49,273] {processor.py:163} INFO - Started process (PID=42) to work on /home/airflow/.local/lib/python3.7/site-packages/airflow/example_dags/example_python_operator.py
[2022-02-19 14:20:49,276] {processor.py:642} INFO - Processing file /home/airflow/.local/lib/python3.7/site-packages/airflow/example_dags/example_python_operator.py for tasks to queue
[2022-02-19 14:20:49,296] {logging_mixin.py:109} INFO - [2022-02-19 14:20:49,296] {dagbag.py:500} INFO - Filling up the DagBag from /home/airflow/.local/lib/python3.7/site-packages/airflow/example_dags/example_python_operator.py
[2022-02-19 14:20:49,381] {processor.py:654} INFO - DAG(s) dict_keys(['example_python_operator']) retrieved from /home/airflow/.local/lib/python3.7/site-packages/airflow/example_dags/example_python_operator.py
[2022-02-19 14:20:49,399] {logging_mixin.py:109} INFO - [2022-02-19 14:20:49,399] {dag.py:2396} INFO - Sync 1 DAGs
[2022-02-19 14:20:49,510] {logging_mixin.py:109} INFO - [2022-02-19 14:20:49,510] {dag.py:2935} INFO - Setting next_dagrun for example_python_operator to None
[2022-02-19 14:20:49,645] {processor.py:171} INFO - Processing /home/airflow/.local/lib/python3.7/site-packages/airflow/example_dags/example_python_operator.py took 0.384 seconds
[2022-02-19 14:22:11,551] {processor.py:163} INFO - Started process (PID=102) to work on /home/airflow/.local/lib/python3.7/site-packages/airflow/example_dags/example_python_operator.py
[2022-02-19 14:22:11,555] {processor.py:642} INFO - Processing file /home/airflow/.local/lib/python3.7/site-packages/airflow/example_dags/example_python_operator.py for tasks to queue
[2022-02-19 14:22:11,561] {logging_mixin.py:109} INFO - [2022-02-19 14:22:11,561] {dagbag.py:500} INFO - Filling up the DagBag from /home/airflow/.local/lib/python3.7/site-packages/airflow/example_dags/example_python_operator.py
[2022-02-19 14:22:12,052] {processor.py:654} INFO - DAG(s) dict_keys(['example_python_operator']) retrieved from /home/airflow/.local/lib/python3.7/site-packages/airflow/example_dags/example_python_operator.py
[2022-02-19 14:22:12,218] {logging_mixin.py:109} INFO - [2022-02-19 14:22:12,218] {dag.py:2396} INFO - Sync 1 DAGs
[2022-02-19 14:22:12,325] {logging_mixin.py:109} INFO - [2022-02-19 14:22:12,325] {dag.py:2935} INFO - Setting next_dagrun for example_python_operator to None
[2022-02-19 14:22:12,432] {processor.py:171} INFO - Processing /home/airflow/.local/lib/python3.7/site-packages/airflow/example_dags/example_python_operator.py took 0.894 seconds
[2022-02-19 14:22:46,959] {processor.py:163} INFO - Started process (PID=154) to work on /home/airflow/.local/lib/python3.7/site-packages/airflow/example_dags/example_python_operator.py
[2022-02-19 14:22:46,968] {processor.py:642} INFO - Processing file /home/airflow/.local/lib/python3.7/site-packages/airflow/example_dags/example_python_operator.py for tasks to queue
[2022-02-19 14:22:46,973] {logging_mixin.py:109} INFO - [2022-02-19 14:22:46,973] {dagbag.py:500} INFO - Filling up the DagBag from /home/airflow/.local/lib/python3.7/site-packages/airflow/example_dags/example_python_operator.py
[2022-02-19 14:22:47,289] {processor.py:654} INFO - DAG(s) dict_keys(['example_python_operator']) retrieved from /home/airflow/.local/lib/python3.7/site-packages/airflow/example_dags/example_python_operator.py
[2022-02-19 14:22:47,334] {logging_mixin.py:109} INFO - [2022-02-19 14:22:47,334] {dag.py:2396} INFO - Sync 1 DAGs
[2022-02-19 14:22:47,451] {logging_mixin.py:109} INFO - [2022-02-19 14:22:47,450] {dag.py:2935} INFO - Setting next_dagrun for example_python_operator to None
[2022-02-19 14:22:47,500] {processor.py:171} INFO - Processing /home/airflow/.local/lib/python3.7/site-packages/airflow/example_dags/example_python_operator.py took 0.592 seconds
[2022-02-19 14:25:42,609] {processor.py:163} INFO - Started process (PID=250) to work on /home/airflow/.local/lib/python3.7/site-packages/airflow/example_dags/example_python_operator.py
[2022-02-19 14:25:42,626] {processor.py:642} INFO - Processing file /home/airflow/.local/lib/python3.7/site-packages/airflow/example_dags/example_python_operator.py for tasks to queue
[2022-02-19 14:25:42,638] {logging_mixin.py:109} INFO - [2022-02-19 14:25:42,637] {dagbag.py:500} INFO - Filling up the DagBag from /home/airflow/.local/lib/python3.7/site-packages/airflow/example_dags/example_python_operator.py
[2022-02-19 14:25:45,526] {processor.py:654} INFO - DAG(s) dict_keys(['example_python_operator']) retrieved from /home/airflow/.local/lib/python3.7/site-packages/airflow/example_dags/example_python_operator.py
[2022-02-19 14:25:45,629] {logging_mixin.py:109} INFO - [2022-02-19 14:25:45,629] {dag.py:2396} INFO - Sync 1 DAGs
[2022-02-19 14:25:46,238] {logging_mixin.py:109} INFO - [2022-02-19 14:25:46,238] {dag.py:2935} INFO - Setting next_dagrun for example_python_operator to None
[2022-02-19 14:25:47,364] {processor.py:171} INFO - Processing /home/airflow/.local/lib/python3.7/site-packages/airflow/example_dags/example_python_operator.py took 4.821 seconds
[2022-02-19 14:26:56,152] {processor.py:163} INFO - Started process (PID=41) to work on /home/airflow/.local/lib/python3.7/site-packages/airflow/example_dags/example_python_operator.py
[2022-02-19 14:26:56,154] {processor.py:642} INFO - Processing file /home/airflow/.local/lib/python3.7/site-packages/airflow/example_dags/example_python_operator.py for tasks to queue
[2022-02-19 14:26:56,164] {logging_mixin.py:109} INFO - [2022-02-19 14:26:56,164] {dagbag.py:500} INFO - Filling up the DagBag from /home/airflow/.local/lib/python3.7/site-packages/airflow/example_dags/example_python_operator.py
[2022-02-19 14:26:56,447] {processor.py:654} INFO - DAG(s) dict_keys(['example_python_operator']) retrieved from /home/airflow/.local/lib/python3.7/site-packages/airflow/example_dags/example_python_operator.py
[2022-02-19 14:26:56,504] {logging_mixin.py:109} INFO - [2022-02-19 14:26:56,503] {dag.py:2396} INFO - Sync 1 DAGs
[2022-02-19 14:26:56,603] {logging_mixin.py:109} INFO - [2022-02-19 14:26:56,603] {dag.py:2935} INFO - Setting next_dagrun for example_python_operator to None
[2022-02-19 14:26:56,632] {processor.py:171} INFO - Processing /home/airflow/.local/lib/python3.7/site-packages/airflow/example_dags/example_python_operator.py took 0.484 seconds
