[2022-02-19 13:19:03,494] {processor.py:163} INFO - Started process (PID=92) to work on /home/airflow/.local/lib/python3.7/site-packages/airflow/example_dags/example_skip_dag.py
[2022-02-19 13:19:03,615] {processor.py:642} INFO - Processing file /home/airflow/.local/lib/python3.7/site-packages/airflow/example_dags/example_skip_dag.py for tasks to queue
[2022-02-19 13:19:03,691] {logging_mixin.py:109} INFO - [2022-02-19 13:19:03,668] {dagbag.py:500} INFO - Filling up the DagBag from /home/airflow/.local/lib/python3.7/site-packages/airflow/example_dags/example_skip_dag.py
[2022-02-19 13:19:12,706] {processor.py:654} INFO - DAG(s) dict_keys(['example_skip_dag']) retrieved from /home/airflow/.local/lib/python3.7/site-packages/airflow/example_dags/example_skip_dag.py
[2022-02-19 13:21:18,451] {processor.py:163} INFO - Started process (PID=182) to work on /home/airflow/.local/lib/python3.7/site-packages/airflow/example_dags/example_skip_dag.py
[2022-02-19 13:21:18,456] {processor.py:642} INFO - Processing file /home/airflow/.local/lib/python3.7/site-packages/airflow/example_dags/example_skip_dag.py for tasks to queue
[2022-02-19 13:21:18,461] {logging_mixin.py:109} INFO - [2022-02-19 13:21:18,460] {dagbag.py:500} INFO - Filling up the DagBag from /home/airflow/.local/lib/python3.7/site-packages/airflow/example_dags/example_skip_dag.py
[2022-02-19 13:21:18,766] {processor.py:654} INFO - DAG(s) dict_keys(['example_skip_dag']) retrieved from /home/airflow/.local/lib/python3.7/site-packages/airflow/example_dags/example_skip_dag.py
[2022-02-19 13:25:38,271] {processor.py:163} INFO - Started process (PID=463) to work on /home/airflow/.local/lib/python3.7/site-packages/airflow/example_dags/example_skip_dag.py
[2022-02-19 13:25:38,286] {processor.py:642} INFO - Processing file /home/airflow/.local/lib/python3.7/site-packages/airflow/example_dags/example_skip_dag.py for tasks to queue
[2022-02-19 13:25:38,293] {logging_mixin.py:109} INFO - [2022-02-19 13:25:38,291] {dagbag.py:500} INFO - Filling up the DagBag from /home/airflow/.local/lib/python3.7/site-packages/airflow/example_dags/example_skip_dag.py
[2022-02-19 13:25:38,553] {processor.py:654} INFO - DAG(s) dict_keys(['example_skip_dag']) retrieved from /home/airflow/.local/lib/python3.7/site-packages/airflow/example_dags/example_skip_dag.py
[2022-02-19 13:27:37,113] {processor.py:163} INFO - Started process (PID=566) to work on /home/airflow/.local/lib/python3.7/site-packages/airflow/example_dags/example_skip_dag.py
[2022-02-19 13:27:37,130] {processor.py:642} INFO - Processing file /home/airflow/.local/lib/python3.7/site-packages/airflow/example_dags/example_skip_dag.py for tasks to queue
[2022-02-19 13:27:37,134] {logging_mixin.py:109} INFO - [2022-02-19 13:27:37,134] {dagbag.py:500} INFO - Filling up the DagBag from /home/airflow/.local/lib/python3.7/site-packages/airflow/example_dags/example_skip_dag.py
[2022-02-19 13:27:37,332] {processor.py:654} INFO - DAG(s) dict_keys(['example_skip_dag']) retrieved from /home/airflow/.local/lib/python3.7/site-packages/airflow/example_dags/example_skip_dag.py
[2022-02-19 13:30:24,150] {processor.py:163} INFO - Started process (PID=751) to work on /home/airflow/.local/lib/python3.7/site-packages/airflow/example_dags/example_skip_dag.py
[2022-02-19 13:30:24,154] {processor.py:642} INFO - Processing file /home/airflow/.local/lib/python3.7/site-packages/airflow/example_dags/example_skip_dag.py for tasks to queue
[2022-02-19 13:30:24,156] {logging_mixin.py:109} INFO - [2022-02-19 13:30:24,156] {dagbag.py:500} INFO - Filling up the DagBag from /home/airflow/.local/lib/python3.7/site-packages/airflow/example_dags/example_skip_dag.py
[2022-02-19 13:36:11,413] {processor.py:163} INFO - Started process (PID=60) to work on /home/airflow/.local/lib/python3.7/site-packages/airflow/example_dags/example_skip_dag.py
[2022-02-19 13:36:11,448] {processor.py:642} INFO - Processing file /home/airflow/.local/lib/python3.7/site-packages/airflow/example_dags/example_skip_dag.py for tasks to queue
[2022-02-19 13:36:11,450] {logging_mixin.py:109} INFO - [2022-02-19 13:36:11,450] {dagbag.py:500} INFO - Filling up the DagBag from /home/airflow/.local/lib/python3.7/site-packages/airflow/example_dags/example_skip_dag.py
[2022-02-19 13:36:13,670] {processor.py:654} INFO - DAG(s) dict_keys(['example_skip_dag']) retrieved from /home/airflow/.local/lib/python3.7/site-packages/airflow/example_dags/example_skip_dag.py
[2022-02-19 13:36:25,898] {logging_mixin.py:109} INFO - [2022-02-19 13:36:25,898] {manager.py:496} INFO - Created Permission View: can read on DAG:example_skip_dag
[2022-02-19 13:36:25,907] {logging_mixin.py:109} INFO - [2022-02-19 13:36:25,907] {manager.py:496} INFO - Created Permission View: can edit on DAG:example_skip_dag
[2022-02-19 13:36:25,909] {logging_mixin.py:109} INFO - [2022-02-19 13:36:25,908] {dag.py:2396} INFO - Sync 1 DAGs
[2022-02-19 13:36:25,922] {logging_mixin.py:109} INFO - [2022-02-19 13:36:25,922] {dag.py:2415} INFO - Creating ORM DAG for example_skip_dag
[2022-02-19 13:36:25,933] {logging_mixin.py:109} INFO - [2022-02-19 13:36:25,933] {dag.py:2935} INFO - Setting next_dagrun for example_skip_dag to 2022-02-18T13:36:25.933126+00:00
[2022-02-19 13:36:25,976] {processor.py:171} INFO - Processing /home/airflow/.local/lib/python3.7/site-packages/airflow/example_dags/example_skip_dag.py took 14.580 seconds
[2022-02-19 13:37:47,393] {processor.py:163} INFO - Started process (PID=219) to work on /home/airflow/.local/lib/python3.7/site-packages/airflow/example_dags/example_skip_dag.py
[2022-02-19 13:37:47,398] {processor.py:642} INFO - Processing file /home/airflow/.local/lib/python3.7/site-packages/airflow/example_dags/example_skip_dag.py for tasks to queue
[2022-02-19 13:37:47,400] {logging_mixin.py:109} INFO - [2022-02-19 13:37:47,400] {dagbag.py:500} INFO - Filling up the DagBag from /home/airflow/.local/lib/python3.7/site-packages/airflow/example_dags/example_skip_dag.py
[2022-02-19 13:37:47,447] {processor.py:654} INFO - DAG(s) dict_keys(['example_skip_dag']) retrieved from /home/airflow/.local/lib/python3.7/site-packages/airflow/example_dags/example_skip_dag.py
[2022-02-19 13:37:47,502] {logging_mixin.py:109} INFO - [2022-02-19 13:37:47,501] {dag.py:2396} INFO - Sync 1 DAGs
[2022-02-19 13:37:47,576] {logging_mixin.py:109} INFO - [2022-02-19 13:37:47,576] {dag.py:2935} INFO - Setting next_dagrun for example_skip_dag to 2022-02-18T13:37:47.573347+00:00
[2022-02-19 13:37:47,615] {processor.py:171} INFO - Processing /home/airflow/.local/lib/python3.7/site-packages/airflow/example_dags/example_skip_dag.py took 0.226 seconds
[2022-02-19 13:38:18,066] {processor.py:163} INFO - Started process (PID=267) to work on /home/airflow/.local/lib/python3.7/site-packages/airflow/example_dags/example_skip_dag.py
[2022-02-19 13:38:18,068] {processor.py:642} INFO - Processing file /home/airflow/.local/lib/python3.7/site-packages/airflow/example_dags/example_skip_dag.py for tasks to queue
[2022-02-19 13:38:18,069] {logging_mixin.py:109} INFO - [2022-02-19 13:38:18,069] {dagbag.py:500} INFO - Filling up the DagBag from /home/airflow/.local/lib/python3.7/site-packages/airflow/example_dags/example_skip_dag.py
[2022-02-19 13:38:18,099] {processor.py:654} INFO - DAG(s) dict_keys(['example_skip_dag']) retrieved from /home/airflow/.local/lib/python3.7/site-packages/airflow/example_dags/example_skip_dag.py
[2022-02-19 13:38:18,110] {logging_mixin.py:109} INFO - [2022-02-19 13:38:18,110] {dag.py:2396} INFO - Sync 1 DAGs
[2022-02-19 13:38:18,126] {logging_mixin.py:109} INFO - [2022-02-19 13:38:18,126] {dag.py:2935} INFO - Setting next_dagrun for example_skip_dag to 2022-02-18T13:38:18.124699+00:00
[2022-02-19 13:38:18,133] {processor.py:171} INFO - Processing /home/airflow/.local/lib/python3.7/site-packages/airflow/example_dags/example_skip_dag.py took 0.071 seconds
[2022-02-19 13:38:48,671] {processor.py:163} INFO - Started process (PID=326) to work on /home/airflow/.local/lib/python3.7/site-packages/airflow/example_dags/example_skip_dag.py
[2022-02-19 13:38:48,673] {processor.py:642} INFO - Processing file /home/airflow/.local/lib/python3.7/site-packages/airflow/example_dags/example_skip_dag.py for tasks to queue
[2022-02-19 13:38:48,674] {logging_mixin.py:109} INFO - [2022-02-19 13:38:48,674] {dagbag.py:500} INFO - Filling up the DagBag from /home/airflow/.local/lib/python3.7/site-packages/airflow/example_dags/example_skip_dag.py
[2022-02-19 13:38:48,706] {processor.py:654} INFO - DAG(s) dict_keys(['example_skip_dag']) retrieved from /home/airflow/.local/lib/python3.7/site-packages/airflow/example_dags/example_skip_dag.py
[2022-02-19 13:38:48,717] {logging_mixin.py:109} INFO - [2022-02-19 13:38:48,717] {dag.py:2396} INFO - Sync 1 DAGs
[2022-02-19 13:38:48,734] {logging_mixin.py:109} INFO - [2022-02-19 13:38:48,734] {dag.py:2935} INFO - Setting next_dagrun for example_skip_dag to 2022-02-18T13:38:48.733736+00:00
[2022-02-19 13:38:48,743] {processor.py:171} INFO - Processing /home/airflow/.local/lib/python3.7/site-packages/airflow/example_dags/example_skip_dag.py took 0.076 seconds
[2022-02-19 13:39:18,916] {processor.py:163} INFO - Started process (PID=377) to work on /home/airflow/.local/lib/python3.7/site-packages/airflow/example_dags/example_skip_dag.py
[2022-02-19 13:39:18,918] {processor.py:642} INFO - Processing file /home/airflow/.local/lib/python3.7/site-packages/airflow/example_dags/example_skip_dag.py for tasks to queue
[2022-02-19 13:39:18,922] {logging_mixin.py:109} INFO - [2022-02-19 13:39:18,922] {dagbag.py:500} INFO - Filling up the DagBag from /home/airflow/.local/lib/python3.7/site-packages/airflow/example_dags/example_skip_dag.py
[2022-02-19 13:39:18,972] {processor.py:654} INFO - DAG(s) dict_keys(['example_skip_dag']) retrieved from /home/airflow/.local/lib/python3.7/site-packages/airflow/example_dags/example_skip_dag.py
[2022-02-19 13:39:18,989] {logging_mixin.py:109} INFO - [2022-02-19 13:39:18,989] {dag.py:2396} INFO - Sync 1 DAGs
[2022-02-19 13:39:19,013] {logging_mixin.py:109} INFO - [2022-02-19 13:39:19,013] {dag.py:2935} INFO - Setting next_dagrun for example_skip_dag to 2022-02-18T13:39:19.011767+00:00
[2022-02-19 13:39:19,024] {processor.py:171} INFO - Processing /home/airflow/.local/lib/python3.7/site-packages/airflow/example_dags/example_skip_dag.py took 0.115 seconds
[2022-02-19 13:39:49,463] {processor.py:163} INFO - Started process (PID=438) to work on /home/airflow/.local/lib/python3.7/site-packages/airflow/example_dags/example_skip_dag.py
[2022-02-19 13:39:49,464] {processor.py:642} INFO - Processing file /home/airflow/.local/lib/python3.7/site-packages/airflow/example_dags/example_skip_dag.py for tasks to queue
[2022-02-19 13:39:49,465] {logging_mixin.py:109} INFO - [2022-02-19 13:39:49,465] {dagbag.py:500} INFO - Filling up the DagBag from /home/airflow/.local/lib/python3.7/site-packages/airflow/example_dags/example_skip_dag.py
[2022-02-19 13:39:49,494] {processor.py:654} INFO - DAG(s) dict_keys(['example_skip_dag']) retrieved from /home/airflow/.local/lib/python3.7/site-packages/airflow/example_dags/example_skip_dag.py
[2022-02-19 13:39:49,505] {logging_mixin.py:109} INFO - [2022-02-19 13:39:49,505] {dag.py:2396} INFO - Sync 1 DAGs
[2022-02-19 13:39:49,522] {logging_mixin.py:109} INFO - [2022-02-19 13:39:49,521] {dag.py:2935} INFO - Setting next_dagrun for example_skip_dag to 2022-02-18T13:39:49.521572+00:00
[2022-02-19 13:39:49,531] {processor.py:171} INFO - Processing /home/airflow/.local/lib/python3.7/site-packages/airflow/example_dags/example_skip_dag.py took 0.072 seconds
[2022-02-19 13:40:19,648] {processor.py:163} INFO - Started process (PID=488) to work on /home/airflow/.local/lib/python3.7/site-packages/airflow/example_dags/example_skip_dag.py
[2022-02-19 13:40:19,650] {processor.py:642} INFO - Processing file /home/airflow/.local/lib/python3.7/site-packages/airflow/example_dags/example_skip_dag.py for tasks to queue
[2022-02-19 13:40:19,651] {logging_mixin.py:109} INFO - [2022-02-19 13:40:19,651] {dagbag.py:500} INFO - Filling up the DagBag from /home/airflow/.local/lib/python3.7/site-packages/airflow/example_dags/example_skip_dag.py
[2022-02-19 13:40:19,685] {processor.py:654} INFO - DAG(s) dict_keys(['example_skip_dag']) retrieved from /home/airflow/.local/lib/python3.7/site-packages/airflow/example_dags/example_skip_dag.py
[2022-02-19 13:40:19,702] {logging_mixin.py:109} INFO - [2022-02-19 13:40:19,702] {dag.py:2396} INFO - Sync 1 DAGs
[2022-02-19 13:40:19,722] {logging_mixin.py:109} INFO - [2022-02-19 13:40:19,722] {dag.py:2935} INFO - Setting next_dagrun for example_skip_dag to 2022-02-18T13:40:19.722518+00:00
[2022-02-19 13:40:19,733] {processor.py:171} INFO - Processing /home/airflow/.local/lib/python3.7/site-packages/airflow/example_dags/example_skip_dag.py took 0.089 seconds
[2022-02-19 13:40:49,903] {processor.py:163} INFO - Started process (PID=549) to work on /home/airflow/.local/lib/python3.7/site-packages/airflow/example_dags/example_skip_dag.py
[2022-02-19 13:40:49,905] {processor.py:642} INFO - Processing file /home/airflow/.local/lib/python3.7/site-packages/airflow/example_dags/example_skip_dag.py for tasks to queue
[2022-02-19 13:40:49,906] {logging_mixin.py:109} INFO - [2022-02-19 13:40:49,906] {dagbag.py:500} INFO - Filling up the DagBag from /home/airflow/.local/lib/python3.7/site-packages/airflow/example_dags/example_skip_dag.py
[2022-02-19 13:40:49,933] {processor.py:654} INFO - DAG(s) dict_keys(['example_skip_dag']) retrieved from /home/airflow/.local/lib/python3.7/site-packages/airflow/example_dags/example_skip_dag.py
[2022-02-19 13:40:49,944] {logging_mixin.py:109} INFO - [2022-02-19 13:40:49,944] {dag.py:2396} INFO - Sync 1 DAGs
[2022-02-19 13:40:49,960] {logging_mixin.py:109} INFO - [2022-02-19 13:40:49,960] {dag.py:2935} INFO - Setting next_dagrun for example_skip_dag to 2022-02-18T13:40:49.959658+00:00
[2022-02-19 13:40:49,969] {processor.py:171} INFO - Processing /home/airflow/.local/lib/python3.7/site-packages/airflow/example_dags/example_skip_dag.py took 0.070 seconds
[2022-02-19 13:41:36,634] {processor.py:163} INFO - Started process (PID=602) to work on /home/airflow/.local/lib/python3.7/site-packages/airflow/example_dags/example_skip_dag.py
[2022-02-19 13:41:36,641] {processor.py:642} INFO - Processing file /home/airflow/.local/lib/python3.7/site-packages/airflow/example_dags/example_skip_dag.py for tasks to queue
[2022-02-19 13:41:36,645] {logging_mixin.py:109} INFO - [2022-02-19 13:41:36,645] {dagbag.py:500} INFO - Filling up the DagBag from /home/airflow/.local/lib/python3.7/site-packages/airflow/example_dags/example_skip_dag.py
[2022-02-19 13:41:36,814] {processor.py:654} INFO - DAG(s) dict_keys(['example_skip_dag']) retrieved from /home/airflow/.local/lib/python3.7/site-packages/airflow/example_dags/example_skip_dag.py
[2022-02-19 13:41:36,841] {logging_mixin.py:109} INFO - [2022-02-19 13:41:36,841] {dag.py:2396} INFO - Sync 1 DAGs
[2022-02-19 13:41:36,874] {logging_mixin.py:109} INFO - [2022-02-19 13:41:36,874] {dag.py:2935} INFO - Setting next_dagrun for example_skip_dag to 2022-02-18T13:41:36.870637+00:00
[2022-02-19 13:41:36,888] {processor.py:171} INFO - Processing /home/airflow/.local/lib/python3.7/site-packages/airflow/example_dags/example_skip_dag.py took 0.292 seconds
[2022-02-19 13:42:18,915] {processor.py:163} INFO - Started process (PID=654) to work on /home/airflow/.local/lib/python3.7/site-packages/airflow/example_dags/example_skip_dag.py
[2022-02-19 13:42:18,924] {processor.py:642} INFO - Processing file /home/airflow/.local/lib/python3.7/site-packages/airflow/example_dags/example_skip_dag.py for tasks to queue
[2022-02-19 13:42:18,931] {logging_mixin.py:109} INFO - [2022-02-19 13:42:18,930] {dagbag.py:500} INFO - Filling up the DagBag from /home/airflow/.local/lib/python3.7/site-packages/airflow/example_dags/example_skip_dag.py
[2022-02-19 13:42:19,195] {processor.py:654} INFO - DAG(s) dict_keys(['example_skip_dag']) retrieved from /home/airflow/.local/lib/python3.7/site-packages/airflow/example_dags/example_skip_dag.py
[2022-02-19 13:42:19,280] {logging_mixin.py:109} INFO - [2022-02-19 13:42:19,280] {dag.py:2396} INFO - Sync 1 DAGs
[2022-02-19 13:42:19,424] {logging_mixin.py:109} INFO - [2022-02-19 13:42:19,423] {dag.py:2935} INFO - Setting next_dagrun for example_skip_dag to 2022-02-18T13:42:19.413700+00:00
[2022-02-19 13:42:19,443] {processor.py:171} INFO - Processing /home/airflow/.local/lib/python3.7/site-packages/airflow/example_dags/example_skip_dag.py took 0.555 seconds
[2022-02-19 13:44:47,447] {processor.py:163} INFO - Started process (PID=725) to work on /home/airflow/.local/lib/python3.7/site-packages/airflow/example_dags/example_skip_dag.py
[2022-02-19 13:44:47,530] {processor.py:642} INFO - Processing file /home/airflow/.local/lib/python3.7/site-packages/airflow/example_dags/example_skip_dag.py for tasks to queue
[2022-02-19 13:44:47,562] {logging_mixin.py:109} INFO - [2022-02-19 13:44:47,559] {dagbag.py:500} INFO - Filling up the DagBag from /home/airflow/.local/lib/python3.7/site-packages/airflow/example_dags/example_skip_dag.py
[2022-02-19 13:44:50,040] {processor.py:654} INFO - DAG(s) dict_keys(['example_skip_dag']) retrieved from /home/airflow/.local/lib/python3.7/site-packages/airflow/example_dags/example_skip_dag.py
[2022-02-19 13:44:50,159] {logging_mixin.py:109} INFO - [2022-02-19 13:44:50,158] {dag.py:2396} INFO - Sync 1 DAGs
[2022-02-19 13:44:50,221] {logging_mixin.py:109} INFO - [2022-02-19 13:44:50,221] {dag.py:2935} INFO - Setting next_dagrun for example_skip_dag to 2022-02-18T13:44:50.213199+00:00
[2022-02-19 13:44:50,732] {processor.py:171} INFO - Processing /home/airflow/.local/lib/python3.7/site-packages/airflow/example_dags/example_skip_dag.py took 4.163 seconds
[2022-02-19 13:52:56,808] {processor.py:163} INFO - Started process (PID=43) to work on /home/airflow/.local/lib/python3.7/site-packages/airflow/example_dags/example_skip_dag.py
[2022-02-19 13:52:56,810] {processor.py:642} INFO - Processing file /home/airflow/.local/lib/python3.7/site-packages/airflow/example_dags/example_skip_dag.py for tasks to queue
[2022-02-19 13:52:56,819] {logging_mixin.py:109} INFO - [2022-02-19 13:52:56,819] {dagbag.py:500} INFO - Filling up the DagBag from /home/airflow/.local/lib/python3.7/site-packages/airflow/example_dags/example_skip_dag.py
[2022-02-19 13:52:56,869] {processor.py:654} INFO - DAG(s) dict_keys(['example_skip_dag']) retrieved from /home/airflow/.local/lib/python3.7/site-packages/airflow/example_dags/example_skip_dag.py
[2022-02-19 13:52:56,897] {logging_mixin.py:109} INFO - [2022-02-19 13:52:56,897] {dag.py:2396} INFO - Sync 1 DAGs
[2022-02-19 13:52:56,932] {logging_mixin.py:109} INFO - [2022-02-19 13:52:56,932] {dag.py:2935} INFO - Setting next_dagrun for example_skip_dag to 2022-02-18T13:52:56.932060+00:00
[2022-02-19 13:52:56,954] {processor.py:171} INFO - Processing /home/airflow/.local/lib/python3.7/site-packages/airflow/example_dags/example_skip_dag.py took 0.151 seconds
[2022-02-19 13:53:27,248] {processor.py:163} INFO - Started process (PID=83) to work on /home/airflow/.local/lib/python3.7/site-packages/airflow/example_dags/example_skip_dag.py
[2022-02-19 13:53:27,250] {processor.py:642} INFO - Processing file /home/airflow/.local/lib/python3.7/site-packages/airflow/example_dags/example_skip_dag.py for tasks to queue
[2022-02-19 13:53:27,251] {logging_mixin.py:109} INFO - [2022-02-19 13:53:27,251] {dagbag.py:500} INFO - Filling up the DagBag from /home/airflow/.local/lib/python3.7/site-packages/airflow/example_dags/example_skip_dag.py
[2022-02-19 13:53:27,281] {processor.py:654} INFO - DAG(s) dict_keys(['example_skip_dag']) retrieved from /home/airflow/.local/lib/python3.7/site-packages/airflow/example_dags/example_skip_dag.py
[2022-02-19 13:53:27,296] {logging_mixin.py:109} INFO - [2022-02-19 13:53:27,296] {dag.py:2396} INFO - Sync 1 DAGs
[2022-02-19 13:53:27,315] {logging_mixin.py:109} INFO - [2022-02-19 13:53:27,315] {dag.py:2935} INFO - Setting next_dagrun for example_skip_dag to 2022-02-18T13:53:27.314873+00:00
[2022-02-19 13:53:27,325] {processor.py:171} INFO - Processing /home/airflow/.local/lib/python3.7/site-packages/airflow/example_dags/example_skip_dag.py took 0.081 seconds
[2022-02-19 13:54:30,393] {processor.py:163} INFO - Started process (PID=124) to work on /home/airflow/.local/lib/python3.7/site-packages/airflow/example_dags/example_skip_dag.py
[2022-02-19 13:54:30,400] {processor.py:642} INFO - Processing file /home/airflow/.local/lib/python3.7/site-packages/airflow/example_dags/example_skip_dag.py for tasks to queue
[2022-02-19 13:54:30,408] {logging_mixin.py:109} INFO - [2022-02-19 13:54:30,407] {dagbag.py:500} INFO - Filling up the DagBag from /home/airflow/.local/lib/python3.7/site-packages/airflow/example_dags/example_skip_dag.py
[2022-02-19 13:54:33,777] {processor.py:654} INFO - DAG(s) dict_keys(['example_skip_dag']) retrieved from /home/airflow/.local/lib/python3.7/site-packages/airflow/example_dags/example_skip_dag.py
[2022-02-19 13:54:33,912] {logging_mixin.py:109} INFO - [2022-02-19 13:54:33,907] {dag.py:2396} INFO - Sync 1 DAGs
[2022-02-19 13:54:34,049] {logging_mixin.py:109} INFO - [2022-02-19 13:54:34,017] {dag.py:2935} INFO - Setting next_dagrun for example_skip_dag to 2022-02-18T13:54:34.006942+00:00
[2022-02-19 13:54:37,666] {processor.py:171} INFO - Processing /home/airflow/.local/lib/python3.7/site-packages/airflow/example_dags/example_skip_dag.py took 7.279 seconds
[2022-02-19 13:57:38,350] {processor.py:163} INFO - Started process (PID=43) to work on /home/airflow/.local/lib/python3.7/site-packages/airflow/example_dags/example_skip_dag.py
[2022-02-19 13:57:38,361] {processor.py:642} INFO - Processing file /home/airflow/.local/lib/python3.7/site-packages/airflow/example_dags/example_skip_dag.py for tasks to queue
[2022-02-19 13:57:38,373] {logging_mixin.py:109} INFO - [2022-02-19 13:57:38,373] {dagbag.py:500} INFO - Filling up the DagBag from /home/airflow/.local/lib/python3.7/site-packages/airflow/example_dags/example_skip_dag.py
[2022-02-19 13:57:44,377] {processor.py:654} INFO - DAG(s) dict_keys(['example_skip_dag']) retrieved from /home/airflow/.local/lib/python3.7/site-packages/airflow/example_dags/example_skip_dag.py
[2022-02-19 13:57:44,404] {logging_mixin.py:109} INFO - [2022-02-19 13:57:44,403] {dag.py:2396} INFO - Sync 1 DAGs
[2022-02-19 13:57:44,502] {logging_mixin.py:109} INFO - [2022-02-19 13:57:44,502] {dag.py:2935} INFO - Setting next_dagrun for example_skip_dag to 2022-02-18T13:57:44.497374+00:00
[2022-02-19 13:57:44,611] {processor.py:171} INFO - Processing /home/airflow/.local/lib/python3.7/site-packages/airflow/example_dags/example_skip_dag.py took 6.291 seconds
[2022-02-19 14:01:15,629] {processor.py:163} INFO - Started process (PID=159) to work on /home/airflow/.local/lib/python3.7/site-packages/airflow/example_dags/example_skip_dag.py
[2022-02-19 14:01:15,737] {processor.py:642} INFO - Processing file /home/airflow/.local/lib/python3.7/site-packages/airflow/example_dags/example_skip_dag.py for tasks to queue
[2022-02-19 14:01:15,745] {logging_mixin.py:109} INFO - [2022-02-19 14:01:15,740] {dagbag.py:500} INFO - Filling up the DagBag from /home/airflow/.local/lib/python3.7/site-packages/airflow/example_dags/example_skip_dag.py
[2022-02-19 14:01:23,221] {processor.py:654} INFO - DAG(s) dict_keys(['example_skip_dag']) retrieved from /home/airflow/.local/lib/python3.7/site-packages/airflow/example_dags/example_skip_dag.py
[2022-02-19 14:01:23,505] {logging_mixin.py:109} INFO - [2022-02-19 14:01:23,505] {dag.py:2396} INFO - Sync 1 DAGs
[2022-02-19 14:01:23,555] {logging_mixin.py:109} INFO - [2022-02-19 14:01:23,555] {dag.py:2935} INFO - Setting next_dagrun for example_skip_dag to 2022-02-18T14:01:23.550871+00:00
[2022-02-19 14:01:23,597] {processor.py:171} INFO - Processing /home/airflow/.local/lib/python3.7/site-packages/airflow/example_dags/example_skip_dag.py took 8.176 seconds
[2022-02-19 14:01:53,725] {processor.py:163} INFO - Started process (PID=213) to work on /home/airflow/.local/lib/python3.7/site-packages/airflow/example_dags/example_skip_dag.py
[2022-02-19 14:01:53,727] {processor.py:642} INFO - Processing file /home/airflow/.local/lib/python3.7/site-packages/airflow/example_dags/example_skip_dag.py for tasks to queue
[2022-02-19 14:01:53,728] {logging_mixin.py:109} INFO - [2022-02-19 14:01:53,728] {dagbag.py:500} INFO - Filling up the DagBag from /home/airflow/.local/lib/python3.7/site-packages/airflow/example_dags/example_skip_dag.py
[2022-02-19 14:01:53,764] {processor.py:654} INFO - DAG(s) dict_keys(['example_skip_dag']) retrieved from /home/airflow/.local/lib/python3.7/site-packages/airflow/example_dags/example_skip_dag.py
[2022-02-19 14:01:53,777] {logging_mixin.py:109} INFO - [2022-02-19 14:01:53,777] {dag.py:2396} INFO - Sync 1 DAGs
[2022-02-19 14:01:53,795] {logging_mixin.py:109} INFO - [2022-02-19 14:01:53,795] {dag.py:2935} INFO - Setting next_dagrun for example_skip_dag to 2022-02-18T14:01:53.794040+00:00
[2022-02-19 14:01:53,808] {processor.py:171} INFO - Processing /home/airflow/.local/lib/python3.7/site-packages/airflow/example_dags/example_skip_dag.py took 0.087 seconds
[2022-02-19 14:02:27,209] {processor.py:163} INFO - Started process (PID=267) to work on /home/airflow/.local/lib/python3.7/site-packages/airflow/example_dags/example_skip_dag.py
[2022-02-19 14:02:27,411] {processor.py:642} INFO - Processing file /home/airflow/.local/lib/python3.7/site-packages/airflow/example_dags/example_skip_dag.py for tasks to queue
[2022-02-19 14:02:27,615] {logging_mixin.py:109} INFO - [2022-02-19 14:02:27,613] {dagbag.py:500} INFO - Filling up the DagBag from /home/airflow/.local/lib/python3.7/site-packages/airflow/example_dags/example_skip_dag.py
[2022-02-19 14:02:46,229] {processor.py:654} INFO - DAG(s) dict_keys(['example_skip_dag']) retrieved from /home/airflow/.local/lib/python3.7/site-packages/airflow/example_dags/example_skip_dag.py
[2022-02-19 14:02:48,438] {logging_mixin.py:109} INFO - [2022-02-19 14:02:48,435] {dag.py:2396} INFO - Sync 1 DAGs
[2022-02-19 14:02:48,717] {logging_mixin.py:109} INFO - [2022-02-19 14:02:48,717] {dag.py:2935} INFO - Setting next_dagrun for example_skip_dag to 2022-02-18T14:02:48.655161+00:00
[2022-02-19 14:02:48,794] {processor.py:171} INFO - Processing /home/airflow/.local/lib/python3.7/site-packages/airflow/example_dags/example_skip_dag.py took 21.770 seconds
[2022-02-19 14:05:35,670] {processor.py:163} INFO - Started process (PID=365) to work on /home/airflow/.local/lib/python3.7/site-packages/airflow/example_dags/example_skip_dag.py
[2022-02-19 14:05:35,762] {processor.py:642} INFO - Processing file /home/airflow/.local/lib/python3.7/site-packages/airflow/example_dags/example_skip_dag.py for tasks to queue
[2022-02-19 14:05:35,784] {logging_mixin.py:109} INFO - [2022-02-19 14:05:35,783] {dagbag.py:500} INFO - Filling up the DagBag from /home/airflow/.local/lib/python3.7/site-packages/airflow/example_dags/example_skip_dag.py
[2022-02-19 14:05:37,110] {processor.py:654} INFO - DAG(s) dict_keys(['example_skip_dag']) retrieved from /home/airflow/.local/lib/python3.7/site-packages/airflow/example_dags/example_skip_dag.py
[2022-02-19 14:05:37,336] {logging_mixin.py:109} INFO - [2022-02-19 14:05:37,335] {dag.py:2396} INFO - Sync 1 DAGs
[2022-02-19 14:05:37,431] {logging_mixin.py:109} INFO - [2022-02-19 14:05:37,431] {dag.py:2935} INFO - Setting next_dagrun for example_skip_dag to 2022-02-18T14:05:37.428218+00:00
[2022-02-19 14:05:38,575] {processor.py:171} INFO - Processing /home/airflow/.local/lib/python3.7/site-packages/airflow/example_dags/example_skip_dag.py took 3.155 seconds
[2022-02-19 14:06:49,668] {processor.py:163} INFO - Started process (PID=44) to work on /home/airflow/.local/lib/python3.7/site-packages/airflow/example_dags/example_skip_dag.py
[2022-02-19 14:06:49,684] {processor.py:642} INFO - Processing file /home/airflow/.local/lib/python3.7/site-packages/airflow/example_dags/example_skip_dag.py for tasks to queue
[2022-02-19 14:06:49,692] {logging_mixin.py:109} INFO - [2022-02-19 14:06:49,692] {dagbag.py:500} INFO - Filling up the DagBag from /home/airflow/.local/lib/python3.7/site-packages/airflow/example_dags/example_skip_dag.py
[2022-02-19 14:06:49,818] {processor.py:654} INFO - DAG(s) dict_keys(['example_skip_dag']) retrieved from /home/airflow/.local/lib/python3.7/site-packages/airflow/example_dags/example_skip_dag.py
[2022-02-19 14:06:49,893] {logging_mixin.py:109} INFO - [2022-02-19 14:06:49,893] {dag.py:2396} INFO - Sync 1 DAGs
[2022-02-19 14:06:50,049] {logging_mixin.py:109} INFO - [2022-02-19 14:06:50,049] {dag.py:2935} INFO - Setting next_dagrun for example_skip_dag to 2022-02-18T14:06:50.049407+00:00
[2022-02-19 14:06:50,104] {processor.py:171} INFO - Processing /home/airflow/.local/lib/python3.7/site-packages/airflow/example_dags/example_skip_dag.py took 0.443 seconds
[2022-02-19 14:08:33,491] {processor.py:163} INFO - Started process (PID=124) to work on /home/airflow/.local/lib/python3.7/site-packages/airflow/example_dags/example_skip_dag.py
[2022-02-19 14:08:35,372] {processor.py:642} INFO - Processing file /home/airflow/.local/lib/python3.7/site-packages/airflow/example_dags/example_skip_dag.py for tasks to queue
[2022-02-19 14:08:35,395] {logging_mixin.py:109} INFO - [2022-02-19 14:08:35,393] {dagbag.py:500} INFO - Filling up the DagBag from /home/airflow/.local/lib/python3.7/site-packages/airflow/example_dags/example_skip_dag.py
[2022-02-19 14:08:35,997] {processor.py:654} INFO - DAG(s) dict_keys(['example_skip_dag']) retrieved from /home/airflow/.local/lib/python3.7/site-packages/airflow/example_dags/example_skip_dag.py
[2022-02-19 14:08:41,958] {logging_mixin.py:109} INFO - [2022-02-19 14:08:41,948] {dag.py:2396} INFO - Sync 1 DAGs
[2022-02-19 14:08:43,341] {logging_mixin.py:109} INFO - [2022-02-19 14:08:43,338] {dag.py:2935} INFO - Setting next_dagrun for example_skip_dag to 2022-02-18T14:08:43.318411+00:00
[2022-02-19 14:08:43,823] {processor.py:171} INFO - Processing /home/airflow/.local/lib/python3.7/site-packages/airflow/example_dags/example_skip_dag.py took 10.405 seconds
[2022-02-19 14:10:13,973] {processor.py:163} INFO - Started process (PID=174) to work on /home/airflow/.local/lib/python3.7/site-packages/airflow/example_dags/example_skip_dag.py
[2022-02-19 14:10:13,982] {processor.py:642} INFO - Processing file /home/airflow/.local/lib/python3.7/site-packages/airflow/example_dags/example_skip_dag.py for tasks to queue
[2022-02-19 14:10:13,992] {logging_mixin.py:109} INFO - [2022-02-19 14:10:13,991] {dagbag.py:500} INFO - Filling up the DagBag from /home/airflow/.local/lib/python3.7/site-packages/airflow/example_dags/example_skip_dag.py
[2022-02-19 14:10:14,659] {processor.py:654} INFO - DAG(s) dict_keys(['example_skip_dag']) retrieved from /home/airflow/.local/lib/python3.7/site-packages/airflow/example_dags/example_skip_dag.py
[2022-02-19 14:10:15,211] {logging_mixin.py:109} INFO - [2022-02-19 14:10:15,207] {dag.py:2396} INFO - Sync 1 DAGs
[2022-02-19 14:10:15,859] {logging_mixin.py:109} INFO - [2022-02-19 14:10:15,858] {dag.py:2935} INFO - Setting next_dagrun for example_skip_dag to 2022-02-18T14:10:15.852751+00:00
[2022-02-19 14:10:16,011] {processor.py:171} INFO - Processing /home/airflow/.local/lib/python3.7/site-packages/airflow/example_dags/example_skip_dag.py took 2.109 seconds
[2022-02-19 14:11:01,530] {processor.py:163} INFO - Started process (PID=203) to work on /home/airflow/.local/lib/python3.7/site-packages/airflow/example_dags/example_skip_dag.py
[2022-02-19 14:11:01,536] {processor.py:642} INFO - Processing file /home/airflow/.local/lib/python3.7/site-packages/airflow/example_dags/example_skip_dag.py for tasks to queue
[2022-02-19 14:11:01,547] {logging_mixin.py:109} INFO - [2022-02-19 14:11:01,547] {dagbag.py:500} INFO - Filling up the DagBag from /home/airflow/.local/lib/python3.7/site-packages/airflow/example_dags/example_skip_dag.py
[2022-02-19 14:11:04,139] {processor.py:654} INFO - DAG(s) dict_keys(['example_skip_dag']) retrieved from /home/airflow/.local/lib/python3.7/site-packages/airflow/example_dags/example_skip_dag.py
[2022-02-19 14:11:05,207] {logging_mixin.py:109} INFO - [2022-02-19 14:11:05,206] {dag.py:2396} INFO - Sync 1 DAGs
[2022-02-19 14:11:05,438] {logging_mixin.py:109} INFO - [2022-02-19 14:11:05,437] {dag.py:2935} INFO - Setting next_dagrun for example_skip_dag to 2022-02-18T14:11:05.415040+00:00
[2022-02-19 14:11:05,805] {processor.py:171} INFO - Processing /home/airflow/.local/lib/python3.7/site-packages/airflow/example_dags/example_skip_dag.py took 4.390 seconds
[2022-02-19 14:15:17,093] {processor.py:163} INFO - Started process (PID=129) to work on /home/airflow/.local/lib/python3.7/site-packages/airflow/example_dags/example_skip_dag.py
[2022-02-19 14:15:17,106] {processor.py:642} INFO - Processing file /home/airflow/.local/lib/python3.7/site-packages/airflow/example_dags/example_skip_dag.py for tasks to queue
[2022-02-19 14:15:17,111] {logging_mixin.py:109} INFO - [2022-02-19 14:15:17,110] {dagbag.py:500} INFO - Filling up the DagBag from /home/airflow/.local/lib/python3.7/site-packages/airflow/example_dags/example_skip_dag.py
[2022-02-19 14:15:17,330] {processor.py:654} INFO - DAG(s) dict_keys(['example_skip_dag']) retrieved from /home/airflow/.local/lib/python3.7/site-packages/airflow/example_dags/example_skip_dag.py
[2022-02-19 14:15:17,351] {logging_mixin.py:109} INFO - [2022-02-19 14:15:17,351] {dag.py:2396} INFO - Sync 1 DAGs
[2022-02-19 14:15:17,396] {logging_mixin.py:109} INFO - [2022-02-19 14:15:17,395] {dag.py:2935} INFO - Setting next_dagrun for example_skip_dag to 2022-02-18T14:15:17.390472+00:00
[2022-02-19 14:15:17,447] {processor.py:171} INFO - Processing /home/airflow/.local/lib/python3.7/site-packages/airflow/example_dags/example_skip_dag.py took 0.484 seconds
[2022-02-19 14:15:59,670] {processor.py:163} INFO - Started process (PID=171) to work on /home/airflow/.local/lib/python3.7/site-packages/airflow/example_dags/example_skip_dag.py
[2022-02-19 14:15:59,672] {processor.py:642} INFO - Processing file /home/airflow/.local/lib/python3.7/site-packages/airflow/example_dags/example_skip_dag.py for tasks to queue
[2022-02-19 14:15:59,684] {logging_mixin.py:109} INFO - [2022-02-19 14:15:59,684] {dagbag.py:500} INFO - Filling up the DagBag from /home/airflow/.local/lib/python3.7/site-packages/airflow/example_dags/example_skip_dag.py
[2022-02-19 14:15:59,836] {processor.py:654} INFO - DAG(s) dict_keys(['example_skip_dag']) retrieved from /home/airflow/.local/lib/python3.7/site-packages/airflow/example_dags/example_skip_dag.py
[2022-02-19 14:15:59,869] {logging_mixin.py:109} INFO - [2022-02-19 14:15:59,869] {dag.py:2396} INFO - Sync 1 DAGs
[2022-02-19 14:15:59,914] {logging_mixin.py:109} INFO - [2022-02-19 14:15:59,914] {dag.py:2935} INFO - Setting next_dagrun for example_skip_dag to 2022-02-18T14:15:59.914038+00:00
[2022-02-19 14:15:59,944] {processor.py:171} INFO - Processing /home/airflow/.local/lib/python3.7/site-packages/airflow/example_dags/example_skip_dag.py took 0.308 seconds
[2022-02-19 14:17:03,897] {processor.py:163} INFO - Started process (PID=223) to work on /home/airflow/.local/lib/python3.7/site-packages/airflow/example_dags/example_skip_dag.py
[2022-02-19 14:17:03,918] {processor.py:642} INFO - Processing file /home/airflow/.local/lib/python3.7/site-packages/airflow/example_dags/example_skip_dag.py for tasks to queue
[2022-02-19 14:17:03,931] {logging_mixin.py:109} INFO - [2022-02-19 14:17:03,929] {dagbag.py:500} INFO - Filling up the DagBag from /home/airflow/.local/lib/python3.7/site-packages/airflow/example_dags/example_skip_dag.py
[2022-02-19 14:17:04,355] {processor.py:654} INFO - DAG(s) dict_keys(['example_skip_dag']) retrieved from /home/airflow/.local/lib/python3.7/site-packages/airflow/example_dags/example_skip_dag.py
[2022-02-19 14:17:04,434] {logging_mixin.py:109} INFO - [2022-02-19 14:17:04,434] {dag.py:2396} INFO - Sync 1 DAGs
[2022-02-19 14:17:04,541] {logging_mixin.py:109} INFO - [2022-02-19 14:17:04,541] {dag.py:2935} INFO - Setting next_dagrun for example_skip_dag to 2022-02-18T14:17:04.539539+00:00
[2022-02-19 14:17:04,666] {processor.py:171} INFO - Processing /home/airflow/.local/lib/python3.7/site-packages/airflow/example_dags/example_skip_dag.py took 0.836 seconds
[2022-02-19 14:18:54,204] {processor.py:163} INFO - Started process (PID=272) to work on /home/airflow/.local/lib/python3.7/site-packages/airflow/example_dags/example_skip_dag.py
[2022-02-19 14:18:54,226] {processor.py:642} INFO - Processing file /home/airflow/.local/lib/python3.7/site-packages/airflow/example_dags/example_skip_dag.py for tasks to queue
[2022-02-19 14:18:54,257] {logging_mixin.py:109} INFO - [2022-02-19 14:18:54,251] {dagbag.py:500} INFO - Filling up the DagBag from /home/airflow/.local/lib/python3.7/site-packages/airflow/example_dags/example_skip_dag.py
[2022-02-19 14:18:56,293] {processor.py:654} INFO - DAG(s) dict_keys(['example_skip_dag']) retrieved from /home/airflow/.local/lib/python3.7/site-packages/airflow/example_dags/example_skip_dag.py
[2022-02-19 14:19:10,628] {logging_mixin.py:109} INFO - [2022-02-19 14:19:10,627] {dag.py:2396} INFO - Sync 1 DAGs
[2022-02-19 14:19:12,175] {logging_mixin.py:109} INFO - [2022-02-19 14:19:12,175] {dag.py:2935} INFO - Setting next_dagrun for example_skip_dag to 2022-02-18T14:19:12.164283+00:00
[2022-02-19 14:19:12,332] {processor.py:171} INFO - Processing /home/airflow/.local/lib/python3.7/site-packages/airflow/example_dags/example_skip_dag.py took 18.203 seconds
[2022-02-19 14:20:49,678] {processor.py:163} INFO - Started process (PID=44) to work on /home/airflow/.local/lib/python3.7/site-packages/airflow/example_dags/example_skip_dag.py
[2022-02-19 14:20:49,680] {processor.py:642} INFO - Processing file /home/airflow/.local/lib/python3.7/site-packages/airflow/example_dags/example_skip_dag.py for tasks to queue
[2022-02-19 14:20:49,681] {logging_mixin.py:109} INFO - [2022-02-19 14:20:49,681] {dagbag.py:500} INFO - Filling up the DagBag from /home/airflow/.local/lib/python3.7/site-packages/airflow/example_dags/example_skip_dag.py
[2022-02-19 14:20:49,718] {processor.py:654} INFO - DAG(s) dict_keys(['example_skip_dag']) retrieved from /home/airflow/.local/lib/python3.7/site-packages/airflow/example_dags/example_skip_dag.py
[2022-02-19 14:20:49,736] {logging_mixin.py:109} INFO - [2022-02-19 14:20:49,736] {dag.py:2396} INFO - Sync 1 DAGs
[2022-02-19 14:20:49,777] {logging_mixin.py:109} INFO - [2022-02-19 14:20:49,777] {dag.py:2935} INFO - Setting next_dagrun for example_skip_dag to 2022-02-18T14:20:49.776926+00:00
[2022-02-19 14:20:49,791] {processor.py:171} INFO - Processing /home/airflow/.local/lib/python3.7/site-packages/airflow/example_dags/example_skip_dag.py took 0.118 seconds
[2022-02-19 14:22:12,564] {processor.py:163} INFO - Started process (PID=104) to work on /home/airflow/.local/lib/python3.7/site-packages/airflow/example_dags/example_skip_dag.py
[2022-02-19 14:22:12,577] {processor.py:642} INFO - Processing file /home/airflow/.local/lib/python3.7/site-packages/airflow/example_dags/example_skip_dag.py for tasks to queue
[2022-02-19 14:22:12,584] {logging_mixin.py:109} INFO - [2022-02-19 14:22:12,583] {dagbag.py:500} INFO - Filling up the DagBag from /home/airflow/.local/lib/python3.7/site-packages/airflow/example_dags/example_skip_dag.py
[2022-02-19 14:22:12,741] {processor.py:654} INFO - DAG(s) dict_keys(['example_skip_dag']) retrieved from /home/airflow/.local/lib/python3.7/site-packages/airflow/example_dags/example_skip_dag.py
[2022-02-19 14:22:12,818] {logging_mixin.py:109} INFO - [2022-02-19 14:22:12,817] {dag.py:2396} INFO - Sync 1 DAGs
[2022-02-19 14:22:12,963] {logging_mixin.py:109} INFO - [2022-02-19 14:22:12,963] {dag.py:2935} INFO - Setting next_dagrun for example_skip_dag to 2022-02-18T14:22:12.962753+00:00
[2022-02-19 14:22:13,089] {processor.py:171} INFO - Processing /home/airflow/.local/lib/python3.7/site-packages/airflow/example_dags/example_skip_dag.py took 0.533 seconds
[2022-02-19 14:22:48,384] {processor.py:163} INFO - Started process (PID=156) to work on /home/airflow/.local/lib/python3.7/site-packages/airflow/example_dags/example_skip_dag.py
[2022-02-19 14:22:48,390] {processor.py:642} INFO - Processing file /home/airflow/.local/lib/python3.7/site-packages/airflow/example_dags/example_skip_dag.py for tasks to queue
[2022-02-19 14:22:48,394] {logging_mixin.py:109} INFO - [2022-02-19 14:22:48,394] {dagbag.py:500} INFO - Filling up the DagBag from /home/airflow/.local/lib/python3.7/site-packages/airflow/example_dags/example_skip_dag.py
[2022-02-19 14:22:48,792] {processor.py:654} INFO - DAG(s) dict_keys(['example_skip_dag']) retrieved from /home/airflow/.local/lib/python3.7/site-packages/airflow/example_dags/example_skip_dag.py
[2022-02-19 14:22:48,915] {logging_mixin.py:109} INFO - [2022-02-19 14:22:48,913] {dag.py:2396} INFO - Sync 1 DAGs
[2022-02-19 14:22:49,116] {logging_mixin.py:109} INFO - [2022-02-19 14:22:49,114] {dag.py:2935} INFO - Setting next_dagrun for example_skip_dag to 2022-02-18T14:22:49.109941+00:00
[2022-02-19 14:22:50,560] {processor.py:171} INFO - Processing /home/airflow/.local/lib/python3.7/site-packages/airflow/example_dags/example_skip_dag.py took 2.185 seconds
[2022-02-19 14:25:45,541] {processor.py:163} INFO - Started process (PID=252) to work on /home/airflow/.local/lib/python3.7/site-packages/airflow/example_dags/example_skip_dag.py
[2022-02-19 14:25:45,558] {processor.py:642} INFO - Processing file /home/airflow/.local/lib/python3.7/site-packages/airflow/example_dags/example_skip_dag.py for tasks to queue
[2022-02-19 14:25:45,565] {logging_mixin.py:109} INFO - [2022-02-19 14:25:45,564] {dagbag.py:500} INFO - Filling up the DagBag from /home/airflow/.local/lib/python3.7/site-packages/airflow/example_dags/example_skip_dag.py
[2022-02-19 14:25:50,511] {processor.py:654} INFO - DAG(s) dict_keys(['example_skip_dag']) retrieved from /home/airflow/.local/lib/python3.7/site-packages/airflow/example_dags/example_skip_dag.py
[2022-02-19 14:25:54,193] {logging_mixin.py:109} INFO - [2022-02-19 14:25:54,187] {dag.py:2396} INFO - Sync 1 DAGs
[2022-02-19 14:25:54,723] {logging_mixin.py:109} INFO - [2022-02-19 14:25:54,723] {dag.py:2935} INFO - Setting next_dagrun for example_skip_dag to 2022-02-18T14:25:54.621616+00:00
[2022-02-19 14:26:56,676] {processor.py:163} INFO - Started process (PID=51) to work on /home/airflow/.local/lib/python3.7/site-packages/airflow/example_dags/example_skip_dag.py
[2022-02-19 14:26:56,679] {processor.py:642} INFO - Processing file /home/airflow/.local/lib/python3.7/site-packages/airflow/example_dags/example_skip_dag.py for tasks to queue
[2022-02-19 14:26:56,683] {logging_mixin.py:109} INFO - [2022-02-19 14:26:56,682] {dagbag.py:500} INFO - Filling up the DagBag from /home/airflow/.local/lib/python3.7/site-packages/airflow/example_dags/example_skip_dag.py
[2022-02-19 14:26:56,784] {processor.py:654} INFO - DAG(s) dict_keys(['example_skip_dag']) retrieved from /home/airflow/.local/lib/python3.7/site-packages/airflow/example_dags/example_skip_dag.py
[2022-02-19 14:26:56,822] {logging_mixin.py:109} INFO - [2022-02-19 14:26:56,822] {dag.py:2396} INFO - Sync 1 DAGs
[2022-02-19 14:26:56,889] {logging_mixin.py:109} INFO - [2022-02-19 14:26:56,888] {dag.py:2935} INFO - Setting next_dagrun for example_skip_dag to 2022-02-18T14:26:56.888349+00:00
[2022-02-19 14:26:56,930] {processor.py:171} INFO - Processing /home/airflow/.local/lib/python3.7/site-packages/airflow/example_dags/example_skip_dag.py took 0.262 seconds
