[2022-02-19 13:24:12,446] {processor.py:163} INFO - Started process (PID=384) to work on /home/airflow/.local/lib/python3.7/site-packages/airflow/example_dags/example_branch_labels.py
[2022-02-19 13:24:12,450] {processor.py:642} INFO - Processing file /home/airflow/.local/lib/python3.7/site-packages/airflow/example_dags/example_branch_labels.py for tasks to queue
[2022-02-19 13:24:12,452] {logging_mixin.py:109} INFO - [2022-02-19 13:24:12,451] {dagbag.py:500} INFO - Filling up the DagBag from /home/airflow/.local/lib/python3.7/site-packages/airflow/example_dags/example_branch_labels.py
[2022-02-19 13:24:12,551] {processor.py:654} INFO - DAG(s) dict_keys(['example_branch_labels']) retrieved from /home/airflow/.local/lib/python3.7/site-packages/airflow/example_dags/example_branch_labels.py
[2022-02-19 13:24:31,353] {logging_mixin.py:109} INFO - [2022-02-19 13:24:31,353] {manager.py:496} INFO - Created Permission View: can read on DAG:example_branch_labels
[2022-02-19 13:24:31,417] {logging_mixin.py:109} INFO - [2022-02-19 13:24:31,417] {manager.py:496} INFO - Created Permission View: can edit on DAG:example_branch_labels
[2022-02-19 13:24:31,420] {logging_mixin.py:109} INFO - [2022-02-19 13:24:31,420] {dag.py:2396} INFO - Sync 1 DAGs
[2022-02-19 13:24:31,457] {logging_mixin.py:109} INFO - [2022-02-19 13:24:31,457] {dag.py:2415} INFO - Creating ORM DAG for example_branch_labels
[2022-02-19 13:24:31,476] {logging_mixin.py:109} INFO - [2022-02-19 13:24:31,476] {dag.py:2935} INFO - Setting next_dagrun for example_branch_labels to 2022-02-18 00:00:00+00:00
[2022-02-19 13:24:31,498] {processor.py:171} INFO - Processing /home/airflow/.local/lib/python3.7/site-packages/airflow/example_dags/example_branch_labels.py took 19.153 seconds
[2022-02-19 13:29:44,425] {processor.py:163} INFO - Started process (PID=690) to work on /home/airflow/.local/lib/python3.7/site-packages/airflow/example_dags/example_branch_labels.py
[2022-02-19 13:29:44,428] {processor.py:642} INFO - Processing file /home/airflow/.local/lib/python3.7/site-packages/airflow/example_dags/example_branch_labels.py for tasks to queue
[2022-02-19 13:29:44,429] {logging_mixin.py:109} INFO - [2022-02-19 13:29:44,429] {dagbag.py:500} INFO - Filling up the DagBag from /home/airflow/.local/lib/python3.7/site-packages/airflow/example_dags/example_branch_labels.py
[2022-02-19 13:29:44,472] {processor.py:654} INFO - DAG(s) dict_keys(['example_branch_labels']) retrieved from /home/airflow/.local/lib/python3.7/site-packages/airflow/example_dags/example_branch_labels.py
[2022-02-19 13:29:44,488] {logging_mixin.py:109} INFO - [2022-02-19 13:29:44,488] {dag.py:2396} INFO - Sync 1 DAGs
[2022-02-19 13:29:44,513] {logging_mixin.py:109} INFO - [2022-02-19 13:29:44,513] {dag.py:2935} INFO - Setting next_dagrun for example_branch_labels to 2022-02-18 00:00:00+00:00
[2022-02-19 13:29:44,527] {processor.py:171} INFO - Processing /home/airflow/.local/lib/python3.7/site-packages/airflow/example_dags/example_branch_labels.py took 0.106 seconds
[2022-02-19 13:37:16,363] {processor.py:163} INFO - Started process (PID=175) to work on /home/airflow/.local/lib/python3.7/site-packages/airflow/example_dags/example_branch_labels.py
[2022-02-19 13:37:16,367] {processor.py:642} INFO - Processing file /home/airflow/.local/lib/python3.7/site-packages/airflow/example_dags/example_branch_labels.py for tasks to queue
[2022-02-19 13:37:16,373] {logging_mixin.py:109} INFO - [2022-02-19 13:37:16,373] {dagbag.py:500} INFO - Filling up the DagBag from /home/airflow/.local/lib/python3.7/site-packages/airflow/example_dags/example_branch_labels.py
[2022-02-19 13:37:16,495] {processor.py:654} INFO - DAG(s) dict_keys(['example_branch_labels']) retrieved from /home/airflow/.local/lib/python3.7/site-packages/airflow/example_dags/example_branch_labels.py
[2022-02-19 13:37:16,552] {logging_mixin.py:109} INFO - [2022-02-19 13:37:16,552] {dag.py:2396} INFO - Sync 1 DAGs
[2022-02-19 13:37:16,644] {logging_mixin.py:109} INFO - [2022-02-19 13:37:16,644] {dag.py:2935} INFO - Setting next_dagrun for example_branch_labels to 2022-02-18 00:00:00+00:00
[2022-02-19 13:37:16,715] {processor.py:171} INFO - Processing /home/airflow/.local/lib/python3.7/site-packages/airflow/example_dags/example_branch_labels.py took 0.360 seconds
[2022-02-19 13:37:53,774] {processor.py:163} INFO - Started process (PID=246) to work on /home/airflow/.local/lib/python3.7/site-packages/airflow/example_dags/example_branch_labels.py
[2022-02-19 13:37:53,791] {processor.py:642} INFO - Processing file /home/airflow/.local/lib/python3.7/site-packages/airflow/example_dags/example_branch_labels.py for tasks to queue
[2022-02-19 13:37:53,796] {logging_mixin.py:109} INFO - [2022-02-19 13:37:53,796] {dagbag.py:500} INFO - Filling up the DagBag from /home/airflow/.local/lib/python3.7/site-packages/airflow/example_dags/example_branch_labels.py
[2022-02-19 13:37:53,871] {processor.py:654} INFO - DAG(s) dict_keys(['example_branch_labels']) retrieved from /home/airflow/.local/lib/python3.7/site-packages/airflow/example_dags/example_branch_labels.py
[2022-02-19 13:37:53,891] {logging_mixin.py:109} INFO - [2022-02-19 13:37:53,891] {dag.py:2396} INFO - Sync 1 DAGs
[2022-02-19 13:37:53,913] {logging_mixin.py:109} INFO - [2022-02-19 13:37:53,913] {dag.py:2935} INFO - Setting next_dagrun for example_branch_labels to 2022-02-18 00:00:00+00:00
[2022-02-19 13:37:53,925] {processor.py:171} INFO - Processing /home/airflow/.local/lib/python3.7/site-packages/airflow/example_dags/example_branch_labels.py took 0.168 seconds
[2022-02-19 13:38:24,184] {processor.py:163} INFO - Started process (PID=296) to work on /home/airflow/.local/lib/python3.7/site-packages/airflow/example_dags/example_branch_labels.py
[2022-02-19 13:38:24,186] {processor.py:642} INFO - Processing file /home/airflow/.local/lib/python3.7/site-packages/airflow/example_dags/example_branch_labels.py for tasks to queue
[2022-02-19 13:38:24,187] {logging_mixin.py:109} INFO - [2022-02-19 13:38:24,187] {dagbag.py:500} INFO - Filling up the DagBag from /home/airflow/.local/lib/python3.7/site-packages/airflow/example_dags/example_branch_labels.py
[2022-02-19 13:38:24,220] {processor.py:654} INFO - DAG(s) dict_keys(['example_branch_labels']) retrieved from /home/airflow/.local/lib/python3.7/site-packages/airflow/example_dags/example_branch_labels.py
[2022-02-19 13:38:24,231] {logging_mixin.py:109} INFO - [2022-02-19 13:38:24,231] {dag.py:2396} INFO - Sync 1 DAGs
[2022-02-19 13:38:24,248] {logging_mixin.py:109} INFO - [2022-02-19 13:38:24,248] {dag.py:2935} INFO - Setting next_dagrun for example_branch_labels to 2022-02-18 00:00:00+00:00
[2022-02-19 13:38:24,261] {processor.py:171} INFO - Processing /home/airflow/.local/lib/python3.7/site-packages/airflow/example_dags/example_branch_labels.py took 0.080 seconds
[2022-02-19 13:38:55,330] {processor.py:163} INFO - Started process (PID=346) to work on /home/airflow/.local/lib/python3.7/site-packages/airflow/example_dags/example_branch_labels.py
[2022-02-19 13:38:55,332] {processor.py:642} INFO - Processing file /home/airflow/.local/lib/python3.7/site-packages/airflow/example_dags/example_branch_labels.py for tasks to queue
[2022-02-19 13:38:55,335] {logging_mixin.py:109} INFO - [2022-02-19 13:38:55,335] {dagbag.py:500} INFO - Filling up the DagBag from /home/airflow/.local/lib/python3.7/site-packages/airflow/example_dags/example_branch_labels.py
[2022-02-19 13:38:55,368] {processor.py:654} INFO - DAG(s) dict_keys(['example_branch_labels']) retrieved from /home/airflow/.local/lib/python3.7/site-packages/airflow/example_dags/example_branch_labels.py
[2022-02-19 13:38:55,381] {logging_mixin.py:109} INFO - [2022-02-19 13:38:55,380] {dag.py:2396} INFO - Sync 1 DAGs
[2022-02-19 13:38:55,406] {logging_mixin.py:109} INFO - [2022-02-19 13:38:55,405] {dag.py:2935} INFO - Setting next_dagrun for example_branch_labels to 2022-02-18 00:00:00+00:00
[2022-02-19 13:38:55,414] {processor.py:171} INFO - Processing /home/airflow/.local/lib/python3.7/site-packages/airflow/example_dags/example_branch_labels.py took 0.088 seconds
[2022-02-19 13:39:25,881] {processor.py:163} INFO - Started process (PID=406) to work on /home/airflow/.local/lib/python3.7/site-packages/airflow/example_dags/example_branch_labels.py
[2022-02-19 13:39:25,883] {processor.py:642} INFO - Processing file /home/airflow/.local/lib/python3.7/site-packages/airflow/example_dags/example_branch_labels.py for tasks to queue
[2022-02-19 13:39:25,885] {logging_mixin.py:109} INFO - [2022-02-19 13:39:25,884] {dagbag.py:500} INFO - Filling up the DagBag from /home/airflow/.local/lib/python3.7/site-packages/airflow/example_dags/example_branch_labels.py
[2022-02-19 13:39:25,919] {processor.py:654} INFO - DAG(s) dict_keys(['example_branch_labels']) retrieved from /home/airflow/.local/lib/python3.7/site-packages/airflow/example_dags/example_branch_labels.py
[2022-02-19 13:39:25,929] {logging_mixin.py:109} INFO - [2022-02-19 13:39:25,929] {dag.py:2396} INFO - Sync 1 DAGs
[2022-02-19 13:39:25,947] {logging_mixin.py:109} INFO - [2022-02-19 13:39:25,947] {dag.py:2935} INFO - Setting next_dagrun for example_branch_labels to 2022-02-18 00:00:00+00:00
[2022-02-19 13:39:25,962] {processor.py:171} INFO - Processing /home/airflow/.local/lib/python3.7/site-packages/airflow/example_dags/example_branch_labels.py took 0.086 seconds
[2022-02-19 13:39:57,178] {processor.py:163} INFO - Started process (PID=459) to work on /home/airflow/.local/lib/python3.7/site-packages/airflow/example_dags/example_branch_labels.py
[2022-02-19 13:39:57,180] {processor.py:642} INFO - Processing file /home/airflow/.local/lib/python3.7/site-packages/airflow/example_dags/example_branch_labels.py for tasks to queue
[2022-02-19 13:39:57,181] {logging_mixin.py:109} INFO - [2022-02-19 13:39:57,181] {dagbag.py:500} INFO - Filling up the DagBag from /home/airflow/.local/lib/python3.7/site-packages/airflow/example_dags/example_branch_labels.py
[2022-02-19 13:39:57,213] {processor.py:654} INFO - DAG(s) dict_keys(['example_branch_labels']) retrieved from /home/airflow/.local/lib/python3.7/site-packages/airflow/example_dags/example_branch_labels.py
[2022-02-19 13:39:57,224] {logging_mixin.py:109} INFO - [2022-02-19 13:39:57,224] {dag.py:2396} INFO - Sync 1 DAGs
[2022-02-19 13:39:57,243] {logging_mixin.py:109} INFO - [2022-02-19 13:39:57,243] {dag.py:2935} INFO - Setting next_dagrun for example_branch_labels to 2022-02-18 00:00:00+00:00
[2022-02-19 13:39:57,252] {processor.py:171} INFO - Processing /home/airflow/.local/lib/python3.7/site-packages/airflow/example_dags/example_branch_labels.py took 0.077 seconds
[2022-02-19 13:40:28,390] {processor.py:163} INFO - Started process (PID=519) to work on /home/airflow/.local/lib/python3.7/site-packages/airflow/example_dags/example_branch_labels.py
[2022-02-19 13:40:28,392] {processor.py:642} INFO - Processing file /home/airflow/.local/lib/python3.7/site-packages/airflow/example_dags/example_branch_labels.py for tasks to queue
[2022-02-19 13:40:28,393] {logging_mixin.py:109} INFO - [2022-02-19 13:40:28,393] {dagbag.py:500} INFO - Filling up the DagBag from /home/airflow/.local/lib/python3.7/site-packages/airflow/example_dags/example_branch_labels.py
[2022-02-19 13:40:28,431] {processor.py:654} INFO - DAG(s) dict_keys(['example_branch_labels']) retrieved from /home/airflow/.local/lib/python3.7/site-packages/airflow/example_dags/example_branch_labels.py
[2022-02-19 13:40:28,443] {logging_mixin.py:109} INFO - [2022-02-19 13:40:28,443] {dag.py:2396} INFO - Sync 1 DAGs
[2022-02-19 13:40:28,460] {logging_mixin.py:109} INFO - [2022-02-19 13:40:28,460] {dag.py:2935} INFO - Setting next_dagrun for example_branch_labels to 2022-02-18 00:00:00+00:00
[2022-02-19 13:40:28,469] {processor.py:171} INFO - Processing /home/airflow/.local/lib/python3.7/site-packages/airflow/example_dags/example_branch_labels.py took 0.083 seconds
[2022-02-19 13:41:03,081] {processor.py:163} INFO - Started process (PID=578) to work on /home/airflow/.local/lib/python3.7/site-packages/airflow/example_dags/example_branch_labels.py
[2022-02-19 13:41:03,084] {processor.py:642} INFO - Processing file /home/airflow/.local/lib/python3.7/site-packages/airflow/example_dags/example_branch_labels.py for tasks to queue
[2022-02-19 13:41:03,087] {logging_mixin.py:109} INFO - [2022-02-19 13:41:03,087] {dagbag.py:500} INFO - Filling up the DagBag from /home/airflow/.local/lib/python3.7/site-packages/airflow/example_dags/example_branch_labels.py
[2022-02-19 13:41:03,174] {processor.py:654} INFO - DAG(s) dict_keys(['example_branch_labels']) retrieved from /home/airflow/.local/lib/python3.7/site-packages/airflow/example_dags/example_branch_labels.py
[2022-02-19 13:41:03,196] {logging_mixin.py:109} INFO - [2022-02-19 13:41:03,196] {dag.py:2396} INFO - Sync 1 DAGs
[2022-02-19 13:41:03,235] {logging_mixin.py:109} INFO - [2022-02-19 13:41:03,235] {dag.py:2935} INFO - Setting next_dagrun for example_branch_labels to 2022-02-18 00:00:00+00:00
[2022-02-19 13:41:03,253] {processor.py:171} INFO - Processing /home/airflow/.local/lib/python3.7/site-packages/airflow/example_dags/example_branch_labels.py took 0.187 seconds
[2022-02-19 13:41:39,813] {processor.py:163} INFO - Started process (PID=623) to work on /home/airflow/.local/lib/python3.7/site-packages/airflow/example_dags/example_branch_labels.py
[2022-02-19 13:41:39,816] {processor.py:642} INFO - Processing file /home/airflow/.local/lib/python3.7/site-packages/airflow/example_dags/example_branch_labels.py for tasks to queue
[2022-02-19 13:41:39,817] {logging_mixin.py:109} INFO - [2022-02-19 13:41:39,817] {dagbag.py:500} INFO - Filling up the DagBag from /home/airflow/.local/lib/python3.7/site-packages/airflow/example_dags/example_branch_labels.py
[2022-02-19 13:41:39,868] {processor.py:654} INFO - DAG(s) dict_keys(['example_branch_labels']) retrieved from /home/airflow/.local/lib/python3.7/site-packages/airflow/example_dags/example_branch_labels.py
[2022-02-19 13:41:39,890] {logging_mixin.py:109} INFO - [2022-02-19 13:41:39,890] {dag.py:2396} INFO - Sync 1 DAGs
[2022-02-19 13:41:39,917] {logging_mixin.py:109} INFO - [2022-02-19 13:41:39,917] {dag.py:2935} INFO - Setting next_dagrun for example_branch_labels to 2022-02-18 00:00:00+00:00
[2022-02-19 13:41:39,928] {processor.py:171} INFO - Processing /home/airflow/.local/lib/python3.7/site-packages/airflow/example_dags/example_branch_labels.py took 0.118 seconds
[2022-02-19 13:53:21,185] {processor.py:163} INFO - Started process (PID=64) to work on /home/airflow/.local/lib/python3.7/site-packages/airflow/example_dags/example_branch_labels.py
[2022-02-19 13:53:21,188] {processor.py:642} INFO - Processing file /home/airflow/.local/lib/python3.7/site-packages/airflow/example_dags/example_branch_labels.py for tasks to queue
[2022-02-19 13:53:21,189] {logging_mixin.py:109} INFO - [2022-02-19 13:53:21,189] {dagbag.py:500} INFO - Filling up the DagBag from /home/airflow/.local/lib/python3.7/site-packages/airflow/example_dags/example_branch_labels.py
[2022-02-19 13:53:21,249] {processor.py:654} INFO - DAG(s) dict_keys(['example_branch_labels']) retrieved from /home/airflow/.local/lib/python3.7/site-packages/airflow/example_dags/example_branch_labels.py
[2022-02-19 13:53:21,279] {logging_mixin.py:109} INFO - [2022-02-19 13:53:21,279] {dag.py:2396} INFO - Sync 1 DAGs
[2022-02-19 13:53:21,336] {logging_mixin.py:109} INFO - [2022-02-19 13:53:21,336] {dag.py:2935} INFO - Setting next_dagrun for example_branch_labels to 2022-02-18 00:00:00+00:00
[2022-02-19 13:53:21,363] {processor.py:171} INFO - Processing /home/airflow/.local/lib/python3.7/site-packages/airflow/example_dags/example_branch_labels.py took 0.181 seconds
[2022-02-19 14:01:38,368] {processor.py:163} INFO - Started process (PID=191) to work on /home/airflow/.local/lib/python3.7/site-packages/airflow/example_dags/example_branch_labels.py
[2022-02-19 14:01:38,373] {processor.py:642} INFO - Processing file /home/airflow/.local/lib/python3.7/site-packages/airflow/example_dags/example_branch_labels.py for tasks to queue
[2022-02-19 14:01:38,377] {logging_mixin.py:109} INFO - [2022-02-19 14:01:38,377] {dagbag.py:500} INFO - Filling up the DagBag from /home/airflow/.local/lib/python3.7/site-packages/airflow/example_dags/example_branch_labels.py
[2022-02-19 14:01:38,634] {processor.py:654} INFO - DAG(s) dict_keys(['example_branch_labels']) retrieved from /home/airflow/.local/lib/python3.7/site-packages/airflow/example_dags/example_branch_labels.py
[2022-02-19 14:01:38,794] {logging_mixin.py:109} INFO - [2022-02-19 14:01:38,794] {dag.py:2396} INFO - Sync 1 DAGs
[2022-02-19 14:01:38,951] {logging_mixin.py:109} INFO - [2022-02-19 14:01:38,951] {dag.py:2935} INFO - Setting next_dagrun for example_branch_labels to 2022-02-18 00:00:00+00:00
[2022-02-19 14:01:38,969] {processor.py:171} INFO - Processing /home/airflow/.local/lib/python3.7/site-packages/airflow/example_dags/example_branch_labels.py took 0.607 seconds
[2022-02-19 14:02:10,766] {processor.py:163} INFO - Started process (PID=254) to work on /home/airflow/.local/lib/python3.7/site-packages/airflow/example_dags/example_branch_labels.py
[2022-02-19 14:02:10,770] {processor.py:642} INFO - Processing file /home/airflow/.local/lib/python3.7/site-packages/airflow/example_dags/example_branch_labels.py for tasks to queue
[2022-02-19 14:02:10,772] {logging_mixin.py:109} INFO - [2022-02-19 14:02:10,772] {dagbag.py:500} INFO - Filling up the DagBag from /home/airflow/.local/lib/python3.7/site-packages/airflow/example_dags/example_branch_labels.py
[2022-02-19 14:02:10,845] {processor.py:654} INFO - DAG(s) dict_keys(['example_branch_labels']) retrieved from /home/airflow/.local/lib/python3.7/site-packages/airflow/example_dags/example_branch_labels.py
[2022-02-19 14:02:10,879] {logging_mixin.py:109} INFO - [2022-02-19 14:02:10,879] {dag.py:2396} INFO - Sync 1 DAGs
[2022-02-19 14:02:10,915] {logging_mixin.py:109} INFO - [2022-02-19 14:02:10,915] {dag.py:2935} INFO - Setting next_dagrun for example_branch_labels to 2022-02-18 00:00:00+00:00
[2022-02-19 14:02:10,935] {processor.py:171} INFO - Processing /home/airflow/.local/lib/python3.7/site-packages/airflow/example_dags/example_branch_labels.py took 0.178 seconds
[2022-02-19 14:07:23,716] {processor.py:163} INFO - Started process (PID=85) to work on /home/airflow/.local/lib/python3.7/site-packages/airflow/example_dags/example_branch_labels.py
[2022-02-19 14:07:23,727] {processor.py:642} INFO - Processing file /home/airflow/.local/lib/python3.7/site-packages/airflow/example_dags/example_branch_labels.py for tasks to queue
[2022-02-19 14:07:23,736] {logging_mixin.py:109} INFO - [2022-02-19 14:07:23,735] {dagbag.py:500} INFO - Filling up the DagBag from /home/airflow/.local/lib/python3.7/site-packages/airflow/example_dags/example_branch_labels.py
[2022-02-19 14:07:26,013] {processor.py:654} INFO - DAG(s) dict_keys(['example_branch_labels']) retrieved from /home/airflow/.local/lib/python3.7/site-packages/airflow/example_dags/example_branch_labels.py
[2022-02-19 14:07:26,223] {logging_mixin.py:109} INFO - [2022-02-19 14:07:26,223] {dag.py:2396} INFO - Sync 1 DAGs
[2022-02-19 14:07:26,283] {logging_mixin.py:109} INFO - [2022-02-19 14:07:26,283] {dag.py:2935} INFO - Setting next_dagrun for example_branch_labels to 2022-02-18 00:00:00+00:00
[2022-02-19 14:07:26,323] {processor.py:171} INFO - Processing /home/airflow/.local/lib/python3.7/site-packages/airflow/example_dags/example_branch_labels.py took 2.626 seconds
[2022-02-19 14:15:55,127] {processor.py:163} INFO - Started process (PID=160) to work on /home/airflow/.local/lib/python3.7/site-packages/airflow/example_dags/example_branch_labels.py
[2022-02-19 14:15:55,147] {processor.py:642} INFO - Processing file /home/airflow/.local/lib/python3.7/site-packages/airflow/example_dags/example_branch_labels.py for tasks to queue
[2022-02-19 14:15:55,149] {logging_mixin.py:109} INFO - [2022-02-19 14:15:55,149] {dagbag.py:500} INFO - Filling up the DagBag from /home/airflow/.local/lib/python3.7/site-packages/airflow/example_dags/example_branch_labels.py
[2022-02-19 14:15:55,230] {processor.py:654} INFO - DAG(s) dict_keys(['example_branch_labels']) retrieved from /home/airflow/.local/lib/python3.7/site-packages/airflow/example_dags/example_branch_labels.py
[2022-02-19 14:15:55,258] {logging_mixin.py:109} INFO - [2022-02-19 14:15:55,257] {dag.py:2396} INFO - Sync 1 DAGs
[2022-02-19 14:15:55,296] {logging_mixin.py:109} INFO - [2022-02-19 14:15:55,296] {dag.py:2935} INFO - Setting next_dagrun for example_branch_labels to 2022-02-18 00:00:00+00:00
[2022-02-19 14:15:55,319] {processor.py:171} INFO - Processing /home/airflow/.local/lib/python3.7/site-packages/airflow/example_dags/example_branch_labels.py took 0.224 seconds
[2022-02-19 14:16:45,355] {processor.py:163} INFO - Started process (PID=209) to work on /home/airflow/.local/lib/python3.7/site-packages/airflow/example_dags/example_branch_labels.py
[2022-02-19 14:16:45,358] {processor.py:642} INFO - Processing file /home/airflow/.local/lib/python3.7/site-packages/airflow/example_dags/example_branch_labels.py for tasks to queue
[2022-02-19 14:16:45,361] {logging_mixin.py:109} INFO - [2022-02-19 14:16:45,360] {dagbag.py:500} INFO - Filling up the DagBag from /home/airflow/.local/lib/python3.7/site-packages/airflow/example_dags/example_branch_labels.py
[2022-02-19 14:16:45,592] {processor.py:654} INFO - DAG(s) dict_keys(['example_branch_labels']) retrieved from /home/airflow/.local/lib/python3.7/site-packages/airflow/example_dags/example_branch_labels.py
[2022-02-19 14:16:45,685] {logging_mixin.py:109} INFO - [2022-02-19 14:16:45,685] {dag.py:2396} INFO - Sync 1 DAGs
[2022-02-19 14:16:45,786] {logging_mixin.py:109} INFO - [2022-02-19 14:16:45,785] {dag.py:2935} INFO - Setting next_dagrun for example_branch_labels to 2022-02-18 00:00:00+00:00
[2022-02-19 14:16:45,834] {processor.py:171} INFO - Processing /home/airflow/.local/lib/python3.7/site-packages/airflow/example_dags/example_branch_labels.py took 0.493 seconds
[2022-02-19 14:21:52,910] {processor.py:163} INFO - Started process (PID=84) to work on /home/airflow/.local/lib/python3.7/site-packages/airflow/example_dags/example_branch_labels.py
[2022-02-19 14:21:52,969] {processor.py:642} INFO - Processing file /home/airflow/.local/lib/python3.7/site-packages/airflow/example_dags/example_branch_labels.py for tasks to queue
[2022-02-19 14:21:53,012] {logging_mixin.py:109} INFO - [2022-02-19 14:21:53,006] {dagbag.py:500} INFO - Filling up the DagBag from /home/airflow/.local/lib/python3.7/site-packages/airflow/example_dags/example_branch_labels.py
[2022-02-19 14:22:02,855] {processor.py:654} INFO - DAG(s) dict_keys(['example_branch_labels']) retrieved from /home/airflow/.local/lib/python3.7/site-packages/airflow/example_dags/example_branch_labels.py
[2022-02-19 14:22:03,694] {logging_mixin.py:109} INFO - [2022-02-19 14:22:03,692] {dag.py:2396} INFO - Sync 1 DAGs
[2022-02-19 14:22:03,937] {logging_mixin.py:109} INFO - [2022-02-19 14:22:03,936] {dag.py:2935} INFO - Setting next_dagrun for example_branch_labels to 2022-02-18 00:00:00+00:00
[2022-02-19 14:22:04,013] {processor.py:171} INFO - Processing /home/airflow/.local/lib/python3.7/site-packages/airflow/example_dags/example_branch_labels.py took 11.331 seconds
[2022-02-19 14:22:34,261] {processor.py:163} INFO - Started process (PID=133) to work on /home/airflow/.local/lib/python3.7/site-packages/airflow/example_dags/example_branch_labels.py
[2022-02-19 14:22:34,269] {processor.py:642} INFO - Processing file /home/airflow/.local/lib/python3.7/site-packages/airflow/example_dags/example_branch_labels.py for tasks to queue
[2022-02-19 14:22:34,279] {logging_mixin.py:109} INFO - [2022-02-19 14:22:34,279] {dagbag.py:500} INFO - Filling up the DagBag from /home/airflow/.local/lib/python3.7/site-packages/airflow/example_dags/example_branch_labels.py
[2022-02-19 14:22:34,440] {processor.py:654} INFO - DAG(s) dict_keys(['example_branch_labels']) retrieved from /home/airflow/.local/lib/python3.7/site-packages/airflow/example_dags/example_branch_labels.py
[2022-02-19 14:22:34,471] {logging_mixin.py:109} INFO - [2022-02-19 14:22:34,471] {dag.py:2396} INFO - Sync 1 DAGs
[2022-02-19 14:22:34,521] {logging_mixin.py:109} INFO - [2022-02-19 14:22:34,521] {dag.py:2935} INFO - Setting next_dagrun for example_branch_labels to 2022-02-18 00:00:00+00:00
[2022-02-19 14:22:34,555] {processor.py:171} INFO - Processing /home/airflow/.local/lib/python3.7/site-packages/airflow/example_dags/example_branch_labels.py took 0.323 seconds
