[2022-02-19 13:24:31,650] {processor.py:163} INFO - Started process (PID=399) to work on /home/airflow/.local/lib/python3.7/site-packages/airflow/example_dags/example_latest_only.py
[2022-02-19 13:24:31,654] {processor.py:642} INFO - Processing file /home/airflow/.local/lib/python3.7/site-packages/airflow/example_dags/example_latest_only.py for tasks to queue
[2022-02-19 13:24:31,678] {logging_mixin.py:109} INFO - [2022-02-19 13:24:31,678] {dagbag.py:500} INFO - Filling up the DagBag from /home/airflow/.local/lib/python3.7/site-packages/airflow/example_dags/example_latest_only.py
[2022-02-19 13:24:31,808] {processor.py:654} INFO - DAG(s) dict_keys(['latest_only']) retrieved from /home/airflow/.local/lib/python3.7/site-packages/airflow/example_dags/example_latest_only.py
[2022-02-19 13:29:47,696] {processor.py:163} INFO - Started process (PID=705) to work on /home/airflow/.local/lib/python3.7/site-packages/airflow/example_dags/example_latest_only.py
[2022-02-19 13:29:47,698] {processor.py:642} INFO - Processing file /home/airflow/.local/lib/python3.7/site-packages/airflow/example_dags/example_latest_only.py for tasks to queue
[2022-02-19 13:29:47,700] {logging_mixin.py:109} INFO - [2022-02-19 13:29:47,700] {dagbag.py:500} INFO - Filling up the DagBag from /home/airflow/.local/lib/python3.7/site-packages/airflow/example_dags/example_latest_only.py
[2022-02-19 13:29:47,765] {processor.py:654} INFO - DAG(s) dict_keys(['latest_only']) retrieved from /home/airflow/.local/lib/python3.7/site-packages/airflow/example_dags/example_latest_only.py
[2022-02-19 13:29:50,520] {logging_mixin.py:109} INFO - [2022-02-19 13:29:50,516] {manager.py:496} INFO - Created Permission View: can read on DAG:latest_only
[2022-02-19 13:29:50,781] {logging_mixin.py:109} INFO - [2022-02-19 13:29:50,777] {manager.py:496} INFO - Created Permission View: can edit on DAG:latest_only
[2022-02-19 13:29:50,785] {logging_mixin.py:109} INFO - [2022-02-19 13:29:50,782] {dag.py:2396} INFO - Sync 1 DAGs
[2022-02-19 13:29:51,048] {logging_mixin.py:109} INFO - [2022-02-19 13:29:51,039] {dag.py:2415} INFO - Creating ORM DAG for latest_only
[2022-02-19 13:29:51,135] {logging_mixin.py:109} INFO - [2022-02-19 13:29:51,132] {dag.py:2935} INFO - Setting next_dagrun for latest_only to 2022-02-19T09:29:51.129934+00:00
[2022-02-19 13:29:51,248] {processor.py:171} INFO - Processing /home/airflow/.local/lib/python3.7/site-packages/airflow/example_dags/example_latest_only.py took 3.556 seconds
[2022-02-19 13:37:18,924] {processor.py:163} INFO - Started process (PID=178) to work on /home/airflow/.local/lib/python3.7/site-packages/airflow/example_dags/example_latest_only.py
[2022-02-19 13:37:18,945] {processor.py:642} INFO - Processing file /home/airflow/.local/lib/python3.7/site-packages/airflow/example_dags/example_latest_only.py for tasks to queue
[2022-02-19 13:37:18,950] {logging_mixin.py:109} INFO - [2022-02-19 13:37:18,950] {dagbag.py:500} INFO - Filling up the DagBag from /home/airflow/.local/lib/python3.7/site-packages/airflow/example_dags/example_latest_only.py
[2022-02-19 13:37:22,401] {processor.py:654} INFO - DAG(s) dict_keys(['latest_only']) retrieved from /home/airflow/.local/lib/python3.7/site-packages/airflow/example_dags/example_latest_only.py
[2022-02-19 13:37:22,891] {logging_mixin.py:109} INFO - [2022-02-19 13:37:22,879] {dag.py:2396} INFO - Sync 1 DAGs
[2022-02-19 13:37:25,485] {logging_mixin.py:109} INFO - [2022-02-19 13:37:25,484] {dag.py:2935} INFO - Setting next_dagrun for latest_only to 2022-02-19T09:37:25.452680+00:00
[2022-02-19 13:37:26,557] {processor.py:171} INFO - Processing /home/airflow/.local/lib/python3.7/site-packages/airflow/example_dags/example_latest_only.py took 7.688 seconds
[2022-02-19 13:37:56,712] {processor.py:163} INFO - Started process (PID=248) to work on /home/airflow/.local/lib/python3.7/site-packages/airflow/example_dags/example_latest_only.py
[2022-02-19 13:37:56,715] {processor.py:642} INFO - Processing file /home/airflow/.local/lib/python3.7/site-packages/airflow/example_dags/example_latest_only.py for tasks to queue
[2022-02-19 13:37:56,716] {logging_mixin.py:109} INFO - [2022-02-19 13:37:56,716] {dagbag.py:500} INFO - Filling up the DagBag from /home/airflow/.local/lib/python3.7/site-packages/airflow/example_dags/example_latest_only.py
[2022-02-19 13:37:56,780] {processor.py:654} INFO - DAG(s) dict_keys(['latest_only']) retrieved from /home/airflow/.local/lib/python3.7/site-packages/airflow/example_dags/example_latest_only.py
[2022-02-19 13:37:56,793] {logging_mixin.py:109} INFO - [2022-02-19 13:37:56,793] {dag.py:2396} INFO - Sync 1 DAGs
[2022-02-19 13:37:56,825] {logging_mixin.py:109} INFO - [2022-02-19 13:37:56,825] {dag.py:2935} INFO - Setting next_dagrun for latest_only to 2022-02-19T09:37:56.825064+00:00
[2022-02-19 13:37:56,838] {processor.py:171} INFO - Processing /home/airflow/.local/lib/python3.7/site-packages/airflow/example_dags/example_latest_only.py took 0.131 seconds
[2022-02-19 13:38:27,299] {processor.py:163} INFO - Started process (PID=299) to work on /home/airflow/.local/lib/python3.7/site-packages/airflow/example_dags/example_latest_only.py
[2022-02-19 13:38:27,301] {processor.py:642} INFO - Processing file /home/airflow/.local/lib/python3.7/site-packages/airflow/example_dags/example_latest_only.py for tasks to queue
[2022-02-19 13:38:27,302] {logging_mixin.py:109} INFO - [2022-02-19 13:38:27,302] {dagbag.py:500} INFO - Filling up the DagBag from /home/airflow/.local/lib/python3.7/site-packages/airflow/example_dags/example_latest_only.py
[2022-02-19 13:38:27,328] {processor.py:654} INFO - DAG(s) dict_keys(['latest_only']) retrieved from /home/airflow/.local/lib/python3.7/site-packages/airflow/example_dags/example_latest_only.py
[2022-02-19 13:38:27,338] {logging_mixin.py:109} INFO - [2022-02-19 13:38:27,338] {dag.py:2396} INFO - Sync 1 DAGs
[2022-02-19 13:38:27,353] {logging_mixin.py:109} INFO - [2022-02-19 13:38:27,353] {dag.py:2935} INFO - Setting next_dagrun for latest_only to 2022-02-19T09:38:27.353443+00:00
[2022-02-19 13:38:27,362] {processor.py:171} INFO - Processing /home/airflow/.local/lib/python3.7/site-packages/airflow/example_dags/example_latest_only.py took 0.067 seconds
[2022-02-19 13:38:57,475] {processor.py:163} INFO - Started process (PID=349) to work on /home/airflow/.local/lib/python3.7/site-packages/airflow/example_dags/example_latest_only.py
[2022-02-19 13:38:57,477] {processor.py:642} INFO - Processing file /home/airflow/.local/lib/python3.7/site-packages/airflow/example_dags/example_latest_only.py for tasks to queue
[2022-02-19 13:38:57,479] {logging_mixin.py:109} INFO - [2022-02-19 13:38:57,478] {dagbag.py:500} INFO - Filling up the DagBag from /home/airflow/.local/lib/python3.7/site-packages/airflow/example_dags/example_latest_only.py
[2022-02-19 13:38:57,511] {processor.py:654} INFO - DAG(s) dict_keys(['latest_only']) retrieved from /home/airflow/.local/lib/python3.7/site-packages/airflow/example_dags/example_latest_only.py
[2022-02-19 13:38:57,522] {logging_mixin.py:109} INFO - [2022-02-19 13:38:57,522] {dag.py:2396} INFO - Sync 1 DAGs
[2022-02-19 13:38:57,537] {logging_mixin.py:109} INFO - [2022-02-19 13:38:57,537] {dag.py:2935} INFO - Setting next_dagrun for latest_only to 2022-02-19T09:38:57.537143+00:00
[2022-02-19 13:38:57,546] {processor.py:171} INFO - Processing /home/airflow/.local/lib/python3.7/site-packages/airflow/example_dags/example_latest_only.py took 0.075 seconds
[2022-02-19 13:39:28,032] {processor.py:163} INFO - Started process (PID=409) to work on /home/airflow/.local/lib/python3.7/site-packages/airflow/example_dags/example_latest_only.py
[2022-02-19 13:39:28,034] {processor.py:642} INFO - Processing file /home/airflow/.local/lib/python3.7/site-packages/airflow/example_dags/example_latest_only.py for tasks to queue
[2022-02-19 13:39:28,035] {logging_mixin.py:109} INFO - [2022-02-19 13:39:28,035] {dagbag.py:500} INFO - Filling up the DagBag from /home/airflow/.local/lib/python3.7/site-packages/airflow/example_dags/example_latest_only.py
[2022-02-19 13:39:28,065] {processor.py:654} INFO - DAG(s) dict_keys(['latest_only']) retrieved from /home/airflow/.local/lib/python3.7/site-packages/airflow/example_dags/example_latest_only.py
[2022-02-19 13:39:28,076] {logging_mixin.py:109} INFO - [2022-02-19 13:39:28,076] {dag.py:2396} INFO - Sync 1 DAGs
[2022-02-19 13:39:28,091] {logging_mixin.py:109} INFO - [2022-02-19 13:39:28,091] {dag.py:2935} INFO - Setting next_dagrun for latest_only to 2022-02-19T09:39:28.091191+00:00
[2022-02-19 13:39:28,100] {processor.py:171} INFO - Processing /home/airflow/.local/lib/python3.7/site-packages/airflow/example_dags/example_latest_only.py took 0.072 seconds
[2022-02-19 13:39:58,285] {processor.py:163} INFO - Started process (PID=461) to work on /home/airflow/.local/lib/python3.7/site-packages/airflow/example_dags/example_latest_only.py
[2022-02-19 13:39:58,287] {processor.py:642} INFO - Processing file /home/airflow/.local/lib/python3.7/site-packages/airflow/example_dags/example_latest_only.py for tasks to queue
[2022-02-19 13:39:58,289] {logging_mixin.py:109} INFO - [2022-02-19 13:39:58,288] {dagbag.py:500} INFO - Filling up the DagBag from /home/airflow/.local/lib/python3.7/site-packages/airflow/example_dags/example_latest_only.py
[2022-02-19 13:39:58,319] {processor.py:654} INFO - DAG(s) dict_keys(['latest_only']) retrieved from /home/airflow/.local/lib/python3.7/site-packages/airflow/example_dags/example_latest_only.py
[2022-02-19 13:39:58,330] {logging_mixin.py:109} INFO - [2022-02-19 13:39:58,330] {dag.py:2396} INFO - Sync 1 DAGs
[2022-02-19 13:39:58,346] {logging_mixin.py:109} INFO - [2022-02-19 13:39:58,346] {dag.py:2935} INFO - Setting next_dagrun for latest_only to 2022-02-19T09:39:58.345772+00:00
[2022-02-19 13:39:58,354] {processor.py:171} INFO - Processing /home/airflow/.local/lib/python3.7/site-packages/airflow/example_dags/example_latest_only.py took 0.072 seconds
[2022-02-19 13:40:28,494] {processor.py:163} INFO - Started process (PID=521) to work on /home/airflow/.local/lib/python3.7/site-packages/airflow/example_dags/example_latest_only.py
[2022-02-19 13:40:28,496] {processor.py:642} INFO - Processing file /home/airflow/.local/lib/python3.7/site-packages/airflow/example_dags/example_latest_only.py for tasks to queue
[2022-02-19 13:40:28,497] {logging_mixin.py:109} INFO - [2022-02-19 13:40:28,497] {dagbag.py:500} INFO - Filling up the DagBag from /home/airflow/.local/lib/python3.7/site-packages/airflow/example_dags/example_latest_only.py
[2022-02-19 13:40:28,526] {processor.py:654} INFO - DAG(s) dict_keys(['latest_only']) retrieved from /home/airflow/.local/lib/python3.7/site-packages/airflow/example_dags/example_latest_only.py
[2022-02-19 13:40:28,536] {logging_mixin.py:109} INFO - [2022-02-19 13:40:28,536] {dag.py:2396} INFO - Sync 1 DAGs
[2022-02-19 13:40:28,556] {logging_mixin.py:109} INFO - [2022-02-19 13:40:28,556] {dag.py:2935} INFO - Setting next_dagrun for latest_only to 2022-02-19T09:40:28.555922+00:00
[2022-02-19 13:40:28,565] {processor.py:171} INFO - Processing /home/airflow/.local/lib/python3.7/site-packages/airflow/example_dags/example_latest_only.py took 0.075 seconds
[2022-02-19 13:41:03,273] {processor.py:163} INFO - Started process (PID=582) to work on /home/airflow/.local/lib/python3.7/site-packages/airflow/example_dags/example_latest_only.py
[2022-02-19 13:41:03,276] {processor.py:642} INFO - Processing file /home/airflow/.local/lib/python3.7/site-packages/airflow/example_dags/example_latest_only.py for tasks to queue
[2022-02-19 13:41:03,277] {logging_mixin.py:109} INFO - [2022-02-19 13:41:03,277] {dagbag.py:500} INFO - Filling up the DagBag from /home/airflow/.local/lib/python3.7/site-packages/airflow/example_dags/example_latest_only.py
[2022-02-19 13:41:03,307] {processor.py:654} INFO - DAG(s) dict_keys(['latest_only']) retrieved from /home/airflow/.local/lib/python3.7/site-packages/airflow/example_dags/example_latest_only.py
[2022-02-19 13:41:03,319] {logging_mixin.py:109} INFO - [2022-02-19 13:41:03,319] {dag.py:2396} INFO - Sync 1 DAGs
[2022-02-19 13:41:03,336] {logging_mixin.py:109} INFO - [2022-02-19 13:41:03,336] {dag.py:2935} INFO - Setting next_dagrun for latest_only to 2022-02-19T09:41:03.336300+00:00
[2022-02-19 13:41:03,347] {processor.py:171} INFO - Processing /home/airflow/.local/lib/python3.7/site-packages/airflow/example_dags/example_latest_only.py took 0.077 seconds
[2022-02-19 13:41:40,051] {processor.py:163} INFO - Started process (PID=625) to work on /home/airflow/.local/lib/python3.7/site-packages/airflow/example_dags/example_latest_only.py
[2022-02-19 13:41:40,054] {processor.py:642} INFO - Processing file /home/airflow/.local/lib/python3.7/site-packages/airflow/example_dags/example_latest_only.py for tasks to queue
[2022-02-19 13:41:40,056] {logging_mixin.py:109} INFO - [2022-02-19 13:41:40,055] {dagbag.py:500} INFO - Filling up the DagBag from /home/airflow/.local/lib/python3.7/site-packages/airflow/example_dags/example_latest_only.py
[2022-02-19 13:41:40,101] {processor.py:654} INFO - DAG(s) dict_keys(['latest_only']) retrieved from /home/airflow/.local/lib/python3.7/site-packages/airflow/example_dags/example_latest_only.py
[2022-02-19 13:41:40,114] {logging_mixin.py:109} INFO - [2022-02-19 13:41:40,114] {dag.py:2396} INFO - Sync 1 DAGs
[2022-02-19 13:41:40,132] {logging_mixin.py:109} INFO - [2022-02-19 13:41:40,132] {dag.py:2935} INFO - Setting next_dagrun for latest_only to 2022-02-19T09:41:40.132219+00:00
[2022-02-19 13:41:40,143] {processor.py:171} INFO - Processing /home/airflow/.local/lib/python3.7/site-packages/airflow/example_dags/example_latest_only.py took 0.096 seconds
[2022-02-19 13:53:21,850] {processor.py:163} INFO - Started process (PID=67) to work on /home/airflow/.local/lib/python3.7/site-packages/airflow/example_dags/example_latest_only.py
[2022-02-19 13:53:21,855] {processor.py:642} INFO - Processing file /home/airflow/.local/lib/python3.7/site-packages/airflow/example_dags/example_latest_only.py for tasks to queue
[2022-02-19 13:53:21,859] {logging_mixin.py:109} INFO - [2022-02-19 13:53:21,858] {dagbag.py:500} INFO - Filling up the DagBag from /home/airflow/.local/lib/python3.7/site-packages/airflow/example_dags/example_latest_only.py
[2022-02-19 13:53:21,943] {processor.py:654} INFO - DAG(s) dict_keys(['latest_only']) retrieved from /home/airflow/.local/lib/python3.7/site-packages/airflow/example_dags/example_latest_only.py
[2022-02-19 13:53:21,964] {logging_mixin.py:109} INFO - [2022-02-19 13:53:21,964] {dag.py:2396} INFO - Sync 1 DAGs
[2022-02-19 13:53:21,993] {logging_mixin.py:109} INFO - [2022-02-19 13:53:21,993] {dag.py:2935} INFO - Setting next_dagrun for latest_only to 2022-02-19T09:53:21.993242+00:00
[2022-02-19 13:53:22,005] {processor.py:171} INFO - Processing /home/airflow/.local/lib/python3.7/site-packages/airflow/example_dags/example_latest_only.py took 0.159 seconds
[2022-02-19 14:01:39,587] {processor.py:163} INFO - Started process (PID=194) to work on /home/airflow/.local/lib/python3.7/site-packages/airflow/example_dags/example_latest_only.py
[2022-02-19 14:01:39,590] {processor.py:642} INFO - Processing file /home/airflow/.local/lib/python3.7/site-packages/airflow/example_dags/example_latest_only.py for tasks to queue
[2022-02-19 14:01:39,601] {logging_mixin.py:109} INFO - [2022-02-19 14:01:39,601] {dagbag.py:500} INFO - Filling up the DagBag from /home/airflow/.local/lib/python3.7/site-packages/airflow/example_dags/example_latest_only.py
[2022-02-19 14:01:39,690] {processor.py:654} INFO - DAG(s) dict_keys(['latest_only']) retrieved from /home/airflow/.local/lib/python3.7/site-packages/airflow/example_dags/example_latest_only.py
[2022-02-19 14:01:39,719] {logging_mixin.py:109} INFO - [2022-02-19 14:01:39,719] {dag.py:2396} INFO - Sync 1 DAGs
[2022-02-19 14:01:39,771] {logging_mixin.py:109} INFO - [2022-02-19 14:01:39,771] {dag.py:2935} INFO - Setting next_dagrun for latest_only to 2022-02-19T10:01:39.771281+00:00
[2022-02-19 14:01:39,825] {processor.py:171} INFO - Processing /home/airflow/.local/lib/python3.7/site-packages/airflow/example_dags/example_latest_only.py took 0.243 seconds
[2022-02-19 14:02:10,983] {processor.py:163} INFO - Started process (PID=256) to work on /home/airflow/.local/lib/python3.7/site-packages/airflow/example_dags/example_latest_only.py
[2022-02-19 14:02:10,991] {processor.py:642} INFO - Processing file /home/airflow/.local/lib/python3.7/site-packages/airflow/example_dags/example_latest_only.py for tasks to queue
[2022-02-19 14:02:10,996] {logging_mixin.py:109} INFO - [2022-02-19 14:02:10,996] {dagbag.py:500} INFO - Filling up the DagBag from /home/airflow/.local/lib/python3.7/site-packages/airflow/example_dags/example_latest_only.py
[2022-02-19 14:02:11,091] {processor.py:654} INFO - DAG(s) dict_keys(['latest_only']) retrieved from /home/airflow/.local/lib/python3.7/site-packages/airflow/example_dags/example_latest_only.py
[2022-02-19 14:02:11,133] {logging_mixin.py:109} INFO - [2022-02-19 14:02:11,133] {dag.py:2396} INFO - Sync 1 DAGs
[2022-02-19 14:02:11,180] {logging_mixin.py:109} INFO - [2022-02-19 14:02:11,180] {dag.py:2935} INFO - Setting next_dagrun for latest_only to 2022-02-19T10:02:11.179740+00:00
[2022-02-19 14:02:11,216] {processor.py:171} INFO - Processing /home/airflow/.local/lib/python3.7/site-packages/airflow/example_dags/example_latest_only.py took 0.240 seconds
[2022-02-19 14:07:44,468] {processor.py:163} INFO - Started process (PID=98) to work on /home/airflow/.local/lib/python3.7/site-packages/airflow/example_dags/example_latest_only.py
[2022-02-19 14:07:44,478] {processor.py:642} INFO - Processing file /home/airflow/.local/lib/python3.7/site-packages/airflow/example_dags/example_latest_only.py for tasks to queue
[2022-02-19 14:07:44,486] {logging_mixin.py:109} INFO - [2022-02-19 14:07:44,484] {dagbag.py:500} INFO - Filling up the DagBag from /home/airflow/.local/lib/python3.7/site-packages/airflow/example_dags/example_latest_only.py
[2022-02-19 14:07:44,728] {processor.py:654} INFO - DAG(s) dict_keys(['latest_only']) retrieved from /home/airflow/.local/lib/python3.7/site-packages/airflow/example_dags/example_latest_only.py
[2022-02-19 14:07:44,945] {logging_mixin.py:109} INFO - [2022-02-19 14:07:44,926] {dag.py:2396} INFO - Sync 1 DAGs
[2022-02-19 14:07:49,195] {logging_mixin.py:109} INFO - [2022-02-19 14:07:49,192] {dag.py:2935} INFO - Setting next_dagrun for latest_only to 2022-02-19T10:07:49.109579+00:00
[2022-02-19 14:07:49,645] {processor.py:171} INFO - Processing /home/airflow/.local/lib/python3.7/site-packages/airflow/example_dags/example_latest_only.py took 5.194 seconds
[2022-02-19 14:15:57,465] {processor.py:163} INFO - Started process (PID=163) to work on /home/airflow/.local/lib/python3.7/site-packages/airflow/example_dags/example_latest_only.py
[2022-02-19 14:15:57,475] {processor.py:642} INFO - Processing file /home/airflow/.local/lib/python3.7/site-packages/airflow/example_dags/example_latest_only.py for tasks to queue
[2022-02-19 14:15:57,487] {logging_mixin.py:109} INFO - [2022-02-19 14:15:57,487] {dagbag.py:500} INFO - Filling up the DagBag from /home/airflow/.local/lib/python3.7/site-packages/airflow/example_dags/example_latest_only.py
[2022-02-19 14:15:57,660] {processor.py:654} INFO - DAG(s) dict_keys(['latest_only']) retrieved from /home/airflow/.local/lib/python3.7/site-packages/airflow/example_dags/example_latest_only.py
[2022-02-19 14:15:57,732] {logging_mixin.py:109} INFO - [2022-02-19 14:15:57,732] {dag.py:2396} INFO - Sync 1 DAGs
[2022-02-19 14:15:57,824] {logging_mixin.py:109} INFO - [2022-02-19 14:15:57,824] {dag.py:2935} INFO - Setting next_dagrun for latest_only to 2022-02-19T10:15:57.823895+00:00
[2022-02-19 14:15:57,872] {processor.py:171} INFO - Processing /home/airflow/.local/lib/python3.7/site-packages/airflow/example_dags/example_latest_only.py took 0.427 seconds
[2022-02-19 14:22:06,688] {processor.py:163} INFO - Started process (PID=96) to work on /home/airflow/.local/lib/python3.7/site-packages/airflow/example_dags/example_latest_only.py
[2022-02-19 14:22:06,715] {processor.py:642} INFO - Processing file /home/airflow/.local/lib/python3.7/site-packages/airflow/example_dags/example_latest_only.py for tasks to queue
[2022-02-19 14:22:06,723] {logging_mixin.py:109} INFO - [2022-02-19 14:22:06,723] {dagbag.py:500} INFO - Filling up the DagBag from /home/airflow/.local/lib/python3.7/site-packages/airflow/example_dags/example_latest_only.py
[2022-02-19 14:22:07,265] {processor.py:654} INFO - DAG(s) dict_keys(['latest_only']) retrieved from /home/airflow/.local/lib/python3.7/site-packages/airflow/example_dags/example_latest_only.py
[2022-02-19 14:22:07,478] {logging_mixin.py:109} INFO - [2022-02-19 14:22:07,478] {dag.py:2396} INFO - Sync 1 DAGs
[2022-02-19 14:22:07,652] {logging_mixin.py:109} INFO - [2022-02-19 14:22:07,652] {dag.py:2935} INFO - Setting next_dagrun for latest_only to 2022-02-19T10:22:07.638940+00:00
[2022-02-19 14:22:07,815] {processor.py:171} INFO - Processing /home/airflow/.local/lib/python3.7/site-packages/airflow/example_dags/example_latest_only.py took 1.178 seconds
[2022-02-19 14:22:38,324] {processor.py:163} INFO - Started process (PID=136) to work on /home/airflow/.local/lib/python3.7/site-packages/airflow/example_dags/example_latest_only.py
[2022-02-19 14:22:38,336] {processor.py:642} INFO - Processing file /home/airflow/.local/lib/python3.7/site-packages/airflow/example_dags/example_latest_only.py for tasks to queue
[2022-02-19 14:22:38,348] {logging_mixin.py:109} INFO - [2022-02-19 14:22:38,347] {dagbag.py:500} INFO - Filling up the DagBag from /home/airflow/.local/lib/python3.7/site-packages/airflow/example_dags/example_latest_only.py
[2022-02-19 14:22:38,751] {processor.py:654} INFO - DAG(s) dict_keys(['latest_only']) retrieved from /home/airflow/.local/lib/python3.7/site-packages/airflow/example_dags/example_latest_only.py
[2022-02-19 14:22:39,209] {logging_mixin.py:109} INFO - [2022-02-19 14:22:39,209] {dag.py:2396} INFO - Sync 1 DAGs
[2022-02-19 14:22:39,277] {logging_mixin.py:109} INFO - [2022-02-19 14:22:39,277] {dag.py:2935} INFO - Setting next_dagrun for latest_only to 2022-02-19T10:22:39.277342+00:00
[2022-02-19 14:22:39,334] {processor.py:171} INFO - Processing /home/airflow/.local/lib/python3.7/site-packages/airflow/example_dags/example_latest_only.py took 1.029 seconds
