[2022-02-19 13:19:12,654] {processor.py:163} INFO - Started process (PID=94) to work on /home/airflow/.local/lib/python3.7/site-packages/airflow/example_dags/example_dag_decorator.py
[2022-02-19 13:19:12,687] {processor.py:642} INFO - Processing file /home/airflow/.local/lib/python3.7/site-packages/airflow/example_dags/example_dag_decorator.py for tasks to queue
[2022-02-19 13:19:12,714] {logging_mixin.py:109} INFO - [2022-02-19 13:19:12,710] {dagbag.py:500} INFO - Filling up the DagBag from /home/airflow/.local/lib/python3.7/site-packages/airflow/example_dags/example_dag_decorator.py
[2022-02-19 13:19:19,893] {processor.py:654} INFO - DAG(s) dict_keys(['example_dag_decorator']) retrieved from /home/airflow/.local/lib/python3.7/site-packages/airflow/example_dags/example_dag_decorator.py
[2022-02-19 13:21:24,235] {processor.py:163} INFO - Started process (PID=198) to work on /home/airflow/.local/lib/python3.7/site-packages/airflow/example_dags/example_dag_decorator.py
[2022-02-19 13:21:24,249] {processor.py:642} INFO - Processing file /home/airflow/.local/lib/python3.7/site-packages/airflow/example_dags/example_dag_decorator.py for tasks to queue
[2022-02-19 13:21:24,259] {logging_mixin.py:109} INFO - [2022-02-19 13:21:24,257] {dagbag.py:500} INFO - Filling up the DagBag from /home/airflow/.local/lib/python3.7/site-packages/airflow/example_dags/example_dag_decorator.py
[2022-02-19 13:21:24,611] {processor.py:654} INFO - DAG(s) dict_keys(['example_dag_decorator']) retrieved from /home/airflow/.local/lib/python3.7/site-packages/airflow/example_dags/example_dag_decorator.py
[2022-02-19 13:25:54,326] {processor.py:163} INFO - Started process (PID=481) to work on /home/airflow/.local/lib/python3.7/site-packages/airflow/example_dags/example_dag_decorator.py
[2022-02-19 13:25:54,337] {processor.py:642} INFO - Processing file /home/airflow/.local/lib/python3.7/site-packages/airflow/example_dags/example_dag_decorator.py for tasks to queue
[2022-02-19 13:25:54,353] {logging_mixin.py:109} INFO - [2022-02-19 13:25:54,352] {dagbag.py:500} INFO - Filling up the DagBag from /home/airflow/.local/lib/python3.7/site-packages/airflow/example_dags/example_dag_decorator.py
[2022-02-19 13:25:54,771] {processor.py:654} INFO - DAG(s) dict_keys(['example_dag_decorator']) retrieved from /home/airflow/.local/lib/python3.7/site-packages/airflow/example_dags/example_dag_decorator.py
[2022-02-19 13:27:42,441] {processor.py:163} INFO - Started process (PID=588) to work on /home/airflow/.local/lib/python3.7/site-packages/airflow/example_dags/example_dag_decorator.py
[2022-02-19 13:27:42,482] {processor.py:642} INFO - Processing file /home/airflow/.local/lib/python3.7/site-packages/airflow/example_dags/example_dag_decorator.py for tasks to queue
[2022-02-19 13:27:42,500] {logging_mixin.py:109} INFO - [2022-02-19 13:27:42,495] {dagbag.py:500} INFO - Filling up the DagBag from /home/airflow/.local/lib/python3.7/site-packages/airflow/example_dags/example_dag_decorator.py
[2022-02-19 13:27:42,835] {processor.py:654} INFO - DAG(s) dict_keys(['example_dag_decorator']) retrieved from /home/airflow/.local/lib/python3.7/site-packages/airflow/example_dags/example_dag_decorator.py
[2022-02-19 13:36:26,114] {processor.py:163} INFO - Started process (PID=86) to work on /home/airflow/.local/lib/python3.7/site-packages/airflow/example_dags/example_dag_decorator.py
[2022-02-19 13:36:26,120] {processor.py:642} INFO - Processing file /home/airflow/.local/lib/python3.7/site-packages/airflow/example_dags/example_dag_decorator.py for tasks to queue
[2022-02-19 13:36:26,127] {logging_mixin.py:109} INFO - [2022-02-19 13:36:26,126] {dagbag.py:500} INFO - Filling up the DagBag from /home/airflow/.local/lib/python3.7/site-packages/airflow/example_dags/example_dag_decorator.py
[2022-02-19 13:36:26,365] {processor.py:654} INFO - DAG(s) dict_keys(['example_dag_decorator']) retrieved from /home/airflow/.local/lib/python3.7/site-packages/airflow/example_dags/example_dag_decorator.py
[2022-02-19 13:36:31,326] {logging_mixin.py:109} INFO - [2022-02-19 13:36:31,326] {manager.py:496} INFO - Created Permission View: can read on DAG:example_dag_decorator
[2022-02-19 13:36:31,337] {logging_mixin.py:109} INFO - [2022-02-19 13:36:31,337] {manager.py:496} INFO - Created Permission View: can edit on DAG:example_dag_decorator
[2022-02-19 13:36:31,338] {logging_mixin.py:109} INFO - [2022-02-19 13:36:31,338] {dag.py:2396} INFO - Sync 1 DAGs
[2022-02-19 13:36:31,347] {logging_mixin.py:109} INFO - [2022-02-19 13:36:31,347] {dag.py:2415} INFO - Creating ORM DAG for example_dag_decorator
[2022-02-19 13:36:31,357] {logging_mixin.py:109} INFO - [2022-02-19 13:36:31,356] {dag.py:2935} INFO - Setting next_dagrun for example_dag_decorator to None
[2022-02-19 13:36:31,371] {processor.py:171} INFO - Processing /home/airflow/.local/lib/python3.7/site-packages/airflow/example_dags/example_dag_decorator.py took 5.303 seconds
[2022-02-19 13:37:47,603] {processor.py:163} INFO - Started process (PID=220) to work on /home/airflow/.local/lib/python3.7/site-packages/airflow/example_dags/example_dag_decorator.py
[2022-02-19 13:37:47,618] {processor.py:642} INFO - Processing file /home/airflow/.local/lib/python3.7/site-packages/airflow/example_dags/example_dag_decorator.py for tasks to queue
[2022-02-19 13:37:47,620] {logging_mixin.py:109} INFO - [2022-02-19 13:37:47,620] {dagbag.py:500} INFO - Filling up the DagBag from /home/airflow/.local/lib/python3.7/site-packages/airflow/example_dags/example_dag_decorator.py
[2022-02-19 13:37:47,813] {processor.py:654} INFO - DAG(s) dict_keys(['example_dag_decorator']) retrieved from /home/airflow/.local/lib/python3.7/site-packages/airflow/example_dags/example_dag_decorator.py
[2022-02-19 13:37:49,041] {logging_mixin.py:109} INFO - [2022-02-19 13:37:49,041] {dag.py:2396} INFO - Sync 1 DAGs
[2022-02-19 13:37:49,089] {logging_mixin.py:109} INFO - [2022-02-19 13:37:49,089] {dag.py:2935} INFO - Setting next_dagrun for example_dag_decorator to None
[2022-02-19 13:37:49,134] {processor.py:171} INFO - Processing /home/airflow/.local/lib/python3.7/site-packages/airflow/example_dags/example_dag_decorator.py took 1.559 seconds
[2022-02-19 13:38:19,258] {processor.py:163} INFO - Started process (PID=270) to work on /home/airflow/.local/lib/python3.7/site-packages/airflow/example_dags/example_dag_decorator.py
[2022-02-19 13:38:19,260] {processor.py:642} INFO - Processing file /home/airflow/.local/lib/python3.7/site-packages/airflow/example_dags/example_dag_decorator.py for tasks to queue
[2022-02-19 13:38:19,261] {logging_mixin.py:109} INFO - [2022-02-19 13:38:19,261] {dagbag.py:500} INFO - Filling up the DagBag from /home/airflow/.local/lib/python3.7/site-packages/airflow/example_dags/example_dag_decorator.py
[2022-02-19 13:38:19,307] {processor.py:654} INFO - DAG(s) dict_keys(['example_dag_decorator']) retrieved from /home/airflow/.local/lib/python3.7/site-packages/airflow/example_dags/example_dag_decorator.py
[2022-02-19 13:38:19,643] {logging_mixin.py:109} INFO - [2022-02-19 13:38:19,642] {dag.py:2396} INFO - Sync 1 DAGs
[2022-02-19 13:38:19,653] {logging_mixin.py:109} INFO - [2022-02-19 13:38:19,653] {dag.py:2935} INFO - Setting next_dagrun for example_dag_decorator to None
[2022-02-19 13:38:19,660] {processor.py:171} INFO - Processing /home/airflow/.local/lib/python3.7/site-packages/airflow/example_dags/example_dag_decorator.py took 0.409 seconds
[2022-02-19 13:38:49,860] {processor.py:163} INFO - Started process (PID=329) to work on /home/airflow/.local/lib/python3.7/site-packages/airflow/example_dags/example_dag_decorator.py
[2022-02-19 13:38:49,861] {processor.py:642} INFO - Processing file /home/airflow/.local/lib/python3.7/site-packages/airflow/example_dags/example_dag_decorator.py for tasks to queue
[2022-02-19 13:38:49,863] {logging_mixin.py:109} INFO - [2022-02-19 13:38:49,863] {dagbag.py:500} INFO - Filling up the DagBag from /home/airflow/.local/lib/python3.7/site-packages/airflow/example_dags/example_dag_decorator.py
[2022-02-19 13:38:49,906] {processor.py:654} INFO - DAG(s) dict_keys(['example_dag_decorator']) retrieved from /home/airflow/.local/lib/python3.7/site-packages/airflow/example_dags/example_dag_decorator.py
[2022-02-19 13:38:50,248] {logging_mixin.py:109} INFO - [2022-02-19 13:38:50,247] {dag.py:2396} INFO - Sync 1 DAGs
[2022-02-19 13:38:50,269] {logging_mixin.py:109} INFO - [2022-02-19 13:38:50,269] {dag.py:2935} INFO - Setting next_dagrun for example_dag_decorator to None
[2022-02-19 13:38:50,281] {processor.py:171} INFO - Processing /home/airflow/.local/lib/python3.7/site-packages/airflow/example_dags/example_dag_decorator.py took 0.427 seconds
[2022-02-19 13:39:20,361] {processor.py:163} INFO - Started process (PID=383) to work on /home/airflow/.local/lib/python3.7/site-packages/airflow/example_dags/example_dag_decorator.py
[2022-02-19 13:39:20,363] {processor.py:642} INFO - Processing file /home/airflow/.local/lib/python3.7/site-packages/airflow/example_dags/example_dag_decorator.py for tasks to queue
[2022-02-19 13:39:20,364] {logging_mixin.py:109} INFO - [2022-02-19 13:39:20,364] {dagbag.py:500} INFO - Filling up the DagBag from /home/airflow/.local/lib/python3.7/site-packages/airflow/example_dags/example_dag_decorator.py
[2022-02-19 13:39:20,410] {processor.py:654} INFO - DAG(s) dict_keys(['example_dag_decorator']) retrieved from /home/airflow/.local/lib/python3.7/site-packages/airflow/example_dags/example_dag_decorator.py
[2022-02-19 13:39:20,873] {logging_mixin.py:109} INFO - [2022-02-19 13:39:20,873] {dag.py:2396} INFO - Sync 1 DAGs
[2022-02-19 13:39:20,883] {logging_mixin.py:109} INFO - [2022-02-19 13:39:20,883] {dag.py:2935} INFO - Setting next_dagrun for example_dag_decorator to None
[2022-02-19 13:39:20,892] {processor.py:171} INFO - Processing /home/airflow/.local/lib/python3.7/site-packages/airflow/example_dags/example_dag_decorator.py took 0.535 seconds
[2022-02-19 13:39:51,777] {processor.py:163} INFO - Started process (PID=445) to work on /home/airflow/.local/lib/python3.7/site-packages/airflow/example_dags/example_dag_decorator.py
[2022-02-19 13:39:51,779] {processor.py:642} INFO - Processing file /home/airflow/.local/lib/python3.7/site-packages/airflow/example_dags/example_dag_decorator.py for tasks to queue
[2022-02-19 13:39:51,780] {logging_mixin.py:109} INFO - [2022-02-19 13:39:51,780] {dagbag.py:500} INFO - Filling up the DagBag from /home/airflow/.local/lib/python3.7/site-packages/airflow/example_dags/example_dag_decorator.py
[2022-02-19 13:39:51,818] {processor.py:654} INFO - DAG(s) dict_keys(['example_dag_decorator']) retrieved from /home/airflow/.local/lib/python3.7/site-packages/airflow/example_dags/example_dag_decorator.py
[2022-02-19 13:39:52,113] {logging_mixin.py:109} INFO - [2022-02-19 13:39:52,113] {dag.py:2396} INFO - Sync 1 DAGs
[2022-02-19 13:39:52,141] {logging_mixin.py:109} INFO - [2022-02-19 13:39:52,141] {dag.py:2935} INFO - Setting next_dagrun for example_dag_decorator to None
[2022-02-19 13:39:52,158] {processor.py:171} INFO - Processing /home/airflow/.local/lib/python3.7/site-packages/airflow/example_dags/example_dag_decorator.py took 0.385 seconds
[2022-02-19 13:40:22,939] {processor.py:163} INFO - Started process (PID=495) to work on /home/airflow/.local/lib/python3.7/site-packages/airflow/example_dags/example_dag_decorator.py
[2022-02-19 13:40:22,941] {processor.py:642} INFO - Processing file /home/airflow/.local/lib/python3.7/site-packages/airflow/example_dags/example_dag_decorator.py for tasks to queue
[2022-02-19 13:40:22,942] {logging_mixin.py:109} INFO - [2022-02-19 13:40:22,942] {dagbag.py:500} INFO - Filling up the DagBag from /home/airflow/.local/lib/python3.7/site-packages/airflow/example_dags/example_dag_decorator.py
[2022-02-19 13:40:22,983] {processor.py:654} INFO - DAG(s) dict_keys(['example_dag_decorator']) retrieved from /home/airflow/.local/lib/python3.7/site-packages/airflow/example_dags/example_dag_decorator.py
[2022-02-19 13:40:23,253] {logging_mixin.py:109} INFO - [2022-02-19 13:40:23,252] {dag.py:2396} INFO - Sync 1 DAGs
[2022-02-19 13:40:23,269] {logging_mixin.py:109} INFO - [2022-02-19 13:40:23,269] {dag.py:2935} INFO - Setting next_dagrun for example_dag_decorator to None
[2022-02-19 13:40:23,288] {processor.py:171} INFO - Processing /home/airflow/.local/lib/python3.7/site-packages/airflow/example_dags/example_dag_decorator.py took 0.354 seconds
[2022-02-19 13:40:53,344] {processor.py:163} INFO - Started process (PID=556) to work on /home/airflow/.local/lib/python3.7/site-packages/airflow/example_dags/example_dag_decorator.py
[2022-02-19 13:40:53,346] {processor.py:642} INFO - Processing file /home/airflow/.local/lib/python3.7/site-packages/airflow/example_dags/example_dag_decorator.py for tasks to queue
[2022-02-19 13:40:53,346] {logging_mixin.py:109} INFO - [2022-02-19 13:40:53,346] {dagbag.py:500} INFO - Filling up the DagBag from /home/airflow/.local/lib/python3.7/site-packages/airflow/example_dags/example_dag_decorator.py
[2022-02-19 13:40:53,379] {processor.py:654} INFO - DAG(s) dict_keys(['example_dag_decorator']) retrieved from /home/airflow/.local/lib/python3.7/site-packages/airflow/example_dags/example_dag_decorator.py
[2022-02-19 13:40:53,627] {logging_mixin.py:109} INFO - [2022-02-19 13:40:53,627] {dag.py:2396} INFO - Sync 1 DAGs
[2022-02-19 13:40:53,637] {logging_mixin.py:109} INFO - [2022-02-19 13:40:53,637] {dag.py:2935} INFO - Setting next_dagrun for example_dag_decorator to None
[2022-02-19 13:40:53,772] {processor.py:171} INFO - Processing /home/airflow/.local/lib/python3.7/site-packages/airflow/example_dags/example_dag_decorator.py took 0.432 seconds
[2022-02-19 13:41:37,073] {processor.py:163} INFO - Started process (PID=605) to work on /home/airflow/.local/lib/python3.7/site-packages/airflow/example_dags/example_dag_decorator.py
[2022-02-19 13:41:37,075] {processor.py:642} INFO - Processing file /home/airflow/.local/lib/python3.7/site-packages/airflow/example_dags/example_dag_decorator.py for tasks to queue
[2022-02-19 13:41:37,076] {logging_mixin.py:109} INFO - [2022-02-19 13:41:37,076] {dagbag.py:500} INFO - Filling up the DagBag from /home/airflow/.local/lib/python3.7/site-packages/airflow/example_dags/example_dag_decorator.py
[2022-02-19 13:41:37,146] {processor.py:654} INFO - DAG(s) dict_keys(['example_dag_decorator']) retrieved from /home/airflow/.local/lib/python3.7/site-packages/airflow/example_dags/example_dag_decorator.py
[2022-02-19 13:41:38,542] {logging_mixin.py:109} INFO - [2022-02-19 13:41:38,542] {dag.py:2396} INFO - Sync 1 DAGs
[2022-02-19 13:41:38,558] {logging_mixin.py:109} INFO - [2022-02-19 13:41:38,558] {dag.py:2935} INFO - Setting next_dagrun for example_dag_decorator to None
[2022-02-19 13:41:38,583] {processor.py:171} INFO - Processing /home/airflow/.local/lib/python3.7/site-packages/airflow/example_dags/example_dag_decorator.py took 1.513 seconds
[2022-02-19 13:42:19,807] {processor.py:163} INFO - Started process (PID=658) to work on /home/airflow/.local/lib/python3.7/site-packages/airflow/example_dags/example_dag_decorator.py
[2022-02-19 13:42:19,814] {processor.py:642} INFO - Processing file /home/airflow/.local/lib/python3.7/site-packages/airflow/example_dags/example_dag_decorator.py for tasks to queue
[2022-02-19 13:42:19,816] {logging_mixin.py:109} INFO - [2022-02-19 13:42:19,816] {dagbag.py:500} INFO - Filling up the DagBag from /home/airflow/.local/lib/python3.7/site-packages/airflow/example_dags/example_dag_decorator.py
[2022-02-19 13:42:19,937] {processor.py:654} INFO - DAG(s) dict_keys(['example_dag_decorator']) retrieved from /home/airflow/.local/lib/python3.7/site-packages/airflow/example_dags/example_dag_decorator.py
[2022-02-19 13:42:48,772] {logging_mixin.py:109} INFO - [2022-02-19 13:42:48,769] {dag.py:2396} INFO - Sync 1 DAGs
[2022-02-19 13:42:48,831] {logging_mixin.py:109} INFO - [2022-02-19 13:42:48,831] {dag.py:2935} INFO - Setting next_dagrun for example_dag_decorator to None
[2022-02-19 13:42:48,919] {processor.py:171} INFO - Processing /home/airflow/.local/lib/python3.7/site-packages/airflow/example_dags/example_dag_decorator.py took 29.575 seconds
[2022-02-19 13:44:49,047] {processor.py:163} INFO - Started process (PID=726) to work on /home/airflow/.local/lib/python3.7/site-packages/airflow/example_dags/example_dag_decorator.py
[2022-02-19 13:44:49,064] {processor.py:642} INFO - Processing file /home/airflow/.local/lib/python3.7/site-packages/airflow/example_dags/example_dag_decorator.py for tasks to queue
[2022-02-19 13:44:49,072] {logging_mixin.py:109} INFO - [2022-02-19 13:44:49,068] {dagbag.py:500} INFO - Filling up the DagBag from /home/airflow/.local/lib/python3.7/site-packages/airflow/example_dags/example_dag_decorator.py
[2022-02-19 13:44:50,744] {processor.py:654} INFO - DAG(s) dict_keys(['example_dag_decorator']) retrieved from /home/airflow/.local/lib/python3.7/site-packages/airflow/example_dags/example_dag_decorator.py
[2022-02-19 13:52:57,009] {processor.py:163} INFO - Started process (PID=44) to work on /home/airflow/.local/lib/python3.7/site-packages/airflow/example_dags/example_dag_decorator.py
[2022-02-19 13:52:57,016] {processor.py:642} INFO - Processing file /home/airflow/.local/lib/python3.7/site-packages/airflow/example_dags/example_dag_decorator.py for tasks to queue
[2022-02-19 13:52:57,027] {logging_mixin.py:109} INFO - [2022-02-19 13:52:57,027] {dagbag.py:500} INFO - Filling up the DagBag from /home/airflow/.local/lib/python3.7/site-packages/airflow/example_dags/example_dag_decorator.py
[2022-02-19 13:52:57,229] {processor.py:654} INFO - DAG(s) dict_keys(['example_dag_decorator']) retrieved from /home/airflow/.local/lib/python3.7/site-packages/airflow/example_dags/example_dag_decorator.py
[2022-02-19 13:52:58,682] {logging_mixin.py:109} INFO - [2022-02-19 13:52:58,682] {dag.py:2396} INFO - Sync 1 DAGs
[2022-02-19 13:52:58,849] {logging_mixin.py:109} INFO - [2022-02-19 13:52:58,849] {dag.py:2935} INFO - Setting next_dagrun for example_dag_decorator to None
[2022-02-19 13:52:58,961] {processor.py:171} INFO - Processing /home/airflow/.local/lib/python3.7/site-packages/airflow/example_dags/example_dag_decorator.py took 1.963 seconds
[2022-02-19 13:53:29,776] {processor.py:163} INFO - Started process (PID=89) to work on /home/airflow/.local/lib/python3.7/site-packages/airflow/example_dags/example_dag_decorator.py
[2022-02-19 13:53:29,905] {processor.py:642} INFO - Processing file /home/airflow/.local/lib/python3.7/site-packages/airflow/example_dags/example_dag_decorator.py for tasks to queue
[2022-02-19 13:53:30,754] {logging_mixin.py:109} INFO - [2022-02-19 13:53:30,697] {dagbag.py:500} INFO - Filling up the DagBag from /home/airflow/.local/lib/python3.7/site-packages/airflow/example_dags/example_dag_decorator.py
[2022-02-19 13:53:31,311] {processor.py:654} INFO - DAG(s) dict_keys(['example_dag_decorator']) retrieved from /home/airflow/.local/lib/python3.7/site-packages/airflow/example_dags/example_dag_decorator.py
[2022-02-19 13:53:33,410] {logging_mixin.py:109} INFO - [2022-02-19 13:53:33,410] {dag.py:2396} INFO - Sync 1 DAGs
[2022-02-19 13:53:33,454] {logging_mixin.py:109} INFO - [2022-02-19 13:53:33,454] {dag.py:2935} INFO - Setting next_dagrun for example_dag_decorator to None
[2022-02-19 13:53:33,497] {processor.py:171} INFO - Processing /home/airflow/.local/lib/python3.7/site-packages/airflow/example_dags/example_dag_decorator.py took 3.740 seconds
[2022-02-19 13:57:38,405] {processor.py:163} INFO - Started process (PID=44) to work on /home/airflow/.local/lib/python3.7/site-packages/airflow/example_dags/example_dag_decorator.py
[2022-02-19 13:57:38,408] {processor.py:642} INFO - Processing file /home/airflow/.local/lib/python3.7/site-packages/airflow/example_dags/example_dag_decorator.py for tasks to queue
[2022-02-19 13:57:38,418] {logging_mixin.py:109} INFO - [2022-02-19 13:57:38,418] {dagbag.py:500} INFO - Filling up the DagBag from /home/airflow/.local/lib/python3.7/site-packages/airflow/example_dags/example_dag_decorator.py
[2022-02-19 13:57:44,606] {processor.py:654} INFO - DAG(s) dict_keys(['example_dag_decorator']) retrieved from /home/airflow/.local/lib/python3.7/site-packages/airflow/example_dags/example_dag_decorator.py
[2022-02-19 13:57:45,686] {logging_mixin.py:109} INFO - [2022-02-19 13:57:45,685] {dag.py:2396} INFO - Sync 1 DAGs
[2022-02-19 13:57:47,285] {logging_mixin.py:109} INFO - [2022-02-19 13:57:47,263] {dag.py:2935} INFO - Setting next_dagrun for example_dag_decorator to None
[2022-02-19 13:57:47,452] {processor.py:171} INFO - Processing /home/airflow/.local/lib/python3.7/site-packages/airflow/example_dags/example_dag_decorator.py took 9.076 seconds
[2022-02-19 14:01:23,383] {processor.py:163} INFO - Started process (PID=167) to work on /home/airflow/.local/lib/python3.7/site-packages/airflow/example_dags/example_dag_decorator.py
[2022-02-19 14:01:23,389] {processor.py:642} INFO - Processing file /home/airflow/.local/lib/python3.7/site-packages/airflow/example_dags/example_dag_decorator.py for tasks to queue
[2022-02-19 14:01:23,394] {logging_mixin.py:109} INFO - [2022-02-19 14:01:23,393] {dagbag.py:500} INFO - Filling up the DagBag from /home/airflow/.local/lib/python3.7/site-packages/airflow/example_dags/example_dag_decorator.py
[2022-02-19 14:01:24,043] {processor.py:654} INFO - DAG(s) dict_keys(['example_dag_decorator']) retrieved from /home/airflow/.local/lib/python3.7/site-packages/airflow/example_dags/example_dag_decorator.py
[2022-02-19 14:01:27,149] {logging_mixin.py:109} INFO - [2022-02-19 14:01:27,148] {dag.py:2396} INFO - Sync 1 DAGs
[2022-02-19 14:01:27,178] {logging_mixin.py:109} INFO - [2022-02-19 14:01:27,178] {dag.py:2935} INFO - Setting next_dagrun for example_dag_decorator to None
[2022-02-19 14:01:27,193] {processor.py:171} INFO - Processing /home/airflow/.local/lib/python3.7/site-packages/airflow/example_dags/example_dag_decorator.py took 4.116 seconds
[2022-02-19 14:01:57,838] {processor.py:163} INFO - Started process (PID=225) to work on /home/airflow/.local/lib/python3.7/site-packages/airflow/example_dags/example_dag_decorator.py
[2022-02-19 14:01:57,854] {processor.py:642} INFO - Processing file /home/airflow/.local/lib/python3.7/site-packages/airflow/example_dags/example_dag_decorator.py for tasks to queue
[2022-02-19 14:01:57,856] {logging_mixin.py:109} INFO - [2022-02-19 14:01:57,856] {dagbag.py:500} INFO - Filling up the DagBag from /home/airflow/.local/lib/python3.7/site-packages/airflow/example_dags/example_dag_decorator.py
[2022-02-19 14:01:57,977] {processor.py:654} INFO - DAG(s) dict_keys(['example_dag_decorator']) retrieved from /home/airflow/.local/lib/python3.7/site-packages/airflow/example_dags/example_dag_decorator.py
[2022-02-19 14:01:58,443] {logging_mixin.py:109} INFO - [2022-02-19 14:01:58,443] {dag.py:2396} INFO - Sync 1 DAGs
[2022-02-19 14:01:58,457] {logging_mixin.py:109} INFO - [2022-02-19 14:01:58,457] {dag.py:2935} INFO - Setting next_dagrun for example_dag_decorator to None
[2022-02-19 14:01:58,512] {processor.py:171} INFO - Processing /home/airflow/.local/lib/python3.7/site-packages/airflow/example_dags/example_dag_decorator.py took 0.686 seconds
[2022-02-19 14:02:49,707] {processor.py:163} INFO - Started process (PID=275) to work on /home/airflow/.local/lib/python3.7/site-packages/airflow/example_dags/example_dag_decorator.py
[2022-02-19 14:02:49,723] {processor.py:642} INFO - Processing file /home/airflow/.local/lib/python3.7/site-packages/airflow/example_dags/example_dag_decorator.py for tasks to queue
[2022-02-19 14:02:49,752] {logging_mixin.py:109} INFO - [2022-02-19 14:02:49,752] {dagbag.py:500} INFO - Filling up the DagBag from /home/airflow/.local/lib/python3.7/site-packages/airflow/example_dags/example_dag_decorator.py
[2022-02-19 14:02:59,909] {processor.py:654} INFO - DAG(s) dict_keys(['example_dag_decorator']) retrieved from /home/airflow/.local/lib/python3.7/site-packages/airflow/example_dags/example_dag_decorator.py
[2022-02-19 14:03:15,864] {logging_mixin.py:109} INFO - [2022-02-19 14:03:15,863] {dag.py:2396} INFO - Sync 1 DAGs
[2022-02-19 14:03:15,916] {logging_mixin.py:109} INFO - [2022-02-19 14:03:15,916] {dag.py:2935} INFO - Setting next_dagrun for example_dag_decorator to None
[2022-02-19 14:03:15,969] {processor.py:171} INFO - Processing /home/airflow/.local/lib/python3.7/site-packages/airflow/example_dags/example_dag_decorator.py took 27.076 seconds
[2022-02-19 14:05:43,908] {processor.py:163} INFO - Started process (PID=366) to work on /home/airflow/.local/lib/python3.7/site-packages/airflow/example_dags/example_dag_decorator.py
[2022-02-19 14:05:43,946] {processor.py:642} INFO - Processing file /home/airflow/.local/lib/python3.7/site-packages/airflow/example_dags/example_dag_decorator.py for tasks to queue
[2022-02-19 14:05:43,953] {logging_mixin.py:109} INFO - [2022-02-19 14:05:43,952] {dagbag.py:500} INFO - Filling up the DagBag from /home/airflow/.local/lib/python3.7/site-packages/airflow/example_dags/example_dag_decorator.py
[2022-02-19 14:06:50,130] {processor.py:163} INFO - Started process (PID=45) to work on /home/airflow/.local/lib/python3.7/site-packages/airflow/example_dags/example_dag_decorator.py
[2022-02-19 14:06:50,134] {processor.py:642} INFO - Processing file /home/airflow/.local/lib/python3.7/site-packages/airflow/example_dags/example_dag_decorator.py for tasks to queue
[2022-02-19 14:06:50,139] {logging_mixin.py:109} INFO - [2022-02-19 14:06:50,138] {dagbag.py:500} INFO - Filling up the DagBag from /home/airflow/.local/lib/python3.7/site-packages/airflow/example_dags/example_dag_decorator.py
[2022-02-19 14:06:50,296] {processor.py:654} INFO - DAG(s) dict_keys(['example_dag_decorator']) retrieved from /home/airflow/.local/lib/python3.7/site-packages/airflow/example_dags/example_dag_decorator.py
[2022-02-19 14:06:56,292] {logging_mixin.py:109} INFO - [2022-02-19 14:06:56,288] {dag.py:2396} INFO - Sync 1 DAGs
[2022-02-19 14:06:56,402] {logging_mixin.py:109} INFO - [2022-02-19 14:06:56,402] {dag.py:2935} INFO - Setting next_dagrun for example_dag_decorator to None
[2022-02-19 14:06:56,470] {processor.py:171} INFO - Processing /home/airflow/.local/lib/python3.7/site-packages/airflow/example_dags/example_dag_decorator.py took 6.351 seconds
[2022-02-19 14:08:44,160] {processor.py:163} INFO - Started process (PID=133) to work on /home/airflow/.local/lib/python3.7/site-packages/airflow/example_dags/example_dag_decorator.py
[2022-02-19 14:08:44,167] {processor.py:642} INFO - Processing file /home/airflow/.local/lib/python3.7/site-packages/airflow/example_dags/example_dag_decorator.py for tasks to queue
[2022-02-19 14:08:44,174] {logging_mixin.py:109} INFO - [2022-02-19 14:08:44,173] {dagbag.py:500} INFO - Filling up the DagBag from /home/airflow/.local/lib/python3.7/site-packages/airflow/example_dags/example_dag_decorator.py
[2022-02-19 14:08:51,469] {processor.py:654} INFO - DAG(s) dict_keys(['example_dag_decorator']) retrieved from /home/airflow/.local/lib/python3.7/site-packages/airflow/example_dags/example_dag_decorator.py
[2022-02-19 14:10:13,974] {processor.py:163} INFO - Started process (PID=175) to work on /home/airflow/.local/lib/python3.7/site-packages/airflow/example_dags/example_dag_decorator.py
[2022-02-19 14:10:13,984] {processor.py:642} INFO - Processing file /home/airflow/.local/lib/python3.7/site-packages/airflow/example_dags/example_dag_decorator.py for tasks to queue
[2022-02-19 14:10:13,991] {logging_mixin.py:109} INFO - [2022-02-19 14:10:13,991] {dagbag.py:500} INFO - Filling up the DagBag from /home/airflow/.local/lib/python3.7/site-packages/airflow/example_dags/example_dag_decorator.py
[2022-02-19 14:10:15,865] {processor.py:654} INFO - DAG(s) dict_keys(['example_dag_decorator']) retrieved from /home/airflow/.local/lib/python3.7/site-packages/airflow/example_dags/example_dag_decorator.py
[2022-02-19 14:11:06,825] {processor.py:163} INFO - Started process (PID=213) to work on /home/airflow/.local/lib/python3.7/site-packages/airflow/example_dags/example_dag_decorator.py
[2022-02-19 14:11:06,892] {processor.py:642} INFO - Processing file /home/airflow/.local/lib/python3.7/site-packages/airflow/example_dags/example_dag_decorator.py for tasks to queue
[2022-02-19 14:11:06,920] {logging_mixin.py:109} INFO - [2022-02-19 14:11:06,912] {dagbag.py:500} INFO - Filling up the DagBag from /home/airflow/.local/lib/python3.7/site-packages/airflow/example_dags/example_dag_decorator.py
[2022-02-19 14:15:17,124] {processor.py:163} INFO - Started process (PID=130) to work on /home/airflow/.local/lib/python3.7/site-packages/airflow/example_dags/example_dag_decorator.py
[2022-02-19 14:15:17,130] {processor.py:642} INFO - Processing file /home/airflow/.local/lib/python3.7/site-packages/airflow/example_dags/example_dag_decorator.py for tasks to queue
[2022-02-19 14:15:17,134] {logging_mixin.py:109} INFO - [2022-02-19 14:15:17,133] {dagbag.py:500} INFO - Filling up the DagBag from /home/airflow/.local/lib/python3.7/site-packages/airflow/example_dags/example_dag_decorator.py
[2022-02-19 14:15:17,377] {processor.py:654} INFO - DAG(s) dict_keys(['example_dag_decorator']) retrieved from /home/airflow/.local/lib/python3.7/site-packages/airflow/example_dags/example_dag_decorator.py
[2022-02-19 14:15:20,184] {logging_mixin.py:109} INFO - [2022-02-19 14:15:20,183] {dag.py:2396} INFO - Sync 1 DAGs
[2022-02-19 14:15:20,366] {logging_mixin.py:109} INFO - [2022-02-19 14:15:20,366] {dag.py:2935} INFO - Setting next_dagrun for example_dag_decorator to None
[2022-02-19 14:15:21,159] {processor.py:171} INFO - Processing /home/airflow/.local/lib/python3.7/site-packages/airflow/example_dags/example_dag_decorator.py took 4.057 seconds
[2022-02-19 14:15:59,977] {processor.py:163} INFO - Started process (PID=172) to work on /home/airflow/.local/lib/python3.7/site-packages/airflow/example_dags/example_dag_decorator.py
[2022-02-19 14:15:59,990] {processor.py:642} INFO - Processing file /home/airflow/.local/lib/python3.7/site-packages/airflow/example_dags/example_dag_decorator.py for tasks to queue
[2022-02-19 14:15:59,992] {logging_mixin.py:109} INFO - [2022-02-19 14:15:59,992] {dagbag.py:500} INFO - Filling up the DagBag from /home/airflow/.local/lib/python3.7/site-packages/airflow/example_dags/example_dag_decorator.py
[2022-02-19 14:16:00,114] {processor.py:654} INFO - DAG(s) dict_keys(['example_dag_decorator']) retrieved from /home/airflow/.local/lib/python3.7/site-packages/airflow/example_dags/example_dag_decorator.py
[2022-02-19 14:16:00,954] {logging_mixin.py:109} INFO - [2022-02-19 14:16:00,954] {dag.py:2396} INFO - Sync 1 DAGs
[2022-02-19 14:16:01,005] {logging_mixin.py:109} INFO - [2022-02-19 14:16:01,005] {dag.py:2935} INFO - Setting next_dagrun for example_dag_decorator to None
[2022-02-19 14:16:01,033] {processor.py:171} INFO - Processing /home/airflow/.local/lib/python3.7/site-packages/airflow/example_dags/example_dag_decorator.py took 1.062 seconds
[2022-02-19 14:17:04,806] {processor.py:163} INFO - Started process (PID=224) to work on /home/airflow/.local/lib/python3.7/site-packages/airflow/example_dags/example_dag_decorator.py
[2022-02-19 14:17:04,817] {processor.py:642} INFO - Processing file /home/airflow/.local/lib/python3.7/site-packages/airflow/example_dags/example_dag_decorator.py for tasks to queue
[2022-02-19 14:17:04,821] {logging_mixin.py:109} INFO - [2022-02-19 14:17:04,820] {dagbag.py:500} INFO - Filling up the DagBag from /home/airflow/.local/lib/python3.7/site-packages/airflow/example_dags/example_dag_decorator.py
[2022-02-19 14:17:05,288] {processor.py:654} INFO - DAG(s) dict_keys(['example_dag_decorator']) retrieved from /home/airflow/.local/lib/python3.7/site-packages/airflow/example_dags/example_dag_decorator.py
[2022-02-19 14:18:54,204] {processor.py:163} INFO - Started process (PID=273) to work on /home/airflow/.local/lib/python3.7/site-packages/airflow/example_dags/example_dag_decorator.py
[2022-02-19 14:18:54,222] {processor.py:642} INFO - Processing file /home/airflow/.local/lib/python3.7/site-packages/airflow/example_dags/example_dag_decorator.py for tasks to queue
[2022-02-19 14:18:54,263] {logging_mixin.py:109} INFO - [2022-02-19 14:18:54,251] {dagbag.py:500} INFO - Filling up the DagBag from /home/airflow/.local/lib/python3.7/site-packages/airflow/example_dags/example_dag_decorator.py
[2022-02-19 14:19:05,622] {processor.py:654} INFO - DAG(s) dict_keys(['example_dag_decorator']) retrieved from /home/airflow/.local/lib/python3.7/site-packages/airflow/example_dags/example_dag_decorator.py
[2022-02-19 14:20:49,820] {processor.py:163} INFO - Started process (PID=45) to work on /home/airflow/.local/lib/python3.7/site-packages/airflow/example_dags/example_dag_decorator.py
[2022-02-19 14:20:49,824] {processor.py:642} INFO - Processing file /home/airflow/.local/lib/python3.7/site-packages/airflow/example_dags/example_dag_decorator.py for tasks to queue
[2022-02-19 14:20:49,826] {logging_mixin.py:109} INFO - [2022-02-19 14:20:49,826] {dagbag.py:500} INFO - Filling up the DagBag from /home/airflow/.local/lib/python3.7/site-packages/airflow/example_dags/example_dag_decorator.py
[2022-02-19 14:20:49,899] {processor.py:654} INFO - DAG(s) dict_keys(['example_dag_decorator']) retrieved from /home/airflow/.local/lib/python3.7/site-packages/airflow/example_dags/example_dag_decorator.py
[2022-02-19 14:20:51,641] {logging_mixin.py:109} INFO - [2022-02-19 14:20:51,641] {dag.py:2396} INFO - Sync 1 DAGs
[2022-02-19 14:20:51,671] {logging_mixin.py:109} INFO - [2022-02-19 14:20:51,671] {dag.py:2935} INFO - Setting next_dagrun for example_dag_decorator to None
[2022-02-19 14:20:52,052] {processor.py:171} INFO - Processing /home/airflow/.local/lib/python3.7/site-packages/airflow/example_dags/example_dag_decorator.py took 2.236 seconds
[2022-02-19 14:22:13,018] {processor.py:163} INFO - Started process (PID=105) to work on /home/airflow/.local/lib/python3.7/site-packages/airflow/example_dags/example_dag_decorator.py
[2022-02-19 14:22:13,022] {processor.py:642} INFO - Processing file /home/airflow/.local/lib/python3.7/site-packages/airflow/example_dags/example_dag_decorator.py for tasks to queue
[2022-02-19 14:22:13,027] {logging_mixin.py:109} INFO - [2022-02-19 14:22:13,026] {dagbag.py:500} INFO - Filling up the DagBag from /home/airflow/.local/lib/python3.7/site-packages/airflow/example_dags/example_dag_decorator.py
[2022-02-19 14:22:13,205] {processor.py:654} INFO - DAG(s) dict_keys(['example_dag_decorator']) retrieved from /home/airflow/.local/lib/python3.7/site-packages/airflow/example_dags/example_dag_decorator.py
[2022-02-19 14:22:15,067] {logging_mixin.py:109} INFO - [2022-02-19 14:22:15,067] {dag.py:2396} INFO - Sync 1 DAGs
[2022-02-19 14:22:15,274] {logging_mixin.py:109} INFO - [2022-02-19 14:22:15,274] {dag.py:2935} INFO - Setting next_dagrun for example_dag_decorator to None
[2022-02-19 14:22:15,380] {processor.py:171} INFO - Processing /home/airflow/.local/lib/python3.7/site-packages/airflow/example_dags/example_dag_decorator.py took 2.371 seconds
[2022-02-19 14:22:50,822] {processor.py:163} INFO - Started process (PID=157) to work on /home/airflow/.local/lib/python3.7/site-packages/airflow/example_dags/example_dag_decorator.py
[2022-02-19 14:22:50,840] {processor.py:642} INFO - Processing file /home/airflow/.local/lib/python3.7/site-packages/airflow/example_dags/example_dag_decorator.py for tasks to queue
[2022-02-19 14:22:50,857] {logging_mixin.py:109} INFO - [2022-02-19 14:22:50,857] {dagbag.py:500} INFO - Filling up the DagBag from /home/airflow/.local/lib/python3.7/site-packages/airflow/example_dags/example_dag_decorator.py
[2022-02-19 14:22:52,856] {processor.py:654} INFO - DAG(s) dict_keys(['example_dag_decorator']) retrieved from /home/airflow/.local/lib/python3.7/site-packages/airflow/example_dags/example_dag_decorator.py
[2022-02-19 14:25:48,389] {processor.py:163} INFO - Started process (PID=253) to work on /home/airflow/.local/lib/python3.7/site-packages/airflow/example_dags/example_dag_decorator.py
[2022-02-19 14:25:48,440] {processor.py:642} INFO - Processing file /home/airflow/.local/lib/python3.7/site-packages/airflow/example_dags/example_dag_decorator.py for tasks to queue
[2022-02-19 14:25:48,533] {logging_mixin.py:109} INFO - [2022-02-19 14:25:48,508] {dagbag.py:500} INFO - Filling up the DagBag from /home/airflow/.local/lib/python3.7/site-packages/airflow/example_dags/example_dag_decorator.py
[2022-02-19 14:26:56,790] {processor.py:163} INFO - Started process (PID=52) to work on /home/airflow/.local/lib/python3.7/site-packages/airflow/example_dags/example_dag_decorator.py
[2022-02-19 14:26:56,799] {processor.py:642} INFO - Processing file /home/airflow/.local/lib/python3.7/site-packages/airflow/example_dags/example_dag_decorator.py for tasks to queue
[2022-02-19 14:26:56,807] {logging_mixin.py:109} INFO - [2022-02-19 14:26:56,807] {dagbag.py:500} INFO - Filling up the DagBag from /home/airflow/.local/lib/python3.7/site-packages/airflow/example_dags/example_dag_decorator.py
[2022-02-19 14:26:57,087] {processor.py:654} INFO - DAG(s) dict_keys(['example_dag_decorator']) retrieved from /home/airflow/.local/lib/python3.7/site-packages/airflow/example_dags/example_dag_decorator.py
[2022-02-19 14:26:58,706] {logging_mixin.py:109} INFO - [2022-02-19 14:26:58,706] {dag.py:2396} INFO - Sync 1 DAGs
[2022-02-19 14:26:58,757] {logging_mixin.py:109} INFO - [2022-02-19 14:26:58,757] {dag.py:2935} INFO - Setting next_dagrun for example_dag_decorator to None
[2022-02-19 14:26:58,804] {processor.py:171} INFO - Processing /home/airflow/.local/lib/python3.7/site-packages/airflow/example_dags/example_dag_decorator.py took 2.034 seconds
