[2022-02-19 13:24:06,201] {processor.py:163} INFO - Started process (PID=376) to work on /home/airflow/.local/lib/python3.7/site-packages/airflow/example_dags/example_task_group_decorator.py
[2022-02-19 13:24:06,205] {processor.py:642} INFO - Processing file /home/airflow/.local/lib/python3.7/site-packages/airflow/example_dags/example_task_group_decorator.py for tasks to queue
[2022-02-19 13:24:06,208] {logging_mixin.py:109} INFO - [2022-02-19 13:24:06,208] {dagbag.py:500} INFO - Filling up the DagBag from /home/airflow/.local/lib/python3.7/site-packages/airflow/example_dags/example_task_group_decorator.py
[2022-02-19 13:24:06,312] {processor.py:654} INFO - DAG(s) dict_keys(['example_task_group_decorator']) retrieved from /home/airflow/.local/lib/python3.7/site-packages/airflow/example_dags/example_task_group_decorator.py
[2022-02-19 13:24:13,019] {logging_mixin.py:109} INFO - [2022-02-19 13:24:13,018] {manager.py:496} INFO - Created Permission View: can read on DAG:example_task_group_decorator
[2022-02-19 13:24:13,043] {logging_mixin.py:109} INFO - [2022-02-19 13:24:13,043] {manager.py:496} INFO - Created Permission View: can edit on DAG:example_task_group_decorator
[2022-02-19 13:24:13,045] {logging_mixin.py:109} INFO - [2022-02-19 13:24:13,044] {dag.py:2396} INFO - Sync 1 DAGs
[2022-02-19 13:24:13,063] {logging_mixin.py:109} INFO - [2022-02-19 13:24:13,063] {dag.py:2415} INFO - Creating ORM DAG for example_task_group_decorator
[2022-02-19 13:24:13,076] {logging_mixin.py:109} INFO - [2022-02-19 13:24:13,076] {dag.py:2935} INFO - Setting next_dagrun for example_task_group_decorator to 2022-02-18T13:24:13.075840+00:00
[2022-02-19 13:24:13,099] {processor.py:171} INFO - Processing /home/airflow/.local/lib/python3.7/site-packages/airflow/example_dags/example_task_group_decorator.py took 6.905 seconds
[2022-02-19 13:29:44,094] {processor.py:163} INFO - Started process (PID=689) to work on /home/airflow/.local/lib/python3.7/site-packages/airflow/example_dags/example_task_group_decorator.py
[2022-02-19 13:29:44,097] {processor.py:642} INFO - Processing file /home/airflow/.local/lib/python3.7/site-packages/airflow/example_dags/example_task_group_decorator.py for tasks to queue
[2022-02-19 13:29:44,099] {logging_mixin.py:109} INFO - [2022-02-19 13:29:44,098] {dagbag.py:500} INFO - Filling up the DagBag from /home/airflow/.local/lib/python3.7/site-packages/airflow/example_dags/example_task_group_decorator.py
[2022-02-19 13:29:44,150] {processor.py:654} INFO - DAG(s) dict_keys(['example_task_group_decorator']) retrieved from /home/airflow/.local/lib/python3.7/site-packages/airflow/example_dags/example_task_group_decorator.py
[2022-02-19 13:29:44,511] {logging_mixin.py:109} INFO - [2022-02-19 13:29:44,511] {dag.py:2396} INFO - Sync 1 DAGs
[2022-02-19 13:29:44,532] {logging_mixin.py:109} INFO - [2022-02-19 13:29:44,532] {dag.py:2935} INFO - Setting next_dagrun for example_task_group_decorator to 2022-02-18T13:29:44.532256+00:00
[2022-02-19 13:29:44,557] {processor.py:171} INFO - Processing /home/airflow/.local/lib/python3.7/site-packages/airflow/example_dags/example_task_group_decorator.py took 0.466 seconds
[2022-02-19 13:37:16,063] {processor.py:163} INFO - Started process (PID=174) to work on /home/airflow/.local/lib/python3.7/site-packages/airflow/example_dags/example_task_group_decorator.py
[2022-02-19 13:37:16,076] {processor.py:642} INFO - Processing file /home/airflow/.local/lib/python3.7/site-packages/airflow/example_dags/example_task_group_decorator.py for tasks to queue
[2022-02-19 13:37:16,083] {logging_mixin.py:109} INFO - [2022-02-19 13:37:16,083] {dagbag.py:500} INFO - Filling up the DagBag from /home/airflow/.local/lib/python3.7/site-packages/airflow/example_dags/example_task_group_decorator.py
[2022-02-19 13:37:16,227] {processor.py:654} INFO - DAG(s) dict_keys(['example_task_group_decorator']) retrieved from /home/airflow/.local/lib/python3.7/site-packages/airflow/example_dags/example_task_group_decorator.py
[2022-02-19 13:37:18,596] {logging_mixin.py:109} INFO - [2022-02-19 13:37:18,595] {dag.py:2396} INFO - Sync 1 DAGs
[2022-02-19 13:37:18,668] {logging_mixin.py:109} INFO - [2022-02-19 13:37:18,667] {dag.py:2935} INFO - Setting next_dagrun for example_task_group_decorator to 2022-02-18T13:37:18.666615+00:00
[2022-02-19 13:37:18,758] {processor.py:171} INFO - Processing /home/airflow/.local/lib/python3.7/site-packages/airflow/example_dags/example_task_group_decorator.py took 2.726 seconds
[2022-02-19 13:37:53,043] {processor.py:163} INFO - Started process (PID=245) to work on /home/airflow/.local/lib/python3.7/site-packages/airflow/example_dags/example_task_group_decorator.py
[2022-02-19 13:37:53,047] {processor.py:642} INFO - Processing file /home/airflow/.local/lib/python3.7/site-packages/airflow/example_dags/example_task_group_decorator.py for tasks to queue
[2022-02-19 13:37:53,055] {logging_mixin.py:109} INFO - [2022-02-19 13:37:53,054] {dagbag.py:500} INFO - Filling up the DagBag from /home/airflow/.local/lib/python3.7/site-packages/airflow/example_dags/example_task_group_decorator.py
[2022-02-19 13:37:53,166] {processor.py:654} INFO - DAG(s) dict_keys(['example_task_group_decorator']) retrieved from /home/airflow/.local/lib/python3.7/site-packages/airflow/example_dags/example_task_group_decorator.py
[2022-02-19 13:37:53,661] {logging_mixin.py:109} INFO - [2022-02-19 13:37:53,661] {dag.py:2396} INFO - Sync 1 DAGs
[2022-02-19 13:37:53,687] {logging_mixin.py:109} INFO - [2022-02-19 13:37:53,687] {dag.py:2935} INFO - Setting next_dagrun for example_task_group_decorator to 2022-02-18T13:37:53.686757+00:00
[2022-02-19 13:37:53,701] {processor.py:171} INFO - Processing /home/airflow/.local/lib/python3.7/site-packages/airflow/example_dags/example_task_group_decorator.py took 0.662 seconds
[2022-02-19 13:38:23,886] {processor.py:163} INFO - Started process (PID=295) to work on /home/airflow/.local/lib/python3.7/site-packages/airflow/example_dags/example_task_group_decorator.py
[2022-02-19 13:38:23,888] {processor.py:642} INFO - Processing file /home/airflow/.local/lib/python3.7/site-packages/airflow/example_dags/example_task_group_decorator.py for tasks to queue
[2022-02-19 13:38:23,889] {logging_mixin.py:109} INFO - [2022-02-19 13:38:23,889] {dagbag.py:500} INFO - Filling up the DagBag from /home/airflow/.local/lib/python3.7/site-packages/airflow/example_dags/example_task_group_decorator.py
[2022-02-19 13:38:23,934] {processor.py:654} INFO - DAG(s) dict_keys(['example_task_group_decorator']) retrieved from /home/airflow/.local/lib/python3.7/site-packages/airflow/example_dags/example_task_group_decorator.py
[2022-02-19 13:38:24,229] {logging_mixin.py:109} INFO - [2022-02-19 13:38:24,229] {dag.py:2396} INFO - Sync 1 DAGs
[2022-02-19 13:38:24,242] {logging_mixin.py:109} INFO - [2022-02-19 13:38:24,242] {dag.py:2935} INFO - Setting next_dagrun for example_task_group_decorator to 2022-02-18T13:38:24.242423+00:00
[2022-02-19 13:38:24,253] {processor.py:171} INFO - Processing /home/airflow/.local/lib/python3.7/site-packages/airflow/example_dags/example_task_group_decorator.py took 0.370 seconds
[2022-02-19 13:38:54,979] {processor.py:163} INFO - Started process (PID=345) to work on /home/airflow/.local/lib/python3.7/site-packages/airflow/example_dags/example_task_group_decorator.py
[2022-02-19 13:38:54,981] {processor.py:642} INFO - Processing file /home/airflow/.local/lib/python3.7/site-packages/airflow/example_dags/example_task_group_decorator.py for tasks to queue
[2022-02-19 13:38:54,982] {logging_mixin.py:109} INFO - [2022-02-19 13:38:54,982] {dagbag.py:500} INFO - Filling up the DagBag from /home/airflow/.local/lib/python3.7/site-packages/airflow/example_dags/example_task_group_decorator.py
[2022-02-19 13:38:55,027] {processor.py:654} INFO - DAG(s) dict_keys(['example_task_group_decorator']) retrieved from /home/airflow/.local/lib/python3.7/site-packages/airflow/example_dags/example_task_group_decorator.py
[2022-02-19 13:38:55,295] {logging_mixin.py:109} INFO - [2022-02-19 13:38:55,294] {dag.py:2396} INFO - Sync 1 DAGs
[2022-02-19 13:38:55,311] {logging_mixin.py:109} INFO - [2022-02-19 13:38:55,311] {dag.py:2935} INFO - Setting next_dagrun for example_task_group_decorator to 2022-02-18T13:38:55.311067+00:00
[2022-02-19 13:38:55,326] {processor.py:171} INFO - Processing /home/airflow/.local/lib/python3.7/site-packages/airflow/example_dags/example_task_group_decorator.py took 0.351 seconds
[2022-02-19 13:39:25,525] {processor.py:163} INFO - Started process (PID=405) to work on /home/airflow/.local/lib/python3.7/site-packages/airflow/example_dags/example_task_group_decorator.py
[2022-02-19 13:39:25,527] {processor.py:642} INFO - Processing file /home/airflow/.local/lib/python3.7/site-packages/airflow/example_dags/example_task_group_decorator.py for tasks to queue
[2022-02-19 13:39:25,528] {logging_mixin.py:109} INFO - [2022-02-19 13:39:25,528] {dagbag.py:500} INFO - Filling up the DagBag from /home/airflow/.local/lib/python3.7/site-packages/airflow/example_dags/example_task_group_decorator.py
[2022-02-19 13:39:25,567] {processor.py:654} INFO - DAG(s) dict_keys(['example_task_group_decorator']) retrieved from /home/airflow/.local/lib/python3.7/site-packages/airflow/example_dags/example_task_group_decorator.py
[2022-02-19 13:39:25,853] {logging_mixin.py:109} INFO - [2022-02-19 13:39:25,852] {dag.py:2396} INFO - Sync 1 DAGs
[2022-02-19 13:39:25,870] {logging_mixin.py:109} INFO - [2022-02-19 13:39:25,870] {dag.py:2935} INFO - Setting next_dagrun for example_task_group_decorator to 2022-02-18T13:39:25.869797+00:00
[2022-02-19 13:39:25,883] {processor.py:171} INFO - Processing /home/airflow/.local/lib/python3.7/site-packages/airflow/example_dags/example_task_group_decorator.py took 0.361 seconds
[2022-02-19 13:39:56,837] {processor.py:163} INFO - Started process (PID=458) to work on /home/airflow/.local/lib/python3.7/site-packages/airflow/example_dags/example_task_group_decorator.py
[2022-02-19 13:39:56,839] {processor.py:642} INFO - Processing file /home/airflow/.local/lib/python3.7/site-packages/airflow/example_dags/example_task_group_decorator.py for tasks to queue
[2022-02-19 13:39:56,841] {logging_mixin.py:109} INFO - [2022-02-19 13:39:56,841] {dagbag.py:500} INFO - Filling up the DagBag from /home/airflow/.local/lib/python3.7/site-packages/airflow/example_dags/example_task_group_decorator.py
[2022-02-19 13:39:56,890] {processor.py:654} INFO - DAG(s) dict_keys(['example_task_group_decorator']) retrieved from /home/airflow/.local/lib/python3.7/site-packages/airflow/example_dags/example_task_group_decorator.py
[2022-02-19 13:39:57,202] {logging_mixin.py:109} INFO - [2022-02-19 13:39:57,202] {dag.py:2396} INFO - Sync 1 DAGs
[2022-02-19 13:39:57,215] {logging_mixin.py:109} INFO - [2022-02-19 13:39:57,215] {dag.py:2935} INFO - Setting next_dagrun for example_task_group_decorator to 2022-02-18T13:39:57.214962+00:00
[2022-02-19 13:39:57,225] {processor.py:171} INFO - Processing /home/airflow/.local/lib/python3.7/site-packages/airflow/example_dags/example_task_group_decorator.py took 0.392 seconds
[2022-02-19 13:40:28,035] {processor.py:163} INFO - Started process (PID=518) to work on /home/airflow/.local/lib/python3.7/site-packages/airflow/example_dags/example_task_group_decorator.py
[2022-02-19 13:40:28,036] {processor.py:642} INFO - Processing file /home/airflow/.local/lib/python3.7/site-packages/airflow/example_dags/example_task_group_decorator.py for tasks to queue
[2022-02-19 13:40:28,038] {logging_mixin.py:109} INFO - [2022-02-19 13:40:28,037] {dagbag.py:500} INFO - Filling up the DagBag from /home/airflow/.local/lib/python3.7/site-packages/airflow/example_dags/example_task_group_decorator.py
[2022-02-19 13:40:28,080] {processor.py:654} INFO - DAG(s) dict_keys(['example_task_group_decorator']) retrieved from /home/airflow/.local/lib/python3.7/site-packages/airflow/example_dags/example_task_group_decorator.py
[2022-02-19 13:40:28,347] {logging_mixin.py:109} INFO - [2022-02-19 13:40:28,347] {dag.py:2396} INFO - Sync 1 DAGs
[2022-02-19 13:40:28,361] {logging_mixin.py:109} INFO - [2022-02-19 13:40:28,361] {dag.py:2935} INFO - Setting next_dagrun for example_task_group_decorator to 2022-02-18T13:40:28.360862+00:00
[2022-02-19 13:40:28,373] {processor.py:171} INFO - Processing /home/airflow/.local/lib/python3.7/site-packages/airflow/example_dags/example_task_group_decorator.py took 0.343 seconds
[2022-02-19 13:40:59,000] {processor.py:163} INFO - Started process (PID=569) to work on /home/airflow/.local/lib/python3.7/site-packages/airflow/example_dags/example_task_group_decorator.py
[2022-02-19 13:40:59,002] {processor.py:642} INFO - Processing file /home/airflow/.local/lib/python3.7/site-packages/airflow/example_dags/example_task_group_decorator.py for tasks to queue
[2022-02-19 13:40:59,003] {logging_mixin.py:109} INFO - [2022-02-19 13:40:59,003] {dagbag.py:500} INFO - Filling up the DagBag from /home/airflow/.local/lib/python3.7/site-packages/airflow/example_dags/example_task_group_decorator.py
[2022-02-19 13:40:59,062] {processor.py:654} INFO - DAG(s) dict_keys(['example_task_group_decorator']) retrieved from /home/airflow/.local/lib/python3.7/site-packages/airflow/example_dags/example_task_group_decorator.py
[2022-02-19 13:41:02,960] {logging_mixin.py:109} INFO - [2022-02-19 13:41:02,960] {dag.py:2396} INFO - Sync 1 DAGs
[2022-02-19 13:41:02,978] {logging_mixin.py:109} INFO - [2022-02-19 13:41:02,977] {dag.py:2935} INFO - Setting next_dagrun for example_task_group_decorator to 2022-02-18T13:41:02.977305+00:00
[2022-02-19 13:41:03,006] {processor.py:171} INFO - Processing /home/airflow/.local/lib/python3.7/site-packages/airflow/example_dags/example_task_group_decorator.py took 4.031 seconds
[2022-02-19 13:41:39,521] {processor.py:163} INFO - Started process (PID=622) to work on /home/airflow/.local/lib/python3.7/site-packages/airflow/example_dags/example_task_group_decorator.py
[2022-02-19 13:41:39,523] {processor.py:642} INFO - Processing file /home/airflow/.local/lib/python3.7/site-packages/airflow/example_dags/example_task_group_decorator.py for tasks to queue
[2022-02-19 13:41:39,524] {logging_mixin.py:109} INFO - [2022-02-19 13:41:39,524] {dagbag.py:500} INFO - Filling up the DagBag from /home/airflow/.local/lib/python3.7/site-packages/airflow/example_dags/example_task_group_decorator.py
[2022-02-19 13:41:39,602] {processor.py:654} INFO - DAG(s) dict_keys(['example_task_group_decorator']) retrieved from /home/airflow/.local/lib/python3.7/site-packages/airflow/example_dags/example_task_group_decorator.py
[2022-02-19 13:41:39,986] {logging_mixin.py:109} INFO - [2022-02-19 13:41:39,986] {dag.py:2396} INFO - Sync 1 DAGs
[2022-02-19 13:41:40,002] {logging_mixin.py:109} INFO - [2022-02-19 13:41:40,002] {dag.py:2935} INFO - Setting next_dagrun for example_task_group_decorator to 2022-02-18T13:41:40.001728+00:00
[2022-02-19 13:41:40,014] {processor.py:171} INFO - Processing /home/airflow/.local/lib/python3.7/site-packages/airflow/example_dags/example_task_group_decorator.py took 0.498 seconds
[2022-02-19 13:53:21,045] {processor.py:163} INFO - Started process (PID=63) to work on /home/airflow/.local/lib/python3.7/site-packages/airflow/example_dags/example_task_group_decorator.py
[2022-02-19 13:53:21,048] {processor.py:642} INFO - Processing file /home/airflow/.local/lib/python3.7/site-packages/airflow/example_dags/example_task_group_decorator.py for tasks to queue
[2022-02-19 13:53:21,049] {logging_mixin.py:109} INFO - [2022-02-19 13:53:21,049] {dagbag.py:500} INFO - Filling up the DagBag from /home/airflow/.local/lib/python3.7/site-packages/airflow/example_dags/example_task_group_decorator.py
[2022-02-19 13:53:21,098] {processor.py:654} INFO - DAG(s) dict_keys(['example_task_group_decorator']) retrieved from /home/airflow/.local/lib/python3.7/site-packages/airflow/example_dags/example_task_group_decorator.py
[2022-02-19 13:53:21,693] {logging_mixin.py:109} INFO - [2022-02-19 13:53:21,692] {dag.py:2396} INFO - Sync 1 DAGs
[2022-02-19 13:53:21,718] {logging_mixin.py:109} INFO - [2022-02-19 13:53:21,718] {dag.py:2935} INFO - Setting next_dagrun for example_task_group_decorator to 2022-02-18T13:53:21.717952+00:00
[2022-02-19 13:53:21,798] {processor.py:171} INFO - Processing /home/airflow/.local/lib/python3.7/site-packages/airflow/example_dags/example_task_group_decorator.py took 0.757 seconds
[2022-02-19 14:01:37,789] {processor.py:163} INFO - Started process (PID=190) to work on /home/airflow/.local/lib/python3.7/site-packages/airflow/example_dags/example_task_group_decorator.py
[2022-02-19 14:01:37,795] {processor.py:642} INFO - Processing file /home/airflow/.local/lib/python3.7/site-packages/airflow/example_dags/example_task_group_decorator.py for tasks to queue
[2022-02-19 14:01:37,796] {logging_mixin.py:109} INFO - [2022-02-19 14:01:37,796] {dagbag.py:500} INFO - Filling up the DagBag from /home/airflow/.local/lib/python3.7/site-packages/airflow/example_dags/example_task_group_decorator.py
[2022-02-19 14:01:38,022] {processor.py:654} INFO - DAG(s) dict_keys(['example_task_group_decorator']) retrieved from /home/airflow/.local/lib/python3.7/site-packages/airflow/example_dags/example_task_group_decorator.py
[2022-02-19 14:01:39,261] {logging_mixin.py:109} INFO - [2022-02-19 14:01:39,260] {dag.py:2396} INFO - Sync 1 DAGs
[2022-02-19 14:01:39,358] {logging_mixin.py:109} INFO - [2022-02-19 14:01:39,358] {dag.py:2935} INFO - Setting next_dagrun for example_task_group_decorator to 2022-02-18T14:01:39.348762+00:00
[2022-02-19 14:01:39,439] {processor.py:171} INFO - Processing /home/airflow/.local/lib/python3.7/site-packages/airflow/example_dags/example_task_group_decorator.py took 1.661 seconds
[2022-02-19 14:02:10,076] {processor.py:163} INFO - Started process (PID=243) to work on /home/airflow/.local/lib/python3.7/site-packages/airflow/example_dags/example_task_group_decorator.py
[2022-02-19 14:02:10,080] {processor.py:642} INFO - Processing file /home/airflow/.local/lib/python3.7/site-packages/airflow/example_dags/example_task_group_decorator.py for tasks to queue
[2022-02-19 14:02:10,082] {logging_mixin.py:109} INFO - [2022-02-19 14:02:10,082] {dagbag.py:500} INFO - Filling up the DagBag from /home/airflow/.local/lib/python3.7/site-packages/airflow/example_dags/example_task_group_decorator.py
[2022-02-19 14:02:10,174] {processor.py:654} INFO - DAG(s) dict_keys(['example_task_group_decorator']) retrieved from /home/airflow/.local/lib/python3.7/site-packages/airflow/example_dags/example_task_group_decorator.py
[2022-02-19 14:02:10,840] {logging_mixin.py:109} INFO - [2022-02-19 14:02:10,839] {dag.py:2396} INFO - Sync 1 DAGs
[2022-02-19 14:02:10,860] {logging_mixin.py:109} INFO - [2022-02-19 14:02:10,860] {dag.py:2935} INFO - Setting next_dagrun for example_task_group_decorator to 2022-02-18T14:02:10.859812+00:00
[2022-02-19 14:02:10,891] {processor.py:171} INFO - Processing /home/airflow/.local/lib/python3.7/site-packages/airflow/example_dags/example_task_group_decorator.py took 0.822 seconds
[2022-02-19 14:07:16,825] {processor.py:163} INFO - Started process (PID=82) to work on /home/airflow/.local/lib/python3.7/site-packages/airflow/example_dags/example_task_group_decorator.py
[2022-02-19 14:07:16,836] {processor.py:642} INFO - Processing file /home/airflow/.local/lib/python3.7/site-packages/airflow/example_dags/example_task_group_decorator.py for tasks to queue
[2022-02-19 14:07:16,838] {logging_mixin.py:109} INFO - [2022-02-19 14:07:16,837] {dagbag.py:500} INFO - Filling up the DagBag from /home/airflow/.local/lib/python3.7/site-packages/airflow/example_dags/example_task_group_decorator.py
[2022-02-19 14:07:23,287] {processor.py:654} INFO - DAG(s) dict_keys(['example_task_group_decorator']) retrieved from /home/airflow/.local/lib/python3.7/site-packages/airflow/example_dags/example_task_group_decorator.py
[2022-02-19 14:07:40,698] {logging_mixin.py:109} INFO - [2022-02-19 14:07:40,651] {dag.py:2396} INFO - Sync 1 DAGs
[2022-02-19 14:07:43,941] {logging_mixin.py:109} INFO - [2022-02-19 14:07:43,938] {dag.py:2935} INFO - Setting next_dagrun for example_task_group_decorator to 2022-02-18T14:07:43.924998+00:00
[2022-02-19 14:07:44,057] {processor.py:171} INFO - Processing /home/airflow/.local/lib/python3.7/site-packages/airflow/example_dags/example_task_group_decorator.py took 27.281 seconds
[2022-02-19 14:15:54,831] {processor.py:163} INFO - Started process (PID=159) to work on /home/airflow/.local/lib/python3.7/site-packages/airflow/example_dags/example_task_group_decorator.py
[2022-02-19 14:15:54,833] {processor.py:642} INFO - Processing file /home/airflow/.local/lib/python3.7/site-packages/airflow/example_dags/example_task_group_decorator.py for tasks to queue
[2022-02-19 14:15:54,835] {logging_mixin.py:109} INFO - [2022-02-19 14:15:54,835] {dagbag.py:500} INFO - Filling up the DagBag from /home/airflow/.local/lib/python3.7/site-packages/airflow/example_dags/example_task_group_decorator.py
[2022-02-19 14:15:55,197] {processor.py:654} INFO - DAG(s) dict_keys(['example_task_group_decorator']) retrieved from /home/airflow/.local/lib/python3.7/site-packages/airflow/example_dags/example_task_group_decorator.py
[2022-02-19 14:15:57,329] {logging_mixin.py:109} INFO - [2022-02-19 14:15:57,328] {dag.py:2396} INFO - Sync 1 DAGs
[2022-02-19 14:15:57,488] {logging_mixin.py:109} INFO - [2022-02-19 14:15:57,488] {dag.py:2935} INFO - Setting next_dagrun for example_task_group_decorator to 2022-02-18T14:15:57.488504+00:00
[2022-02-19 14:15:57,581] {processor.py:171} INFO - Processing /home/airflow/.local/lib/python3.7/site-packages/airflow/example_dags/example_task_group_decorator.py took 2.775 seconds
[2022-02-19 14:21:29,836] {processor.py:163} INFO - Started process (PID=81) to work on /home/airflow/.local/lib/python3.7/site-packages/airflow/example_dags/example_task_group_decorator.py
[2022-02-19 14:21:29,872] {processor.py:642} INFO - Processing file /home/airflow/.local/lib/python3.7/site-packages/airflow/example_dags/example_task_group_decorator.py for tasks to queue
[2022-02-19 14:21:29,899] {logging_mixin.py:109} INFO - [2022-02-19 14:21:29,894] {dagbag.py:500} INFO - Filling up the DagBag from /home/airflow/.local/lib/python3.7/site-packages/airflow/example_dags/example_task_group_decorator.py
[2022-02-19 14:21:35,252] {processor.py:654} INFO - DAG(s) dict_keys(['example_task_group_decorator']) retrieved from /home/airflow/.local/lib/python3.7/site-packages/airflow/example_dags/example_task_group_decorator.py
[2022-02-19 14:22:06,142] {logging_mixin.py:109} INFO - [2022-02-19 14:22:06,142] {dag.py:2396} INFO - Sync 1 DAGs
[2022-02-19 14:22:06,249] {logging_mixin.py:109} INFO - [2022-02-19 14:22:06,249] {dag.py:2935} INFO - Setting next_dagrun for example_task_group_decorator to 2022-02-18T14:22:06.248523+00:00
[2022-02-19 14:22:06,372] {processor.py:171} INFO - Processing /home/airflow/.local/lib/python3.7/site-packages/airflow/example_dags/example_task_group_decorator.py took 37.003 seconds
[2022-02-19 14:22:37,301] {processor.py:163} INFO - Started process (PID=135) to work on /home/airflow/.local/lib/python3.7/site-packages/airflow/example_dags/example_task_group_decorator.py
[2022-02-19 14:22:37,304] {processor.py:642} INFO - Processing file /home/airflow/.local/lib/python3.7/site-packages/airflow/example_dags/example_task_group_decorator.py for tasks to queue
[2022-02-19 14:22:37,308] {logging_mixin.py:109} INFO - [2022-02-19 14:22:37,308] {dagbag.py:500} INFO - Filling up the DagBag from /home/airflow/.local/lib/python3.7/site-packages/airflow/example_dags/example_task_group_decorator.py
[2022-02-19 14:22:37,491] {processor.py:654} INFO - DAG(s) dict_keys(['example_task_group_decorator']) retrieved from /home/airflow/.local/lib/python3.7/site-packages/airflow/example_dags/example_task_group_decorator.py
[2022-02-19 14:22:40,678] {logging_mixin.py:109} INFO - [2022-02-19 14:22:40,678] {dag.py:2396} INFO - Sync 1 DAGs
[2022-02-19 14:22:40,732] {logging_mixin.py:109} INFO - [2022-02-19 14:22:40,732] {dag.py:2935} INFO - Setting next_dagrun for example_task_group_decorator to 2022-02-18T14:22:40.730724+00:00
[2022-02-19 14:22:40,837] {processor.py:171} INFO - Processing /home/airflow/.local/lib/python3.7/site-packages/airflow/example_dags/example_task_group_decorator.py took 3.542 seconds
