[2022-02-19 13:23:32,036] {processor.py:163} INFO - Started process (PID=316) to work on /home/airflow/.local/lib/python3.7/site-packages/airflow/example_dags/example_xcomargs.py
[2022-02-19 13:23:32,050] {processor.py:642} INFO - Processing file /home/airflow/.local/lib/python3.7/site-packages/airflow/example_dags/example_xcomargs.py for tasks to queue
[2022-02-19 13:23:32,060] {logging_mixin.py:109} INFO - [2022-02-19 13:23:32,059] {dagbag.py:500} INFO - Filling up the DagBag from /home/airflow/.local/lib/python3.7/site-packages/airflow/example_dags/example_xcomargs.py
[2022-02-19 13:23:32,224] {processor.py:654} INFO - DAG(s) dict_keys(['example_xcom_args', 'example_xcom_args_with_operators']) retrieved from /home/airflow/.local/lib/python3.7/site-packages/airflow/example_dags/example_xcomargs.py
[2022-02-19 13:23:40,454] {logging_mixin.py:109} INFO - [2022-02-19 13:23:40,453] {manager.py:496} INFO - Created Permission View: can read on DAG:example_xcom_args
[2022-02-19 13:23:40,463] {logging_mixin.py:109} INFO - [2022-02-19 13:23:40,463] {manager.py:496} INFO - Created Permission View: can edit on DAG:example_xcom_args
[2022-02-19 13:23:40,510] {logging_mixin.py:109} INFO - [2022-02-19 13:23:40,510] {manager.py:496} INFO - Created Permission View: can read on DAG:example_xcom_args_with_operators
[2022-02-19 13:23:40,526] {logging_mixin.py:109} INFO - [2022-02-19 13:23:40,526] {manager.py:496} INFO - Created Permission View: can edit on DAG:example_xcom_args_with_operators
[2022-02-19 13:23:40,528] {logging_mixin.py:109} INFO - [2022-02-19 13:23:40,528] {dag.py:2396} INFO - Sync 2 DAGs
[2022-02-19 13:23:40,545] {logging_mixin.py:109} INFO - [2022-02-19 13:23:40,545] {dag.py:2415} INFO - Creating ORM DAG for example_xcom_args
[2022-02-19 13:23:40,548] {logging_mixin.py:109} INFO - [2022-02-19 13:23:40,548] {dag.py:2415} INFO - Creating ORM DAG for example_xcom_args_with_operators
[2022-02-19 13:23:40,570] {logging_mixin.py:109} INFO - [2022-02-19 13:23:40,569] {dag.py:2935} INFO - Setting next_dagrun for example_xcom_args to None
[2022-02-19 13:23:40,573] {logging_mixin.py:109} INFO - [2022-02-19 13:23:40,572] {dag.py:2935} INFO - Setting next_dagrun for example_xcom_args_with_operators to None
[2022-02-19 13:23:40,636] {processor.py:171} INFO - Processing /home/airflow/.local/lib/python3.7/site-packages/airflow/example_dags/example_xcomargs.py took 8.616 seconds
[2022-02-19 13:29:41,326] {processor.py:163} INFO - Started process (PID=682) to work on /home/airflow/.local/lib/python3.7/site-packages/airflow/example_dags/example_xcomargs.py
[2022-02-19 13:29:41,336] {processor.py:642} INFO - Processing file /home/airflow/.local/lib/python3.7/site-packages/airflow/example_dags/example_xcomargs.py for tasks to queue
[2022-02-19 13:29:41,343] {logging_mixin.py:109} INFO - [2022-02-19 13:29:41,341] {dagbag.py:500} INFO - Filling up the DagBag from /home/airflow/.local/lib/python3.7/site-packages/airflow/example_dags/example_xcomargs.py
[2022-02-19 13:29:41,605] {processor.py:654} INFO - DAG(s) dict_keys(['example_xcom_args', 'example_xcom_args_with_operators']) retrieved from /home/airflow/.local/lib/python3.7/site-packages/airflow/example_dags/example_xcomargs.py
[2022-02-19 13:29:42,357] {logging_mixin.py:109} INFO - [2022-02-19 13:29:42,356] {dag.py:2396} INFO - Sync 2 DAGs
[2022-02-19 13:29:42,381] {logging_mixin.py:109} INFO - [2022-02-19 13:29:42,381] {dag.py:2935} INFO - Setting next_dagrun for example_xcom_args to None
[2022-02-19 13:29:42,387] {logging_mixin.py:109} INFO - [2022-02-19 13:29:42,387] {dag.py:2935} INFO - Setting next_dagrun for example_xcom_args_with_operators to None
[2022-02-19 13:29:42,424] {processor.py:171} INFO - Processing /home/airflow/.local/lib/python3.7/site-packages/airflow/example_dags/example_xcomargs.py took 1.105 seconds
[2022-02-19 13:37:04,159] {processor.py:163} INFO - Started process (PID=166) to work on /home/airflow/.local/lib/python3.7/site-packages/airflow/example_dags/example_xcomargs.py
[2022-02-19 13:37:04,165] {processor.py:642} INFO - Processing file /home/airflow/.local/lib/python3.7/site-packages/airflow/example_dags/example_xcomargs.py for tasks to queue
[2022-02-19 13:37:04,173] {logging_mixin.py:109} INFO - [2022-02-19 13:37:04,173] {dagbag.py:500} INFO - Filling up the DagBag from /home/airflow/.local/lib/python3.7/site-packages/airflow/example_dags/example_xcomargs.py
[2022-02-19 13:37:07,297] {processor.py:654} INFO - DAG(s) dict_keys(['example_xcom_args', 'example_xcom_args_with_operators']) retrieved from /home/airflow/.local/lib/python3.7/site-packages/airflow/example_dags/example_xcomargs.py
[2022-02-19 13:37:15,598] {logging_mixin.py:109} INFO - [2022-02-19 13:37:15,597] {dag.py:2396} INFO - Sync 2 DAGs
[2022-02-19 13:37:15,638] {logging_mixin.py:109} INFO - [2022-02-19 13:37:15,638] {dag.py:2935} INFO - Setting next_dagrun for example_xcom_args to None
[2022-02-19 13:37:15,640] {logging_mixin.py:109} INFO - [2022-02-19 13:37:15,639] {dag.py:2935} INFO - Setting next_dagrun for example_xcom_args_with_operators to None
[2022-02-19 13:37:15,660] {processor.py:171} INFO - Processing /home/airflow/.local/lib/python3.7/site-packages/airflow/example_dags/example_xcomargs.py took 11.508 seconds
[2022-02-19 13:37:50,379] {processor.py:163} INFO - Started process (PID=233) to work on /home/airflow/.local/lib/python3.7/site-packages/airflow/example_dags/example_xcomargs.py
[2022-02-19 13:37:50,383] {processor.py:642} INFO - Processing file /home/airflow/.local/lib/python3.7/site-packages/airflow/example_dags/example_xcomargs.py for tasks to queue
[2022-02-19 13:37:50,387] {logging_mixin.py:109} INFO - [2022-02-19 13:37:50,387] {dagbag.py:500} INFO - Filling up the DagBag from /home/airflow/.local/lib/python3.7/site-packages/airflow/example_dags/example_xcomargs.py
[2022-02-19 13:37:50,475] {processor.py:654} INFO - DAG(s) dict_keys(['example_xcom_args', 'example_xcom_args_with_operators']) retrieved from /home/airflow/.local/lib/python3.7/site-packages/airflow/example_dags/example_xcomargs.py
[2022-02-19 13:37:51,167] {logging_mixin.py:109} INFO - [2022-02-19 13:37:51,167] {dag.py:2396} INFO - Sync 2 DAGs
[2022-02-19 13:37:51,209] {logging_mixin.py:109} INFO - [2022-02-19 13:37:51,209] {dag.py:2935} INFO - Setting next_dagrun for example_xcom_args to None
[2022-02-19 13:37:51,210] {logging_mixin.py:109} INFO - [2022-02-19 13:37:51,210] {dag.py:2935} INFO - Setting next_dagrun for example_xcom_args_with_operators to None
[2022-02-19 13:37:51,241] {processor.py:171} INFO - Processing /home/airflow/.local/lib/python3.7/site-packages/airflow/example_dags/example_xcomargs.py took 0.869 seconds
[2022-02-19 13:38:21,315] {processor.py:163} INFO - Started process (PID=289) to work on /home/airflow/.local/lib/python3.7/site-packages/airflow/example_dags/example_xcomargs.py
[2022-02-19 13:38:21,317] {processor.py:642} INFO - Processing file /home/airflow/.local/lib/python3.7/site-packages/airflow/example_dags/example_xcomargs.py for tasks to queue
[2022-02-19 13:38:21,318] {logging_mixin.py:109} INFO - [2022-02-19 13:38:21,318] {dagbag.py:500} INFO - Filling up the DagBag from /home/airflow/.local/lib/python3.7/site-packages/airflow/example_dags/example_xcomargs.py
[2022-02-19 13:38:21,360] {processor.py:654} INFO - DAG(s) dict_keys(['example_xcom_args', 'example_xcom_args_with_operators']) retrieved from /home/airflow/.local/lib/python3.7/site-packages/airflow/example_dags/example_xcomargs.py
[2022-02-19 13:38:21,613] {logging_mixin.py:109} INFO - [2022-02-19 13:38:21,613] {dag.py:2396} INFO - Sync 2 DAGs
[2022-02-19 13:38:21,624] {logging_mixin.py:109} INFO - [2022-02-19 13:38:21,624] {dag.py:2935} INFO - Setting next_dagrun for example_xcom_args to None
[2022-02-19 13:38:21,625] {logging_mixin.py:109} INFO - [2022-02-19 13:38:21,625] {dag.py:2935} INFO - Setting next_dagrun for example_xcom_args_with_operators to None
[2022-02-19 13:38:21,633] {processor.py:171} INFO - Processing /home/airflow/.local/lib/python3.7/site-packages/airflow/example_dags/example_xcomargs.py took 0.322 seconds
[2022-02-19 13:38:51,668] {processor.py:163} INFO - Started process (PID=339) to work on /home/airflow/.local/lib/python3.7/site-packages/airflow/example_dags/example_xcomargs.py
[2022-02-19 13:38:51,669] {processor.py:642} INFO - Processing file /home/airflow/.local/lib/python3.7/site-packages/airflow/example_dags/example_xcomargs.py for tasks to queue
[2022-02-19 13:38:51,670] {logging_mixin.py:109} INFO - [2022-02-19 13:38:51,670] {dagbag.py:500} INFO - Filling up the DagBag from /home/airflow/.local/lib/python3.7/site-packages/airflow/example_dags/example_xcomargs.py
[2022-02-19 13:38:51,704] {processor.py:654} INFO - DAG(s) dict_keys(['example_xcom_args', 'example_xcom_args_with_operators']) retrieved from /home/airflow/.local/lib/python3.7/site-packages/airflow/example_dags/example_xcomargs.py
[2022-02-19 13:38:51,997] {logging_mixin.py:109} INFO - [2022-02-19 13:38:51,996] {dag.py:2396} INFO - Sync 2 DAGs
[2022-02-19 13:38:52,009] {logging_mixin.py:109} INFO - [2022-02-19 13:38:52,009] {dag.py:2935} INFO - Setting next_dagrun for example_xcom_args to None
[2022-02-19 13:38:52,010] {logging_mixin.py:109} INFO - [2022-02-19 13:38:52,010] {dag.py:2935} INFO - Setting next_dagrun for example_xcom_args_with_operators to None
[2022-02-19 13:38:52,019] {processor.py:171} INFO - Processing /home/airflow/.local/lib/python3.7/site-packages/airflow/example_dags/example_xcomargs.py took 0.355 seconds
[2022-02-19 13:39:22,205] {processor.py:163} INFO - Started process (PID=390) to work on /home/airflow/.local/lib/python3.7/site-packages/airflow/example_dags/example_xcomargs.py
[2022-02-19 13:39:22,207] {processor.py:642} INFO - Processing file /home/airflow/.local/lib/python3.7/site-packages/airflow/example_dags/example_xcomargs.py for tasks to queue
[2022-02-19 13:39:22,208] {logging_mixin.py:109} INFO - [2022-02-19 13:39:22,208] {dagbag.py:500} INFO - Filling up the DagBag from /home/airflow/.local/lib/python3.7/site-packages/airflow/example_dags/example_xcomargs.py
[2022-02-19 13:39:22,244] {processor.py:654} INFO - DAG(s) dict_keys(['example_xcom_args', 'example_xcom_args_with_operators']) retrieved from /home/airflow/.local/lib/python3.7/site-packages/airflow/example_dags/example_xcomargs.py
[2022-02-19 13:39:22,517] {logging_mixin.py:109} INFO - [2022-02-19 13:39:22,517] {dag.py:2396} INFO - Sync 2 DAGs
[2022-02-19 13:39:22,528] {logging_mixin.py:109} INFO - [2022-02-19 13:39:22,528] {dag.py:2935} INFO - Setting next_dagrun for example_xcom_args to None
[2022-02-19 13:39:22,528] {logging_mixin.py:109} INFO - [2022-02-19 13:39:22,528] {dag.py:2935} INFO - Setting next_dagrun for example_xcom_args_with_operators to None
[2022-02-19 13:39:22,537] {processor.py:171} INFO - Processing /home/airflow/.local/lib/python3.7/site-packages/airflow/example_dags/example_xcomargs.py took 0.335 seconds
[2022-02-19 13:39:53,469] {processor.py:163} INFO - Started process (PID=452) to work on /home/airflow/.local/lib/python3.7/site-packages/airflow/example_dags/example_xcomargs.py
[2022-02-19 13:39:53,470] {processor.py:642} INFO - Processing file /home/airflow/.local/lib/python3.7/site-packages/airflow/example_dags/example_xcomargs.py for tasks to queue
[2022-02-19 13:39:53,472] {logging_mixin.py:109} INFO - [2022-02-19 13:39:53,472] {dagbag.py:500} INFO - Filling up the DagBag from /home/airflow/.local/lib/python3.7/site-packages/airflow/example_dags/example_xcomargs.py
[2022-02-19 13:39:53,510] {processor.py:654} INFO - DAG(s) dict_keys(['example_xcom_args', 'example_xcom_args_with_operators']) retrieved from /home/airflow/.local/lib/python3.7/site-packages/airflow/example_dags/example_xcomargs.py
[2022-02-19 13:39:53,792] {logging_mixin.py:109} INFO - [2022-02-19 13:39:53,792] {dag.py:2396} INFO - Sync 2 DAGs
[2022-02-19 13:39:53,803] {logging_mixin.py:109} INFO - [2022-02-19 13:39:53,803] {dag.py:2935} INFO - Setting next_dagrun for example_xcom_args to None
[2022-02-19 13:39:53,804] {logging_mixin.py:109} INFO - [2022-02-19 13:39:53,804] {dag.py:2935} INFO - Setting next_dagrun for example_xcom_args_with_operators to None
[2022-02-19 13:39:53,812] {processor.py:171} INFO - Processing /home/airflow/.local/lib/python3.7/site-packages/airflow/example_dags/example_xcomargs.py took 0.347 seconds
[2022-02-19 13:40:24,635] {processor.py:163} INFO - Started process (PID=513) to work on /home/airflow/.local/lib/python3.7/site-packages/airflow/example_dags/example_xcomargs.py
[2022-02-19 13:40:24,636] {processor.py:642} INFO - Processing file /home/airflow/.local/lib/python3.7/site-packages/airflow/example_dags/example_xcomargs.py for tasks to queue
[2022-02-19 13:40:24,637] {logging_mixin.py:109} INFO - [2022-02-19 13:40:24,637] {dagbag.py:500} INFO - Filling up the DagBag from /home/airflow/.local/lib/python3.7/site-packages/airflow/example_dags/example_xcomargs.py
[2022-02-19 13:40:24,679] {processor.py:654} INFO - DAG(s) dict_keys(['example_xcom_args', 'example_xcom_args_with_operators']) retrieved from /home/airflow/.local/lib/python3.7/site-packages/airflow/example_dags/example_xcomargs.py
[2022-02-19 13:40:24,954] {logging_mixin.py:109} INFO - [2022-02-19 13:40:24,954] {dag.py:2396} INFO - Sync 2 DAGs
[2022-02-19 13:40:24,967] {logging_mixin.py:109} INFO - [2022-02-19 13:40:24,967] {dag.py:2935} INFO - Setting next_dagrun for example_xcom_args to None
[2022-02-19 13:40:24,968] {logging_mixin.py:109} INFO - [2022-02-19 13:40:24,968] {dag.py:2935} INFO - Setting next_dagrun for example_xcom_args_with_operators to None
[2022-02-19 13:40:24,977] {processor.py:171} INFO - Processing /home/airflow/.local/lib/python3.7/site-packages/airflow/example_dags/example_xcomargs.py took 0.347 seconds
[2022-02-19 13:40:55,144] {processor.py:163} INFO - Started process (PID=564) to work on /home/airflow/.local/lib/python3.7/site-packages/airflow/example_dags/example_xcomargs.py
[2022-02-19 13:40:55,145] {processor.py:642} INFO - Processing file /home/airflow/.local/lib/python3.7/site-packages/airflow/example_dags/example_xcomargs.py for tasks to queue
[2022-02-19 13:40:55,146] {logging_mixin.py:109} INFO - [2022-02-19 13:40:55,146] {dagbag.py:500} INFO - Filling up the DagBag from /home/airflow/.local/lib/python3.7/site-packages/airflow/example_dags/example_xcomargs.py
[2022-02-19 13:40:55,185] {processor.py:654} INFO - DAG(s) dict_keys(['example_xcom_args', 'example_xcom_args_with_operators']) retrieved from /home/airflow/.local/lib/python3.7/site-packages/airflow/example_dags/example_xcomargs.py
[2022-02-19 13:40:55,677] {logging_mixin.py:109} INFO - [2022-02-19 13:40:55,677] {dag.py:2396} INFO - Sync 2 DAGs
[2022-02-19 13:40:55,688] {logging_mixin.py:109} INFO - [2022-02-19 13:40:55,688] {dag.py:2935} INFO - Setting next_dagrun for example_xcom_args to None
[2022-02-19 13:40:55,689] {logging_mixin.py:109} INFO - [2022-02-19 13:40:55,689] {dag.py:2935} INFO - Setting next_dagrun for example_xcom_args_with_operators to None
[2022-02-19 13:40:55,705] {processor.py:171} INFO - Processing /home/airflow/.local/lib/python3.7/site-packages/airflow/example_dags/example_xcomargs.py took 0.565 seconds
[2022-02-19 13:41:38,954] {processor.py:163} INFO - Started process (PID=616) to work on /home/airflow/.local/lib/python3.7/site-packages/airflow/example_dags/example_xcomargs.py
[2022-02-19 13:41:38,956] {processor.py:642} INFO - Processing file /home/airflow/.local/lib/python3.7/site-packages/airflow/example_dags/example_xcomargs.py for tasks to queue
[2022-02-19 13:41:38,957] {logging_mixin.py:109} INFO - [2022-02-19 13:41:38,957] {dagbag.py:500} INFO - Filling up the DagBag from /home/airflow/.local/lib/python3.7/site-packages/airflow/example_dags/example_xcomargs.py
[2022-02-19 13:41:39,001] {processor.py:654} INFO - DAG(s) dict_keys(['example_xcom_args', 'example_xcom_args_with_operators']) retrieved from /home/airflow/.local/lib/python3.7/site-packages/airflow/example_dags/example_xcomargs.py
[2022-02-19 13:41:39,336] {logging_mixin.py:109} INFO - [2022-02-19 13:41:39,336] {dag.py:2396} INFO - Sync 2 DAGs
[2022-02-19 13:41:39,356] {logging_mixin.py:109} INFO - [2022-02-19 13:41:39,356] {dag.py:2935} INFO - Setting next_dagrun for example_xcom_args to None
[2022-02-19 13:41:39,357] {logging_mixin.py:109} INFO - [2022-02-19 13:41:39,357] {dag.py:2935} INFO - Setting next_dagrun for example_xcom_args_with_operators to None
[2022-02-19 13:41:39,379] {processor.py:171} INFO - Processing /home/airflow/.local/lib/python3.7/site-packages/airflow/example_dags/example_xcomargs.py took 0.429 seconds
[2022-02-19 13:53:16,322] {processor.py:163} INFO - Started process (PID=57) to work on /home/airflow/.local/lib/python3.7/site-packages/airflow/example_dags/example_xcomargs.py
[2022-02-19 13:53:16,326] {processor.py:642} INFO - Processing file /home/airflow/.local/lib/python3.7/site-packages/airflow/example_dags/example_xcomargs.py for tasks to queue
[2022-02-19 13:53:16,345] {logging_mixin.py:109} INFO - [2022-02-19 13:53:16,345] {dagbag.py:500} INFO - Filling up the DagBag from /home/airflow/.local/lib/python3.7/site-packages/airflow/example_dags/example_xcomargs.py
[2022-02-19 13:53:16,634] {processor.py:654} INFO - DAG(s) dict_keys(['example_xcom_args', 'example_xcom_args_with_operators']) retrieved from /home/airflow/.local/lib/python3.7/site-packages/airflow/example_dags/example_xcomargs.py
[2022-02-19 13:53:20,937] {logging_mixin.py:109} INFO - [2022-02-19 13:53:20,937] {dag.py:2396} INFO - Sync 2 DAGs
[2022-02-19 13:53:20,956] {logging_mixin.py:109} INFO - [2022-02-19 13:53:20,956] {dag.py:2935} INFO - Setting next_dagrun for example_xcom_args to None
[2022-02-19 13:53:20,957] {logging_mixin.py:109} INFO - [2022-02-19 13:53:20,957] {dag.py:2935} INFO - Setting next_dagrun for example_xcom_args_with_operators to None
[2022-02-19 13:53:20,996] {processor.py:171} INFO - Processing /home/airflow/.local/lib/python3.7/site-packages/airflow/example_dags/example_xcomargs.py took 4.717 seconds
[2022-02-19 13:54:38,144] {processor.py:163} INFO - Started process (PID=132) to work on /home/airflow/.local/lib/python3.7/site-packages/airflow/example_dags/example_xcomargs.py
[2022-02-19 13:54:38,176] {processor.py:642} INFO - Processing file /home/airflow/.local/lib/python3.7/site-packages/airflow/example_dags/example_xcomargs.py for tasks to queue
[2022-02-19 13:54:38,209] {logging_mixin.py:109} INFO - [2022-02-19 13:54:38,185] {dagbag.py:500} INFO - Filling up the DagBag from /home/airflow/.local/lib/python3.7/site-packages/airflow/example_dags/example_xcomargs.py
[2022-02-19 13:54:43,340] {processor.py:654} INFO - DAG(s) dict_keys(['example_xcom_args', 'example_xcom_args_with_operators']) retrieved from /home/airflow/.local/lib/python3.7/site-packages/airflow/example_dags/example_xcomargs.py
[2022-02-19 13:58:25,065] {processor.py:163} INFO - Started process (PID=75) to work on /home/airflow/.local/lib/python3.7/site-packages/airflow/example_dags/example_xcomargs.py
[2022-02-19 13:58:25,073] {processor.py:642} INFO - Processing file /home/airflow/.local/lib/python3.7/site-packages/airflow/example_dags/example_xcomargs.py for tasks to queue
[2022-02-19 13:58:25,078] {logging_mixin.py:109} INFO - [2022-02-19 13:58:25,077] {dagbag.py:500} INFO - Filling up the DagBag from /home/airflow/.local/lib/python3.7/site-packages/airflow/example_dags/example_xcomargs.py
[2022-02-19 13:58:31,169] {processor.py:654} INFO - DAG(s) dict_keys(['example_xcom_args', 'example_xcom_args_with_operators']) retrieved from /home/airflow/.local/lib/python3.7/site-packages/airflow/example_dags/example_xcomargs.py
[2022-02-19 14:01:34,209] {processor.py:163} INFO - Started process (PID=184) to work on /home/airflow/.local/lib/python3.7/site-packages/airflow/example_dags/example_xcomargs.py
[2022-02-19 14:01:34,215] {processor.py:642} INFO - Processing file /home/airflow/.local/lib/python3.7/site-packages/airflow/example_dags/example_xcomargs.py for tasks to queue
[2022-02-19 14:01:34,228] {logging_mixin.py:109} INFO - [2022-02-19 14:01:34,227] {dagbag.py:500} INFO - Filling up the DagBag from /home/airflow/.local/lib/python3.7/site-packages/airflow/example_dags/example_xcomargs.py
[2022-02-19 14:01:34,581] {processor.py:654} INFO - DAG(s) dict_keys(['example_xcom_args', 'example_xcom_args_with_operators']) retrieved from /home/airflow/.local/lib/python3.7/site-packages/airflow/example_dags/example_xcomargs.py
[2022-02-19 14:01:36,342] {logging_mixin.py:109} INFO - [2022-02-19 14:01:36,327] {dag.py:2396} INFO - Sync 2 DAGs
[2022-02-19 14:01:36,614] {logging_mixin.py:109} INFO - [2022-02-19 14:01:36,614] {dag.py:2935} INFO - Setting next_dagrun for example_xcom_args to None
[2022-02-19 14:01:36,617] {logging_mixin.py:109} INFO - [2022-02-19 14:01:36,617] {dag.py:2935} INFO - Setting next_dagrun for example_xcom_args_with_operators to None
[2022-02-19 14:01:36,725] {processor.py:171} INFO - Processing /home/airflow/.local/lib/python3.7/site-packages/airflow/example_dags/example_xcomargs.py took 2.568 seconds
[2022-02-19 14:02:08,804] {processor.py:163} INFO - Started process (PID=238) to work on /home/airflow/.local/lib/python3.7/site-packages/airflow/example_dags/example_xcomargs.py
[2022-02-19 14:02:08,809] {processor.py:642} INFO - Processing file /home/airflow/.local/lib/python3.7/site-packages/airflow/example_dags/example_xcomargs.py for tasks to queue
[2022-02-19 14:02:08,818] {logging_mixin.py:109} INFO - [2022-02-19 14:02:08,817] {dagbag.py:500} INFO - Filling up the DagBag from /home/airflow/.local/lib/python3.7/site-packages/airflow/example_dags/example_xcomargs.py
[2022-02-19 14:02:08,993] {processor.py:654} INFO - DAG(s) dict_keys(['example_xcom_args', 'example_xcom_args_with_operators']) retrieved from /home/airflow/.local/lib/python3.7/site-packages/airflow/example_dags/example_xcomargs.py
[2022-02-19 14:02:09,941] {logging_mixin.py:109} INFO - [2022-02-19 14:02:09,941] {dag.py:2396} INFO - Sync 2 DAGs
[2022-02-19 14:02:09,984] {logging_mixin.py:109} INFO - [2022-02-19 14:02:09,983] {dag.py:2935} INFO - Setting next_dagrun for example_xcom_args to None
[2022-02-19 14:02:09,985] {logging_mixin.py:109} INFO - [2022-02-19 14:02:09,985] {dag.py:2935} INFO - Setting next_dagrun for example_xcom_args_with_operators to None
[2022-02-19 14:02:10,014] {processor.py:171} INFO - Processing /home/airflow/.local/lib/python3.7/site-packages/airflow/example_dags/example_xcomargs.py took 1.229 seconds
[2022-02-19 14:04:11,519] {processor.py:163} INFO - Started process (PID=331) to work on /home/airflow/.local/lib/python3.7/site-packages/airflow/example_dags/example_xcomargs.py
[2022-02-19 14:04:11,588] {processor.py:642} INFO - Processing file /home/airflow/.local/lib/python3.7/site-packages/airflow/example_dags/example_xcomargs.py for tasks to queue
[2022-02-19 14:04:11,630] {logging_mixin.py:109} INFO - [2022-02-19 14:04:11,624] {dagbag.py:500} INFO - Filling up the DagBag from /home/airflow/.local/lib/python3.7/site-packages/airflow/example_dags/example_xcomargs.py
[2022-02-19 14:04:33,564] {processor.py:654} INFO - DAG(s) dict_keys(['example_xcom_args', 'example_xcom_args_with_operators']) retrieved from /home/airflow/.local/lib/python3.7/site-packages/airflow/example_dags/example_xcomargs.py
[2022-02-19 14:07:01,458] {processor.py:163} INFO - Started process (PID=68) to work on /home/airflow/.local/lib/python3.7/site-packages/airflow/example_dags/example_xcomargs.py
[2022-02-19 14:07:01,467] {processor.py:642} INFO - Processing file /home/airflow/.local/lib/python3.7/site-packages/airflow/example_dags/example_xcomargs.py for tasks to queue
[2022-02-19 14:07:01,477] {logging_mixin.py:109} INFO - [2022-02-19 14:07:01,477] {dagbag.py:500} INFO - Filling up the DagBag from /home/airflow/.local/lib/python3.7/site-packages/airflow/example_dags/example_xcomargs.py
[2022-02-19 14:07:01,584] {processor.py:654} INFO - DAG(s) dict_keys(['example_xcom_args', 'example_xcom_args_with_operators']) retrieved from /home/airflow/.local/lib/python3.7/site-packages/airflow/example_dags/example_xcomargs.py
[2022-02-19 14:07:13,027] {logging_mixin.py:109} INFO - [2022-02-19 14:07:13,027] {dag.py:2396} INFO - Sync 2 DAGs
[2022-02-19 14:07:15,132] {logging_mixin.py:109} INFO - [2022-02-19 14:07:15,131] {dag.py:2935} INFO - Setting next_dagrun for example_xcom_args to None
[2022-02-19 14:07:15,135] {logging_mixin.py:109} INFO - [2022-02-19 14:07:15,135] {dag.py:2935} INFO - Setting next_dagrun for example_xcom_args_with_operators to None
[2022-02-19 14:07:15,465] {processor.py:171} INFO - Processing /home/airflow/.local/lib/python3.7/site-packages/airflow/example_dags/example_xcomargs.py took 14.017 seconds
[2022-02-19 14:15:50,426] {processor.py:163} INFO - Started process (PID=151) to work on /home/airflow/.local/lib/python3.7/site-packages/airflow/example_dags/example_xcomargs.py
[2022-02-19 14:15:50,435] {processor.py:642} INFO - Processing file /home/airflow/.local/lib/python3.7/site-packages/airflow/example_dags/example_xcomargs.py for tasks to queue
[2022-02-19 14:15:50,437] {logging_mixin.py:109} INFO - [2022-02-19 14:15:50,437] {dagbag.py:500} INFO - Filling up the DagBag from /home/airflow/.local/lib/python3.7/site-packages/airflow/example_dags/example_xcomargs.py
[2022-02-19 14:15:50,811] {processor.py:654} INFO - DAG(s) dict_keys(['example_xcom_args', 'example_xcom_args_with_operators']) retrieved from /home/airflow/.local/lib/python3.7/site-packages/airflow/example_dags/example_xcomargs.py
[2022-02-19 14:15:54,025] {logging_mixin.py:109} INFO - [2022-02-19 14:15:54,025] {dag.py:2396} INFO - Sync 2 DAGs
[2022-02-19 14:15:54,072] {logging_mixin.py:109} INFO - [2022-02-19 14:15:54,072] {dag.py:2935} INFO - Setting next_dagrun for example_xcom_args to None
[2022-02-19 14:15:54,076] {logging_mixin.py:109} INFO - [2022-02-19 14:15:54,076] {dag.py:2935} INFO - Setting next_dagrun for example_xcom_args_with_operators to None
[2022-02-19 14:15:54,186] {processor.py:171} INFO - Processing /home/airflow/.local/lib/python3.7/site-packages/airflow/example_dags/example_xcomargs.py took 3.767 seconds
[2022-02-19 14:16:28,778] {processor.py:163} INFO - Started process (PID=206) to work on /home/airflow/.local/lib/python3.7/site-packages/airflow/example_dags/example_xcomargs.py
[2022-02-19 14:16:28,788] {processor.py:642} INFO - Processing file /home/airflow/.local/lib/python3.7/site-packages/airflow/example_dags/example_xcomargs.py for tasks to queue
[2022-02-19 14:16:28,795] {logging_mixin.py:109} INFO - [2022-02-19 14:16:28,794] {dagbag.py:500} INFO - Filling up the DagBag from /home/airflow/.local/lib/python3.7/site-packages/airflow/example_dags/example_xcomargs.py
[2022-02-19 14:16:29,817] {processor.py:654} INFO - DAG(s) dict_keys(['example_xcom_args', 'example_xcom_args_with_operators']) retrieved from /home/airflow/.local/lib/python3.7/site-packages/airflow/example_dags/example_xcomargs.py
[2022-02-19 14:16:43,998] {logging_mixin.py:109} INFO - [2022-02-19 14:16:43,998] {dag.py:2396} INFO - Sync 2 DAGs
[2022-02-19 14:16:44,028] {logging_mixin.py:109} INFO - [2022-02-19 14:16:44,028] {dag.py:2935} INFO - Setting next_dagrun for example_xcom_args to None
[2022-02-19 14:16:44,033] {logging_mixin.py:109} INFO - [2022-02-19 14:16:44,032] {dag.py:2935} INFO - Setting next_dagrun for example_xcom_args_with_operators to None
[2022-02-19 14:16:44,083] {processor.py:171} INFO - Processing /home/airflow/.local/lib/python3.7/site-packages/airflow/example_dags/example_xcomargs.py took 14.869 seconds
[2022-02-19 14:20:59,681] {processor.py:163} INFO - Started process (PID=67) to work on /home/airflow/.local/lib/python3.7/site-packages/airflow/example_dags/example_xcomargs.py
[2022-02-19 14:20:59,693] {processor.py:642} INFO - Processing file /home/airflow/.local/lib/python3.7/site-packages/airflow/example_dags/example_xcomargs.py for tasks to queue
[2022-02-19 14:20:59,700] {logging_mixin.py:109} INFO - [2022-02-19 14:20:59,700] {dagbag.py:500} INFO - Filling up the DagBag from /home/airflow/.local/lib/python3.7/site-packages/airflow/example_dags/example_xcomargs.py
[2022-02-19 14:20:59,884] {processor.py:654} INFO - DAG(s) dict_keys(['example_xcom_args', 'example_xcom_args_with_operators']) retrieved from /home/airflow/.local/lib/python3.7/site-packages/airflow/example_dags/example_xcomargs.py
[2022-02-19 14:21:26,033] {logging_mixin.py:109} INFO - [2022-02-19 14:21:26,027] {dag.py:2396} INFO - Sync 2 DAGs
[2022-02-19 14:21:26,198] {logging_mixin.py:109} INFO - [2022-02-19 14:21:26,198] {dag.py:2935} INFO - Setting next_dagrun for example_xcom_args to None
[2022-02-19 14:21:26,201] {logging_mixin.py:109} INFO - [2022-02-19 14:21:26,201] {dag.py:2935} INFO - Setting next_dagrun for example_xcom_args_with_operators to None
[2022-02-19 14:21:26,283] {processor.py:171} INFO - Processing /home/airflow/.local/lib/python3.7/site-packages/airflow/example_dags/example_xcomargs.py took 26.205 seconds
[2022-02-19 14:22:19,290] {processor.py:163} INFO - Started process (PID=125) to work on /home/airflow/.local/lib/python3.7/site-packages/airflow/example_dags/example_xcomargs.py
[2022-02-19 14:22:19,301] {processor.py:642} INFO - Processing file /home/airflow/.local/lib/python3.7/site-packages/airflow/example_dags/example_xcomargs.py for tasks to queue
[2022-02-19 14:22:19,308] {logging_mixin.py:109} INFO - [2022-02-19 14:22:19,307] {dagbag.py:500} INFO - Filling up the DagBag from /home/airflow/.local/lib/python3.7/site-packages/airflow/example_dags/example_xcomargs.py
[2022-02-19 14:22:19,686] {processor.py:654} INFO - DAG(s) dict_keys(['example_xcom_args', 'example_xcom_args_with_operators']) retrieved from /home/airflow/.local/lib/python3.7/site-packages/airflow/example_dags/example_xcomargs.py
[2022-02-19 14:22:22,440] {logging_mixin.py:109} INFO - [2022-02-19 14:22:22,440] {dag.py:2396} INFO - Sync 2 DAGs
[2022-02-19 14:22:22,467] {logging_mixin.py:109} INFO - [2022-02-19 14:22:22,467] {dag.py:2935} INFO - Setting next_dagrun for example_xcom_args to None
[2022-02-19 14:22:22,469] {logging_mixin.py:109} INFO - [2022-02-19 14:22:22,468] {dag.py:2935} INFO - Setting next_dagrun for example_xcom_args_with_operators to None
[2022-02-19 14:22:22,496] {processor.py:171} INFO - Processing /home/airflow/.local/lib/python3.7/site-packages/airflow/example_dags/example_xcomargs.py took 3.235 seconds
[2022-02-19 14:27:03,227] {processor.py:163} INFO - Started process (PID=67) to work on /home/airflow/.local/lib/python3.7/site-packages/airflow/example_dags/example_xcomargs.py
[2022-02-19 14:27:03,230] {processor.py:642} INFO - Processing file /home/airflow/.local/lib/python3.7/site-packages/airflow/example_dags/example_xcomargs.py for tasks to queue
[2022-02-19 14:27:03,232] {logging_mixin.py:109} INFO - [2022-02-19 14:27:03,231] {dagbag.py:500} INFO - Filling up the DagBag from /home/airflow/.local/lib/python3.7/site-packages/airflow/example_dags/example_xcomargs.py
[2022-02-19 14:27:03,574] {processor.py:654} INFO - DAG(s) dict_keys(['example_xcom_args', 'example_xcom_args_with_operators']) retrieved from /home/airflow/.local/lib/python3.7/site-packages/airflow/example_dags/example_xcomargs.py
