[2022-02-19 13:21:39,011] {processor.py:163} INFO - Started process (PID=212) to work on /home/airflow/.local/lib/python3.7/site-packages/airflow/example_dags/example_bash_operator.py
[2022-02-19 13:21:39,014] {processor.py:642} INFO - Processing file /home/airflow/.local/lib/python3.7/site-packages/airflow/example_dags/example_bash_operator.py for tasks to queue
[2022-02-19 13:21:39,021] {logging_mixin.py:109} INFO - [2022-02-19 13:21:39,018] {dagbag.py:500} INFO - Filling up the DagBag from /home/airflow/.local/lib/python3.7/site-packages/airflow/example_dags/example_bash_operator.py
[2022-02-19 13:21:39,242] {processor.py:654} INFO - DAG(s) dict_keys(['example_bash_operator']) retrieved from /home/airflow/.local/lib/python3.7/site-packages/airflow/example_dags/example_bash_operator.py
[2022-02-19 13:21:58,128] {logging_mixin.py:109} INFO - [2022-02-19 13:21:58,128] {manager.py:496} INFO - Created Permission View: can read on DAG:example_bash_operator
[2022-02-19 13:21:58,151] {logging_mixin.py:109} INFO - [2022-02-19 13:21:58,151] {manager.py:496} INFO - Created Permission View: can edit on DAG:example_bash_operator
[2022-02-19 13:21:58,153] {logging_mixin.py:109} INFO - [2022-02-19 13:21:58,152] {dag.py:2396} INFO - Sync 1 DAGs
[2022-02-19 13:21:58,164] {logging_mixin.py:109} INFO - [2022-02-19 13:21:58,164] {dag.py:2415} INFO - Creating ORM DAG for example_bash_operator
[2022-02-19 13:21:58,179] {logging_mixin.py:109} INFO - [2022-02-19 13:21:58,178] {dag.py:2935} INFO - Setting next_dagrun for example_bash_operator to 2022-02-18 00:00:00+00:00
[2022-02-19 13:21:58,200] {processor.py:171} INFO - Processing /home/airflow/.local/lib/python3.7/site-packages/airflow/example_dags/example_bash_operator.py took 19.309 seconds
[2022-02-19 13:26:21,590] {processor.py:163} INFO - Started process (PID=512) to work on /home/airflow/.local/lib/python3.7/site-packages/airflow/example_dags/example_bash_operator.py
[2022-02-19 13:26:21,606] {processor.py:642} INFO - Processing file /home/airflow/.local/lib/python3.7/site-packages/airflow/example_dags/example_bash_operator.py for tasks to queue
[2022-02-19 13:26:21,614] {logging_mixin.py:109} INFO - [2022-02-19 13:26:21,613] {dagbag.py:500} INFO - Filling up the DagBag from /home/airflow/.local/lib/python3.7/site-packages/airflow/example_dags/example_bash_operator.py
[2022-02-19 13:26:22,044] {processor.py:654} INFO - DAG(s) dict_keys(['example_bash_operator']) retrieved from /home/airflow/.local/lib/python3.7/site-packages/airflow/example_dags/example_bash_operator.py
[2022-02-19 13:26:22,086] {logging_mixin.py:109} INFO - [2022-02-19 13:26:22,086] {dag.py:2396} INFO - Sync 1 DAGs
[2022-02-19 13:26:22,247] {logging_mixin.py:109} INFO - [2022-02-19 13:26:22,240] {dag.py:2935} INFO - Setting next_dagrun for example_bash_operator to 2022-02-18 00:00:00+00:00
[2022-02-19 13:26:22,534] {processor.py:171} INFO - Processing /home/airflow/.local/lib/python3.7/site-packages/airflow/example_dags/example_bash_operator.py took 0.980 seconds
[2022-02-19 13:28:07,275] {processor.py:163} INFO - Started process (PID=619) to work on /home/airflow/.local/lib/python3.7/site-packages/airflow/example_dags/example_bash_operator.py
[2022-02-19 13:28:07,290] {processor.py:642} INFO - Processing file /home/airflow/.local/lib/python3.7/site-packages/airflow/example_dags/example_bash_operator.py for tasks to queue
[2022-02-19 13:28:07,295] {logging_mixin.py:109} INFO - [2022-02-19 13:28:07,294] {dagbag.py:500} INFO - Filling up the DagBag from /home/airflow/.local/lib/python3.7/site-packages/airflow/example_dags/example_bash_operator.py
[2022-02-19 13:28:11,720] {processor.py:654} INFO - DAG(s) dict_keys(['example_bash_operator']) retrieved from /home/airflow/.local/lib/python3.7/site-packages/airflow/example_dags/example_bash_operator.py
[2022-02-19 13:28:11,973] {logging_mixin.py:109} INFO - [2022-02-19 13:28:11,970] {dag.py:2396} INFO - Sync 1 DAGs
[2022-02-19 13:28:13,844] {logging_mixin.py:109} INFO - [2022-02-19 13:28:13,844] {dag.py:2935} INFO - Setting next_dagrun for example_bash_operator to 2022-02-18 00:00:00+00:00
[2022-02-19 13:28:13,929] {processor.py:171} INFO - Processing /home/airflow/.local/lib/python3.7/site-packages/airflow/example_dags/example_bash_operator.py took 6.666 seconds
[2022-02-19 13:36:31,467] {processor.py:163} INFO - Started process (PID=102) to work on /home/airflow/.local/lib/python3.7/site-packages/airflow/example_dags/example_bash_operator.py
[2022-02-19 13:36:31,479] {processor.py:642} INFO - Processing file /home/airflow/.local/lib/python3.7/site-packages/airflow/example_dags/example_bash_operator.py for tasks to queue
[2022-02-19 13:36:31,481] {logging_mixin.py:109} INFO - [2022-02-19 13:36:31,481] {dagbag.py:500} INFO - Filling up the DagBag from /home/airflow/.local/lib/python3.7/site-packages/airflow/example_dags/example_bash_operator.py
[2022-02-19 13:36:31,553] {processor.py:654} INFO - DAG(s) dict_keys(['example_bash_operator']) retrieved from /home/airflow/.local/lib/python3.7/site-packages/airflow/example_dags/example_bash_operator.py
[2022-02-19 13:36:31,612] {logging_mixin.py:109} INFO - [2022-02-19 13:36:31,612] {dag.py:2396} INFO - Sync 1 DAGs
[2022-02-19 13:36:31,644] {logging_mixin.py:109} INFO - [2022-02-19 13:36:31,644] {dag.py:2935} INFO - Setting next_dagrun for example_bash_operator to 2022-02-18 00:00:00+00:00
[2022-02-19 13:36:31,663] {processor.py:171} INFO - Processing /home/airflow/.local/lib/python3.7/site-packages/airflow/example_dags/example_bash_operator.py took 0.205 seconds
[2022-02-19 13:37:48,537] {processor.py:163} INFO - Started process (PID=224) to work on /home/airflow/.local/lib/python3.7/site-packages/airflow/example_dags/example_bash_operator.py
[2022-02-19 13:37:48,552] {processor.py:642} INFO - Processing file /home/airflow/.local/lib/python3.7/site-packages/airflow/example_dags/example_bash_operator.py for tasks to queue
[2022-02-19 13:37:48,556] {logging_mixin.py:109} INFO - [2022-02-19 13:37:48,555] {dagbag.py:500} INFO - Filling up the DagBag from /home/airflow/.local/lib/python3.7/site-packages/airflow/example_dags/example_bash_operator.py
[2022-02-19 13:37:48,666] {processor.py:654} INFO - DAG(s) dict_keys(['example_bash_operator']) retrieved from /home/airflow/.local/lib/python3.7/site-packages/airflow/example_dags/example_bash_operator.py
[2022-02-19 13:37:48,686] {logging_mixin.py:109} INFO - [2022-02-19 13:37:48,686] {dag.py:2396} INFO - Sync 1 DAGs
[2022-02-19 13:37:48,750] {logging_mixin.py:109} INFO - [2022-02-19 13:37:48,750] {dag.py:2935} INFO - Setting next_dagrun for example_bash_operator to 2022-02-18 00:00:00+00:00
[2022-02-19 13:37:48,778] {processor.py:171} INFO - Processing /home/airflow/.local/lib/python3.7/site-packages/airflow/example_dags/example_bash_operator.py took 0.256 seconds
[2022-02-19 13:38:19,360] {processor.py:163} INFO - Started process (PID=272) to work on /home/airflow/.local/lib/python3.7/site-packages/airflow/example_dags/example_bash_operator.py
[2022-02-19 13:38:19,361] {processor.py:642} INFO - Processing file /home/airflow/.local/lib/python3.7/site-packages/airflow/example_dags/example_bash_operator.py for tasks to queue
[2022-02-19 13:38:19,362] {logging_mixin.py:109} INFO - [2022-02-19 13:38:19,362] {dagbag.py:500} INFO - Filling up the DagBag from /home/airflow/.local/lib/python3.7/site-packages/airflow/example_dags/example_bash_operator.py
[2022-02-19 13:38:19,399] {processor.py:654} INFO - DAG(s) dict_keys(['example_bash_operator']) retrieved from /home/airflow/.local/lib/python3.7/site-packages/airflow/example_dags/example_bash_operator.py
[2022-02-19 13:38:19,411] {logging_mixin.py:109} INFO - [2022-02-19 13:38:19,411] {dag.py:2396} INFO - Sync 1 DAGs
[2022-02-19 13:38:19,428] {logging_mixin.py:109} INFO - [2022-02-19 13:38:19,428] {dag.py:2935} INFO - Setting next_dagrun for example_bash_operator to 2022-02-18 00:00:00+00:00
[2022-02-19 13:38:19,438] {processor.py:171} INFO - Processing /home/airflow/.local/lib/python3.7/site-packages/airflow/example_dags/example_bash_operator.py took 0.081 seconds
[2022-02-19 13:38:49,976] {processor.py:163} INFO - Started process (PID=331) to work on /home/airflow/.local/lib/python3.7/site-packages/airflow/example_dags/example_bash_operator.py
[2022-02-19 13:38:49,978] {processor.py:642} INFO - Processing file /home/airflow/.local/lib/python3.7/site-packages/airflow/example_dags/example_bash_operator.py for tasks to queue
[2022-02-19 13:38:49,979] {logging_mixin.py:109} INFO - [2022-02-19 13:38:49,979] {dagbag.py:500} INFO - Filling up the DagBag from /home/airflow/.local/lib/python3.7/site-packages/airflow/example_dags/example_bash_operator.py
[2022-02-19 13:38:50,021] {processor.py:654} INFO - DAG(s) dict_keys(['example_bash_operator']) retrieved from /home/airflow/.local/lib/python3.7/site-packages/airflow/example_dags/example_bash_operator.py
[2022-02-19 13:38:50,034] {logging_mixin.py:109} INFO - [2022-02-19 13:38:50,034] {dag.py:2396} INFO - Sync 1 DAGs
[2022-02-19 13:38:50,056] {logging_mixin.py:109} INFO - [2022-02-19 13:38:50,056] {dag.py:2935} INFO - Setting next_dagrun for example_bash_operator to 2022-02-18 00:00:00+00:00
[2022-02-19 13:38:50,068] {processor.py:171} INFO - Processing /home/airflow/.local/lib/python3.7/site-packages/airflow/example_dags/example_bash_operator.py took 0.096 seconds
[2022-02-19 13:39:20,157] {processor.py:163} INFO - Started process (PID=381) to work on /home/airflow/.local/lib/python3.7/site-packages/airflow/example_dags/example_bash_operator.py
[2022-02-19 13:39:20,158] {processor.py:642} INFO - Processing file /home/airflow/.local/lib/python3.7/site-packages/airflow/example_dags/example_bash_operator.py for tasks to queue
[2022-02-19 13:39:20,160] {logging_mixin.py:109} INFO - [2022-02-19 13:39:20,160] {dagbag.py:500} INFO - Filling up the DagBag from /home/airflow/.local/lib/python3.7/site-packages/airflow/example_dags/example_bash_operator.py
[2022-02-19 13:39:20,194] {processor.py:654} INFO - DAG(s) dict_keys(['example_bash_operator']) retrieved from /home/airflow/.local/lib/python3.7/site-packages/airflow/example_dags/example_bash_operator.py
[2022-02-19 13:39:20,205] {logging_mixin.py:109} INFO - [2022-02-19 13:39:20,205] {dag.py:2396} INFO - Sync 1 DAGs
[2022-02-19 13:39:20,224] {logging_mixin.py:109} INFO - [2022-02-19 13:39:20,224] {dag.py:2935} INFO - Setting next_dagrun for example_bash_operator to 2022-02-18 00:00:00+00:00
[2022-02-19 13:39:20,233] {processor.py:171} INFO - Processing /home/airflow/.local/lib/python3.7/site-packages/airflow/example_dags/example_bash_operator.py took 0.081 seconds
[2022-02-19 13:39:50,573] {processor.py:163} INFO - Started process (PID=442) to work on /home/airflow/.local/lib/python3.7/site-packages/airflow/example_dags/example_bash_operator.py
[2022-02-19 13:39:50,574] {processor.py:642} INFO - Processing file /home/airflow/.local/lib/python3.7/site-packages/airflow/example_dags/example_bash_operator.py for tasks to queue
[2022-02-19 13:39:50,575] {logging_mixin.py:109} INFO - [2022-02-19 13:39:50,575] {dagbag.py:500} INFO - Filling up the DagBag from /home/airflow/.local/lib/python3.7/site-packages/airflow/example_dags/example_bash_operator.py
[2022-02-19 13:39:50,607] {processor.py:654} INFO - DAG(s) dict_keys(['example_bash_operator']) retrieved from /home/airflow/.local/lib/python3.7/site-packages/airflow/example_dags/example_bash_operator.py
[2022-02-19 13:39:50,618] {logging_mixin.py:109} INFO - [2022-02-19 13:39:50,618] {dag.py:2396} INFO - Sync 1 DAGs
[2022-02-19 13:39:50,634] {logging_mixin.py:109} INFO - [2022-02-19 13:39:50,633] {dag.py:2935} INFO - Setting next_dagrun for example_bash_operator to 2022-02-18 00:00:00+00:00
[2022-02-19 13:39:50,642] {processor.py:171} INFO - Processing /home/airflow/.local/lib/python3.7/site-packages/airflow/example_dags/example_bash_operator.py took 0.073 seconds
[2022-02-19 13:40:20,829] {processor.py:163} INFO - Started process (PID=492) to work on /home/airflow/.local/lib/python3.7/site-packages/airflow/example_dags/example_bash_operator.py
[2022-02-19 13:40:20,830] {processor.py:642} INFO - Processing file /home/airflow/.local/lib/python3.7/site-packages/airflow/example_dags/example_bash_operator.py for tasks to queue
[2022-02-19 13:40:20,831] {logging_mixin.py:109} INFO - [2022-02-19 13:40:20,831] {dagbag.py:500} INFO - Filling up the DagBag from /home/airflow/.local/lib/python3.7/site-packages/airflow/example_dags/example_bash_operator.py
[2022-02-19 13:40:20,861] {processor.py:654} INFO - DAG(s) dict_keys(['example_bash_operator']) retrieved from /home/airflow/.local/lib/python3.7/site-packages/airflow/example_dags/example_bash_operator.py
[2022-02-19 13:40:20,871] {logging_mixin.py:109} INFO - [2022-02-19 13:40:20,871] {dag.py:2396} INFO - Sync 1 DAGs
[2022-02-19 13:40:20,886] {logging_mixin.py:109} INFO - [2022-02-19 13:40:20,886] {dag.py:2935} INFO - Setting next_dagrun for example_bash_operator to 2022-02-18 00:00:00+00:00
[2022-02-19 13:40:20,895] {processor.py:171} INFO - Processing /home/airflow/.local/lib/python3.7/site-packages/airflow/example_dags/example_bash_operator.py took 0.070 seconds
[2022-02-19 13:40:51,089] {processor.py:163} INFO - Started process (PID=553) to work on /home/airflow/.local/lib/python3.7/site-packages/airflow/example_dags/example_bash_operator.py
[2022-02-19 13:40:51,090] {processor.py:642} INFO - Processing file /home/airflow/.local/lib/python3.7/site-packages/airflow/example_dags/example_bash_operator.py for tasks to queue
[2022-02-19 13:40:51,091] {logging_mixin.py:109} INFO - [2022-02-19 13:40:51,091] {dagbag.py:500} INFO - Filling up the DagBag from /home/airflow/.local/lib/python3.7/site-packages/airflow/example_dags/example_bash_operator.py
[2022-02-19 13:40:51,121] {processor.py:654} INFO - DAG(s) dict_keys(['example_bash_operator']) retrieved from /home/airflow/.local/lib/python3.7/site-packages/airflow/example_dags/example_bash_operator.py
[2022-02-19 13:40:51,130] {logging_mixin.py:109} INFO - [2022-02-19 13:40:51,130] {dag.py:2396} INFO - Sync 1 DAGs
[2022-02-19 13:40:51,145] {logging_mixin.py:109} INFO - [2022-02-19 13:40:51,145] {dag.py:2935} INFO - Setting next_dagrun for example_bash_operator to 2022-02-18 00:00:00+00:00
[2022-02-19 13:40:51,155] {processor.py:171} INFO - Processing /home/airflow/.local/lib/python3.7/site-packages/airflow/example_dags/example_bash_operator.py took 0.070 seconds
[2022-02-19 13:41:38,025] {processor.py:163} INFO - Started process (PID=607) to work on /home/airflow/.local/lib/python3.7/site-packages/airflow/example_dags/example_bash_operator.py
[2022-02-19 13:41:38,026] {processor.py:642} INFO - Processing file /home/airflow/.local/lib/python3.7/site-packages/airflow/example_dags/example_bash_operator.py for tasks to queue
[2022-02-19 13:41:38,027] {logging_mixin.py:109} INFO - [2022-02-19 13:41:38,027] {dagbag.py:500} INFO - Filling up the DagBag from /home/airflow/.local/lib/python3.7/site-packages/airflow/example_dags/example_bash_operator.py
[2022-02-19 13:41:38,058] {processor.py:654} INFO - DAG(s) dict_keys(['example_bash_operator']) retrieved from /home/airflow/.local/lib/python3.7/site-packages/airflow/example_dags/example_bash_operator.py
[2022-02-19 13:41:38,068] {logging_mixin.py:109} INFO - [2022-02-19 13:41:38,068] {dag.py:2396} INFO - Sync 1 DAGs
[2022-02-19 13:41:38,083] {logging_mixin.py:109} INFO - [2022-02-19 13:41:38,083] {dag.py:2935} INFO - Setting next_dagrun for example_bash_operator to 2022-02-18 00:00:00+00:00
[2022-02-19 13:41:38,092] {processor.py:171} INFO - Processing /home/airflow/.local/lib/python3.7/site-packages/airflow/example_dags/example_bash_operator.py took 0.070 seconds
[2022-02-19 13:42:20,336] {processor.py:163} INFO - Started process (PID=660) to work on /home/airflow/.local/lib/python3.7/site-packages/airflow/example_dags/example_bash_operator.py
[2022-02-19 13:42:20,347] {processor.py:642} INFO - Processing file /home/airflow/.local/lib/python3.7/site-packages/airflow/example_dags/example_bash_operator.py for tasks to queue
[2022-02-19 13:42:20,349] {logging_mixin.py:109} INFO - [2022-02-19 13:42:20,349] {dagbag.py:500} INFO - Filling up the DagBag from /home/airflow/.local/lib/python3.7/site-packages/airflow/example_dags/example_bash_operator.py
[2022-02-19 13:42:20,472] {processor.py:654} INFO - DAG(s) dict_keys(['example_bash_operator']) retrieved from /home/airflow/.local/lib/python3.7/site-packages/airflow/example_dags/example_bash_operator.py
[2022-02-19 13:42:20,498] {logging_mixin.py:109} INFO - [2022-02-19 13:42:20,497] {dag.py:2396} INFO - Sync 1 DAGs
[2022-02-19 13:42:20,529] {logging_mixin.py:109} INFO - [2022-02-19 13:42:20,528] {dag.py:2935} INFO - Setting next_dagrun for example_bash_operator to 2022-02-18 00:00:00+00:00
[2022-02-19 13:42:20,593] {processor.py:171} INFO - Processing /home/airflow/.local/lib/python3.7/site-packages/airflow/example_dags/example_bash_operator.py took 0.274 seconds
[2022-02-19 13:52:58,450] {processor.py:163} INFO - Started process (PID=48) to work on /home/airflow/.local/lib/python3.7/site-packages/airflow/example_dags/example_bash_operator.py
[2022-02-19 13:52:58,464] {processor.py:642} INFO - Processing file /home/airflow/.local/lib/python3.7/site-packages/airflow/example_dags/example_bash_operator.py for tasks to queue
[2022-02-19 13:52:58,484] {logging_mixin.py:109} INFO - [2022-02-19 13:52:58,478] {dagbag.py:500} INFO - Filling up the DagBag from /home/airflow/.local/lib/python3.7/site-packages/airflow/example_dags/example_bash_operator.py
[2022-02-19 13:52:59,098] {processor.py:654} INFO - DAG(s) dict_keys(['example_bash_operator']) retrieved from /home/airflow/.local/lib/python3.7/site-packages/airflow/example_dags/example_bash_operator.py
[2022-02-19 13:52:59,156] {logging_mixin.py:109} INFO - [2022-02-19 13:52:59,156] {dag.py:2396} INFO - Sync 1 DAGs
[2022-02-19 13:52:59,257] {logging_mixin.py:109} INFO - [2022-02-19 13:52:59,257] {dag.py:2935} INFO - Setting next_dagrun for example_bash_operator to 2022-02-18 00:00:00+00:00
[2022-02-19 13:52:59,277] {processor.py:171} INFO - Processing /home/airflow/.local/lib/python3.7/site-packages/airflow/example_dags/example_bash_operator.py took 0.838 seconds
[2022-02-19 13:53:29,965] {processor.py:163} INFO - Started process (PID=90) to work on /home/airflow/.local/lib/python3.7/site-packages/airflow/example_dags/example_bash_operator.py
[2022-02-19 13:53:30,798] {processor.py:642} INFO - Processing file /home/airflow/.local/lib/python3.7/site-packages/airflow/example_dags/example_bash_operator.py for tasks to queue
[2022-02-19 13:53:30,803] {logging_mixin.py:109} INFO - [2022-02-19 13:53:30,803] {dagbag.py:500} INFO - Filling up the DagBag from /home/airflow/.local/lib/python3.7/site-packages/airflow/example_dags/example_bash_operator.py
[2022-02-19 13:53:30,982] {processor.py:654} INFO - DAG(s) dict_keys(['example_bash_operator']) retrieved from /home/airflow/.local/lib/python3.7/site-packages/airflow/example_dags/example_bash_operator.py
[2022-02-19 13:53:31,146] {logging_mixin.py:109} INFO - [2022-02-19 13:53:31,140] {dag.py:2396} INFO - Sync 1 DAGs
[2022-02-19 13:53:31,292] {logging_mixin.py:109} INFO - [2022-02-19 13:53:31,292] {dag.py:2935} INFO - Setting next_dagrun for example_bash_operator to 2022-02-18 00:00:00+00:00
[2022-02-19 13:53:31,319] {processor.py:171} INFO - Processing /home/airflow/.local/lib/python3.7/site-packages/airflow/example_dags/example_bash_operator.py took 1.564 seconds
[2022-02-19 13:57:47,521] {processor.py:163} INFO - Started process (PID=57) to work on /home/airflow/.local/lib/python3.7/site-packages/airflow/example_dags/example_bash_operator.py
[2022-02-19 13:57:47,532] {processor.py:642} INFO - Processing file /home/airflow/.local/lib/python3.7/site-packages/airflow/example_dags/example_bash_operator.py for tasks to queue
[2022-02-19 13:57:47,536] {logging_mixin.py:109} INFO - [2022-02-19 13:57:47,536] {dagbag.py:500} INFO - Filling up the DagBag from /home/airflow/.local/lib/python3.7/site-packages/airflow/example_dags/example_bash_operator.py
[2022-02-19 13:57:47,819] {processor.py:654} INFO - DAG(s) dict_keys(['example_bash_operator']) retrieved from /home/airflow/.local/lib/python3.7/site-packages/airflow/example_dags/example_bash_operator.py
[2022-02-19 13:57:47,862] {logging_mixin.py:109} INFO - [2022-02-19 13:57:47,862] {dag.py:2396} INFO - Sync 1 DAGs
[2022-02-19 13:57:47,991] {logging_mixin.py:109} INFO - [2022-02-19 13:57:47,991] {dag.py:2935} INFO - Setting next_dagrun for example_bash_operator to 2022-02-18 00:00:00+00:00
[2022-02-19 13:57:48,033] {processor.py:171} INFO - Processing /home/airflow/.local/lib/python3.7/site-packages/airflow/example_dags/example_bash_operator.py took 0.528 seconds
[2022-02-19 14:01:27,731] {processor.py:163} INFO - Started process (PID=173) to work on /home/airflow/.local/lib/python3.7/site-packages/airflow/example_dags/example_bash_operator.py
[2022-02-19 14:01:27,737] {processor.py:642} INFO - Processing file /home/airflow/.local/lib/python3.7/site-packages/airflow/example_dags/example_bash_operator.py for tasks to queue
[2022-02-19 14:01:27,742] {logging_mixin.py:109} INFO - [2022-02-19 14:01:27,741] {dagbag.py:500} INFO - Filling up the DagBag from /home/airflow/.local/lib/python3.7/site-packages/airflow/example_dags/example_bash_operator.py
[2022-02-19 14:01:28,435] {processor.py:654} INFO - DAG(s) dict_keys(['example_bash_operator']) retrieved from /home/airflow/.local/lib/python3.7/site-packages/airflow/example_dags/example_bash_operator.py
[2022-02-19 14:01:28,521] {logging_mixin.py:109} INFO - [2022-02-19 14:01:28,521] {dag.py:2396} INFO - Sync 1 DAGs
[2022-02-19 14:01:28,636] {logging_mixin.py:109} INFO - [2022-02-19 14:01:28,635] {dag.py:2935} INFO - Setting next_dagrun for example_bash_operator to 2022-02-18 00:00:00+00:00
[2022-02-19 14:01:28,716] {processor.py:171} INFO - Processing /home/airflow/.local/lib/python3.7/site-packages/airflow/example_dags/example_bash_operator.py took 0.993 seconds
[2022-02-19 14:01:59,567] {processor.py:163} INFO - Started process (PID=228) to work on /home/airflow/.local/lib/python3.7/site-packages/airflow/example_dags/example_bash_operator.py
[2022-02-19 14:01:59,572] {processor.py:642} INFO - Processing file /home/airflow/.local/lib/python3.7/site-packages/airflow/example_dags/example_bash_operator.py for tasks to queue
[2022-02-19 14:01:59,574] {logging_mixin.py:109} INFO - [2022-02-19 14:01:59,573] {dagbag.py:500} INFO - Filling up the DagBag from /home/airflow/.local/lib/python3.7/site-packages/airflow/example_dags/example_bash_operator.py
[2022-02-19 14:01:59,765] {processor.py:654} INFO - DAG(s) dict_keys(['example_bash_operator']) retrieved from /home/airflow/.local/lib/python3.7/site-packages/airflow/example_dags/example_bash_operator.py
[2022-02-19 14:01:59,805] {logging_mixin.py:109} INFO - [2022-02-19 14:01:59,804] {dag.py:2396} INFO - Sync 1 DAGs
[2022-02-19 14:01:59,866] {logging_mixin.py:109} INFO - [2022-02-19 14:01:59,863] {dag.py:2935} INFO - Setting next_dagrun for example_bash_operator to 2022-02-18 00:00:00+00:00
[2022-02-19 14:01:59,925] {processor.py:171} INFO - Processing /home/airflow/.local/lib/python3.7/site-packages/airflow/example_dags/example_bash_operator.py took 0.364 seconds
[2022-02-19 14:03:17,586] {processor.py:163} INFO - Started process (PID=303) to work on /home/airflow/.local/lib/python3.7/site-packages/airflow/example_dags/example_bash_operator.py
[2022-02-19 14:03:17,608] {processor.py:642} INFO - Processing file /home/airflow/.local/lib/python3.7/site-packages/airflow/example_dags/example_bash_operator.py for tasks to queue
[2022-02-19 14:03:17,623] {logging_mixin.py:109} INFO - [2022-02-19 14:03:17,619] {dagbag.py:500} INFO - Filling up the DagBag from /home/airflow/.local/lib/python3.7/site-packages/airflow/example_dags/example_bash_operator.py
[2022-02-19 14:03:18,077] {processor.py:654} INFO - DAG(s) dict_keys(['example_bash_operator']) retrieved from /home/airflow/.local/lib/python3.7/site-packages/airflow/example_dags/example_bash_operator.py
[2022-02-19 14:03:18,198] {logging_mixin.py:109} INFO - [2022-02-19 14:03:18,198] {dag.py:2396} INFO - Sync 1 DAGs
[2022-02-19 14:03:18,862] {logging_mixin.py:109} INFO - [2022-02-19 14:03:18,850] {dag.py:2935} INFO - Setting next_dagrun for example_bash_operator to 2022-02-18 00:00:00+00:00
[2022-02-19 14:03:19,197] {processor.py:171} INFO - Processing /home/airflow/.local/lib/python3.7/site-packages/airflow/example_dags/example_bash_operator.py took 1.646 seconds
[2022-02-19 14:06:52,606] {processor.py:163} INFO - Started process (PID=57) to work on /home/airflow/.local/lib/python3.7/site-packages/airflow/example_dags/example_bash_operator.py
[2022-02-19 14:06:52,612] {processor.py:642} INFO - Processing file /home/airflow/.local/lib/python3.7/site-packages/airflow/example_dags/example_bash_operator.py for tasks to queue
[2022-02-19 14:06:52,617] {logging_mixin.py:109} INFO - [2022-02-19 14:06:52,616] {dagbag.py:500} INFO - Filling up the DagBag from /home/airflow/.local/lib/python3.7/site-packages/airflow/example_dags/example_bash_operator.py
[2022-02-19 14:06:54,745] {processor.py:654} INFO - DAG(s) dict_keys(['example_bash_operator']) retrieved from /home/airflow/.local/lib/python3.7/site-packages/airflow/example_dags/example_bash_operator.py
[2022-02-19 14:06:54,861] {logging_mixin.py:109} INFO - [2022-02-19 14:06:54,861] {dag.py:2396} INFO - Sync 1 DAGs
[2022-02-19 14:06:54,939] {logging_mixin.py:109} INFO - [2022-02-19 14:06:54,939] {dag.py:2935} INFO - Setting next_dagrun for example_bash_operator to 2022-02-18 00:00:00+00:00
[2022-02-19 14:06:54,964] {processor.py:171} INFO - Processing /home/airflow/.local/lib/python3.7/site-packages/airflow/example_dags/example_bash_operator.py took 2.372 seconds
[2022-02-19 14:15:18,892] {processor.py:163} INFO - Started process (PID=134) to work on /home/airflow/.local/lib/python3.7/site-packages/airflow/example_dags/example_bash_operator.py
[2022-02-19 14:15:18,899] {processor.py:642} INFO - Processing file /home/airflow/.local/lib/python3.7/site-packages/airflow/example_dags/example_bash_operator.py for tasks to queue
[2022-02-19 14:15:18,904] {logging_mixin.py:109} INFO - [2022-02-19 14:15:18,902] {dagbag.py:500} INFO - Filling up the DagBag from /home/airflow/.local/lib/python3.7/site-packages/airflow/example_dags/example_bash_operator.py
[2022-02-19 14:15:19,026] {processor.py:654} INFO - DAG(s) dict_keys(['example_bash_operator']) retrieved from /home/airflow/.local/lib/python3.7/site-packages/airflow/example_dags/example_bash_operator.py
[2022-02-19 14:15:19,119] {logging_mixin.py:109} INFO - [2022-02-19 14:15:19,119] {dag.py:2396} INFO - Sync 1 DAGs
[2022-02-19 14:15:19,248] {logging_mixin.py:109} INFO - [2022-02-19 14:15:19,248] {dag.py:2935} INFO - Setting next_dagrun for example_bash_operator to 2022-02-18 00:00:00+00:00
[2022-02-19 14:15:19,749] {processor.py:171} INFO - Processing /home/airflow/.local/lib/python3.7/site-packages/airflow/example_dags/example_bash_operator.py took 0.879 seconds
[2022-02-19 14:16:01,357] {processor.py:163} INFO - Started process (PID=176) to work on /home/airflow/.local/lib/python3.7/site-packages/airflow/example_dags/example_bash_operator.py
[2022-02-19 14:16:01,366] {processor.py:642} INFO - Processing file /home/airflow/.local/lib/python3.7/site-packages/airflow/example_dags/example_bash_operator.py for tasks to queue
[2022-02-19 14:16:01,369] {logging_mixin.py:109} INFO - [2022-02-19 14:16:01,368] {dagbag.py:500} INFO - Filling up the DagBag from /home/airflow/.local/lib/python3.7/site-packages/airflow/example_dags/example_bash_operator.py
[2022-02-19 14:16:01,486] {processor.py:654} INFO - DAG(s) dict_keys(['example_bash_operator']) retrieved from /home/airflow/.local/lib/python3.7/site-packages/airflow/example_dags/example_bash_operator.py
[2022-02-19 14:16:01,514] {logging_mixin.py:109} INFO - [2022-02-19 14:16:01,514] {dag.py:2396} INFO - Sync 1 DAGs
[2022-02-19 14:16:01,561] {logging_mixin.py:109} INFO - [2022-02-19 14:16:01,561] {dag.py:2935} INFO - Setting next_dagrun for example_bash_operator to 2022-02-18 00:00:00+00:00
[2022-02-19 14:16:01,596] {processor.py:171} INFO - Processing /home/airflow/.local/lib/python3.7/site-packages/airflow/example_dags/example_bash_operator.py took 0.250 seconds
[2022-02-19 14:20:51,064] {processor.py:163} INFO - Started process (PID=49) to work on /home/airflow/.local/lib/python3.7/site-packages/airflow/example_dags/example_bash_operator.py
[2022-02-19 14:20:51,075] {processor.py:642} INFO - Processing file /home/airflow/.local/lib/python3.7/site-packages/airflow/example_dags/example_bash_operator.py for tasks to queue
[2022-02-19 14:20:51,080] {logging_mixin.py:109} INFO - [2022-02-19 14:20:51,080] {dagbag.py:500} INFO - Filling up the DagBag from /home/airflow/.local/lib/python3.7/site-packages/airflow/example_dags/example_bash_operator.py
[2022-02-19 14:20:52,015] {processor.py:654} INFO - DAG(s) dict_keys(['example_bash_operator']) retrieved from /home/airflow/.local/lib/python3.7/site-packages/airflow/example_dags/example_bash_operator.py
[2022-02-19 14:20:52,127] {logging_mixin.py:109} INFO - [2022-02-19 14:20:52,127] {dag.py:2396} INFO - Sync 1 DAGs
[2022-02-19 14:20:52,189] {logging_mixin.py:109} INFO - [2022-02-19 14:20:52,189] {dag.py:2935} INFO - Setting next_dagrun for example_bash_operator to 2022-02-18 00:00:00+00:00
[2022-02-19 14:20:52,379] {processor.py:171} INFO - Processing /home/airflow/.local/lib/python3.7/site-packages/airflow/example_dags/example_bash_operator.py took 1.379 seconds
[2022-02-19 14:22:15,637] {processor.py:163} INFO - Started process (PID=109) to work on /home/airflow/.local/lib/python3.7/site-packages/airflow/example_dags/example_bash_operator.py
[2022-02-19 14:22:15,660] {processor.py:642} INFO - Processing file /home/airflow/.local/lib/python3.7/site-packages/airflow/example_dags/example_bash_operator.py for tasks to queue
[2022-02-19 14:22:15,675] {logging_mixin.py:109} INFO - [2022-02-19 14:22:15,675] {dagbag.py:500} INFO - Filling up the DagBag from /home/airflow/.local/lib/python3.7/site-packages/airflow/example_dags/example_bash_operator.py
[2022-02-19 14:22:16,222] {processor.py:654} INFO - DAG(s) dict_keys(['example_bash_operator']) retrieved from /home/airflow/.local/lib/python3.7/site-packages/airflow/example_dags/example_bash_operator.py
[2022-02-19 14:22:16,380] {logging_mixin.py:109} INFO - [2022-02-19 14:22:16,380] {dag.py:2396} INFO - Sync 1 DAGs
[2022-02-19 14:22:16,598] {logging_mixin.py:109} INFO - [2022-02-19 14:22:16,598] {dag.py:2935} INFO - Setting next_dagrun for example_bash_operator to 2022-02-18 00:00:00+00:00
[2022-02-19 14:22:16,721] {processor.py:171} INFO - Processing /home/airflow/.local/lib/python3.7/site-packages/airflow/example_dags/example_bash_operator.py took 1.132 seconds
[2022-02-19 14:26:58,190] {processor.py:163} INFO - Started process (PID=58) to work on /home/airflow/.local/lib/python3.7/site-packages/airflow/example_dags/example_bash_operator.py
[2022-02-19 14:26:58,193] {processor.py:642} INFO - Processing file /home/airflow/.local/lib/python3.7/site-packages/airflow/example_dags/example_bash_operator.py for tasks to queue
[2022-02-19 14:26:58,195] {logging_mixin.py:109} INFO - [2022-02-19 14:26:58,195] {dagbag.py:500} INFO - Filling up the DagBag from /home/airflow/.local/lib/python3.7/site-packages/airflow/example_dags/example_bash_operator.py
[2022-02-19 14:26:58,487] {processor.py:654} INFO - DAG(s) dict_keys(['example_bash_operator']) retrieved from /home/airflow/.local/lib/python3.7/site-packages/airflow/example_dags/example_bash_operator.py
[2022-02-19 14:26:58,553] {logging_mixin.py:109} INFO - [2022-02-19 14:26:58,553] {dag.py:2396} INFO - Sync 1 DAGs
[2022-02-19 14:26:58,687] {logging_mixin.py:109} INFO - [2022-02-19 14:26:58,687] {dag.py:2935} INFO - Setting next_dagrun for example_bash_operator to 2022-02-18 00:00:00+00:00
[2022-02-19 14:26:58,716] {processor.py:171} INFO - Processing /home/airflow/.local/lib/python3.7/site-packages/airflow/example_dags/example_bash_operator.py took 0.559 seconds
