[2022-02-19 13:18:06,611] {processor.py:163} INFO - Started process (PID=39) to work on /home/airflow/.local/lib/python3.7/site-packages/airflow/example_dags/example_external_task_marker_dag.py
[2022-02-19 13:18:06,617] {processor.py:642} INFO - Processing file /home/airflow/.local/lib/python3.7/site-packages/airflow/example_dags/example_external_task_marker_dag.py for tasks to queue
[2022-02-19 13:18:06,620] {logging_mixin.py:109} INFO - [2022-02-19 13:18:06,620] {dagbag.py:500} INFO - Filling up the DagBag from /home/airflow/.local/lib/python3.7/site-packages/airflow/example_dags/example_external_task_marker_dag.py
[2022-02-19 13:18:06,688] {processor.py:654} INFO - DAG(s) dict_keys(['example_external_task_marker_parent', 'example_external_task_marker_child']) retrieved from /home/airflow/.local/lib/python3.7/site-packages/airflow/example_dags/example_external_task_marker_dag.py
[2022-02-19 13:20:34,246] {processor.py:163} INFO - Started process (PID=145) to work on /home/airflow/.local/lib/python3.7/site-packages/airflow/example_dags/example_external_task_marker_dag.py
[2022-02-19 13:20:34,274] {processor.py:642} INFO - Processing file /home/airflow/.local/lib/python3.7/site-packages/airflow/example_dags/example_external_task_marker_dag.py for tasks to queue
[2022-02-19 13:20:34,290] {logging_mixin.py:109} INFO - [2022-02-19 13:20:34,285] {dagbag.py:500} INFO - Filling up the DagBag from /home/airflow/.local/lib/python3.7/site-packages/airflow/example_dags/example_external_task_marker_dag.py
[2022-02-19 13:20:34,367] {processor.py:654} INFO - DAG(s) dict_keys(['example_external_task_marker_parent', 'example_external_task_marker_child']) retrieved from /home/airflow/.local/lib/python3.7/site-packages/airflow/example_dags/example_external_task_marker_dag.py
[2022-02-19 13:25:20,040] {processor.py:163} INFO - Started process (PID=442) to work on /home/airflow/.local/lib/python3.7/site-packages/airflow/example_dags/example_external_task_marker_dag.py
[2022-02-19 13:25:20,054] {processor.py:642} INFO - Processing file /home/airflow/.local/lib/python3.7/site-packages/airflow/example_dags/example_external_task_marker_dag.py for tasks to queue
[2022-02-19 13:25:20,059] {logging_mixin.py:109} INFO - [2022-02-19 13:25:20,059] {dagbag.py:500} INFO - Filling up the DagBag from /home/airflow/.local/lib/python3.7/site-packages/airflow/example_dags/example_external_task_marker_dag.py
[2022-02-19 13:25:20,243] {processor.py:654} INFO - DAG(s) dict_keys(['example_external_task_marker_parent', 'example_external_task_marker_child']) retrieved from /home/airflow/.local/lib/python3.7/site-packages/airflow/example_dags/example_external_task_marker_dag.py
[2022-02-19 13:27:06,539] {processor.py:163} INFO - Started process (PID=540) to work on /home/airflow/.local/lib/python3.7/site-packages/airflow/example_dags/example_external_task_marker_dag.py
[2022-02-19 13:27:06,545] {processor.py:642} INFO - Processing file /home/airflow/.local/lib/python3.7/site-packages/airflow/example_dags/example_external_task_marker_dag.py for tasks to queue
[2022-02-19 13:27:06,549] {logging_mixin.py:109} INFO - [2022-02-19 13:27:06,548] {dagbag.py:500} INFO - Filling up the DagBag from /home/airflow/.local/lib/python3.7/site-packages/airflow/example_dags/example_external_task_marker_dag.py
[2022-02-19 13:27:06,633] {processor.py:654} INFO - DAG(s) dict_keys(['example_external_task_marker_parent', 'example_external_task_marker_child']) retrieved from /home/airflow/.local/lib/python3.7/site-packages/airflow/example_dags/example_external_task_marker_dag.py
[2022-02-19 13:29:51,709] {processor.py:163} INFO - Started process (PID=728) to work on /home/airflow/.local/lib/python3.7/site-packages/airflow/example_dags/example_external_task_marker_dag.py
[2022-02-19 13:29:51,731] {processor.py:642} INFO - Processing file /home/airflow/.local/lib/python3.7/site-packages/airflow/example_dags/example_external_task_marker_dag.py for tasks to queue
[2022-02-19 13:29:51,734] {logging_mixin.py:109} INFO - [2022-02-19 13:29:51,734] {dagbag.py:500} INFO - Filling up the DagBag from /home/airflow/.local/lib/python3.7/site-packages/airflow/example_dags/example_external_task_marker_dag.py
[2022-02-19 13:29:51,858] {processor.py:654} INFO - DAG(s) dict_keys(['example_external_task_marker_parent', 'example_external_task_marker_child']) retrieved from /home/airflow/.local/lib/python3.7/site-packages/airflow/example_dags/example_external_task_marker_dag.py
[2022-02-19 13:35:56,017] {processor.py:163} INFO - Started process (PID=39) to work on /home/airflow/.local/lib/python3.7/site-packages/airflow/example_dags/example_external_task_marker_dag.py
[2022-02-19 13:35:56,021] {processor.py:642} INFO - Processing file /home/airflow/.local/lib/python3.7/site-packages/airflow/example_dags/example_external_task_marker_dag.py for tasks to queue
[2022-02-19 13:35:56,022] {logging_mixin.py:109} INFO - [2022-02-19 13:35:56,022] {dagbag.py:500} INFO - Filling up the DagBag from /home/airflow/.local/lib/python3.7/site-packages/airflow/example_dags/example_external_task_marker_dag.py
[2022-02-19 13:35:56,222] {processor.py:654} INFO - DAG(s) dict_keys(['example_external_task_marker_parent', 'example_external_task_marker_child']) retrieved from /home/airflow/.local/lib/python3.7/site-packages/airflow/example_dags/example_external_task_marker_dag.py
[2022-02-19 13:37:37,868] {processor.py:163} INFO - Started process (PID=189) to work on /home/airflow/.local/lib/python3.7/site-packages/airflow/example_dags/example_external_task_marker_dag.py
[2022-02-19 13:37:37,878] {processor.py:642} INFO - Processing file /home/airflow/.local/lib/python3.7/site-packages/airflow/example_dags/example_external_task_marker_dag.py for tasks to queue
[2022-02-19 13:37:37,882] {logging_mixin.py:109} INFO - [2022-02-19 13:37:37,882] {dagbag.py:500} INFO - Filling up the DagBag from /home/airflow/.local/lib/python3.7/site-packages/airflow/example_dags/example_external_task_marker_dag.py
[2022-02-19 13:37:38,385] {processor.py:654} INFO - DAG(s) dict_keys(['example_external_task_marker_parent', 'example_external_task_marker_child']) retrieved from /home/airflow/.local/lib/python3.7/site-packages/airflow/example_dags/example_external_task_marker_dag.py
[2022-02-19 13:37:47,100] {logging_mixin.py:109} INFO - [2022-02-19 13:37:47,099] {manager.py:496} INFO - Created Permission View: can read on DAG:example_external_task_marker_parent
[2022-02-19 13:37:47,131] {logging_mixin.py:109} INFO - [2022-02-19 13:37:47,131] {manager.py:496} INFO - Created Permission View: can edit on DAG:example_external_task_marker_parent
[2022-02-19 13:37:47,179] {logging_mixin.py:109} INFO - [2022-02-19 13:37:47,179] {manager.py:496} INFO - Created Permission View: can read on DAG:example_external_task_marker_child
[2022-02-19 13:37:47,195] {logging_mixin.py:109} INFO - [2022-02-19 13:37:47,195] {manager.py:496} INFO - Created Permission View: can edit on DAG:example_external_task_marker_child
[2022-02-19 13:37:47,200] {logging_mixin.py:109} INFO - [2022-02-19 13:37:47,199] {dag.py:2396} INFO - Sync 2 DAGs
[2022-02-19 13:37:47,211] {logging_mixin.py:109} INFO - [2022-02-19 13:37:47,211] {dag.py:2415} INFO - Creating ORM DAG for example_external_task_marker_parent
[2022-02-19 13:37:47,213] {logging_mixin.py:109} INFO - [2022-02-19 13:37:47,213] {dag.py:2415} INFO - Creating ORM DAG for example_external_task_marker_child
[2022-02-19 13:37:47,242] {logging_mixin.py:109} INFO - [2022-02-19 13:37:47,242] {dag.py:2935} INFO - Setting next_dagrun for example_external_task_marker_child to None
[2022-02-19 13:37:47,244] {logging_mixin.py:109} INFO - [2022-02-19 13:37:47,244] {dag.py:2935} INFO - Setting next_dagrun for example_external_task_marker_parent to None
[2022-02-19 13:37:47,275] {processor.py:171} INFO - Processing /home/airflow/.local/lib/python3.7/site-packages/airflow/example_dags/example_external_task_marker_dag.py took 9.412 seconds
[2022-02-19 13:38:17,868] {processor.py:163} INFO - Started process (PID=264) to work on /home/airflow/.local/lib/python3.7/site-packages/airflow/example_dags/example_external_task_marker_dag.py
[2022-02-19 13:38:17,870] {processor.py:642} INFO - Processing file /home/airflow/.local/lib/python3.7/site-packages/airflow/example_dags/example_external_task_marker_dag.py for tasks to queue
[2022-02-19 13:38:17,873] {logging_mixin.py:109} INFO - [2022-02-19 13:38:17,872] {dagbag.py:500} INFO - Filling up the DagBag from /home/airflow/.local/lib/python3.7/site-packages/airflow/example_dags/example_external_task_marker_dag.py
[2022-02-19 13:38:17,922] {processor.py:654} INFO - DAG(s) dict_keys(['example_external_task_marker_parent', 'example_external_task_marker_child']) retrieved from /home/airflow/.local/lib/python3.7/site-packages/airflow/example_dags/example_external_task_marker_dag.py
[2022-02-19 13:38:17,940] {logging_mixin.py:109} INFO - [2022-02-19 13:38:17,940] {dag.py:2396} INFO - Sync 2 DAGs
[2022-02-19 13:38:17,954] {logging_mixin.py:109} INFO - [2022-02-19 13:38:17,954] {dag.py:2935} INFO - Setting next_dagrun for example_external_task_marker_child to None
[2022-02-19 13:38:17,955] {logging_mixin.py:109} INFO - [2022-02-19 13:38:17,955] {dag.py:2935} INFO - Setting next_dagrun for example_external_task_marker_parent to None
[2022-02-19 13:38:17,963] {processor.py:171} INFO - Processing /home/airflow/.local/lib/python3.7/site-packages/airflow/example_dags/example_external_task_marker_dag.py took 0.104 seconds
[2022-02-19 13:38:48,574] {processor.py:163} INFO - Started process (PID=323) to work on /home/airflow/.local/lib/python3.7/site-packages/airflow/example_dags/example_external_task_marker_dag.py
[2022-02-19 13:38:48,576] {processor.py:642} INFO - Processing file /home/airflow/.local/lib/python3.7/site-packages/airflow/example_dags/example_external_task_marker_dag.py for tasks to queue
[2022-02-19 13:38:48,577] {logging_mixin.py:109} INFO - [2022-02-19 13:38:48,577] {dagbag.py:500} INFO - Filling up the DagBag from /home/airflow/.local/lib/python3.7/site-packages/airflow/example_dags/example_external_task_marker_dag.py
[2022-02-19 13:38:48,609] {processor.py:654} INFO - DAG(s) dict_keys(['example_external_task_marker_parent', 'example_external_task_marker_child']) retrieved from /home/airflow/.local/lib/python3.7/site-packages/airflow/example_dags/example_external_task_marker_dag.py
[2022-02-19 13:38:48,622] {logging_mixin.py:109} INFO - [2022-02-19 13:38:48,622] {dag.py:2396} INFO - Sync 2 DAGs
[2022-02-19 13:38:48,637] {logging_mixin.py:109} INFO - [2022-02-19 13:38:48,637] {dag.py:2935} INFO - Setting next_dagrun for example_external_task_marker_child to None
[2022-02-19 13:38:48,639] {logging_mixin.py:109} INFO - [2022-02-19 13:38:48,639] {dag.py:2935} INFO - Setting next_dagrun for example_external_task_marker_parent to None
[2022-02-19 13:38:48,648] {processor.py:171} INFO - Processing /home/airflow/.local/lib/python3.7/site-packages/airflow/example_dags/example_external_task_marker_dag.py took 0.078 seconds
[2022-02-19 13:39:18,732] {processor.py:163} INFO - Started process (PID=374) to work on /home/airflow/.local/lib/python3.7/site-packages/airflow/example_dags/example_external_task_marker_dag.py
[2022-02-19 13:39:18,734] {processor.py:642} INFO - Processing file /home/airflow/.local/lib/python3.7/site-packages/airflow/example_dags/example_external_task_marker_dag.py for tasks to queue
[2022-02-19 13:39:18,736] {logging_mixin.py:109} INFO - [2022-02-19 13:39:18,735] {dagbag.py:500} INFO - Filling up the DagBag from /home/airflow/.local/lib/python3.7/site-packages/airflow/example_dags/example_external_task_marker_dag.py
[2022-02-19 13:39:18,769] {processor.py:654} INFO - DAG(s) dict_keys(['example_external_task_marker_parent', 'example_external_task_marker_child']) retrieved from /home/airflow/.local/lib/python3.7/site-packages/airflow/example_dags/example_external_task_marker_dag.py
[2022-02-19 13:39:18,786] {logging_mixin.py:109} INFO - [2022-02-19 13:39:18,786] {dag.py:2396} INFO - Sync 2 DAGs
[2022-02-19 13:39:18,806] {logging_mixin.py:109} INFO - [2022-02-19 13:39:18,806] {dag.py:2935} INFO - Setting next_dagrun for example_external_task_marker_child to None
[2022-02-19 13:39:18,807] {logging_mixin.py:109} INFO - [2022-02-19 13:39:18,807] {dag.py:2935} INFO - Setting next_dagrun for example_external_task_marker_parent to None
[2022-02-19 13:39:18,877] {processor.py:171} INFO - Processing /home/airflow/.local/lib/python3.7/site-packages/airflow/example_dags/example_external_task_marker_dag.py took 0.150 seconds
[2022-02-19 13:39:49,277] {processor.py:163} INFO - Started process (PID=435) to work on /home/airflow/.local/lib/python3.7/site-packages/airflow/example_dags/example_external_task_marker_dag.py
[2022-02-19 13:39:49,279] {processor.py:642} INFO - Processing file /home/airflow/.local/lib/python3.7/site-packages/airflow/example_dags/example_external_task_marker_dag.py for tasks to queue
[2022-02-19 13:39:49,280] {logging_mixin.py:109} INFO - [2022-02-19 13:39:49,280] {dagbag.py:500} INFO - Filling up the DagBag from /home/airflow/.local/lib/python3.7/site-packages/airflow/example_dags/example_external_task_marker_dag.py
[2022-02-19 13:39:49,314] {processor.py:654} INFO - DAG(s) dict_keys(['example_external_task_marker_parent', 'example_external_task_marker_child']) retrieved from /home/airflow/.local/lib/python3.7/site-packages/airflow/example_dags/example_external_task_marker_dag.py
[2022-02-19 13:39:49,329] {logging_mixin.py:109} INFO - [2022-02-19 13:39:49,328] {dag.py:2396} INFO - Sync 2 DAGs
[2022-02-19 13:39:49,350] {logging_mixin.py:109} INFO - [2022-02-19 13:39:49,350] {dag.py:2935} INFO - Setting next_dagrun for example_external_task_marker_child to None
[2022-02-19 13:39:49,351] {logging_mixin.py:109} INFO - [2022-02-19 13:39:49,351] {dag.py:2935} INFO - Setting next_dagrun for example_external_task_marker_parent to None
[2022-02-19 13:39:49,360] {processor.py:171} INFO - Processing /home/airflow/.local/lib/python3.7/site-packages/airflow/example_dags/example_external_task_marker_dag.py took 0.087 seconds
[2022-02-19 13:40:19,537] {processor.py:163} INFO - Started process (PID=485) to work on /home/airflow/.local/lib/python3.7/site-packages/airflow/example_dags/example_external_task_marker_dag.py
[2022-02-19 13:40:19,538] {processor.py:642} INFO - Processing file /home/airflow/.local/lib/python3.7/site-packages/airflow/example_dags/example_external_task_marker_dag.py for tasks to queue
[2022-02-19 13:40:19,540] {logging_mixin.py:109} INFO - [2022-02-19 13:40:19,539] {dagbag.py:500} INFO - Filling up the DagBag from /home/airflow/.local/lib/python3.7/site-packages/airflow/example_dags/example_external_task_marker_dag.py
[2022-02-19 13:40:19,573] {processor.py:654} INFO - DAG(s) dict_keys(['example_external_task_marker_parent', 'example_external_task_marker_child']) retrieved from /home/airflow/.local/lib/python3.7/site-packages/airflow/example_dags/example_external_task_marker_dag.py
[2022-02-19 13:40:19,586] {logging_mixin.py:109} INFO - [2022-02-19 13:40:19,586] {dag.py:2396} INFO - Sync 2 DAGs
[2022-02-19 13:40:19,602] {logging_mixin.py:109} INFO - [2022-02-19 13:40:19,602] {dag.py:2935} INFO - Setting next_dagrun for example_external_task_marker_child to None
[2022-02-19 13:40:19,603] {logging_mixin.py:109} INFO - [2022-02-19 13:40:19,603] {dag.py:2935} INFO - Setting next_dagrun for example_external_task_marker_parent to None
[2022-02-19 13:40:19,613] {processor.py:171} INFO - Processing /home/airflow/.local/lib/python3.7/site-packages/airflow/example_dags/example_external_task_marker_dag.py took 0.080 seconds
[2022-02-19 13:40:49,784] {processor.py:163} INFO - Started process (PID=546) to work on /home/airflow/.local/lib/python3.7/site-packages/airflow/example_dags/example_external_task_marker_dag.py
[2022-02-19 13:40:49,786] {processor.py:642} INFO - Processing file /home/airflow/.local/lib/python3.7/site-packages/airflow/example_dags/example_external_task_marker_dag.py for tasks to queue
[2022-02-19 13:40:49,787] {logging_mixin.py:109} INFO - [2022-02-19 13:40:49,787] {dagbag.py:500} INFO - Filling up the DagBag from /home/airflow/.local/lib/python3.7/site-packages/airflow/example_dags/example_external_task_marker_dag.py
[2022-02-19 13:40:49,822] {processor.py:654} INFO - DAG(s) dict_keys(['example_external_task_marker_parent', 'example_external_task_marker_child']) retrieved from /home/airflow/.local/lib/python3.7/site-packages/airflow/example_dags/example_external_task_marker_dag.py
[2022-02-19 13:40:49,846] {logging_mixin.py:109} INFO - [2022-02-19 13:40:49,846] {dag.py:2396} INFO - Sync 2 DAGs
[2022-02-19 13:40:49,863] {logging_mixin.py:109} INFO - [2022-02-19 13:40:49,863] {dag.py:2935} INFO - Setting next_dagrun for example_external_task_marker_child to None
[2022-02-19 13:40:49,864] {logging_mixin.py:109} INFO - [2022-02-19 13:40:49,864] {dag.py:2935} INFO - Setting next_dagrun for example_external_task_marker_parent to None
[2022-02-19 13:40:49,874] {processor.py:171} INFO - Processing /home/airflow/.local/lib/python3.7/site-packages/airflow/example_dags/example_external_task_marker_dag.py took 0.094 seconds
[2022-02-19 13:41:25,420] {processor.py:163} INFO - Started process (PID=599) to work on /home/airflow/.local/lib/python3.7/site-packages/airflow/example_dags/example_external_task_marker_dag.py
[2022-02-19 13:41:25,461] {processor.py:642} INFO - Processing file /home/airflow/.local/lib/python3.7/site-packages/airflow/example_dags/example_external_task_marker_dag.py for tasks to queue
[2022-02-19 13:41:25,520] {logging_mixin.py:109} INFO - [2022-02-19 13:41:25,501] {dagbag.py:500} INFO - Filling up the DagBag from /home/airflow/.local/lib/python3.7/site-packages/airflow/example_dags/example_external_task_marker_dag.py
[2022-02-19 13:41:34,967] {processor.py:654} INFO - DAG(s) dict_keys(['example_external_task_marker_parent', 'example_external_task_marker_child']) retrieved from /home/airflow/.local/lib/python3.7/site-packages/airflow/example_dags/example_external_task_marker_dag.py
[2022-02-19 13:41:36,270] {logging_mixin.py:109} INFO - [2022-02-19 13:41:36,269] {dag.py:2396} INFO - Sync 2 DAGs
[2022-02-19 13:41:36,469] {logging_mixin.py:109} INFO - [2022-02-19 13:41:36,469] {dag.py:2935} INFO - Setting next_dagrun for example_external_task_marker_child to None
[2022-02-19 13:41:36,470] {logging_mixin.py:109} INFO - [2022-02-19 13:41:36,470] {dag.py:2935} INFO - Setting next_dagrun for example_external_task_marker_parent to None
[2022-02-19 13:41:36,509] {processor.py:171} INFO - Processing /home/airflow/.local/lib/python3.7/site-packages/airflow/example_dags/example_external_task_marker_dag.py took 11.018 seconds
[2022-02-19 13:42:06,838] {processor.py:163} INFO - Started process (PID=651) to work on /home/airflow/.local/lib/python3.7/site-packages/airflow/example_dags/example_external_task_marker_dag.py
[2022-02-19 13:42:06,901] {processor.py:642} INFO - Processing file /home/airflow/.local/lib/python3.7/site-packages/airflow/example_dags/example_external_task_marker_dag.py for tasks to queue
[2022-02-19 13:42:06,968] {logging_mixin.py:109} INFO - [2022-02-19 13:42:06,956] {dagbag.py:500} INFO - Filling up the DagBag from /home/airflow/.local/lib/python3.7/site-packages/airflow/example_dags/example_external_task_marker_dag.py
[2022-02-19 13:42:18,295] {processor.py:654} INFO - DAG(s) dict_keys(['example_external_task_marker_parent', 'example_external_task_marker_child']) retrieved from /home/airflow/.local/lib/python3.7/site-packages/airflow/example_dags/example_external_task_marker_dag.py
[2022-02-19 13:42:18,415] {logging_mixin.py:109} INFO - [2022-02-19 13:42:18,415] {dag.py:2396} INFO - Sync 2 DAGs
[2022-02-19 13:42:18,594] {logging_mixin.py:109} INFO - [2022-02-19 13:42:18,592] {dag.py:2935} INFO - Setting next_dagrun for example_external_task_marker_child to None
[2022-02-19 13:42:18,597] {logging_mixin.py:109} INFO - [2022-02-19 13:42:18,597] {dag.py:2935} INFO - Setting next_dagrun for example_external_task_marker_parent to None
[2022-02-19 13:42:18,716] {processor.py:171} INFO - Processing /home/airflow/.local/lib/python3.7/site-packages/airflow/example_dags/example_external_task_marker_dag.py took 11.952 seconds
[2022-02-19 13:43:46,364] {processor.py:163} INFO - Started process (PID=702) to work on /home/airflow/.local/lib/python3.7/site-packages/airflow/example_dags/example_external_task_marker_dag.py
[2022-02-19 13:43:46,415] {processor.py:642} INFO - Processing file /home/airflow/.local/lib/python3.7/site-packages/airflow/example_dags/example_external_task_marker_dag.py for tasks to queue
[2022-02-19 13:43:46,421] {logging_mixin.py:109} INFO - [2022-02-19 13:43:46,419] {dagbag.py:500} INFO - Filling up the DagBag from /home/airflow/.local/lib/python3.7/site-packages/airflow/example_dags/example_external_task_marker_dag.py
[2022-02-19 13:44:04,952] {processor.py:654} INFO - DAG(s) dict_keys(['example_external_task_marker_parent', 'example_external_task_marker_child']) retrieved from /home/airflow/.local/lib/python3.7/site-packages/airflow/example_dags/example_external_task_marker_dag.py
[2022-02-19 13:44:17,650] {logging_mixin.py:109} INFO - [2022-02-19 13:44:17,632] {dag.py:2396} INFO - Sync 2 DAGs
[2022-02-19 13:44:27,105] {logging_mixin.py:109} INFO - [2022-02-19 13:44:26,741] {dag.py:2935} INFO - Setting next_dagrun for example_external_task_marker_child to None
[2022-02-19 13:44:27,118] {logging_mixin.py:109} INFO - [2022-02-19 13:44:27,118] {dag.py:2935} INFO - Setting next_dagrun for example_external_task_marker_parent to None
[2022-02-19 13:44:27,974] {processor.py:171} INFO - Processing /home/airflow/.local/lib/python3.7/site-packages/airflow/example_dags/example_external_task_marker_dag.py took 43.287 seconds
[2022-02-19 13:52:56,206] {processor.py:163} INFO - Started process (PID=39) to work on /home/airflow/.local/lib/python3.7/site-packages/airflow/example_dags/example_external_task_marker_dag.py
[2022-02-19 13:52:56,209] {processor.py:642} INFO - Processing file /home/airflow/.local/lib/python3.7/site-packages/airflow/example_dags/example_external_task_marker_dag.py for tasks to queue
[2022-02-19 13:52:56,211] {logging_mixin.py:109} INFO - [2022-02-19 13:52:56,211] {dagbag.py:500} INFO - Filling up the DagBag from /home/airflow/.local/lib/python3.7/site-packages/airflow/example_dags/example_external_task_marker_dag.py
[2022-02-19 13:52:56,296] {processor.py:654} INFO - DAG(s) dict_keys(['example_external_task_marker_parent', 'example_external_task_marker_child']) retrieved from /home/airflow/.local/lib/python3.7/site-packages/airflow/example_dags/example_external_task_marker_dag.py
[2022-02-19 13:52:56,348] {logging_mixin.py:109} INFO - [2022-02-19 13:52:56,347] {dag.py:2396} INFO - Sync 2 DAGs
[2022-02-19 13:52:56,400] {logging_mixin.py:109} INFO - [2022-02-19 13:52:56,400] {dag.py:2935} INFO - Setting next_dagrun for example_external_task_marker_child to None
[2022-02-19 13:52:56,403] {logging_mixin.py:109} INFO - [2022-02-19 13:52:56,403] {dag.py:2935} INFO - Setting next_dagrun for example_external_task_marker_parent to None
[2022-02-19 13:52:56,435] {processor.py:171} INFO - Processing /home/airflow/.local/lib/python3.7/site-packages/airflow/example_dags/example_external_task_marker_dag.py took 0.232 seconds
[2022-02-19 13:53:26,521] {processor.py:163} INFO - Started process (PID=79) to work on /home/airflow/.local/lib/python3.7/site-packages/airflow/example_dags/example_external_task_marker_dag.py
[2022-02-19 13:53:26,528] {processor.py:642} INFO - Processing file /home/airflow/.local/lib/python3.7/site-packages/airflow/example_dags/example_external_task_marker_dag.py for tasks to queue
[2022-02-19 13:53:26,532] {logging_mixin.py:109} INFO - [2022-02-19 13:53:26,532] {dagbag.py:500} INFO - Filling up the DagBag from /home/airflow/.local/lib/python3.7/site-packages/airflow/example_dags/example_external_task_marker_dag.py
[2022-02-19 13:53:26,601] {processor.py:654} INFO - DAG(s) dict_keys(['example_external_task_marker_parent', 'example_external_task_marker_child']) retrieved from /home/airflow/.local/lib/python3.7/site-packages/airflow/example_dags/example_external_task_marker_dag.py
[2022-02-19 13:53:26,638] {logging_mixin.py:109} INFO - [2022-02-19 13:53:26,638] {dag.py:2396} INFO - Sync 2 DAGs
[2022-02-19 13:53:26,683] {logging_mixin.py:109} INFO - [2022-02-19 13:53:26,682] {dag.py:2935} INFO - Setting next_dagrun for example_external_task_marker_child to None
[2022-02-19 13:53:26,687] {logging_mixin.py:109} INFO - [2022-02-19 13:53:26,687] {dag.py:2935} INFO - Setting next_dagrun for example_external_task_marker_parent to None
[2022-02-19 13:53:26,708] {processor.py:171} INFO - Processing /home/airflow/.local/lib/python3.7/site-packages/airflow/example_dags/example_external_task_marker_dag.py took 0.190 seconds
[2022-02-19 13:54:09,870] {processor.py:163} INFO - Started process (PID=118) to work on /home/airflow/.local/lib/python3.7/site-packages/airflow/example_dags/example_external_task_marker_dag.py
[2022-02-19 13:54:09,933] {processor.py:642} INFO - Processing file /home/airflow/.local/lib/python3.7/site-packages/airflow/example_dags/example_external_task_marker_dag.py for tasks to queue
[2022-02-19 13:54:09,946] {logging_mixin.py:109} INFO - [2022-02-19 13:54:09,943] {dagbag.py:500} INFO - Filling up the DagBag from /home/airflow/.local/lib/python3.7/site-packages/airflow/example_dags/example_external_task_marker_dag.py
[2022-02-19 13:54:24,941] {processor.py:654} INFO - DAG(s) dict_keys(['example_external_task_marker_parent', 'example_external_task_marker_child']) retrieved from /home/airflow/.local/lib/python3.7/site-packages/airflow/example_dags/example_external_task_marker_dag.py
[2022-02-19 13:54:25,143] {logging_mixin.py:109} INFO - [2022-02-19 13:54:25,141] {dag.py:2396} INFO - Sync 2 DAGs
[2022-02-19 13:54:25,328] {logging_mixin.py:109} INFO - [2022-02-19 13:54:25,326] {dag.py:2935} INFO - Setting next_dagrun for example_external_task_marker_child to None
[2022-02-19 13:54:25,331] {logging_mixin.py:109} INFO - [2022-02-19 13:54:25,331] {dag.py:2935} INFO - Setting next_dagrun for example_external_task_marker_parent to None
[2022-02-19 13:54:25,632] {processor.py:171} INFO - Processing /home/airflow/.local/lib/python3.7/site-packages/airflow/example_dags/example_external_task_marker_dag.py took 14.984 seconds
[2022-02-19 13:56:47,457] {processor.py:163} INFO - Started process (PID=195) to work on /home/airflow/.local/lib/python3.7/site-packages/airflow/example_dags/example_external_task_marker_dag.py
[2022-02-19 13:56:47,573] {processor.py:642} INFO - Processing file /home/airflow/.local/lib/python3.7/site-packages/airflow/example_dags/example_external_task_marker_dag.py for tasks to queue
[2022-02-19 13:56:47,618] {logging_mixin.py:109} INFO - [2022-02-19 13:56:47,605] {dagbag.py:500} INFO - Filling up the DagBag from /home/airflow/.local/lib/python3.7/site-packages/airflow/example_dags/example_external_task_marker_dag.py
[2022-02-19 13:57:37,109] {processor.py:163} INFO - Started process (PID=39) to work on /home/airflow/.local/lib/python3.7/site-packages/airflow/example_dags/example_external_task_marker_dag.py
[2022-02-19 13:57:37,119] {processor.py:642} INFO - Processing file /home/airflow/.local/lib/python3.7/site-packages/airflow/example_dags/example_external_task_marker_dag.py for tasks to queue
[2022-02-19 13:57:37,122] {logging_mixin.py:109} INFO - [2022-02-19 13:57:37,122] {dagbag.py:500} INFO - Filling up the DagBag from /home/airflow/.local/lib/python3.7/site-packages/airflow/example_dags/example_external_task_marker_dag.py
[2022-02-19 13:57:37,319] {processor.py:654} INFO - DAG(s) dict_keys(['example_external_task_marker_parent', 'example_external_task_marker_child']) retrieved from /home/airflow/.local/lib/python3.7/site-packages/airflow/example_dags/example_external_task_marker_dag.py
[2022-02-19 13:57:37,350] {logging_mixin.py:109} INFO - [2022-02-19 13:57:37,350] {dag.py:2396} INFO - Sync 2 DAGs
[2022-02-19 13:57:37,391] {logging_mixin.py:109} INFO - [2022-02-19 13:57:37,390] {dag.py:2935} INFO - Setting next_dagrun for example_external_task_marker_child to None
[2022-02-19 13:57:37,392] {logging_mixin.py:109} INFO - [2022-02-19 13:57:37,392] {dag.py:2935} INFO - Setting next_dagrun for example_external_task_marker_parent to None
[2022-02-19 13:57:37,441] {processor.py:171} INFO - Processing /home/airflow/.local/lib/python3.7/site-packages/airflow/example_dags/example_external_task_marker_dag.py took 0.337 seconds
[2022-02-19 14:00:47,992] {processor.py:163} INFO - Started process (PID=142) to work on /home/airflow/.local/lib/python3.7/site-packages/airflow/example_dags/example_external_task_marker_dag.py
[2022-02-19 14:00:48,009] {processor.py:642} INFO - Processing file /home/airflow/.local/lib/python3.7/site-packages/airflow/example_dags/example_external_task_marker_dag.py for tasks to queue
[2022-02-19 14:00:48,019] {logging_mixin.py:109} INFO - [2022-02-19 14:00:48,018] {dagbag.py:500} INFO - Filling up the DagBag from /home/airflow/.local/lib/python3.7/site-packages/airflow/example_dags/example_external_task_marker_dag.py
[2022-02-19 14:00:49,730] {processor.py:654} INFO - DAG(s) dict_keys(['example_external_task_marker_parent', 'example_external_task_marker_child']) retrieved from /home/airflow/.local/lib/python3.7/site-packages/airflow/example_dags/example_external_task_marker_dag.py
[2022-02-19 14:00:50,649] {logging_mixin.py:109} INFO - [2022-02-19 14:00:50,262] {dag.py:2396} INFO - Sync 2 DAGs
[2022-02-19 14:00:50,811] {logging_mixin.py:109} INFO - [2022-02-19 14:00:50,811] {dag.py:2935} INFO - Setting next_dagrun for example_external_task_marker_child to None
[2022-02-19 14:00:50,816] {logging_mixin.py:109} INFO - [2022-02-19 14:00:50,816] {dag.py:2935} INFO - Setting next_dagrun for example_external_task_marker_parent to None
[2022-02-19 14:00:51,145] {processor.py:171} INFO - Processing /home/airflow/.local/lib/python3.7/site-packages/airflow/example_dags/example_external_task_marker_dag.py took 3.161 seconds
[2022-02-19 14:01:41,088] {processor.py:163} INFO - Started process (PID=207) to work on /home/airflow/.local/lib/python3.7/site-packages/airflow/example_dags/example_external_task_marker_dag.py
[2022-02-19 14:01:41,094] {processor.py:642} INFO - Processing file /home/airflow/.local/lib/python3.7/site-packages/airflow/example_dags/example_external_task_marker_dag.py for tasks to queue
[2022-02-19 14:01:41,099] {logging_mixin.py:109} INFO - [2022-02-19 14:01:41,098] {dagbag.py:500} INFO - Filling up the DagBag from /home/airflow/.local/lib/python3.7/site-packages/airflow/example_dags/example_external_task_marker_dag.py
[2022-02-19 14:01:41,299] {processor.py:654} INFO - DAG(s) dict_keys(['example_external_task_marker_parent', 'example_external_task_marker_child']) retrieved from /home/airflow/.local/lib/python3.7/site-packages/airflow/example_dags/example_external_task_marker_dag.py
[2022-02-19 14:01:41,503] {logging_mixin.py:109} INFO - [2022-02-19 14:01:41,503] {dag.py:2396} INFO - Sync 2 DAGs
[2022-02-19 14:01:41,536] {logging_mixin.py:109} INFO - [2022-02-19 14:01:41,536] {dag.py:2935} INFO - Setting next_dagrun for example_external_task_marker_child to None
[2022-02-19 14:01:41,547] {logging_mixin.py:109} INFO - [2022-02-19 14:01:41,538] {dag.py:2935} INFO - Setting next_dagrun for example_external_task_marker_parent to None
[2022-02-19 14:01:41,562] {processor.py:171} INFO - Processing /home/airflow/.local/lib/python3.7/site-packages/airflow/example_dags/example_external_task_marker_dag.py took 0.496 seconds
[2022-02-19 14:02:11,700] {processor.py:163} INFO - Started process (PID=263) to work on /home/airflow/.local/lib/python3.7/site-packages/airflow/example_dags/example_external_task_marker_dag.py
[2022-02-19 14:02:11,705] {processor.py:642} INFO - Processing file /home/airflow/.local/lib/python3.7/site-packages/airflow/example_dags/example_external_task_marker_dag.py for tasks to queue
[2022-02-19 14:02:11,710] {logging_mixin.py:109} INFO - [2022-02-19 14:02:11,709] {dagbag.py:500} INFO - Filling up the DagBag from /home/airflow/.local/lib/python3.7/site-packages/airflow/example_dags/example_external_task_marker_dag.py
[2022-02-19 14:02:11,836] {processor.py:654} INFO - DAG(s) dict_keys(['example_external_task_marker_parent', 'example_external_task_marker_child']) retrieved from /home/airflow/.local/lib/python3.7/site-packages/airflow/example_dags/example_external_task_marker_dag.py
[2022-02-19 14:02:11,912] {logging_mixin.py:109} INFO - [2022-02-19 14:02:11,911] {dag.py:2396} INFO - Sync 2 DAGs
[2022-02-19 14:02:11,935] {logging_mixin.py:109} INFO - [2022-02-19 14:02:11,935] {dag.py:2935} INFO - Setting next_dagrun for example_external_task_marker_child to None
[2022-02-19 14:02:11,936] {logging_mixin.py:109} INFO - [2022-02-19 14:02:11,936] {dag.py:2935} INFO - Setting next_dagrun for example_external_task_marker_parent to None
[2022-02-19 14:02:11,955] {processor.py:171} INFO - Processing /home/airflow/.local/lib/python3.7/site-packages/airflow/example_dags/example_external_task_marker_dag.py took 0.279 seconds
[2022-02-19 14:03:16,216] {processor.py:163} INFO - Started process (PID=300) to work on /home/airflow/.local/lib/python3.7/site-packages/airflow/example_dags/example_external_task_marker_dag.py
[2022-02-19 14:03:16,235] {processor.py:642} INFO - Processing file /home/airflow/.local/lib/python3.7/site-packages/airflow/example_dags/example_external_task_marker_dag.py for tasks to queue
[2022-02-19 14:03:16,251] {logging_mixin.py:109} INFO - [2022-02-19 14:03:16,251] {dagbag.py:500} INFO - Filling up the DagBag from /home/airflow/.local/lib/python3.7/site-packages/airflow/example_dags/example_external_task_marker_dag.py
[2022-02-19 14:03:16,671] {processor.py:654} INFO - DAG(s) dict_keys(['example_external_task_marker_parent', 'example_external_task_marker_child']) retrieved from /home/airflow/.local/lib/python3.7/site-packages/airflow/example_dags/example_external_task_marker_dag.py
[2022-02-19 14:03:16,891] {logging_mixin.py:109} INFO - [2022-02-19 14:03:16,891] {dag.py:2396} INFO - Sync 2 DAGs
[2022-02-19 14:03:17,125] {logging_mixin.py:109} INFO - [2022-02-19 14:03:17,125] {dag.py:2935} INFO - Setting next_dagrun for example_external_task_marker_child to None
[2022-02-19 14:03:17,133] {logging_mixin.py:109} INFO - [2022-02-19 14:03:17,132] {dag.py:2935} INFO - Setting next_dagrun for example_external_task_marker_parent to None
[2022-02-19 14:03:17,342] {processor.py:171} INFO - Processing /home/airflow/.local/lib/python3.7/site-packages/airflow/example_dags/example_external_task_marker_dag.py took 1.177 seconds
[2022-02-19 14:05:27,173] {processor.py:163} INFO - Started process (PID=354) to work on /home/airflow/.local/lib/python3.7/site-packages/airflow/example_dags/example_external_task_marker_dag.py
[2022-02-19 14:05:27,211] {processor.py:642} INFO - Processing file /home/airflow/.local/lib/python3.7/site-packages/airflow/example_dags/example_external_task_marker_dag.py for tasks to queue
[2022-02-19 14:05:27,321] {logging_mixin.py:109} INFO - [2022-02-19 14:05:27,295] {dagbag.py:500} INFO - Filling up the DagBag from /home/airflow/.local/lib/python3.7/site-packages/airflow/example_dags/example_external_task_marker_dag.py
[2022-02-19 14:05:30,193] {processor.py:654} INFO - DAG(s) dict_keys(['example_external_task_marker_parent', 'example_external_task_marker_child']) retrieved from /home/airflow/.local/lib/python3.7/site-packages/airflow/example_dags/example_external_task_marker_dag.py
[2022-02-19 14:05:31,244] {logging_mixin.py:109} INFO - [2022-02-19 14:05:31,243] {dag.py:2396} INFO - Sync 2 DAGs
[2022-02-19 14:05:31,371] {logging_mixin.py:109} INFO - [2022-02-19 14:05:31,371] {dag.py:2935} INFO - Setting next_dagrun for example_external_task_marker_child to None
[2022-02-19 14:05:31,374] {logging_mixin.py:109} INFO - [2022-02-19 14:05:31,374] {dag.py:2935} INFO - Setting next_dagrun for example_external_task_marker_parent to None
[2022-02-19 14:05:31,485] {processor.py:171} INFO - Processing /home/airflow/.local/lib/python3.7/site-packages/airflow/example_dags/example_external_task_marker_dag.py took 4.389 seconds
[2022-02-19 14:06:48,695] {processor.py:163} INFO - Started process (PID=40) to work on /home/airflow/.local/lib/python3.7/site-packages/airflow/example_dags/example_external_task_marker_dag.py
[2022-02-19 14:06:48,704] {processor.py:642} INFO - Processing file /home/airflow/.local/lib/python3.7/site-packages/airflow/example_dags/example_external_task_marker_dag.py for tasks to queue
[2022-02-19 14:06:48,708] {logging_mixin.py:109} INFO - [2022-02-19 14:06:48,708] {dagbag.py:500} INFO - Filling up the DagBag from /home/airflow/.local/lib/python3.7/site-packages/airflow/example_dags/example_external_task_marker_dag.py
[2022-02-19 14:06:48,887] {processor.py:654} INFO - DAG(s) dict_keys(['example_external_task_marker_parent', 'example_external_task_marker_child']) retrieved from /home/airflow/.local/lib/python3.7/site-packages/airflow/example_dags/example_external_task_marker_dag.py
[2022-02-19 14:06:48,944] {logging_mixin.py:109} INFO - [2022-02-19 14:06:48,941] {dag.py:2396} INFO - Sync 2 DAGs
[2022-02-19 14:06:48,986] {logging_mixin.py:109} INFO - [2022-02-19 14:06:48,986] {dag.py:2935} INFO - Setting next_dagrun for example_external_task_marker_child to None
[2022-02-19 14:06:48,988] {logging_mixin.py:109} INFO - [2022-02-19 14:06:48,988] {dag.py:2935} INFO - Setting next_dagrun for example_external_task_marker_parent to None
[2022-02-19 14:06:49,373] {processor.py:171} INFO - Processing /home/airflow/.local/lib/python3.7/site-packages/airflow/example_dags/example_external_task_marker_dag.py took 0.682 seconds
[2022-02-19 14:08:10,402] {processor.py:163} INFO - Started process (PID=111) to work on /home/airflow/.local/lib/python3.7/site-packages/airflow/example_dags/example_external_task_marker_dag.py
[2022-02-19 14:08:10,414] {processor.py:642} INFO - Processing file /home/airflow/.local/lib/python3.7/site-packages/airflow/example_dags/example_external_task_marker_dag.py for tasks to queue
[2022-02-19 14:08:10,437] {logging_mixin.py:109} INFO - [2022-02-19 14:08:10,424] {dagbag.py:500} INFO - Filling up the DagBag from /home/airflow/.local/lib/python3.7/site-packages/airflow/example_dags/example_external_task_marker_dag.py
[2022-02-19 14:08:18,386] {processor.py:654} INFO - DAG(s) dict_keys(['example_external_task_marker_parent', 'example_external_task_marker_child']) retrieved from /home/airflow/.local/lib/python3.7/site-packages/airflow/example_dags/example_external_task_marker_dag.py
[2022-02-19 14:08:21,091] {logging_mixin.py:109} INFO - [2022-02-19 14:08:21,089] {dag.py:2396} INFO - Sync 2 DAGs
[2022-02-19 14:08:21,602] {logging_mixin.py:109} INFO - [2022-02-19 14:08:21,601] {dag.py:2935} INFO - Setting next_dagrun for example_external_task_marker_child to None
[2022-02-19 14:08:21,604] {logging_mixin.py:109} INFO - [2022-02-19 14:08:21,604] {dag.py:2935} INFO - Setting next_dagrun for example_external_task_marker_parent to None
[2022-02-19 14:08:21,782] {processor.py:171} INFO - Processing /home/airflow/.local/lib/python3.7/site-packages/airflow/example_dags/example_external_task_marker_dag.py took 11.608 seconds
[2022-02-19 14:09:51,838] {processor.py:163} INFO - Started process (PID=152) to work on /home/airflow/.local/lib/python3.7/site-packages/airflow/example_dags/example_external_task_marker_dag.py
[2022-02-19 14:09:51,902] {processor.py:642} INFO - Processing file /home/airflow/.local/lib/python3.7/site-packages/airflow/example_dags/example_external_task_marker_dag.py for tasks to queue
[2022-02-19 14:09:52,048] {logging_mixin.py:109} INFO - [2022-02-19 14:09:52,048] {dagbag.py:500} INFO - Filling up the DagBag from /home/airflow/.local/lib/python3.7/site-packages/airflow/example_dags/example_external_task_marker_dag.py
[2022-02-19 14:10:01,109] {processor.py:654} INFO - DAG(s) dict_keys(['example_external_task_marker_parent', 'example_external_task_marker_child']) retrieved from /home/airflow/.local/lib/python3.7/site-packages/airflow/example_dags/example_external_task_marker_dag.py
[2022-02-19 14:10:04,830] {logging_mixin.py:109} INFO - [2022-02-19 14:10:04,824] {dag.py:2396} INFO - Sync 2 DAGs
[2022-02-19 14:10:09,143] {logging_mixin.py:109} INFO - [2022-02-19 14:10:08,873] {dag.py:2935} INFO - Setting next_dagrun for example_external_task_marker_child to None
[2022-02-19 14:10:09,151] {logging_mixin.py:109} INFO - [2022-02-19 14:10:09,151] {dag.py:2935} INFO - Setting next_dagrun for example_external_task_marker_parent to None
[2022-02-19 14:10:09,312] {processor.py:171} INFO - Processing /home/airflow/.local/lib/python3.7/site-packages/airflow/example_dags/example_external_task_marker_dag.py took 18.553 seconds
[2022-02-19 14:10:46,252] {processor.py:163} INFO - Started process (PID=198) to work on /home/airflow/.local/lib/python3.7/site-packages/airflow/example_dags/example_external_task_marker_dag.py
[2022-02-19 14:10:46,262] {processor.py:642} INFO - Processing file /home/airflow/.local/lib/python3.7/site-packages/airflow/example_dags/example_external_task_marker_dag.py for tasks to queue
[2022-02-19 14:10:46,272] {logging_mixin.py:109} INFO - [2022-02-19 14:10:46,265] {dagbag.py:500} INFO - Filling up the DagBag from /home/airflow/.local/lib/python3.7/site-packages/airflow/example_dags/example_external_task_marker_dag.py
[2022-02-19 14:10:53,102] {processor.py:654} INFO - DAG(s) dict_keys(['example_external_task_marker_parent', 'example_external_task_marker_child']) retrieved from /home/airflow/.local/lib/python3.7/site-packages/airflow/example_dags/example_external_task_marker_dag.py
[2022-02-19 14:10:54,073] {logging_mixin.py:109} INFO - [2022-02-19 14:10:54,070] {dag.py:2396} INFO - Sync 2 DAGs
[2022-02-19 14:10:54,160] {logging_mixin.py:109} INFO - [2022-02-19 14:10:54,160] {dag.py:2935} INFO - Setting next_dagrun for example_external_task_marker_child to None
[2022-02-19 14:10:54,176] {logging_mixin.py:109} INFO - [2022-02-19 14:10:54,176] {dag.py:2935} INFO - Setting next_dagrun for example_external_task_marker_parent to None
[2022-02-19 14:10:54,240] {processor.py:171} INFO - Processing /home/airflow/.local/lib/python3.7/site-packages/airflow/example_dags/example_external_task_marker_dag.py took 9.091 seconds
[2022-02-19 14:15:08,174] {processor.py:163} INFO - Started process (PID=125) to work on /home/airflow/.local/lib/python3.7/site-packages/airflow/example_dags/example_external_task_marker_dag.py
[2022-02-19 14:15:08,200] {processor.py:642} INFO - Processing file /home/airflow/.local/lib/python3.7/site-packages/airflow/example_dags/example_external_task_marker_dag.py for tasks to queue
[2022-02-19 14:15:08,208] {logging_mixin.py:109} INFO - [2022-02-19 14:15:08,205] {dagbag.py:500} INFO - Filling up the DagBag from /home/airflow/.local/lib/python3.7/site-packages/airflow/example_dags/example_external_task_marker_dag.py
[2022-02-19 14:15:08,903] {processor.py:654} INFO - DAG(s) dict_keys(['example_external_task_marker_parent', 'example_external_task_marker_child']) retrieved from /home/airflow/.local/lib/python3.7/site-packages/airflow/example_dags/example_external_task_marker_dag.py
[2022-02-19 14:15:08,950] {logging_mixin.py:109} INFO - [2022-02-19 14:15:08,950] {dag.py:2396} INFO - Sync 2 DAGs
[2022-02-19 14:15:09,022] {logging_mixin.py:109} INFO - [2022-02-19 14:15:09,021] {dag.py:2935} INFO - Setting next_dagrun for example_external_task_marker_child to None
[2022-02-19 14:15:09,023] {logging_mixin.py:109} INFO - [2022-02-19 14:15:09,023] {dag.py:2935} INFO - Setting next_dagrun for example_external_task_marker_parent to None
[2022-02-19 14:15:09,106] {processor.py:171} INFO - Processing /home/airflow/.local/lib/python3.7/site-packages/airflow/example_dags/example_external_task_marker_dag.py took 0.984 seconds
[2022-02-19 14:15:58,351] {processor.py:163} INFO - Started process (PID=167) to work on /home/airflow/.local/lib/python3.7/site-packages/airflow/example_dags/example_external_task_marker_dag.py
[2022-02-19 14:15:58,369] {processor.py:642} INFO - Processing file /home/airflow/.local/lib/python3.7/site-packages/airflow/example_dags/example_external_task_marker_dag.py for tasks to queue
[2022-02-19 14:15:58,381] {logging_mixin.py:109} INFO - [2022-02-19 14:15:58,378] {dagbag.py:500} INFO - Filling up the DagBag from /home/airflow/.local/lib/python3.7/site-packages/airflow/example_dags/example_external_task_marker_dag.py
[2022-02-19 14:15:58,544] {processor.py:654} INFO - DAG(s) dict_keys(['example_external_task_marker_parent', 'example_external_task_marker_child']) retrieved from /home/airflow/.local/lib/python3.7/site-packages/airflow/example_dags/example_external_task_marker_dag.py
[2022-02-19 14:15:58,624] {logging_mixin.py:109} INFO - [2022-02-19 14:15:58,624] {dag.py:2396} INFO - Sync 2 DAGs
[2022-02-19 14:15:58,704] {logging_mixin.py:109} INFO - [2022-02-19 14:15:58,704] {dag.py:2935} INFO - Setting next_dagrun for example_external_task_marker_child to None
[2022-02-19 14:15:58,706] {logging_mixin.py:109} INFO - [2022-02-19 14:15:58,706] {dag.py:2935} INFO - Setting next_dagrun for example_external_task_marker_parent to None
[2022-02-19 14:15:58,760] {processor.py:171} INFO - Processing /home/airflow/.local/lib/python3.7/site-packages/airflow/example_dags/example_external_task_marker_dag.py took 0.428 seconds
[2022-02-19 14:16:46,009] {processor.py:163} INFO - Started process (PID=211) to work on /home/airflow/.local/lib/python3.7/site-packages/airflow/example_dags/example_external_task_marker_dag.py
[2022-02-19 14:16:46,025] {processor.py:642} INFO - Processing file /home/airflow/.local/lib/python3.7/site-packages/airflow/example_dags/example_external_task_marker_dag.py for tasks to queue
[2022-02-19 14:16:46,029] {logging_mixin.py:109} INFO - [2022-02-19 14:16:46,029] {dagbag.py:500} INFO - Filling up the DagBag from /home/airflow/.local/lib/python3.7/site-packages/airflow/example_dags/example_external_task_marker_dag.py
[2022-02-19 14:16:46,346] {processor.py:654} INFO - DAG(s) dict_keys(['example_external_task_marker_parent', 'example_external_task_marker_child']) retrieved from /home/airflow/.local/lib/python3.7/site-packages/airflow/example_dags/example_external_task_marker_dag.py
[2022-02-19 14:16:46,491] {logging_mixin.py:109} INFO - [2022-02-19 14:16:46,486] {dag.py:2396} INFO - Sync 2 DAGs
[2022-02-19 14:16:49,235] {logging_mixin.py:109} INFO - [2022-02-19 14:16:49,219] {dag.py:2935} INFO - Setting next_dagrun for example_external_task_marker_child to None
[2022-02-19 14:16:49,237] {logging_mixin.py:109} INFO - [2022-02-19 14:16:49,237] {dag.py:2935} INFO - Setting next_dagrun for example_external_task_marker_parent to None
[2022-02-19 14:16:51,470] {processor.py:171} INFO - Processing /home/airflow/.local/lib/python3.7/site-packages/airflow/example_dags/example_external_task_marker_dag.py took 5.465 seconds
[2022-02-19 14:18:09,801] {processor.py:163} INFO - Started process (PID=249) to work on /home/airflow/.local/lib/python3.7/site-packages/airflow/example_dags/example_external_task_marker_dag.py
[2022-02-19 14:18:11,332] {processor.py:642} INFO - Processing file /home/airflow/.local/lib/python3.7/site-packages/airflow/example_dags/example_external_task_marker_dag.py for tasks to queue
[2022-02-19 14:18:11,347] {logging_mixin.py:109} INFO - [2022-02-19 14:18:11,345] {dagbag.py:500} INFO - Filling up the DagBag from /home/airflow/.local/lib/python3.7/site-packages/airflow/example_dags/example_external_task_marker_dag.py
[2022-02-19 14:18:21,432] {processor.py:654} INFO - DAG(s) dict_keys(['example_external_task_marker_parent', 'example_external_task_marker_child']) retrieved from /home/airflow/.local/lib/python3.7/site-packages/airflow/example_dags/example_external_task_marker_dag.py
[2022-02-19 14:18:22,049] {logging_mixin.py:109} INFO - [2022-02-19 14:18:22,039] {dag.py:2396} INFO - Sync 2 DAGs
[2022-02-19 14:18:27,577] {logging_mixin.py:109} INFO - [2022-02-19 14:18:27,544] {dag.py:2935} INFO - Setting next_dagrun for example_external_task_marker_child to None
[2022-02-19 14:18:27,597] {logging_mixin.py:109} INFO - [2022-02-19 14:18:27,597] {dag.py:2935} INFO - Setting next_dagrun for example_external_task_marker_parent to None
[2022-02-19 14:18:31,621] {processor.py:171} INFO - Processing /home/airflow/.local/lib/python3.7/site-packages/airflow/example_dags/example_external_task_marker_dag.py took 23.071 seconds
[2022-02-19 14:20:06,077] {processor.py:163} INFO - Started process (PID=301) to work on /home/airflow/.local/lib/python3.7/site-packages/airflow/example_dags/example_external_task_marker_dag.py
[2022-02-19 14:20:06,092] {processor.py:642} INFO - Processing file /home/airflow/.local/lib/python3.7/site-packages/airflow/example_dags/example_external_task_marker_dag.py for tasks to queue
[2022-02-19 14:20:06,109] {logging_mixin.py:109} INFO - [2022-02-19 14:20:06,108] {dagbag.py:500} INFO - Filling up the DagBag from /home/airflow/.local/lib/python3.7/site-packages/airflow/example_dags/example_external_task_marker_dag.py
[2022-02-19 14:20:49,010] {processor.py:163} INFO - Started process (PID=40) to work on /home/airflow/.local/lib/python3.7/site-packages/airflow/example_dags/example_external_task_marker_dag.py
[2022-02-19 14:20:49,016] {processor.py:642} INFO - Processing file /home/airflow/.local/lib/python3.7/site-packages/airflow/example_dags/example_external_task_marker_dag.py for tasks to queue
[2022-02-19 14:20:49,019] {logging_mixin.py:109} INFO - [2022-02-19 14:20:49,019] {dagbag.py:500} INFO - Filling up the DagBag from /home/airflow/.local/lib/python3.7/site-packages/airflow/example_dags/example_external_task_marker_dag.py
[2022-02-19 14:20:49,128] {processor.py:654} INFO - DAG(s) dict_keys(['example_external_task_marker_parent', 'example_external_task_marker_child']) retrieved from /home/airflow/.local/lib/python3.7/site-packages/airflow/example_dags/example_external_task_marker_dag.py
[2022-02-19 14:20:49,189] {logging_mixin.py:109} INFO - [2022-02-19 14:20:49,188] {dag.py:2396} INFO - Sync 2 DAGs
[2022-02-19 14:20:49,226] {logging_mixin.py:109} INFO - [2022-02-19 14:20:49,225] {dag.py:2935} INFO - Setting next_dagrun for example_external_task_marker_child to None
[2022-02-19 14:20:49,244] {logging_mixin.py:109} INFO - [2022-02-19 14:20:49,244] {dag.py:2935} INFO - Setting next_dagrun for example_external_task_marker_parent to None
[2022-02-19 14:20:49,296] {processor.py:171} INFO - Processing /home/airflow/.local/lib/python3.7/site-packages/airflow/example_dags/example_external_task_marker_dag.py took 0.296 seconds
[2022-02-19 14:22:10,685] {processor.py:163} INFO - Started process (PID=100) to work on /home/airflow/.local/lib/python3.7/site-packages/airflow/example_dags/example_external_task_marker_dag.py
[2022-02-19 14:22:10,693] {processor.py:642} INFO - Processing file /home/airflow/.local/lib/python3.7/site-packages/airflow/example_dags/example_external_task_marker_dag.py for tasks to queue
[2022-02-19 14:22:10,704] {logging_mixin.py:109} INFO - [2022-02-19 14:22:10,703] {dagbag.py:500} INFO - Filling up the DagBag from /home/airflow/.local/lib/python3.7/site-packages/airflow/example_dags/example_external_task_marker_dag.py
[2022-02-19 14:22:10,934] {processor.py:654} INFO - DAG(s) dict_keys(['example_external_task_marker_parent', 'example_external_task_marker_child']) retrieved from /home/airflow/.local/lib/python3.7/site-packages/airflow/example_dags/example_external_task_marker_dag.py
[2022-02-19 14:22:11,070] {logging_mixin.py:109} INFO - [2022-02-19 14:22:11,070] {dag.py:2396} INFO - Sync 2 DAGs
[2022-02-19 14:22:11,258] {logging_mixin.py:109} INFO - [2022-02-19 14:22:11,258] {dag.py:2935} INFO - Setting next_dagrun for example_external_task_marker_child to None
[2022-02-19 14:22:11,268] {logging_mixin.py:109} INFO - [2022-02-19 14:22:11,268] {dag.py:2935} INFO - Setting next_dagrun for example_external_task_marker_parent to None
[2022-02-19 14:22:11,379] {processor.py:171} INFO - Processing /home/airflow/.local/lib/python3.7/site-packages/airflow/example_dags/example_external_task_marker_dag.py took 0.718 seconds
[2022-02-19 14:22:44,630] {processor.py:163} INFO - Started process (PID=152) to work on /home/airflow/.local/lib/python3.7/site-packages/airflow/example_dags/example_external_task_marker_dag.py
[2022-02-19 14:22:44,671] {processor.py:642} INFO - Processing file /home/airflow/.local/lib/python3.7/site-packages/airflow/example_dags/example_external_task_marker_dag.py for tasks to queue
[2022-02-19 14:22:44,683] {logging_mixin.py:109} INFO - [2022-02-19 14:22:44,682] {dagbag.py:500} INFO - Filling up the DagBag from /home/airflow/.local/lib/python3.7/site-packages/airflow/example_dags/example_external_task_marker_dag.py
[2022-02-19 14:22:44,959] {processor.py:654} INFO - DAG(s) dict_keys(['example_external_task_marker_parent', 'example_external_task_marker_child']) retrieved from /home/airflow/.local/lib/python3.7/site-packages/airflow/example_dags/example_external_task_marker_dag.py
[2022-02-19 14:22:45,084] {logging_mixin.py:109} INFO - [2022-02-19 14:22:45,082] {dag.py:2396} INFO - Sync 2 DAGs
[2022-02-19 14:22:45,201] {logging_mixin.py:109} INFO - [2022-02-19 14:22:45,201] {dag.py:2935} INFO - Setting next_dagrun for example_external_task_marker_child to None
[2022-02-19 14:22:45,204] {logging_mixin.py:109} INFO - [2022-02-19 14:22:45,203] {dag.py:2935} INFO - Setting next_dagrun for example_external_task_marker_parent to None
[2022-02-19 14:22:45,896] {processor.py:171} INFO - Processing /home/airflow/.local/lib/python3.7/site-packages/airflow/example_dags/example_external_task_marker_dag.py took 1.519 seconds
[2022-02-19 14:24:44,399] {processor.py:163} INFO - Started process (PID=209) to work on /home/airflow/.local/lib/python3.7/site-packages/airflow/example_dags/example_external_task_marker_dag.py
[2022-02-19 14:24:44,421] {processor.py:642} INFO - Processing file /home/airflow/.local/lib/python3.7/site-packages/airflow/example_dags/example_external_task_marker_dag.py for tasks to queue
[2022-02-19 14:24:44,432] {logging_mixin.py:109} INFO - [2022-02-19 14:24:44,431] {dagbag.py:500} INFO - Filling up the DagBag from /home/airflow/.local/lib/python3.7/site-packages/airflow/example_dags/example_external_task_marker_dag.py
[2022-02-19 14:25:14,832] {logging_mixin.py:109} INFO - [2022-02-19 14:25:14,698] {timeout.py:36} ERROR - Process timed out, PID: 209
[2022-02-19 14:25:15,468] {logging_mixin.py:109} INFO - [2022-02-19 14:25:14,965] {dagbag.py:334} ERROR - Failed to import: /home/airflow/.local/lib/python3.7/site-packages/airflow/example_dags/example_external_task_marker_dag.py
Traceback (most recent call last):
  File "/home/airflow/.local/lib/python3.7/site-packages/airflow/models/dagbag.py", line 331, in _load_modules_from_file
    loader.exec_module(new_module)
  File "<frozen importlib._bootstrap_external>", line 728, in exec_module
  File "<frozen importlib._bootstrap>", line 219, in _call_with_frames_removed
  File "/home/airflow/.local/lib/python3.7/site-packages/airflow/example_dags/example_external_task_marker_dag.py", line 76, in <module>
    mode="reschedule",
  File "/home/airflow/.local/lib/python3.7/site-packages/airflow/models/baseoperator.py", line 188, in apply_defaults
    result = func(self, *args, **kwargs)
  File "/home/airflow/.local/lib/python3.7/site-packages/airflow/sensors/external_task.py", line 107, in __init__
    super().__init__(**kwargs)
  File "/home/airflow/.local/lib/python3.7/site-packages/airflow/models/baseoperator.py", line 188, in apply_defaults
    result = func(self, *args, **kwargs)
  File "/home/airflow/.local/lib/python3.7/site-packages/airflow/sensors/base.py", line 113, in __init__
    self.sensor_service_enabled = conf.getboolean('smart_sensor', 'use_smart_sensor')
  File "/home/airflow/.local/lib/python3.7/site-packages/airflow/configuration.py", line 434, in getboolean
    val = str(self.get(section, key, **kwargs)).lower().strip()
  File "/home/airflow/.local/lib/python3.7/site-packages/airflow/configuration.py", line 357, in get
    option = self._get_environment_variables(deprecated_key, deprecated_section, key, section)
  File "/home/airflow/.local/lib/python3.7/site-packages/airflow/configuration.py", line 423, in _get_environment_variables
    option = self._get_env_var_option(section, key)
  File "/home/airflow/.local/lib/python3.7/site-packages/airflow/configuration.py", line 314, in _get_env_var_option
    if env_var in os.environ:
  File "/usr/local/lib/python3.7/_collections_abc.py", line 666, in __contains__
    self[key]
  File "/usr/local/lib/python3.7/os.py", line 678, in __getitem__
    value = self._data[self.encodekey(key)]
  File "/usr/local/lib/python3.7/os.py", line 757, in encode
    return value.encode(encoding, 'surrogateescape')
  File "/home/airflow/.local/lib/python3.7/site-packages/airflow/dag_processing/manager.py", line 496, in _exit_gracefully
    self.log.debug("Current Stacktrace is: %s", '\n'.join(map(str, inspect.stack())))
  File "/usr/local/lib/python3.7/inspect.py", line 1513, in stack
    return getouterframes(sys._getframe(1), context)
  File "/usr/local/lib/python3.7/inspect.py", line 1490, in getouterframes
    frameinfo = (frame,) + getframeinfo(frame, context)
  File "/usr/local/lib/python3.7/inspect.py", line 1464, in getframeinfo
    lines, lnum = findsource(frame)
  File "/usr/local/lib/python3.7/inspect.py", line 780, in findsource
    module = getmodule(object, file)
  File "/usr/local/lib/python3.7/inspect.py", line 739, in getmodule
    f = getabsfile(module)
  File "/usr/local/lib/python3.7/inspect.py", line 708, in getabsfile
    _filename = getsourcefile(object) or getfile(object)
  File "/usr/local/lib/python3.7/inspect.py", line 693, in getsourcefile
    if os.path.exists(filename):
  File "/usr/local/lib/python3.7/genericpath.py", line 19, in exists
    os.stat(path)
  File "/home/airflow/.local/lib/python3.7/site-packages/airflow/utils/timeout.py", line 37, in handle_timeout
    raise AirflowTaskTimeout(self.error_message)
airflow.exceptions.AirflowTaskTimeout: DagBag import timeout for /home/airflow/.local/lib/python3.7/site-packages/airflow/example_dags/example_external_task_marker_dag.py after 30.0s.
Please take a look at these docs to improve your DAG import time:
* https://airflow.apache.org/docs/apache-airflow/2.2.3/best-practices.html#top-level-python-code
* https://airflow.apache.org/docs/apache-airflow/2.2.3/best-practices.html#reducing-dag-complexity, PID: 209
[2022-02-19 14:25:21,063] {processor.py:690} INFO - Deactivated 2 DAGs which are no longer present in /home/airflow/.local/lib/python3.7/site-packages/airflow/example_dags/example_external_task_marker_dag.py
[2022-02-19 14:25:21,083] {processor.py:656} WARNING - No viable dags retrieved from /home/airflow/.local/lib/python3.7/site-packages/airflow/example_dags/example_external_task_marker_dag.py
[2022-02-19 14:25:21,649] {processor.py:171} INFO - Processing /home/airflow/.local/lib/python3.7/site-packages/airflow/example_dags/example_external_task_marker_dag.py took 38.414 seconds
[2022-02-19 14:25:40,717] {processor.py:163} INFO - Started process (PID=248) to work on /home/airflow/.local/lib/python3.7/site-packages/airflow/example_dags/example_external_task_marker_dag.py
[2022-02-19 14:25:40,761] {processor.py:642} INFO - Processing file /home/airflow/.local/lib/python3.7/site-packages/airflow/example_dags/example_external_task_marker_dag.py for tasks to queue
[2022-02-19 14:25:40,778] {logging_mixin.py:109} INFO - [2022-02-19 14:25:40,777] {dagbag.py:500} INFO - Filling up the DagBag from /home/airflow/.local/lib/python3.7/site-packages/airflow/example_dags/example_external_task_marker_dag.py
[2022-02-19 14:25:41,070] {processor.py:654} INFO - DAG(s) dict_keys(['example_external_task_marker_parent', 'example_external_task_marker_child']) retrieved from /home/airflow/.local/lib/python3.7/site-packages/airflow/example_dags/example_external_task_marker_dag.py
[2022-02-19 14:25:41,174] {logging_mixin.py:109} INFO - [2022-02-19 14:25:41,173] {dag.py:2396} INFO - Sync 2 DAGs
[2022-02-19 14:25:42,573] {logging_mixin.py:109} INFO - [2022-02-19 14:25:42,573] {dag.py:2935} INFO - Setting next_dagrun for example_external_task_marker_child to None
[2022-02-19 14:25:42,578] {logging_mixin.py:109} INFO - [2022-02-19 14:25:42,578] {dag.py:2935} INFO - Setting next_dagrun for example_external_task_marker_parent to None
[2022-02-19 14:25:42,800] {processor.py:171} INFO - Processing /home/airflow/.local/lib/python3.7/site-packages/airflow/example_dags/example_external_task_marker_dag.py took 2.124 seconds
[2022-02-19 14:26:55,934] {processor.py:163} INFO - Started process (PID=39) to work on /home/airflow/.local/lib/python3.7/site-packages/airflow/example_dags/example_external_task_marker_dag.py
[2022-02-19 14:26:55,936] {processor.py:642} INFO - Processing file /home/airflow/.local/lib/python3.7/site-packages/airflow/example_dags/example_external_task_marker_dag.py for tasks to queue
[2022-02-19 14:26:55,938] {logging_mixin.py:109} INFO - [2022-02-19 14:26:55,938] {dagbag.py:500} INFO - Filling up the DagBag from /home/airflow/.local/lib/python3.7/site-packages/airflow/example_dags/example_external_task_marker_dag.py
[2022-02-19 14:26:55,998] {processor.py:654} INFO - DAG(s) dict_keys(['example_external_task_marker_parent', 'example_external_task_marker_child']) retrieved from /home/airflow/.local/lib/python3.7/site-packages/airflow/example_dags/example_external_task_marker_dag.py
[2022-02-19 14:26:56,028] {logging_mixin.py:109} INFO - [2022-02-19 14:26:56,028] {dag.py:2396} INFO - Sync 2 DAGs
[2022-02-19 14:26:56,060] {logging_mixin.py:109} INFO - [2022-02-19 14:26:56,059] {dag.py:2935} INFO - Setting next_dagrun for example_external_task_marker_child to None
[2022-02-19 14:26:56,061] {logging_mixin.py:109} INFO - [2022-02-19 14:26:56,061] {dag.py:2935} INFO - Setting next_dagrun for example_external_task_marker_parent to None
[2022-02-19 14:26:56,109] {processor.py:171} INFO - Processing /home/airflow/.local/lib/python3.7/site-packages/airflow/example_dags/example_external_task_marker_dag.py took 0.183 seconds
