[2022-02-19 13:24:04,581] {processor.py:163} INFO - Started process (PID=361) to work on /home/airflow/.local/lib/python3.7/site-packages/airflow/example_dags/example_branch_python_dop_operator_3.py
[2022-02-19 13:24:04,584] {processor.py:642} INFO - Processing file /home/airflow/.local/lib/python3.7/site-packages/airflow/example_dags/example_branch_python_dop_operator_3.py for tasks to queue
[2022-02-19 13:24:04,592] {logging_mixin.py:109} INFO - [2022-02-19 13:24:04,591] {dagbag.py:500} INFO - Filling up the DagBag from /home/airflow/.local/lib/python3.7/site-packages/airflow/example_dags/example_branch_python_dop_operator_3.py
[2022-02-19 13:24:04,782] {processor.py:654} INFO - DAG(s) dict_keys(['example_branch_dop_operator_v3']) retrieved from /home/airflow/.local/lib/python3.7/site-packages/airflow/example_dags/example_branch_python_dop_operator_3.py
[2022-02-19 13:24:11,898] {logging_mixin.py:109} INFO - [2022-02-19 13:24:11,897] {manager.py:496} INFO - Created Permission View: can read on DAG:example_branch_dop_operator_v3
[2022-02-19 13:24:11,979] {logging_mixin.py:109} INFO - [2022-02-19 13:24:11,977] {manager.py:496} INFO - Created Permission View: can edit on DAG:example_branch_dop_operator_v3
[2022-02-19 13:24:11,983] {logging_mixin.py:109} INFO - [2022-02-19 13:24:11,983] {dag.py:2396} INFO - Sync 1 DAGs
[2022-02-19 13:24:12,003] {logging_mixin.py:109} INFO - [2022-02-19 13:24:12,003] {dag.py:2415} INFO - Creating ORM DAG for example_branch_dop_operator_v3
[2022-02-19 13:24:12,050] {logging_mixin.py:109} INFO - [2022-02-19 13:24:12,050] {dag.py:2935} INFO - Setting next_dagrun for example_branch_dop_operator_v3 to 2022-02-19T13:23:00+00:00
[2022-02-19 13:24:12,351] {processor.py:171} INFO - Processing /home/airflow/.local/lib/python3.7/site-packages/airflow/example_dags/example_branch_python_dop_operator_3.py took 7.778 seconds
[2022-02-19 13:29:43,959] {processor.py:163} INFO - Started process (PID=688) to work on /home/airflow/.local/lib/python3.7/site-packages/airflow/example_dags/example_branch_python_dop_operator_3.py
[2022-02-19 13:29:43,961] {processor.py:642} INFO - Processing file /home/airflow/.local/lib/python3.7/site-packages/airflow/example_dags/example_branch_python_dop_operator_3.py for tasks to queue
[2022-02-19 13:29:43,963] {logging_mixin.py:109} INFO - [2022-02-19 13:29:43,963] {dagbag.py:500} INFO - Filling up the DagBag from /home/airflow/.local/lib/python3.7/site-packages/airflow/example_dags/example_branch_python_dop_operator_3.py
[2022-02-19 13:29:44,019] {processor.py:654} INFO - DAG(s) dict_keys(['example_branch_dop_operator_v3']) retrieved from /home/airflow/.local/lib/python3.7/site-packages/airflow/example_dags/example_branch_python_dop_operator_3.py
[2022-02-19 13:29:44,033] {logging_mixin.py:109} INFO - [2022-02-19 13:29:44,033] {dag.py:2396} INFO - Sync 1 DAGs
[2022-02-19 13:29:44,055] {logging_mixin.py:109} INFO - [2022-02-19 13:29:44,055] {dag.py:2935} INFO - Setting next_dagrun for example_branch_dop_operator_v3 to 2022-02-19T13:28:00+00:00
[2022-02-19 13:29:44,067] {processor.py:171} INFO - Processing /home/airflow/.local/lib/python3.7/site-packages/airflow/example_dags/example_branch_python_dop_operator_3.py took 0.113 seconds
[2022-02-19 13:37:15,726] {processor.py:163} INFO - Started process (PID=173) to work on /home/airflow/.local/lib/python3.7/site-packages/airflow/example_dags/example_branch_python_dop_operator_3.py
[2022-02-19 13:37:15,728] {processor.py:642} INFO - Processing file /home/airflow/.local/lib/python3.7/site-packages/airflow/example_dags/example_branch_python_dop_operator_3.py for tasks to queue
[2022-02-19 13:37:15,729] {logging_mixin.py:109} INFO - [2022-02-19 13:37:15,729] {dagbag.py:500} INFO - Filling up the DagBag from /home/airflow/.local/lib/python3.7/site-packages/airflow/example_dags/example_branch_python_dop_operator_3.py
[2022-02-19 13:37:15,799] {processor.py:654} INFO - DAG(s) dict_keys(['example_branch_dop_operator_v3']) retrieved from /home/airflow/.local/lib/python3.7/site-packages/airflow/example_dags/example_branch_python_dop_operator_3.py
[2022-02-19 13:37:15,817] {logging_mixin.py:109} INFO - [2022-02-19 13:37:15,817] {dag.py:2396} INFO - Sync 1 DAGs
[2022-02-19 13:37:15,922] {logging_mixin.py:109} INFO - [2022-02-19 13:37:15,922] {dag.py:2935} INFO - Setting next_dagrun for example_branch_dop_operator_v3 to 2022-02-19T13:36:00+00:00
[2022-02-19 13:37:15,963] {processor.py:171} INFO - Processing /home/airflow/.local/lib/python3.7/site-packages/airflow/example_dags/example_branch_python_dop_operator_3.py took 0.246 seconds
[2022-02-19 13:37:52,830] {processor.py:163} INFO - Started process (PID=243) to work on /home/airflow/.local/lib/python3.7/site-packages/airflow/example_dags/example_branch_python_dop_operator_3.py
[2022-02-19 13:37:52,833] {processor.py:642} INFO - Processing file /home/airflow/.local/lib/python3.7/site-packages/airflow/example_dags/example_branch_python_dop_operator_3.py for tasks to queue
[2022-02-19 13:37:52,835] {logging_mixin.py:109} INFO - [2022-02-19 13:37:52,834] {dagbag.py:500} INFO - Filling up the DagBag from /home/airflow/.local/lib/python3.7/site-packages/airflow/example_dags/example_branch_python_dop_operator_3.py
[2022-02-19 13:37:52,921] {processor.py:654} INFO - DAG(s) dict_keys(['example_branch_dop_operator_v3']) retrieved from /home/airflow/.local/lib/python3.7/site-packages/airflow/example_dags/example_branch_python_dop_operator_3.py
[2022-02-19 13:37:52,948] {logging_mixin.py:109} INFO - [2022-02-19 13:37:52,948] {dag.py:2396} INFO - Sync 1 DAGs
[2022-02-19 13:37:52,983] {logging_mixin.py:109} INFO - [2022-02-19 13:37:52,983] {dag.py:2935} INFO - Setting next_dagrun for example_branch_dop_operator_v3 to 2022-02-19T13:36:00+00:00
[2022-02-19 13:37:53,005] {processor.py:171} INFO - Processing /home/airflow/.local/lib/python3.7/site-packages/airflow/example_dags/example_branch_python_dop_operator_3.py took 0.180 seconds
[2022-02-19 13:38:23,787] {processor.py:163} INFO - Started process (PID=294) to work on /home/airflow/.local/lib/python3.7/site-packages/airflow/example_dags/example_branch_python_dop_operator_3.py
[2022-02-19 13:38:23,789] {processor.py:642} INFO - Processing file /home/airflow/.local/lib/python3.7/site-packages/airflow/example_dags/example_branch_python_dop_operator_3.py for tasks to queue
[2022-02-19 13:38:23,790] {logging_mixin.py:109} INFO - [2022-02-19 13:38:23,790] {dagbag.py:500} INFO - Filling up the DagBag from /home/airflow/.local/lib/python3.7/site-packages/airflow/example_dags/example_branch_python_dop_operator_3.py
[2022-02-19 13:38:23,823] {processor.py:654} INFO - DAG(s) dict_keys(['example_branch_dop_operator_v3']) retrieved from /home/airflow/.local/lib/python3.7/site-packages/airflow/example_dags/example_branch_python_dop_operator_3.py
[2022-02-19 13:38:23,833] {logging_mixin.py:109} INFO - [2022-02-19 13:38:23,833] {dag.py:2396} INFO - Sync 1 DAGs
[2022-02-19 13:38:23,855] {logging_mixin.py:109} INFO - [2022-02-19 13:38:23,855] {dag.py:2935} INFO - Setting next_dagrun for example_branch_dop_operator_v3 to 2022-02-19T13:37:00+00:00
[2022-02-19 13:38:23,864] {processor.py:171} INFO - Processing /home/airflow/.local/lib/python3.7/site-packages/airflow/example_dags/example_branch_python_dop_operator_3.py took 0.081 seconds
[2022-02-19 13:38:53,965] {processor.py:163} INFO - Started process (PID=343) to work on /home/airflow/.local/lib/python3.7/site-packages/airflow/example_dags/example_branch_python_dop_operator_3.py
[2022-02-19 13:38:53,967] {processor.py:642} INFO - Processing file /home/airflow/.local/lib/python3.7/site-packages/airflow/example_dags/example_branch_python_dop_operator_3.py for tasks to queue
[2022-02-19 13:38:53,968] {logging_mixin.py:109} INFO - [2022-02-19 13:38:53,968] {dagbag.py:500} INFO - Filling up the DagBag from /home/airflow/.local/lib/python3.7/site-packages/airflow/example_dags/example_branch_python_dop_operator_3.py
[2022-02-19 13:38:54,000] {processor.py:654} INFO - DAG(s) dict_keys(['example_branch_dop_operator_v3']) retrieved from /home/airflow/.local/lib/python3.7/site-packages/airflow/example_dags/example_branch_python_dop_operator_3.py
[2022-02-19 13:38:54,009] {logging_mixin.py:109} INFO - [2022-02-19 13:38:54,009] {dag.py:2396} INFO - Sync 1 DAGs
[2022-02-19 13:38:54,028] {logging_mixin.py:109} INFO - [2022-02-19 13:38:54,028] {dag.py:2935} INFO - Setting next_dagrun for example_branch_dop_operator_v3 to 2022-02-19T13:37:00+00:00
[2022-02-19 13:38:54,036] {processor.py:171} INFO - Processing /home/airflow/.local/lib/python3.7/site-packages/airflow/example_dags/example_branch_python_dop_operator_3.py took 0.075 seconds
[2022-02-19 13:39:24,432] {processor.py:163} INFO - Started process (PID=403) to work on /home/airflow/.local/lib/python3.7/site-packages/airflow/example_dags/example_branch_python_dop_operator_3.py
[2022-02-19 13:39:24,434] {processor.py:642} INFO - Processing file /home/airflow/.local/lib/python3.7/site-packages/airflow/example_dags/example_branch_python_dop_operator_3.py for tasks to queue
[2022-02-19 13:39:24,435] {logging_mixin.py:109} INFO - [2022-02-19 13:39:24,435] {dagbag.py:500} INFO - Filling up the DagBag from /home/airflow/.local/lib/python3.7/site-packages/airflow/example_dags/example_branch_python_dop_operator_3.py
[2022-02-19 13:39:24,476] {processor.py:654} INFO - DAG(s) dict_keys(['example_branch_dop_operator_v3']) retrieved from /home/airflow/.local/lib/python3.7/site-packages/airflow/example_dags/example_branch_python_dop_operator_3.py
[2022-02-19 13:39:24,492] {logging_mixin.py:109} INFO - [2022-02-19 13:39:24,492] {dag.py:2396} INFO - Sync 1 DAGs
[2022-02-19 13:39:24,520] {logging_mixin.py:109} INFO - [2022-02-19 13:39:24,520] {dag.py:2935} INFO - Setting next_dagrun for example_branch_dop_operator_v3 to 2022-02-19T13:38:00+00:00
[2022-02-19 13:39:24,535] {processor.py:171} INFO - Processing /home/airflow/.local/lib/python3.7/site-packages/airflow/example_dags/example_branch_python_dop_operator_3.py took 0.110 seconds
[2022-02-19 13:39:54,733] {processor.py:163} INFO - Started process (PID=455) to work on /home/airflow/.local/lib/python3.7/site-packages/airflow/example_dags/example_branch_python_dop_operator_3.py
[2022-02-19 13:39:54,735] {processor.py:642} INFO - Processing file /home/airflow/.local/lib/python3.7/site-packages/airflow/example_dags/example_branch_python_dop_operator_3.py for tasks to queue
[2022-02-19 13:39:54,737] {logging_mixin.py:109} INFO - [2022-02-19 13:39:54,736] {dagbag.py:500} INFO - Filling up the DagBag from /home/airflow/.local/lib/python3.7/site-packages/airflow/example_dags/example_branch_python_dop_operator_3.py
[2022-02-19 13:39:54,763] {processor.py:654} INFO - DAG(s) dict_keys(['example_branch_dop_operator_v3']) retrieved from /home/airflow/.local/lib/python3.7/site-packages/airflow/example_dags/example_branch_python_dop_operator_3.py
[2022-02-19 13:39:54,771] {logging_mixin.py:109} INFO - [2022-02-19 13:39:54,771] {dag.py:2396} INFO - Sync 1 DAGs
[2022-02-19 13:39:54,788] {logging_mixin.py:109} INFO - [2022-02-19 13:39:54,788] {dag.py:2935} INFO - Setting next_dagrun for example_branch_dop_operator_v3 to 2022-02-19T13:38:00+00:00
[2022-02-19 13:39:54,796] {processor.py:171} INFO - Processing /home/airflow/.local/lib/python3.7/site-packages/airflow/example_dags/example_branch_python_dop_operator_3.py took 0.066 seconds
[2022-02-19 13:40:25,003] {processor.py:163} INFO - Started process (PID=515) to work on /home/airflow/.local/lib/python3.7/site-packages/airflow/example_dags/example_branch_python_dop_operator_3.py
[2022-02-19 13:40:25,005] {processor.py:642} INFO - Processing file /home/airflow/.local/lib/python3.7/site-packages/airflow/example_dags/example_branch_python_dop_operator_3.py for tasks to queue
[2022-02-19 13:40:25,006] {logging_mixin.py:109} INFO - [2022-02-19 13:40:25,006] {dagbag.py:500} INFO - Filling up the DagBag from /home/airflow/.local/lib/python3.7/site-packages/airflow/example_dags/example_branch_python_dop_operator_3.py
[2022-02-19 13:40:25,038] {processor.py:654} INFO - DAG(s) dict_keys(['example_branch_dop_operator_v3']) retrieved from /home/airflow/.local/lib/python3.7/site-packages/airflow/example_dags/example_branch_python_dop_operator_3.py
[2022-02-19 13:40:25,049] {logging_mixin.py:109} INFO - [2022-02-19 13:40:25,048] {dag.py:2396} INFO - Sync 1 DAGs
[2022-02-19 13:40:25,068] {logging_mixin.py:109} INFO - [2022-02-19 13:40:25,068] {dag.py:2935} INFO - Setting next_dagrun for example_branch_dop_operator_v3 to 2022-02-19T13:39:00+00:00
[2022-02-19 13:40:25,076] {processor.py:171} INFO - Processing /home/airflow/.local/lib/python3.7/site-packages/airflow/example_dags/example_branch_python_dop_operator_3.py took 0.077 seconds
[2022-02-19 13:40:55,241] {processor.py:163} INFO - Started process (PID=566) to work on /home/airflow/.local/lib/python3.7/site-packages/airflow/example_dags/example_branch_python_dop_operator_3.py
[2022-02-19 13:40:55,243] {processor.py:642} INFO - Processing file /home/airflow/.local/lib/python3.7/site-packages/airflow/example_dags/example_branch_python_dop_operator_3.py for tasks to queue
[2022-02-19 13:40:55,245] {logging_mixin.py:109} INFO - [2022-02-19 13:40:55,245] {dagbag.py:500} INFO - Filling up the DagBag from /home/airflow/.local/lib/python3.7/site-packages/airflow/example_dags/example_branch_python_dop_operator_3.py
[2022-02-19 13:40:55,279] {processor.py:654} INFO - DAG(s) dict_keys(['example_branch_dop_operator_v3']) retrieved from /home/airflow/.local/lib/python3.7/site-packages/airflow/example_dags/example_branch_python_dop_operator_3.py
[2022-02-19 13:40:55,288] {logging_mixin.py:109} INFO - [2022-02-19 13:40:55,288] {dag.py:2396} INFO - Sync 1 DAGs
[2022-02-19 13:40:55,306] {logging_mixin.py:109} INFO - [2022-02-19 13:40:55,305] {dag.py:2935} INFO - Setting next_dagrun for example_branch_dop_operator_v3 to 2022-02-19T13:39:00+00:00
[2022-02-19 13:40:55,313] {processor.py:171} INFO - Processing /home/airflow/.local/lib/python3.7/site-packages/airflow/example_dags/example_branch_python_dop_operator_3.py took 0.077 seconds
[2022-02-19 13:41:39,415] {processor.py:163} INFO - Started process (PID=621) to work on /home/airflow/.local/lib/python3.7/site-packages/airflow/example_dags/example_branch_python_dop_operator_3.py
[2022-02-19 13:41:39,417] {processor.py:642} INFO - Processing file /home/airflow/.local/lib/python3.7/site-packages/airflow/example_dags/example_branch_python_dop_operator_3.py for tasks to queue
[2022-02-19 13:41:39,419] {logging_mixin.py:109} INFO - [2022-02-19 13:41:39,419] {dagbag.py:500} INFO - Filling up the DagBag from /home/airflow/.local/lib/python3.7/site-packages/airflow/example_dags/example_branch_python_dop_operator_3.py
[2022-02-19 13:41:39,452] {processor.py:654} INFO - DAG(s) dict_keys(['example_branch_dop_operator_v3']) retrieved from /home/airflow/.local/lib/python3.7/site-packages/airflow/example_dags/example_branch_python_dop_operator_3.py
[2022-02-19 13:41:39,463] {logging_mixin.py:109} INFO - [2022-02-19 13:41:39,463] {dag.py:2396} INFO - Sync 1 DAGs
[2022-02-19 13:41:39,484] {logging_mixin.py:109} INFO - [2022-02-19 13:41:39,484] {dag.py:2935} INFO - Setting next_dagrun for example_branch_dop_operator_v3 to 2022-02-19T13:40:00+00:00
[2022-02-19 13:41:39,494] {processor.py:171} INFO - Processing /home/airflow/.local/lib/python3.7/site-packages/airflow/example_dags/example_branch_python_dop_operator_3.py took 0.082 seconds
[2022-02-19 13:53:21,039] {processor.py:163} INFO - Started process (PID=62) to work on /home/airflow/.local/lib/python3.7/site-packages/airflow/example_dags/example_branch_python_dop_operator_3.py
[2022-02-19 13:53:21,042] {processor.py:642} INFO - Processing file /home/airflow/.local/lib/python3.7/site-packages/airflow/example_dags/example_branch_python_dop_operator_3.py for tasks to queue
[2022-02-19 13:53:21,044] {logging_mixin.py:109} INFO - [2022-02-19 13:53:21,043] {dagbag.py:500} INFO - Filling up the DagBag from /home/airflow/.local/lib/python3.7/site-packages/airflow/example_dags/example_branch_python_dop_operator_3.py
[2022-02-19 13:53:21,100] {processor.py:654} INFO - DAG(s) dict_keys(['example_branch_dop_operator_v3']) retrieved from /home/airflow/.local/lib/python3.7/site-packages/airflow/example_dags/example_branch_python_dop_operator_3.py
[2022-02-19 13:53:21,115] {logging_mixin.py:109} INFO - [2022-02-19 13:53:21,115] {dag.py:2396} INFO - Sync 1 DAGs
[2022-02-19 13:53:21,147] {logging_mixin.py:109} INFO - [2022-02-19 13:53:21,147] {dag.py:2935} INFO - Setting next_dagrun for example_branch_dop_operator_v3 to 2022-02-19T13:52:00+00:00
[2022-02-19 13:53:21,160] {processor.py:171} INFO - Processing /home/airflow/.local/lib/python3.7/site-packages/airflow/example_dags/example_branch_python_dop_operator_3.py took 0.126 seconds
[2022-02-19 14:01:37,624] {processor.py:163} INFO - Started process (PID=189) to work on /home/airflow/.local/lib/python3.7/site-packages/airflow/example_dags/example_branch_python_dop_operator_3.py
[2022-02-19 14:01:37,627] {processor.py:642} INFO - Processing file /home/airflow/.local/lib/python3.7/site-packages/airflow/example_dags/example_branch_python_dop_operator_3.py for tasks to queue
[2022-02-19 14:01:37,629] {logging_mixin.py:109} INFO - [2022-02-19 14:01:37,629] {dagbag.py:500} INFO - Filling up the DagBag from /home/airflow/.local/lib/python3.7/site-packages/airflow/example_dags/example_branch_python_dop_operator_3.py
[2022-02-19 14:01:37,667] {processor.py:654} INFO - DAG(s) dict_keys(['example_branch_dop_operator_v3']) retrieved from /home/airflow/.local/lib/python3.7/site-packages/airflow/example_dags/example_branch_python_dop_operator_3.py
[2022-02-19 14:01:37,684] {logging_mixin.py:109} INFO - [2022-02-19 14:01:37,684] {dag.py:2396} INFO - Sync 1 DAGs
[2022-02-19 14:01:37,716] {logging_mixin.py:109} INFO - [2022-02-19 14:01:37,716] {dag.py:2935} INFO - Setting next_dagrun for example_branch_dop_operator_v3 to 2022-02-19T14:00:00+00:00
[2022-02-19 14:01:37,739] {processor.py:171} INFO - Processing /home/airflow/.local/lib/python3.7/site-packages/airflow/example_dags/example_branch_python_dop_operator_3.py took 0.119 seconds
[2022-02-19 14:02:09,495] {processor.py:163} INFO - Started process (PID=241) to work on /home/airflow/.local/lib/python3.7/site-packages/airflow/example_dags/example_branch_python_dop_operator_3.py
[2022-02-19 14:02:09,498] {processor.py:642} INFO - Processing file /home/airflow/.local/lib/python3.7/site-packages/airflow/example_dags/example_branch_python_dop_operator_3.py for tasks to queue
[2022-02-19 14:02:09,501] {logging_mixin.py:109} INFO - [2022-02-19 14:02:09,501] {dagbag.py:500} INFO - Filling up the DagBag from /home/airflow/.local/lib/python3.7/site-packages/airflow/example_dags/example_branch_python_dop_operator_3.py
[2022-02-19 14:02:09,615] {processor.py:654} INFO - DAG(s) dict_keys(['example_branch_dop_operator_v3']) retrieved from /home/airflow/.local/lib/python3.7/site-packages/airflow/example_dags/example_branch_python_dop_operator_3.py
[2022-02-19 14:02:09,729] {logging_mixin.py:109} INFO - [2022-02-19 14:02:09,728] {dag.py:2396} INFO - Sync 1 DAGs
[2022-02-19 14:02:09,793] {logging_mixin.py:109} INFO - [2022-02-19 14:02:09,793] {dag.py:2935} INFO - Setting next_dagrun for example_branch_dop_operator_v3 to 2022-02-19T14:01:00+00:00
[2022-02-19 14:02:09,831] {processor.py:171} INFO - Processing /home/airflow/.local/lib/python3.7/site-packages/airflow/example_dags/example_branch_python_dop_operator_3.py took 0.340 seconds
[2022-02-19 14:07:16,176] {processor.py:163} INFO - Started process (PID=81) to work on /home/airflow/.local/lib/python3.7/site-packages/airflow/example_dags/example_branch_python_dop_operator_3.py
[2022-02-19 14:07:16,235] {processor.py:642} INFO - Processing file /home/airflow/.local/lib/python3.7/site-packages/airflow/example_dags/example_branch_python_dop_operator_3.py for tasks to queue
[2022-02-19 14:07:16,286] {logging_mixin.py:109} INFO - [2022-02-19 14:07:16,284] {dagbag.py:500} INFO - Filling up the DagBag from /home/airflow/.local/lib/python3.7/site-packages/airflow/example_dags/example_branch_python_dop_operator_3.py
[2022-02-19 14:07:16,412] {processor.py:654} INFO - DAG(s) dict_keys(['example_branch_dop_operator_v3']) retrieved from /home/airflow/.local/lib/python3.7/site-packages/airflow/example_dags/example_branch_python_dop_operator_3.py
[2022-02-19 14:07:16,485] {logging_mixin.py:109} INFO - [2022-02-19 14:07:16,485] {dag.py:2396} INFO - Sync 1 DAGs
[2022-02-19 14:07:16,637] {logging_mixin.py:109} INFO - [2022-02-19 14:07:16,637] {dag.py:2935} INFO - Setting next_dagrun for example_branch_dop_operator_v3 to 2022-02-19T14:06:00+00:00
[2022-02-19 14:07:16,734] {processor.py:171} INFO - Processing /home/airflow/.local/lib/python3.7/site-packages/airflow/example_dags/example_branch_python_dop_operator_3.py took 0.595 seconds
[2022-02-19 14:15:54,361] {processor.py:163} INFO - Started process (PID=158) to work on /home/airflow/.local/lib/python3.7/site-packages/airflow/example_dags/example_branch_python_dop_operator_3.py
[2022-02-19 14:15:54,368] {processor.py:642} INFO - Processing file /home/airflow/.local/lib/python3.7/site-packages/airflow/example_dags/example_branch_python_dop_operator_3.py for tasks to queue
[2022-02-19 14:15:54,372] {logging_mixin.py:109} INFO - [2022-02-19 14:15:54,372] {dagbag.py:500} INFO - Filling up the DagBag from /home/airflow/.local/lib/python3.7/site-packages/airflow/example_dags/example_branch_python_dop_operator_3.py
[2022-02-19 14:15:54,554] {processor.py:654} INFO - DAG(s) dict_keys(['example_branch_dop_operator_v3']) retrieved from /home/airflow/.local/lib/python3.7/site-packages/airflow/example_dags/example_branch_python_dop_operator_3.py
[2022-02-19 14:15:54,609] {logging_mixin.py:109} INFO - [2022-02-19 14:15:54,608] {dag.py:2396} INFO - Sync 1 DAGs
[2022-02-19 14:15:54,672] {logging_mixin.py:109} INFO - [2022-02-19 14:15:54,671] {dag.py:2935} INFO - Setting next_dagrun for example_branch_dop_operator_v3 to 2022-02-19T14:14:00+00:00
[2022-02-19 14:15:54,706] {processor.py:171} INFO - Processing /home/airflow/.local/lib/python3.7/site-packages/airflow/example_dags/example_branch_python_dop_operator_3.py took 0.354 seconds
[2022-02-19 14:16:44,246] {processor.py:163} INFO - Started process (PID=208) to work on /home/airflow/.local/lib/python3.7/site-packages/airflow/example_dags/example_branch_python_dop_operator_3.py
[2022-02-19 14:16:44,253] {processor.py:642} INFO - Processing file /home/airflow/.local/lib/python3.7/site-packages/airflow/example_dags/example_branch_python_dop_operator_3.py for tasks to queue
[2022-02-19 14:16:44,274] {logging_mixin.py:109} INFO - [2022-02-19 14:16:44,272] {dagbag.py:500} INFO - Filling up the DagBag from /home/airflow/.local/lib/python3.7/site-packages/airflow/example_dags/example_branch_python_dop_operator_3.py
[2022-02-19 14:16:44,825] {processor.py:654} INFO - DAG(s) dict_keys(['example_branch_dop_operator_v3']) retrieved from /home/airflow/.local/lib/python3.7/site-packages/airflow/example_dags/example_branch_python_dop_operator_3.py
[2022-02-19 14:16:44,944] {logging_mixin.py:109} INFO - [2022-02-19 14:16:44,922] {dag.py:2396} INFO - Sync 1 DAGs
[2022-02-19 14:16:45,077] {logging_mixin.py:109} INFO - [2022-02-19 14:16:45,077] {dag.py:2935} INFO - Setting next_dagrun for example_branch_dop_operator_v3 to 2022-02-19T14:15:00+00:00
[2022-02-19 14:16:45,183] {processor.py:171} INFO - Processing /home/airflow/.local/lib/python3.7/site-packages/airflow/example_dags/example_branch_python_dop_operator_3.py took 0.978 seconds
[2022-02-19 14:21:26,695] {processor.py:163} INFO - Started process (PID=79) to work on /home/airflow/.local/lib/python3.7/site-packages/airflow/example_dags/example_branch_python_dop_operator_3.py
[2022-02-19 14:21:26,710] {processor.py:642} INFO - Processing file /home/airflow/.local/lib/python3.7/site-packages/airflow/example_dags/example_branch_python_dop_operator_3.py for tasks to queue
[2022-02-19 14:21:26,720] {logging_mixin.py:109} INFO - [2022-02-19 14:21:26,719] {dagbag.py:500} INFO - Filling up the DagBag from /home/airflow/.local/lib/python3.7/site-packages/airflow/example_dags/example_branch_python_dop_operator_3.py
[2022-02-19 14:21:27,270] {processor.py:654} INFO - DAG(s) dict_keys(['example_branch_dop_operator_v3']) retrieved from /home/airflow/.local/lib/python3.7/site-packages/airflow/example_dags/example_branch_python_dop_operator_3.py
[2022-02-19 14:21:27,474] {logging_mixin.py:109} INFO - [2022-02-19 14:21:27,472] {dag.py:2396} INFO - Sync 1 DAGs
[2022-02-19 14:21:29,403] {logging_mixin.py:109} INFO - [2022-02-19 14:21:29,395] {dag.py:2935} INFO - Setting next_dagrun for example_branch_dop_operator_v3 to 2022-02-19T14:20:00+00:00
[2022-02-19 14:21:29,684] {processor.py:171} INFO - Processing /home/airflow/.local/lib/python3.7/site-packages/airflow/example_dags/example_branch_python_dop_operator_3.py took 3.179 seconds
[2022-02-19 14:22:22,159] {processor.py:163} INFO - Started process (PID=129) to work on /home/airflow/.local/lib/python3.7/site-packages/airflow/example_dags/example_branch_python_dop_operator_3.py
[2022-02-19 14:22:22,164] {processor.py:642} INFO - Processing file /home/airflow/.local/lib/python3.7/site-packages/airflow/example_dags/example_branch_python_dop_operator_3.py for tasks to queue
[2022-02-19 14:22:22,166] {logging_mixin.py:109} INFO - [2022-02-19 14:22:22,166] {dagbag.py:500} INFO - Filling up the DagBag from /home/airflow/.local/lib/python3.7/site-packages/airflow/example_dags/example_branch_python_dop_operator_3.py
[2022-02-19 14:22:22,269] {processor.py:654} INFO - DAG(s) dict_keys(['example_branch_dop_operator_v3']) retrieved from /home/airflow/.local/lib/python3.7/site-packages/airflow/example_dags/example_branch_python_dop_operator_3.py
[2022-02-19 14:22:22,309] {logging_mixin.py:109} INFO - [2022-02-19 14:22:22,308] {dag.py:2396} INFO - Sync 1 DAGs
[2022-02-19 14:22:22,490] {logging_mixin.py:109} INFO - [2022-02-19 14:22:22,489] {dag.py:2935} INFO - Setting next_dagrun for example_branch_dop_operator_v3 to 2022-02-19T14:21:00+00:00
[2022-02-19 14:22:22,539] {processor.py:171} INFO - Processing /home/airflow/.local/lib/python3.7/site-packages/airflow/example_dags/example_branch_python_dop_operator_3.py took 0.385 seconds
