[2022-02-19 13:23:42,448] {processor.py:163} INFO - Started process (PID=338) to work on /home/airflow/.local/lib/python3.7/site-packages/airflow/example_dags/example_trigger_target_dag.py
[2022-02-19 13:23:42,450] {processor.py:642} INFO - Processing file /home/airflow/.local/lib/python3.7/site-packages/airflow/example_dags/example_trigger_target_dag.py for tasks to queue
[2022-02-19 13:23:42,452] {logging_mixin.py:109} INFO - [2022-02-19 13:23:42,452] {dagbag.py:500} INFO - Filling up the DagBag from /home/airflow/.local/lib/python3.7/site-packages/airflow/example_dags/example_trigger_target_dag.py
[2022-02-19 13:23:42,553] {processor.py:654} INFO - DAG(s) dict_keys(['example_trigger_target_dag']) retrieved from /home/airflow/.local/lib/python3.7/site-packages/airflow/example_dags/example_trigger_target_dag.py
[2022-02-19 13:24:04,408] {logging_mixin.py:109} INFO - [2022-02-19 13:24:04,406] {manager.py:496} INFO - Created Permission View: can read on DAG:example_trigger_target_dag
[2022-02-19 13:24:04,428] {logging_mixin.py:109} INFO - [2022-02-19 13:24:04,428] {manager.py:496} INFO - Created Permission View: can edit on DAG:example_trigger_target_dag
[2022-02-19 13:24:04,431] {logging_mixin.py:109} INFO - [2022-02-19 13:24:04,430] {dag.py:2396} INFO - Sync 1 DAGs
[2022-02-19 13:24:04,449] {logging_mixin.py:109} INFO - [2022-02-19 13:24:04,449] {dag.py:2415} INFO - Creating ORM DAG for example_trigger_target_dag
[2022-02-19 13:24:04,463] {logging_mixin.py:109} INFO - [2022-02-19 13:24:04,463] {dag.py:2935} INFO - Setting next_dagrun for example_trigger_target_dag to None
[2022-02-19 13:24:04,490] {processor.py:171} INFO - Processing /home/airflow/.local/lib/python3.7/site-packages/airflow/example_dags/example_trigger_target_dag.py took 21.995 seconds
[2022-02-19 13:29:43,047] {processor.py:163} INFO - Started process (PID=686) to work on /home/airflow/.local/lib/python3.7/site-packages/airflow/example_dags/example_trigger_target_dag.py
[2022-02-19 13:29:43,053] {processor.py:642} INFO - Processing file /home/airflow/.local/lib/python3.7/site-packages/airflow/example_dags/example_trigger_target_dag.py for tasks to queue
[2022-02-19 13:29:43,056] {logging_mixin.py:109} INFO - [2022-02-19 13:29:43,056] {dagbag.py:500} INFO - Filling up the DagBag from /home/airflow/.local/lib/python3.7/site-packages/airflow/example_dags/example_trigger_target_dag.py
[2022-02-19 13:29:43,127] {processor.py:654} INFO - DAG(s) dict_keys(['example_trigger_target_dag']) retrieved from /home/airflow/.local/lib/python3.7/site-packages/airflow/example_dags/example_trigger_target_dag.py
[2022-02-19 13:29:43,142] {logging_mixin.py:109} INFO - [2022-02-19 13:29:43,142] {dag.py:2396} INFO - Sync 1 DAGs
[2022-02-19 13:29:43,165] {logging_mixin.py:109} INFO - [2022-02-19 13:29:43,165] {dag.py:2935} INFO - Setting next_dagrun for example_trigger_target_dag to None
[2022-02-19 13:29:43,182] {processor.py:171} INFO - Processing /home/airflow/.local/lib/python3.7/site-packages/airflow/example_dags/example_trigger_target_dag.py took 0.142 seconds
[2022-02-19 13:37:14,150] {processor.py:163} INFO - Started process (PID=171) to work on /home/airflow/.local/lib/python3.7/site-packages/airflow/example_dags/example_trigger_target_dag.py
[2022-02-19 13:37:14,155] {processor.py:642} INFO - Processing file /home/airflow/.local/lib/python3.7/site-packages/airflow/example_dags/example_trigger_target_dag.py for tasks to queue
[2022-02-19 13:37:14,167] {logging_mixin.py:109} INFO - [2022-02-19 13:37:14,166] {dagbag.py:500} INFO - Filling up the DagBag from /home/airflow/.local/lib/python3.7/site-packages/airflow/example_dags/example_trigger_target_dag.py
[2022-02-19 13:37:14,478] {processor.py:654} INFO - DAG(s) dict_keys(['example_trigger_target_dag']) retrieved from /home/airflow/.local/lib/python3.7/site-packages/airflow/example_dags/example_trigger_target_dag.py
[2022-02-19 13:37:14,518] {logging_mixin.py:109} INFO - [2022-02-19 13:37:14,518] {dag.py:2396} INFO - Sync 1 DAGs
[2022-02-19 13:37:14,564] {logging_mixin.py:109} INFO - [2022-02-19 13:37:14,564] {dag.py:2935} INFO - Setting next_dagrun for example_trigger_target_dag to None
[2022-02-19 13:37:14,614] {processor.py:171} INFO - Processing /home/airflow/.local/lib/python3.7/site-packages/airflow/example_dags/example_trigger_target_dag.py took 0.499 seconds
[2022-02-19 13:37:51,811] {processor.py:163} INFO - Started process (PID=241) to work on /home/airflow/.local/lib/python3.7/site-packages/airflow/example_dags/example_trigger_target_dag.py
[2022-02-19 13:37:51,818] {processor.py:642} INFO - Processing file /home/airflow/.local/lib/python3.7/site-packages/airflow/example_dags/example_trigger_target_dag.py for tasks to queue
[2022-02-19 13:37:51,821] {logging_mixin.py:109} INFO - [2022-02-19 13:37:51,820] {dagbag.py:500} INFO - Filling up the DagBag from /home/airflow/.local/lib/python3.7/site-packages/airflow/example_dags/example_trigger_target_dag.py
[2022-02-19 13:37:51,927] {processor.py:654} INFO - DAG(s) dict_keys(['example_trigger_target_dag']) retrieved from /home/airflow/.local/lib/python3.7/site-packages/airflow/example_dags/example_trigger_target_dag.py
[2022-02-19 13:37:51,948] {logging_mixin.py:109} INFO - [2022-02-19 13:37:51,948] {dag.py:2396} INFO - Sync 1 DAGs
[2022-02-19 13:37:51,979] {logging_mixin.py:109} INFO - [2022-02-19 13:37:51,979] {dag.py:2935} INFO - Setting next_dagrun for example_trigger_target_dag to None
[2022-02-19 13:37:52,000] {processor.py:171} INFO - Processing /home/airflow/.local/lib/python3.7/site-packages/airflow/example_dags/example_trigger_target_dag.py took 0.213 seconds
[2022-02-19 13:38:22,685] {processor.py:163} INFO - Started process (PID=292) to work on /home/airflow/.local/lib/python3.7/site-packages/airflow/example_dags/example_trigger_target_dag.py
[2022-02-19 13:38:22,686] {processor.py:642} INFO - Processing file /home/airflow/.local/lib/python3.7/site-packages/airflow/example_dags/example_trigger_target_dag.py for tasks to queue
[2022-02-19 13:38:22,688] {logging_mixin.py:109} INFO - [2022-02-19 13:38:22,688] {dagbag.py:500} INFO - Filling up the DagBag from /home/airflow/.local/lib/python3.7/site-packages/airflow/example_dags/example_trigger_target_dag.py
[2022-02-19 13:38:22,720] {processor.py:654} INFO - DAG(s) dict_keys(['example_trigger_target_dag']) retrieved from /home/airflow/.local/lib/python3.7/site-packages/airflow/example_dags/example_trigger_target_dag.py
[2022-02-19 13:38:22,730] {logging_mixin.py:109} INFO - [2022-02-19 13:38:22,730] {dag.py:2396} INFO - Sync 1 DAGs
[2022-02-19 13:38:22,748] {logging_mixin.py:109} INFO - [2022-02-19 13:38:22,748] {dag.py:2935} INFO - Setting next_dagrun for example_trigger_target_dag to None
[2022-02-19 13:38:22,760] {processor.py:171} INFO - Processing /home/airflow/.local/lib/python3.7/site-packages/airflow/example_dags/example_trigger_target_dag.py took 0.078 seconds
[2022-02-19 13:38:52,867] {processor.py:163} INFO - Started process (PID=342) to work on /home/airflow/.local/lib/python3.7/site-packages/airflow/example_dags/example_trigger_target_dag.py
[2022-02-19 13:38:52,869] {processor.py:642} INFO - Processing file /home/airflow/.local/lib/python3.7/site-packages/airflow/example_dags/example_trigger_target_dag.py for tasks to queue
[2022-02-19 13:38:52,870] {logging_mixin.py:109} INFO - [2022-02-19 13:38:52,870] {dagbag.py:500} INFO - Filling up the DagBag from /home/airflow/.local/lib/python3.7/site-packages/airflow/example_dags/example_trigger_target_dag.py
[2022-02-19 13:38:52,901] {processor.py:654} INFO - DAG(s) dict_keys(['example_trigger_target_dag']) retrieved from /home/airflow/.local/lib/python3.7/site-packages/airflow/example_dags/example_trigger_target_dag.py
[2022-02-19 13:38:52,912] {logging_mixin.py:109} INFO - [2022-02-19 13:38:52,912] {dag.py:2396} INFO - Sync 1 DAGs
[2022-02-19 13:38:52,929] {logging_mixin.py:109} INFO - [2022-02-19 13:38:52,929] {dag.py:2935} INFO - Setting next_dagrun for example_trigger_target_dag to None
[2022-02-19 13:38:52,938] {processor.py:171} INFO - Processing /home/airflow/.local/lib/python3.7/site-packages/airflow/example_dags/example_trigger_target_dag.py took 0.075 seconds
[2022-02-19 13:39:23,422] {processor.py:163} INFO - Started process (PID=402) to work on /home/airflow/.local/lib/python3.7/site-packages/airflow/example_dags/example_trigger_target_dag.py
[2022-02-19 13:39:23,423] {processor.py:642} INFO - Processing file /home/airflow/.local/lib/python3.7/site-packages/airflow/example_dags/example_trigger_target_dag.py for tasks to queue
[2022-02-19 13:39:23,424] {logging_mixin.py:109} INFO - [2022-02-19 13:39:23,424] {dagbag.py:500} INFO - Filling up the DagBag from /home/airflow/.local/lib/python3.7/site-packages/airflow/example_dags/example_trigger_target_dag.py
[2022-02-19 13:39:23,454] {processor.py:654} INFO - DAG(s) dict_keys(['example_trigger_target_dag']) retrieved from /home/airflow/.local/lib/python3.7/site-packages/airflow/example_dags/example_trigger_target_dag.py
[2022-02-19 13:39:23,463] {logging_mixin.py:109} INFO - [2022-02-19 13:39:23,463] {dag.py:2396} INFO - Sync 1 DAGs
[2022-02-19 13:39:23,476] {logging_mixin.py:109} INFO - [2022-02-19 13:39:23,476] {dag.py:2935} INFO - Setting next_dagrun for example_trigger_target_dag to None
[2022-02-19 13:39:23,483] {processor.py:171} INFO - Processing /home/airflow/.local/lib/python3.7/site-packages/airflow/example_dags/example_trigger_target_dag.py took 0.065 seconds
[2022-02-19 13:39:53,630] {processor.py:163} INFO - Started process (PID=454) to work on /home/airflow/.local/lib/python3.7/site-packages/airflow/example_dags/example_trigger_target_dag.py
[2022-02-19 13:39:53,632] {processor.py:642} INFO - Processing file /home/airflow/.local/lib/python3.7/site-packages/airflow/example_dags/example_trigger_target_dag.py for tasks to queue
[2022-02-19 13:39:53,634] {logging_mixin.py:109} INFO - [2022-02-19 13:39:53,634] {dagbag.py:500} INFO - Filling up the DagBag from /home/airflow/.local/lib/python3.7/site-packages/airflow/example_dags/example_trigger_target_dag.py
[2022-02-19 13:39:53,672] {processor.py:654} INFO - DAG(s) dict_keys(['example_trigger_target_dag']) retrieved from /home/airflow/.local/lib/python3.7/site-packages/airflow/example_dags/example_trigger_target_dag.py
[2022-02-19 13:39:53,684] {logging_mixin.py:109} INFO - [2022-02-19 13:39:53,683] {dag.py:2396} INFO - Sync 1 DAGs
[2022-02-19 13:39:53,700] {logging_mixin.py:109} INFO - [2022-02-19 13:39:53,700] {dag.py:2935} INFO - Setting next_dagrun for example_trigger_target_dag to None
[2022-02-19 13:39:53,710] {processor.py:171} INFO - Processing /home/airflow/.local/lib/python3.7/site-packages/airflow/example_dags/example_trigger_target_dag.py took 0.084 seconds
[2022-02-19 13:40:24,637] {processor.py:163} INFO - Started process (PID=514) to work on /home/airflow/.local/lib/python3.7/site-packages/airflow/example_dags/example_trigger_target_dag.py
[2022-02-19 13:40:24,638] {processor.py:642} INFO - Processing file /home/airflow/.local/lib/python3.7/site-packages/airflow/example_dags/example_trigger_target_dag.py for tasks to queue
[2022-02-19 13:40:24,639] {logging_mixin.py:109} INFO - [2022-02-19 13:40:24,639] {dagbag.py:500} INFO - Filling up the DagBag from /home/airflow/.local/lib/python3.7/site-packages/airflow/example_dags/example_trigger_target_dag.py
[2022-02-19 13:40:24,671] {processor.py:654} INFO - DAG(s) dict_keys(['example_trigger_target_dag']) retrieved from /home/airflow/.local/lib/python3.7/site-packages/airflow/example_dags/example_trigger_target_dag.py
[2022-02-19 13:40:24,681] {logging_mixin.py:109} INFO - [2022-02-19 13:40:24,681] {dag.py:2396} INFO - Sync 1 DAGs
[2022-02-19 13:40:24,695] {logging_mixin.py:109} INFO - [2022-02-19 13:40:24,695] {dag.py:2935} INFO - Setting next_dagrun for example_trigger_target_dag to None
[2022-02-19 13:40:24,703] {processor.py:171} INFO - Processing /home/airflow/.local/lib/python3.7/site-packages/airflow/example_dags/example_trigger_target_dag.py took 0.070 seconds
[2022-02-19 13:40:55,148] {processor.py:163} INFO - Started process (PID=565) to work on /home/airflow/.local/lib/python3.7/site-packages/airflow/example_dags/example_trigger_target_dag.py
[2022-02-19 13:40:55,150] {processor.py:642} INFO - Processing file /home/airflow/.local/lib/python3.7/site-packages/airflow/example_dags/example_trigger_target_dag.py for tasks to queue
[2022-02-19 13:40:55,151] {logging_mixin.py:109} INFO - [2022-02-19 13:40:55,151] {dagbag.py:500} INFO - Filling up the DagBag from /home/airflow/.local/lib/python3.7/site-packages/airflow/example_dags/example_trigger_target_dag.py
[2022-02-19 13:40:55,186] {processor.py:654} INFO - DAG(s) dict_keys(['example_trigger_target_dag']) retrieved from /home/airflow/.local/lib/python3.7/site-packages/airflow/example_dags/example_trigger_target_dag.py
[2022-02-19 13:40:55,196] {logging_mixin.py:109} INFO - [2022-02-19 13:40:55,195] {dag.py:2396} INFO - Sync 1 DAGs
[2022-02-19 13:40:55,211] {logging_mixin.py:109} INFO - [2022-02-19 13:40:55,211] {dag.py:2935} INFO - Setting next_dagrun for example_trigger_target_dag to None
[2022-02-19 13:40:55,220] {processor.py:171} INFO - Processing /home/airflow/.local/lib/python3.7/site-packages/airflow/example_dags/example_trigger_target_dag.py took 0.077 seconds
[2022-02-19 13:41:39,266] {processor.py:163} INFO - Started process (PID=619) to work on /home/airflow/.local/lib/python3.7/site-packages/airflow/example_dags/example_trigger_target_dag.py
[2022-02-19 13:41:39,268] {processor.py:642} INFO - Processing file /home/airflow/.local/lib/python3.7/site-packages/airflow/example_dags/example_trigger_target_dag.py for tasks to queue
[2022-02-19 13:41:39,270] {logging_mixin.py:109} INFO - [2022-02-19 13:41:39,270] {dagbag.py:500} INFO - Filling up the DagBag from /home/airflow/.local/lib/python3.7/site-packages/airflow/example_dags/example_trigger_target_dag.py
[2022-02-19 13:41:39,301] {processor.py:654} INFO - DAG(s) dict_keys(['example_trigger_target_dag']) retrieved from /home/airflow/.local/lib/python3.7/site-packages/airflow/example_dags/example_trigger_target_dag.py
[2022-02-19 13:41:39,312] {logging_mixin.py:109} INFO - [2022-02-19 13:41:39,312] {dag.py:2396} INFO - Sync 1 DAGs
[2022-02-19 13:41:39,334] {logging_mixin.py:109} INFO - [2022-02-19 13:41:39,334] {dag.py:2935} INFO - Setting next_dagrun for example_trigger_target_dag to None
[2022-02-19 13:41:39,370] {processor.py:171} INFO - Processing /home/airflow/.local/lib/python3.7/site-packages/airflow/example_dags/example_trigger_target_dag.py took 0.107 seconds
[2022-02-19 13:53:17,308] {processor.py:163} INFO - Started process (PID=60) to work on /home/airflow/.local/lib/python3.7/site-packages/airflow/example_dags/example_trigger_target_dag.py
[2022-02-19 13:53:17,315] {processor.py:642} INFO - Processing file /home/airflow/.local/lib/python3.7/site-packages/airflow/example_dags/example_trigger_target_dag.py for tasks to queue
[2022-02-19 13:53:17,323] {logging_mixin.py:109} INFO - [2022-02-19 13:53:17,322] {dagbag.py:500} INFO - Filling up the DagBag from /home/airflow/.local/lib/python3.7/site-packages/airflow/example_dags/example_trigger_target_dag.py
[2022-02-19 13:53:20,130] {processor.py:654} INFO - DAG(s) dict_keys(['example_trigger_target_dag']) retrieved from /home/airflow/.local/lib/python3.7/site-packages/airflow/example_dags/example_trigger_target_dag.py
[2022-02-19 13:53:20,161] {logging_mixin.py:109} INFO - [2022-02-19 13:53:20,161] {dag.py:2396} INFO - Sync 1 DAGs
[2022-02-19 13:53:20,186] {logging_mixin.py:109} INFO - [2022-02-19 13:53:20,186] {dag.py:2935} INFO - Setting next_dagrun for example_trigger_target_dag to None
[2022-02-19 13:53:20,201] {processor.py:171} INFO - Processing /home/airflow/.local/lib/python3.7/site-packages/airflow/example_dags/example_trigger_target_dag.py took 2.922 seconds
[2022-02-19 13:54:38,074] {processor.py:163} INFO - Started process (PID=133) to work on /home/airflow/.local/lib/python3.7/site-packages/airflow/example_dags/example_trigger_target_dag.py
[2022-02-19 13:54:38,094] {processor.py:642} INFO - Processing file /home/airflow/.local/lib/python3.7/site-packages/airflow/example_dags/example_trigger_target_dag.py for tasks to queue
[2022-02-19 13:54:38,153] {logging_mixin.py:109} INFO - [2022-02-19 13:54:38,150] {dagbag.py:500} INFO - Filling up the DagBag from /home/airflow/.local/lib/python3.7/site-packages/airflow/example_dags/example_trigger_target_dag.py
[2022-02-19 13:54:42,992] {processor.py:654} INFO - DAG(s) dict_keys(['example_trigger_target_dag']) retrieved from /home/airflow/.local/lib/python3.7/site-packages/airflow/example_dags/example_trigger_target_dag.py
[2022-02-19 13:54:45,172] {logging_mixin.py:109} INFO - [2022-02-19 13:54:45,170] {dag.py:2396} INFO - Sync 1 DAGs
[2022-02-19 13:54:47,411] {logging_mixin.py:109} INFO - [2022-02-19 13:54:47,410] {dag.py:2935} INFO - Setting next_dagrun for example_trigger_target_dag to None
[2022-02-19 13:54:51,531] {processor.py:171} INFO - Processing /home/airflow/.local/lib/python3.7/site-packages/airflow/example_dags/example_trigger_target_dag.py took 13.562 seconds
[2022-02-19 13:58:53,936] {processor.py:163} INFO - Started process (PID=90) to work on /home/airflow/.local/lib/python3.7/site-packages/airflow/example_dags/example_trigger_target_dag.py
[2022-02-19 13:58:53,950] {processor.py:642} INFO - Processing file /home/airflow/.local/lib/python3.7/site-packages/airflow/example_dags/example_trigger_target_dag.py for tasks to queue
[2022-02-19 13:58:53,961] {logging_mixin.py:109} INFO - [2022-02-19 13:58:53,960] {dagbag.py:500} INFO - Filling up the DagBag from /home/airflow/.local/lib/python3.7/site-packages/airflow/example_dags/example_trigger_target_dag.py
[2022-02-19 13:59:06,453] {processor.py:654} INFO - DAG(s) dict_keys(['example_trigger_target_dag']) retrieved from /home/airflow/.local/lib/python3.7/site-packages/airflow/example_dags/example_trigger_target_dag.py
[2022-02-19 13:59:06,932] {logging_mixin.py:109} INFO - [2022-02-19 13:59:06,929] {dag.py:2396} INFO - Sync 1 DAGs
[2022-02-19 13:59:07,052] {logging_mixin.py:109} INFO - [2022-02-19 13:59:07,051] {dag.py:2935} INFO - Setting next_dagrun for example_trigger_target_dag to None
[2022-02-19 13:59:07,164] {processor.py:171} INFO - Processing /home/airflow/.local/lib/python3.7/site-packages/airflow/example_dags/example_trigger_target_dag.py took 13.658 seconds
[2022-02-19 14:01:37,030] {processor.py:163} INFO - Started process (PID=187) to work on /home/airflow/.local/lib/python3.7/site-packages/airflow/example_dags/example_trigger_target_dag.py
[2022-02-19 14:01:37,082] {processor.py:642} INFO - Processing file /home/airflow/.local/lib/python3.7/site-packages/airflow/example_dags/example_trigger_target_dag.py for tasks to queue
[2022-02-19 14:01:37,092] {logging_mixin.py:109} INFO - [2022-02-19 14:01:37,092] {dagbag.py:500} INFO - Filling up the DagBag from /home/airflow/.local/lib/python3.7/site-packages/airflow/example_dags/example_trigger_target_dag.py
[2022-02-19 14:01:37,381] {processor.py:654} INFO - DAG(s) dict_keys(['example_trigger_target_dag']) retrieved from /home/airflow/.local/lib/python3.7/site-packages/airflow/example_dags/example_trigger_target_dag.py
[2022-02-19 14:01:37,460] {logging_mixin.py:109} INFO - [2022-02-19 14:01:37,460] {dag.py:2396} INFO - Sync 1 DAGs
[2022-02-19 14:01:37,520] {logging_mixin.py:109} INFO - [2022-02-19 14:01:37,520] {dag.py:2935} INFO - Setting next_dagrun for example_trigger_target_dag to None
[2022-02-19 14:01:37,554] {processor.py:171} INFO - Processing /home/airflow/.local/lib/python3.7/site-packages/airflow/example_dags/example_trigger_target_dag.py took 0.585 seconds
[2022-02-19 14:02:09,234] {processor.py:163} INFO - Started process (PID=240) to work on /home/airflow/.local/lib/python3.7/site-packages/airflow/example_dags/example_trigger_target_dag.py
[2022-02-19 14:02:09,237] {processor.py:642} INFO - Processing file /home/airflow/.local/lib/python3.7/site-packages/airflow/example_dags/example_trigger_target_dag.py for tasks to queue
[2022-02-19 14:02:09,240] {logging_mixin.py:109} INFO - [2022-02-19 14:02:09,240] {dagbag.py:500} INFO - Filling up the DagBag from /home/airflow/.local/lib/python3.7/site-packages/airflow/example_dags/example_trigger_target_dag.py
[2022-02-19 14:02:09,339] {processor.py:654} INFO - DAG(s) dict_keys(['example_trigger_target_dag']) retrieved from /home/airflow/.local/lib/python3.7/site-packages/airflow/example_dags/example_trigger_target_dag.py
[2022-02-19 14:02:09,362] {logging_mixin.py:109} INFO - [2022-02-19 14:02:09,362] {dag.py:2396} INFO - Sync 1 DAGs
[2022-02-19 14:02:09,395] {logging_mixin.py:109} INFO - [2022-02-19 14:02:09,395] {dag.py:2935} INFO - Setting next_dagrun for example_trigger_target_dag to None
[2022-02-19 14:02:09,413] {processor.py:171} INFO - Processing /home/airflow/.local/lib/python3.7/site-packages/airflow/example_dags/example_trigger_target_dag.py took 0.187 seconds
[2022-02-19 14:07:02,561] {processor.py:163} INFO - Started process (PID=71) to work on /home/airflow/.local/lib/python3.7/site-packages/airflow/example_dags/example_trigger_target_dag.py
[2022-02-19 14:07:02,564] {processor.py:642} INFO - Processing file /home/airflow/.local/lib/python3.7/site-packages/airflow/example_dags/example_trigger_target_dag.py for tasks to queue
[2022-02-19 14:07:02,571] {logging_mixin.py:109} INFO - [2022-02-19 14:07:02,571] {dagbag.py:500} INFO - Filling up the DagBag from /home/airflow/.local/lib/python3.7/site-packages/airflow/example_dags/example_trigger_target_dag.py
[2022-02-19 14:07:02,743] {processor.py:654} INFO - DAG(s) dict_keys(['example_trigger_target_dag']) retrieved from /home/airflow/.local/lib/python3.7/site-packages/airflow/example_dags/example_trigger_target_dag.py
[2022-02-19 14:07:02,764] {logging_mixin.py:109} INFO - [2022-02-19 14:07:02,764] {dag.py:2396} INFO - Sync 1 DAGs
[2022-02-19 14:07:02,826] {logging_mixin.py:109} INFO - [2022-02-19 14:07:02,825] {dag.py:2935} INFO - Setting next_dagrun for example_trigger_target_dag to None
[2022-02-19 14:07:02,876] {processor.py:171} INFO - Processing /home/airflow/.local/lib/python3.7/site-packages/airflow/example_dags/example_trigger_target_dag.py took 0.322 seconds
[2022-02-19 14:15:52,374] {processor.py:163} INFO - Started process (PID=156) to work on /home/airflow/.local/lib/python3.7/site-packages/airflow/example_dags/example_trigger_target_dag.py
[2022-02-19 14:15:52,395] {processor.py:642} INFO - Processing file /home/airflow/.local/lib/python3.7/site-packages/airflow/example_dags/example_trigger_target_dag.py for tasks to queue
[2022-02-19 14:15:52,406] {logging_mixin.py:109} INFO - [2022-02-19 14:15:52,405] {dagbag.py:500} INFO - Filling up the DagBag from /home/airflow/.local/lib/python3.7/site-packages/airflow/example_dags/example_trigger_target_dag.py
[2022-02-19 14:15:52,611] {processor.py:654} INFO - DAG(s) dict_keys(['example_trigger_target_dag']) retrieved from /home/airflow/.local/lib/python3.7/site-packages/airflow/example_dags/example_trigger_target_dag.py
[2022-02-19 14:15:52,696] {logging_mixin.py:109} INFO - [2022-02-19 14:15:52,696] {dag.py:2396} INFO - Sync 1 DAGs
[2022-02-19 14:15:52,780] {logging_mixin.py:109} INFO - [2022-02-19 14:15:52,779] {dag.py:2935} INFO - Setting next_dagrun for example_trigger_target_dag to None
[2022-02-19 14:15:52,821] {processor.py:171} INFO - Processing /home/airflow/.local/lib/python3.7/site-packages/airflow/example_dags/example_trigger_target_dag.py took 0.471 seconds
[2022-02-19 14:16:27,065] {processor.py:163} INFO - Started process (PID=203) to work on /home/airflow/.local/lib/python3.7/site-packages/airflow/example_dags/example_trigger_target_dag.py
[2022-02-19 14:16:27,076] {processor.py:642} INFO - Processing file /home/airflow/.local/lib/python3.7/site-packages/airflow/example_dags/example_trigger_target_dag.py for tasks to queue
[2022-02-19 14:16:27,083] {logging_mixin.py:109} INFO - [2022-02-19 14:16:27,082] {dagbag.py:500} INFO - Filling up the DagBag from /home/airflow/.local/lib/python3.7/site-packages/airflow/example_dags/example_trigger_target_dag.py
[2022-02-19 14:16:27,979] {processor.py:654} INFO - DAG(s) dict_keys(['example_trigger_target_dag']) retrieved from /home/airflow/.local/lib/python3.7/site-packages/airflow/example_dags/example_trigger_target_dag.py
[2022-02-19 14:16:28,234] {logging_mixin.py:109} INFO - [2022-02-19 14:16:28,230] {dag.py:2396} INFO - Sync 1 DAGs
[2022-02-19 14:16:28,460] {logging_mixin.py:109} INFO - [2022-02-19 14:16:28,460] {dag.py:2935} INFO - Setting next_dagrun for example_trigger_target_dag to None
[2022-02-19 14:16:28,612] {processor.py:171} INFO - Processing /home/airflow/.local/lib/python3.7/site-packages/airflow/example_dags/example_trigger_target_dag.py took 1.636 seconds
[2022-02-19 14:21:02,634] {processor.py:163} INFO - Started process (PID=70) to work on /home/airflow/.local/lib/python3.7/site-packages/airflow/example_dags/example_trigger_target_dag.py
[2022-02-19 14:21:02,639] {processor.py:642} INFO - Processing file /home/airflow/.local/lib/python3.7/site-packages/airflow/example_dags/example_trigger_target_dag.py for tasks to queue
[2022-02-19 14:21:02,644] {logging_mixin.py:109} INFO - [2022-02-19 14:21:02,643] {dagbag.py:500} INFO - Filling up the DagBag from /home/airflow/.local/lib/python3.7/site-packages/airflow/example_dags/example_trigger_target_dag.py
[2022-02-19 14:21:03,900] {processor.py:654} INFO - DAG(s) dict_keys(['example_trigger_target_dag']) retrieved from /home/airflow/.local/lib/python3.7/site-packages/airflow/example_dags/example_trigger_target_dag.py
[2022-02-19 14:21:06,521] {logging_mixin.py:109} INFO - [2022-02-19 14:21:06,511] {dag.py:2396} INFO - Sync 1 DAGs
[2022-02-19 14:21:07,236] {logging_mixin.py:109} INFO - [2022-02-19 14:21:07,234] {dag.py:2935} INFO - Setting next_dagrun for example_trigger_target_dag to None
[2022-02-19 14:21:08,503] {processor.py:171} INFO - Processing /home/airflow/.local/lib/python3.7/site-packages/airflow/example_dags/example_trigger_target_dag.py took 5.889 seconds
[2022-02-19 14:22:21,873] {processor.py:163} INFO - Started process (PID=128) to work on /home/airflow/.local/lib/python3.7/site-packages/airflow/example_dags/example_trigger_target_dag.py
[2022-02-19 14:22:21,878] {processor.py:642} INFO - Processing file /home/airflow/.local/lib/python3.7/site-packages/airflow/example_dags/example_trigger_target_dag.py for tasks to queue
[2022-02-19 14:22:21,882] {logging_mixin.py:109} INFO - [2022-02-19 14:22:21,882] {dagbag.py:500} INFO - Filling up the DagBag from /home/airflow/.local/lib/python3.7/site-packages/airflow/example_dags/example_trigger_target_dag.py
[2022-02-19 14:22:21,966] {processor.py:654} INFO - DAG(s) dict_keys(['example_trigger_target_dag']) retrieved from /home/airflow/.local/lib/python3.7/site-packages/airflow/example_dags/example_trigger_target_dag.py
[2022-02-19 14:22:21,999] {logging_mixin.py:109} INFO - [2022-02-19 14:22:21,998] {dag.py:2396} INFO - Sync 1 DAGs
[2022-02-19 14:22:22,035] {logging_mixin.py:109} INFO - [2022-02-19 14:22:22,035] {dag.py:2935} INFO - Setting next_dagrun for example_trigger_target_dag to None
[2022-02-19 14:22:22,072] {processor.py:171} INFO - Processing /home/airflow/.local/lib/python3.7/site-packages/airflow/example_dags/example_trigger_target_dag.py took 0.206 seconds
[2022-02-19 14:27:06,210] {processor.py:163} INFO - Started process (PID=70) to work on /home/airflow/.local/lib/python3.7/site-packages/airflow/example_dags/example_trigger_target_dag.py
[2022-02-19 14:27:06,220] {processor.py:642} INFO - Processing file /home/airflow/.local/lib/python3.7/site-packages/airflow/example_dags/example_trigger_target_dag.py for tasks to queue
[2022-02-19 14:27:06,229] {logging_mixin.py:109} INFO - [2022-02-19 14:27:06,229] {dagbag.py:500} INFO - Filling up the DagBag from /home/airflow/.local/lib/python3.7/site-packages/airflow/example_dags/example_trigger_target_dag.py
[2022-02-19 14:27:07,842] {processor.py:654} INFO - DAG(s) dict_keys(['example_trigger_target_dag']) retrieved from /home/airflow/.local/lib/python3.7/site-packages/airflow/example_dags/example_trigger_target_dag.py
[2022-02-19 14:27:07,920] {logging_mixin.py:109} INFO - [2022-02-19 14:27:07,920] {dag.py:2396} INFO - Sync 1 DAGs
[2022-02-19 14:27:08,034] {logging_mixin.py:109} INFO - [2022-02-19 14:27:08,033] {dag.py:2935} INFO - Setting next_dagrun for example_trigger_target_dag to None
[2022-02-19 14:27:08,090] {processor.py:171} INFO - Processing /home/airflow/.local/lib/python3.7/site-packages/airflow/example_dags/example_trigger_target_dag.py took 1.886 seconds
