[2022-02-19 13:24:13,160] {processor.py:163} INFO - Started process (PID=390) to work on /home/airflow/.local/lib/python3.7/site-packages/airflow/example_dags/example_short_circuit_operator.py
[2022-02-19 13:24:13,162] {processor.py:642} INFO - Processing file /home/airflow/.local/lib/python3.7/site-packages/airflow/example_dags/example_short_circuit_operator.py for tasks to queue
[2022-02-19 13:24:13,164] {logging_mixin.py:109} INFO - [2022-02-19 13:24:13,163] {dagbag.py:500} INFO - Filling up the DagBag from /home/airflow/.local/lib/python3.7/site-packages/airflow/example_dags/example_short_circuit_operator.py
[2022-02-19 13:24:13,202] {processor.py:654} INFO - DAG(s) dict_keys(['example_short_circuit_operator']) retrieved from /home/airflow/.local/lib/python3.7/site-packages/airflow/example_dags/example_short_circuit_operator.py
[2022-02-19 13:29:44,557] {processor.py:163} INFO - Started process (PID=691) to work on /home/airflow/.local/lib/python3.7/site-packages/airflow/example_dags/example_short_circuit_operator.py
[2022-02-19 13:29:44,559] {processor.py:642} INFO - Processing file /home/airflow/.local/lib/python3.7/site-packages/airflow/example_dags/example_short_circuit_operator.py for tasks to queue
[2022-02-19 13:29:44,561] {logging_mixin.py:109} INFO - [2022-02-19 13:29:44,561] {dagbag.py:500} INFO - Filling up the DagBag from /home/airflow/.local/lib/python3.7/site-packages/airflow/example_dags/example_short_circuit_operator.py
[2022-02-19 13:29:44,606] {processor.py:654} INFO - DAG(s) dict_keys(['example_short_circuit_operator']) retrieved from /home/airflow/.local/lib/python3.7/site-packages/airflow/example_dags/example_short_circuit_operator.py
[2022-02-19 13:29:47,480] {logging_mixin.py:109} INFO - [2022-02-19 13:29:47,480] {manager.py:496} INFO - Created Permission View: can read on DAG:example_short_circuit_operator
[2022-02-19 13:29:47,491] {logging_mixin.py:109} INFO - [2022-02-19 13:29:47,491] {manager.py:496} INFO - Created Permission View: can edit on DAG:example_short_circuit_operator
[2022-02-19 13:29:47,493] {logging_mixin.py:109} INFO - [2022-02-19 13:29:47,492] {dag.py:2396} INFO - Sync 1 DAGs
[2022-02-19 13:29:47,605] {logging_mixin.py:109} INFO - [2022-02-19 13:29:47,604] {dag.py:2415} INFO - Creating ORM DAG for example_short_circuit_operator
[2022-02-19 13:29:47,615] {logging_mixin.py:109} INFO - [2022-02-19 13:29:47,615] {dag.py:2935} INFO - Setting next_dagrun for example_short_circuit_operator to 2022-02-18T13:29:47.614676+00:00
[2022-02-19 13:29:47,633] {processor.py:171} INFO - Processing /home/airflow/.local/lib/python3.7/site-packages/airflow/example_dags/example_short_circuit_operator.py took 3.081 seconds
[2022-02-19 13:37:16,857] {processor.py:163} INFO - Started process (PID=176) to work on /home/airflow/.local/lib/python3.7/site-packages/airflow/example_dags/example_short_circuit_operator.py
[2022-02-19 13:37:16,860] {processor.py:642} INFO - Processing file /home/airflow/.local/lib/python3.7/site-packages/airflow/example_dags/example_short_circuit_operator.py for tasks to queue
[2022-02-19 13:37:16,891] {logging_mixin.py:109} INFO - [2022-02-19 13:37:16,886] {dagbag.py:500} INFO - Filling up the DagBag from /home/airflow/.local/lib/python3.7/site-packages/airflow/example_dags/example_short_circuit_operator.py
[2022-02-19 13:37:17,126] {processor.py:654} INFO - DAG(s) dict_keys(['example_short_circuit_operator']) retrieved from /home/airflow/.local/lib/python3.7/site-packages/airflow/example_dags/example_short_circuit_operator.py
[2022-02-19 13:37:17,170] {logging_mixin.py:109} INFO - [2022-02-19 13:37:17,169] {dag.py:2396} INFO - Sync 1 DAGs
[2022-02-19 13:37:17,333] {logging_mixin.py:109} INFO - [2022-02-19 13:37:17,325] {dag.py:2935} INFO - Setting next_dagrun for example_short_circuit_operator to 2022-02-18T13:37:17.321544+00:00
[2022-02-19 13:37:18,604] {processor.py:171} INFO - Processing /home/airflow/.local/lib/python3.7/site-packages/airflow/example_dags/example_short_circuit_operator.py took 1.763 seconds
[2022-02-19 13:37:53,961] {processor.py:163} INFO - Started process (PID=247) to work on /home/airflow/.local/lib/python3.7/site-packages/airflow/example_dags/example_short_circuit_operator.py
[2022-02-19 13:37:53,966] {processor.py:642} INFO - Processing file /home/airflow/.local/lib/python3.7/site-packages/airflow/example_dags/example_short_circuit_operator.py for tasks to queue
[2022-02-19 13:37:53,968] {logging_mixin.py:109} INFO - [2022-02-19 13:37:53,968] {dagbag.py:500} INFO - Filling up the DagBag from /home/airflow/.local/lib/python3.7/site-packages/airflow/example_dags/example_short_circuit_operator.py
[2022-02-19 13:37:54,029] {processor.py:654} INFO - DAG(s) dict_keys(['example_short_circuit_operator']) retrieved from /home/airflow/.local/lib/python3.7/site-packages/airflow/example_dags/example_short_circuit_operator.py
[2022-02-19 13:37:54,051] {logging_mixin.py:109} INFO - [2022-02-19 13:37:54,051] {dag.py:2396} INFO - Sync 1 DAGs
[2022-02-19 13:37:54,086] {logging_mixin.py:109} INFO - [2022-02-19 13:37:54,086] {dag.py:2935} INFO - Setting next_dagrun for example_short_circuit_operator to 2022-02-18T13:37:54.086262+00:00
[2022-02-19 13:37:54,098] {processor.py:171} INFO - Processing /home/airflow/.local/lib/python3.7/site-packages/airflow/example_dags/example_short_circuit_operator.py took 0.142 seconds
[2022-02-19 13:38:24,285] {processor.py:163} INFO - Started process (PID=297) to work on /home/airflow/.local/lib/python3.7/site-packages/airflow/example_dags/example_short_circuit_operator.py
[2022-02-19 13:38:24,286] {processor.py:642} INFO - Processing file /home/airflow/.local/lib/python3.7/site-packages/airflow/example_dags/example_short_circuit_operator.py for tasks to queue
[2022-02-19 13:38:24,287] {logging_mixin.py:109} INFO - [2022-02-19 13:38:24,287] {dagbag.py:500} INFO - Filling up the DagBag from /home/airflow/.local/lib/python3.7/site-packages/airflow/example_dags/example_short_circuit_operator.py
[2022-02-19 13:38:24,321] {processor.py:654} INFO - DAG(s) dict_keys(['example_short_circuit_operator']) retrieved from /home/airflow/.local/lib/python3.7/site-packages/airflow/example_dags/example_short_circuit_operator.py
[2022-02-19 13:38:24,331] {logging_mixin.py:109} INFO - [2022-02-19 13:38:24,331] {dag.py:2396} INFO - Sync 1 DAGs
[2022-02-19 13:38:24,348] {logging_mixin.py:109} INFO - [2022-02-19 13:38:24,348] {dag.py:2935} INFO - Setting next_dagrun for example_short_circuit_operator to 2022-02-18T13:38:24.347895+00:00
[2022-02-19 13:38:24,357] {processor.py:171} INFO - Processing /home/airflow/.local/lib/python3.7/site-packages/airflow/example_dags/example_short_circuit_operator.py took 0.076 seconds
[2022-02-19 13:38:55,362] {processor.py:163} INFO - Started process (PID=347) to work on /home/airflow/.local/lib/python3.7/site-packages/airflow/example_dags/example_short_circuit_operator.py
[2022-02-19 13:38:55,364] {processor.py:642} INFO - Processing file /home/airflow/.local/lib/python3.7/site-packages/airflow/example_dags/example_short_circuit_operator.py for tasks to queue
[2022-02-19 13:38:55,365] {logging_mixin.py:109} INFO - [2022-02-19 13:38:55,365] {dagbag.py:500} INFO - Filling up the DagBag from /home/airflow/.local/lib/python3.7/site-packages/airflow/example_dags/example_short_circuit_operator.py
[2022-02-19 13:38:55,405] {processor.py:654} INFO - DAG(s) dict_keys(['example_short_circuit_operator']) retrieved from /home/airflow/.local/lib/python3.7/site-packages/airflow/example_dags/example_short_circuit_operator.py
[2022-02-19 13:38:55,417] {logging_mixin.py:109} INFO - [2022-02-19 13:38:55,417] {dag.py:2396} INFO - Sync 1 DAGs
[2022-02-19 13:38:55,435] {logging_mixin.py:109} INFO - [2022-02-19 13:38:55,435] {dag.py:2935} INFO - Setting next_dagrun for example_short_circuit_operator to 2022-02-18T13:38:55.435070+00:00
[2022-02-19 13:38:55,445] {processor.py:171} INFO - Processing /home/airflow/.local/lib/python3.7/site-packages/airflow/example_dags/example_short_circuit_operator.py took 0.087 seconds
[2022-02-19 13:39:25,913] {processor.py:163} INFO - Started process (PID=407) to work on /home/airflow/.local/lib/python3.7/site-packages/airflow/example_dags/example_short_circuit_operator.py
[2022-02-19 13:39:25,915] {processor.py:642} INFO - Processing file /home/airflow/.local/lib/python3.7/site-packages/airflow/example_dags/example_short_circuit_operator.py for tasks to queue
[2022-02-19 13:39:25,916] {logging_mixin.py:109} INFO - [2022-02-19 13:39:25,916] {dagbag.py:500} INFO - Filling up the DagBag from /home/airflow/.local/lib/python3.7/site-packages/airflow/example_dags/example_short_circuit_operator.py
[2022-02-19 13:39:25,947] {processor.py:654} INFO - DAG(s) dict_keys(['example_short_circuit_operator']) retrieved from /home/airflow/.local/lib/python3.7/site-packages/airflow/example_dags/example_short_circuit_operator.py
[2022-02-19 13:39:25,966] {logging_mixin.py:109} INFO - [2022-02-19 13:39:25,966] {dag.py:2396} INFO - Sync 1 DAGs
[2022-02-19 13:39:25,987] {logging_mixin.py:109} INFO - [2022-02-19 13:39:25,987] {dag.py:2935} INFO - Setting next_dagrun for example_short_circuit_operator to 2022-02-18T13:39:25.987296+00:00
[2022-02-19 13:39:25,998] {processor.py:171} INFO - Processing /home/airflow/.local/lib/python3.7/site-packages/airflow/example_dags/example_short_circuit_operator.py took 0.088 seconds
[2022-02-19 13:39:57,253] {processor.py:163} INFO - Started process (PID=460) to work on /home/airflow/.local/lib/python3.7/site-packages/airflow/example_dags/example_short_circuit_operator.py
[2022-02-19 13:39:57,254] {processor.py:642} INFO - Processing file /home/airflow/.local/lib/python3.7/site-packages/airflow/example_dags/example_short_circuit_operator.py for tasks to queue
[2022-02-19 13:39:57,256] {logging_mixin.py:109} INFO - [2022-02-19 13:39:57,256] {dagbag.py:500} INFO - Filling up the DagBag from /home/airflow/.local/lib/python3.7/site-packages/airflow/example_dags/example_short_circuit_operator.py
[2022-02-19 13:39:57,286] {processor.py:654} INFO - DAG(s) dict_keys(['example_short_circuit_operator']) retrieved from /home/airflow/.local/lib/python3.7/site-packages/airflow/example_dags/example_short_circuit_operator.py
[2022-02-19 13:39:57,297] {logging_mixin.py:109} INFO - [2022-02-19 13:39:57,296] {dag.py:2396} INFO - Sync 1 DAGs
[2022-02-19 13:39:57,311] {logging_mixin.py:109} INFO - [2022-02-19 13:39:57,311] {dag.py:2935} INFO - Setting next_dagrun for example_short_circuit_operator to 2022-02-18T13:39:57.311487+00:00
[2022-02-19 13:39:57,320] {processor.py:171} INFO - Processing /home/airflow/.local/lib/python3.7/site-packages/airflow/example_dags/example_short_circuit_operator.py took 0.070 seconds
[2022-02-19 13:40:28,405] {processor.py:163} INFO - Started process (PID=520) to work on /home/airflow/.local/lib/python3.7/site-packages/airflow/example_dags/example_short_circuit_operator.py
[2022-02-19 13:40:28,407] {processor.py:642} INFO - Processing file /home/airflow/.local/lib/python3.7/site-packages/airflow/example_dags/example_short_circuit_operator.py for tasks to queue
[2022-02-19 13:40:28,408] {logging_mixin.py:109} INFO - [2022-02-19 13:40:28,408] {dagbag.py:500} INFO - Filling up the DagBag from /home/airflow/.local/lib/python3.7/site-packages/airflow/example_dags/example_short_circuit_operator.py
[2022-02-19 13:40:28,443] {processor.py:654} INFO - DAG(s) dict_keys(['example_short_circuit_operator']) retrieved from /home/airflow/.local/lib/python3.7/site-packages/airflow/example_dags/example_short_circuit_operator.py
[2022-02-19 13:40:28,457] {logging_mixin.py:109} INFO - [2022-02-19 13:40:28,457] {dag.py:2396} INFO - Sync 1 DAGs
[2022-02-19 13:40:28,474] {logging_mixin.py:109} INFO - [2022-02-19 13:40:28,474] {dag.py:2935} INFO - Setting next_dagrun for example_short_circuit_operator to 2022-02-18T13:40:28.474339+00:00
[2022-02-19 13:40:28,484] {processor.py:171} INFO - Processing /home/airflow/.local/lib/python3.7/site-packages/airflow/example_dags/example_short_circuit_operator.py took 0.083 seconds
[2022-02-19 13:41:03,081] {processor.py:163} INFO - Started process (PID=579) to work on /home/airflow/.local/lib/python3.7/site-packages/airflow/example_dags/example_short_circuit_operator.py
[2022-02-19 13:41:03,084] {processor.py:642} INFO - Processing file /home/airflow/.local/lib/python3.7/site-packages/airflow/example_dags/example_short_circuit_operator.py for tasks to queue
[2022-02-19 13:41:03,087] {logging_mixin.py:109} INFO - [2022-02-19 13:41:03,087] {dagbag.py:500} INFO - Filling up the DagBag from /home/airflow/.local/lib/python3.7/site-packages/airflow/example_dags/example_short_circuit_operator.py
[2022-02-19 13:41:03,171] {processor.py:654} INFO - DAG(s) dict_keys(['example_short_circuit_operator']) retrieved from /home/airflow/.local/lib/python3.7/site-packages/airflow/example_dags/example_short_circuit_operator.py
[2022-02-19 13:41:03,199] {logging_mixin.py:109} INFO - [2022-02-19 13:41:03,199] {dag.py:2396} INFO - Sync 1 DAGs
[2022-02-19 13:41:03,233] {logging_mixin.py:109} INFO - [2022-02-19 13:41:03,233] {dag.py:2935} INFO - Setting next_dagrun for example_short_circuit_operator to 2022-02-18T13:41:03.232136+00:00
[2022-02-19 13:41:03,248] {processor.py:171} INFO - Processing /home/airflow/.local/lib/python3.7/site-packages/airflow/example_dags/example_short_circuit_operator.py took 0.180 seconds
[2022-02-19 13:41:39,950] {processor.py:163} INFO - Started process (PID=624) to work on /home/airflow/.local/lib/python3.7/site-packages/airflow/example_dags/example_short_circuit_operator.py
[2022-02-19 13:41:39,952] {processor.py:642} INFO - Processing file /home/airflow/.local/lib/python3.7/site-packages/airflow/example_dags/example_short_circuit_operator.py for tasks to queue
[2022-02-19 13:41:39,953] {logging_mixin.py:109} INFO - [2022-02-19 13:41:39,953] {dagbag.py:500} INFO - Filling up the DagBag from /home/airflow/.local/lib/python3.7/site-packages/airflow/example_dags/example_short_circuit_operator.py
[2022-02-19 13:41:39,989] {processor.py:654} INFO - DAG(s) dict_keys(['example_short_circuit_operator']) retrieved from /home/airflow/.local/lib/python3.7/site-packages/airflow/example_dags/example_short_circuit_operator.py
[2022-02-19 13:41:40,006] {logging_mixin.py:109} INFO - [2022-02-19 13:41:40,006] {dag.py:2396} INFO - Sync 1 DAGs
[2022-02-19 13:41:40,039] {logging_mixin.py:109} INFO - [2022-02-19 13:41:40,038] {dag.py:2935} INFO - Setting next_dagrun for example_short_circuit_operator to 2022-02-18T13:41:40.038558+00:00
[2022-02-19 13:41:40,059] {processor.py:171} INFO - Processing /home/airflow/.local/lib/python3.7/site-packages/airflow/example_dags/example_short_circuit_operator.py took 0.113 seconds
[2022-02-19 13:53:21,411] {processor.py:163} INFO - Started process (PID=65) to work on /home/airflow/.local/lib/python3.7/site-packages/airflow/example_dags/example_short_circuit_operator.py
[2022-02-19 13:53:21,417] {processor.py:642} INFO - Processing file /home/airflow/.local/lib/python3.7/site-packages/airflow/example_dags/example_short_circuit_operator.py for tasks to queue
[2022-02-19 13:53:21,420] {logging_mixin.py:109} INFO - [2022-02-19 13:53:21,419] {dagbag.py:500} INFO - Filling up the DagBag from /home/airflow/.local/lib/python3.7/site-packages/airflow/example_dags/example_short_circuit_operator.py
[2022-02-19 13:53:21,495] {processor.py:654} INFO - DAG(s) dict_keys(['example_short_circuit_operator']) retrieved from /home/airflow/.local/lib/python3.7/site-packages/airflow/example_dags/example_short_circuit_operator.py
[2022-02-19 13:53:21,521] {logging_mixin.py:109} INFO - [2022-02-19 13:53:21,521] {dag.py:2396} INFO - Sync 1 DAGs
[2022-02-19 13:53:21,590] {logging_mixin.py:109} INFO - [2022-02-19 13:53:21,590] {dag.py:2935} INFO - Setting next_dagrun for example_short_circuit_operator to 2022-02-18T13:53:21.588773+00:00
[2022-02-19 13:53:21,608] {processor.py:171} INFO - Processing /home/airflow/.local/lib/python3.7/site-packages/airflow/example_dags/example_short_circuit_operator.py took 0.203 seconds
[2022-02-19 14:01:39,089] {processor.py:163} INFO - Started process (PID=192) to work on /home/airflow/.local/lib/python3.7/site-packages/airflow/example_dags/example_short_circuit_operator.py
[2022-02-19 14:01:39,092] {processor.py:642} INFO - Processing file /home/airflow/.local/lib/python3.7/site-packages/airflow/example_dags/example_short_circuit_operator.py for tasks to queue
[2022-02-19 14:01:39,094] {logging_mixin.py:109} INFO - [2022-02-19 14:01:39,094] {dagbag.py:500} INFO - Filling up the DagBag from /home/airflow/.local/lib/python3.7/site-packages/airflow/example_dags/example_short_circuit_operator.py
[2022-02-19 14:01:39,216] {processor.py:654} INFO - DAG(s) dict_keys(['example_short_circuit_operator']) retrieved from /home/airflow/.local/lib/python3.7/site-packages/airflow/example_dags/example_short_circuit_operator.py
[2022-02-19 14:01:39,304] {logging_mixin.py:109} INFO - [2022-02-19 14:01:39,304] {dag.py:2396} INFO - Sync 1 DAGs
[2022-02-19 14:01:39,411] {logging_mixin.py:109} INFO - [2022-02-19 14:01:39,411] {dag.py:2935} INFO - Setting next_dagrun for example_short_circuit_operator to 2022-02-18T14:01:39.411154+00:00
[2022-02-19 14:01:39,497] {processor.py:171} INFO - Processing /home/airflow/.local/lib/python3.7/site-packages/airflow/example_dags/example_short_circuit_operator.py took 0.414 seconds
[2022-02-19 14:02:10,952] {processor.py:163} INFO - Started process (PID=255) to work on /home/airflow/.local/lib/python3.7/site-packages/airflow/example_dags/example_short_circuit_operator.py
[2022-02-19 14:02:10,957] {processor.py:642} INFO - Processing file /home/airflow/.local/lib/python3.7/site-packages/airflow/example_dags/example_short_circuit_operator.py for tasks to queue
[2022-02-19 14:02:10,961] {logging_mixin.py:109} INFO - [2022-02-19 14:02:10,960] {dagbag.py:500} INFO - Filling up the DagBag from /home/airflow/.local/lib/python3.7/site-packages/airflow/example_dags/example_short_circuit_operator.py
[2022-02-19 14:02:11,046] {processor.py:654} INFO - DAG(s) dict_keys(['example_short_circuit_operator']) retrieved from /home/airflow/.local/lib/python3.7/site-packages/airflow/example_dags/example_short_circuit_operator.py
[2022-02-19 14:02:11,076] {logging_mixin.py:109} INFO - [2022-02-19 14:02:11,075] {dag.py:2396} INFO - Sync 1 DAGs
[2022-02-19 14:02:11,120] {logging_mixin.py:109} INFO - [2022-02-19 14:02:11,120] {dag.py:2935} INFO - Setting next_dagrun for example_short_circuit_operator to 2022-02-18T14:02:11.119960+00:00
[2022-02-19 14:02:11,144] {processor.py:171} INFO - Processing /home/airflow/.local/lib/python3.7/site-packages/airflow/example_dags/example_short_circuit_operator.py took 0.198 seconds
[2022-02-19 14:07:26,415] {processor.py:163} INFO - Started process (PID=86) to work on /home/airflow/.local/lib/python3.7/site-packages/airflow/example_dags/example_short_circuit_operator.py
[2022-02-19 14:07:26,421] {processor.py:642} INFO - Processing file /home/airflow/.local/lib/python3.7/site-packages/airflow/example_dags/example_short_circuit_operator.py for tasks to queue
[2022-02-19 14:07:26,424] {logging_mixin.py:109} INFO - [2022-02-19 14:07:26,423] {dagbag.py:500} INFO - Filling up the DagBag from /home/airflow/.local/lib/python3.7/site-packages/airflow/example_dags/example_short_circuit_operator.py
[2022-02-19 14:07:28,942] {processor.py:654} INFO - DAG(s) dict_keys(['example_short_circuit_operator']) retrieved from /home/airflow/.local/lib/python3.7/site-packages/airflow/example_dags/example_short_circuit_operator.py
[2022-02-19 14:07:30,020] {logging_mixin.py:109} INFO - [2022-02-19 14:07:30,020] {dag.py:2396} INFO - Sync 1 DAGs
[2022-02-19 14:07:33,766] {logging_mixin.py:109} INFO - [2022-02-19 14:07:33,763] {dag.py:2935} INFO - Setting next_dagrun for example_short_circuit_operator to 2022-02-18T14:07:33.684132+00:00
[2022-02-19 14:07:34,239] {processor.py:171} INFO - Processing /home/airflow/.local/lib/python3.7/site-packages/airflow/example_dags/example_short_circuit_operator.py took 7.859 seconds
[2022-02-19 14:15:55,405] {processor.py:163} INFO - Started process (PID=161) to work on /home/airflow/.local/lib/python3.7/site-packages/airflow/example_dags/example_short_circuit_operator.py
[2022-02-19 14:15:55,412] {processor.py:642} INFO - Processing file /home/airflow/.local/lib/python3.7/site-packages/airflow/example_dags/example_short_circuit_operator.py for tasks to queue
[2022-02-19 14:15:55,422] {logging_mixin.py:109} INFO - [2022-02-19 14:15:55,421] {dagbag.py:500} INFO - Filling up the DagBag from /home/airflow/.local/lib/python3.7/site-packages/airflow/example_dags/example_short_circuit_operator.py
[2022-02-19 14:15:55,534] {processor.py:654} INFO - DAG(s) dict_keys(['example_short_circuit_operator']) retrieved from /home/airflow/.local/lib/python3.7/site-packages/airflow/example_dags/example_short_circuit_operator.py
[2022-02-19 14:15:55,595] {logging_mixin.py:109} INFO - [2022-02-19 14:15:55,595] {dag.py:2396} INFO - Sync 1 DAGs
[2022-02-19 14:15:55,785] {logging_mixin.py:109} INFO - [2022-02-19 14:15:55,784] {dag.py:2935} INFO - Setting next_dagrun for example_short_circuit_operator to 2022-02-18T14:15:55.784292+00:00
[2022-02-19 14:15:55,891] {processor.py:171} INFO - Processing /home/airflow/.local/lib/python3.7/site-packages/airflow/example_dags/example_short_circuit_operator.py took 0.498 seconds
[2022-02-19 14:16:45,776] {processor.py:163} INFO - Started process (PID=210) to work on /home/airflow/.local/lib/python3.7/site-packages/airflow/example_dags/example_short_circuit_operator.py
[2022-02-19 14:16:45,784] {processor.py:642} INFO - Processing file /home/airflow/.local/lib/python3.7/site-packages/airflow/example_dags/example_short_circuit_operator.py for tasks to queue
[2022-02-19 14:16:45,788] {logging_mixin.py:109} INFO - [2022-02-19 14:16:45,788] {dagbag.py:500} INFO - Filling up the DagBag from /home/airflow/.local/lib/python3.7/site-packages/airflow/example_dags/example_short_circuit_operator.py
[2022-02-19 14:16:46,265] {processor.py:654} INFO - DAG(s) dict_keys(['example_short_circuit_operator']) retrieved from /home/airflow/.local/lib/python3.7/site-packages/airflow/example_dags/example_short_circuit_operator.py
[2022-02-19 14:16:46,346] {logging_mixin.py:109} INFO - [2022-02-19 14:16:46,346] {dag.py:2396} INFO - Sync 1 DAGs
[2022-02-19 14:16:46,443] {logging_mixin.py:109} INFO - [2022-02-19 14:16:46,441] {dag.py:2935} INFO - Setting next_dagrun for example_short_circuit_operator to 2022-02-18T14:16:46.429850+00:00
[2022-02-19 14:16:49,110] {processor.py:171} INFO - Processing /home/airflow/.local/lib/python3.7/site-packages/airflow/example_dags/example_short_circuit_operator.py took 3.370 seconds
[2022-02-19 14:22:04,440] {processor.py:163} INFO - Started process (PID=92) to work on /home/airflow/.local/lib/python3.7/site-packages/airflow/example_dags/example_short_circuit_operator.py
[2022-02-19 14:22:04,551] {processor.py:642} INFO - Processing file /home/airflow/.local/lib/python3.7/site-packages/airflow/example_dags/example_short_circuit_operator.py for tasks to queue
[2022-02-19 14:22:04,654] {logging_mixin.py:109} INFO - [2022-02-19 14:22:04,652] {dagbag.py:500} INFO - Filling up the DagBag from /home/airflow/.local/lib/python3.7/site-packages/airflow/example_dags/example_short_circuit_operator.py
[2022-02-19 14:22:05,565] {processor.py:654} INFO - DAG(s) dict_keys(['example_short_circuit_operator']) retrieved from /home/airflow/.local/lib/python3.7/site-packages/airflow/example_dags/example_short_circuit_operator.py
[2022-02-19 14:22:05,583] {logging_mixin.py:109} INFO - [2022-02-19 14:22:05,583] {dag.py:2396} INFO - Sync 1 DAGs
[2022-02-19 14:22:05,653] {logging_mixin.py:109} INFO - [2022-02-19 14:22:05,653] {dag.py:2935} INFO - Setting next_dagrun for example_short_circuit_operator to 2022-02-18T14:22:05.643424+00:00
[2022-02-19 14:22:05,738] {processor.py:171} INFO - Processing /home/airflow/.local/lib/python3.7/site-packages/airflow/example_dags/example_short_circuit_operator.py took 1.470 seconds
[2022-02-19 14:22:36,222] {processor.py:163} INFO - Started process (PID=134) to work on /home/airflow/.local/lib/python3.7/site-packages/airflow/example_dags/example_short_circuit_operator.py
[2022-02-19 14:22:36,225] {processor.py:642} INFO - Processing file /home/airflow/.local/lib/python3.7/site-packages/airflow/example_dags/example_short_circuit_operator.py for tasks to queue
[2022-02-19 14:22:36,232] {logging_mixin.py:109} INFO - [2022-02-19 14:22:36,232] {dagbag.py:500} INFO - Filling up the DagBag from /home/airflow/.local/lib/python3.7/site-packages/airflow/example_dags/example_short_circuit_operator.py
[2022-02-19 14:22:36,328] {processor.py:654} INFO - DAG(s) dict_keys(['example_short_circuit_operator']) retrieved from /home/airflow/.local/lib/python3.7/site-packages/airflow/example_dags/example_short_circuit_operator.py
[2022-02-19 14:22:36,360] {logging_mixin.py:109} INFO - [2022-02-19 14:22:36,360] {dag.py:2396} INFO - Sync 1 DAGs
[2022-02-19 14:22:36,416] {logging_mixin.py:109} INFO - [2022-02-19 14:22:36,416] {dag.py:2935} INFO - Setting next_dagrun for example_short_circuit_operator to 2022-02-18T14:22:36.413488+00:00
[2022-02-19 14:22:36,460] {processor.py:171} INFO - Processing /home/airflow/.local/lib/python3.7/site-packages/airflow/example_dags/example_short_circuit_operator.py took 0.242 seconds
