[2022-02-19 13:24:31,392] {processor.py:163} INFO - Started process (PID=398) to work on /home/airflow/.local/lib/python3.7/site-packages/airflow/example_dags/example_xcom.py
[2022-02-19 13:24:31,402] {processor.py:642} INFO - Processing file /home/airflow/.local/lib/python3.7/site-packages/airflow/example_dags/example_xcom.py for tasks to queue
[2022-02-19 13:24:31,407] {logging_mixin.py:109} INFO - [2022-02-19 13:24:31,406] {dagbag.py:500} INFO - Filling up the DagBag from /home/airflow/.local/lib/python3.7/site-packages/airflow/example_dags/example_xcom.py
[2022-02-19 13:24:31,604] {processor.py:654} INFO - DAG(s) dict_keys(['example_xcom']) retrieved from /home/airflow/.local/lib/python3.7/site-packages/airflow/example_dags/example_xcom.py
[2022-02-19 13:29:44,595] {processor.py:163} INFO - Started process (PID=692) to work on /home/airflow/.local/lib/python3.7/site-packages/airflow/example_dags/example_xcom.py
[2022-02-19 13:29:44,598] {processor.py:642} INFO - Processing file /home/airflow/.local/lib/python3.7/site-packages/airflow/example_dags/example_xcom.py for tasks to queue
[2022-02-19 13:29:44,600] {logging_mixin.py:109} INFO - [2022-02-19 13:29:44,600] {dagbag.py:500} INFO - Filling up the DagBag from /home/airflow/.local/lib/python3.7/site-packages/airflow/example_dags/example_xcom.py
[2022-02-19 13:29:44,650] {processor.py:654} INFO - DAG(s) dict_keys(['example_xcom']) retrieved from /home/airflow/.local/lib/python3.7/site-packages/airflow/example_dags/example_xcom.py
[2022-02-19 13:29:47,588] {logging_mixin.py:109} INFO - [2022-02-19 13:29:47,588] {manager.py:496} INFO - Created Permission View: can read on DAG:example_xcom
[2022-02-19 13:29:47,599] {logging_mixin.py:109} INFO - [2022-02-19 13:29:47,599] {manager.py:496} INFO - Created Permission View: can edit on DAG:example_xcom
[2022-02-19 13:29:47,600] {logging_mixin.py:109} INFO - [2022-02-19 13:29:47,600] {dag.py:2396} INFO - Sync 1 DAGs
[2022-02-19 13:29:47,609] {logging_mixin.py:109} INFO - [2022-02-19 13:29:47,609] {dag.py:2415} INFO - Creating ORM DAG for example_xcom
[2022-02-19 13:29:47,619] {logging_mixin.py:109} INFO - [2022-02-19 13:29:47,618] {dag.py:2935} INFO - Setting next_dagrun for example_xcom to 2021-01-01T00:00:00+00:00
[2022-02-19 13:29:47,635] {processor.py:171} INFO - Processing /home/airflow/.local/lib/python3.7/site-packages/airflow/example_dags/example_xcom.py took 3.044 seconds
[2022-02-19 13:37:18,734] {processor.py:163} INFO - Started process (PID=177) to work on /home/airflow/.local/lib/python3.7/site-packages/airflow/example_dags/example_xcom.py
[2022-02-19 13:37:18,755] {processor.py:642} INFO - Processing file /home/airflow/.local/lib/python3.7/site-packages/airflow/example_dags/example_xcom.py for tasks to queue
[2022-02-19 13:37:18,779] {logging_mixin.py:109} INFO - [2022-02-19 13:37:18,779] {dagbag.py:500} INFO - Filling up the DagBag from /home/airflow/.local/lib/python3.7/site-packages/airflow/example_dags/example_xcom.py
[2022-02-19 13:37:19,102] {processor.py:654} INFO - DAG(s) dict_keys(['example_xcom']) retrieved from /home/airflow/.local/lib/python3.7/site-packages/airflow/example_dags/example_xcom.py
[2022-02-19 13:37:38,209] {logging_mixin.py:109} INFO - [2022-02-19 13:37:38,209] {dag.py:2396} INFO - Sync 1 DAGs
[2022-02-19 13:37:38,252] {logging_mixin.py:109} INFO - [2022-02-19 13:37:38,249] {dag.py:2935} INFO - Setting next_dagrun for example_xcom to 2021-01-01T00:00:00+00:00
[2022-02-19 13:37:38,304] {processor.py:171} INFO - Processing /home/airflow/.local/lib/python3.7/site-packages/airflow/example_dags/example_xcom.py took 19.640 seconds
[2022-02-19 13:38:09,176] {processor.py:163} INFO - Started process (PID=262) to work on /home/airflow/.local/lib/python3.7/site-packages/airflow/example_dags/example_xcom.py
[2022-02-19 13:38:09,181] {processor.py:642} INFO - Processing file /home/airflow/.local/lib/python3.7/site-packages/airflow/example_dags/example_xcom.py for tasks to queue
[2022-02-19 13:38:09,185] {logging_mixin.py:109} INFO - [2022-02-19 13:38:09,185] {dagbag.py:500} INFO - Filling up the DagBag from /home/airflow/.local/lib/python3.7/site-packages/airflow/example_dags/example_xcom.py
[2022-02-19 13:38:09,553] {processor.py:654} INFO - DAG(s) dict_keys(['example_xcom']) retrieved from /home/airflow/.local/lib/python3.7/site-packages/airflow/example_dags/example_xcom.py
[2022-02-19 13:38:10,943] {logging_mixin.py:109} INFO - [2022-02-19 13:38:10,943] {dag.py:2396} INFO - Sync 1 DAGs
[2022-02-19 13:38:10,961] {logging_mixin.py:109} INFO - [2022-02-19 13:38:10,961] {dag.py:2935} INFO - Setting next_dagrun for example_xcom to 2021-01-01T00:00:00+00:00
[2022-02-19 13:38:10,973] {processor.py:171} INFO - Processing /home/airflow/.local/lib/python3.7/site-packages/airflow/example_dags/example_xcom.py took 1.803 seconds
[2022-02-19 13:38:41,462] {processor.py:163} INFO - Started process (PID=313) to work on /home/airflow/.local/lib/python3.7/site-packages/airflow/example_dags/example_xcom.py
[2022-02-19 13:38:41,464] {processor.py:642} INFO - Processing file /home/airflow/.local/lib/python3.7/site-packages/airflow/example_dags/example_xcom.py for tasks to queue
[2022-02-19 13:38:41,466] {logging_mixin.py:109} INFO - [2022-02-19 13:38:41,465] {dagbag.py:500} INFO - Filling up the DagBag from /home/airflow/.local/lib/python3.7/site-packages/airflow/example_dags/example_xcom.py
[2022-02-19 13:38:41,514] {processor.py:654} INFO - DAG(s) dict_keys(['example_xcom']) retrieved from /home/airflow/.local/lib/python3.7/site-packages/airflow/example_dags/example_xcom.py
[2022-02-19 13:38:41,787] {logging_mixin.py:109} INFO - [2022-02-19 13:38:41,787] {dag.py:2396} INFO - Sync 1 DAGs
[2022-02-19 13:38:41,797] {logging_mixin.py:109} INFO - [2022-02-19 13:38:41,797] {dag.py:2935} INFO - Setting next_dagrun for example_xcom to 2021-01-01T00:00:00+00:00
[2022-02-19 13:38:41,805] {processor.py:171} INFO - Processing /home/airflow/.local/lib/python3.7/site-packages/airflow/example_dags/example_xcom.py took 0.348 seconds
[2022-02-19 13:39:12,645] {processor.py:163} INFO - Started process (PID=373) to work on /home/airflow/.local/lib/python3.7/site-packages/airflow/example_dags/example_xcom.py
[2022-02-19 13:39:12,647] {processor.py:642} INFO - Processing file /home/airflow/.local/lib/python3.7/site-packages/airflow/example_dags/example_xcom.py for tasks to queue
[2022-02-19 13:39:12,648] {logging_mixin.py:109} INFO - [2022-02-19 13:39:12,648] {dagbag.py:500} INFO - Filling up the DagBag from /home/airflow/.local/lib/python3.7/site-packages/airflow/example_dags/example_xcom.py
[2022-02-19 13:39:12,684] {processor.py:654} INFO - DAG(s) dict_keys(['example_xcom']) retrieved from /home/airflow/.local/lib/python3.7/site-packages/airflow/example_dags/example_xcom.py
[2022-02-19 13:39:12,927] {logging_mixin.py:109} INFO - [2022-02-19 13:39:12,927] {dag.py:2396} INFO - Sync 1 DAGs
[2022-02-19 13:39:12,938] {logging_mixin.py:109} INFO - [2022-02-19 13:39:12,938] {dag.py:2935} INFO - Setting next_dagrun for example_xcom to 2021-01-01T00:00:00+00:00
[2022-02-19 13:39:12,947] {processor.py:171} INFO - Processing /home/airflow/.local/lib/python3.7/site-packages/airflow/example_dags/example_xcom.py took 0.305 seconds
[2022-02-19 13:39:43,197] {processor.py:163} INFO - Started process (PID=424) to work on /home/airflow/.local/lib/python3.7/site-packages/airflow/example_dags/example_xcom.py
[2022-02-19 13:39:43,198] {processor.py:642} INFO - Processing file /home/airflow/.local/lib/python3.7/site-packages/airflow/example_dags/example_xcom.py for tasks to queue
[2022-02-19 13:39:43,199] {logging_mixin.py:109} INFO - [2022-02-19 13:39:43,199] {dagbag.py:500} INFO - Filling up the DagBag from /home/airflow/.local/lib/python3.7/site-packages/airflow/example_dags/example_xcom.py
[2022-02-19 13:39:43,229] {processor.py:654} INFO - DAG(s) dict_keys(['example_xcom']) retrieved from /home/airflow/.local/lib/python3.7/site-packages/airflow/example_dags/example_xcom.py
[2022-02-19 13:39:43,473] {logging_mixin.py:109} INFO - [2022-02-19 13:39:43,472] {dag.py:2396} INFO - Sync 1 DAGs
[2022-02-19 13:39:43,486] {logging_mixin.py:109} INFO - [2022-02-19 13:39:43,486] {dag.py:2935} INFO - Setting next_dagrun for example_xcom to 2021-01-01T00:00:00+00:00
[2022-02-19 13:39:43,507] {processor.py:171} INFO - Processing /home/airflow/.local/lib/python3.7/site-packages/airflow/example_dags/example_xcom.py took 0.314 seconds
[2022-02-19 13:40:14,448] {processor.py:163} INFO - Started process (PID=484) to work on /home/airflow/.local/lib/python3.7/site-packages/airflow/example_dags/example_xcom.py
[2022-02-19 13:40:14,450] {processor.py:642} INFO - Processing file /home/airflow/.local/lib/python3.7/site-packages/airflow/example_dags/example_xcom.py for tasks to queue
[2022-02-19 13:40:14,451] {logging_mixin.py:109} INFO - [2022-02-19 13:40:14,451] {dagbag.py:500} INFO - Filling up the DagBag from /home/airflow/.local/lib/python3.7/site-packages/airflow/example_dags/example_xcom.py
[2022-02-19 13:40:14,479] {processor.py:654} INFO - DAG(s) dict_keys(['example_xcom']) retrieved from /home/airflow/.local/lib/python3.7/site-packages/airflow/example_dags/example_xcom.py
[2022-02-19 13:40:14,715] {logging_mixin.py:109} INFO - [2022-02-19 13:40:14,715] {dag.py:2396} INFO - Sync 1 DAGs
[2022-02-19 13:40:14,727] {logging_mixin.py:109} INFO - [2022-02-19 13:40:14,727] {dag.py:2935} INFO - Setting next_dagrun for example_xcom to 2021-01-01T00:00:00+00:00
[2022-02-19 13:40:14,735] {processor.py:171} INFO - Processing /home/airflow/.local/lib/python3.7/site-packages/airflow/example_dags/example_xcom.py took 0.290 seconds
[2022-02-19 13:40:45,717] {processor.py:163} INFO - Started process (PID=535) to work on /home/airflow/.local/lib/python3.7/site-packages/airflow/example_dags/example_xcom.py
[2022-02-19 13:40:45,719] {processor.py:642} INFO - Processing file /home/airflow/.local/lib/python3.7/site-packages/airflow/example_dags/example_xcom.py for tasks to queue
[2022-02-19 13:40:45,720] {logging_mixin.py:109} INFO - [2022-02-19 13:40:45,720] {dagbag.py:500} INFO - Filling up the DagBag from /home/airflow/.local/lib/python3.7/site-packages/airflow/example_dags/example_xcom.py
[2022-02-19 13:40:45,749] {processor.py:654} INFO - DAG(s) dict_keys(['example_xcom']) retrieved from /home/airflow/.local/lib/python3.7/site-packages/airflow/example_dags/example_xcom.py
[2022-02-19 13:40:45,985] {logging_mixin.py:109} INFO - [2022-02-19 13:40:45,985] {dag.py:2396} INFO - Sync 1 DAGs
[2022-02-19 13:40:45,996] {logging_mixin.py:109} INFO - [2022-02-19 13:40:45,995] {dag.py:2935} INFO - Setting next_dagrun for example_xcom to 2021-01-01T00:00:00+00:00
[2022-02-19 13:40:46,004] {processor.py:171} INFO - Processing /home/airflow/.local/lib/python3.7/site-packages/airflow/example_dags/example_xcom.py took 0.291 seconds
[2022-02-19 13:41:16,502] {processor.py:163} INFO - Started process (PID=598) to work on /home/airflow/.local/lib/python3.7/site-packages/airflow/example_dags/example_xcom.py
[2022-02-19 13:41:16,513] {processor.py:642} INFO - Processing file /home/airflow/.local/lib/python3.7/site-packages/airflow/example_dags/example_xcom.py for tasks to queue
[2022-02-19 13:41:16,514] {logging_mixin.py:109} INFO - [2022-02-19 13:41:16,514] {dagbag.py:500} INFO - Filling up the DagBag from /home/airflow/.local/lib/python3.7/site-packages/airflow/example_dags/example_xcom.py
[2022-02-19 13:41:16,552] {processor.py:654} INFO - DAG(s) dict_keys(['example_xcom']) retrieved from /home/airflow/.local/lib/python3.7/site-packages/airflow/example_dags/example_xcom.py
[2022-02-19 13:41:17,607] {logging_mixin.py:109} INFO - [2022-02-19 13:41:17,607] {dag.py:2396} INFO - Sync 1 DAGs
[2022-02-19 13:41:17,629] {logging_mixin.py:109} INFO - [2022-02-19 13:41:17,629] {dag.py:2935} INFO - Setting next_dagrun for example_xcom to 2021-01-01T00:00:00+00:00
[2022-02-19 13:41:17,657] {processor.py:171} INFO - Processing /home/airflow/.local/lib/python3.7/site-packages/airflow/example_dags/example_xcom.py took 1.161 seconds
[2022-02-19 13:41:55,264] {processor.py:163} INFO - Started process (PID=640) to work on /home/airflow/.local/lib/python3.7/site-packages/airflow/example_dags/example_xcom.py
[2022-02-19 13:41:55,276] {processor.py:642} INFO - Processing file /home/airflow/.local/lib/python3.7/site-packages/airflow/example_dags/example_xcom.py for tasks to queue
[2022-02-19 13:41:55,290] {logging_mixin.py:109} INFO - [2022-02-19 13:41:55,286] {dagbag.py:500} INFO - Filling up the DagBag from /home/airflow/.local/lib/python3.7/site-packages/airflow/example_dags/example_xcom.py
[2022-02-19 13:41:55,454] {processor.py:654} INFO - DAG(s) dict_keys(['example_xcom']) retrieved from /home/airflow/.local/lib/python3.7/site-packages/airflow/example_dags/example_xcom.py
[2022-02-19 13:41:56,750] {logging_mixin.py:109} INFO - [2022-02-19 13:41:56,750] {dag.py:2396} INFO - Sync 1 DAGs
[2022-02-19 13:41:56,771] {logging_mixin.py:109} INFO - [2022-02-19 13:41:56,770] {dag.py:2935} INFO - Setting next_dagrun for example_xcom to 2021-01-01T00:00:00+00:00
[2022-02-19 13:41:56,808] {processor.py:171} INFO - Processing /home/airflow/.local/lib/python3.7/site-packages/airflow/example_dags/example_xcom.py took 1.602 seconds
[2022-02-19 13:53:21,650] {processor.py:163} INFO - Started process (PID=66) to work on /home/airflow/.local/lib/python3.7/site-packages/airflow/example_dags/example_xcom.py
[2022-02-19 13:53:21,655] {processor.py:642} INFO - Processing file /home/airflow/.local/lib/python3.7/site-packages/airflow/example_dags/example_xcom.py for tasks to queue
[2022-02-19 13:53:21,663] {logging_mixin.py:109} INFO - [2022-02-19 13:53:21,663] {dagbag.py:500} INFO - Filling up the DagBag from /home/airflow/.local/lib/python3.7/site-packages/airflow/example_dags/example_xcom.py
[2022-02-19 13:53:21,781] {processor.py:654} INFO - DAG(s) dict_keys(['example_xcom']) retrieved from /home/airflow/.local/lib/python3.7/site-packages/airflow/example_dags/example_xcom.py
[2022-02-19 13:53:22,699] {logging_mixin.py:109} INFO - [2022-02-19 13:53:22,698] {dag.py:2396} INFO - Sync 1 DAGs
[2022-02-19 13:53:22,715] {logging_mixin.py:109} INFO - [2022-02-19 13:53:22,715] {dag.py:2935} INFO - Setting next_dagrun for example_xcom to 2021-01-01T00:00:00+00:00
[2022-02-19 13:53:22,754] {processor.py:171} INFO - Processing /home/airflow/.local/lib/python3.7/site-packages/airflow/example_dags/example_xcom.py took 1.113 seconds
[2022-02-19 14:01:39,542] {processor.py:163} INFO - Started process (PID=193) to work on /home/airflow/.local/lib/python3.7/site-packages/airflow/example_dags/example_xcom.py
[2022-02-19 14:01:39,547] {processor.py:642} INFO - Processing file /home/airflow/.local/lib/python3.7/site-packages/airflow/example_dags/example_xcom.py for tasks to queue
[2022-02-19 14:01:39,550] {logging_mixin.py:109} INFO - [2022-02-19 14:01:39,550] {dagbag.py:500} INFO - Filling up the DagBag from /home/airflow/.local/lib/python3.7/site-packages/airflow/example_dags/example_xcom.py
[2022-02-19 14:01:39,748] {processor.py:654} INFO - DAG(s) dict_keys(['example_xcom']) retrieved from /home/airflow/.local/lib/python3.7/site-packages/airflow/example_dags/example_xcom.py
[2022-02-19 14:01:41,009] {logging_mixin.py:109} INFO - [2022-02-19 14:01:41,009] {dag.py:2396} INFO - Sync 1 DAGs
[2022-02-19 14:01:41,086] {logging_mixin.py:109} INFO - [2022-02-19 14:01:41,086] {dag.py:2935} INFO - Setting next_dagrun for example_xcom to 2021-01-01T00:00:00+00:00
[2022-02-19 14:01:41,170] {processor.py:171} INFO - Processing /home/airflow/.local/lib/python3.7/site-packages/airflow/example_dags/example_xcom.py took 1.634 seconds
[2022-02-19 14:02:11,599] {processor.py:163} INFO - Started process (PID=262) to work on /home/airflow/.local/lib/python3.7/site-packages/airflow/example_dags/example_xcom.py
[2022-02-19 14:02:11,602] {processor.py:642} INFO - Processing file /home/airflow/.local/lib/python3.7/site-packages/airflow/example_dags/example_xcom.py for tasks to queue
[2022-02-19 14:02:11,604] {logging_mixin.py:109} INFO - [2022-02-19 14:02:11,603] {dagbag.py:500} INFO - Filling up the DagBag from /home/airflow/.local/lib/python3.7/site-packages/airflow/example_dags/example_xcom.py
[2022-02-19 14:02:11,703] {processor.py:654} INFO - DAG(s) dict_keys(['example_xcom']) retrieved from /home/airflow/.local/lib/python3.7/site-packages/airflow/example_dags/example_xcom.py
[2022-02-19 14:02:12,462] {logging_mixin.py:109} INFO - [2022-02-19 14:02:12,462] {dag.py:2396} INFO - Sync 1 DAGs
[2022-02-19 14:02:12,487] {logging_mixin.py:109} INFO - [2022-02-19 14:02:12,487] {dag.py:2935} INFO - Setting next_dagrun for example_xcom to 2021-01-01T00:00:00+00:00
[2022-02-19 14:02:12,508] {processor.py:171} INFO - Processing /home/airflow/.local/lib/python3.7/site-packages/airflow/example_dags/example_xcom.py took 0.918 seconds
[2022-02-19 14:07:34,593] {processor.py:163} INFO - Started process (PID=95) to work on /home/airflow/.local/lib/python3.7/site-packages/airflow/example_dags/example_xcom.py
[2022-02-19 14:07:34,606] {processor.py:642} INFO - Processing file /home/airflow/.local/lib/python3.7/site-packages/airflow/example_dags/example_xcom.py for tasks to queue
[2022-02-19 14:07:34,619] {logging_mixin.py:109} INFO - [2022-02-19 14:07:34,618] {dagbag.py:500} INFO - Filling up the DagBag from /home/airflow/.local/lib/python3.7/site-packages/airflow/example_dags/example_xcom.py
[2022-02-19 14:07:34,977] {processor.py:654} INFO - DAG(s) dict_keys(['example_xcom']) retrieved from /home/airflow/.local/lib/python3.7/site-packages/airflow/example_dags/example_xcom.py
[2022-02-19 14:08:16,464] {logging_mixin.py:109} INFO - [2022-02-19 14:08:16,450] {dag.py:2396} INFO - Sync 1 DAGs
[2022-02-19 14:08:18,300] {logging_mixin.py:109} INFO - [2022-02-19 14:08:18,298] {dag.py:2935} INFO - Setting next_dagrun for example_xcom to 2021-01-01T00:00:00+00:00
[2022-02-19 14:08:18,386] {processor.py:171} INFO - Processing /home/airflow/.local/lib/python3.7/site-packages/airflow/example_dags/example_xcom.py took 43.870 seconds
[2022-02-19 14:15:56,055] {processor.py:163} INFO - Started process (PID=162) to work on /home/airflow/.local/lib/python3.7/site-packages/airflow/example_dags/example_xcom.py
[2022-02-19 14:15:56,062] {processor.py:642} INFO - Processing file /home/airflow/.local/lib/python3.7/site-packages/airflow/example_dags/example_xcom.py for tasks to queue
[2022-02-19 14:15:56,066] {logging_mixin.py:109} INFO - [2022-02-19 14:15:56,065] {dagbag.py:500} INFO - Filling up the DagBag from /home/airflow/.local/lib/python3.7/site-packages/airflow/example_dags/example_xcom.py
[2022-02-19 14:15:56,397] {processor.py:654} INFO - DAG(s) dict_keys(['example_xcom']) retrieved from /home/airflow/.local/lib/python3.7/site-packages/airflow/example_dags/example_xcom.py
[2022-02-19 14:15:57,143] {logging_mixin.py:109} INFO - [2022-02-19 14:15:57,141] {dag.py:2396} INFO - Sync 1 DAGs
[2022-02-19 14:15:57,197] {logging_mixin.py:109} INFO - [2022-02-19 14:15:57,197] {dag.py:2935} INFO - Setting next_dagrun for example_xcom to 2021-01-01T00:00:00+00:00
[2022-02-19 14:15:57,268] {processor.py:171} INFO - Processing /home/airflow/.local/lib/python3.7/site-packages/airflow/example_dags/example_xcom.py took 1.227 seconds
[2022-02-19 14:22:05,957] {processor.py:163} INFO - Started process (PID=93) to work on /home/airflow/.local/lib/python3.7/site-packages/airflow/example_dags/example_xcom.py
[2022-02-19 14:22:05,960] {processor.py:642} INFO - Processing file /home/airflow/.local/lib/python3.7/site-packages/airflow/example_dags/example_xcom.py for tasks to queue
[2022-02-19 14:22:05,979] {logging_mixin.py:109} INFO - [2022-02-19 14:22:05,979] {dagbag.py:500} INFO - Filling up the DagBag from /home/airflow/.local/lib/python3.7/site-packages/airflow/example_dags/example_xcom.py
[2022-02-19 14:22:06,484] {processor.py:654} INFO - DAG(s) dict_keys(['example_xcom']) retrieved from /home/airflow/.local/lib/python3.7/site-packages/airflow/example_dags/example_xcom.py
[2022-02-19 14:22:10,572] {logging_mixin.py:109} INFO - [2022-02-19 14:22:10,571] {dag.py:2396} INFO - Sync 1 DAGs
[2022-02-19 14:22:10,701] {logging_mixin.py:109} INFO - [2022-02-19 14:22:10,701] {dag.py:2935} INFO - Setting next_dagrun for example_xcom to 2021-01-01T00:00:00+00:00
[2022-02-19 14:22:10,780] {processor.py:171} INFO - Processing /home/airflow/.local/lib/python3.7/site-packages/airflow/example_dags/example_xcom.py took 4.909 seconds
[2022-02-19 14:22:41,379] {processor.py:163} INFO - Started process (PID=151) to work on /home/airflow/.local/lib/python3.7/site-packages/airflow/example_dags/example_xcom.py
[2022-02-19 14:22:41,383] {processor.py:642} INFO - Processing file /home/airflow/.local/lib/python3.7/site-packages/airflow/example_dags/example_xcom.py for tasks to queue
[2022-02-19 14:22:41,390] {logging_mixin.py:109} INFO - [2022-02-19 14:22:41,389] {dagbag.py:500} INFO - Filling up the DagBag from /home/airflow/.local/lib/python3.7/site-packages/airflow/example_dags/example_xcom.py
[2022-02-19 14:22:41,525] {processor.py:654} INFO - DAG(s) dict_keys(['example_xcom']) retrieved from /home/airflow/.local/lib/python3.7/site-packages/airflow/example_dags/example_xcom.py
[2022-02-19 14:22:48,696] {logging_mixin.py:109} INFO - [2022-02-19 14:22:48,692] {dag.py:2396} INFO - Sync 1 DAGs
[2022-02-19 14:22:48,928] {logging_mixin.py:109} INFO - [2022-02-19 14:22:48,927] {dag.py:2935} INFO - Setting next_dagrun for example_xcom to 2021-01-01T00:00:00+00:00
[2022-02-19 14:22:50,315] {processor.py:171} INFO - Processing /home/airflow/.local/lib/python3.7/site-packages/airflow/example_dags/example_xcom.py took 8.957 seconds
