[2022-02-19 13:23:43,993] {processor.py:163} INFO - Started process (PID=353) to work on /home/airflow/.local/lib/python3.7/site-packages/airflow/example_dags/tutorial_taskflow_api_etl.py
[2022-02-19 13:23:43,996] {processor.py:642} INFO - Processing file /home/airflow/.local/lib/python3.7/site-packages/airflow/example_dags/tutorial_taskflow_api_etl.py for tasks to queue
[2022-02-19 13:23:43,998] {logging_mixin.py:109} INFO - [2022-02-19 13:23:43,997] {dagbag.py:500} INFO - Filling up the DagBag from /home/airflow/.local/lib/python3.7/site-packages/airflow/example_dags/tutorial_taskflow_api_etl.py
[2022-02-19 13:23:44,074] {processor.py:654} INFO - DAG(s) dict_keys(['tutorial_taskflow_api_etl']) retrieved from /home/airflow/.local/lib/python3.7/site-packages/airflow/example_dags/tutorial_taskflow_api_etl.py
[2022-02-19 13:24:06,025] {logging_mixin.py:109} INFO - [2022-02-19 13:24:06,025] {manager.py:496} INFO - Created Permission View: can read on DAG:tutorial_taskflow_api_etl
[2022-02-19 13:24:06,064] {logging_mixin.py:109} INFO - [2022-02-19 13:24:06,063] {manager.py:496} INFO - Created Permission View: can edit on DAG:tutorial_taskflow_api_etl
[2022-02-19 13:24:06,065] {logging_mixin.py:109} INFO - [2022-02-19 13:24:06,065] {dag.py:2396} INFO - Sync 1 DAGs
[2022-02-19 13:24:06,079] {logging_mixin.py:109} INFO - [2022-02-19 13:24:06,079] {dag.py:2415} INFO - Creating ORM DAG for tutorial_taskflow_api_etl
[2022-02-19 13:24:06,096] {logging_mixin.py:109} INFO - [2022-02-19 13:24:06,095] {dag.py:2935} INFO - Setting next_dagrun for tutorial_taskflow_api_etl to None
[2022-02-19 13:24:06,123] {processor.py:171} INFO - Processing /home/airflow/.local/lib/python3.7/site-packages/airflow/example_dags/tutorial_taskflow_api_etl.py took 22.084 seconds
[2022-02-19 13:29:43,214] {processor.py:163} INFO - Started process (PID=687) to work on /home/airflow/.local/lib/python3.7/site-packages/airflow/example_dags/tutorial_taskflow_api_etl.py
[2022-02-19 13:29:43,220] {processor.py:642} INFO - Processing file /home/airflow/.local/lib/python3.7/site-packages/airflow/example_dags/tutorial_taskflow_api_etl.py for tasks to queue
[2022-02-19 13:29:43,225] {logging_mixin.py:109} INFO - [2022-02-19 13:29:43,224] {dagbag.py:500} INFO - Filling up the DagBag from /home/airflow/.local/lib/python3.7/site-packages/airflow/example_dags/tutorial_taskflow_api_etl.py
[2022-02-19 13:29:43,274] {processor.py:654} INFO - DAG(s) dict_keys(['tutorial_taskflow_api_etl']) retrieved from /home/airflow/.local/lib/python3.7/site-packages/airflow/example_dags/tutorial_taskflow_api_etl.py
[2022-02-19 13:29:43,842] {logging_mixin.py:109} INFO - [2022-02-19 13:29:43,841] {dag.py:2396} INFO - Sync 1 DAGs
[2022-02-19 13:29:43,890] {logging_mixin.py:109} INFO - [2022-02-19 13:29:43,890] {dag.py:2935} INFO - Setting next_dagrun for tutorial_taskflow_api_etl to None
[2022-02-19 13:29:43,923] {processor.py:171} INFO - Processing /home/airflow/.local/lib/python3.7/site-packages/airflow/example_dags/tutorial_taskflow_api_etl.py took 0.715 seconds
[2022-02-19 13:37:14,647] {processor.py:163} INFO - Started process (PID=172) to work on /home/airflow/.local/lib/python3.7/site-packages/airflow/example_dags/tutorial_taskflow_api_etl.py
[2022-02-19 13:37:14,650] {processor.py:642} INFO - Processing file /home/airflow/.local/lib/python3.7/site-packages/airflow/example_dags/tutorial_taskflow_api_etl.py for tasks to queue
[2022-02-19 13:37:14,653] {logging_mixin.py:109} INFO - [2022-02-19 13:37:14,652] {dagbag.py:500} INFO - Filling up the DagBag from /home/airflow/.local/lib/python3.7/site-packages/airflow/example_dags/tutorial_taskflow_api_etl.py
[2022-02-19 13:37:14,744] {processor.py:654} INFO - DAG(s) dict_keys(['tutorial_taskflow_api_etl']) retrieved from /home/airflow/.local/lib/python3.7/site-packages/airflow/example_dags/tutorial_taskflow_api_etl.py
[2022-02-19 13:37:16,159] {logging_mixin.py:109} INFO - [2022-02-19 13:37:16,159] {dag.py:2396} INFO - Sync 1 DAGs
[2022-02-19 13:37:16,225] {logging_mixin.py:109} INFO - [2022-02-19 13:37:16,225] {dag.py:2935} INFO - Setting next_dagrun for tutorial_taskflow_api_etl to None
[2022-02-19 13:37:16,266] {processor.py:171} INFO - Processing /home/airflow/.local/lib/python3.7/site-packages/airflow/example_dags/tutorial_taskflow_api_etl.py took 1.624 seconds
[2022-02-19 13:37:52,040] {processor.py:163} INFO - Started process (PID=242) to work on /home/airflow/.local/lib/python3.7/site-packages/airflow/example_dags/tutorial_taskflow_api_etl.py
[2022-02-19 13:37:52,043] {processor.py:642} INFO - Processing file /home/airflow/.local/lib/python3.7/site-packages/airflow/example_dags/tutorial_taskflow_api_etl.py for tasks to queue
[2022-02-19 13:37:52,045] {logging_mixin.py:109} INFO - [2022-02-19 13:37:52,045] {dagbag.py:500} INFO - Filling up the DagBag from /home/airflow/.local/lib/python3.7/site-packages/airflow/example_dags/tutorial_taskflow_api_etl.py
[2022-02-19 13:37:52,114] {processor.py:654} INFO - DAG(s) dict_keys(['tutorial_taskflow_api_etl']) retrieved from /home/airflow/.local/lib/python3.7/site-packages/airflow/example_dags/tutorial_taskflow_api_etl.py
[2022-02-19 13:37:52,686] {logging_mixin.py:109} INFO - [2022-02-19 13:37:52,686] {dag.py:2396} INFO - Sync 1 DAGs
[2022-02-19 13:37:52,711] {logging_mixin.py:109} INFO - [2022-02-19 13:37:52,711] {dag.py:2935} INFO - Setting next_dagrun for tutorial_taskflow_api_etl to None
[2022-02-19 13:37:52,745] {processor.py:171} INFO - Processing /home/airflow/.local/lib/python3.7/site-packages/airflow/example_dags/tutorial_taskflow_api_etl.py took 0.711 seconds
[2022-02-19 13:38:23,784] {processor.py:163} INFO - Started process (PID=293) to work on /home/airflow/.local/lib/python3.7/site-packages/airflow/example_dags/tutorial_taskflow_api_etl.py
[2022-02-19 13:38:23,786] {processor.py:642} INFO - Processing file /home/airflow/.local/lib/python3.7/site-packages/airflow/example_dags/tutorial_taskflow_api_etl.py for tasks to queue
[2022-02-19 13:38:23,787] {logging_mixin.py:109} INFO - [2022-02-19 13:38:23,787] {dagbag.py:500} INFO - Filling up the DagBag from /home/airflow/.local/lib/python3.7/site-packages/airflow/example_dags/tutorial_taskflow_api_etl.py
[2022-02-19 13:38:23,823] {processor.py:654} INFO - DAG(s) dict_keys(['tutorial_taskflow_api_etl']) retrieved from /home/airflow/.local/lib/python3.7/site-packages/airflow/example_dags/tutorial_taskflow_api_etl.py
[2022-02-19 13:38:24,128] {logging_mixin.py:109} INFO - [2022-02-19 13:38:24,128] {dag.py:2396} INFO - Sync 1 DAGs
[2022-02-19 13:38:24,143] {logging_mixin.py:109} INFO - [2022-02-19 13:38:24,143] {dag.py:2935} INFO - Setting next_dagrun for tutorial_taskflow_api_etl to None
[2022-02-19 13:38:24,154] {processor.py:171} INFO - Processing /home/airflow/.local/lib/python3.7/site-packages/airflow/example_dags/tutorial_taskflow_api_etl.py took 0.374 seconds
[2022-02-19 13:38:54,975] {processor.py:163} INFO - Started process (PID=344) to work on /home/airflow/.local/lib/python3.7/site-packages/airflow/example_dags/tutorial_taskflow_api_etl.py
[2022-02-19 13:38:54,977] {processor.py:642} INFO - Processing file /home/airflow/.local/lib/python3.7/site-packages/airflow/example_dags/tutorial_taskflow_api_etl.py for tasks to queue
[2022-02-19 13:38:54,978] {logging_mixin.py:109} INFO - [2022-02-19 13:38:54,978] {dagbag.py:500} INFO - Filling up the DagBag from /home/airflow/.local/lib/python3.7/site-packages/airflow/example_dags/tutorial_taskflow_api_etl.py
[2022-02-19 13:38:55,014] {processor.py:654} INFO - DAG(s) dict_keys(['tutorial_taskflow_api_etl']) retrieved from /home/airflow/.local/lib/python3.7/site-packages/airflow/example_dags/tutorial_taskflow_api_etl.py
[2022-02-19 13:38:55,278] {logging_mixin.py:109} INFO - [2022-02-19 13:38:55,278] {dag.py:2396} INFO - Sync 1 DAGs
[2022-02-19 13:38:55,289] {logging_mixin.py:109} INFO - [2022-02-19 13:38:55,289] {dag.py:2935} INFO - Setting next_dagrun for tutorial_taskflow_api_etl to None
[2022-02-19 13:38:55,298] {processor.py:171} INFO - Processing /home/airflow/.local/lib/python3.7/site-packages/airflow/example_dags/tutorial_taskflow_api_etl.py took 0.327 seconds
[2022-02-19 13:39:25,521] {processor.py:163} INFO - Started process (PID=404) to work on /home/airflow/.local/lib/python3.7/site-packages/airflow/example_dags/tutorial_taskflow_api_etl.py
[2022-02-19 13:39:25,523] {processor.py:642} INFO - Processing file /home/airflow/.local/lib/python3.7/site-packages/airflow/example_dags/tutorial_taskflow_api_etl.py for tasks to queue
[2022-02-19 13:39:25,524] {logging_mixin.py:109} INFO - [2022-02-19 13:39:25,524] {dagbag.py:500} INFO - Filling up the DagBag from /home/airflow/.local/lib/python3.7/site-packages/airflow/example_dags/tutorial_taskflow_api_etl.py
[2022-02-19 13:39:25,555] {processor.py:654} INFO - DAG(s) dict_keys(['tutorial_taskflow_api_etl']) retrieved from /home/airflow/.local/lib/python3.7/site-packages/airflow/example_dags/tutorial_taskflow_api_etl.py
[2022-02-19 13:39:25,820] {logging_mixin.py:109} INFO - [2022-02-19 13:39:25,820] {dag.py:2396} INFO - Sync 1 DAGs
[2022-02-19 13:39:25,834] {logging_mixin.py:109} INFO - [2022-02-19 13:39:25,834] {dag.py:2935} INFO - Setting next_dagrun for tutorial_taskflow_api_etl to None
[2022-02-19 13:39:25,853] {processor.py:171} INFO - Processing /home/airflow/.local/lib/python3.7/site-packages/airflow/example_dags/tutorial_taskflow_api_etl.py took 0.336 seconds
[2022-02-19 13:39:56,755] {processor.py:163} INFO - Started process (PID=457) to work on /home/airflow/.local/lib/python3.7/site-packages/airflow/example_dags/tutorial_taskflow_api_etl.py
[2022-02-19 13:39:56,757] {processor.py:642} INFO - Processing file /home/airflow/.local/lib/python3.7/site-packages/airflow/example_dags/tutorial_taskflow_api_etl.py for tasks to queue
[2022-02-19 13:39:56,758] {logging_mixin.py:109} INFO - [2022-02-19 13:39:56,758] {dagbag.py:500} INFO - Filling up the DagBag from /home/airflow/.local/lib/python3.7/site-packages/airflow/example_dags/tutorial_taskflow_api_etl.py
[2022-02-19 13:39:56,787] {processor.py:654} INFO - DAG(s) dict_keys(['tutorial_taskflow_api_etl']) retrieved from /home/airflow/.local/lib/python3.7/site-packages/airflow/example_dags/tutorial_taskflow_api_etl.py
[2022-02-19 13:39:57,126] {logging_mixin.py:109} INFO - [2022-02-19 13:39:57,126] {dag.py:2396} INFO - Sync 1 DAGs
[2022-02-19 13:39:57,139] {logging_mixin.py:109} INFO - [2022-02-19 13:39:57,139] {dag.py:2935} INFO - Setting next_dagrun for tutorial_taskflow_api_etl to None
[2022-02-19 13:39:57,149] {processor.py:171} INFO - Processing /home/airflow/.local/lib/python3.7/site-packages/airflow/example_dags/tutorial_taskflow_api_etl.py took 0.397 seconds
[2022-02-19 13:40:28,033] {processor.py:163} INFO - Started process (PID=517) to work on /home/airflow/.local/lib/python3.7/site-packages/airflow/example_dags/tutorial_taskflow_api_etl.py
[2022-02-19 13:40:28,034] {processor.py:642} INFO - Processing file /home/airflow/.local/lib/python3.7/site-packages/airflow/example_dags/tutorial_taskflow_api_etl.py for tasks to queue
[2022-02-19 13:40:28,036] {logging_mixin.py:109} INFO - [2022-02-19 13:40:28,035] {dagbag.py:500} INFO - Filling up the DagBag from /home/airflow/.local/lib/python3.7/site-packages/airflow/example_dags/tutorial_taskflow_api_etl.py
[2022-02-19 13:40:28,066] {processor.py:654} INFO - DAG(s) dict_keys(['tutorial_taskflow_api_etl']) retrieved from /home/airflow/.local/lib/python3.7/site-packages/airflow/example_dags/tutorial_taskflow_api_etl.py
[2022-02-19 13:40:28,332] {logging_mixin.py:109} INFO - [2022-02-19 13:40:28,332] {dag.py:2396} INFO - Sync 1 DAGs
[2022-02-19 13:40:28,345] {logging_mixin.py:109} INFO - [2022-02-19 13:40:28,345] {dag.py:2935} INFO - Setting next_dagrun for tutorial_taskflow_api_etl to None
[2022-02-19 13:40:28,356] {processor.py:171} INFO - Processing /home/airflow/.local/lib/python3.7/site-packages/airflow/example_dags/tutorial_taskflow_api_etl.py took 0.327 seconds
[2022-02-19 13:40:58,995] {processor.py:163} INFO - Started process (PID=568) to work on /home/airflow/.local/lib/python3.7/site-packages/airflow/example_dags/tutorial_taskflow_api_etl.py
[2022-02-19 13:40:58,997] {processor.py:642} INFO - Processing file /home/airflow/.local/lib/python3.7/site-packages/airflow/example_dags/tutorial_taskflow_api_etl.py for tasks to queue
[2022-02-19 13:40:58,998] {logging_mixin.py:109} INFO - [2022-02-19 13:40:58,998] {dagbag.py:500} INFO - Filling up the DagBag from /home/airflow/.local/lib/python3.7/site-packages/airflow/example_dags/tutorial_taskflow_api_etl.py
[2022-02-19 13:40:59,062] {processor.py:654} INFO - DAG(s) dict_keys(['tutorial_taskflow_api_etl']) retrieved from /home/airflow/.local/lib/python3.7/site-packages/airflow/example_dags/tutorial_taskflow_api_etl.py
[2022-02-19 13:41:02,964] {logging_mixin.py:109} INFO - [2022-02-19 13:41:02,964] {dag.py:2396} INFO - Sync 1 DAGs
[2022-02-19 13:41:02,981] {logging_mixin.py:109} INFO - [2022-02-19 13:41:02,981] {dag.py:2935} INFO - Setting next_dagrun for tutorial_taskflow_api_etl to None
[2022-02-19 13:41:03,026] {processor.py:171} INFO - Processing /home/airflow/.local/lib/python3.7/site-packages/airflow/example_dags/tutorial_taskflow_api_etl.py took 4.055 seconds
[2022-02-19 13:41:39,395] {processor.py:163} INFO - Started process (PID=620) to work on /home/airflow/.local/lib/python3.7/site-packages/airflow/example_dags/tutorial_taskflow_api_etl.py
[2022-02-19 13:41:39,397] {processor.py:642} INFO - Processing file /home/airflow/.local/lib/python3.7/site-packages/airflow/example_dags/tutorial_taskflow_api_etl.py for tasks to queue
[2022-02-19 13:41:39,399] {logging_mixin.py:109} INFO - [2022-02-19 13:41:39,399] {dagbag.py:500} INFO - Filling up the DagBag from /home/airflow/.local/lib/python3.7/site-packages/airflow/example_dags/tutorial_taskflow_api_etl.py
[2022-02-19 13:41:39,435] {processor.py:654} INFO - DAG(s) dict_keys(['tutorial_taskflow_api_etl']) retrieved from /home/airflow/.local/lib/python3.7/site-packages/airflow/example_dags/tutorial_taskflow_api_etl.py
[2022-02-19 13:41:39,748] {logging_mixin.py:109} INFO - [2022-02-19 13:41:39,747] {dag.py:2396} INFO - Sync 1 DAGs
[2022-02-19 13:41:39,765] {logging_mixin.py:109} INFO - [2022-02-19 13:41:39,764] {dag.py:2935} INFO - Setting next_dagrun for tutorial_taskflow_api_etl to None
[2022-02-19 13:41:39,780] {processor.py:171} INFO - Processing /home/airflow/.local/lib/python3.7/site-packages/airflow/example_dags/tutorial_taskflow_api_etl.py took 0.390 seconds
[2022-02-19 13:53:20,248] {processor.py:163} INFO - Started process (PID=61) to work on /home/airflow/.local/lib/python3.7/site-packages/airflow/example_dags/tutorial_taskflow_api_etl.py
[2022-02-19 13:53:20,251] {processor.py:642} INFO - Processing file /home/airflow/.local/lib/python3.7/site-packages/airflow/example_dags/tutorial_taskflow_api_etl.py for tasks to queue
[2022-02-19 13:53:20,254] {logging_mixin.py:109} INFO - [2022-02-19 13:53:20,254] {dagbag.py:500} INFO - Filling up the DagBag from /home/airflow/.local/lib/python3.7/site-packages/airflow/example_dags/tutorial_taskflow_api_etl.py
[2022-02-19 13:53:20,328] {processor.py:654} INFO - DAG(s) dict_keys(['tutorial_taskflow_api_etl']) retrieved from /home/airflow/.local/lib/python3.7/site-packages/airflow/example_dags/tutorial_taskflow_api_etl.py
[2022-02-19 13:53:20,933] {logging_mixin.py:109} INFO - [2022-02-19 13:53:20,932] {dag.py:2396} INFO - Sync 1 DAGs
[2022-02-19 13:53:20,950] {logging_mixin.py:109} INFO - [2022-02-19 13:53:20,950] {dag.py:2935} INFO - Setting next_dagrun for tutorial_taskflow_api_etl to None
[2022-02-19 13:53:21,006] {processor.py:171} INFO - Processing /home/airflow/.local/lib/python3.7/site-packages/airflow/example_dags/tutorial_taskflow_api_etl.py took 0.767 seconds
[2022-02-19 13:54:53,187] {processor.py:163} INFO - Started process (PID=136) to work on /home/airflow/.local/lib/python3.7/site-packages/airflow/example_dags/tutorial_taskflow_api_etl.py
[2022-02-19 13:54:53,205] {processor.py:642} INFO - Processing file /home/airflow/.local/lib/python3.7/site-packages/airflow/example_dags/tutorial_taskflow_api_etl.py for tasks to queue
[2022-02-19 13:54:53,251] {logging_mixin.py:109} INFO - [2022-02-19 13:54:53,241] {dagbag.py:500} INFO - Filling up the DagBag from /home/airflow/.local/lib/python3.7/site-packages/airflow/example_dags/tutorial_taskflow_api_etl.py
[2022-02-19 13:55:06,577] {processor.py:654} INFO - DAG(s) dict_keys(['tutorial_taskflow_api_etl']) retrieved from /home/airflow/.local/lib/python3.7/site-packages/airflow/example_dags/tutorial_taskflow_api_etl.py
[2022-02-19 13:56:28,245] {logging_mixin.py:109} INFO - [2022-02-19 13:56:28,234] {process_utils.py:237} INFO - Waiting up to 5 seconds for processes to exit...
[2022-02-19 13:59:07,462] {processor.py:163} INFO - Started process (PID=100) to work on /home/airflow/.local/lib/python3.7/site-packages/airflow/example_dags/tutorial_taskflow_api_etl.py
[2022-02-19 13:59:07,470] {processor.py:642} INFO - Processing file /home/airflow/.local/lib/python3.7/site-packages/airflow/example_dags/tutorial_taskflow_api_etl.py for tasks to queue
[2022-02-19 13:59:07,477] {logging_mixin.py:109} INFO - [2022-02-19 13:59:07,477] {dagbag.py:500} INFO - Filling up the DagBag from /home/airflow/.local/lib/python3.7/site-packages/airflow/example_dags/tutorial_taskflow_api_etl.py
[2022-02-19 13:59:10,445] {processor.py:654} INFO - DAG(s) dict_keys(['tutorial_taskflow_api_etl']) retrieved from /home/airflow/.local/lib/python3.7/site-packages/airflow/example_dags/tutorial_taskflow_api_etl.py
[2022-02-19 14:00:23,453] {logging_mixin.py:109} INFO - [2022-02-19 14:00:23,435] {dag.py:2396} INFO - Sync 1 DAGs
[2022-02-19 14:00:25,296] {logging_mixin.py:109} INFO - [2022-02-19 14:00:25,293] {dag.py:2935} INFO - Setting next_dagrun for tutorial_taskflow_api_etl to None
[2022-02-19 14:00:37,612] {logging_mixin.py:109} INFO - [2022-02-19 14:00:37,604] {process_utils.py:237} INFO - Waiting up to 5 seconds for processes to exit...
[2022-02-19 14:01:37,383] {processor.py:163} INFO - Started process (PID=188) to work on /home/airflow/.local/lib/python3.7/site-packages/airflow/example_dags/tutorial_taskflow_api_etl.py
[2022-02-19 14:01:37,393] {processor.py:642} INFO - Processing file /home/airflow/.local/lib/python3.7/site-packages/airflow/example_dags/tutorial_taskflow_api_etl.py for tasks to queue
[2022-02-19 14:01:37,395] {logging_mixin.py:109} INFO - [2022-02-19 14:01:37,395] {dagbag.py:500} INFO - Filling up the DagBag from /home/airflow/.local/lib/python3.7/site-packages/airflow/example_dags/tutorial_taskflow_api_etl.py
[2022-02-19 14:01:37,568] {processor.py:654} INFO - DAG(s) dict_keys(['tutorial_taskflow_api_etl']) retrieved from /home/airflow/.local/lib/python3.7/site-packages/airflow/example_dags/tutorial_taskflow_api_etl.py
[2022-02-19 14:01:38,238] {logging_mixin.py:109} INFO - [2022-02-19 14:01:38,238] {dag.py:2396} INFO - Sync 1 DAGs
[2022-02-19 14:01:38,274] {logging_mixin.py:109} INFO - [2022-02-19 14:01:38,273] {dag.py:2935} INFO - Setting next_dagrun for tutorial_taskflow_api_etl to None
[2022-02-19 14:01:38,298] {processor.py:171} INFO - Processing /home/airflow/.local/lib/python3.7/site-packages/airflow/example_dags/tutorial_taskflow_api_etl.py took 0.927 seconds
[2022-02-19 14:02:09,889] {processor.py:163} INFO - Started process (PID=242) to work on /home/airflow/.local/lib/python3.7/site-packages/airflow/example_dags/tutorial_taskflow_api_etl.py
[2022-02-19 14:02:09,900] {processor.py:642} INFO - Processing file /home/airflow/.local/lib/python3.7/site-packages/airflow/example_dags/tutorial_taskflow_api_etl.py for tasks to queue
[2022-02-19 14:02:09,903] {logging_mixin.py:109} INFO - [2022-02-19 14:02:09,903] {dagbag.py:500} INFO - Filling up the DagBag from /home/airflow/.local/lib/python3.7/site-packages/airflow/example_dags/tutorial_taskflow_api_etl.py
[2022-02-19 14:02:09,985] {processor.py:654} INFO - DAG(s) dict_keys(['tutorial_taskflow_api_etl']) retrieved from /home/airflow/.local/lib/python3.7/site-packages/airflow/example_dags/tutorial_taskflow_api_etl.py
[2022-02-19 14:02:10,615] {logging_mixin.py:109} INFO - [2022-02-19 14:02:10,615] {dag.py:2396} INFO - Sync 1 DAGs
[2022-02-19 14:02:10,664] {logging_mixin.py:109} INFO - [2022-02-19 14:02:10,664] {dag.py:2935} INFO - Setting next_dagrun for tutorial_taskflow_api_etl to None
[2022-02-19 14:02:10,702] {processor.py:171} INFO - Processing /home/airflow/.local/lib/python3.7/site-packages/airflow/example_dags/tutorial_taskflow_api_etl.py took 0.823 seconds
[2022-02-19 14:07:02,933] {processor.py:163} INFO - Started process (PID=72) to work on /home/airflow/.local/lib/python3.7/site-packages/airflow/example_dags/tutorial_taskflow_api_etl.py
[2022-02-19 14:07:02,936] {processor.py:642} INFO - Processing file /home/airflow/.local/lib/python3.7/site-packages/airflow/example_dags/tutorial_taskflow_api_etl.py for tasks to queue
[2022-02-19 14:07:02,939] {logging_mixin.py:109} INFO - [2022-02-19 14:07:02,939] {dagbag.py:500} INFO - Filling up the DagBag from /home/airflow/.local/lib/python3.7/site-packages/airflow/example_dags/tutorial_taskflow_api_etl.py
[2022-02-19 14:07:03,098] {processor.py:654} INFO - DAG(s) dict_keys(['tutorial_taskflow_api_etl']) retrieved from /home/airflow/.local/lib/python3.7/site-packages/airflow/example_dags/tutorial_taskflow_api_etl.py
[2022-02-19 14:07:23,263] {logging_mixin.py:109} INFO - [2022-02-19 14:07:23,262] {dag.py:2396} INFO - Sync 1 DAGs
[2022-02-19 14:07:23,392] {logging_mixin.py:109} INFO - [2022-02-19 14:07:23,392] {dag.py:2935} INFO - Setting next_dagrun for tutorial_taskflow_api_etl to None
[2022-02-19 14:07:23,490] {processor.py:171} INFO - Processing /home/airflow/.local/lib/python3.7/site-packages/airflow/example_dags/tutorial_taskflow_api_etl.py took 20.565 seconds
[2022-02-19 14:15:52,921] {processor.py:163} INFO - Started process (PID=157) to work on /home/airflow/.local/lib/python3.7/site-packages/airflow/example_dags/tutorial_taskflow_api_etl.py
[2022-02-19 14:15:52,934] {processor.py:642} INFO - Processing file /home/airflow/.local/lib/python3.7/site-packages/airflow/example_dags/tutorial_taskflow_api_etl.py for tasks to queue
[2022-02-19 14:15:52,944] {logging_mixin.py:109} INFO - [2022-02-19 14:15:52,943] {dagbag.py:500} INFO - Filling up the DagBag from /home/airflow/.local/lib/python3.7/site-packages/airflow/example_dags/tutorial_taskflow_api_etl.py
[2022-02-19 14:15:53,212] {processor.py:654} INFO - DAG(s) dict_keys(['tutorial_taskflow_api_etl']) retrieved from /home/airflow/.local/lib/python3.7/site-packages/airflow/example_dags/tutorial_taskflow_api_etl.py
[2022-02-19 14:15:54,756] {logging_mixin.py:109} INFO - [2022-02-19 14:15:54,756] {dag.py:2396} INFO - Sync 1 DAGs
[2022-02-19 14:15:54,806] {logging_mixin.py:109} INFO - [2022-02-19 14:15:54,806] {dag.py:2935} INFO - Setting next_dagrun for tutorial_taskflow_api_etl to None
[2022-02-19 14:15:54,894] {processor.py:171} INFO - Processing /home/airflow/.local/lib/python3.7/site-packages/airflow/example_dags/tutorial_taskflow_api_etl.py took 1.989 seconds
[2022-02-19 14:16:31,403] {processor.py:163} INFO - Started process (PID=207) to work on /home/airflow/.local/lib/python3.7/site-packages/airflow/example_dags/tutorial_taskflow_api_etl.py
[2022-02-19 14:16:31,428] {processor.py:642} INFO - Processing file /home/airflow/.local/lib/python3.7/site-packages/airflow/example_dags/tutorial_taskflow_api_etl.py for tasks to queue
[2022-02-19 14:16:31,498] {logging_mixin.py:109} INFO - [2022-02-19 14:16:31,497] {dagbag.py:500} INFO - Filling up the DagBag from /home/airflow/.local/lib/python3.7/site-packages/airflow/example_dags/tutorial_taskflow_api_etl.py
[2022-02-19 14:16:32,276] {processor.py:654} INFO - DAG(s) dict_keys(['tutorial_taskflow_api_etl']) retrieved from /home/airflow/.local/lib/python3.7/site-packages/airflow/example_dags/tutorial_taskflow_api_etl.py
[2022-02-19 14:16:45,543] {logging_mixin.py:109} INFO - [2022-02-19 14:16:45,543] {dag.py:2396} INFO - Sync 1 DAGs
[2022-02-19 14:16:45,588] {logging_mixin.py:109} INFO - [2022-02-19 14:16:45,587] {dag.py:2935} INFO - Setting next_dagrun for tutorial_taskflow_api_etl to None
[2022-02-19 14:16:45,649] {processor.py:171} INFO - Processing /home/airflow/.local/lib/python3.7/site-packages/airflow/example_dags/tutorial_taskflow_api_etl.py took 13.874 seconds
[2022-02-19 14:21:09,038] {processor.py:163} INFO - Started process (PID=71) to work on /home/airflow/.local/lib/python3.7/site-packages/airflow/example_dags/tutorial_taskflow_api_etl.py
[2022-02-19 14:21:09,063] {processor.py:642} INFO - Processing file /home/airflow/.local/lib/python3.7/site-packages/airflow/example_dags/tutorial_taskflow_api_etl.py for tasks to queue
[2022-02-19 14:21:09,075] {logging_mixin.py:109} INFO - [2022-02-19 14:21:09,074] {dagbag.py:500} INFO - Filling up the DagBag from /home/airflow/.local/lib/python3.7/site-packages/airflow/example_dags/tutorial_taskflow_api_etl.py
[2022-02-19 14:21:14,729] {processor.py:654} INFO - DAG(s) dict_keys(['tutorial_taskflow_api_etl']) retrieved from /home/airflow/.local/lib/python3.7/site-packages/airflow/example_dags/tutorial_taskflow_api_etl.py
[2022-02-19 14:21:49,783] {logging_mixin.py:109} INFO - [2022-02-19 14:21:49,780] {dag.py:2396} INFO - Sync 1 DAGs
[2022-02-19 14:21:49,959] {logging_mixin.py:109} INFO - [2022-02-19 14:21:49,957] {dag.py:2935} INFO - Setting next_dagrun for tutorial_taskflow_api_etl to None
[2022-02-19 14:21:52,145] {processor.py:171} INFO - Processing /home/airflow/.local/lib/python3.7/site-packages/airflow/example_dags/tutorial_taskflow_api_etl.py took 43.168 seconds
[2022-02-19 14:22:22,608] {processor.py:163} INFO - Started process (PID=132) to work on /home/airflow/.local/lib/python3.7/site-packages/airflow/example_dags/tutorial_taskflow_api_etl.py
[2022-02-19 14:22:22,611] {processor.py:642} INFO - Processing file /home/airflow/.local/lib/python3.7/site-packages/airflow/example_dags/tutorial_taskflow_api_etl.py for tasks to queue
[2022-02-19 14:22:22,626] {logging_mixin.py:109} INFO - [2022-02-19 14:22:22,626] {dagbag.py:500} INFO - Filling up the DagBag from /home/airflow/.local/lib/python3.7/site-packages/airflow/example_dags/tutorial_taskflow_api_etl.py
[2022-02-19 14:22:22,933] {processor.py:654} INFO - DAG(s) dict_keys(['tutorial_taskflow_api_etl']) retrieved from /home/airflow/.local/lib/python3.7/site-packages/airflow/example_dags/tutorial_taskflow_api_etl.py
[2022-02-19 14:22:25,812] {logging_mixin.py:109} INFO - [2022-02-19 14:22:25,812] {dag.py:2396} INFO - Sync 1 DAGs
[2022-02-19 14:22:25,914] {logging_mixin.py:109} INFO - [2022-02-19 14:22:25,914] {dag.py:2935} INFO - Setting next_dagrun for tutorial_taskflow_api_etl to None
[2022-02-19 14:22:25,993] {processor.py:171} INFO - Processing /home/airflow/.local/lib/python3.7/site-packages/airflow/example_dags/tutorial_taskflow_api_etl.py took 3.392 seconds
[2022-02-19 14:27:08,223] {processor.py:163} INFO - Started process (PID=71) to work on /home/airflow/.local/lib/python3.7/site-packages/airflow/example_dags/tutorial_taskflow_api_etl.py
[2022-02-19 14:27:08,227] {processor.py:642} INFO - Processing file /home/airflow/.local/lib/python3.7/site-packages/airflow/example_dags/tutorial_taskflow_api_etl.py for tasks to queue
[2022-02-19 14:27:08,229] {logging_mixin.py:109} INFO - [2022-02-19 14:27:08,229] {dagbag.py:500} INFO - Filling up the DagBag from /home/airflow/.local/lib/python3.7/site-packages/airflow/example_dags/tutorial_taskflow_api_etl.py
[2022-02-19 14:27:10,408] {processor.py:654} INFO - DAG(s) dict_keys(['tutorial_taskflow_api_etl']) retrieved from /home/airflow/.local/lib/python3.7/site-packages/airflow/example_dags/tutorial_taskflow_api_etl.py
