[2022-02-19 13:23:36,727] {processor.py:163} INFO - Started process (PID=323) to work on /home/airflow/.local/lib/python3.7/site-packages/airflow/example_dags/tutorial.py
[2022-02-19 13:23:36,743] {processor.py:642} INFO - Processing file /home/airflow/.local/lib/python3.7/site-packages/airflow/example_dags/tutorial.py for tasks to queue
[2022-02-19 13:23:36,745] {logging_mixin.py:109} INFO - [2022-02-19 13:23:36,745] {dagbag.py:500} INFO - Filling up the DagBag from /home/airflow/.local/lib/python3.7/site-packages/airflow/example_dags/tutorial.py
[2022-02-19 13:23:36,984] {processor.py:654} INFO - DAG(s) dict_keys(['tutorial']) retrieved from /home/airflow/.local/lib/python3.7/site-packages/airflow/example_dags/tutorial.py
[2022-02-19 13:23:42,314] {logging_mixin.py:109} INFO - [2022-02-19 13:23:42,314] {manager.py:496} INFO - Created Permission View: can read on DAG:tutorial
[2022-02-19 13:23:42,327] {logging_mixin.py:109} INFO - [2022-02-19 13:23:42,327] {manager.py:496} INFO - Created Permission View: can edit on DAG:tutorial
[2022-02-19 13:23:42,329] {logging_mixin.py:109} INFO - [2022-02-19 13:23:42,328] {dag.py:2396} INFO - Sync 1 DAGs
[2022-02-19 13:23:42,339] {logging_mixin.py:109} INFO - [2022-02-19 13:23:42,338] {dag.py:2415} INFO - Creating ORM DAG for tutorial
[2022-02-19 13:23:42,351] {logging_mixin.py:109} INFO - [2022-02-19 13:23:42,351] {dag.py:2935} INFO - Setting next_dagrun for tutorial to 2022-02-18T13:23:42.350199+00:00
[2022-02-19 13:23:42,371] {processor.py:171} INFO - Processing /home/airflow/.local/lib/python3.7/site-packages/airflow/example_dags/tutorial.py took 5.647 seconds
[2022-02-19 13:29:42,514] {processor.py:163} INFO - Started process (PID=684) to work on /home/airflow/.local/lib/python3.7/site-packages/airflow/example_dags/tutorial.py
[2022-02-19 13:29:42,524] {processor.py:642} INFO - Processing file /home/airflow/.local/lib/python3.7/site-packages/airflow/example_dags/tutorial.py for tasks to queue
[2022-02-19 13:29:42,530] {logging_mixin.py:109} INFO - [2022-02-19 13:29:42,530] {dagbag.py:500} INFO - Filling up the DagBag from /home/airflow/.local/lib/python3.7/site-packages/airflow/example_dags/tutorial.py
[2022-02-19 13:29:42,643] {processor.py:654} INFO - DAG(s) dict_keys(['tutorial']) retrieved from /home/airflow/.local/lib/python3.7/site-packages/airflow/example_dags/tutorial.py
[2022-02-19 13:29:42,662] {logging_mixin.py:109} INFO - [2022-02-19 13:29:42,662] {dag.py:2396} INFO - Sync 1 DAGs
[2022-02-19 13:29:42,696] {logging_mixin.py:109} INFO - [2022-02-19 13:29:42,696] {dag.py:2935} INFO - Setting next_dagrun for tutorial to 2022-02-18T13:29:42.692294+00:00
[2022-02-19 13:29:42,732] {processor.py:171} INFO - Processing /home/airflow/.local/lib/python3.7/site-packages/airflow/example_dags/tutorial.py took 0.229 seconds
[2022-02-19 13:37:07,625] {processor.py:163} INFO - Started process (PID=167) to work on /home/airflow/.local/lib/python3.7/site-packages/airflow/example_dags/tutorial.py
[2022-02-19 13:37:07,630] {processor.py:642} INFO - Processing file /home/airflow/.local/lib/python3.7/site-packages/airflow/example_dags/tutorial.py for tasks to queue
[2022-02-19 13:37:07,637] {logging_mixin.py:109} INFO - [2022-02-19 13:37:07,636] {dagbag.py:500} INFO - Filling up the DagBag from /home/airflow/.local/lib/python3.7/site-packages/airflow/example_dags/tutorial.py
[2022-02-19 13:37:07,896] {processor.py:654} INFO - DAG(s) dict_keys(['tutorial']) retrieved from /home/airflow/.local/lib/python3.7/site-packages/airflow/example_dags/tutorial.py
[2022-02-19 13:37:07,951] {logging_mixin.py:109} INFO - [2022-02-19 13:37:07,951] {dag.py:2396} INFO - Sync 1 DAGs
[2022-02-19 13:37:08,007] {logging_mixin.py:109} INFO - [2022-02-19 13:37:08,007] {dag.py:2935} INFO - Setting next_dagrun for tutorial to 2022-02-18T13:37:08.005173+00:00
[2022-02-19 13:37:08,061] {processor.py:171} INFO - Processing /home/airflow/.local/lib/python3.7/site-packages/airflow/example_dags/tutorial.py took 0.444 seconds
[2022-02-19 13:37:51,312] {processor.py:163} INFO - Started process (PID=234) to work on /home/airflow/.local/lib/python3.7/site-packages/airflow/example_dags/tutorial.py
[2022-02-19 13:37:51,314] {processor.py:642} INFO - Processing file /home/airflow/.local/lib/python3.7/site-packages/airflow/example_dags/tutorial.py for tasks to queue
[2022-02-19 13:37:51,315] {logging_mixin.py:109} INFO - [2022-02-19 13:37:51,315] {dagbag.py:500} INFO - Filling up the DagBag from /home/airflow/.local/lib/python3.7/site-packages/airflow/example_dags/tutorial.py
[2022-02-19 13:37:51,376] {processor.py:654} INFO - DAG(s) dict_keys(['tutorial']) retrieved from /home/airflow/.local/lib/python3.7/site-packages/airflow/example_dags/tutorial.py
[2022-02-19 13:37:51,409] {logging_mixin.py:109} INFO - [2022-02-19 13:37:51,409] {dag.py:2396} INFO - Sync 1 DAGs
[2022-02-19 13:37:51,452] {logging_mixin.py:109} INFO - [2022-02-19 13:37:51,452] {dag.py:2935} INFO - Setting next_dagrun for tutorial to 2022-02-18T13:37:51.451893+00:00
[2022-02-19 13:37:51,487] {processor.py:171} INFO - Processing /home/airflow/.local/lib/python3.7/site-packages/airflow/example_dags/tutorial.py took 0.180 seconds
[2022-02-19 13:38:21,662] {processor.py:163} INFO - Started process (PID=290) to work on /home/airflow/.local/lib/python3.7/site-packages/airflow/example_dags/tutorial.py
[2022-02-19 13:38:21,664] {processor.py:642} INFO - Processing file /home/airflow/.local/lib/python3.7/site-packages/airflow/example_dags/tutorial.py for tasks to queue
[2022-02-19 13:38:21,665] {logging_mixin.py:109} INFO - [2022-02-19 13:38:21,665] {dagbag.py:500} INFO - Filling up the DagBag from /home/airflow/.local/lib/python3.7/site-packages/airflow/example_dags/tutorial.py
[2022-02-19 13:38:21,699] {processor.py:654} INFO - DAG(s) dict_keys(['tutorial']) retrieved from /home/airflow/.local/lib/python3.7/site-packages/airflow/example_dags/tutorial.py
[2022-02-19 13:38:21,711] {logging_mixin.py:109} INFO - [2022-02-19 13:38:21,711] {dag.py:2396} INFO - Sync 1 DAGs
[2022-02-19 13:38:21,726] {logging_mixin.py:109} INFO - [2022-02-19 13:38:21,726] {dag.py:2935} INFO - Setting next_dagrun for tutorial to 2022-02-18T13:38:21.726077+00:00
[2022-02-19 13:38:21,735] {processor.py:171} INFO - Processing /home/airflow/.local/lib/python3.7/site-packages/airflow/example_dags/tutorial.py took 0.077 seconds
[2022-02-19 13:38:51,758] {processor.py:163} INFO - Started process (PID=340) to work on /home/airflow/.local/lib/python3.7/site-packages/airflow/example_dags/tutorial.py
[2022-02-19 13:38:51,760] {processor.py:642} INFO - Processing file /home/airflow/.local/lib/python3.7/site-packages/airflow/example_dags/tutorial.py for tasks to queue
[2022-02-19 13:38:51,761] {logging_mixin.py:109} INFO - [2022-02-19 13:38:51,761] {dagbag.py:500} INFO - Filling up the DagBag from /home/airflow/.local/lib/python3.7/site-packages/airflow/example_dags/tutorial.py
[2022-02-19 13:38:51,799] {processor.py:654} INFO - DAG(s) dict_keys(['tutorial']) retrieved from /home/airflow/.local/lib/python3.7/site-packages/airflow/example_dags/tutorial.py
[2022-02-19 13:38:51,812] {logging_mixin.py:109} INFO - [2022-02-19 13:38:51,812] {dag.py:2396} INFO - Sync 1 DAGs
[2022-02-19 13:38:51,828] {logging_mixin.py:109} INFO - [2022-02-19 13:38:51,828] {dag.py:2935} INFO - Setting next_dagrun for tutorial to 2022-02-18T13:38:51.828061+00:00
[2022-02-19 13:38:51,838] {processor.py:171} INFO - Processing /home/airflow/.local/lib/python3.7/site-packages/airflow/example_dags/tutorial.py took 0.085 seconds
[2022-02-19 13:39:22,304] {processor.py:163} INFO - Started process (PID=391) to work on /home/airflow/.local/lib/python3.7/site-packages/airflow/example_dags/tutorial.py
[2022-02-19 13:39:22,306] {processor.py:642} INFO - Processing file /home/airflow/.local/lib/python3.7/site-packages/airflow/example_dags/tutorial.py for tasks to queue
[2022-02-19 13:39:22,308] {logging_mixin.py:109} INFO - [2022-02-19 13:39:22,308] {dagbag.py:500} INFO - Filling up the DagBag from /home/airflow/.local/lib/python3.7/site-packages/airflow/example_dags/tutorial.py
[2022-02-19 13:39:22,346] {processor.py:654} INFO - DAG(s) dict_keys(['tutorial']) retrieved from /home/airflow/.local/lib/python3.7/site-packages/airflow/example_dags/tutorial.py
[2022-02-19 13:39:22,359] {logging_mixin.py:109} INFO - [2022-02-19 13:39:22,359] {dag.py:2396} INFO - Sync 1 DAGs
[2022-02-19 13:39:22,380] {logging_mixin.py:109} INFO - [2022-02-19 13:39:22,380] {dag.py:2935} INFO - Setting next_dagrun for tutorial to 2022-02-18T13:39:22.380313+00:00
[2022-02-19 13:39:22,393] {processor.py:171} INFO - Processing /home/airflow/.local/lib/python3.7/site-packages/airflow/example_dags/tutorial.py took 0.093 seconds
[2022-02-19 13:39:52,456] {processor.py:163} INFO - Started process (PID=451) to work on /home/airflow/.local/lib/python3.7/site-packages/airflow/example_dags/tutorial.py
[2022-02-19 13:39:52,458] {processor.py:642} INFO - Processing file /home/airflow/.local/lib/python3.7/site-packages/airflow/example_dags/tutorial.py for tasks to queue
[2022-02-19 13:39:52,459] {logging_mixin.py:109} INFO - [2022-02-19 13:39:52,459] {dagbag.py:500} INFO - Filling up the DagBag from /home/airflow/.local/lib/python3.7/site-packages/airflow/example_dags/tutorial.py
[2022-02-19 13:39:52,488] {processor.py:654} INFO - DAG(s) dict_keys(['tutorial']) retrieved from /home/airflow/.local/lib/python3.7/site-packages/airflow/example_dags/tutorial.py
[2022-02-19 13:39:52,497] {logging_mixin.py:109} INFO - [2022-02-19 13:39:52,497] {dag.py:2396} INFO - Sync 1 DAGs
[2022-02-19 13:39:52,510] {logging_mixin.py:109} INFO - [2022-02-19 13:39:52,510] {dag.py:2935} INFO - Setting next_dagrun for tutorial to 2022-02-18T13:39:52.510436+00:00
[2022-02-19 13:39:52,518] {processor.py:171} INFO - Processing /home/airflow/.local/lib/python3.7/site-packages/airflow/example_dags/tutorial.py took 0.065 seconds
[2022-02-19 13:40:23,542] {processor.py:163} INFO - Started process (PID=509) to work on /home/airflow/.local/lib/python3.7/site-packages/airflow/example_dags/tutorial.py
[2022-02-19 13:40:23,544] {processor.py:642} INFO - Processing file /home/airflow/.local/lib/python3.7/site-packages/airflow/example_dags/tutorial.py for tasks to queue
[2022-02-19 13:40:23,545] {logging_mixin.py:109} INFO - [2022-02-19 13:40:23,545] {dagbag.py:500} INFO - Filling up the DagBag from /home/airflow/.local/lib/python3.7/site-packages/airflow/example_dags/tutorial.py
[2022-02-19 13:40:23,575] {processor.py:654} INFO - DAG(s) dict_keys(['tutorial']) retrieved from /home/airflow/.local/lib/python3.7/site-packages/airflow/example_dags/tutorial.py
[2022-02-19 13:40:23,586] {logging_mixin.py:109} INFO - [2022-02-19 13:40:23,585] {dag.py:2396} INFO - Sync 1 DAGs
[2022-02-19 13:40:23,600] {logging_mixin.py:109} INFO - [2022-02-19 13:40:23,600] {dag.py:2935} INFO - Setting next_dagrun for tutorial to 2022-02-18T13:40:23.600218+00:00
[2022-02-19 13:40:23,608] {processor.py:171} INFO - Processing /home/airflow/.local/lib/python3.7/site-packages/airflow/example_dags/tutorial.py took 0.069 seconds
[2022-02-19 13:40:54,028] {processor.py:163} INFO - Started process (PID=562) to work on /home/airflow/.local/lib/python3.7/site-packages/airflow/example_dags/tutorial.py
[2022-02-19 13:40:54,031] {processor.py:642} INFO - Processing file /home/airflow/.local/lib/python3.7/site-packages/airflow/example_dags/tutorial.py for tasks to queue
[2022-02-19 13:40:54,033] {logging_mixin.py:109} INFO - [2022-02-19 13:40:54,033] {dagbag.py:500} INFO - Filling up the DagBag from /home/airflow/.local/lib/python3.7/site-packages/airflow/example_dags/tutorial.py
[2022-02-19 13:40:54,065] {processor.py:654} INFO - DAG(s) dict_keys(['tutorial']) retrieved from /home/airflow/.local/lib/python3.7/site-packages/airflow/example_dags/tutorial.py
[2022-02-19 13:40:54,080] {logging_mixin.py:109} INFO - [2022-02-19 13:40:54,080] {dag.py:2396} INFO - Sync 1 DAGs
[2022-02-19 13:40:54,095] {logging_mixin.py:109} INFO - [2022-02-19 13:40:54,095] {dag.py:2935} INFO - Setting next_dagrun for tutorial to 2022-02-18T13:40:54.095231+00:00
[2022-02-19 13:40:54,105] {processor.py:171} INFO - Processing /home/airflow/.local/lib/python3.7/site-packages/airflow/example_dags/tutorial.py took 0.081 seconds
[2022-02-19 13:41:39,012] {processor.py:163} INFO - Started process (PID=617) to work on /home/airflow/.local/lib/python3.7/site-packages/airflow/example_dags/tutorial.py
[2022-02-19 13:41:39,015] {processor.py:642} INFO - Processing file /home/airflow/.local/lib/python3.7/site-packages/airflow/example_dags/tutorial.py for tasks to queue
[2022-02-19 13:41:39,017] {logging_mixin.py:109} INFO - [2022-02-19 13:41:39,017] {dagbag.py:500} INFO - Filling up the DagBag from /home/airflow/.local/lib/python3.7/site-packages/airflow/example_dags/tutorial.py
[2022-02-19 13:41:39,058] {processor.py:654} INFO - DAG(s) dict_keys(['tutorial']) retrieved from /home/airflow/.local/lib/python3.7/site-packages/airflow/example_dags/tutorial.py
[2022-02-19 13:41:39,071] {logging_mixin.py:109} INFO - [2022-02-19 13:41:39,070] {dag.py:2396} INFO - Sync 1 DAGs
[2022-02-19 13:41:39,089] {logging_mixin.py:109} INFO - [2022-02-19 13:41:39,089] {dag.py:2935} INFO - Setting next_dagrun for tutorial to 2022-02-18T13:41:39.089240+00:00
[2022-02-19 13:41:39,102] {processor.py:171} INFO - Processing /home/airflow/.local/lib/python3.7/site-packages/airflow/example_dags/tutorial.py took 0.096 seconds
[2022-02-19 13:53:16,454] {processor.py:163} INFO - Started process (PID=58) to work on /home/airflow/.local/lib/python3.7/site-packages/airflow/example_dags/tutorial.py
[2022-02-19 13:53:16,460] {processor.py:642} INFO - Processing file /home/airflow/.local/lib/python3.7/site-packages/airflow/example_dags/tutorial.py for tasks to queue
[2022-02-19 13:53:16,464] {logging_mixin.py:109} INFO - [2022-02-19 13:53:16,464] {dagbag.py:500} INFO - Filling up the DagBag from /home/airflow/.local/lib/python3.7/site-packages/airflow/example_dags/tutorial.py
[2022-02-19 13:53:16,634] {processor.py:654} INFO - DAG(s) dict_keys(['tutorial']) retrieved from /home/airflow/.local/lib/python3.7/site-packages/airflow/example_dags/tutorial.py
[2022-02-19 13:53:16,687] {logging_mixin.py:109} INFO - [2022-02-19 13:53:16,686] {dag.py:2396} INFO - Sync 1 DAGs
[2022-02-19 13:53:16,735] {logging_mixin.py:109} INFO - [2022-02-19 13:53:16,735] {dag.py:2935} INFO - Setting next_dagrun for tutorial to 2022-02-18T13:53:16.730514+00:00
[2022-02-19 13:53:16,780] {processor.py:171} INFO - Processing /home/airflow/.local/lib/python3.7/site-packages/airflow/example_dags/tutorial.py took 0.339 seconds
[2022-02-19 13:53:55,348] {processor.py:163} INFO - Started process (PID=109) to work on /home/airflow/.local/lib/python3.7/site-packages/airflow/example_dags/tutorial.py
[2022-02-19 13:53:55,352] {processor.py:642} INFO - Processing file /home/airflow/.local/lib/python3.7/site-packages/airflow/example_dags/tutorial.py for tasks to queue
[2022-02-19 13:53:55,362] {logging_mixin.py:109} INFO - [2022-02-19 13:53:55,362] {dagbag.py:500} INFO - Filling up the DagBag from /home/airflow/.local/lib/python3.7/site-packages/airflow/example_dags/tutorial.py
[2022-02-19 13:53:55,958] {processor.py:654} INFO - DAG(s) dict_keys(['tutorial']) retrieved from /home/airflow/.local/lib/python3.7/site-packages/airflow/example_dags/tutorial.py
[2022-02-19 13:53:56,218] {logging_mixin.py:109} INFO - [2022-02-19 13:53:56,210] {dag.py:2396} INFO - Sync 1 DAGs
[2022-02-19 13:53:56,481] {logging_mixin.py:109} INFO - [2022-02-19 13:53:56,480] {dag.py:2935} INFO - Setting next_dagrun for tutorial to 2022-02-18T13:53:56.478537+00:00
[2022-02-19 13:53:56,724] {processor.py:171} INFO - Processing /home/airflow/.local/lib/python3.7/site-packages/airflow/example_dags/tutorial.py took 1.387 seconds
[2022-02-19 13:58:30,574] {processor.py:163} INFO - Started process (PID=76) to work on /home/airflow/.local/lib/python3.7/site-packages/airflow/example_dags/tutorial.py
[2022-02-19 13:58:30,597] {processor.py:642} INFO - Processing file /home/airflow/.local/lib/python3.7/site-packages/airflow/example_dags/tutorial.py for tasks to queue
[2022-02-19 13:58:30,605] {logging_mixin.py:109} INFO - [2022-02-19 13:58:30,602] {dagbag.py:500} INFO - Filling up the DagBag from /home/airflow/.local/lib/python3.7/site-packages/airflow/example_dags/tutorial.py
[2022-02-19 13:58:31,196] {processor.py:654} INFO - DAG(s) dict_keys(['tutorial']) retrieved from /home/airflow/.local/lib/python3.7/site-packages/airflow/example_dags/tutorial.py
[2022-02-19 13:58:31,588] {logging_mixin.py:109} INFO - [2022-02-19 13:58:31,584] {dag.py:2396} INFO - Sync 1 DAGs
[2022-02-19 13:58:32,773] {logging_mixin.py:109} INFO - [2022-02-19 13:58:32,760] {dag.py:2935} INFO - Setting next_dagrun for tutorial to 2022-02-18T13:58:32.021464+00:00
[2022-02-19 13:58:34,609] {processor.py:171} INFO - Processing /home/airflow/.local/lib/python3.7/site-packages/airflow/example_dags/tutorial.py took 4.112 seconds
[2022-02-19 14:01:35,167] {processor.py:163} INFO - Started process (PID=185) to work on /home/airflow/.local/lib/python3.7/site-packages/airflow/example_dags/tutorial.py
[2022-02-19 14:01:35,180] {processor.py:642} INFO - Processing file /home/airflow/.local/lib/python3.7/site-packages/airflow/example_dags/tutorial.py for tasks to queue
[2022-02-19 14:01:35,195] {logging_mixin.py:109} INFO - [2022-02-19 14:01:35,195] {dagbag.py:500} INFO - Filling up the DagBag from /home/airflow/.local/lib/python3.7/site-packages/airflow/example_dags/tutorial.py
[2022-02-19 14:01:35,568] {processor.py:654} INFO - DAG(s) dict_keys(['tutorial']) retrieved from /home/airflow/.local/lib/python3.7/site-packages/airflow/example_dags/tutorial.py
[2022-02-19 14:01:35,664] {logging_mixin.py:109} INFO - [2022-02-19 14:01:35,664] {dag.py:2396} INFO - Sync 1 DAGs
[2022-02-19 14:01:35,818] {logging_mixin.py:109} INFO - [2022-02-19 14:01:35,818] {dag.py:2935} INFO - Setting next_dagrun for tutorial to 2022-02-18T14:01:35.818016+00:00
[2022-02-19 14:01:36,048] {processor.py:171} INFO - Processing /home/airflow/.local/lib/python3.7/site-packages/airflow/example_dags/tutorial.py took 0.908 seconds
[2022-02-19 14:02:06,348] {processor.py:163} INFO - Started process (PID=237) to work on /home/airflow/.local/lib/python3.7/site-packages/airflow/example_dags/tutorial.py
[2022-02-19 14:02:06,351] {processor.py:642} INFO - Processing file /home/airflow/.local/lib/python3.7/site-packages/airflow/example_dags/tutorial.py for tasks to queue
[2022-02-19 14:02:06,352] {logging_mixin.py:109} INFO - [2022-02-19 14:02:06,352] {dagbag.py:500} INFO - Filling up the DagBag from /home/airflow/.local/lib/python3.7/site-packages/airflow/example_dags/tutorial.py
[2022-02-19 14:02:08,812] {processor.py:654} INFO - DAG(s) dict_keys(['tutorial']) retrieved from /home/airflow/.local/lib/python3.7/site-packages/airflow/example_dags/tutorial.py
[2022-02-19 14:02:08,844] {logging_mixin.py:109} INFO - [2022-02-19 14:02:08,844] {dag.py:2396} INFO - Sync 1 DAGs
[2022-02-19 14:02:08,877] {logging_mixin.py:109} INFO - [2022-02-19 14:02:08,877] {dag.py:2935} INFO - Setting next_dagrun for tutorial to 2022-02-18T14:02:08.873363+00:00
[2022-02-19 14:02:08,908] {processor.py:171} INFO - Processing /home/airflow/.local/lib/python3.7/site-packages/airflow/example_dags/tutorial.py took 2.565 seconds
[2022-02-19 14:04:42,318] {processor.py:163} INFO - Started process (PID=338) to work on /home/airflow/.local/lib/python3.7/site-packages/airflow/example_dags/tutorial.py
[2022-02-19 14:04:42,355] {processor.py:642} INFO - Processing file /home/airflow/.local/lib/python3.7/site-packages/airflow/example_dags/tutorial.py for tasks to queue
[2022-02-19 14:04:42,563] {logging_mixin.py:109} INFO - [2022-02-19 14:04:42,389] {dagbag.py:500} INFO - Filling up the DagBag from /home/airflow/.local/lib/python3.7/site-packages/airflow/example_dags/tutorial.py
[2022-02-19 14:04:58,286] {processor.py:654} INFO - DAG(s) dict_keys(['tutorial']) retrieved from /home/airflow/.local/lib/python3.7/site-packages/airflow/example_dags/tutorial.py
[2022-02-19 14:04:58,544] {logging_mixin.py:109} INFO - [2022-02-19 14:04:58,541] {dag.py:2396} INFO - Sync 1 DAGs
[2022-02-19 14:05:04,767] {logging_mixin.py:109} INFO - [2022-02-19 14:05:04,762] {dag.py:2935} INFO - Setting next_dagrun for tutorial to 2022-02-18T14:05:04.664034+00:00
[2022-02-19 14:05:05,670] {processor.py:171} INFO - Processing /home/airflow/.local/lib/python3.7/site-packages/airflow/example_dags/tutorial.py took 23.160 seconds
[2022-02-19 14:07:01,715] {processor.py:163} INFO - Started process (PID=69) to work on /home/airflow/.local/lib/python3.7/site-packages/airflow/example_dags/tutorial.py
[2022-02-19 14:07:01,717] {processor.py:642} INFO - Processing file /home/airflow/.local/lib/python3.7/site-packages/airflow/example_dags/tutorial.py for tasks to queue
[2022-02-19 14:07:01,719] {logging_mixin.py:109} INFO - [2022-02-19 14:07:01,718] {dagbag.py:500} INFO - Filling up the DagBag from /home/airflow/.local/lib/python3.7/site-packages/airflow/example_dags/tutorial.py
[2022-02-19 14:07:01,917] {processor.py:654} INFO - DAG(s) dict_keys(['tutorial']) retrieved from /home/airflow/.local/lib/python3.7/site-packages/airflow/example_dags/tutorial.py
[2022-02-19 14:07:01,968] {logging_mixin.py:109} INFO - [2022-02-19 14:07:01,968] {dag.py:2396} INFO - Sync 1 DAGs
[2022-02-19 14:07:02,022] {logging_mixin.py:109} INFO - [2022-02-19 14:07:02,021] {dag.py:2935} INFO - Setting next_dagrun for tutorial to 2022-02-18T14:07:02.020416+00:00
[2022-02-19 14:07:02,058] {processor.py:171} INFO - Processing /home/airflow/.local/lib/python3.7/site-packages/airflow/example_dags/tutorial.py took 0.346 seconds
[2022-02-19 14:15:50,904] {processor.py:163} INFO - Started process (PID=152) to work on /home/airflow/.local/lib/python3.7/site-packages/airflow/example_dags/tutorial.py
[2022-02-19 14:15:50,930] {processor.py:642} INFO - Processing file /home/airflow/.local/lib/python3.7/site-packages/airflow/example_dags/tutorial.py for tasks to queue
[2022-02-19 14:15:50,936] {logging_mixin.py:109} INFO - [2022-02-19 14:15:50,935] {dagbag.py:500} INFO - Filling up the DagBag from /home/airflow/.local/lib/python3.7/site-packages/airflow/example_dags/tutorial.py
[2022-02-19 14:15:51,038] {processor.py:654} INFO - DAG(s) dict_keys(['tutorial']) retrieved from /home/airflow/.local/lib/python3.7/site-packages/airflow/example_dags/tutorial.py
[2022-02-19 14:15:51,192] {logging_mixin.py:109} INFO - [2022-02-19 14:15:51,191] {dag.py:2396} INFO - Sync 1 DAGs
[2022-02-19 14:15:51,422] {logging_mixin.py:109} INFO - [2022-02-19 14:15:51,422] {dag.py:2935} INFO - Setting next_dagrun for tutorial to 2022-02-18T14:15:51.421725+00:00
[2022-02-19 14:15:51,499] {processor.py:171} INFO - Processing /home/airflow/.local/lib/python3.7/site-packages/airflow/example_dags/tutorial.py took 0.610 seconds
[2022-02-19 14:16:22,343] {processor.py:163} INFO - Started process (PID=194) to work on /home/airflow/.local/lib/python3.7/site-packages/airflow/example_dags/tutorial.py
[2022-02-19 14:16:22,355] {processor.py:642} INFO - Processing file /home/airflow/.local/lib/python3.7/site-packages/airflow/example_dags/tutorial.py for tasks to queue
[2022-02-19 14:16:22,361] {logging_mixin.py:109} INFO - [2022-02-19 14:16:22,361] {dagbag.py:500} INFO - Filling up the DagBag from /home/airflow/.local/lib/python3.7/site-packages/airflow/example_dags/tutorial.py
[2022-02-19 14:16:24,385] {processor.py:654} INFO - DAG(s) dict_keys(['tutorial']) retrieved from /home/airflow/.local/lib/python3.7/site-packages/airflow/example_dags/tutorial.py
[2022-02-19 14:16:24,533] {logging_mixin.py:109} INFO - [2022-02-19 14:16:24,533] {dag.py:2396} INFO - Sync 1 DAGs
[2022-02-19 14:16:25,842] {logging_mixin.py:109} INFO - [2022-02-19 14:16:25,842] {dag.py:2935} INFO - Setting next_dagrun for tutorial to 2022-02-18T14:16:25.837012+00:00
[2022-02-19 14:16:25,893] {processor.py:171} INFO - Processing /home/airflow/.local/lib/python3.7/site-packages/airflow/example_dags/tutorial.py took 3.567 seconds
[2022-02-19 14:20:59,807] {processor.py:163} INFO - Started process (PID=68) to work on /home/airflow/.local/lib/python3.7/site-packages/airflow/example_dags/tutorial.py
[2022-02-19 14:20:59,825] {processor.py:642} INFO - Processing file /home/airflow/.local/lib/python3.7/site-packages/airflow/example_dags/tutorial.py for tasks to queue
[2022-02-19 14:20:59,838] {logging_mixin.py:109} INFO - [2022-02-19 14:20:59,838] {dagbag.py:500} INFO - Filling up the DagBag from /home/airflow/.local/lib/python3.7/site-packages/airflow/example_dags/tutorial.py
[2022-02-19 14:21:00,017] {processor.py:654} INFO - DAG(s) dict_keys(['tutorial']) retrieved from /home/airflow/.local/lib/python3.7/site-packages/airflow/example_dags/tutorial.py
[2022-02-19 14:21:00,050] {logging_mixin.py:109} INFO - [2022-02-19 14:21:00,050] {dag.py:2396} INFO - Sync 1 DAGs
[2022-02-19 14:21:00,081] {logging_mixin.py:109} INFO - [2022-02-19 14:21:00,081] {dag.py:2935} INFO - Setting next_dagrun for tutorial to 2022-02-18T14:21:00.079067+00:00
[2022-02-19 14:21:00,112] {processor.py:171} INFO - Processing /home/airflow/.local/lib/python3.7/site-packages/airflow/example_dags/tutorial.py took 0.309 seconds
[2022-02-19 14:22:20,039] {processor.py:163} INFO - Started process (PID=126) to work on /home/airflow/.local/lib/python3.7/site-packages/airflow/example_dags/tutorial.py
[2022-02-19 14:22:20,049] {processor.py:642} INFO - Processing file /home/airflow/.local/lib/python3.7/site-packages/airflow/example_dags/tutorial.py for tasks to queue
[2022-02-19 14:22:20,066] {logging_mixin.py:109} INFO - [2022-02-19 14:22:20,066] {dagbag.py:500} INFO - Filling up the DagBag from /home/airflow/.local/lib/python3.7/site-packages/airflow/example_dags/tutorial.py
[2022-02-19 14:22:20,364] {processor.py:654} INFO - DAG(s) dict_keys(['tutorial']) retrieved from /home/airflow/.local/lib/python3.7/site-packages/airflow/example_dags/tutorial.py
[2022-02-19 14:22:20,497] {logging_mixin.py:109} INFO - [2022-02-19 14:22:20,496] {dag.py:2396} INFO - Sync 1 DAGs
[2022-02-19 14:22:20,721] {logging_mixin.py:109} INFO - [2022-02-19 14:22:20,721] {dag.py:2935} INFO - Setting next_dagrun for tutorial to 2022-02-18T14:22:20.720989+00:00
[2022-02-19 14:22:21,027] {processor.py:171} INFO - Processing /home/airflow/.local/lib/python3.7/site-packages/airflow/example_dags/tutorial.py took 1.015 seconds
[2022-02-19 14:27:03,309] {processor.py:163} INFO - Started process (PID=68) to work on /home/airflow/.local/lib/python3.7/site-packages/airflow/example_dags/tutorial.py
[2022-02-19 14:27:03,325] {processor.py:642} INFO - Processing file /home/airflow/.local/lib/python3.7/site-packages/airflow/example_dags/tutorial.py for tasks to queue
[2022-02-19 14:27:03,328] {logging_mixin.py:109} INFO - [2022-02-19 14:27:03,328] {dagbag.py:500} INFO - Filling up the DagBag from /home/airflow/.local/lib/python3.7/site-packages/airflow/example_dags/tutorial.py
[2022-02-19 14:27:03,749] {processor.py:654} INFO - DAG(s) dict_keys(['tutorial']) retrieved from /home/airflow/.local/lib/python3.7/site-packages/airflow/example_dags/tutorial.py
[2022-02-19 14:27:03,960] {logging_mixin.py:109} INFO - [2022-02-19 14:27:03,954] {dag.py:2396} INFO - Sync 1 DAGs
[2022-02-19 14:27:04,113] {logging_mixin.py:109} INFO - [2022-02-19 14:27:04,113] {dag.py:2935} INFO - Setting next_dagrun for tutorial to 2022-02-18T14:27:04.109858+00:00
[2022-02-19 14:27:04,635] {processor.py:171} INFO - Processing /home/airflow/.local/lib/python3.7/site-packages/airflow/example_dags/tutorial.py took 1.344 seconds
