[2022-04-30 12:53:44,313] {taskinstance.py:1032} INFO - Dependencies all met for <TaskInstance: tutorial.eaeaz.eaeaz_proccess_data scheduled__2022-04-29T12:29:40.424433+00:00 [queued]>
[2022-04-30 12:53:44,332] {taskinstance.py:1032} INFO - Dependencies all met for <TaskInstance: tutorial.eaeaz.eaeaz_proccess_data scheduled__2022-04-29T12:29:40.424433+00:00 [queued]>
[2022-04-30 12:53:44,334] {taskinstance.py:1238} INFO - 
--------------------------------------------------------------------------------
[2022-04-30 12:53:44,335] {taskinstance.py:1239} INFO - Starting attempt 1 of 2
[2022-04-30 12:53:44,336] {taskinstance.py:1240} INFO - 
--------------------------------------------------------------------------------
[2022-04-30 12:53:44,356] {taskinstance.py:1259} INFO - Executing <Task(PythonOperator): eaeaz.eaeaz_proccess_data> on 2022-04-29 12:29:40.424433+00:00
[2022-04-30 12:53:44,363] {standard_task_runner.py:52} INFO - Started process 146 to run task
[2022-04-30 12:53:44,370] {standard_task_runner.py:76} INFO - Running: ['***', 'tasks', 'run', 'tutorial', 'eaeaz.eaeaz_proccess_data', 'scheduled__2022-04-29T12:29:40.424433+00:00', '--job-id', '1777', '--raw', '--subdir', 'DAGS_FOLDER/test_dag.py', '--cfg-path', '/tmp/tmpr3_kev6p', '--error-file', '/tmp/tmpru2_aqm4']
[2022-04-30 12:53:44,371] {standard_task_runner.py:77} INFO - Job 1777: Subtask eaeaz.eaeaz_proccess_data
[2022-04-30 12:53:44,478] {logging_mixin.py:109} INFO - Running <TaskInstance: tutorial.eaeaz.eaeaz_proccess_data scheduled__2022-04-29T12:29:40.424433+00:00 [running]> on host d5ad096ffea5
[2022-04-30 12:53:44,570] {taskinstance.py:1426} INFO - Exporting the following env vars:
AIRFLOW_CTX_DAG_EMAIL=***@example.com
AIRFLOW_CTX_DAG_OWNER=***
AIRFLOW_CTX_DAG_ID=tutorial
AIRFLOW_CTX_TASK_ID=eaeaz.eaeaz_proccess_data
AIRFLOW_CTX_EXECUTION_DATE=2022-04-29T12:29:40.424433+00:00
AIRFLOW_CTX_DAG_RUN_ID=scheduled__2022-04-29T12:29:40.424433+00:00
[2022-04-30 12:54:44,562] {python.py:175} INFO - Done. Returned value was: None
[2022-04-30 12:54:44,600] {taskinstance.py:1277} INFO - Marking task as SUCCESS. dag_id=tutorial, task_id=eaeaz.eaeaz_proccess_data, execution_date=20220429T122940, start_date=20220430T125344, end_date=20220430T125444
[2022-04-30 12:54:44,675] {local_task_job.py:154} INFO - Task exited with return code 0
[2022-04-30 12:54:44,792] {local_task_job.py:264} INFO - 1 downstream tasks scheduled from follow-on schedule check
