[2022-03-14 12:12:30,518] {taskinstance.py:1032} INFO - Dependencies all met for <TaskInstance: tutorial.eaeaz.eaeaz_print_proccesed_data scheduled__2022-03-13T12:04:19.461189+00:00 [queued]>
[2022-03-14 12:12:30,521] {taskinstance.py:1032} INFO - Dependencies all met for <TaskInstance: tutorial.eaeaz.eaeaz_print_proccesed_data scheduled__2022-03-13T12:04:19.461189+00:00 [queued]>
[2022-03-14 12:12:30,522] {taskinstance.py:1238} INFO - 
--------------------------------------------------------------------------------
[2022-03-14 12:12:30,523] {taskinstance.py:1239} INFO - Starting attempt 1 of 2
[2022-03-14 12:12:30,524] {taskinstance.py:1240} INFO - 
--------------------------------------------------------------------------------
[2022-03-14 12:12:30,544] {taskinstance.py:1259} INFO - Executing <Task(PythonOperator): eaeaz.eaeaz_print_proccesed_data> on 2022-03-13 12:04:19.461189+00:00
[2022-03-14 12:12:30,552] {standard_task_runner.py:52} INFO - Started process 1300 to run task
[2022-03-14 12:12:30,559] {standard_task_runner.py:76} INFO - Running: ['***', 'tasks', 'run', 'tutorial', 'eaeaz.eaeaz_print_proccesed_data', 'scheduled__2022-03-13T12:04:19.461189+00:00', '--job-id', '891', '--raw', '--subdir', 'DAGS_FOLDER/test_dag.py', '--cfg-path', '/tmp/tmpk4jsf68n', '--error-file', '/tmp/tmpc9cxwf1t']
[2022-03-14 12:12:30,561] {standard_task_runner.py:77} INFO - Job 891: Subtask eaeaz.eaeaz_print_proccesed_data
[2022-03-14 12:12:30,666] {logging_mixin.py:109} INFO - Running <TaskInstance: tutorial.eaeaz.eaeaz_print_proccesed_data scheduled__2022-03-13T12:04:19.461189+00:00 [running]> on host ff48034dfdbf
[2022-03-14 12:12:30,752] {taskinstance.py:1426} INFO - Exporting the following env vars:
AIRFLOW_CTX_DAG_EMAIL=***@example.com
AIRFLOW_CTX_DAG_OWNER=***
AIRFLOW_CTX_DAG_ID=tutorial
AIRFLOW_CTX_TASK_ID=eaeaz.eaeaz_print_proccesed_data
AIRFLOW_CTX_EXECUTION_DATE=2022-03-13T12:04:19.461189+00:00
AIRFLOW_CTX_DAG_RUN_ID=scheduled__2022-03-13T12:04:19.461189+00:00
[2022-03-14 12:13:30,772] {python.py:175} INFO - Done. Returned value was: None
[2022-03-14 12:13:30,788] {taskinstance.py:1277} INFO - Marking task as SUCCESS. dag_id=tutorial, task_id=eaeaz.eaeaz_print_proccesed_data, execution_date=20220313T120419, start_date=20220314T121230, end_date=20220314T121330
[2022-03-14 12:13:30,857] {local_task_job.py:154} INFO - Task exited with return code 0
[2022-03-14 12:13:30,914] {local_task_job.py:264} INFO - 0 downstream tasks scheduled from follow-on schedule check
