[2022-04-29 13:25:22,960] {processor.py:163} INFO - Started process (PID=41) to work on /opt/airflow/dags/cdn_daily.py
[2022-04-29 13:25:22,963] {processor.py:642} INFO - Processing file /opt/airflow/dags/cdn_daily.py for tasks to queue
[2022-04-29 13:25:22,965] {logging_mixin.py:109} INFO - [2022-04-29 13:25:22,965] {dagbag.py:500} INFO - Filling up the DagBag from /opt/airflow/dags/cdn_daily.py
[2022-04-29 13:25:23,056] {processor.py:654} INFO - DAG(s) dict_keys(['cdn_daily']) retrieved from /opt/airflow/dags/cdn_daily.py
[2022-04-29 13:25:23,084] {logging_mixin.py:109} INFO - [2022-04-29 13:25:23,084] {dag.py:2396} INFO - Sync 1 DAGs
[2022-04-29 13:25:23,153] {logging_mixin.py:109} INFO - [2022-04-29 13:25:23,153] {dag.py:2935} INFO - Setting next_dagrun for cdn_daily to 2022-04-29T12:55:05.495602+00:00
[2022-04-29 13:25:23,176] {processor.py:171} INFO - Processing /opt/airflow/dags/cdn_daily.py took 0.222 seconds
[2022-04-29 13:25:53,309] {processor.py:163} INFO - Started process (PID=84) to work on /opt/airflow/dags/cdn_daily.py
[2022-04-29 13:25:53,311] {processor.py:642} INFO - Processing file /opt/airflow/dags/cdn_daily.py for tasks to queue
[2022-04-29 13:25:53,313] {logging_mixin.py:109} INFO - [2022-04-29 13:25:53,313] {dagbag.py:500} INFO - Filling up the DagBag from /opt/airflow/dags/cdn_daily.py
[2022-04-29 13:25:53,369] {processor.py:654} INFO - DAG(s) dict_keys(['cdn_daily']) retrieved from /opt/airflow/dags/cdn_daily.py
[2022-04-29 13:25:53,386] {logging_mixin.py:109} INFO - [2022-04-29 13:25:53,386] {dag.py:2396} INFO - Sync 1 DAGs
[2022-04-29 13:25:53,406] {logging_mixin.py:109} INFO - [2022-04-29 13:25:53,406] {dag.py:2935} INFO - Setting next_dagrun for cdn_daily to 2022-04-29T12:55:05.495602+00:00
[2022-04-29 13:25:53,418] {processor.py:171} INFO - Processing /opt/airflow/dags/cdn_daily.py took 0.115 seconds
[2022-04-29 13:26:23,532] {processor.py:163} INFO - Started process (PID=104) to work on /opt/airflow/dags/cdn_daily.py
[2022-04-29 13:26:23,534] {processor.py:642} INFO - Processing file /opt/airflow/dags/cdn_daily.py for tasks to queue
[2022-04-29 13:26:23,536] {logging_mixin.py:109} INFO - [2022-04-29 13:26:23,536] {dagbag.py:500} INFO - Filling up the DagBag from /opt/airflow/dags/cdn_daily.py
[2022-04-29 13:26:23,588] {processor.py:654} INFO - DAG(s) dict_keys(['cdn_daily']) retrieved from /opt/airflow/dags/cdn_daily.py
[2022-04-29 13:26:23,606] {logging_mixin.py:109} INFO - [2022-04-29 13:26:23,606] {dag.py:2396} INFO - Sync 1 DAGs
[2022-04-29 13:26:23,628] {logging_mixin.py:109} INFO - [2022-04-29 13:26:23,628] {dag.py:2935} INFO - Setting next_dagrun for cdn_daily to 2022-04-29T12:55:05.495602+00:00
[2022-04-29 13:26:23,643] {processor.py:171} INFO - Processing /opt/airflow/dags/cdn_daily.py took 0.115 seconds
[2022-04-29 13:26:53,777] {processor.py:163} INFO - Started process (PID=142) to work on /opt/airflow/dags/cdn_daily.py
[2022-04-29 13:26:53,779] {processor.py:642} INFO - Processing file /opt/airflow/dags/cdn_daily.py for tasks to queue
[2022-04-29 13:26:53,781] {logging_mixin.py:109} INFO - [2022-04-29 13:26:53,781] {dagbag.py:500} INFO - Filling up the DagBag from /opt/airflow/dags/cdn_daily.py
[2022-04-29 13:26:53,833] {processor.py:654} INFO - DAG(s) dict_keys(['cdn_daily']) retrieved from /opt/airflow/dags/cdn_daily.py
[2022-04-29 13:26:53,850] {logging_mixin.py:109} INFO - [2022-04-29 13:26:53,850] {dag.py:2396} INFO - Sync 1 DAGs
[2022-04-29 13:26:53,875] {logging_mixin.py:109} INFO - [2022-04-29 13:26:53,875] {dag.py:2935} INFO - Setting next_dagrun for cdn_daily to 2022-04-29T12:55:05.495602+00:00
[2022-04-29 13:26:53,886] {processor.py:171} INFO - Processing /opt/airflow/dags/cdn_daily.py took 0.114 seconds
[2022-04-29 13:27:24,083] {processor.py:163} INFO - Started process (PID=172) to work on /opt/airflow/dags/cdn_daily.py
[2022-04-29 13:27:24,086] {processor.py:642} INFO - Processing file /opt/airflow/dags/cdn_daily.py for tasks to queue
[2022-04-29 13:27:24,088] {logging_mixin.py:109} INFO - [2022-04-29 13:27:24,088] {dagbag.py:500} INFO - Filling up the DagBag from /opt/airflow/dags/cdn_daily.py
[2022-04-29 13:27:24,169] {processor.py:654} INFO - DAG(s) dict_keys(['cdn_daily']) retrieved from /opt/airflow/dags/cdn_daily.py
[2022-04-29 13:27:24,191] {logging_mixin.py:109} INFO - [2022-04-29 13:27:24,191] {dag.py:2396} INFO - Sync 1 DAGs
[2022-04-29 13:27:24,218] {logging_mixin.py:109} INFO - [2022-04-29 13:27:24,218] {dag.py:2935} INFO - Setting next_dagrun for cdn_daily to 2022-04-29T12:55:05.495602+00:00
[2022-04-29 13:27:24,236] {processor.py:171} INFO - Processing /opt/airflow/dags/cdn_daily.py took 0.158 seconds
[2022-04-29 13:27:54,622] {processor.py:163} INFO - Started process (PID=198) to work on /opt/airflow/dags/cdn_daily.py
[2022-04-29 13:27:54,626] {processor.py:642} INFO - Processing file /opt/airflow/dags/cdn_daily.py for tasks to queue
[2022-04-29 13:27:54,632] {logging_mixin.py:109} INFO - [2022-04-29 13:27:54,631] {dagbag.py:500} INFO - Filling up the DagBag from /opt/airflow/dags/cdn_daily.py
[2022-04-29 13:27:54,765] {processor.py:654} INFO - DAG(s) dict_keys(['cdn_daily']) retrieved from /opt/airflow/dags/cdn_daily.py
[2022-04-29 13:27:54,803] {logging_mixin.py:109} INFO - [2022-04-29 13:27:54,803] {dag.py:2396} INFO - Sync 1 DAGs
[2022-04-29 13:27:54,865] {logging_mixin.py:109} INFO - [2022-04-29 13:27:54,864] {dag.py:2935} INFO - Setting next_dagrun for cdn_daily to 2022-04-29T12:55:05.495602+00:00
[2022-04-29 13:27:54,900] {processor.py:171} INFO - Processing /opt/airflow/dags/cdn_daily.py took 0.288 seconds
[2022-04-29 13:28:25,026] {processor.py:163} INFO - Started process (PID=218) to work on /opt/airflow/dags/cdn_daily.py
[2022-04-29 13:28:25,032] {processor.py:642} INFO - Processing file /opt/airflow/dags/cdn_daily.py for tasks to queue
[2022-04-29 13:28:25,035] {logging_mixin.py:109} INFO - [2022-04-29 13:28:25,034] {dagbag.py:500} INFO - Filling up the DagBag from /opt/airflow/dags/cdn_daily.py
[2022-04-29 13:28:25,140] {processor.py:654} INFO - DAG(s) dict_keys(['cdn_daily']) retrieved from /opt/airflow/dags/cdn_daily.py
[2022-04-29 13:28:25,176] {logging_mixin.py:109} INFO - [2022-04-29 13:28:25,176] {dag.py:2396} INFO - Sync 1 DAGs
[2022-04-29 13:28:25,220] {logging_mixin.py:109} INFO - [2022-04-29 13:28:25,219] {dag.py:2935} INFO - Setting next_dagrun for cdn_daily to 2022-04-29T12:55:05.495602+00:00
[2022-04-29 13:28:25,252] {processor.py:171} INFO - Processing /opt/airflow/dags/cdn_daily.py took 0.233 seconds
[2022-04-29 13:28:55,548] {processor.py:163} INFO - Started process (PID=248) to work on /opt/airflow/dags/cdn_daily.py
[2022-04-29 13:28:55,552] {processor.py:642} INFO - Processing file /opt/airflow/dags/cdn_daily.py for tasks to queue
[2022-04-29 13:28:55,557] {logging_mixin.py:109} INFO - [2022-04-29 13:28:55,556] {dagbag.py:500} INFO - Filling up the DagBag from /opt/airflow/dags/cdn_daily.py
[2022-04-29 13:28:55,723] {processor.py:654} INFO - DAG(s) dict_keys(['cdn_daily']) retrieved from /opt/airflow/dags/cdn_daily.py
[2022-04-29 13:28:55,765] {logging_mixin.py:109} INFO - [2022-04-29 13:28:55,764] {dag.py:2396} INFO - Sync 1 DAGs
[2022-04-29 13:28:55,823] {logging_mixin.py:109} INFO - [2022-04-29 13:28:55,823] {dag.py:2935} INFO - Setting next_dagrun for cdn_daily to 2022-04-29T12:55:05.495602+00:00
[2022-04-29 13:28:55,864] {processor.py:171} INFO - Processing /opt/airflow/dags/cdn_daily.py took 0.327 seconds
[2022-04-29 13:29:25,975] {processor.py:163} INFO - Started process (PID=269) to work on /opt/airflow/dags/cdn_daily.py
[2022-04-29 13:29:25,982] {processor.py:642} INFO - Processing file /opt/airflow/dags/cdn_daily.py for tasks to queue
[2022-04-29 13:29:25,985] {logging_mixin.py:109} INFO - [2022-04-29 13:29:25,984] {dagbag.py:500} INFO - Filling up the DagBag from /opt/airflow/dags/cdn_daily.py
[2022-04-29 13:29:26,120] {processor.py:654} INFO - DAG(s) dict_keys(['cdn_daily']) retrieved from /opt/airflow/dags/cdn_daily.py
[2022-04-29 13:29:26,155] {logging_mixin.py:109} INFO - [2022-04-29 13:29:26,155] {dag.py:2396} INFO - Sync 1 DAGs
[2022-04-29 13:29:26,210] {logging_mixin.py:109} INFO - [2022-04-29 13:29:26,210] {dag.py:2935} INFO - Setting next_dagrun for cdn_daily to 2022-04-29T12:55:05.495602+00:00
[2022-04-29 13:29:26,250] {processor.py:171} INFO - Processing /opt/airflow/dags/cdn_daily.py took 0.281 seconds
[2022-04-29 13:29:56,434] {processor.py:163} INFO - Started process (PID=281) to work on /opt/airflow/dags/cdn_daily.py
[2022-04-29 13:29:56,440] {processor.py:642} INFO - Processing file /opt/airflow/dags/cdn_daily.py for tasks to queue
[2022-04-29 13:29:56,444] {logging_mixin.py:109} INFO - [2022-04-29 13:29:56,443] {dagbag.py:500} INFO - Filling up the DagBag from /opt/airflow/dags/cdn_daily.py
[2022-04-29 13:29:56,658] {processor.py:654} INFO - DAG(s) dict_keys(['cdn_daily']) retrieved from /opt/airflow/dags/cdn_daily.py
[2022-04-29 13:29:56,729] {logging_mixin.py:109} INFO - [2022-04-29 13:29:56,728] {dag.py:2396} INFO - Sync 1 DAGs
[2022-04-29 13:29:56,822] {logging_mixin.py:109} INFO - [2022-04-29 13:29:56,822] {dag.py:2935} INFO - Setting next_dagrun for cdn_daily to 2022-04-29T12:55:05.495602+00:00
[2022-04-29 13:29:56,861] {processor.py:171} INFO - Processing /opt/airflow/dags/cdn_daily.py took 0.438 seconds
[2022-04-29 13:30:27,170] {processor.py:163} INFO - Started process (PID=302) to work on /opt/airflow/dags/cdn_daily.py
[2022-04-29 13:30:27,175] {processor.py:642} INFO - Processing file /opt/airflow/dags/cdn_daily.py for tasks to queue
[2022-04-29 13:30:27,181] {logging_mixin.py:109} INFO - [2022-04-29 13:30:27,180] {dagbag.py:500} INFO - Filling up the DagBag from /opt/airflow/dags/cdn_daily.py
[2022-04-29 13:30:27,290] {processor.py:654} INFO - DAG(s) dict_keys(['cdn_daily']) retrieved from /opt/airflow/dags/cdn_daily.py
[2022-04-29 13:30:27,327] {logging_mixin.py:109} INFO - [2022-04-29 13:30:27,326] {dag.py:2396} INFO - Sync 1 DAGs
[2022-04-29 13:30:27,375] {logging_mixin.py:109} INFO - [2022-04-29 13:30:27,375] {dag.py:2935} INFO - Setting next_dagrun for cdn_daily to 2022-04-29T12:55:05.495602+00:00
[2022-04-29 13:30:27,400] {processor.py:171} INFO - Processing /opt/airflow/dags/cdn_daily.py took 0.241 seconds
[2022-04-29 13:30:57,588] {processor.py:163} INFO - Started process (PID=327) to work on /opt/airflow/dags/cdn_daily.py
[2022-04-29 13:30:57,594] {processor.py:642} INFO - Processing file /opt/airflow/dags/cdn_daily.py for tasks to queue
[2022-04-29 13:30:57,599] {logging_mixin.py:109} INFO - [2022-04-29 13:30:57,599] {dagbag.py:500} INFO - Filling up the DagBag from /opt/airflow/dags/cdn_daily.py
[2022-04-29 13:30:57,754] {processor.py:654} INFO - DAG(s) dict_keys(['cdn_daily']) retrieved from /opt/airflow/dags/cdn_daily.py
[2022-04-29 13:30:57,801] {logging_mixin.py:109} INFO - [2022-04-29 13:30:57,800] {dag.py:2396} INFO - Sync 1 DAGs
[2022-04-29 13:30:57,864] {logging_mixin.py:109} INFO - [2022-04-29 13:30:57,864] {dag.py:2935} INFO - Setting next_dagrun for cdn_daily to 2022-04-29T12:55:05.495602+00:00
[2022-04-29 13:30:57,894] {processor.py:171} INFO - Processing /opt/airflow/dags/cdn_daily.py took 0.317 seconds
[2022-04-29 13:31:28,151] {processor.py:163} INFO - Started process (PID=338) to work on /opt/airflow/dags/cdn_daily.py
[2022-04-29 13:31:28,156] {processor.py:642} INFO - Processing file /opt/airflow/dags/cdn_daily.py for tasks to queue
[2022-04-29 13:31:28,159] {logging_mixin.py:109} INFO - [2022-04-29 13:31:28,159] {dagbag.py:500} INFO - Filling up the DagBag from /opt/airflow/dags/cdn_daily.py
[2022-04-29 13:31:28,326] {processor.py:654} INFO - DAG(s) dict_keys(['cdn_daily']) retrieved from /opt/airflow/dags/cdn_daily.py
[2022-04-29 13:31:28,376] {logging_mixin.py:109} INFO - [2022-04-29 13:31:28,376] {dag.py:2396} INFO - Sync 1 DAGs
[2022-04-29 13:31:28,458] {logging_mixin.py:109} INFO - [2022-04-29 13:31:28,458] {dag.py:2935} INFO - Setting next_dagrun for cdn_daily to 2022-04-29T12:55:05.495602+00:00
[2022-04-29 13:31:28,497] {processor.py:171} INFO - Processing /opt/airflow/dags/cdn_daily.py took 0.358 seconds
[2022-04-29 13:31:58,767] {processor.py:163} INFO - Started process (PID=360) to work on /opt/airflow/dags/cdn_daily.py
[2022-04-29 13:31:58,771] {processor.py:642} INFO - Processing file /opt/airflow/dags/cdn_daily.py for tasks to queue
[2022-04-29 13:31:58,773] {logging_mixin.py:109} INFO - [2022-04-29 13:31:58,773] {dagbag.py:500} INFO - Filling up the DagBag from /opt/airflow/dags/cdn_daily.py
[2022-04-29 13:31:58,892] {processor.py:654} INFO - DAG(s) dict_keys(['cdn_daily']) retrieved from /opt/airflow/dags/cdn_daily.py
[2022-04-29 13:31:58,929] {logging_mixin.py:109} INFO - [2022-04-29 13:31:58,929] {dag.py:2396} INFO - Sync 1 DAGs
[2022-04-29 13:31:58,975] {logging_mixin.py:109} INFO - [2022-04-29 13:31:58,974] {dag.py:2935} INFO - Setting next_dagrun for cdn_daily to 2022-04-29T12:55:05.495602+00:00
[2022-04-29 13:31:58,999] {processor.py:171} INFO - Processing /opt/airflow/dags/cdn_daily.py took 0.238 seconds
[2022-04-29 13:32:29,252] {processor.py:163} INFO - Started process (PID=381) to work on /opt/airflow/dags/cdn_daily.py
[2022-04-29 13:32:29,258] {processor.py:642} INFO - Processing file /opt/airflow/dags/cdn_daily.py for tasks to queue
[2022-04-29 13:32:29,262] {logging_mixin.py:109} INFO - [2022-04-29 13:32:29,262] {dagbag.py:500} INFO - Filling up the DagBag from /opt/airflow/dags/cdn_daily.py
[2022-04-29 13:32:29,400] {processor.py:654} INFO - DAG(s) dict_keys(['cdn_daily']) retrieved from /opt/airflow/dags/cdn_daily.py
[2022-04-29 13:32:29,443] {logging_mixin.py:109} INFO - [2022-04-29 13:32:29,443] {dag.py:2396} INFO - Sync 1 DAGs
[2022-04-29 13:32:29,496] {logging_mixin.py:109} INFO - [2022-04-29 13:32:29,496] {dag.py:2935} INFO - Setting next_dagrun for cdn_daily to 2022-04-29T12:55:05.495602+00:00
[2022-04-29 13:32:29,532] {processor.py:171} INFO - Processing /opt/airflow/dags/cdn_daily.py took 0.289 seconds
[2022-04-29 13:32:59,769] {processor.py:163} INFO - Started process (PID=401) to work on /opt/airflow/dags/cdn_daily.py
[2022-04-29 13:32:59,775] {processor.py:642} INFO - Processing file /opt/airflow/dags/cdn_daily.py for tasks to queue
[2022-04-29 13:32:59,777] {logging_mixin.py:109} INFO - [2022-04-29 13:32:59,777] {dagbag.py:500} INFO - Filling up the DagBag from /opt/airflow/dags/cdn_daily.py
[2022-04-29 13:32:59,885] {processor.py:654} INFO - DAG(s) dict_keys(['cdn_daily']) retrieved from /opt/airflow/dags/cdn_daily.py
[2022-04-29 13:32:59,923] {logging_mixin.py:109} INFO - [2022-04-29 13:32:59,923] {dag.py:2396} INFO - Sync 1 DAGs
[2022-04-29 13:32:59,964] {logging_mixin.py:109} INFO - [2022-04-29 13:32:59,964] {dag.py:2935} INFO - Setting next_dagrun for cdn_daily to 2022-04-29T12:55:05.495602+00:00
[2022-04-29 13:32:59,996] {processor.py:171} INFO - Processing /opt/airflow/dags/cdn_daily.py took 0.233 seconds
[2022-04-29 13:33:30,248] {processor.py:163} INFO - Started process (PID=413) to work on /opt/airflow/dags/cdn_daily.py
[2022-04-29 13:33:30,254] {processor.py:642} INFO - Processing file /opt/airflow/dags/cdn_daily.py for tasks to queue
[2022-04-29 13:33:30,258] {logging_mixin.py:109} INFO - [2022-04-29 13:33:30,257] {dagbag.py:500} INFO - Filling up the DagBag from /opt/airflow/dags/cdn_daily.py
[2022-04-29 13:33:30,382] {processor.py:654} INFO - DAG(s) dict_keys(['cdn_daily']) retrieved from /opt/airflow/dags/cdn_daily.py
[2022-04-29 13:33:30,426] {logging_mixin.py:109} INFO - [2022-04-29 13:33:30,425] {dag.py:2396} INFO - Sync 1 DAGs
[2022-04-29 13:33:30,473] {logging_mixin.py:109} INFO - [2022-04-29 13:33:30,473] {dag.py:2935} INFO - Setting next_dagrun for cdn_daily to 2022-04-29T12:55:05.495602+00:00
[2022-04-29 13:33:30,504] {processor.py:171} INFO - Processing /opt/airflow/dags/cdn_daily.py took 0.263 seconds
[2022-04-29 13:34:00,666] {processor.py:163} INFO - Started process (PID=434) to work on /opt/airflow/dags/cdn_daily.py
[2022-04-29 13:34:00,668] {processor.py:642} INFO - Processing file /opt/airflow/dags/cdn_daily.py for tasks to queue
[2022-04-29 13:34:00,670] {logging_mixin.py:109} INFO - [2022-04-29 13:34:00,669] {dagbag.py:500} INFO - Filling up the DagBag from /opt/airflow/dags/cdn_daily.py
[2022-04-29 13:34:00,717] {processor.py:654} INFO - DAG(s) dict_keys(['cdn_daily']) retrieved from /opt/airflow/dags/cdn_daily.py
[2022-04-29 13:34:00,734] {logging_mixin.py:109} INFO - [2022-04-29 13:34:00,734] {dag.py:2396} INFO - Sync 1 DAGs
[2022-04-29 13:34:00,757] {logging_mixin.py:109} INFO - [2022-04-29 13:34:00,757] {dag.py:2935} INFO - Setting next_dagrun for cdn_daily to 2022-04-29T12:55:05.495602+00:00
[2022-04-29 13:34:00,768] {processor.py:171} INFO - Processing /opt/airflow/dags/cdn_daily.py took 0.106 seconds
[2022-04-29 13:34:30,858] {processor.py:163} INFO - Started process (PID=464) to work on /opt/airflow/dags/cdn_daily.py
[2022-04-29 13:34:30,860] {processor.py:642} INFO - Processing file /opt/airflow/dags/cdn_daily.py for tasks to queue
[2022-04-29 13:34:30,862] {logging_mixin.py:109} INFO - [2022-04-29 13:34:30,862] {dagbag.py:500} INFO - Filling up the DagBag from /opt/airflow/dags/cdn_daily.py
[2022-04-29 13:34:30,915] {processor.py:654} INFO - DAG(s) dict_keys(['cdn_daily']) retrieved from /opt/airflow/dags/cdn_daily.py
[2022-04-29 13:34:30,933] {logging_mixin.py:109} INFO - [2022-04-29 13:34:30,933] {dag.py:2396} INFO - Sync 1 DAGs
[2022-04-29 13:34:30,957] {logging_mixin.py:109} INFO - [2022-04-29 13:34:30,957] {dag.py:2935} INFO - Setting next_dagrun for cdn_daily to 2022-04-29T12:55:05.495602+00:00
[2022-04-29 13:34:30,975] {processor.py:171} INFO - Processing /opt/airflow/dags/cdn_daily.py took 0.122 seconds
[2022-04-29 13:35:31,178] {processor.py:163} INFO - Started process (PID=477) to work on /opt/airflow/dags/cdn_daily.py
[2022-04-29 13:35:31,191] {processor.py:642} INFO - Processing file /opt/airflow/dags/cdn_daily.py for tasks to queue
[2022-04-29 13:35:31,196] {logging_mixin.py:109} INFO - [2022-04-29 13:35:31,196] {dagbag.py:500} INFO - Filling up the DagBag from /opt/airflow/dags/cdn_daily.py
[2022-04-29 13:35:31,358] {processor.py:654} INFO - DAG(s) dict_keys(['cdn_daily']) retrieved from /opt/airflow/dags/cdn_daily.py
[2022-04-29 13:35:31,426] {logging_mixin.py:109} INFO - [2022-04-29 13:35:31,425] {dag.py:2396} INFO - Sync 1 DAGs
[2022-04-29 13:35:31,506] {logging_mixin.py:109} INFO - [2022-04-29 13:35:31,505] {dag.py:2935} INFO - Setting next_dagrun for cdn_daily to 2022-04-29T12:55:05.495602+00:00
[2022-04-29 13:35:31,565] {processor.py:171} INFO - Processing /opt/airflow/dags/cdn_daily.py took 0.399 seconds
[2022-04-29 13:36:01,746] {processor.py:163} INFO - Started process (PID=499) to work on /opt/airflow/dags/cdn_daily.py
[2022-04-29 13:36:01,749] {processor.py:642} INFO - Processing file /opt/airflow/dags/cdn_daily.py for tasks to queue
[2022-04-29 13:36:01,752] {logging_mixin.py:109} INFO - [2022-04-29 13:36:01,752] {dagbag.py:500} INFO - Filling up the DagBag from /opt/airflow/dags/cdn_daily.py
[2022-04-29 13:36:01,816] {processor.py:654} INFO - DAG(s) dict_keys(['cdn_daily']) retrieved from /opt/airflow/dags/cdn_daily.py
[2022-04-29 13:36:01,838] {logging_mixin.py:109} INFO - [2022-04-29 13:36:01,838] {dag.py:2396} INFO - Sync 1 DAGs
[2022-04-29 13:36:01,864] {logging_mixin.py:109} INFO - [2022-04-29 13:36:01,864] {dag.py:2935} INFO - Setting next_dagrun for cdn_daily to 2022-04-29T12:55:05.495602+00:00
[2022-04-29 13:36:01,885] {processor.py:171} INFO - Processing /opt/airflow/dags/cdn_daily.py took 0.145 seconds
[2022-04-29 13:36:32,045] {processor.py:163} INFO - Started process (PID=521) to work on /opt/airflow/dags/cdn_daily.py
[2022-04-29 13:36:32,048] {processor.py:642} INFO - Processing file /opt/airflow/dags/cdn_daily.py for tasks to queue
[2022-04-29 13:36:32,051] {logging_mixin.py:109} INFO - [2022-04-29 13:36:32,051] {dagbag.py:500} INFO - Filling up the DagBag from /opt/airflow/dags/cdn_daily.py
[2022-04-29 13:36:32,131] {processor.py:654} INFO - DAG(s) dict_keys(['cdn_daily']) retrieved from /opt/airflow/dags/cdn_daily.py
[2022-04-29 13:36:32,171] {logging_mixin.py:109} INFO - [2022-04-29 13:36:32,171] {dag.py:2396} INFO - Sync 1 DAGs
[2022-04-29 13:36:32,209] {logging_mixin.py:109} INFO - [2022-04-29 13:36:32,208] {dag.py:2935} INFO - Setting next_dagrun for cdn_daily to 2022-04-29T12:55:05.495602+00:00
[2022-04-29 13:36:32,233] {processor.py:171} INFO - Processing /opt/airflow/dags/cdn_daily.py took 0.194 seconds
[2022-04-29 13:37:02,393] {processor.py:163} INFO - Started process (PID=543) to work on /opt/airflow/dags/cdn_daily.py
[2022-04-29 13:37:02,396] {processor.py:642} INFO - Processing file /opt/airflow/dags/cdn_daily.py for tasks to queue
[2022-04-29 13:37:02,398] {logging_mixin.py:109} INFO - [2022-04-29 13:37:02,398] {dagbag.py:500} INFO - Filling up the DagBag from /opt/airflow/dags/cdn_daily.py
[2022-04-29 13:37:02,459] {processor.py:654} INFO - DAG(s) dict_keys(['cdn_daily']) retrieved from /opt/airflow/dags/cdn_daily.py
[2022-04-29 13:37:02,478] {logging_mixin.py:109} INFO - [2022-04-29 13:37:02,477] {dag.py:2396} INFO - Sync 1 DAGs
[2022-04-29 13:37:02,499] {logging_mixin.py:109} INFO - [2022-04-29 13:37:02,499] {dag.py:2935} INFO - Setting next_dagrun for cdn_daily to 2022-04-29T12:55:05.495602+00:00
[2022-04-29 13:37:02,514] {processor.py:171} INFO - Processing /opt/airflow/dags/cdn_daily.py took 0.126 seconds
[2022-04-29 13:37:32,643] {processor.py:163} INFO - Started process (PID=565) to work on /opt/airflow/dags/cdn_daily.py
[2022-04-29 13:37:32,646] {processor.py:642} INFO - Processing file /opt/airflow/dags/cdn_daily.py for tasks to queue
[2022-04-29 13:37:32,648] {logging_mixin.py:109} INFO - [2022-04-29 13:37:32,648] {dagbag.py:500} INFO - Filling up the DagBag from /opt/airflow/dags/cdn_daily.py
[2022-04-29 13:37:32,707] {processor.py:654} INFO - DAG(s) dict_keys(['cdn_daily']) retrieved from /opt/airflow/dags/cdn_daily.py
[2022-04-29 13:37:32,726] {logging_mixin.py:109} INFO - [2022-04-29 13:37:32,726] {dag.py:2396} INFO - Sync 1 DAGs
[2022-04-29 13:37:32,749] {logging_mixin.py:109} INFO - [2022-04-29 13:37:32,748] {dag.py:2935} INFO - Setting next_dagrun for cdn_daily to 2022-04-29T12:55:05.495602+00:00
[2022-04-29 13:37:32,763] {processor.py:171} INFO - Processing /opt/airflow/dags/cdn_daily.py took 0.125 seconds
[2022-04-29 13:38:02,886] {processor.py:163} INFO - Started process (PID=586) to work on /opt/airflow/dags/cdn_daily.py
[2022-04-29 13:38:02,889] {processor.py:642} INFO - Processing file /opt/airflow/dags/cdn_daily.py for tasks to queue
[2022-04-29 13:38:02,891] {logging_mixin.py:109} INFO - [2022-04-29 13:38:02,891] {dagbag.py:500} INFO - Filling up the DagBag from /opt/airflow/dags/cdn_daily.py
[2022-04-29 13:38:02,951] {processor.py:654} INFO - DAG(s) dict_keys(['cdn_daily']) retrieved from /opt/airflow/dags/cdn_daily.py
[2022-04-29 13:38:02,969] {logging_mixin.py:109} INFO - [2022-04-29 13:38:02,969] {dag.py:2396} INFO - Sync 1 DAGs
[2022-04-29 13:38:02,992] {logging_mixin.py:109} INFO - [2022-04-29 13:38:02,992] {dag.py:2935} INFO - Setting next_dagrun for cdn_daily to 2022-04-29T12:55:05.495602+00:00
[2022-04-29 13:38:03,008] {processor.py:171} INFO - Processing /opt/airflow/dags/cdn_daily.py took 0.128 seconds
[2022-04-29 13:38:33,145] {processor.py:163} INFO - Started process (PID=617) to work on /opt/airflow/dags/cdn_daily.py
[2022-04-29 13:38:33,148] {processor.py:642} INFO - Processing file /opt/airflow/dags/cdn_daily.py for tasks to queue
[2022-04-29 13:38:33,151] {logging_mixin.py:109} INFO - [2022-04-29 13:38:33,150] {dagbag.py:500} INFO - Filling up the DagBag from /opt/airflow/dags/cdn_daily.py
[2022-04-29 13:38:33,228] {processor.py:654} INFO - DAG(s) dict_keys(['cdn_daily']) retrieved from /opt/airflow/dags/cdn_daily.py
[2022-04-29 13:38:33,248] {logging_mixin.py:109} INFO - [2022-04-29 13:38:33,248] {dag.py:2396} INFO - Sync 1 DAGs
[2022-04-29 13:38:33,270] {logging_mixin.py:109} INFO - [2022-04-29 13:38:33,270] {dag.py:2935} INFO - Setting next_dagrun for cdn_daily to 2022-04-29T12:55:05.495602+00:00
[2022-04-29 13:38:33,288] {processor.py:171} INFO - Processing /opt/airflow/dags/cdn_daily.py took 0.150 seconds
[2022-04-29 13:39:03,431] {processor.py:163} INFO - Started process (PID=639) to work on /opt/airflow/dags/cdn_daily.py
[2022-04-29 13:39:03,435] {processor.py:642} INFO - Processing file /opt/airflow/dags/cdn_daily.py for tasks to queue
[2022-04-29 13:39:03,438] {logging_mixin.py:109} INFO - [2022-04-29 13:39:03,438] {dagbag.py:500} INFO - Filling up the DagBag from /opt/airflow/dags/cdn_daily.py
[2022-04-29 13:39:03,496] {processor.py:654} INFO - DAG(s) dict_keys(['cdn_daily']) retrieved from /opt/airflow/dags/cdn_daily.py
[2022-04-29 13:39:03,517] {logging_mixin.py:109} INFO - [2022-04-29 13:39:03,517] {dag.py:2396} INFO - Sync 1 DAGs
[2022-04-29 13:39:03,541] {logging_mixin.py:109} INFO - [2022-04-29 13:39:03,541] {dag.py:2935} INFO - Setting next_dagrun for cdn_daily to 2022-04-29T12:55:05.495602+00:00
[2022-04-29 13:39:03,555] {processor.py:171} INFO - Processing /opt/airflow/dags/cdn_daily.py took 0.131 seconds
[2022-04-29 13:39:33,833] {processor.py:163} INFO - Started process (PID=661) to work on /opt/airflow/dags/cdn_daily.py
[2022-04-29 13:39:33,836] {processor.py:642} INFO - Processing file /opt/airflow/dags/cdn_daily.py for tasks to queue
[2022-04-29 13:39:33,838] {logging_mixin.py:109} INFO - [2022-04-29 13:39:33,838] {dagbag.py:500} INFO - Filling up the DagBag from /opt/airflow/dags/cdn_daily.py
[2022-04-29 13:39:33,902] {processor.py:654} INFO - DAG(s) dict_keys(['cdn_daily']) retrieved from /opt/airflow/dags/cdn_daily.py
[2022-04-29 13:39:33,924] {logging_mixin.py:109} INFO - [2022-04-29 13:39:33,924] {dag.py:2396} INFO - Sync 1 DAGs
[2022-04-29 13:39:33,955] {logging_mixin.py:109} INFO - [2022-04-29 13:39:33,954] {dag.py:2935} INFO - Setting next_dagrun for cdn_daily to 2022-04-29T12:55:05.495602+00:00
[2022-04-29 13:39:33,970] {processor.py:171} INFO - Processing /opt/airflow/dags/cdn_daily.py took 0.144 seconds
[2022-04-29 13:40:04,023] {processor.py:163} INFO - Started process (PID=682) to work on /opt/airflow/dags/cdn_daily.py
[2022-04-29 13:40:04,028] {processor.py:642} INFO - Processing file /opt/airflow/dags/cdn_daily.py for tasks to queue
[2022-04-29 13:40:04,053] {logging_mixin.py:109} INFO - [2022-04-29 13:40:04,053] {dagbag.py:500} INFO - Filling up the DagBag from /opt/airflow/dags/cdn_daily.py
[2022-04-29 13:40:04,151] {processor.py:654} INFO - DAG(s) dict_keys(['cdn_daily']) retrieved from /opt/airflow/dags/cdn_daily.py
[2022-04-29 13:40:04,185] {logging_mixin.py:109} INFO - [2022-04-29 13:40:04,185] {dag.py:2396} INFO - Sync 1 DAGs
[2022-04-29 13:40:04,213] {logging_mixin.py:109} INFO - [2022-04-29 13:40:04,213] {dag.py:2935} INFO - Setting next_dagrun for cdn_daily to 2022-04-29T12:55:05.495602+00:00
[2022-04-29 13:40:04,263] {processor.py:171} INFO - Processing /opt/airflow/dags/cdn_daily.py took 0.246 seconds
[2022-04-29 13:40:34,605] {processor.py:163} INFO - Started process (PID=703) to work on /opt/airflow/dags/cdn_daily.py
[2022-04-29 13:40:34,609] {processor.py:642} INFO - Processing file /opt/airflow/dags/cdn_daily.py for tasks to queue
[2022-04-29 13:40:34,612] {logging_mixin.py:109} INFO - [2022-04-29 13:40:34,612] {dagbag.py:500} INFO - Filling up the DagBag from /opt/airflow/dags/cdn_daily.py
[2022-04-29 13:40:34,748] {processor.py:654} INFO - DAG(s) dict_keys(['cdn_daily']) retrieved from /opt/airflow/dags/cdn_daily.py
[2022-04-29 13:40:34,783] {logging_mixin.py:109} INFO - [2022-04-29 13:40:34,783] {dag.py:2396} INFO - Sync 1 DAGs
[2022-04-29 13:40:34,826] {logging_mixin.py:109} INFO - [2022-04-29 13:40:34,825] {dag.py:2935} INFO - Setting next_dagrun for cdn_daily to 2022-04-29T12:55:05.495602+00:00
[2022-04-29 13:40:34,850] {processor.py:171} INFO - Processing /opt/airflow/dags/cdn_daily.py took 0.257 seconds
[2022-04-29 13:41:05,044] {processor.py:163} INFO - Started process (PID=725) to work on /opt/airflow/dags/cdn_daily.py
[2022-04-29 13:41:05,049] {processor.py:642} INFO - Processing file /opt/airflow/dags/cdn_daily.py for tasks to queue
[2022-04-29 13:41:05,051] {logging_mixin.py:109} INFO - [2022-04-29 13:41:05,051] {dagbag.py:500} INFO - Filling up the DagBag from /opt/airflow/dags/cdn_daily.py
[2022-04-29 13:41:05,129] {processor.py:654} INFO - DAG(s) dict_keys(['cdn_daily']) retrieved from /opt/airflow/dags/cdn_daily.py
[2022-04-29 13:41:05,153] {logging_mixin.py:109} INFO - [2022-04-29 13:41:05,153] {dag.py:2396} INFO - Sync 1 DAGs
[2022-04-29 13:41:05,190] {logging_mixin.py:109} INFO - [2022-04-29 13:41:05,190] {dag.py:2935} INFO - Setting next_dagrun for cdn_daily to 2022-04-29T12:55:05.495602+00:00
[2022-04-29 13:41:05,205] {processor.py:171} INFO - Processing /opt/airflow/dags/cdn_daily.py took 0.170 seconds
[2022-04-29 13:41:35,269] {processor.py:163} INFO - Started process (PID=746) to work on /opt/airflow/dags/cdn_daily.py
[2022-04-29 13:41:35,273] {processor.py:642} INFO - Processing file /opt/airflow/dags/cdn_daily.py for tasks to queue
[2022-04-29 13:41:35,275] {logging_mixin.py:109} INFO - [2022-04-29 13:41:35,275] {dagbag.py:500} INFO - Filling up the DagBag from /opt/airflow/dags/cdn_daily.py
[2022-04-29 13:41:35,339] {processor.py:654} INFO - DAG(s) dict_keys(['cdn_daily']) retrieved from /opt/airflow/dags/cdn_daily.py
[2022-04-29 13:41:35,362] {logging_mixin.py:109} INFO - [2022-04-29 13:41:35,362] {dag.py:2396} INFO - Sync 1 DAGs
[2022-04-29 13:41:35,397] {logging_mixin.py:109} INFO - [2022-04-29 13:41:35,397] {dag.py:2935} INFO - Setting next_dagrun for cdn_daily to 2022-04-29T12:55:05.495602+00:00
[2022-04-29 13:41:35,426] {processor.py:171} INFO - Processing /opt/airflow/dags/cdn_daily.py took 0.163 seconds
[2022-04-29 13:42:05,501] {processor.py:163} INFO - Started process (PID=768) to work on /opt/airflow/dags/cdn_daily.py
[2022-04-29 13:42:05,504] {processor.py:642} INFO - Processing file /opt/airflow/dags/cdn_daily.py for tasks to queue
[2022-04-29 13:42:05,506] {logging_mixin.py:109} INFO - [2022-04-29 13:42:05,506] {dagbag.py:500} INFO - Filling up the DagBag from /opt/airflow/dags/cdn_daily.py
[2022-04-29 13:42:05,567] {processor.py:654} INFO - DAG(s) dict_keys(['cdn_daily']) retrieved from /opt/airflow/dags/cdn_daily.py
[2022-04-29 13:42:05,590] {logging_mixin.py:109} INFO - [2022-04-29 13:42:05,590] {dag.py:2396} INFO - Sync 1 DAGs
[2022-04-29 13:42:05,613] {logging_mixin.py:109} INFO - [2022-04-29 13:42:05,613] {dag.py:2935} INFO - Setting next_dagrun for cdn_daily to 2022-04-29T12:55:05.495602+00:00
[2022-04-29 13:42:05,628] {processor.py:171} INFO - Processing /opt/airflow/dags/cdn_daily.py took 0.133 seconds
[2022-04-29 13:42:35,806] {processor.py:163} INFO - Started process (PID=795) to work on /opt/airflow/dags/cdn_daily.py
[2022-04-29 13:42:35,810] {processor.py:642} INFO - Processing file /opt/airflow/dags/cdn_daily.py for tasks to queue
[2022-04-29 13:42:35,815] {logging_mixin.py:109} INFO - [2022-04-29 13:42:35,815] {dagbag.py:500} INFO - Filling up the DagBag from /opt/airflow/dags/cdn_daily.py
[2022-04-29 13:42:35,897] {processor.py:654} INFO - DAG(s) dict_keys(['cdn_daily']) retrieved from /opt/airflow/dags/cdn_daily.py
[2022-04-29 13:42:35,917] {logging_mixin.py:109} INFO - [2022-04-29 13:42:35,917] {dag.py:2396} INFO - Sync 1 DAGs
[2022-04-29 13:42:35,942] {logging_mixin.py:109} INFO - [2022-04-29 13:42:35,942] {dag.py:2935} INFO - Setting next_dagrun for cdn_daily to 2022-04-29T12:55:05.495602+00:00
[2022-04-29 13:42:35,960] {processor.py:171} INFO - Processing /opt/airflow/dags/cdn_daily.py took 0.159 seconds
[2022-04-29 13:43:06,130] {processor.py:163} INFO - Started process (PID=820) to work on /opt/airflow/dags/cdn_daily.py
[2022-04-29 13:43:06,137] {processor.py:642} INFO - Processing file /opt/airflow/dags/cdn_daily.py for tasks to queue
[2022-04-29 13:43:06,140] {logging_mixin.py:109} INFO - [2022-04-29 13:43:06,140] {dagbag.py:500} INFO - Filling up the DagBag from /opt/airflow/dags/cdn_daily.py
[2022-04-29 13:43:06,205] {processor.py:654} INFO - DAG(s) dict_keys(['cdn_daily']) retrieved from /opt/airflow/dags/cdn_daily.py
[2022-04-29 13:43:06,227] {logging_mixin.py:109} INFO - [2022-04-29 13:43:06,227] {dag.py:2396} INFO - Sync 1 DAGs
[2022-04-29 13:43:06,258] {logging_mixin.py:109} INFO - [2022-04-29 13:43:06,258] {dag.py:2935} INFO - Setting next_dagrun for cdn_daily to 2022-04-29T12:55:05.495602+00:00
[2022-04-29 13:43:06,276] {processor.py:171} INFO - Processing /opt/airflow/dags/cdn_daily.py took 0.154 seconds
[2022-04-29 13:43:36,442] {processor.py:163} INFO - Started process (PID=840) to work on /opt/airflow/dags/cdn_daily.py
[2022-04-29 13:43:36,445] {processor.py:642} INFO - Processing file /opt/airflow/dags/cdn_daily.py for tasks to queue
[2022-04-29 13:43:36,447] {logging_mixin.py:109} INFO - [2022-04-29 13:43:36,447] {dagbag.py:500} INFO - Filling up the DagBag from /opt/airflow/dags/cdn_daily.py
[2022-04-29 13:43:36,502] {processor.py:654} INFO - DAG(s) dict_keys(['cdn_daily']) retrieved from /opt/airflow/dags/cdn_daily.py
[2022-04-29 13:43:36,521] {logging_mixin.py:109} INFO - [2022-04-29 13:43:36,521] {dag.py:2396} INFO - Sync 1 DAGs
[2022-04-29 13:43:36,543] {logging_mixin.py:109} INFO - [2022-04-29 13:43:36,543] {dag.py:2935} INFO - Setting next_dagrun for cdn_daily to 2022-04-29T12:55:05.495602+00:00
[2022-04-29 13:43:36,558] {processor.py:171} INFO - Processing /opt/airflow/dags/cdn_daily.py took 0.122 seconds
[2022-04-29 13:44:06,733] {processor.py:163} INFO - Started process (PID=862) to work on /opt/airflow/dags/cdn_daily.py
[2022-04-29 13:44:06,736] {processor.py:642} INFO - Processing file /opt/airflow/dags/cdn_daily.py for tasks to queue
[2022-04-29 13:44:06,738] {logging_mixin.py:109} INFO - [2022-04-29 13:44:06,738] {dagbag.py:500} INFO - Filling up the DagBag from /opt/airflow/dags/cdn_daily.py
[2022-04-29 13:44:06,801] {processor.py:654} INFO - DAG(s) dict_keys(['cdn_daily']) retrieved from /opt/airflow/dags/cdn_daily.py
[2022-04-29 13:44:06,823] {logging_mixin.py:109} INFO - [2022-04-29 13:44:06,823] {dag.py:2396} INFO - Sync 1 DAGs
[2022-04-29 13:44:06,850] {logging_mixin.py:109} INFO - [2022-04-29 13:44:06,850] {dag.py:2935} INFO - Setting next_dagrun for cdn_daily to 2022-04-29T12:55:05.495602+00:00
[2022-04-29 13:44:06,868] {processor.py:171} INFO - Processing /opt/airflow/dags/cdn_daily.py took 0.141 seconds
[2022-04-29 13:44:37,057] {processor.py:163} INFO - Started process (PID=884) to work on /opt/airflow/dags/cdn_daily.py
[2022-04-29 13:44:37,060] {processor.py:642} INFO - Processing file /opt/airflow/dags/cdn_daily.py for tasks to queue
[2022-04-29 13:44:37,062] {logging_mixin.py:109} INFO - [2022-04-29 13:44:37,061] {dagbag.py:500} INFO - Filling up the DagBag from /opt/airflow/dags/cdn_daily.py
[2022-04-29 13:44:37,120] {processor.py:654} INFO - DAG(s) dict_keys(['cdn_daily']) retrieved from /opt/airflow/dags/cdn_daily.py
[2022-04-29 13:44:37,139] {logging_mixin.py:109} INFO - [2022-04-29 13:44:37,139] {dag.py:2396} INFO - Sync 1 DAGs
[2022-04-29 13:44:37,163] {logging_mixin.py:109} INFO - [2022-04-29 13:44:37,163] {dag.py:2935} INFO - Setting next_dagrun for cdn_daily to 2022-04-29T12:55:05.495602+00:00
[2022-04-29 13:44:37,177] {processor.py:171} INFO - Processing /opt/airflow/dags/cdn_daily.py took 0.125 seconds
