[2022-03-14 12:13:31,959] {taskinstance.py:1032} INFO - Dependencies all met for <TaskInstance: tutorial.xsxsxqc.xsxsxqc_print_proccesed_data scheduled__2022-03-13T12:05:20.517459+00:00 [queued]>
[2022-03-14 12:13:31,976] {taskinstance.py:1032} INFO - Dependencies all met for <TaskInstance: tutorial.xsxsxqc.xsxsxqc_print_proccesed_data scheduled__2022-03-13T12:05:20.517459+00:00 [queued]>
[2022-03-14 12:13:31,977] {taskinstance.py:1238} INFO - 
--------------------------------------------------------------------------------
[2022-03-14 12:13:31,978] {taskinstance.py:1239} INFO - Starting attempt 1 of 2
[2022-03-14 12:13:31,979] {taskinstance.py:1240} INFO - 
--------------------------------------------------------------------------------
[2022-03-14 12:13:31,995] {taskinstance.py:1259} INFO - Executing <Task(PythonOperator): xsxsxqc.xsxsxqc_print_proccesed_data> on 2022-03-13 12:05:20.517459+00:00
[2022-03-14 12:13:32,001] {standard_task_runner.py:52} INFO - Started process 1368 to run task
[2022-03-14 12:13:32,006] {standard_task_runner.py:76} INFO - Running: ['***', 'tasks', 'run', 'tutorial', 'xsxsxqc.xsxsxqc_print_proccesed_data', 'scheduled__2022-03-13T12:05:20.517459+00:00', '--job-id', '902', '--raw', '--subdir', 'DAGS_FOLDER/test_dag.py', '--cfg-path', '/tmp/tmpzyuve58f', '--error-file', '/tmp/tmp2nt5atr9']
[2022-03-14 12:13:32,008] {standard_task_runner.py:77} INFO - Job 902: Subtask xsxsxqc.xsxsxqc_print_proccesed_data
[2022-03-14 12:13:32,100] {logging_mixin.py:109} INFO - Running <TaskInstance: tutorial.xsxsxqc.xsxsxqc_print_proccesed_data scheduled__2022-03-13T12:05:20.517459+00:00 [running]> on host ff48034dfdbf
[2022-03-14 12:13:32,182] {taskinstance.py:1426} INFO - Exporting the following env vars:
AIRFLOW_CTX_DAG_EMAIL=***@example.com
AIRFLOW_CTX_DAG_OWNER=***
AIRFLOW_CTX_DAG_ID=tutorial
AIRFLOW_CTX_TASK_ID=xsxsxqc.xsxsxqc_print_proccesed_data
AIRFLOW_CTX_EXECUTION_DATE=2022-03-13T12:05:20.517459+00:00
AIRFLOW_CTX_DAG_RUN_ID=scheduled__2022-03-13T12:05:20.517459+00:00
[2022-03-14 12:14:32,187] {python.py:175} INFO - Done. Returned value was: None
[2022-03-14 12:14:32,205] {taskinstance.py:1277} INFO - Marking task as SUCCESS. dag_id=tutorial, task_id=xsxsxqc.xsxsxqc_print_proccesed_data, execution_date=20220313T120520, start_date=20220314T121331, end_date=20220314T121432
[2022-03-14 12:14:32,268] {local_task_job.py:154} INFO - Task exited with return code 0
[2022-03-14 12:14:32,309] {local_task_job.py:264} INFO - 0 downstream tasks scheduled from follow-on schedule check
