[2022-04-29 13:28:39,930] {taskinstance.py:1032} INFO - Dependencies all met for <TaskInstance: tutorial.jghjg.jghjg_print_proccesed_data scheduled__2022-04-28T12:29:40.424433+00:00 [queued]>
[2022-04-29 13:28:39,968] {taskinstance.py:1032} INFO - Dependencies all met for <TaskInstance: tutorial.jghjg.jghjg_print_proccesed_data scheduled__2022-04-28T12:29:40.424433+00:00 [queued]>
[2022-04-29 13:28:39,972] {taskinstance.py:1238} INFO - 
--------------------------------------------------------------------------------
[2022-04-29 13:28:39,977] {taskinstance.py:1239} INFO - Starting attempt 1 of 2
[2022-04-29 13:28:39,981] {taskinstance.py:1240} INFO - 
--------------------------------------------------------------------------------
[2022-04-29 13:28:40,021] {taskinstance.py:1259} INFO - Executing <Task(PythonOperator): jghjg.jghjg_print_proccesed_data> on 2022-04-28 12:29:40.424433+00:00
[2022-04-29 13:28:40,037] {standard_task_runner.py:52} INFO - Started process 278 to run task
[2022-04-29 13:28:40,048] {standard_task_runner.py:76} INFO - Running: ['***', 'tasks', 'run', 'tutorial', 'jghjg.jghjg_print_proccesed_data', 'scheduled__2022-04-28T12:29:40.424433+00:00', '--job-id', '1595', '--raw', '--subdir', 'DAGS_FOLDER/test_dag.py', '--cfg-path', '/tmp/tmp2zcxkxz9', '--error-file', '/tmp/tmp6xelqdr3']
[2022-04-29 13:28:40,052] {standard_task_runner.py:77} INFO - Job 1595: Subtask jghjg.jghjg_print_proccesed_data
[2022-04-29 13:28:40,279] {logging_mixin.py:109} INFO - Running <TaskInstance: tutorial.jghjg.jghjg_print_proccesed_data scheduled__2022-04-28T12:29:40.424433+00:00 [running]> on host d5ad096ffea5
[2022-04-29 13:28:40,538] {taskinstance.py:1426} INFO - Exporting the following env vars:
AIRFLOW_CTX_DAG_EMAIL=***@example.com
AIRFLOW_CTX_DAG_OWNER=***
AIRFLOW_CTX_DAG_ID=tutorial
AIRFLOW_CTX_TASK_ID=jghjg.jghjg_print_proccesed_data
AIRFLOW_CTX_EXECUTION_DATE=2022-04-28T12:29:40.424433+00:00
AIRFLOW_CTX_DAG_RUN_ID=scheduled__2022-04-28T12:29:40.424433+00:00
[2022-04-29 13:29:40,561] {python.py:175} INFO - Done. Returned value was: None
[2022-04-29 13:29:40,591] {taskinstance.py:1277} INFO - Marking task as SUCCESS. dag_id=tutorial, task_id=jghjg.jghjg_print_proccesed_data, execution_date=20220428T122940, start_date=20220429T132839, end_date=20220429T132940
[2022-04-29 13:29:40,686] {local_task_job.py:154} INFO - Task exited with return code 0
[2022-04-29 13:29:40,772] {local_task_job.py:264} INFO - 0 downstream tasks scheduled from follow-on schedule check
