[2022-04-26 14:03:32,109] {taskinstance.py:1032} INFO - Dependencies all met for <TaskInstance: tutorial.hfghfg.hfghfg_print_proccesed_data scheduled__2022-04-25T13:59:28.202500+00:00 [queued]>
[2022-04-26 14:03:32,126] {taskinstance.py:1032} INFO - Dependencies all met for <TaskInstance: tutorial.hfghfg.hfghfg_print_proccesed_data scheduled__2022-04-25T13:59:28.202500+00:00 [queued]>
[2022-04-26 14:03:32,127] {taskinstance.py:1238} INFO - 
--------------------------------------------------------------------------------
[2022-04-26 14:03:32,128] {taskinstance.py:1239} INFO - Starting attempt 1 of 2
[2022-04-26 14:03:32,129] {taskinstance.py:1240} INFO - 
--------------------------------------------------------------------------------
[2022-04-26 14:03:32,146] {taskinstance.py:1259} INFO - Executing <Task(PythonOperator): hfghfg.hfghfg_print_proccesed_data> on 2022-04-25 13:59:28.202500+00:00
[2022-04-26 14:03:32,158] {standard_task_runner.py:52} INFO - Started process 677 to run task
[2022-04-26 14:03:32,163] {standard_task_runner.py:76} INFO - Running: ['***', 'tasks', 'run', 'tutorial', 'hfghfg.hfghfg_print_proccesed_data', 'scheduled__2022-04-25T13:59:28.202500+00:00', '--job-id', '1340', '--raw', '--subdir', 'DAGS_FOLDER/test_dag.py', '--cfg-path', '/tmp/tmpba4s66zn', '--error-file', '/tmp/tmpte6v9iv_']
[2022-04-26 14:03:32,165] {standard_task_runner.py:77} INFO - Job 1340: Subtask hfghfg.hfghfg_print_proccesed_data
[2022-04-26 14:03:32,261] {logging_mixin.py:109} INFO - Running <TaskInstance: tutorial.hfghfg.hfghfg_print_proccesed_data scheduled__2022-04-25T13:59:28.202500+00:00 [running]> on host ff48034dfdbf
[2022-04-26 14:03:32,353] {taskinstance.py:1426} INFO - Exporting the following env vars:
AIRFLOW_CTX_DAG_EMAIL=***@example.com
AIRFLOW_CTX_DAG_OWNER=***
AIRFLOW_CTX_DAG_ID=tutorial
AIRFLOW_CTX_TASK_ID=hfghfg.hfghfg_print_proccesed_data
AIRFLOW_CTX_EXECUTION_DATE=2022-04-25T13:59:28.202500+00:00
AIRFLOW_CTX_DAG_RUN_ID=scheduled__2022-04-25T13:59:28.202500+00:00
[2022-04-26 14:04:32,371] {python.py:175} INFO - Done. Returned value was: None
[2022-04-26 14:04:32,389] {taskinstance.py:1277} INFO - Marking task as SUCCESS. dag_id=tutorial, task_id=hfghfg.hfghfg_print_proccesed_data, execution_date=20220425T135928, start_date=20220426T140332, end_date=20220426T140432
[2022-04-26 14:04:32,451] {local_task_job.py:154} INFO - Task exited with return code 0
[2022-04-26 14:04:32,491] {local_task_job.py:264} INFO - 0 downstream tasks scheduled from follow-on schedule check
