[2022-02-23 21:45:05,305] {taskinstance.py:1032} INFO - Dependencies all met for <TaskInstance: tutorial.jghjg.jghjg_get_data scheduled__2022-02-22T21:44:04.027723+00:00 [queued]>
[2022-02-23 21:45:05,322] {taskinstance.py:1032} INFO - Dependencies all met for <TaskInstance: tutorial.jghjg.jghjg_get_data scheduled__2022-02-22T21:44:04.027723+00:00 [queued]>
[2022-02-23 21:45:05,323] {taskinstance.py:1238} INFO - 
--------------------------------------------------------------------------------
[2022-02-23 21:45:05,324] {taskinstance.py:1239} INFO - Starting attempt 1 of 2
[2022-02-23 21:45:05,326] {taskinstance.py:1240} INFO - 
--------------------------------------------------------------------------------
[2022-02-23 21:45:05,341] {taskinstance.py:1259} INFO - Executing <Task(PythonOperator): jghjg.jghjg_get_data> on 2022-02-22 21:44:04.027723+00:00
[2022-02-23 21:45:05,347] {standard_task_runner.py:52} INFO - Started process 520 to run task
[2022-02-23 21:45:05,352] {standard_task_runner.py:76} INFO - Running: ['***', 'tasks', 'run', 'tutorial', 'jghjg.jghjg_get_data', 'scheduled__2022-02-22T21:44:04.027723+00:00', '--job-id', '175', '--raw', '--subdir', 'DAGS_FOLDER/test_dag.py', '--cfg-path', '/tmp/tmpbeyvgaaa', '--error-file', '/tmp/tmp5ue5t3zv']
[2022-02-23 21:45:05,354] {standard_task_runner.py:77} INFO - Job 175: Subtask jghjg.jghjg_get_data
[2022-02-23 21:45:05,456] {logging_mixin.py:109} INFO - Running <TaskInstance: tutorial.jghjg.jghjg_get_data scheduled__2022-02-22T21:44:04.027723+00:00 [running]> on host ff48034dfdbf
[2022-02-23 21:45:05,556] {taskinstance.py:1426} INFO - Exporting the following env vars:
AIRFLOW_CTX_DAG_EMAIL=***@example.com
AIRFLOW_CTX_DAG_OWNER=***
AIRFLOW_CTX_DAG_ID=tutorial
AIRFLOW_CTX_TASK_ID=jghjg.jghjg_get_data
AIRFLOW_CTX_EXECUTION_DATE=2022-02-22T21:44:04.027723+00:00
AIRFLOW_CTX_DAG_RUN_ID=scheduled__2022-02-22T21:44:04.027723+00:00
[2022-02-23 21:46:05,561] {python.py:175} INFO - Done. Returned value was: None
[2022-02-23 21:46:05,591] {taskinstance.py:1277} INFO - Marking task as SUCCESS. dag_id=tutorial, task_id=jghjg.jghjg_get_data, execution_date=20220222T214404, start_date=20220223T214505, end_date=20220223T214605
[2022-02-23 21:46:05,631] {local_task_job.py:154} INFO - Task exited with return code 0
[2022-02-23 21:46:05,676] {local_task_job.py:264} INFO - 1 downstream tasks scheduled from follow-on schedule check
