[2022-04-28 15:42:21,840] {taskinstance.py:1032} INFO - Dependencies all met for <TaskInstance: cdn_daily.import_bsre.run_bsre.alm manual__2022-04-28T15:42:18.506626+00:00 [queued]>
[2022-04-28 15:42:21,866] {taskinstance.py:1032} INFO - Dependencies all met for <TaskInstance: cdn_daily.import_bsre.run_bsre.alm manual__2022-04-28T15:42:18.506626+00:00 [queued]>
[2022-04-28 15:42:21,868] {taskinstance.py:1238} INFO - 
--------------------------------------------------------------------------------
[2022-04-28 15:42:21,870] {taskinstance.py:1239} INFO - Starting attempt 1 of 2
[2022-04-28 15:42:21,873] {taskinstance.py:1240} INFO - 
--------------------------------------------------------------------------------
[2022-04-28 15:42:21,896] {taskinstance.py:1259} INFO - Executing <Task(PythonOperator): import_bsre.run_bsre.alm> on 2022-04-28 15:42:18.506626+00:00
[2022-04-28 15:42:21,906] {standard_task_runner.py:52} INFO - Started process 2028 to run task
[2022-04-28 15:42:21,912] {standard_task_runner.py:76} INFO - Running: ['***', 'tasks', 'run', 'cdn_daily', 'import_bsre.run_bsre.alm', 'manual__2022-04-28T15:42:18.506626+00:00', '--job-id', '1481', '--raw', '--subdir', 'DAGS_FOLDER/cdn_daily.py', '--cfg-path', '/tmp/tmpb7g1101e', '--error-file', '/tmp/tmpsor7ulzp']
[2022-04-28 15:42:21,914] {standard_task_runner.py:77} INFO - Job 1481: Subtask import_bsre.run_bsre.alm
[2022-04-28 15:42:22,047] {logging_mixin.py:109} INFO - Running <TaskInstance: cdn_daily.import_bsre.run_bsre.alm manual__2022-04-28T15:42:18.506626+00:00 [running]> on host d5ad096ffea5
[2022-04-28 15:42:22,134] {taskinstance.py:1426} INFO - Exporting the following env vars:
AIRFLOW_CTX_DAG_EMAIL=***@example.com
AIRFLOW_CTX_DAG_OWNER=***
AIRFLOW_CTX_DAG_ID=cdn_daily
AIRFLOW_CTX_TASK_ID=import_bsre.run_bsre.alm
AIRFLOW_CTX_EXECUTION_DATE=2022-04-28T15:42:18.506626+00:00
AIRFLOW_CTX_DAG_RUN_ID=manual__2022-04-28T15:42:18.506626+00:00
[2022-04-28 15:42:22,166] {python.py:175} INFO - Done. Returned value was: None
[2022-04-28 15:42:22,183] {taskinstance.py:1277} INFO - Marking task as SUCCESS. dag_id=cdn_daily, task_id=import_bsre.run_bsre.alm, execution_date=20220428T154218, start_date=20220428T154221, end_date=20220428T154222
[2022-04-28 15:42:22,209] {local_task_job.py:154} INFO - Task exited with return code 0
[2022-04-28 15:42:22,264] {local_task_job.py:264} INFO - 1 downstream tasks scheduled from follow-on schedule check
