[2022-02-27 17:19:56,387] {taskinstance.py:1032} INFO - Dependencies all met for <TaskInstance: tutorial.hfghfg.hfghfg_proccess_data scheduled__2022-02-25T21:44:04.431894+00:00 [queued]>
[2022-02-27 17:19:56,415] {taskinstance.py:1032} INFO - Dependencies all met for <TaskInstance: tutorial.hfghfg.hfghfg_proccess_data scheduled__2022-02-25T21:44:04.431894+00:00 [queued]>
[2022-02-27 17:19:56,418] {taskinstance.py:1238} INFO - 
--------------------------------------------------------------------------------
[2022-02-27 17:19:56,420] {taskinstance.py:1239} INFO - Starting attempt 1 of 2
[2022-02-27 17:19:56,422] {taskinstance.py:1240} INFO - 
--------------------------------------------------------------------------------
[2022-02-27 17:19:56,442] {taskinstance.py:1259} INFO - Executing <Task(PythonOperator): hfghfg.hfghfg_proccess_data> on 2022-02-25 21:44:04.431894+00:00
[2022-02-27 17:19:56,449] {standard_task_runner.py:52} INFO - Started process 200 to run task
[2022-02-27 17:19:56,455] {standard_task_runner.py:76} INFO - Running: ['***', 'tasks', 'run', 'tutorial', 'hfghfg.hfghfg_proccess_data', 'scheduled__2022-02-25T21:44:04.431894+00:00', '--job-id', '311', '--raw', '--subdir', 'DAGS_FOLDER/test_dag.py', '--cfg-path', '/tmp/tmpk3f445ki', '--error-file', '/tmp/tmpmmt9a75i']
[2022-02-27 17:19:56,459] {standard_task_runner.py:77} INFO - Job 311: Subtask hfghfg.hfghfg_proccess_data
[2022-02-27 17:19:56,626] {logging_mixin.py:109} INFO - Running <TaskInstance: tutorial.hfghfg.hfghfg_proccess_data scheduled__2022-02-25T21:44:04.431894+00:00 [running]> on host ff48034dfdbf
[2022-02-27 17:19:56,774] {taskinstance.py:1426} INFO - Exporting the following env vars:
AIRFLOW_CTX_DAG_EMAIL=***@example.com
AIRFLOW_CTX_DAG_OWNER=***
AIRFLOW_CTX_DAG_ID=tutorial
AIRFLOW_CTX_TASK_ID=hfghfg.hfghfg_proccess_data
AIRFLOW_CTX_EXECUTION_DATE=2022-02-25T21:44:04.431894+00:00
AIRFLOW_CTX_DAG_RUN_ID=scheduled__2022-02-25T21:44:04.431894+00:00
[2022-02-27 17:20:56,766] {python.py:175} INFO - Done. Returned value was: None
[2022-02-27 17:20:56,780] {taskinstance.py:1277} INFO - Marking task as SUCCESS. dag_id=tutorial, task_id=hfghfg.hfghfg_proccess_data, execution_date=20220225T214404, start_date=20220227T171956, end_date=20220227T172056
[2022-02-27 17:20:56,807] {local_task_job.py:154} INFO - Task exited with return code 0
[2022-02-27 17:20:56,857] {local_task_job.py:264} INFO - 1 downstream tasks scheduled from follow-on schedule check
