[2022-04-23 14:26:53,079] {taskinstance.py:1032} INFO - Dependencies all met for <TaskInstance: tutorial.dqsdqsd.dqsdqsd_get_data scheduled__2022-04-22T14:25:49.377068+00:00 [queued]>
[2022-04-23 14:26:53,120] {taskinstance.py:1032} INFO - Dependencies all met for <TaskInstance: tutorial.dqsdqsd.dqsdqsd_get_data scheduled__2022-04-22T14:25:49.377068+00:00 [queued]>
[2022-04-23 14:26:53,123] {taskinstance.py:1238} INFO - 
--------------------------------------------------------------------------------
[2022-04-23 14:26:53,149] {taskinstance.py:1239} INFO - Starting attempt 1 of 2
[2022-04-23 14:26:53,153] {taskinstance.py:1240} INFO - 
--------------------------------------------------------------------------------
[2022-04-23 14:26:53,194] {taskinstance.py:1259} INFO - Executing <Task(PythonOperator): dqsdqsd.dqsdqsd_get_data> on 2022-04-22 14:25:49.377068+00:00
[2022-04-23 14:26:53,208] {standard_task_runner.py:52} INFO - Started process 652 to run task
[2022-04-23 14:26:53,225] {standard_task_runner.py:76} INFO - Running: ['***', 'tasks', 'run', 'tutorial', 'dqsdqsd.dqsdqsd_get_data', 'scheduled__2022-04-22T14:25:49.377068+00:00', '--job-id', '1197', '--raw', '--subdir', 'DAGS_FOLDER/test_dag.py', '--cfg-path', '/tmp/tmpx_7e4m5o', '--error-file', '/tmp/tmpo4436329']
[2022-04-23 14:26:53,227] {standard_task_runner.py:77} INFO - Job 1197: Subtask dqsdqsd.dqsdqsd_get_data
[2022-04-23 14:26:53,462] {logging_mixin.py:109} INFO - Running <TaskInstance: tutorial.dqsdqsd.dqsdqsd_get_data scheduled__2022-04-22T14:25:49.377068+00:00 [running]> on host ff48034dfdbf
[2022-04-23 14:26:53,650] {taskinstance.py:1426} INFO - Exporting the following env vars:
AIRFLOW_CTX_DAG_EMAIL=***@example.com
AIRFLOW_CTX_DAG_OWNER=***
AIRFLOW_CTX_DAG_ID=tutorial
AIRFLOW_CTX_TASK_ID=dqsdqsd.dqsdqsd_get_data
AIRFLOW_CTX_EXECUTION_DATE=2022-04-22T14:25:49.377068+00:00
AIRFLOW_CTX_DAG_RUN_ID=scheduled__2022-04-22T14:25:49.377068+00:00
[2022-04-23 14:27:53,673] {python.py:175} INFO - Done. Returned value was: None
[2022-04-23 14:27:53,705] {taskinstance.py:1277} INFO - Marking task as SUCCESS. dag_id=tutorial, task_id=dqsdqsd.dqsdqsd_get_data, execution_date=20220422T142549, start_date=20220423T142653, end_date=20220423T142753
[2022-04-23 14:27:53,760] {local_task_job.py:154} INFO - Task exited with return code 0
[2022-04-23 14:27:53,861] {local_task_job.py:264} INFO - 0 downstream tasks scheduled from follow-on schedule check
