[2022-03-07 19:56:31,555] {taskinstance.py:1032} INFO - Dependencies all met for <TaskInstance: tutorial.dqsdqsd.dqsdqsd_print_proccesed_data scheduled__2022-03-06T10:29:52.784989+00:00 [queued]>
[2022-03-07 19:56:31,575] {taskinstance.py:1032} INFO - Dependencies all met for <TaskInstance: tutorial.dqsdqsd.dqsdqsd_print_proccesed_data scheduled__2022-03-06T10:29:52.784989+00:00 [queued]>
[2022-03-07 19:56:31,576] {taskinstance.py:1238} INFO - 
--------------------------------------------------------------------------------
[2022-03-07 19:56:31,578] {taskinstance.py:1239} INFO - Starting attempt 1 of 2
[2022-03-07 19:56:31,579] {taskinstance.py:1240} INFO - 
--------------------------------------------------------------------------------
[2022-03-07 19:56:31,597] {taskinstance.py:1259} INFO - Executing <Task(PythonOperator): dqsdqsd.dqsdqsd_print_proccesed_data> on 2022-03-06 10:29:52.784989+00:00
[2022-03-07 19:56:31,606] {standard_task_runner.py:52} INFO - Started process 257 to run task
[2022-03-07 19:56:31,612] {standard_task_runner.py:76} INFO - Running: ['***', 'tasks', 'run', 'tutorial', 'dqsdqsd.dqsdqsd_print_proccesed_data', 'scheduled__2022-03-06T10:29:52.784989+00:00', '--job-id', '656', '--raw', '--subdir', 'DAGS_FOLDER/test_dag.py', '--cfg-path', '/tmp/tmpy36kjs7k', '--error-file', '/tmp/tmp9wkibjku']
[2022-03-07 19:56:31,614] {standard_task_runner.py:77} INFO - Job 656: Subtask dqsdqsd.dqsdqsd_print_proccesed_data
[2022-03-07 19:56:31,704] {logging_mixin.py:109} INFO - Running <TaskInstance: tutorial.dqsdqsd.dqsdqsd_print_proccesed_data scheduled__2022-03-06T10:29:52.784989+00:00 [running]> on host ff48034dfdbf
[2022-03-07 19:56:31,813] {taskinstance.py:1426} INFO - Exporting the following env vars:
AIRFLOW_CTX_DAG_EMAIL=***@example.com
AIRFLOW_CTX_DAG_OWNER=***
AIRFLOW_CTX_DAG_ID=tutorial
AIRFLOW_CTX_TASK_ID=dqsdqsd.dqsdqsd_print_proccesed_data
AIRFLOW_CTX_EXECUTION_DATE=2022-03-06T10:29:52.784989+00:00
AIRFLOW_CTX_DAG_RUN_ID=scheduled__2022-03-06T10:29:52.784989+00:00
[2022-03-07 19:57:31,829] {python.py:175} INFO - Done. Returned value was: None
[2022-03-07 19:57:31,887] {taskinstance.py:1277} INFO - Marking task as SUCCESS. dag_id=tutorial, task_id=dqsdqsd.dqsdqsd_print_proccesed_data, execution_date=20220306T102952, start_date=20220307T195631, end_date=20220307T195731
[2022-03-07 19:57:31,952] {local_task_job.py:154} INFO - Task exited with return code 0
[2022-03-07 19:57:32,005] {local_task_job.py:264} INFO - 0 downstream tasks scheduled from follow-on schedule check
