[2022-04-28 15:38:24,277] {taskinstance.py:1032} INFO - Dependencies all met for <TaskInstance: cdn_daily.import_cat.run_cat.alm manual__2022-04-28T15:38:20.572686+00:00 [queued]>
[2022-04-28 15:38:24,296] {taskinstance.py:1032} INFO - Dependencies all met for <TaskInstance: cdn_daily.import_cat.run_cat.alm manual__2022-04-28T15:38:20.572686+00:00 [queued]>
[2022-04-28 15:38:24,298] {taskinstance.py:1238} INFO - 
--------------------------------------------------------------------------------
[2022-04-28 15:38:24,299] {taskinstance.py:1239} INFO - Starting attempt 1 of 2
[2022-04-28 15:38:24,300] {taskinstance.py:1240} INFO - 
--------------------------------------------------------------------------------
[2022-04-28 15:38:24,320] {taskinstance.py:1259} INFO - Executing <Task(PythonOperator): import_cat.run_cat.alm> on 2022-04-28 15:38:20.572686+00:00
[2022-04-28 15:38:24,327] {standard_task_runner.py:52} INFO - Started process 1817 to run task
[2022-04-28 15:38:24,333] {standard_task_runner.py:76} INFO - Running: ['***', 'tasks', 'run', 'cdn_daily', 'import_cat.run_cat.alm', 'manual__2022-04-28T15:38:20.572686+00:00', '--job-id', '1454', '--raw', '--subdir', 'DAGS_FOLDER/cdn_daily.py', '--cfg-path', '/tmp/tmp0mrt0iz9', '--error-file', '/tmp/tmpep1nhy7g']
[2022-04-28 15:38:24,335] {standard_task_runner.py:77} INFO - Job 1454: Subtask import_cat.run_cat.alm
[2022-04-28 15:38:24,429] {logging_mixin.py:109} INFO - Running <TaskInstance: cdn_daily.import_cat.run_cat.alm manual__2022-04-28T15:38:20.572686+00:00 [running]> on host d5ad096ffea5
[2022-04-28 15:38:24,511] {taskinstance.py:1426} INFO - Exporting the following env vars:
AIRFLOW_CTX_DAG_EMAIL=***@example.com
AIRFLOW_CTX_DAG_OWNER=***
AIRFLOW_CTX_DAG_ID=cdn_daily
AIRFLOW_CTX_TASK_ID=import_cat.run_cat.alm
AIRFLOW_CTX_EXECUTION_DATE=2022-04-28T15:38:20.572686+00:00
AIRFLOW_CTX_DAG_RUN_ID=manual__2022-04-28T15:38:20.572686+00:00
[2022-04-28 15:38:24,543] {python.py:175} INFO - Done. Returned value was: None
[2022-04-28 15:38:24,583] {taskinstance.py:1277} INFO - Marking task as SUCCESS. dag_id=cdn_daily, task_id=import_cat.run_cat.alm, execution_date=20220428T153820, start_date=20220428T153824, end_date=20220428T153824
[2022-04-28 15:38:24,629] {local_task_job.py:154} INFO - Task exited with return code 0
[2022-04-28 15:38:24,690] {local_task_job.py:264} INFO - 1 downstream tasks scheduled from follow-on schedule check
