[2022-04-23 14:16:31,801] {taskinstance.py:1032} INFO - Dependencies all met for <TaskInstance: tutorial.fsqfqf.fsqfqf_get_data scheduled__2022-03-30T16:04:54.591828+00:00 [queued]>
[2022-04-23 14:16:31,877] {taskinstance.py:1032} INFO - Dependencies all met for <TaskInstance: tutorial.fsqfqf.fsqfqf_get_data scheduled__2022-03-30T16:04:54.591828+00:00 [queued]>
[2022-04-23 14:16:31,879] {taskinstance.py:1238} INFO - 
--------------------------------------------------------------------------------
[2022-04-23 14:16:31,881] {taskinstance.py:1239} INFO - Starting attempt 1 of 2
[2022-04-23 14:16:31,883] {taskinstance.py:1240} INFO - 
--------------------------------------------------------------------------------
[2022-04-23 14:16:31,916] {taskinstance.py:1259} INFO - Executing <Task(PythonOperator): fsqfqf.fsqfqf_get_data> on 2022-03-30 16:04:54.591828+00:00
[2022-04-23 14:16:31,926] {standard_task_runner.py:52} INFO - Started process 90 to run task
[2022-04-23 14:16:31,933] {standard_task_runner.py:76} INFO - Running: ['***', 'tasks', 'run', 'tutorial', 'fsqfqf.fsqfqf_get_data', 'scheduled__2022-03-30T16:04:54.591828+00:00', '--job-id', '1095', '--raw', '--subdir', 'DAGS_FOLDER/test_dag.py', '--cfg-path', '/tmp/tmpkmztax6x', '--error-file', '/tmp/tmp5sb45zjq']
[2022-04-23 14:16:31,935] {standard_task_runner.py:77} INFO - Job 1095: Subtask fsqfqf.fsqfqf_get_data
[2022-04-23 14:16:32,087] {logging_mixin.py:109} INFO - Running <TaskInstance: tutorial.fsqfqf.fsqfqf_get_data scheduled__2022-03-30T16:04:54.591828+00:00 [running]> on host ff48034dfdbf
[2022-04-23 14:16:32,252] {taskinstance.py:1426} INFO - Exporting the following env vars:
AIRFLOW_CTX_DAG_EMAIL=***@example.com
AIRFLOW_CTX_DAG_OWNER=***
AIRFLOW_CTX_DAG_ID=tutorial
AIRFLOW_CTX_TASK_ID=fsqfqf.fsqfqf_get_data
AIRFLOW_CTX_EXECUTION_DATE=2022-03-30T16:04:54.591828+00:00
AIRFLOW_CTX_DAG_RUN_ID=scheduled__2022-03-30T16:04:54.591828+00:00
[2022-04-23 14:17:32,297] {python.py:175} INFO - Done. Returned value was: None
[2022-04-23 14:17:32,406] {taskinstance.py:1277} INFO - Marking task as SUCCESS. dag_id=tutorial, task_id=fsqfqf.fsqfqf_get_data, execution_date=20220330T160454, start_date=20220423T141631, end_date=20220423T141732
[2022-04-23 14:17:32,494] {local_task_job.py:154} INFO - Task exited with return code 0
[2022-04-23 14:17:32,594] {local_task_job.py:264} INFO - 1 downstream tasks scheduled from follow-on schedule check
