[2022-04-26 14:03:32,039] {taskinstance.py:1032} INFO - Dependencies all met for <TaskInstance: tutorial.dqsdqsd.dqsdqsd_print_proccesed_data scheduled__2022-04-25T13:59:28.202500+00:00 [queued]>
[2022-04-26 14:03:32,064] {taskinstance.py:1032} INFO - Dependencies all met for <TaskInstance: tutorial.dqsdqsd.dqsdqsd_print_proccesed_data scheduled__2022-04-25T13:59:28.202500+00:00 [queued]>
[2022-04-26 14:03:32,065] {taskinstance.py:1238} INFO - 
--------------------------------------------------------------------------------
[2022-04-26 14:03:32,066] {taskinstance.py:1239} INFO - Starting attempt 1 of 2
[2022-04-26 14:03:32,067] {taskinstance.py:1240} INFO - 
--------------------------------------------------------------------------------
[2022-04-26 14:03:32,093] {taskinstance.py:1259} INFO - Executing <Task(PythonOperator): dqsdqsd.dqsdqsd_print_proccesed_data> on 2022-04-25 13:59:28.202500+00:00
[2022-04-26 14:03:32,101] {standard_task_runner.py:52} INFO - Started process 676 to run task
[2022-04-26 14:03:32,107] {standard_task_runner.py:76} INFO - Running: ['***', 'tasks', 'run', 'tutorial', 'dqsdqsd.dqsdqsd_print_proccesed_data', 'scheduled__2022-04-25T13:59:28.202500+00:00', '--job-id', '1339', '--raw', '--subdir', 'DAGS_FOLDER/test_dag.py', '--cfg-path', '/tmp/tmpoyvplnv8', '--error-file', '/tmp/tmpaiwb7rb9']
[2022-04-26 14:03:32,109] {standard_task_runner.py:77} INFO - Job 1339: Subtask dqsdqsd.dqsdqsd_print_proccesed_data
[2022-04-26 14:03:32,210] {logging_mixin.py:109} INFO - Running <TaskInstance: tutorial.dqsdqsd.dqsdqsd_print_proccesed_data scheduled__2022-04-25T13:59:28.202500+00:00 [running]> on host ff48034dfdbf
[2022-04-26 14:03:32,306] {taskinstance.py:1426} INFO - Exporting the following env vars:
AIRFLOW_CTX_DAG_EMAIL=***@example.com
AIRFLOW_CTX_DAG_OWNER=***
AIRFLOW_CTX_DAG_ID=tutorial
AIRFLOW_CTX_TASK_ID=dqsdqsd.dqsdqsd_print_proccesed_data
AIRFLOW_CTX_EXECUTION_DATE=2022-04-25T13:59:28.202500+00:00
AIRFLOW_CTX_DAG_RUN_ID=scheduled__2022-04-25T13:59:28.202500+00:00
[2022-04-26 14:04:32,290] {python.py:175} INFO - Done. Returned value was: None
[2022-04-26 14:04:32,307] {taskinstance.py:1277} INFO - Marking task as SUCCESS. dag_id=tutorial, task_id=dqsdqsd.dqsdqsd_print_proccesed_data, execution_date=20220425T135928, start_date=20220426T140332, end_date=20220426T140432
[2022-04-26 14:04:32,331] {local_task_job.py:154} INFO - Task exited with return code 0
[2022-04-26 14:04:32,364] {local_task_job.py:264} INFO - 0 downstream tasks scheduled from follow-on schedule check
