[2022-04-29 13:25:29,375] {taskinstance.py:1032} INFO - Dependencies all met for <TaskInstance: tutorial.bsre.bsre_get_data scheduled__2022-04-28T12:29:40.424433+00:00 [queued]>
[2022-04-29 13:25:29,419] {taskinstance.py:1032} INFO - Dependencies all met for <TaskInstance: tutorial.bsre.bsre_get_data scheduled__2022-04-28T12:29:40.424433+00:00 [queued]>
[2022-04-29 13:25:29,421] {taskinstance.py:1238} INFO - 
--------------------------------------------------------------------------------
[2022-04-29 13:25:29,422] {taskinstance.py:1239} INFO - Starting attempt 1 of 2
[2022-04-29 13:25:29,424] {taskinstance.py:1240} INFO - 
--------------------------------------------------------------------------------
[2022-04-29 13:25:29,491] {taskinstance.py:1259} INFO - Executing <Task(PythonOperator): bsre.bsre_get_data> on 2022-04-28 12:29:40.424433+00:00
[2022-04-29 13:25:29,518] {standard_task_runner.py:52} INFO - Started process 90 to run task
[2022-04-29 13:25:29,541] {standard_task_runner.py:76} INFO - Running: ['***', 'tasks', 'run', 'tutorial', 'bsre.bsre_get_data', 'scheduled__2022-04-28T12:29:40.424433+00:00', '--job-id', '1561', '--raw', '--subdir', 'DAGS_FOLDER/test_dag.py', '--cfg-path', '/tmp/tmpss_g_jqg', '--error-file', '/tmp/tmpxszawbxu']
[2022-04-29 13:25:29,549] {standard_task_runner.py:77} INFO - Job 1561: Subtask bsre.bsre_get_data
[2022-04-29 13:25:29,897] {logging_mixin.py:109} INFO - Running <TaskInstance: tutorial.bsre.bsre_get_data scheduled__2022-04-28T12:29:40.424433+00:00 [running]> on host d5ad096ffea5
[2022-04-29 13:25:30,169] {taskinstance.py:1426} INFO - Exporting the following env vars:
AIRFLOW_CTX_DAG_EMAIL=***@example.com
AIRFLOW_CTX_DAG_OWNER=***
AIRFLOW_CTX_DAG_ID=tutorial
AIRFLOW_CTX_TASK_ID=bsre.bsre_get_data
AIRFLOW_CTX_EXECUTION_DATE=2022-04-28T12:29:40.424433+00:00
AIRFLOW_CTX_DAG_RUN_ID=scheduled__2022-04-28T12:29:40.424433+00:00
[2022-04-29 13:26:30,139] {python.py:175} INFO - Done. Returned value was: None
[2022-04-29 13:26:30,171] {taskinstance.py:1277} INFO - Marking task as SUCCESS. dag_id=tutorial, task_id=bsre.bsre_get_data, execution_date=20220428T122940, start_date=20220429T132529, end_date=20220429T132630
[2022-04-29 13:26:30,214] {local_task_job.py:154} INFO - Task exited with return code 0
[2022-04-29 13:26:30,296] {local_task_job.py:264} INFO - 1 downstream tasks scheduled from follow-on schedule check
