[2022-04-30 12:54:45,064] {taskinstance.py:1032} INFO - Dependencies all met for <TaskInstance: tutorial.jghjg.jghjg_proccess_data scheduled__2022-04-29T12:29:40.424433+00:00 [queued]>
[2022-04-30 12:54:45,099] {taskinstance.py:1032} INFO - Dependencies all met for <TaskInstance: tutorial.jghjg.jghjg_proccess_data scheduled__2022-04-29T12:29:40.424433+00:00 [queued]>
[2022-04-30 12:54:45,101] {taskinstance.py:1238} INFO - 
--------------------------------------------------------------------------------
[2022-04-30 12:54:45,103] {taskinstance.py:1239} INFO - Starting attempt 1 of 2
[2022-04-30 12:54:45,105] {taskinstance.py:1240} INFO - 
--------------------------------------------------------------------------------
[2022-04-30 12:54:45,132] {taskinstance.py:1259} INFO - Executing <Task(PythonOperator): jghjg.jghjg_proccess_data> on 2022-04-29 12:29:40.424433+00:00
[2022-04-30 12:54:45,141] {standard_task_runner.py:52} INFO - Started process 207 to run task
[2022-04-30 12:54:45,150] {standard_task_runner.py:76} INFO - Running: ['***', 'tasks', 'run', 'tutorial', 'jghjg.jghjg_proccess_data', 'scheduled__2022-04-29T12:29:40.424433+00:00', '--job-id', '1781', '--raw', '--subdir', 'DAGS_FOLDER/test_dag.py', '--cfg-path', '/tmp/tmppuou7noq', '--error-file', '/tmp/tmp9ib8srd3']
[2022-04-30 12:54:45,152] {standard_task_runner.py:77} INFO - Job 1781: Subtask jghjg.jghjg_proccess_data
[2022-04-30 12:54:45,347] {logging_mixin.py:109} INFO - Running <TaskInstance: tutorial.jghjg.jghjg_proccess_data scheduled__2022-04-29T12:29:40.424433+00:00 [running]> on host d5ad096ffea5
[2022-04-30 12:54:45,503] {taskinstance.py:1426} INFO - Exporting the following env vars:
AIRFLOW_CTX_DAG_EMAIL=***@example.com
AIRFLOW_CTX_DAG_OWNER=***
AIRFLOW_CTX_DAG_ID=tutorial
AIRFLOW_CTX_TASK_ID=jghjg.jghjg_proccess_data
AIRFLOW_CTX_EXECUTION_DATE=2022-04-29T12:29:40.424433+00:00
AIRFLOW_CTX_DAG_RUN_ID=scheduled__2022-04-29T12:29:40.424433+00:00
[2022-04-30 12:55:45,503] {python.py:175} INFO - Done. Returned value was: None
[2022-04-30 12:55:45,523] {taskinstance.py:1277} INFO - Marking task as SUCCESS. dag_id=tutorial, task_id=jghjg.jghjg_proccess_data, execution_date=20220429T122940, start_date=20220430T125445, end_date=20220430T125545
[2022-04-30 12:55:45,556] {local_task_job.py:154} INFO - Task exited with return code 0
[2022-04-30 12:55:45,611] {local_task_job.py:264} INFO - 1 downstream tasks scheduled from follow-on schedule check
