[2022-03-28 12:53:25,320] {taskinstance.py:1032} INFO - Dependencies all met for <TaskInstance: tutorial.wcccw.wcccw_print_proccesed_data scheduled__2022-03-15T12:05:20.517459+00:00 [queued]>
[2022-03-28 12:53:25,344] {taskinstance.py:1032} INFO - Dependencies all met for <TaskInstance: tutorial.wcccw.wcccw_print_proccesed_data scheduled__2022-03-15T12:05:20.517459+00:00 [queued]>
[2022-03-28 12:53:25,345] {taskinstance.py:1238} INFO - 
--------------------------------------------------------------------------------
[2022-03-28 12:53:25,346] {taskinstance.py:1239} INFO - Starting attempt 1 of 2
[2022-03-28 12:53:25,347] {taskinstance.py:1240} INFO - 
--------------------------------------------------------------------------------
[2022-03-28 12:53:25,370] {taskinstance.py:1259} INFO - Executing <Task(PythonOperator): wcccw.wcccw_print_proccesed_data> on 2022-03-15 12:05:20.517459+00:00
[2022-03-28 12:53:25,381] {standard_task_runner.py:52} INFO - Started process 368 to run task
[2022-03-28 12:53:25,386] {standard_task_runner.py:76} INFO - Running: ['***', 'tasks', 'run', 'tutorial', 'wcccw.wcccw_print_proccesed_data', 'scheduled__2022-03-15T12:05:20.517459+00:00', '--job-id', '997', '--raw', '--subdir', 'DAGS_FOLDER/test_dag.py', '--cfg-path', '/tmp/tmpnd8_a95u', '--error-file', '/tmp/tmpdslu89r2']
[2022-03-28 12:53:25,388] {standard_task_runner.py:77} INFO - Job 997: Subtask wcccw.wcccw_print_proccesed_data
[2022-03-28 12:53:25,515] {logging_mixin.py:109} INFO - Running <TaskInstance: tutorial.wcccw.wcccw_print_proccesed_data scheduled__2022-03-15T12:05:20.517459+00:00 [running]> on host ff48034dfdbf
[2022-03-28 12:53:25,621] {taskinstance.py:1426} INFO - Exporting the following env vars:
AIRFLOW_CTX_DAG_EMAIL=***@example.com
AIRFLOW_CTX_DAG_OWNER=***
AIRFLOW_CTX_DAG_ID=tutorial
AIRFLOW_CTX_TASK_ID=wcccw.wcccw_print_proccesed_data
AIRFLOW_CTX_EXECUTION_DATE=2022-03-15T12:05:20.517459+00:00
AIRFLOW_CTX_DAG_RUN_ID=scheduled__2022-03-15T12:05:20.517459+00:00
[2022-03-28 12:54:25,641] {python.py:175} INFO - Done. Returned value was: None
[2022-03-28 12:54:25,657] {taskinstance.py:1277} INFO - Marking task as SUCCESS. dag_id=tutorial, task_id=wcccw.wcccw_print_proccesed_data, execution_date=20220315T120520, start_date=20220328T125325, end_date=20220328T125425
[2022-03-28 12:54:25,707] {local_task_job.py:154} INFO - Task exited with return code 0
[2022-03-28 12:54:25,745] {local_task_job.py:264} INFO - 0 downstream tasks scheduled from follow-on schedule check
