[2022-04-30 12:57:33,673] {taskinstance.py:1032} INFO - Dependencies all met for <TaskInstance: cdn_daily.run_bsre manual__2022-04-30T12:57:31.335659+00:00 [queued]>
[2022-04-30 12:57:33,691] {taskinstance.py:1032} INFO - Dependencies all met for <TaskInstance: cdn_daily.run_bsre manual__2022-04-30T12:57:31.335659+00:00 [queued]>
[2022-04-30 12:57:33,692] {taskinstance.py:1238} INFO - 
--------------------------------------------------------------------------------
[2022-04-30 12:57:33,693] {taskinstance.py:1239} INFO - Starting attempt 1 of 2
[2022-04-30 12:57:33,695] {taskinstance.py:1240} INFO - 
--------------------------------------------------------------------------------
[2022-04-30 12:57:33,713] {taskinstance.py:1259} INFO - Executing <Task(PythonOperator): run_bsre> on 2022-04-30 12:57:31.335659+00:00
[2022-04-30 12:57:33,719] {standard_task_runner.py:52} INFO - Started process 376 to run task
[2022-04-30 12:57:33,724] {standard_task_runner.py:76} INFO - Running: ['***', 'tasks', 'run', 'cdn_daily', 'run_bsre', 'manual__2022-04-30T12:57:31.335659+00:00', '--job-id', '1814', '--raw', '--subdir', 'DAGS_FOLDER/cdn_daily.py', '--cfg-path', '/tmp/tmp6u286sjs', '--error-file', '/tmp/tmp3lvcgiy_']
[2022-04-30 12:57:33,727] {standard_task_runner.py:77} INFO - Job 1814: Subtask run_bsre
[2022-04-30 12:57:33,846] {logging_mixin.py:109} INFO - Running <TaskInstance: cdn_daily.run_bsre manual__2022-04-30T12:57:31.335659+00:00 [running]> on host d5ad096ffea5
[2022-04-30 12:57:33,954] {taskinstance.py:1426} INFO - Exporting the following env vars:
AIRFLOW_CTX_DAG_EMAIL=***@example.com
AIRFLOW_CTX_DAG_OWNER=***
AIRFLOW_CTX_DAG_ID=cdn_daily
AIRFLOW_CTX_TASK_ID=run_bsre
AIRFLOW_CTX_EXECUTION_DATE=2022-04-30T12:57:31.335659+00:00
AIRFLOW_CTX_DAG_RUN_ID=manual__2022-04-30T12:57:31.335659+00:00
[2022-04-30 12:57:33,988] {python.py:175} INFO - Done. Returned value was: None
[2022-04-30 12:57:34,007] {taskinstance.py:1277} INFO - Marking task as SUCCESS. dag_id=cdn_daily, task_id=run_bsre, execution_date=20220430T125731, start_date=20220430T125733, end_date=20220430T125734
[2022-04-30 12:57:34,060] {local_task_job.py:154} INFO - Task exited with return code 0
[2022-04-30 12:57:34,139] {local_task_job.py:264} INFO - 1 downstream tasks scheduled from follow-on schedule check
