[2022-02-27 21:54:25,156] {taskinstance.py:1032} INFO - Dependencies all met for <TaskInstance: tutorial.gdgfg.gdgfg_print_proccesed_data scheduled__2022-02-26T21:51:17.549420+00:00 [queued]>
[2022-02-27 21:54:25,186] {taskinstance.py:1032} INFO - Dependencies all met for <TaskInstance: tutorial.gdgfg.gdgfg_print_proccesed_data scheduled__2022-02-26T21:51:17.549420+00:00 [queued]>
[2022-02-27 21:54:25,188] {taskinstance.py:1238} INFO - 
--------------------------------------------------------------------------------
[2022-02-27 21:54:25,189] {taskinstance.py:1239} INFO - Starting attempt 1 of 2
[2022-02-27 21:54:25,191] {taskinstance.py:1240} INFO - 
--------------------------------------------------------------------------------
[2022-02-27 21:54:25,213] {taskinstance.py:1259} INFO - Executing <Task(PythonOperator): gdgfg.gdgfg_print_proccesed_data> on 2022-02-26 21:51:17.549420+00:00
[2022-02-27 21:54:25,221] {standard_task_runner.py:52} INFO - Started process 9976 to run task
[2022-02-27 21:54:25,233] {standard_task_runner.py:76} INFO - Running: ['***', 'tasks', 'run', 'tutorial', 'gdgfg.gdgfg_print_proccesed_data', 'scheduled__2022-02-26T21:51:17.549420+00:00', '--job-id', '359', '--raw', '--subdir', 'DAGS_FOLDER/test_dag.py', '--cfg-path', '/tmp/tmpw_bujeya', '--error-file', '/tmp/tmpo0l94seq']
[2022-02-27 21:54:25,237] {standard_task_runner.py:77} INFO - Job 359: Subtask gdgfg.gdgfg_print_proccesed_data
[2022-02-27 21:54:25,343] {logging_mixin.py:109} INFO - Running <TaskInstance: tutorial.gdgfg.gdgfg_print_proccesed_data scheduled__2022-02-26T21:51:17.549420+00:00 [running]> on host ff48034dfdbf
[2022-02-27 21:54:25,411] {taskinstance.py:1426} INFO - Exporting the following env vars:
AIRFLOW_CTX_DAG_EMAIL=***@example.com
AIRFLOW_CTX_DAG_OWNER=***
AIRFLOW_CTX_DAG_ID=tutorial
AIRFLOW_CTX_TASK_ID=gdgfg.gdgfg_print_proccesed_data
AIRFLOW_CTX_EXECUTION_DATE=2022-02-26T21:51:17.549420+00:00
AIRFLOW_CTX_DAG_RUN_ID=scheduled__2022-02-26T21:51:17.549420+00:00
[2022-02-27 21:55:25,399] {python.py:175} INFO - Done. Returned value was: None
[2022-02-27 21:55:25,424] {taskinstance.py:1277} INFO - Marking task as SUCCESS. dag_id=tutorial, task_id=gdgfg.gdgfg_print_proccesed_data, execution_date=20220226T215117, start_date=20220227T215425, end_date=20220227T215525
[2022-02-27 21:55:25,522] {local_task_job.py:154} INFO - Task exited with return code 0
[2022-02-27 21:55:25,563] {local_task_job.py:264} INFO - 0 downstream tasks scheduled from follow-on schedule check
