[2022-03-28 12:48:16,757] {taskinstance.py:1032} INFO - Dependencies all met for <TaskInstance: tutorial.pre.pre_get_data scheduled__2022-03-15T12:05:20.517459+00:00 [queued]>
[2022-03-28 12:48:16,782] {taskinstance.py:1032} INFO - Dependencies all met for <TaskInstance: tutorial.pre.pre_get_data scheduled__2022-03-15T12:05:20.517459+00:00 [queued]>
[2022-03-28 12:48:16,783] {taskinstance.py:1238} INFO - 
--------------------------------------------------------------------------------
[2022-03-28 12:48:16,784] {taskinstance.py:1239} INFO - Starting attempt 1 of 2
[2022-03-28 12:48:16,785] {taskinstance.py:1240} INFO - 
--------------------------------------------------------------------------------
[2022-03-28 12:48:16,810] {taskinstance.py:1259} INFO - Executing <Task(PythonOperator): pre.pre_get_data> on 2022-03-15 12:05:20.517459+00:00
[2022-03-28 12:48:16,820] {standard_task_runner.py:52} INFO - Started process 83 to run task
[2022-03-28 12:48:16,828] {standard_task_runner.py:76} INFO - Running: ['***', 'tasks', 'run', 'tutorial', 'pre.pre_get_data', 'scheduled__2022-03-15T12:05:20.517459+00:00', '--job-id', '954', '--raw', '--subdir', 'DAGS_FOLDER/test_dag.py', '--cfg-path', '/tmp/tmp9dyep51d', '--error-file', '/tmp/tmp_096sjwn']
[2022-03-28 12:48:16,830] {standard_task_runner.py:77} INFO - Job 954: Subtask pre.pre_get_data
[2022-03-28 12:48:16,933] {logging_mixin.py:109} INFO - Running <TaskInstance: tutorial.pre.pre_get_data scheduled__2022-03-15T12:05:20.517459+00:00 [running]> on host ff48034dfdbf
[2022-03-28 12:48:17,026] {taskinstance.py:1426} INFO - Exporting the following env vars:
AIRFLOW_CTX_DAG_EMAIL=***@example.com
AIRFLOW_CTX_DAG_OWNER=***
AIRFLOW_CTX_DAG_ID=tutorial
AIRFLOW_CTX_TASK_ID=pre.pre_get_data
AIRFLOW_CTX_EXECUTION_DATE=2022-03-15T12:05:20.517459+00:00
AIRFLOW_CTX_DAG_RUN_ID=scheduled__2022-03-15T12:05:20.517459+00:00
[2022-03-28 12:49:17,047] {python.py:175} INFO - Done. Returned value was: None
[2022-03-28 12:49:17,197] {taskinstance.py:1277} INFO - Marking task as SUCCESS. dag_id=tutorial, task_id=pre.pre_get_data, execution_date=20220315T120520, start_date=20220328T124816, end_date=20220328T124917
[2022-03-28 12:49:17,247] {local_task_job.py:154} INFO - Task exited with return code 0
[2022-03-28 12:49:17,639] {local_task_job.py:264} INFO - 1 downstream tasks scheduled from follow-on schedule check
