[2022-04-30 12:52:41,975] {taskinstance.py:1032} INFO - Dependencies all met for <TaskInstance: tutorial.hfghfg.hfghfg_get_data scheduled__2022-04-29T12:29:40.424433+00:00 [queued]>
[2022-04-30 12:52:42,001] {taskinstance.py:1032} INFO - Dependencies all met for <TaskInstance: tutorial.hfghfg.hfghfg_get_data scheduled__2022-04-29T12:29:40.424433+00:00 [queued]>
[2022-04-30 12:52:42,004] {taskinstance.py:1238} INFO - 
--------------------------------------------------------------------------------
[2022-04-30 12:52:42,007] {taskinstance.py:1239} INFO - Starting attempt 1 of 2
[2022-04-30 12:52:42,010] {taskinstance.py:1240} INFO - 
--------------------------------------------------------------------------------
[2022-04-30 12:52:42,040] {taskinstance.py:1259} INFO - Executing <Task(PythonOperator): hfghfg.hfghfg_get_data> on 2022-04-29 12:29:40.424433+00:00
[2022-04-30 12:52:42,051] {standard_task_runner.py:52} INFO - Started process 82 to run task
[2022-04-30 12:52:42,057] {standard_task_runner.py:76} INFO - Running: ['***', 'tasks', 'run', 'tutorial', 'hfghfg.hfghfg_get_data', 'scheduled__2022-04-29T12:29:40.424433+00:00', '--job-id', '1764', '--raw', '--subdir', 'DAGS_FOLDER/test_dag.py', '--cfg-path', '/tmp/tmp9rpma3y9', '--error-file', '/tmp/tmpqfirn1g5']
[2022-04-30 12:52:42,060] {standard_task_runner.py:77} INFO - Job 1764: Subtask hfghfg.hfghfg_get_data
[2022-04-30 12:52:42,232] {logging_mixin.py:109} INFO - Running <TaskInstance: tutorial.hfghfg.hfghfg_get_data scheduled__2022-04-29T12:29:40.424433+00:00 [running]> on host d5ad096ffea5
[2022-04-30 12:52:42,351] {taskinstance.py:1426} INFO - Exporting the following env vars:
AIRFLOW_CTX_DAG_EMAIL=***@example.com
AIRFLOW_CTX_DAG_OWNER=***
AIRFLOW_CTX_DAG_ID=tutorial
AIRFLOW_CTX_TASK_ID=hfghfg.hfghfg_get_data
AIRFLOW_CTX_EXECUTION_DATE=2022-04-29T12:29:40.424433+00:00
AIRFLOW_CTX_DAG_RUN_ID=scheduled__2022-04-29T12:29:40.424433+00:00
[2022-04-30 12:53:42,368] {python.py:175} INFO - Done. Returned value was: None
[2022-04-30 12:53:42,397] {taskinstance.py:1277} INFO - Marking task as SUCCESS. dag_id=tutorial, task_id=hfghfg.hfghfg_get_data, execution_date=20220429T122940, start_date=20220430T125241, end_date=20220430T125342
[2022-04-30 12:53:42,455] {local_task_job.py:154} INFO - Task exited with return code 0
[2022-04-30 12:53:42,523] {local_task_job.py:264} INFO - 1 downstream tasks scheduled from follow-on schedule check
