[2022-04-29 15:35:34,488] {taskinstance.py:1032} INFO - Dependencies all met for <TaskInstance: cdn_daily.import_cat.check_status_of_cat manual__2022-04-29T15:30:28.273551+00:00 [queued]>
[2022-04-29 15:35:34,512] {taskinstance.py:1032} INFO - Dependencies all met for <TaskInstance: cdn_daily.import_cat.check_status_of_cat manual__2022-04-29T15:30:28.273551+00:00 [queued]>
[2022-04-29 15:35:34,514] {taskinstance.py:1238} INFO - 
--------------------------------------------------------------------------------
[2022-04-29 15:35:34,516] {taskinstance.py:1239} INFO - Starting attempt 2 of 2
[2022-04-29 15:35:34,518] {taskinstance.py:1240} INFO - 
--------------------------------------------------------------------------------
[2022-04-29 15:35:34,540] {taskinstance.py:1259} INFO - Executing <Task(PythonOperator): import_cat.check_status_of_cat> on 2022-04-29 15:30:28.273551+00:00
[2022-04-29 15:35:34,552] {standard_task_runner.py:52} INFO - Started process 4003 to run task
[2022-04-29 15:35:34,560] {standard_task_runner.py:76} INFO - Running: ['***', 'tasks', 'run', 'cdn_daily', 'import_cat.check_status_of_cat', 'manual__2022-04-29T15:30:28.273551+00:00', '--job-id', '1747', '--raw', '--subdir', 'DAGS_FOLDER/cdn_daily.py', '--cfg-path', '/tmp/tmpj55_15e8', '--error-file', '/tmp/tmpmndg7eyn']
[2022-04-29 15:35:34,562] {standard_task_runner.py:77} INFO - Job 1747: Subtask import_cat.check_status_of_cat
[2022-04-29 15:35:34,680] {logging_mixin.py:109} INFO - Running <TaskInstance: cdn_daily.import_cat.check_status_of_cat manual__2022-04-29T15:30:28.273551+00:00 [running]> on host d5ad096ffea5
[2022-04-29 15:35:34,773] {taskinstance.py:1426} INFO - Exporting the following env vars:
AIRFLOW_CTX_DAG_EMAIL=***@example.com
AIRFLOW_CTX_DAG_OWNER=***
AIRFLOW_CTX_DAG_ID=cdn_daily
AIRFLOW_CTX_TASK_ID=import_cat.check_status_of_cat
AIRFLOW_CTX_EXECUTION_DATE=2022-04-29T15:30:28.273551+00:00
AIRFLOW_CTX_DAG_RUN_ID=manual__2022-04-29T15:30:28.273551+00:00
[2022-04-29 15:35:34,776] {logging_mixin.py:109} INFO - run_cat
[2022-04-29 15:35:34,790] {logging_mixin.py:109} INFO - None
[2022-04-29 15:35:34,804] {logging_mixin.py:109} INFO - cat.alm
[2022-04-29 15:35:34,817] {logging_mixin.py:109} INFO - 1
[2022-04-29 15:35:35,820] {python.py:175} INFO - Done. Returned value was: None
[2022-04-29 15:35:35,839] {taskinstance.py:1277} INFO - Marking task as SUCCESS. dag_id=cdn_daily, task_id=import_cat.check_status_of_cat, execution_date=20220429T153028, start_date=20220429T153534, end_date=20220429T153535
[2022-04-29 15:35:35,871] {local_task_job.py:154} INFO - Task exited with return code 0
[2022-04-29 15:35:35,927] {local_task_job.py:264} INFO - 0 downstream tasks scheduled from follow-on schedule check
