[2022-02-27 21:53:24,086] {taskinstance.py:1032} INFO - Dependencies all met for <TaskInstance: tutorial.bsre.bsre_print_proccesed_data scheduled__2022-02-26T21:51:17.549420+00:00 [queued]>
[2022-02-27 21:53:24,126] {taskinstance.py:1032} INFO - Dependencies all met for <TaskInstance: tutorial.bsre.bsre_print_proccesed_data scheduled__2022-02-26T21:51:17.549420+00:00 [queued]>
[2022-02-27 21:53:24,128] {taskinstance.py:1238} INFO - 
--------------------------------------------------------------------------------
[2022-02-27 21:53:24,129] {taskinstance.py:1239} INFO - Starting attempt 1 of 2
[2022-02-27 21:53:24,131] {taskinstance.py:1240} INFO - 
--------------------------------------------------------------------------------
[2022-02-27 21:53:24,164] {taskinstance.py:1259} INFO - Executing <Task(PythonOperator): bsre.bsre_print_proccesed_data> on 2022-02-26 21:51:17.549420+00:00
[2022-02-27 21:53:24,178] {standard_task_runner.py:52} INFO - Started process 9918 to run task
[2022-02-27 21:53:24,186] {standard_task_runner.py:76} INFO - Running: ['***', 'tasks', 'run', 'tutorial', 'bsre.bsre_print_proccesed_data', 'scheduled__2022-02-26T21:51:17.549420+00:00', '--job-id', '353', '--raw', '--subdir', 'DAGS_FOLDER/test_dag.py', '--cfg-path', '/tmp/tmplwpcjcnb', '--error-file', '/tmp/tmpin5ipzlq']
[2022-02-27 21:53:24,188] {standard_task_runner.py:77} INFO - Job 353: Subtask bsre.bsre_print_proccesed_data
[2022-02-27 21:53:24,303] {logging_mixin.py:109} INFO - Running <TaskInstance: tutorial.bsre.bsre_print_proccesed_data scheduled__2022-02-26T21:51:17.549420+00:00 [running]> on host ff48034dfdbf
[2022-02-27 21:53:24,386] {taskinstance.py:1426} INFO - Exporting the following env vars:
AIRFLOW_CTX_DAG_EMAIL=***@example.com
AIRFLOW_CTX_DAG_OWNER=***
AIRFLOW_CTX_DAG_ID=tutorial
AIRFLOW_CTX_TASK_ID=bsre.bsre_print_proccesed_data
AIRFLOW_CTX_EXECUTION_DATE=2022-02-26T21:51:17.549420+00:00
AIRFLOW_CTX_DAG_RUN_ID=scheduled__2022-02-26T21:51:17.549420+00:00
[2022-02-27 21:54:24,378] {python.py:175} INFO - Done. Returned value was: None
[2022-02-27 21:54:24,399] {taskinstance.py:1277} INFO - Marking task as SUCCESS. dag_id=tutorial, task_id=bsre.bsre_print_proccesed_data, execution_date=20220226T215117, start_date=20220227T215324, end_date=20220227T215424
[2022-02-27 21:54:24,441] {local_task_job.py:154} INFO - Task exited with return code 0
[2022-02-27 21:54:24,483] {local_task_job.py:264} INFO - 0 downstream tasks scheduled from follow-on schedule check
