[2022-03-14 11:52:01,031] {taskinstance.py:1032} INFO - Dependencies all met for <TaskInstance: tutorial.xsxsxqc.xsxsxqc_get_data scheduled__2022-03-08T18:13:06.710203+00:00 [queued]>
[2022-03-14 11:52:01,064] {taskinstance.py:1032} INFO - Dependencies all met for <TaskInstance: tutorial.xsxsxqc.xsxsxqc_get_data scheduled__2022-03-08T18:13:06.710203+00:00 [queued]>
[2022-03-14 11:52:01,066] {taskinstance.py:1238} INFO - 
--------------------------------------------------------------------------------
[2022-03-14 11:52:01,069] {taskinstance.py:1239} INFO - Starting attempt 1 of 2
[2022-03-14 11:52:01,075] {taskinstance.py:1240} INFO - 
--------------------------------------------------------------------------------
[2022-03-14 11:52:01,118] {taskinstance.py:1259} INFO - Executing <Task(PythonOperator): xsxsxqc.xsxsxqc_get_data> on 2022-03-08 18:13:06.710203+00:00
[2022-03-14 11:52:01,127] {standard_task_runner.py:52} INFO - Started process 90 to run task
[2022-03-14 11:52:01,137] {standard_task_runner.py:76} INFO - Running: ['***', 'tasks', 'run', 'tutorial', 'xsxsxqc.xsxsxqc_get_data', 'scheduled__2022-03-08T18:13:06.710203+00:00', '--job-id', '680', '--raw', '--subdir', 'DAGS_FOLDER/test_dag.py', '--cfg-path', '/tmp/tmpsd9gli8s', '--error-file', '/tmp/tmp91kz1dp_']
[2022-03-14 11:52:01,140] {standard_task_runner.py:77} INFO - Job 680: Subtask xsxsxqc.xsxsxqc_get_data
[2022-03-14 11:52:01,348] {logging_mixin.py:109} INFO - Running <TaskInstance: tutorial.xsxsxqc.xsxsxqc_get_data scheduled__2022-03-08T18:13:06.710203+00:00 [running]> on host ff48034dfdbf
[2022-03-14 11:52:01,510] {taskinstance.py:1426} INFO - Exporting the following env vars:
AIRFLOW_CTX_DAG_EMAIL=***@example.com
AIRFLOW_CTX_DAG_OWNER=***
AIRFLOW_CTX_DAG_ID=tutorial
AIRFLOW_CTX_TASK_ID=xsxsxqc.xsxsxqc_get_data
AIRFLOW_CTX_EXECUTION_DATE=2022-03-08T18:13:06.710203+00:00
AIRFLOW_CTX_DAG_RUN_ID=scheduled__2022-03-08T18:13:06.710203+00:00
[2022-03-14 11:53:01,527] {python.py:175} INFO - Done. Returned value was: None
[2022-03-14 11:53:01,556] {taskinstance.py:1277} INFO - Marking task as SUCCESS. dag_id=tutorial, task_id=xsxsxqc.xsxsxqc_get_data, execution_date=20220308T181306, start_date=20220314T115201, end_date=20220314T115301
[2022-03-14 11:53:01,608] {local_task_job.py:154} INFO - Task exited with return code 0
[2022-03-14 11:53:01,673] {local_task_job.py:264} INFO - 1 downstream tasks scheduled from follow-on schedule check
