[2022-03-02 21:53:24,349] {taskinstance.py:1032} INFO - Dependencies all met for <TaskInstance: tutorial.jghjg.jghjg_proccess_data scheduled__2022-03-01T21:51:17.549420+00:00 [queued]>
[2022-03-02 21:53:24,380] {taskinstance.py:1032} INFO - Dependencies all met for <TaskInstance: tutorial.jghjg.jghjg_proccess_data scheduled__2022-03-01T21:51:17.549420+00:00 [queued]>
[2022-03-02 21:53:24,383] {taskinstance.py:1238} INFO - 
--------------------------------------------------------------------------------
[2022-03-02 21:53:24,385] {taskinstance.py:1239} INFO - Starting attempt 1 of 2
[2022-03-02 21:53:24,387] {taskinstance.py:1240} INFO - 
--------------------------------------------------------------------------------
[2022-03-02 21:53:24,424] {taskinstance.py:1259} INFO - Executing <Task(PythonOperator): jghjg.jghjg_proccess_data> on 2022-03-01 21:51:17.549420+00:00
[2022-03-02 21:53:24,434] {standard_task_runner.py:52} INFO - Started process 15277 to run task
[2022-03-02 21:53:24,439] {standard_task_runner.py:76} INFO - Running: ['***', 'tasks', 'run', 'tutorial', 'jghjg.jghjg_proccess_data', 'scheduled__2022-03-01T21:51:17.549420+00:00', '--job-id', '459', '--raw', '--subdir', 'DAGS_FOLDER/test_dag.py', '--cfg-path', '/tmp/tmp_7sz17hk', '--error-file', '/tmp/tmp1g9p73co']
[2022-03-02 21:53:24,442] {standard_task_runner.py:77} INFO - Job 459: Subtask jghjg.jghjg_proccess_data
[2022-03-02 21:53:24,601] {logging_mixin.py:109} INFO - Running <TaskInstance: tutorial.jghjg.jghjg_proccess_data scheduled__2022-03-01T21:51:17.549420+00:00 [running]> on host ff48034dfdbf
[2022-03-02 21:53:24,747] {taskinstance.py:1426} INFO - Exporting the following env vars:
AIRFLOW_CTX_DAG_EMAIL=***@example.com
AIRFLOW_CTX_DAG_OWNER=***
AIRFLOW_CTX_DAG_ID=tutorial
AIRFLOW_CTX_TASK_ID=jghjg.jghjg_proccess_data
AIRFLOW_CTX_EXECUTION_DATE=2022-03-01T21:51:17.549420+00:00
AIRFLOW_CTX_DAG_RUN_ID=scheduled__2022-03-01T21:51:17.549420+00:00
[2022-03-02 21:54:24,690] {python.py:175} INFO - Done. Returned value was: None
[2022-03-02 21:54:24,769] {taskinstance.py:1277} INFO - Marking task as SUCCESS. dag_id=tutorial, task_id=jghjg.jghjg_proccess_data, execution_date=20220301T215117, start_date=20220302T215324, end_date=20220302T215424
[2022-03-02 21:54:24,839] {local_task_job.py:154} INFO - Task exited with return code 0
[2022-03-02 21:54:24,905] {local_task_job.py:264} INFO - 0 downstream tasks scheduled from follow-on schedule check
