[2022-04-23 14:27:55,254] {taskinstance.py:1032} INFO - Dependencies all met for <TaskInstance: tutorial.pre.pre_proccess_data scheduled__2022-04-22T14:25:49.377068+00:00 [queued]>
[2022-04-23 14:27:55,271] {taskinstance.py:1032} INFO - Dependencies all met for <TaskInstance: tutorial.pre.pre_proccess_data scheduled__2022-04-22T14:25:49.377068+00:00 [queued]>
[2022-04-23 14:27:55,272] {taskinstance.py:1238} INFO - 
--------------------------------------------------------------------------------
[2022-04-23 14:27:55,273] {taskinstance.py:1239} INFO - Starting attempt 1 of 2
[2022-04-23 14:27:55,274] {taskinstance.py:1240} INFO - 
--------------------------------------------------------------------------------
[2022-04-23 14:27:55,293] {taskinstance.py:1259} INFO - Executing <Task(PythonOperator): pre.pre_proccess_data> on 2022-04-22 14:25:49.377068+00:00
[2022-04-23 14:27:55,303] {standard_task_runner.py:52} INFO - Started process 725 to run task
[2022-04-23 14:27:55,311] {standard_task_runner.py:76} INFO - Running: ['***', 'tasks', 'run', 'tutorial', 'pre.pre_proccess_data', 'scheduled__2022-04-22T14:25:49.377068+00:00', '--job-id', '1211', '--raw', '--subdir', 'DAGS_FOLDER/test_dag.py', '--cfg-path', '/tmp/tmpokp41mim', '--error-file', '/tmp/tmpp59m09p8']
[2022-04-23 14:27:55,313] {standard_task_runner.py:77} INFO - Job 1211: Subtask pre.pre_proccess_data
[2022-04-23 14:27:55,420] {logging_mixin.py:109} INFO - Running <TaskInstance: tutorial.pre.pre_proccess_data scheduled__2022-04-22T14:25:49.377068+00:00 [running]> on host ff48034dfdbf
[2022-04-23 14:27:55,497] {taskinstance.py:1426} INFO - Exporting the following env vars:
AIRFLOW_CTX_DAG_EMAIL=***@example.com
AIRFLOW_CTX_DAG_OWNER=***
AIRFLOW_CTX_DAG_ID=tutorial
AIRFLOW_CTX_TASK_ID=pre.pre_proccess_data
AIRFLOW_CTX_EXECUTION_DATE=2022-04-22T14:25:49.377068+00:00
AIRFLOW_CTX_DAG_RUN_ID=scheduled__2022-04-22T14:25:49.377068+00:00
[2022-04-23 14:28:55,517] {python.py:175} INFO - Done. Returned value was: None
[2022-04-23 14:28:55,541] {taskinstance.py:1277} INFO - Marking task as SUCCESS. dag_id=tutorial, task_id=pre.pre_proccess_data, execution_date=20220422T142549, start_date=20220423T142755, end_date=20220423T142855
[2022-04-23 14:28:55,626] {local_task_job.py:154} INFO - Task exited with return code 0
[2022-04-23 14:28:55,852] {local_task_job.py:264} INFO - 1 downstream tasks scheduled from follow-on schedule check
