[2022-04-23 14:18:35,567] {taskinstance.py:1032} INFO - Dependencies all met for <TaskInstance: tutorial.cat.cat_get_data scheduled__2022-04-22T14:16:37.536651+00:00 [queued]>
[2022-04-23 14:18:35,596] {taskinstance.py:1032} INFO - Dependencies all met for <TaskInstance: tutorial.cat.cat_get_data scheduled__2022-04-22T14:16:37.536651+00:00 [queued]>
[2022-04-23 14:18:35,598] {taskinstance.py:1238} INFO - 
--------------------------------------------------------------------------------
[2022-04-23 14:18:35,598] {taskinstance.py:1239} INFO - Starting attempt 1 of 2
[2022-04-23 14:18:35,602] {taskinstance.py:1240} INFO - 
--------------------------------------------------------------------------------
[2022-04-23 14:18:35,638] {taskinstance.py:1259} INFO - Executing <Task(PythonOperator): cat.cat_get_data> on 2022-04-22 14:16:37.536651+00:00
[2022-04-23 14:18:35,647] {standard_task_runner.py:52} INFO - Started process 194 to run task
[2022-04-23 14:18:35,653] {standard_task_runner.py:76} INFO - Running: ['***', 'tasks', 'run', 'tutorial', 'cat.cat_get_data', 'scheduled__2022-04-22T14:16:37.536651+00:00', '--job-id', '1115', '--raw', '--subdir', 'DAGS_FOLDER/test_dag.py', '--cfg-path', '/tmp/tmpc8cwifp5', '--error-file', '/tmp/tmp2o15je3t']
[2022-04-23 14:18:35,655] {standard_task_runner.py:77} INFO - Job 1115: Subtask cat.cat_get_data
[2022-04-23 14:18:35,808] {logging_mixin.py:109} INFO - Running <TaskInstance: tutorial.cat.cat_get_data scheduled__2022-04-22T14:16:37.536651+00:00 [running]> on host ff48034dfdbf
[2022-04-23 14:18:35,961] {taskinstance.py:1426} INFO - Exporting the following env vars:
AIRFLOW_CTX_DAG_EMAIL=***@example.com
AIRFLOW_CTX_DAG_OWNER=***
AIRFLOW_CTX_DAG_ID=tutorial
AIRFLOW_CTX_TASK_ID=cat.cat_get_data
AIRFLOW_CTX_EXECUTION_DATE=2022-04-22T14:16:37.536651+00:00
AIRFLOW_CTX_DAG_RUN_ID=scheduled__2022-04-22T14:16:37.536651+00:00
[2022-04-23 14:19:35,959] {python.py:175} INFO - Done. Returned value was: None
[2022-04-23 14:19:36,053] {taskinstance.py:1277} INFO - Marking task as SUCCESS. dag_id=tutorial, task_id=cat.cat_get_data, execution_date=20220422T141637, start_date=20220423T141835, end_date=20220423T141936
[2022-04-23 14:19:36,130] {local_task_job.py:154} INFO - Task exited with return code 0
[2022-04-23 14:19:36,267] {local_task_job.py:264} INFO - 1 downstream tasks scheduled from follow-on schedule check
