[2022-03-05 10:24:45,874] {taskinstance.py:1032} INFO - Dependencies all met for <TaskInstance: tutorial.cat.cat_get_data scheduled__2022-03-02T21:51:17.549420+00:00 [queued]>
[2022-03-05 10:24:45,910] {taskinstance.py:1032} INFO - Dependencies all met for <TaskInstance: tutorial.cat.cat_get_data scheduled__2022-03-02T21:51:17.549420+00:00 [queued]>
[2022-03-05 10:24:45,912] {taskinstance.py:1238} INFO - 
--------------------------------------------------------------------------------
[2022-03-05 10:24:45,913] {taskinstance.py:1239} INFO - Starting attempt 1 of 2
[2022-03-05 10:24:45,915] {taskinstance.py:1240} INFO - 
--------------------------------------------------------------------------------
[2022-03-05 10:24:45,942] {taskinstance.py:1259} INFO - Executing <Task(PythonOperator): cat.cat_get_data> on 2022-03-02 21:51:17.549420+00:00
[2022-03-05 10:24:45,950] {standard_task_runner.py:52} INFO - Started process 135 to run task
[2022-03-05 10:24:45,961] {standard_task_runner.py:76} INFO - Running: ['***', 'tasks', 'run', 'tutorial', 'cat.cat_get_data', 'scheduled__2022-03-02T21:51:17.549420+00:00', '--job-id', '487', '--raw', '--subdir', 'DAGS_FOLDER/test_dag.py', '--cfg-path', '/tmp/tmprc17hc1w', '--error-file', '/tmp/tmpwmrsa4jj']
[2022-03-05 10:24:45,963] {standard_task_runner.py:77} INFO - Job 487: Subtask cat.cat_get_data
[2022-03-05 10:24:46,098] {logging_mixin.py:109} INFO - Running <TaskInstance: tutorial.cat.cat_get_data scheduled__2022-03-02T21:51:17.549420+00:00 [running]> on host ff48034dfdbf
[2022-03-05 10:24:46,241] {taskinstance.py:1426} INFO - Exporting the following env vars:
AIRFLOW_CTX_DAG_EMAIL=***@example.com
AIRFLOW_CTX_DAG_OWNER=***
AIRFLOW_CTX_DAG_ID=tutorial
AIRFLOW_CTX_TASK_ID=cat.cat_get_data
AIRFLOW_CTX_EXECUTION_DATE=2022-03-02T21:51:17.549420+00:00
AIRFLOW_CTX_DAG_RUN_ID=scheduled__2022-03-02T21:51:17.549420+00:00
[2022-03-05 10:25:46,222] {python.py:175} INFO - Done. Returned value was: None
[2022-03-05 10:25:46,234] {taskinstance.py:1277} INFO - Marking task as SUCCESS. dag_id=tutorial, task_id=cat.cat_get_data, execution_date=20220302T215117, start_date=20220305T102445, end_date=20220305T102546
[2022-03-05 10:25:46,273] {local_task_job.py:154} INFO - Task exited with return code 0
[2022-03-05 10:25:46,309] {local_task_job.py:264} INFO - 1 downstream tasks scheduled from follow-on schedule check
