[2022-04-26 13:58:26,239] {taskinstance.py:1032} INFO - Dependencies all met for <TaskInstance: tutorial.bsre.bsre_print_proccesed_data scheduled__2022-04-23T14:25:49.377068+00:00 [queued]>
[2022-04-26 13:58:26,309] {taskinstance.py:1032} INFO - Dependencies all met for <TaskInstance: tutorial.bsre.bsre_print_proccesed_data scheduled__2022-04-23T14:25:49.377068+00:00 [queued]>
[2022-04-26 13:58:26,315] {taskinstance.py:1238} INFO - 
--------------------------------------------------------------------------------
[2022-04-26 13:58:26,316] {taskinstance.py:1239} INFO - Starting attempt 1 of 2
[2022-04-26 13:58:26,319] {taskinstance.py:1240} INFO - 
--------------------------------------------------------------------------------
[2022-04-26 13:58:26,387] {taskinstance.py:1259} INFO - Executing <Task(PythonOperator): bsre.bsre_print_proccesed_data> on 2022-04-23 14:25:49.377068+00:00
[2022-04-26 13:58:26,435] {standard_task_runner.py:52} INFO - Started process 377 to run task
[2022-04-26 13:58:26,482] {standard_task_runner.py:76} INFO - Running: ['***', 'tasks', 'run', 'tutorial', 'bsre.bsre_print_proccesed_data', 'scheduled__2022-04-23T14:25:49.377068+00:00', '--job-id', '1291', '--raw', '--subdir', 'DAGS_FOLDER/test_dag.py', '--cfg-path', '/tmp/tmpxab52yl5', '--error-file', '/tmp/tmpc3gs0ru4']
[2022-04-26 13:58:26,487] {standard_task_runner.py:77} INFO - Job 1291: Subtask bsre.bsre_print_proccesed_data
[2022-04-26 13:58:26,685] {logging_mixin.py:109} INFO - Running <TaskInstance: tutorial.bsre.bsre_print_proccesed_data scheduled__2022-04-23T14:25:49.377068+00:00 [running]> on host ff48034dfdbf
[2022-04-26 13:58:26,847] {taskinstance.py:1426} INFO - Exporting the following env vars:
AIRFLOW_CTX_DAG_EMAIL=***@example.com
AIRFLOW_CTX_DAG_OWNER=***
AIRFLOW_CTX_DAG_ID=tutorial
AIRFLOW_CTX_TASK_ID=bsre.bsre_print_proccesed_data
AIRFLOW_CTX_EXECUTION_DATE=2022-04-23T14:25:49.377068+00:00
AIRFLOW_CTX_DAG_RUN_ID=scheduled__2022-04-23T14:25:49.377068+00:00
[2022-04-26 13:59:26,842] {python.py:175} INFO - Done. Returned value was: None
[2022-04-26 13:59:26,889] {taskinstance.py:1277} INFO - Marking task as SUCCESS. dag_id=tutorial, task_id=bsre.bsre_print_proccesed_data, execution_date=20220423T142549, start_date=20220426T135826, end_date=20220426T135926
[2022-04-26 13:59:26,945] {local_task_job.py:154} INFO - Task exited with return code 0
[2022-04-26 13:59:27,033] {local_task_job.py:264} INFO - 0 downstream tasks scheduled from follow-on schedule check
