[2022-04-23 14:30:59,380] {taskinstance.py:1032} INFO - Dependencies all met for <TaskInstance: tutorial.yryrty.yryrty_print_proccesed_data scheduled__2022-04-22T14:25:49.377068+00:00 [queued]>
[2022-04-23 14:30:59,398] {taskinstance.py:1032} INFO - Dependencies all met for <TaskInstance: tutorial.yryrty.yryrty_print_proccesed_data scheduled__2022-04-22T14:25:49.377068+00:00 [queued]>
[2022-04-23 14:30:59,400] {taskinstance.py:1238} INFO - 
--------------------------------------------------------------------------------
[2022-04-23 14:30:59,400] {taskinstance.py:1239} INFO - Starting attempt 1 of 2
[2022-04-23 14:30:59,401] {taskinstance.py:1240} INFO - 
--------------------------------------------------------------------------------
[2022-04-23 14:30:59,421] {taskinstance.py:1259} INFO - Executing <Task(PythonOperator): yryrty.yryrty_print_proccesed_data> on 2022-04-22 14:25:49.377068+00:00
[2022-04-23 14:30:59,428] {standard_task_runner.py:52} INFO - Started process 884 to run task
[2022-04-23 14:30:59,434] {standard_task_runner.py:76} INFO - Running: ['***', 'tasks', 'run', 'tutorial', 'yryrty.yryrty_print_proccesed_data', 'scheduled__2022-04-22T14:25:49.377068+00:00', '--job-id', '1236', '--raw', '--subdir', 'DAGS_FOLDER/test_dag.py', '--cfg-path', '/tmp/tmpme1izbff', '--error-file', '/tmp/tmp5tlba9sy']
[2022-04-23 14:30:59,437] {standard_task_runner.py:77} INFO - Job 1236: Subtask yryrty.yryrty_print_proccesed_data
[2022-04-23 14:30:59,526] {logging_mixin.py:109} INFO - Running <TaskInstance: tutorial.yryrty.yryrty_print_proccesed_data scheduled__2022-04-22T14:25:49.377068+00:00 [running]> on host ff48034dfdbf
[2022-04-23 14:30:59,598] {taskinstance.py:1426} INFO - Exporting the following env vars:
AIRFLOW_CTX_DAG_EMAIL=***@example.com
AIRFLOW_CTX_DAG_OWNER=***
AIRFLOW_CTX_DAG_ID=tutorial
AIRFLOW_CTX_TASK_ID=yryrty.yryrty_print_proccesed_data
AIRFLOW_CTX_EXECUTION_DATE=2022-04-22T14:25:49.377068+00:00
AIRFLOW_CTX_DAG_RUN_ID=scheduled__2022-04-22T14:25:49.377068+00:00
[2022-04-23 14:31:59,619] {python.py:175} INFO - Done. Returned value was: None
[2022-04-23 14:31:59,638] {taskinstance.py:1277} INFO - Marking task as SUCCESS. dag_id=tutorial, task_id=yryrty.yryrty_print_proccesed_data, execution_date=20220422T142549, start_date=20220423T143059, end_date=20220423T143159
[2022-04-23 14:31:59,682] {local_task_job.py:154} INFO - Task exited with return code 0
[2022-04-23 14:31:59,730] {local_task_job.py:264} INFO - 0 downstream tasks scheduled from follow-on schedule check
