[2022-04-29 15:33:58,786] {taskinstance.py:1032} INFO - Dependencies all met for <TaskInstance: cdn_daily.import_pre.check_status_of_pre manual__2022-04-29T15:33:55.249340+00:00 [queued]>
[2022-04-29 15:33:58,809] {taskinstance.py:1032} INFO - Dependencies all met for <TaskInstance: cdn_daily.import_pre.check_status_of_pre manual__2022-04-29T15:33:55.249340+00:00 [queued]>
[2022-04-29 15:33:58,810] {taskinstance.py:1238} INFO - 
--------------------------------------------------------------------------------
[2022-04-29 15:33:58,812] {taskinstance.py:1239} INFO - Starting attempt 1 of 2
[2022-04-29 15:33:58,813] {taskinstance.py:1240} INFO - 
--------------------------------------------------------------------------------
[2022-04-29 15:33:58,841] {taskinstance.py:1259} INFO - Executing <Task(PythonOperator): import_pre.check_status_of_pre> on 2022-04-29 15:33:55.249340+00:00
[2022-04-29 15:33:58,850] {standard_task_runner.py:52} INFO - Started process 3915 to run task
[2022-04-29 15:33:58,859] {standard_task_runner.py:76} INFO - Running: ['***', 'tasks', 'run', 'cdn_daily', 'import_pre.check_status_of_pre', 'manual__2022-04-29T15:33:55.249340+00:00', '--job-id', '1733', '--raw', '--subdir', 'DAGS_FOLDER/cdn_daily.py', '--cfg-path', '/tmp/tmpwa62fyup', '--error-file', '/tmp/tmp2v488zlh']
[2022-04-29 15:33:58,861] {standard_task_runner.py:77} INFO - Job 1733: Subtask import_pre.check_status_of_pre
[2022-04-29 15:33:58,959] {logging_mixin.py:109} INFO - Running <TaskInstance: cdn_daily.import_pre.check_status_of_pre manual__2022-04-29T15:33:55.249340+00:00 [running]> on host d5ad096ffea5
[2022-04-29 15:33:59,053] {taskinstance.py:1426} INFO - Exporting the following env vars:
AIRFLOW_CTX_DAG_EMAIL=***@example.com
AIRFLOW_CTX_DAG_OWNER=***
AIRFLOW_CTX_DAG_ID=cdn_daily
AIRFLOW_CTX_TASK_ID=import_pre.check_status_of_pre
AIRFLOW_CTX_EXECUTION_DATE=2022-04-29T15:33:55.249340+00:00
AIRFLOW_CTX_DAG_RUN_ID=manual__2022-04-29T15:33:55.249340+00:00
[2022-04-29 15:33:59,056] {logging_mixin.py:109} INFO - run_pre
[2022-04-29 15:33:59,079] {logging_mixin.py:109} INFO - None
[2022-04-29 15:33:59,095] {logging_mixin.py:109} INFO - pre.alm
[2022-04-29 15:33:59,110] {logging_mixin.py:109} INFO - 8
[2022-04-29 15:34:07,120] {python.py:175} INFO - Done. Returned value was: None
[2022-04-29 15:34:07,139] {taskinstance.py:1277} INFO - Marking task as SUCCESS. dag_id=cdn_daily, task_id=import_pre.check_status_of_pre, execution_date=20220429T153355, start_date=20220429T153358, end_date=20220429T153407
[2022-04-29 15:34:07,179] {local_task_job.py:154} INFO - Task exited with return code 0
[2022-04-29 15:34:07,228] {local_task_job.py:264} INFO - 0 downstream tasks scheduled from follow-on schedule check
