[2022-03-14 12:11:29,344] {taskinstance.py:1032} INFO - Dependencies all met for <TaskInstance: tutorial.jghjg.jghjg_print_proccesed_data scheduled__2022-03-13T12:04:19.461189+00:00 [queued]>
[2022-03-14 12:11:29,360] {taskinstance.py:1032} INFO - Dependencies all met for <TaskInstance: tutorial.jghjg.jghjg_print_proccesed_data scheduled__2022-03-13T12:04:19.461189+00:00 [queued]>
[2022-03-14 12:11:29,361] {taskinstance.py:1238} INFO - 
--------------------------------------------------------------------------------
[2022-03-14 12:11:29,362] {taskinstance.py:1239} INFO - Starting attempt 1 of 2
[2022-03-14 12:11:29,363] {taskinstance.py:1240} INFO - 
--------------------------------------------------------------------------------
[2022-03-14 12:11:29,380] {taskinstance.py:1259} INFO - Executing <Task(PythonOperator): jghjg.jghjg_print_proccesed_data> on 2022-03-13 12:04:19.461189+00:00
[2022-03-14 12:11:29,386] {standard_task_runner.py:52} INFO - Started process 1244 to run task
[2022-03-14 12:11:29,392] {standard_task_runner.py:76} INFO - Running: ['***', 'tasks', 'run', 'tutorial', 'jghjg.jghjg_print_proccesed_data', 'scheduled__2022-03-13T12:04:19.461189+00:00', '--job-id', '882', '--raw', '--subdir', 'DAGS_FOLDER/test_dag.py', '--cfg-path', '/tmp/tmp19s8_j9x', '--error-file', '/tmp/tmpsn0il42r']
[2022-03-14 12:11:29,394] {standard_task_runner.py:77} INFO - Job 882: Subtask jghjg.jghjg_print_proccesed_data
[2022-03-14 12:11:29,471] {logging_mixin.py:109} INFO - Running <TaskInstance: tutorial.jghjg.jghjg_print_proccesed_data scheduled__2022-03-13T12:04:19.461189+00:00 [running]> on host ff48034dfdbf
[2022-03-14 12:11:29,542] {taskinstance.py:1426} INFO - Exporting the following env vars:
AIRFLOW_CTX_DAG_EMAIL=***@example.com
AIRFLOW_CTX_DAG_OWNER=***
AIRFLOW_CTX_DAG_ID=tutorial
AIRFLOW_CTX_TASK_ID=jghjg.jghjg_print_proccesed_data
AIRFLOW_CTX_EXECUTION_DATE=2022-03-13T12:04:19.461189+00:00
AIRFLOW_CTX_DAG_RUN_ID=scheduled__2022-03-13T12:04:19.461189+00:00
[2022-03-14 12:12:29,551] {python.py:175} INFO - Done. Returned value was: None
[2022-03-14 12:12:29,619] {taskinstance.py:1277} INFO - Marking task as SUCCESS. dag_id=tutorial, task_id=jghjg.jghjg_print_proccesed_data, execution_date=20220313T120419, start_date=20220314T121129, end_date=20220314T121229
[2022-03-14 12:12:29,710] {local_task_job.py:154} INFO - Task exited with return code 0
[2022-03-14 12:12:29,781] {local_task_job.py:264} INFO - 0 downstream tasks scheduled from follow-on schedule check
