[2022-03-14 11:59:12,687] {taskinstance.py:1032} INFO - Dependencies all met for <TaskInstance: tutorial.pre.pre_print_proccesed_data scheduled__2022-03-08T18:13:06.710203+00:00 [queued]>
[2022-03-14 11:59:12,708] {taskinstance.py:1032} INFO - Dependencies all met for <TaskInstance: tutorial.pre.pre_print_proccesed_data scheduled__2022-03-08T18:13:06.710203+00:00 [queued]>
[2022-03-14 11:59:12,710] {taskinstance.py:1238} INFO - 
--------------------------------------------------------------------------------
[2022-03-14 11:59:12,711] {taskinstance.py:1239} INFO - Starting attempt 1 of 2
[2022-03-14 11:59:12,713] {taskinstance.py:1240} INFO - 
--------------------------------------------------------------------------------
[2022-03-14 11:59:12,739] {taskinstance.py:1259} INFO - Executing <Task(PythonOperator): pre.pre_print_proccesed_data> on 2022-03-08 18:13:06.710203+00:00
[2022-03-14 11:59:12,748] {standard_task_runner.py:52} INFO - Started process 522 to run task
[2022-03-14 11:59:12,756] {standard_task_runner.py:76} INFO - Running: ['***', 'tasks', 'run', 'tutorial', 'pre.pre_print_proccesed_data', 'scheduled__2022-03-08T18:13:06.710203+00:00', '--job-id', '760', '--raw', '--subdir', 'DAGS_FOLDER/test_dag.py', '--cfg-path', '/tmp/tmpkftmg6kw', '--error-file', '/tmp/tmp0svefdya']
[2022-03-14 11:59:12,758] {standard_task_runner.py:77} INFO - Job 760: Subtask pre.pre_print_proccesed_data
[2022-03-14 11:59:12,884] {logging_mixin.py:109} INFO - Running <TaskInstance: tutorial.pre.pre_print_proccesed_data scheduled__2022-03-08T18:13:06.710203+00:00 [running]> on host ff48034dfdbf
[2022-03-14 11:59:13,019] {taskinstance.py:1426} INFO - Exporting the following env vars:
AIRFLOW_CTX_DAG_EMAIL=***@example.com
AIRFLOW_CTX_DAG_OWNER=***
AIRFLOW_CTX_DAG_ID=tutorial
AIRFLOW_CTX_TASK_ID=pre.pre_print_proccesed_data
AIRFLOW_CTX_EXECUTION_DATE=2022-03-08T18:13:06.710203+00:00
AIRFLOW_CTX_DAG_RUN_ID=scheduled__2022-03-08T18:13:06.710203+00:00
[2022-03-14 12:00:13,040] {python.py:175} INFO - Done. Returned value was: None
[2022-03-14 12:00:13,067] {taskinstance.py:1277} INFO - Marking task as SUCCESS. dag_id=tutorial, task_id=pre.pre_print_proccesed_data, execution_date=20220308T181306, start_date=20220314T115912, end_date=20220314T120013
[2022-03-14 12:00:13,148] {local_task_job.py:154} INFO - Task exited with return code 0
[2022-03-14 12:00:13,222] {local_task_job.py:264} INFO - 0 downstream tasks scheduled from follow-on schedule check
