[2022-02-26 11:38:18,510] {taskinstance.py:1032} INFO - Dependencies all met for <TaskInstance: tutorial.eaeaz.eaeaz_proccess_data scheduled__2022-02-24T21:44:04.431894+00:00 [queued]>
[2022-02-26 11:38:18,532] {taskinstance.py:1032} INFO - Dependencies all met for <TaskInstance: tutorial.eaeaz.eaeaz_proccess_data scheduled__2022-02-24T21:44:04.431894+00:00 [queued]>
[2022-02-26 11:38:18,533] {taskinstance.py:1238} INFO - 
--------------------------------------------------------------------------------
[2022-02-26 11:38:18,534] {taskinstance.py:1239} INFO - Starting attempt 1 of 2
[2022-02-26 11:38:18,535] {taskinstance.py:1240} INFO - 
--------------------------------------------------------------------------------
[2022-02-26 11:38:18,553] {taskinstance.py:1259} INFO - Executing <Task(PythonOperator): eaeaz.eaeaz_proccess_data> on 2022-02-24 21:44:04.431894+00:00
[2022-02-26 11:38:18,559] {standard_task_runner.py:52} INFO - Started process 204 to run task
[2022-02-26 11:38:18,567] {standard_task_runner.py:76} INFO - Running: ['***', 'tasks', 'run', 'tutorial', 'eaeaz.eaeaz_proccess_data', 'scheduled__2022-02-24T21:44:04.431894+00:00', '--job-id', '275', '--raw', '--subdir', 'DAGS_FOLDER/test_dag.py', '--cfg-path', '/tmp/tmpjdr9ji8c', '--error-file', '/tmp/tmpg4h1pgr6']
[2022-02-26 11:38:18,568] {standard_task_runner.py:77} INFO - Job 275: Subtask eaeaz.eaeaz_proccess_data
[2022-02-26 11:38:18,697] {logging_mixin.py:109} INFO - Running <TaskInstance: tutorial.eaeaz.eaeaz_proccess_data scheduled__2022-02-24T21:44:04.431894+00:00 [running]> on host ff48034dfdbf
[2022-02-26 11:38:18,802] {taskinstance.py:1426} INFO - Exporting the following env vars:
AIRFLOW_CTX_DAG_EMAIL=***@example.com
AIRFLOW_CTX_DAG_OWNER=***
AIRFLOW_CTX_DAG_ID=tutorial
AIRFLOW_CTX_TASK_ID=eaeaz.eaeaz_proccess_data
AIRFLOW_CTX_EXECUTION_DATE=2022-02-24T21:44:04.431894+00:00
AIRFLOW_CTX_DAG_RUN_ID=scheduled__2022-02-24T21:44:04.431894+00:00
[2022-02-26 11:39:18,823] {python.py:175} INFO - Done. Returned value was: None
[2022-02-26 11:39:18,842] {taskinstance.py:1277} INFO - Marking task as SUCCESS. dag_id=tutorial, task_id=eaeaz.eaeaz_proccess_data, execution_date=20220224T214404, start_date=20220226T113818, end_date=20220226T113918
[2022-02-26 11:39:18,905] {local_task_job.py:154} INFO - Task exited with return code 0
[2022-02-26 11:39:18,947] {local_task_job.py:264} INFO - 0 downstream tasks scheduled from follow-on schedule check
