[2022-04-30 12:55:09,250] {taskinstance.py:1032} INFO - Dependencies all met for <TaskInstance: cdn_daily.import_cat.check_status_of_cat scheduled__2022-04-29T12:55:05.495602+00:00 [queued]>
[2022-04-30 12:55:09,265] {taskinstance.py:1032} INFO - Dependencies all met for <TaskInstance: cdn_daily.import_cat.check_status_of_cat scheduled__2022-04-29T12:55:05.495602+00:00 [queued]>
[2022-04-30 12:55:09,266] {taskinstance.py:1238} INFO - 
--------------------------------------------------------------------------------
[2022-04-30 12:55:09,267] {taskinstance.py:1239} INFO - Starting attempt 1 of 2
[2022-04-30 12:55:09,268] {taskinstance.py:1240} INFO - 
--------------------------------------------------------------------------------
[2022-04-30 12:55:09,282] {taskinstance.py:1259} INFO - Executing <Task(PythonOperator): import_cat.check_status_of_cat> on 2022-04-29 12:55:05.495602+00:00
[2022-04-30 12:55:09,288] {standard_task_runner.py:52} INFO - Started process 243 to run task
[2022-04-30 12:55:09,293] {standard_task_runner.py:76} INFO - Running: ['***', 'tasks', 'run', 'cdn_daily', 'import_cat.check_status_of_cat', 'scheduled__2022-04-29T12:55:05.495602+00:00', '--job-id', '1798', '--raw', '--subdir', 'DAGS_FOLDER/cdn_daily.py', '--cfg-path', '/tmp/tmp2dvmqkem', '--error-file', '/tmp/tmpfhqh89wh']
[2022-04-30 12:55:09,294] {standard_task_runner.py:77} INFO - Job 1798: Subtask import_cat.check_status_of_cat
[2022-04-30 12:55:09,364] {logging_mixin.py:109} INFO - Running <TaskInstance: cdn_daily.import_cat.check_status_of_cat scheduled__2022-04-29T12:55:05.495602+00:00 [running]> on host d5ad096ffea5
[2022-04-30 12:55:09,428] {taskinstance.py:1426} INFO - Exporting the following env vars:
AIRFLOW_CTX_DAG_EMAIL=***@example.com
AIRFLOW_CTX_DAG_OWNER=***
AIRFLOW_CTX_DAG_ID=cdn_daily
AIRFLOW_CTX_TASK_ID=import_cat.check_status_of_cat
AIRFLOW_CTX_EXECUTION_DATE=2022-04-29T12:55:05.495602+00:00
AIRFLOW_CTX_DAG_RUN_ID=scheduled__2022-04-29T12:55:05.495602+00:00
[2022-04-30 12:55:09,430] {logging_mixin.py:109} INFO - run_cat
[2022-04-30 12:55:09,441] {logging_mixin.py:109} INFO - None
[2022-04-30 12:55:09,452] {logging_mixin.py:109} INFO - cat.alm
[2022-04-30 12:55:09,462] {logging_mixin.py:109} INFO - 9
[2022-04-30 12:55:18,464] {python.py:175} INFO - Done. Returned value was: None
[2022-04-30 12:55:18,483] {taskinstance.py:1277} INFO - Marking task as SUCCESS. dag_id=cdn_daily, task_id=import_cat.check_status_of_cat, execution_date=20220429T125505, start_date=20220430T125509, end_date=20220430T125518
[2022-04-30 12:55:18,540] {local_task_job.py:154} INFO - Task exited with return code 0
[2022-04-30 12:55:18,586] {local_task_job.py:264} INFO - 1 downstream tasks scheduled from follow-on schedule check
