[2022-03-02 21:53:26,163] {taskinstance.py:1032} INFO - Dependencies all met for <TaskInstance: tutorial.yryrty.yryrty_print_proccesed_data scheduled__2022-03-01T21:51:17.549420+00:00 [queued]>
[2022-03-02 21:53:26,206] {taskinstance.py:1032} INFO - Dependencies all met for <TaskInstance: tutorial.yryrty.yryrty_print_proccesed_data scheduled__2022-03-01T21:51:17.549420+00:00 [queued]>
[2022-03-02 21:53:26,208] {taskinstance.py:1238} INFO - 
--------------------------------------------------------------------------------
[2022-03-02 21:53:26,211] {taskinstance.py:1239} INFO - Starting attempt 1 of 2
[2022-03-02 21:53:26,213] {taskinstance.py:1240} INFO - 
--------------------------------------------------------------------------------
[2022-03-02 21:53:26,247] {taskinstance.py:1259} INFO - Executing <Task(PythonOperator): yryrty.yryrty_print_proccesed_data> on 2022-03-01 21:51:17.549420+00:00
[2022-03-02 21:53:26,256] {standard_task_runner.py:52} INFO - Started process 15289 to run task
[2022-03-02 21:53:26,262] {standard_task_runner.py:76} INFO - Running: ['***', 'tasks', 'run', 'tutorial', 'yryrty.yryrty_print_proccesed_data', 'scheduled__2022-03-01T21:51:17.549420+00:00', '--job-id', '464', '--raw', '--subdir', 'DAGS_FOLDER/test_dag.py', '--cfg-path', '/tmp/tmpm7wuhzgd', '--error-file', '/tmp/tmp046r_vmy']
[2022-03-02 21:53:26,263] {standard_task_runner.py:77} INFO - Job 464: Subtask yryrty.yryrty_print_proccesed_data
[2022-03-02 21:53:26,376] {logging_mixin.py:109} INFO - Running <TaskInstance: tutorial.yryrty.yryrty_print_proccesed_data scheduled__2022-03-01T21:51:17.549420+00:00 [running]> on host ff48034dfdbf
[2022-03-02 21:53:26,453] {taskinstance.py:1426} INFO - Exporting the following env vars:
AIRFLOW_CTX_DAG_EMAIL=***@example.com
AIRFLOW_CTX_DAG_OWNER=***
AIRFLOW_CTX_DAG_ID=tutorial
AIRFLOW_CTX_TASK_ID=yryrty.yryrty_print_proccesed_data
AIRFLOW_CTX_EXECUTION_DATE=2022-03-01T21:51:17.549420+00:00
AIRFLOW_CTX_DAG_RUN_ID=scheduled__2022-03-01T21:51:17.549420+00:00
[2022-03-02 21:54:26,447] {python.py:175} INFO - Done. Returned value was: None
[2022-03-02 21:54:26,476] {taskinstance.py:1277} INFO - Marking task as SUCCESS. dag_id=tutorial, task_id=yryrty.yryrty_print_proccesed_data, execution_date=20220301T215117, start_date=20220302T215326, end_date=20220302T215426
[2022-03-02 21:54:26,544] {local_task_job.py:154} INFO - Task exited with return code 0
[2022-03-02 21:54:26,610] {local_task_job.py:264} INFO - 0 downstream tasks scheduled from follow-on schedule check
