[2022-02-23 21:38:55,315] {taskinstance.py:1032} INFO - Dependencies all met for <TaskInstance: tutorial.dqsdqsd.dqsdqsd_get_data scheduled__2022-02-22T21:37:49.340300+00:00 [queued]>
[2022-02-23 21:38:55,359] {taskinstance.py:1032} INFO - Dependencies all met for <TaskInstance: tutorial.dqsdqsd.dqsdqsd_get_data scheduled__2022-02-22T21:37:49.340300+00:00 [queued]>
[2022-02-23 21:38:55,360] {taskinstance.py:1238} INFO - 
--------------------------------------------------------------------------------
[2022-02-23 21:38:55,361] {taskinstance.py:1239} INFO - Starting attempt 1 of 2
[2022-02-23 21:38:55,362] {taskinstance.py:1240} INFO - 
--------------------------------------------------------------------------------
[2022-02-23 21:38:55,379] {taskinstance.py:1259} INFO - Executing <Task(PythonOperator): dqsdqsd.dqsdqsd_get_data> on 2022-02-22 21:37:49.340300+00:00
[2022-02-23 21:38:55,387] {standard_task_runner.py:52} INFO - Started process 134 to run task
[2022-02-23 21:38:55,395] {standard_task_runner.py:76} INFO - Running: ['***', 'tasks', 'run', 'tutorial', 'dqsdqsd.dqsdqsd_get_data', 'scheduled__2022-02-22T21:37:49.340300+00:00', '--job-id', '114', '--raw', '--subdir', 'DAGS_FOLDER/test_dag.py', '--cfg-path', '/tmp/tmpjya31ept', '--error-file', '/tmp/tmp97c0upl0']
[2022-02-23 21:38:55,398] {standard_task_runner.py:77} INFO - Job 114: Subtask dqsdqsd.dqsdqsd_get_data
[2022-02-23 21:38:55,534] {logging_mixin.py:109} INFO - Running <TaskInstance: tutorial.dqsdqsd.dqsdqsd_get_data scheduled__2022-02-22T21:37:49.340300+00:00 [running]> on host ff48034dfdbf
[2022-02-23 21:38:55,665] {taskinstance.py:1426} INFO - Exporting the following env vars:
AIRFLOW_CTX_DAG_EMAIL=***@example.com
AIRFLOW_CTX_DAG_OWNER=***
AIRFLOW_CTX_DAG_ID=tutorial
AIRFLOW_CTX_TASK_ID=dqsdqsd.dqsdqsd_get_data
AIRFLOW_CTX_EXECUTION_DATE=2022-02-22T21:37:49.340300+00:00
AIRFLOW_CTX_DAG_RUN_ID=scheduled__2022-02-22T21:37:49.340300+00:00
[2022-02-23 21:39:55,666] {python.py:175} INFO - Done. Returned value was: None
[2022-02-23 21:39:55,678] {taskinstance.py:1277} INFO - Marking task as SUCCESS. dag_id=tutorial, task_id=dqsdqsd.dqsdqsd_get_data, execution_date=20220222T213749, start_date=20220223T213855, end_date=20220223T213955
[2022-02-23 21:39:55,706] {local_task_job.py:154} INFO - Task exited with return code 0
[2022-02-23 21:39:55,761] {local_task_job.py:264} INFO - 1 downstream tasks scheduled from follow-on schedule check
