[2022-03-14 12:04:19,688] {taskinstance.py:1032} INFO - Dependencies all met for <TaskInstance: tutorial.yryrty.yryrty_print_proccesed_data scheduled__2022-03-09T18:13:06.710203+00:00 [queued]>
[2022-03-14 12:04:19,721] {taskinstance.py:1032} INFO - Dependencies all met for <TaskInstance: tutorial.yryrty.yryrty_print_proccesed_data scheduled__2022-03-09T18:13:06.710203+00:00 [queued]>
[2022-03-14 12:04:19,723] {taskinstance.py:1238} INFO - 
--------------------------------------------------------------------------------
[2022-03-14 12:04:19,724] {taskinstance.py:1239} INFO - Starting attempt 1 of 2
[2022-03-14 12:04:19,726] {taskinstance.py:1240} INFO - 
--------------------------------------------------------------------------------
[2022-03-14 12:04:19,759] {taskinstance.py:1259} INFO - Executing <Task(PythonOperator): yryrty.yryrty_print_proccesed_data> on 2022-03-09 18:13:06.710203+00:00
[2022-03-14 12:04:19,769] {standard_task_runner.py:52} INFO - Started process 821 to run task
[2022-03-14 12:04:19,778] {standard_task_runner.py:76} INFO - Running: ['***', 'tasks', 'run', 'tutorial', 'yryrty.yryrty_print_proccesed_data', 'scheduled__2022-03-09T18:13:06.710203+00:00', '--job-id', '807', '--raw', '--subdir', 'DAGS_FOLDER/test_dag.py', '--cfg-path', '/tmp/tmpimqs0qnf', '--error-file', '/tmp/tmp6cb5cltz']
[2022-03-14 12:04:19,780] {standard_task_runner.py:77} INFO - Job 807: Subtask yryrty.yryrty_print_proccesed_data
[2022-03-14 12:04:19,915] {logging_mixin.py:109} INFO - Running <TaskInstance: tutorial.yryrty.yryrty_print_proccesed_data scheduled__2022-03-09T18:13:06.710203+00:00 [running]> on host ff48034dfdbf
[2022-03-14 12:04:20,055] {taskinstance.py:1426} INFO - Exporting the following env vars:
AIRFLOW_CTX_DAG_EMAIL=***@example.com
AIRFLOW_CTX_DAG_OWNER=***
AIRFLOW_CTX_DAG_ID=tutorial
AIRFLOW_CTX_TASK_ID=yryrty.yryrty_print_proccesed_data
AIRFLOW_CTX_EXECUTION_DATE=2022-03-09T18:13:06.710203+00:00
AIRFLOW_CTX_DAG_RUN_ID=scheduled__2022-03-09T18:13:06.710203+00:00
[2022-03-14 12:05:20,045] {python.py:175} INFO - Done. Returned value was: None
[2022-03-14 12:05:20,074] {taskinstance.py:1277} INFO - Marking task as SUCCESS. dag_id=tutorial, task_id=yryrty.yryrty_print_proccesed_data, execution_date=20220309T181306, start_date=20220314T120419, end_date=20220314T120520
[2022-03-14 12:05:20,154] {local_task_job.py:154} INFO - Task exited with return code 0
[2022-03-14 12:05:20,205] {local_task_job.py:264} INFO - 0 downstream tasks scheduled from follow-on schedule check
