[2022-03-09 18:13:11,296] {taskinstance.py:1032} INFO - Dependencies all met for <TaskInstance: tutorial.gdgfg.gdgfg_get_data scheduled__2022-03-07T10:29:52.784989+00:00 [queued]>
[2022-03-09 18:13:11,325] {taskinstance.py:1032} INFO - Dependencies all met for <TaskInstance: tutorial.gdgfg.gdgfg_get_data scheduled__2022-03-07T10:29:52.784989+00:00 [queued]>
[2022-03-09 18:13:11,329] {taskinstance.py:1238} INFO - 
--------------------------------------------------------------------------------
[2022-03-09 18:13:11,331] {taskinstance.py:1239} INFO - Starting attempt 1 of 2
[2022-03-09 18:13:11,332] {taskinstance.py:1240} INFO - 
--------------------------------------------------------------------------------
[2022-03-09 18:13:11,353] {taskinstance.py:1259} INFO - Executing <Task(PythonOperator): gdgfg.gdgfg_get_data> on 2022-03-07 10:29:52.784989+00:00
[2022-03-09 18:13:11,364] {standard_task_runner.py:52} INFO - Started process 88 to run task
[2022-03-09 18:13:11,373] {standard_task_runner.py:76} INFO - Running: ['***', 'tasks', 'run', 'tutorial', 'gdgfg.gdgfg_get_data', 'scheduled__2022-03-07T10:29:52.784989+00:00', '--job-id', '671', '--raw', '--subdir', 'DAGS_FOLDER/test_dag.py', '--cfg-path', '/tmp/tmp6vbzfsvt', '--error-file', '/tmp/tmpibq8hint']
[2022-03-09 18:13:11,375] {standard_task_runner.py:77} INFO - Job 671: Subtask gdgfg.gdgfg_get_data
[2022-03-09 18:13:11,486] {logging_mixin.py:109} INFO - Running <TaskInstance: tutorial.gdgfg.gdgfg_get_data scheduled__2022-03-07T10:29:52.784989+00:00 [running]> on host ff48034dfdbf
[2022-03-09 18:13:11,570] {taskinstance.py:1426} INFO - Exporting the following env vars:
AIRFLOW_CTX_DAG_EMAIL=***@example.com
AIRFLOW_CTX_DAG_OWNER=***
AIRFLOW_CTX_DAG_ID=tutorial
AIRFLOW_CTX_TASK_ID=gdgfg.gdgfg_get_data
AIRFLOW_CTX_EXECUTION_DATE=2022-03-07T10:29:52.784989+00:00
AIRFLOW_CTX_DAG_RUN_ID=scheduled__2022-03-07T10:29:52.784989+00:00
[2022-03-09 18:14:10,657] {taskinstance.py:1408} ERROR - Received SIGTERM. Terminating subprocesses.
