[2022-03-28 12:49:18,239] {taskinstance.py:1032} INFO - Dependencies all met for <TaskInstance: tutorial.gdgfg.gdgfg_get_data scheduled__2022-03-27T12:47:50.362235+00:00 [queued]>
[2022-03-28 12:49:18,302] {taskinstance.py:1032} INFO - Dependencies all met for <TaskInstance: tutorial.gdgfg.gdgfg_get_data scheduled__2022-03-27T12:47:50.362235+00:00 [queued]>
[2022-03-28 12:49:18,309] {taskinstance.py:1238} INFO - 
--------------------------------------------------------------------------------
[2022-03-28 12:49:18,313] {taskinstance.py:1239} INFO - Starting attempt 1 of 2
[2022-03-28 12:49:18,320] {taskinstance.py:1240} INFO - 
--------------------------------------------------------------------------------
[2022-03-28 12:49:18,364] {taskinstance.py:1259} INFO - Executing <Task(PythonOperator): gdgfg.gdgfg_get_data> on 2022-03-27 12:47:50.362235+00:00
[2022-03-28 12:49:18,384] {standard_task_runner.py:52} INFO - Started process 146 to run task
[2022-03-28 12:49:18,400] {standard_task_runner.py:76} INFO - Running: ['***', 'tasks', 'run', 'tutorial', 'gdgfg.gdgfg_get_data', 'scheduled__2022-03-27T12:47:50.362235+00:00', '--job-id', '961', '--raw', '--subdir', 'DAGS_FOLDER/test_dag.py', '--cfg-path', '/tmp/tmp1jm9bkq4', '--error-file', '/tmp/tmp2br2exf0']
[2022-03-28 12:49:18,403] {standard_task_runner.py:77} INFO - Job 961: Subtask gdgfg.gdgfg_get_data
[2022-03-28 12:49:18,579] {logging_mixin.py:109} INFO - Running <TaskInstance: tutorial.gdgfg.gdgfg_get_data scheduled__2022-03-27T12:47:50.362235+00:00 [running]> on host ff48034dfdbf
[2022-03-28 12:49:18,692] {taskinstance.py:1426} INFO - Exporting the following env vars:
AIRFLOW_CTX_DAG_EMAIL=***@example.com
AIRFLOW_CTX_DAG_OWNER=***
AIRFLOW_CTX_DAG_ID=tutorial
AIRFLOW_CTX_TASK_ID=gdgfg.gdgfg_get_data
AIRFLOW_CTX_EXECUTION_DATE=2022-03-27T12:47:50.362235+00:00
AIRFLOW_CTX_DAG_RUN_ID=scheduled__2022-03-27T12:47:50.362235+00:00
[2022-03-28 12:50:18,713] {python.py:175} INFO - Done. Returned value was: None
[2022-03-28 12:50:18,767] {taskinstance.py:1277} INFO - Marking task as SUCCESS. dag_id=tutorial, task_id=gdgfg.gdgfg_get_data, execution_date=20220327T124750, start_date=20220328T124918, end_date=20220328T125018
[2022-03-28 12:50:18,840] {local_task_job.py:154} INFO - Task exited with return code 0
[2022-03-28 12:50:18,962] {local_task_job.py:264} INFO - 1 downstream tasks scheduled from follow-on schedule check
