[2022-03-01 19:10:06,298] {taskinstance.py:1032} INFO - Dependencies all met for <TaskInstance: tutorial.wcccw.wcccw_proccess_data scheduled__2022-02-27T21:51:17.549420+00:00 [queued]>
[2022-03-01 19:10:06,326] {taskinstance.py:1032} INFO - Dependencies all met for <TaskInstance: tutorial.wcccw.wcccw_proccess_data scheduled__2022-02-27T21:51:17.549420+00:00 [queued]>
[2022-03-01 19:10:06,327] {taskinstance.py:1238} INFO - 
--------------------------------------------------------------------------------
[2022-03-01 19:10:06,328] {taskinstance.py:1239} INFO - Starting attempt 1 of 2
[2022-03-01 19:10:06,330] {taskinstance.py:1240} INFO - 
--------------------------------------------------------------------------------
[2022-03-01 19:10:06,349] {taskinstance.py:1259} INFO - Executing <Task(PythonOperator): wcccw.wcccw_proccess_data> on 2022-02-27 21:51:17.549420+00:00
[2022-03-01 19:10:06,356] {standard_task_runner.py:52} INFO - Started process 142 to run task
[2022-03-01 19:10:06,362] {standard_task_runner.py:76} INFO - Running: ['***', 'tasks', 'run', 'tutorial', 'wcccw.wcccw_proccess_data', 'scheduled__2022-02-27T21:51:17.549420+00:00', '--job-id', '376', '--raw', '--subdir', 'DAGS_FOLDER/test_dag.py', '--cfg-path', '/tmp/tmphivlzy3o', '--error-file', '/tmp/tmpnyg6ndpr']
[2022-03-01 19:10:06,364] {standard_task_runner.py:77} INFO - Job 376: Subtask wcccw.wcccw_proccess_data
[2022-03-01 19:10:06,497] {logging_mixin.py:109} INFO - Running <TaskInstance: tutorial.wcccw.wcccw_proccess_data scheduled__2022-02-27T21:51:17.549420+00:00 [running]> on host ff48034dfdbf
[2022-03-01 19:10:06,635] {taskinstance.py:1426} INFO - Exporting the following env vars:
AIRFLOW_CTX_DAG_EMAIL=***@example.com
AIRFLOW_CTX_DAG_OWNER=***
AIRFLOW_CTX_DAG_ID=tutorial
AIRFLOW_CTX_TASK_ID=wcccw.wcccw_proccess_data
AIRFLOW_CTX_EXECUTION_DATE=2022-02-27T21:51:17.549420+00:00
AIRFLOW_CTX_DAG_RUN_ID=scheduled__2022-02-27T21:51:17.549420+00:00
[2022-03-01 19:11:06,638] {python.py:175} INFO - Done. Returned value was: None
[2022-03-01 19:11:06,655] {taskinstance.py:1277} INFO - Marking task as SUCCESS. dag_id=tutorial, task_id=wcccw.wcccw_proccess_data, execution_date=20220227T215117, start_date=20220301T191006, end_date=20220301T191106
[2022-03-01 19:11:06,716] {local_task_job.py:154} INFO - Task exited with return code 0
[2022-03-01 19:11:06,767] {local_task_job.py:264} INFO - 1 downstream tasks scheduled from follow-on schedule check
