[2022-04-26 14:02:32,496] {taskinstance.py:1032} INFO - Dependencies all met for <TaskInstance: tutorial.fsqfqf.fsqfqf_print_proccesed_data scheduled__2022-04-25T13:53:09.676172+00:00 [queued]>
[2022-04-26 14:02:32,518] {taskinstance.py:1032} INFO - Dependencies all met for <TaskInstance: tutorial.fsqfqf.fsqfqf_print_proccesed_data scheduled__2022-04-25T13:53:09.676172+00:00 [queued]>
[2022-04-26 14:02:32,520] {taskinstance.py:1238} INFO - 
--------------------------------------------------------------------------------
[2022-04-26 14:02:32,521] {taskinstance.py:1239} INFO - Starting attempt 1 of 2
[2022-04-26 14:02:32,521] {taskinstance.py:1240} INFO - 
--------------------------------------------------------------------------------
[2022-04-26 14:02:32,542] {taskinstance.py:1259} INFO - Executing <Task(PythonOperator): fsqfqf.fsqfqf_print_proccesed_data> on 2022-04-25 13:53:09.676172+00:00
[2022-04-26 14:02:32,549] {standard_task_runner.py:52} INFO - Started process 629 to run task
[2022-04-26 14:02:32,556] {standard_task_runner.py:76} INFO - Running: ['***', 'tasks', 'run', 'tutorial', 'fsqfqf.fsqfqf_print_proccesed_data', 'scheduled__2022-04-25T13:53:09.676172+00:00', '--job-id', '1335', '--raw', '--subdir', 'DAGS_FOLDER/test_dag.py', '--cfg-path', '/tmp/tmpohzuq04k', '--error-file', '/tmp/tmpvas_mfmx']
[2022-04-26 14:02:32,557] {standard_task_runner.py:77} INFO - Job 1335: Subtask fsqfqf.fsqfqf_print_proccesed_data
[2022-04-26 14:02:32,661] {logging_mixin.py:109} INFO - Running <TaskInstance: tutorial.fsqfqf.fsqfqf_print_proccesed_data scheduled__2022-04-25T13:53:09.676172+00:00 [running]> on host ff48034dfdbf
[2022-04-26 14:02:32,772] {taskinstance.py:1426} INFO - Exporting the following env vars:
AIRFLOW_CTX_DAG_EMAIL=***@example.com
AIRFLOW_CTX_DAG_OWNER=***
AIRFLOW_CTX_DAG_ID=tutorial
AIRFLOW_CTX_TASK_ID=fsqfqf.fsqfqf_print_proccesed_data
AIRFLOW_CTX_EXECUTION_DATE=2022-04-25T13:53:09.676172+00:00
AIRFLOW_CTX_DAG_RUN_ID=scheduled__2022-04-25T13:53:09.676172+00:00
[2022-04-26 14:03:32,733] {python.py:175} INFO - Done. Returned value was: None
[2022-04-26 14:03:32,753] {taskinstance.py:1277} INFO - Marking task as SUCCESS. dag_id=tutorial, task_id=fsqfqf.fsqfqf_print_proccesed_data, execution_date=20220425T135309, start_date=20220426T140232, end_date=20220426T140332
[2022-04-26 14:03:32,823] {local_task_job.py:154} INFO - Task exited with return code 0
[2022-04-26 14:03:32,866] {local_task_job.py:264} INFO - 0 downstream tasks scheduled from follow-on schedule check
