[2022-02-23 21:39:56,971] {taskinstance.py:1032} INFO - Dependencies all met for <TaskInstance: tutorial.jghjg.jghjg_get_data scheduled__2022-02-22T21:37:49.340300+00:00 [queued]>
[2022-02-23 21:39:56,998] {taskinstance.py:1032} INFO - Dependencies all met for <TaskInstance: tutorial.jghjg.jghjg_get_data scheduled__2022-02-22T21:37:49.340300+00:00 [queued]>
[2022-02-23 21:39:56,999] {taskinstance.py:1238} INFO - 
--------------------------------------------------------------------------------
[2022-02-23 21:39:57,000] {taskinstance.py:1239} INFO - Starting attempt 1 of 2
[2022-02-23 21:39:57,001] {taskinstance.py:1240} INFO - 
--------------------------------------------------------------------------------
[2022-02-23 21:39:57,020] {taskinstance.py:1259} INFO - Executing <Task(PythonOperator): jghjg.jghjg_get_data> on 2022-02-22 21:37:49.340300+00:00
[2022-02-23 21:39:57,025] {standard_task_runner.py:52} INFO - Started process 201 to run task
[2022-02-23 21:39:57,031] {standard_task_runner.py:76} INFO - Running: ['***', 'tasks', 'run', 'tutorial', 'jghjg.jghjg_get_data', 'scheduled__2022-02-22T21:37:49.340300+00:00', '--job-id', '126', '--raw', '--subdir', 'DAGS_FOLDER/test_dag.py', '--cfg-path', '/tmp/tmpn53zix0n', '--error-file', '/tmp/tmpkpexsu4b']
[2022-02-23 21:39:57,033] {standard_task_runner.py:77} INFO - Job 126: Subtask jghjg.jghjg_get_data
[2022-02-23 21:39:57,155] {logging_mixin.py:109} INFO - Running <TaskInstance: tutorial.jghjg.jghjg_get_data scheduled__2022-02-22T21:37:49.340300+00:00 [running]> on host ff48034dfdbf
[2022-02-23 21:39:57,307] {taskinstance.py:1426} INFO - Exporting the following env vars:
AIRFLOW_CTX_DAG_EMAIL=***@example.com
AIRFLOW_CTX_DAG_OWNER=***
AIRFLOW_CTX_DAG_ID=tutorial
AIRFLOW_CTX_TASK_ID=jghjg.jghjg_get_data
AIRFLOW_CTX_EXECUTION_DATE=2022-02-22T21:37:49.340300+00:00
AIRFLOW_CTX_DAG_RUN_ID=scheduled__2022-02-22T21:37:49.340300+00:00
[2022-02-23 21:40:57,273] {python.py:175} INFO - Done. Returned value was: None
[2022-02-23 21:40:57,286] {taskinstance.py:1277} INFO - Marking task as SUCCESS. dag_id=tutorial, task_id=jghjg.jghjg_get_data, execution_date=20220222T213749, start_date=20220223T213956, end_date=20220223T214057
[2022-02-23 21:40:57,315] {local_task_job.py:154} INFO - Task exited with return code 0
[2022-02-23 21:40:57,352] {local_task_job.py:264} INFO - 1 downstream tasks scheduled from follow-on schedule check
