[2022-04-30 12:57:47,681] {taskinstance.py:1032} INFO - Dependencies all met for <TaskInstance: cdn_daily.run_vol manual__2022-04-30T12:57:31.335659+00:00 [queued]>
[2022-04-30 12:57:47,705] {taskinstance.py:1032} INFO - Dependencies all met for <TaskInstance: cdn_daily.run_vol manual__2022-04-30T12:57:31.335659+00:00 [queued]>
[2022-04-30 12:57:47,706] {taskinstance.py:1238} INFO - 
--------------------------------------------------------------------------------
[2022-04-30 12:57:47,708] {taskinstance.py:1239} INFO - Starting attempt 1 of 2
[2022-04-30 12:57:47,709] {taskinstance.py:1240} INFO - 
--------------------------------------------------------------------------------
[2022-04-30 12:57:47,743] {taskinstance.py:1259} INFO - Executing <Task(PythonOperator): run_vol> on 2022-04-30 12:57:31.335659+00:00
[2022-04-30 12:57:47,754] {standard_task_runner.py:52} INFO - Started process 387 to run task
[2022-04-30 12:57:47,761] {standard_task_runner.py:76} INFO - Running: ['***', 'tasks', 'run', 'cdn_daily', 'run_vol', 'manual__2022-04-30T12:57:31.335659+00:00', '--job-id', '1819', '--raw', '--subdir', 'DAGS_FOLDER/cdn_daily.py', '--cfg-path', '/tmp/tmpribf47hj', '--error-file', '/tmp/tmp9d6df43n']
[2022-04-30 12:57:47,763] {standard_task_runner.py:77} INFO - Job 1819: Subtask run_vol
[2022-04-30 12:57:47,872] {logging_mixin.py:109} INFO - Running <TaskInstance: cdn_daily.run_vol manual__2022-04-30T12:57:31.335659+00:00 [running]> on host d5ad096ffea5
[2022-04-30 12:57:47,986] {taskinstance.py:1426} INFO - Exporting the following env vars:
AIRFLOW_CTX_DAG_EMAIL=***@example.com
AIRFLOW_CTX_DAG_OWNER=***
AIRFLOW_CTX_DAG_ID=cdn_daily
AIRFLOW_CTX_TASK_ID=run_vol
AIRFLOW_CTX_EXECUTION_DATE=2022-04-30T12:57:31.335659+00:00
AIRFLOW_CTX_DAG_RUN_ID=manual__2022-04-30T12:57:31.335659+00:00
[2022-04-30 12:57:48,023] {python.py:175} INFO - Done. Returned value was: None
[2022-04-30 12:57:48,041] {taskinstance.py:1277} INFO - Marking task as SUCCESS. dag_id=cdn_daily, task_id=run_vol, execution_date=20220430T125731, start_date=20220430T125747, end_date=20220430T125748
[2022-04-30 12:57:48,095] {local_task_job.py:154} INFO - Task exited with return code 0
[2022-04-30 12:57:48,148] {local_task_job.py:264} INFO - 1 downstream tasks scheduled from follow-on schedule check
