[2022-03-14 12:11:28,931] {taskinstance.py:1032} INFO - Dependencies all met for <TaskInstance: tutorial.bsre.bsre_print_proccesed_data scheduled__2022-03-13T12:00:13.316065+00:00 [queued]>
[2022-03-14 12:11:28,951] {taskinstance.py:1032} INFO - Dependencies all met for <TaskInstance: tutorial.bsre.bsre_print_proccesed_data scheduled__2022-03-13T12:00:13.316065+00:00 [queued]>
[2022-03-14 12:11:28,952] {taskinstance.py:1238} INFO - 
--------------------------------------------------------------------------------
[2022-03-14 12:11:28,953] {taskinstance.py:1239} INFO - Starting attempt 1 of 2
[2022-03-14 12:11:28,954] {taskinstance.py:1240} INFO - 
--------------------------------------------------------------------------------
[2022-03-14 12:11:28,973] {taskinstance.py:1259} INFO - Executing <Task(PythonOperator): bsre.bsre_print_proccesed_data> on 2022-03-13 12:00:13.316065+00:00
[2022-03-14 12:11:28,980] {standard_task_runner.py:52} INFO - Started process 1240 to run task
[2022-03-14 12:11:28,985] {standard_task_runner.py:76} INFO - Running: ['***', 'tasks', 'run', 'tutorial', 'bsre.bsre_print_proccesed_data', 'scheduled__2022-03-13T12:00:13.316065+00:00', '--job-id', '880', '--raw', '--subdir', 'DAGS_FOLDER/test_dag.py', '--cfg-path', '/tmp/tmphfdhij9h', '--error-file', '/tmp/tmpkxp3gzhl']
[2022-03-14 12:11:28,987] {standard_task_runner.py:77} INFO - Job 880: Subtask bsre.bsre_print_proccesed_data
[2022-03-14 12:11:29,120] {logging_mixin.py:109} INFO - Running <TaskInstance: tutorial.bsre.bsre_print_proccesed_data scheduled__2022-03-13T12:00:13.316065+00:00 [running]> on host ff48034dfdbf
[2022-03-14 12:11:29,225] {taskinstance.py:1426} INFO - Exporting the following env vars:
AIRFLOW_CTX_DAG_EMAIL=***@example.com
AIRFLOW_CTX_DAG_OWNER=***
AIRFLOW_CTX_DAG_ID=tutorial
AIRFLOW_CTX_TASK_ID=bsre.bsre_print_proccesed_data
AIRFLOW_CTX_EXECUTION_DATE=2022-03-13T12:00:13.316065+00:00
AIRFLOW_CTX_DAG_RUN_ID=scheduled__2022-03-13T12:00:13.316065+00:00
[2022-03-14 12:12:29,244] {python.py:175} INFO - Done. Returned value was: None
[2022-03-14 12:12:29,281] {taskinstance.py:1277} INFO - Marking task as SUCCESS. dag_id=tutorial, task_id=bsre.bsre_print_proccesed_data, execution_date=20220313T120013, start_date=20220314T121128, end_date=20220314T121229
[2022-03-14 12:12:29,348] {local_task_job.py:154} INFO - Task exited with return code 0
[2022-03-14 12:12:29,400] {local_task_job.py:264} INFO - 0 downstream tasks scheduled from follow-on schedule check
