[2022-02-23 21:44:04,154] {taskinstance.py:1032} INFO - Dependencies all met for <TaskInstance: tutorial.yryrty.yryrty_print_proccesed_data scheduled__2022-02-22T21:37:49.340300+00:00 [queued]>
[2022-02-23 21:44:04,174] {taskinstance.py:1032} INFO - Dependencies all met for <TaskInstance: tutorial.yryrty.yryrty_print_proccesed_data scheduled__2022-02-22T21:37:49.340300+00:00 [queued]>
[2022-02-23 21:44:04,175] {taskinstance.py:1238} INFO - 
--------------------------------------------------------------------------------
[2022-02-23 21:44:04,176] {taskinstance.py:1239} INFO - Starting attempt 1 of 2
[2022-02-23 21:44:04,176] {taskinstance.py:1240} INFO - 
--------------------------------------------------------------------------------
[2022-02-23 21:44:04,191] {taskinstance.py:1259} INFO - Executing <Task(PythonOperator): yryrty.yryrty_print_proccesed_data> on 2022-02-22 21:37:49.340300+00:00
[2022-02-23 21:44:04,196] {standard_task_runner.py:52} INFO - Started process 467 to run task
[2022-02-23 21:44:04,202] {standard_task_runner.py:76} INFO - Running: ['***', 'tasks', 'run', 'tutorial', 'yryrty.yryrty_print_proccesed_data', 'scheduled__2022-02-22T21:37:49.340300+00:00', '--job-id', '171', '--raw', '--subdir', 'DAGS_FOLDER/test_dag.py', '--cfg-path', '/tmp/tmpwafcy9f9', '--error-file', '/tmp/tmpoim17lm8']
[2022-02-23 21:44:04,203] {standard_task_runner.py:77} INFO - Job 171: Subtask yryrty.yryrty_print_proccesed_data
[2022-02-23 21:44:04,273] {logging_mixin.py:109} INFO - Running <TaskInstance: tutorial.yryrty.yryrty_print_proccesed_data scheduled__2022-02-22T21:37:49.340300+00:00 [running]> on host ff48034dfdbf
[2022-02-23 21:44:04,329] {taskinstance.py:1426} INFO - Exporting the following env vars:
AIRFLOW_CTX_DAG_EMAIL=***@example.com
AIRFLOW_CTX_DAG_OWNER=***
AIRFLOW_CTX_DAG_ID=tutorial
AIRFLOW_CTX_TASK_ID=yryrty.yryrty_print_proccesed_data
AIRFLOW_CTX_EXECUTION_DATE=2022-02-22T21:37:49.340300+00:00
AIRFLOW_CTX_DAG_RUN_ID=scheduled__2022-02-22T21:37:49.340300+00:00
[2022-02-23 21:45:04,349] {python.py:175} INFO - Done. Returned value was: None
[2022-02-23 21:45:04,367] {taskinstance.py:1277} INFO - Marking task as SUCCESS. dag_id=tutorial, task_id=yryrty.yryrty_print_proccesed_data, execution_date=20220222T213749, start_date=20220223T214404, end_date=20220223T214504
[2022-02-23 21:45:04,433] {local_task_job.py:154} INFO - Task exited with return code 0
[2022-02-23 21:45:04,482] {local_task_job.py:264} INFO - 0 downstream tasks scheduled from follow-on schedule check
