[2022-02-20 17:28:04,446] {taskinstance.py:1032} INFO - Dependencies all met for <TaskInstance: tutorial.fsqfqf.fsqfqf_get_data scheduled__2022-02-19T17:28:01.321646+00:00 [queued]>
[2022-02-20 17:28:04,468] {taskinstance.py:1032} INFO - Dependencies all met for <TaskInstance: tutorial.fsqfqf.fsqfqf_get_data scheduled__2022-02-19T17:28:01.321646+00:00 [queued]>
[2022-02-20 17:28:04,470] {taskinstance.py:1238} INFO - 
--------------------------------------------------------------------------------
[2022-02-20 17:28:04,471] {taskinstance.py:1239} INFO - Starting attempt 1 of 2
[2022-02-20 17:28:04,478] {taskinstance.py:1240} INFO - 
--------------------------------------------------------------------------------
[2022-02-20 17:28:04,509] {taskinstance.py:1259} INFO - Executing <Task(PythonOperator): fsqfqf.fsqfqf_get_data> on 2022-02-19 17:28:01.321646+00:00
[2022-02-20 17:28:04,528] {standard_task_runner.py:52} INFO - Started process 28483 to run task
[2022-02-20 17:28:04,534] {standard_task_runner.py:76} INFO - Running: ['***', 'tasks', 'run', 'tutorial', 'fsqfqf.fsqfqf_get_data', 'scheduled__2022-02-19T17:28:01.321646+00:00', '--job-id', '47', '--raw', '--subdir', 'DAGS_FOLDER/test_dag.py', '--cfg-path', '/tmp/tmp0qh7eh43', '--error-file', '/tmp/tmpqnb92mf9']
[2022-02-20 17:28:04,537] {standard_task_runner.py:77} INFO - Job 47: Subtask fsqfqf.fsqfqf_get_data
[2022-02-20 17:28:04,662] {logging_mixin.py:109} INFO - Running <TaskInstance: tutorial.fsqfqf.fsqfqf_get_data scheduled__2022-02-19T17:28:01.321646+00:00 [running]> on host ff48034dfdbf
[2022-02-20 17:28:04,828] {taskinstance.py:1426} INFO - Exporting the following env vars:
AIRFLOW_CTX_DAG_EMAIL=***@example.com
AIRFLOW_CTX_DAG_OWNER=***
AIRFLOW_CTX_DAG_ID=tutorial
AIRFLOW_CTX_TASK_ID=fsqfqf.fsqfqf_get_data
AIRFLOW_CTX_EXECUTION_DATE=2022-02-19T17:28:01.321646+00:00
AIRFLOW_CTX_DAG_RUN_ID=scheduled__2022-02-19T17:28:01.321646+00:00
[2022-02-20 17:38:07,947] {python.py:175} INFO - Done. Returned value was: None
[2022-02-20 17:38:25,933] {taskinstance.py:1277} INFO - Marking task as SUCCESS. dag_id=tutorial, task_id=fsqfqf.fsqfqf_get_data, execution_date=20220219T172801, start_date=20220220T172804, end_date=20220220T173825
[2022-02-20 17:38:26,243] {local_task_job.py:154} INFO - Task exited with return code 0
[2022-02-20 17:38:42,353] {local_task_job.py:264} INFO - 0 downstream tasks scheduled from follow-on schedule check
