[2022-02-20 17:38:45,655] {taskinstance.py:1032} INFO - Dependencies all met for <TaskInstance: tutorial.cat.cat_get_data scheduled__2022-02-19T17:28:01.321646+00:00 [queued]>
[2022-02-20 17:38:45,684] {taskinstance.py:1032} INFO - Dependencies all met for <TaskInstance: tutorial.cat.cat_get_data scheduled__2022-02-19T17:28:01.321646+00:00 [queued]>
[2022-02-20 17:38:45,685] {taskinstance.py:1238} INFO - 
--------------------------------------------------------------------------------
[2022-02-20 17:38:45,688] {taskinstance.py:1239} INFO - Starting attempt 1 of 2
[2022-02-20 17:38:45,690] {taskinstance.py:1240} INFO - 
--------------------------------------------------------------------------------
[2022-02-20 17:38:45,718] {taskinstance.py:1259} INFO - Executing <Task(PythonOperator): cat.cat_get_data> on 2022-02-19 17:28:01.321646+00:00
[2022-02-20 17:38:45,731] {standard_task_runner.py:52} INFO - Started process 28545 to run task
[2022-02-20 17:38:45,741] {standard_task_runner.py:76} INFO - Running: ['***', 'tasks', 'run', 'tutorial', 'cat.cat_get_data', 'scheduled__2022-02-19T17:28:01.321646+00:00', '--job-id', '55', '--raw', '--subdir', 'DAGS_FOLDER/test_dag.py', '--cfg-path', '/tmp/tmp9zxik6p6', '--error-file', '/tmp/tmpba52amlm']
[2022-02-20 17:38:45,750] {standard_task_runner.py:77} INFO - Job 55: Subtask cat.cat_get_data
[2022-02-20 17:38:45,919] {logging_mixin.py:109} INFO - Running <TaskInstance: tutorial.cat.cat_get_data scheduled__2022-02-19T17:28:01.321646+00:00 [running]> on host ff48034dfdbf
[2022-02-20 17:38:46,068] {taskinstance.py:1426} INFO - Exporting the following env vars:
AIRFLOW_CTX_DAG_EMAIL=***@example.com
AIRFLOW_CTX_DAG_OWNER=***
AIRFLOW_CTX_DAG_ID=tutorial
AIRFLOW_CTX_TASK_ID=cat.cat_get_data
AIRFLOW_CTX_EXECUTION_DATE=2022-02-19T17:28:01.321646+00:00
AIRFLOW_CTX_DAG_RUN_ID=scheduled__2022-02-19T17:28:01.321646+00:00
[2022-02-20 17:39:45,995] {python.py:175} INFO - Done. Returned value was: None
[2022-02-20 17:39:46,035] {taskinstance.py:1277} INFO - Marking task as SUCCESS. dag_id=tutorial, task_id=cat.cat_get_data, execution_date=20220219T172801, start_date=20220220T173845, end_date=20220220T173946
[2022-02-20 17:39:46,098] {local_task_job.py:154} INFO - Task exited with return code 0
[2022-02-20 17:39:46,174] {local_task_job.py:264} INFO - 1 downstream tasks scheduled from follow-on schedule check
