[2022-02-20 17:38:45,093] {taskinstance.py:1032} INFO - Dependencies all met for <TaskInstance: tutorial.wcccw.wcccw_get_data scheduled__2022-02-19T17:28:01.321646+00:00 [queued]>
[2022-02-20 17:38:45,154] {taskinstance.py:1032} INFO - Dependencies all met for <TaskInstance: tutorial.wcccw.wcccw_get_data scheduled__2022-02-19T17:28:01.321646+00:00 [queued]>
[2022-02-20 17:38:45,162] {taskinstance.py:1238} INFO - 
--------------------------------------------------------------------------------
[2022-02-20 17:38:45,164] {taskinstance.py:1239} INFO - Starting attempt 1 of 2
[2022-02-20 17:38:45,166] {taskinstance.py:1240} INFO - 
--------------------------------------------------------------------------------
[2022-02-20 17:38:45,213] {taskinstance.py:1259} INFO - Executing <Task(PythonOperator): wcccw.wcccw_get_data> on 2022-02-19 17:28:01.321646+00:00
[2022-02-20 17:38:45,236] {standard_task_runner.py:52} INFO - Started process 28544 to run task
[2022-02-20 17:38:45,244] {standard_task_runner.py:76} INFO - Running: ['***', 'tasks', 'run', 'tutorial', 'wcccw.wcccw_get_data', 'scheduled__2022-02-19T17:28:01.321646+00:00', '--job-id', '54', '--raw', '--subdir', 'DAGS_FOLDER/test_dag.py', '--cfg-path', '/tmp/tmp51n0npmc', '--error-file', '/tmp/tmpjac55_1v']
[2022-02-20 17:38:45,249] {standard_task_runner.py:77} INFO - Job 54: Subtask wcccw.wcccw_get_data
[2022-02-20 17:38:45,485] {logging_mixin.py:109} INFO - Running <TaskInstance: tutorial.wcccw.wcccw_get_data scheduled__2022-02-19T17:28:01.321646+00:00 [running]> on host ff48034dfdbf
[2022-02-20 17:38:45,663] {taskinstance.py:1426} INFO - Exporting the following env vars:
AIRFLOW_CTX_DAG_EMAIL=***@example.com
AIRFLOW_CTX_DAG_OWNER=***
AIRFLOW_CTX_DAG_ID=tutorial
AIRFLOW_CTX_TASK_ID=wcccw.wcccw_get_data
AIRFLOW_CTX_EXECUTION_DATE=2022-02-19T17:28:01.321646+00:00
AIRFLOW_CTX_DAG_RUN_ID=scheduled__2022-02-19T17:28:01.321646+00:00
[2022-02-20 17:39:45,632] {python.py:175} INFO - Done. Returned value was: None
[2022-02-20 17:39:45,691] {taskinstance.py:1277} INFO - Marking task as SUCCESS. dag_id=tutorial, task_id=wcccw.wcccw_get_data, execution_date=20220219T172801, start_date=20220220T173845, end_date=20220220T173945
[2022-02-20 17:39:45,769] {local_task_job.py:154} INFO - Task exited with return code 0
[2022-02-20 17:39:45,837] {local_task_job.py:264} INFO - 1 downstream tasks scheduled from follow-on schedule check
