[2022-02-27 21:54:23,743] {taskinstance.py:1032} INFO - Dependencies all met for <TaskInstance: tutorial.cat.cat_print_proccesed_data scheduled__2022-02-26T21:51:17.549420+00:00 [queued]>
[2022-02-27 21:54:23,763] {taskinstance.py:1032} INFO - Dependencies all met for <TaskInstance: tutorial.cat.cat_print_proccesed_data scheduled__2022-02-26T21:51:17.549420+00:00 [queued]>
[2022-02-27 21:54:23,765] {taskinstance.py:1238} INFO - 
--------------------------------------------------------------------------------
[2022-02-27 21:54:23,766] {taskinstance.py:1239} INFO - Starting attempt 1 of 2
[2022-02-27 21:54:23,767] {taskinstance.py:1240} INFO - 
--------------------------------------------------------------------------------
[2022-02-27 21:54:23,788] {taskinstance.py:1259} INFO - Executing <Task(PythonOperator): cat.cat_print_proccesed_data> on 2022-02-26 21:51:17.549420+00:00
[2022-02-27 21:54:23,794] {standard_task_runner.py:52} INFO - Started process 9964 to run task
[2022-02-27 21:54:23,801] {standard_task_runner.py:76} INFO - Running: ['***', 'tasks', 'run', 'tutorial', 'cat.cat_print_proccesed_data', 'scheduled__2022-02-26T21:51:17.549420+00:00', '--job-id', '356', '--raw', '--subdir', 'DAGS_FOLDER/test_dag.py', '--cfg-path', '/tmp/tmpurxfi4v0', '--error-file', '/tmp/tmpcexbx36r']
[2022-02-27 21:54:23,803] {standard_task_runner.py:77} INFO - Job 356: Subtask cat.cat_print_proccesed_data
[2022-02-27 21:54:23,906] {logging_mixin.py:109} INFO - Running <TaskInstance: tutorial.cat.cat_print_proccesed_data scheduled__2022-02-26T21:51:17.549420+00:00 [running]> on host ff48034dfdbf
[2022-02-27 21:54:23,983] {taskinstance.py:1426} INFO - Exporting the following env vars:
AIRFLOW_CTX_DAG_EMAIL=***@example.com
AIRFLOW_CTX_DAG_OWNER=***
AIRFLOW_CTX_DAG_ID=tutorial
AIRFLOW_CTX_TASK_ID=cat.cat_print_proccesed_data
AIRFLOW_CTX_EXECUTION_DATE=2022-02-26T21:51:17.549420+00:00
AIRFLOW_CTX_DAG_RUN_ID=scheduled__2022-02-26T21:51:17.549420+00:00
[2022-02-27 21:55:23,976] {python.py:175} INFO - Done. Returned value was: None
[2022-02-27 21:55:24,004] {taskinstance.py:1277} INFO - Marking task as SUCCESS. dag_id=tutorial, task_id=cat.cat_print_proccesed_data, execution_date=20220226T215117, start_date=20220227T215423, end_date=20220227T215524
[2022-02-27 21:55:24,066] {local_task_job.py:154} INFO - Task exited with return code 0
[2022-02-27 21:55:24,124] {local_task_job.py:264} INFO - 0 downstream tasks scheduled from follow-on schedule check
