[2022-02-19 21:37:11,416] {taskinstance.py:1032} INFO - Dependencies all met for <TaskInstance: tutorial.hfghfg.hfghfg_proccess_data manual__2022-02-19T21:36:05.015535+00:00 [queued]>
[2022-02-19 21:37:11,431] {taskinstance.py:1032} INFO - Dependencies all met for <TaskInstance: tutorial.hfghfg.hfghfg_proccess_data manual__2022-02-19T21:36:05.015535+00:00 [queued]>
[2022-02-19 21:37:11,432] {taskinstance.py:1238} INFO - 
--------------------------------------------------------------------------------
[2022-02-19 21:37:11,432] {taskinstance.py:1239} INFO - Starting attempt 1 of 2
[2022-02-19 21:37:11,433] {taskinstance.py:1240} INFO - 
--------------------------------------------------------------------------------
[2022-02-19 21:37:11,444] {taskinstance.py:1259} INFO - Executing <Task(PythonOperator): hfghfg.hfghfg_proccess_data> on 2022-02-19 21:36:05.015535+00:00
[2022-02-19 21:37:11,448] {standard_task_runner.py:52} INFO - Started process 4680 to run task
[2022-02-19 21:37:11,452] {standard_task_runner.py:76} INFO - Running: ['***', 'tasks', 'run', 'tutorial', 'hfghfg.hfghfg_proccess_data', 'manual__2022-02-19T21:36:05.015535+00:00', '--job-id', '25', '--raw', '--subdir', 'DAGS_FOLDER/test_dag.py', '--cfg-path', '/tmp/tmpuzc3yv87', '--error-file', '/tmp/tmpbcw5wn3i']
[2022-02-19 21:37:11,453] {standard_task_runner.py:77} INFO - Job 25: Subtask hfghfg.hfghfg_proccess_data
[2022-02-19 21:37:11,518] {logging_mixin.py:109} INFO - Running <TaskInstance: tutorial.hfghfg.hfghfg_proccess_data manual__2022-02-19T21:36:05.015535+00:00 [running]> on host ff48034dfdbf
[2022-02-19 21:37:11,573] {taskinstance.py:1426} INFO - Exporting the following env vars:
AIRFLOW_CTX_DAG_EMAIL=***@example.com
AIRFLOW_CTX_DAG_OWNER=***
AIRFLOW_CTX_DAG_ID=tutorial
AIRFLOW_CTX_TASK_ID=hfghfg.hfghfg_proccess_data
AIRFLOW_CTX_EXECUTION_DATE=2022-02-19T21:36:05.015535+00:00
AIRFLOW_CTX_DAG_RUN_ID=manual__2022-02-19T21:36:05.015535+00:00
[2022-02-19 21:38:11,565] {python.py:175} INFO - Done. Returned value was: None
[2022-02-19 21:38:11,949] {taskinstance.py:1277} INFO - Marking task as SUCCESS. dag_id=tutorial, task_id=hfghfg.hfghfg_proccess_data, execution_date=20220219T213605, start_date=20220219T213711, end_date=20220219T213811
[2022-02-19 21:38:12,020] {local_task_job.py:154} INFO - Task exited with return code 0
[2022-02-19 21:38:12,083] {local_task_job.py:264} INFO - 1 downstream tasks scheduled from follow-on schedule check
