[2022-02-27 17:17:54,265] {taskinstance.py:1032} INFO - Dependencies all met for <TaskInstance: tutorial.xsxsxqc.xsxsxqc_get_data scheduled__2022-02-25T21:44:04.431894+00:00 [queued]>
[2022-02-27 17:17:54,280] {taskinstance.py:1032} INFO - Dependencies all met for <TaskInstance: tutorial.xsxsxqc.xsxsxqc_get_data scheduled__2022-02-25T21:44:04.431894+00:00 [queued]>
[2022-02-27 17:17:54,281] {taskinstance.py:1238} INFO - 
--------------------------------------------------------------------------------
[2022-02-27 17:17:54,281] {taskinstance.py:1239} INFO - Starting attempt 1 of 2
[2022-02-27 17:17:54,282] {taskinstance.py:1240} INFO - 
--------------------------------------------------------------------------------
[2022-02-27 17:17:54,301] {taskinstance.py:1259} INFO - Executing <Task(PythonOperator): xsxsxqc.xsxsxqc_get_data> on 2022-02-25 21:44:04.431894+00:00
[2022-02-27 17:17:54,306] {standard_task_runner.py:52} INFO - Started process 81 to run task
[2022-02-27 17:17:54,311] {standard_task_runner.py:76} INFO - Running: ['***', 'tasks', 'run', 'tutorial', 'xsxsxqc.xsxsxqc_get_data', 'scheduled__2022-02-25T21:44:04.431894+00:00', '--job-id', '293', '--raw', '--subdir', 'DAGS_FOLDER/test_dag.py', '--cfg-path', '/tmp/tmp_xsk4h05', '--error-file', '/tmp/tmppsrmsvm_']
[2022-02-27 17:17:54,312] {standard_task_runner.py:77} INFO - Job 293: Subtask xsxsxqc.xsxsxqc_get_data
[2022-02-27 17:17:54,396] {logging_mixin.py:109} INFO - Running <TaskInstance: tutorial.xsxsxqc.xsxsxqc_get_data scheduled__2022-02-25T21:44:04.431894+00:00 [running]> on host ff48034dfdbf
[2022-02-27 17:17:54,476] {taskinstance.py:1426} INFO - Exporting the following env vars:
AIRFLOW_CTX_DAG_EMAIL=***@example.com
AIRFLOW_CTX_DAG_OWNER=***
AIRFLOW_CTX_DAG_ID=tutorial
AIRFLOW_CTX_TASK_ID=xsxsxqc.xsxsxqc_get_data
AIRFLOW_CTX_EXECUTION_DATE=2022-02-25T21:44:04.431894+00:00
AIRFLOW_CTX_DAG_RUN_ID=scheduled__2022-02-25T21:44:04.431894+00:00
[2022-02-27 17:18:54,496] {python.py:175} INFO - Done. Returned value was: None
[2022-02-27 17:18:54,526] {taskinstance.py:1277} INFO - Marking task as SUCCESS. dag_id=tutorial, task_id=xsxsxqc.xsxsxqc_get_data, execution_date=20220225T214404, start_date=20220227T171754, end_date=20220227T171854
[2022-02-27 17:18:54,558] {local_task_job.py:154} INFO - Task exited with return code 0
[2022-02-27 17:18:54,648] {local_task_job.py:264} INFO - 1 downstream tasks scheduled from follow-on schedule check
