[2022-04-26 14:02:32,584] {taskinstance.py:1032} INFO - Dependencies all met for <TaskInstance: tutorial.gdgfg.gdgfg_print_proccesed_data scheduled__2022-04-25T13:59:28.202500+00:00 [queued]>
[2022-04-26 14:02:32,601] {taskinstance.py:1032} INFO - Dependencies all met for <TaskInstance: tutorial.gdgfg.gdgfg_print_proccesed_data scheduled__2022-04-25T13:59:28.202500+00:00 [queued]>
[2022-04-26 14:02:32,602] {taskinstance.py:1238} INFO - 
--------------------------------------------------------------------------------
[2022-04-26 14:02:32,603] {taskinstance.py:1239} INFO - Starting attempt 1 of 2
[2022-04-26 14:02:32,604] {taskinstance.py:1240} INFO - 
--------------------------------------------------------------------------------
[2022-04-26 14:02:32,623] {taskinstance.py:1259} INFO - Executing <Task(PythonOperator): gdgfg.gdgfg_print_proccesed_data> on 2022-04-25 13:59:28.202500+00:00
[2022-04-26 14:02:32,629] {standard_task_runner.py:52} INFO - Started process 631 to run task
[2022-04-26 14:02:32,636] {standard_task_runner.py:76} INFO - Running: ['***', 'tasks', 'run', 'tutorial', 'gdgfg.gdgfg_print_proccesed_data', 'scheduled__2022-04-25T13:59:28.202500+00:00', '--job-id', '1337', '--raw', '--subdir', 'DAGS_FOLDER/test_dag.py', '--cfg-path', '/tmp/tmp55n35mlq', '--error-file', '/tmp/tmpbskcg495']
[2022-04-26 14:02:32,638] {standard_task_runner.py:77} INFO - Job 1337: Subtask gdgfg.gdgfg_print_proccesed_data
[2022-04-26 14:02:32,756] {logging_mixin.py:109} INFO - Running <TaskInstance: tutorial.gdgfg.gdgfg_print_proccesed_data scheduled__2022-04-25T13:59:28.202500+00:00 [running]> on host ff48034dfdbf
[2022-04-26 14:02:32,837] {taskinstance.py:1426} INFO - Exporting the following env vars:
AIRFLOW_CTX_DAG_EMAIL=***@example.com
AIRFLOW_CTX_DAG_OWNER=***
AIRFLOW_CTX_DAG_ID=tutorial
AIRFLOW_CTX_TASK_ID=gdgfg.gdgfg_print_proccesed_data
AIRFLOW_CTX_EXECUTION_DATE=2022-04-25T13:59:28.202500+00:00
AIRFLOW_CTX_DAG_RUN_ID=scheduled__2022-04-25T13:59:28.202500+00:00
[2022-04-26 14:03:32,858] {python.py:175} INFO - Done. Returned value was: None
[2022-04-26 14:03:32,883] {taskinstance.py:1277} INFO - Marking task as SUCCESS. dag_id=tutorial, task_id=gdgfg.gdgfg_print_proccesed_data, execution_date=20220425T135928, start_date=20220426T140232, end_date=20220426T140332
[2022-04-26 14:03:32,945] {local_task_job.py:154} INFO - Task exited with return code 0
[2022-04-26 14:03:32,978] {local_task_job.py:264} INFO - 0 downstream tasks scheduled from follow-on schedule check
