[2022-04-28 12:32:49,632] {taskinstance.py:1032} INFO - Dependencies all met for <TaskInstance: tutorial.xsxsxqc.xsxsxqc_print_proccesed_data scheduled__2022-04-27T12:29:40.424433+00:00 [queued]>
[2022-04-28 12:32:49,688] {taskinstance.py:1032} INFO - Dependencies all met for <TaskInstance: tutorial.xsxsxqc.xsxsxqc_print_proccesed_data scheduled__2022-04-27T12:29:40.424433+00:00 [queued]>
[2022-04-28 12:32:49,691] {taskinstance.py:1238} INFO - 
--------------------------------------------------------------------------------
[2022-04-28 12:32:49,692] {taskinstance.py:1239} INFO - Starting attempt 1 of 2
[2022-04-28 12:32:49,695] {taskinstance.py:1240} INFO - 
--------------------------------------------------------------------------------
[2022-04-28 12:32:49,724] {taskinstance.py:1259} INFO - Executing <Task(PythonOperator): xsxsxqc.xsxsxqc_print_proccesed_data> on 2022-04-27 12:29:40.424433+00:00
[2022-04-28 12:32:49,736] {standard_task_runner.py:52} INFO - Started process 258 to run task
[2022-04-28 12:32:49,745] {standard_task_runner.py:76} INFO - Running: ['***', 'tasks', 'run', 'tutorial', 'xsxsxqc.xsxsxqc_print_proccesed_data', 'scheduled__2022-04-27T12:29:40.424433+00:00', '--job-id', '1389', '--raw', '--subdir', 'DAGS_FOLDER/test_dag.py', '--cfg-path', '/tmp/tmp6zr3gczs', '--error-file', '/tmp/tmp2986kvyd']
[2022-04-28 12:32:49,748] {standard_task_runner.py:77} INFO - Job 1389: Subtask xsxsxqc.xsxsxqc_print_proccesed_data
[2022-04-28 12:32:49,911] {logging_mixin.py:109} INFO - Running <TaskInstance: tutorial.xsxsxqc.xsxsxqc_print_proccesed_data scheduled__2022-04-27T12:29:40.424433+00:00 [running]> on host d5ad096ffea5
[2022-04-28 12:32:50,116] {taskinstance.py:1426} INFO - Exporting the following env vars:
AIRFLOW_CTX_DAG_EMAIL=***@example.com
AIRFLOW_CTX_DAG_OWNER=***
AIRFLOW_CTX_DAG_ID=tutorial
AIRFLOW_CTX_TASK_ID=xsxsxqc.xsxsxqc_print_proccesed_data
AIRFLOW_CTX_EXECUTION_DATE=2022-04-27T12:29:40.424433+00:00
AIRFLOW_CTX_DAG_RUN_ID=scheduled__2022-04-27T12:29:40.424433+00:00
[2022-04-28 12:33:50,112] {python.py:175} INFO - Done. Returned value was: None
[2022-04-28 12:33:50,128] {taskinstance.py:1277} INFO - Marking task as SUCCESS. dag_id=tutorial, task_id=xsxsxqc.xsxsxqc_print_proccesed_data, execution_date=20220427T122940, start_date=20220428T123249, end_date=20220428T123350
[2022-04-28 12:33:50,192] {local_task_job.py:154} INFO - Task exited with return code 0
[2022-04-28 12:33:50,228] {local_task_job.py:264} INFO - 0 downstream tasks scheduled from follow-on schedule check
