[2022-03-28 13:17:32,088] {taskinstance.py:1032} INFO - Dependencies all met for <TaskInstance: tutorial.wcccw.wcccw_print_proccesed_data scheduled__2022-03-27T12:54:27.698780+00:00 [queued]>
[2022-03-28 13:17:32,120] {taskinstance.py:1032} INFO - Dependencies all met for <TaskInstance: tutorial.wcccw.wcccw_print_proccesed_data scheduled__2022-03-27T12:54:27.698780+00:00 [queued]>
[2022-03-28 13:17:32,122] {taskinstance.py:1238} INFO - 
--------------------------------------------------------------------------------
[2022-03-28 13:17:32,123] {taskinstance.py:1239} INFO - Starting attempt 1 of 2
[2022-03-28 13:17:32,125] {taskinstance.py:1240} INFO - 
--------------------------------------------------------------------------------
[2022-03-28 13:17:32,152] {taskinstance.py:1259} INFO - Executing <Task(PythonOperator): wcccw.wcccw_print_proccesed_data> on 2022-03-27 12:54:27.698780+00:00
[2022-03-28 13:17:32,168] {standard_task_runner.py:52} INFO - Started process 577 to run task
[2022-03-28 13:17:32,174] {standard_task_runner.py:76} INFO - Running: ['***', 'tasks', 'run', 'tutorial', 'wcccw.wcccw_print_proccesed_data', 'scheduled__2022-03-27T12:54:27.698780+00:00', '--job-id', '1035', '--raw', '--subdir', 'DAGS_FOLDER/test_dag.py', '--cfg-path', '/tmp/tmpkzefrqr6', '--error-file', '/tmp/tmpwnnh1n3e']
[2022-03-28 13:17:32,177] {standard_task_runner.py:77} INFO - Job 1035: Subtask wcccw.wcccw_print_proccesed_data
[2022-03-28 13:17:32,300] {logging_mixin.py:109} INFO - Running <TaskInstance: tutorial.wcccw.wcccw_print_proccesed_data scheduled__2022-03-27T12:54:27.698780+00:00 [running]> on host ff48034dfdbf
[2022-03-28 13:17:32,429] {taskinstance.py:1426} INFO - Exporting the following env vars:
AIRFLOW_CTX_DAG_EMAIL=***@example.com
AIRFLOW_CTX_DAG_OWNER=***
AIRFLOW_CTX_DAG_ID=tutorial
AIRFLOW_CTX_TASK_ID=wcccw.wcccw_print_proccesed_data
AIRFLOW_CTX_EXECUTION_DATE=2022-03-27T12:54:27.698780+00:00
AIRFLOW_CTX_DAG_RUN_ID=scheduled__2022-03-27T12:54:27.698780+00:00
[2022-03-28 13:18:32,405] {python.py:175} INFO - Done. Returned value was: None
[2022-03-28 13:18:32,427] {taskinstance.py:1277} INFO - Marking task as SUCCESS. dag_id=tutorial, task_id=wcccw.wcccw_print_proccesed_data, execution_date=20220327T125427, start_date=20220328T131732, end_date=20220328T131832
[2022-03-28 13:18:32,480] {local_task_job.py:154} INFO - Task exited with return code 0
[2022-03-28 13:18:32,521] {local_task_job.py:264} INFO - 0 downstream tasks scheduled from follow-on schedule check
