[2022-04-23 14:25:50,272] {taskinstance.py:1032} INFO - Dependencies all met for <TaskInstance: tutorial.eaeaz.eaeaz_print_proccesed_data scheduled__2022-04-22T14:16:25.734382+00:00 [queued]>
[2022-04-23 14:25:50,302] {taskinstance.py:1032} INFO - Dependencies all met for <TaskInstance: tutorial.eaeaz.eaeaz_print_proccesed_data scheduled__2022-04-22T14:16:25.734382+00:00 [queued]>
[2022-04-23 14:25:50,305] {taskinstance.py:1238} INFO - 
--------------------------------------------------------------------------------
[2022-04-23 14:25:50,307] {taskinstance.py:1239} INFO - Starting attempt 1 of 2
[2022-04-23 14:25:50,309] {taskinstance.py:1240} INFO - 
--------------------------------------------------------------------------------
[2022-04-23 14:25:50,346] {taskinstance.py:1259} INFO - Executing <Task(PythonOperator): eaeaz.eaeaz_print_proccesed_data> on 2022-04-22 14:16:25.734382+00:00
[2022-04-23 14:25:50,355] {standard_task_runner.py:52} INFO - Started process 590 to run task
[2022-04-23 14:25:50,364] {standard_task_runner.py:76} INFO - Running: ['***', 'tasks', 'run', 'tutorial', 'eaeaz.eaeaz_print_proccesed_data', 'scheduled__2022-04-22T14:16:25.734382+00:00', '--job-id', '1186', '--raw', '--subdir', 'DAGS_FOLDER/test_dag.py', '--cfg-path', '/tmp/tmpsauympf4', '--error-file', '/tmp/tmpma5yvhf2']
[2022-04-23 14:25:50,367] {standard_task_runner.py:77} INFO - Job 1186: Subtask eaeaz.eaeaz_print_proccesed_data
[2022-04-23 14:25:50,510] {logging_mixin.py:109} INFO - Running <TaskInstance: tutorial.eaeaz.eaeaz_print_proccesed_data scheduled__2022-04-22T14:16:25.734382+00:00 [running]> on host ff48034dfdbf
[2022-04-23 14:25:50,724] {taskinstance.py:1426} INFO - Exporting the following env vars:
AIRFLOW_CTX_DAG_EMAIL=***@example.com
AIRFLOW_CTX_DAG_OWNER=***
AIRFLOW_CTX_DAG_ID=tutorial
AIRFLOW_CTX_TASK_ID=eaeaz.eaeaz_print_proccesed_data
AIRFLOW_CTX_EXECUTION_DATE=2022-04-22T14:16:25.734382+00:00
AIRFLOW_CTX_DAG_RUN_ID=scheduled__2022-04-22T14:16:25.734382+00:00
[2022-04-23 14:26:50,714] {python.py:175} INFO - Done. Returned value was: None
[2022-04-23 14:26:50,738] {taskinstance.py:1277} INFO - Marking task as SUCCESS. dag_id=tutorial, task_id=eaeaz.eaeaz_print_proccesed_data, execution_date=20220422T141625, start_date=20220423T142550, end_date=20220423T142650
[2022-04-23 14:26:50,817] {local_task_job.py:154} INFO - Task exited with return code 0
[2022-04-23 14:26:50,907] {local_task_job.py:264} INFO - 0 downstream tasks scheduled from follow-on schedule check
