[2022-02-23 21:42:00,668] {taskinstance.py:1032} INFO - Dependencies all met for <TaskInstance: tutorial.gdgfg.gdgfg_proccess_data scheduled__2022-02-22T21:37:49.340300+00:00 [queued]>
[2022-02-23 21:42:00,693] {taskinstance.py:1032} INFO - Dependencies all met for <TaskInstance: tutorial.gdgfg.gdgfg_proccess_data scheduled__2022-02-22T21:37:49.340300+00:00 [queued]>
[2022-02-23 21:42:00,694] {taskinstance.py:1238} INFO - 
--------------------------------------------------------------------------------
[2022-02-23 21:42:00,695] {taskinstance.py:1239} INFO - Starting attempt 1 of 2
[2022-02-23 21:42:00,697] {taskinstance.py:1240} INFO - 
--------------------------------------------------------------------------------
[2022-02-23 21:42:00,717] {taskinstance.py:1259} INFO - Executing <Task(PythonOperator): gdgfg.gdgfg_proccess_data> on 2022-02-22 21:37:49.340300+00:00
[2022-02-23 21:42:00,724] {standard_task_runner.py:52} INFO - Started process 332 to run task
[2022-02-23 21:42:00,731] {standard_task_runner.py:76} INFO - Running: ['***', 'tasks', 'run', 'tutorial', 'gdgfg.gdgfg_proccess_data', 'scheduled__2022-02-22T21:37:49.340300+00:00', '--job-id', '149', '--raw', '--subdir', 'DAGS_FOLDER/test_dag.py', '--cfg-path', '/tmp/tmpzzdv4r5f', '--error-file', '/tmp/tmp18k7izo3']
[2022-02-23 21:42:00,732] {standard_task_runner.py:77} INFO - Job 149: Subtask gdgfg.gdgfg_proccess_data
[2022-02-23 21:42:00,816] {logging_mixin.py:109} INFO - Running <TaskInstance: tutorial.gdgfg.gdgfg_proccess_data scheduled__2022-02-22T21:37:49.340300+00:00 [running]> on host ff48034dfdbf
[2022-02-23 21:42:00,878] {taskinstance.py:1426} INFO - Exporting the following env vars:
AIRFLOW_CTX_DAG_EMAIL=***@example.com
AIRFLOW_CTX_DAG_OWNER=***
AIRFLOW_CTX_DAG_ID=tutorial
AIRFLOW_CTX_TASK_ID=gdgfg.gdgfg_proccess_data
AIRFLOW_CTX_EXECUTION_DATE=2022-02-22T21:37:49.340300+00:00
AIRFLOW_CTX_DAG_RUN_ID=scheduled__2022-02-22T21:37:49.340300+00:00
[2022-02-23 21:43:00,894] {python.py:175} INFO - Done. Returned value was: None
[2022-02-23 21:43:00,909] {taskinstance.py:1277} INFO - Marking task as SUCCESS. dag_id=tutorial, task_id=gdgfg.gdgfg_proccess_data, execution_date=20220222T213749, start_date=20220223T214200, end_date=20220223T214300
[2022-02-23 21:43:00,938] {local_task_job.py:154} INFO - Task exited with return code 0
[2022-02-23 21:43:00,988] {local_task_job.py:264} INFO - 1 downstream tasks scheduled from follow-on schedule check
