[2022-02-23 21:47:07,787] {taskinstance.py:1032} INFO - Dependencies all met for <TaskInstance: tutorial.gdgfg.gdgfg_proccess_data scheduled__2022-02-22T21:44:04.027723+00:00 [queued]>
[2022-02-23 21:47:07,805] {taskinstance.py:1032} INFO - Dependencies all met for <TaskInstance: tutorial.gdgfg.gdgfg_proccess_data scheduled__2022-02-22T21:44:04.027723+00:00 [queued]>
[2022-02-23 21:47:07,806] {taskinstance.py:1238} INFO - 
--------------------------------------------------------------------------------
[2022-02-23 21:47:07,806] {taskinstance.py:1239} INFO - Starting attempt 1 of 2
[2022-02-23 21:47:07,807] {taskinstance.py:1240} INFO - 
--------------------------------------------------------------------------------
[2022-02-23 21:47:07,825] {taskinstance.py:1259} INFO - Executing <Task(PythonOperator): gdgfg.gdgfg_proccess_data> on 2022-02-22 21:44:04.027723+00:00
[2022-02-23 21:47:07,831] {standard_task_runner.py:52} INFO - Started process 648 to run task
[2022-02-23 21:47:07,838] {standard_task_runner.py:76} INFO - Running: ['***', 'tasks', 'run', 'tutorial', 'gdgfg.gdgfg_proccess_data', 'scheduled__2022-02-22T21:44:04.027723+00:00', '--job-id', '193', '--raw', '--subdir', 'DAGS_FOLDER/test_dag.py', '--cfg-path', '/tmp/tmpinmm4r61', '--error-file', '/tmp/tmp_2lob9nb']
[2022-02-23 21:47:07,840] {standard_task_runner.py:77} INFO - Job 193: Subtask gdgfg.gdgfg_proccess_data
[2022-02-23 21:47:07,947] {logging_mixin.py:109} INFO - Running <TaskInstance: tutorial.gdgfg.gdgfg_proccess_data scheduled__2022-02-22T21:44:04.027723+00:00 [running]> on host ff48034dfdbf
[2022-02-23 21:47:08,085] {taskinstance.py:1426} INFO - Exporting the following env vars:
AIRFLOW_CTX_DAG_EMAIL=***@example.com
AIRFLOW_CTX_DAG_OWNER=***
AIRFLOW_CTX_DAG_ID=tutorial
AIRFLOW_CTX_TASK_ID=gdgfg.gdgfg_proccess_data
AIRFLOW_CTX_EXECUTION_DATE=2022-02-22T21:44:04.027723+00:00
AIRFLOW_CTX_DAG_RUN_ID=scheduled__2022-02-22T21:44:04.027723+00:00
[2022-02-23 21:48:08,106] {python.py:175} INFO - Done. Returned value was: None
[2022-02-23 21:48:08,141] {taskinstance.py:1277} INFO - Marking task as SUCCESS. dag_id=tutorial, task_id=gdgfg.gdgfg_proccess_data, execution_date=20220222T214404, start_date=20220223T214707, end_date=20220223T214808
[2022-02-23 21:48:08,173] {local_task_job.py:154} INFO - Task exited with return code 0
[2022-02-23 21:48:08,242] {local_task_job.py:264} INFO - 0 downstream tasks scheduled from follow-on schedule check
