[2022-03-14 11:57:09,785] {taskinstance.py:1032} INFO - Dependencies all met for <TaskInstance: tutorial.bsre.bsre_proccess_data scheduled__2022-03-09T18:13:06.710203+00:00 [queued]>
[2022-03-14 11:57:09,820] {taskinstance.py:1032} INFO - Dependencies all met for <TaskInstance: tutorial.bsre.bsre_proccess_data scheduled__2022-03-09T18:13:06.710203+00:00 [queued]>
[2022-03-14 11:57:09,822] {taskinstance.py:1238} INFO - 
--------------------------------------------------------------------------------
[2022-03-14 11:57:09,824] {taskinstance.py:1239} INFO - Starting attempt 1 of 2
[2022-03-14 11:57:09,825] {taskinstance.py:1240} INFO - 
--------------------------------------------------------------------------------
[2022-03-14 11:57:09,856] {taskinstance.py:1259} INFO - Executing <Task(PythonOperator): bsre.bsre_proccess_data> on 2022-03-09 18:13:06.710203+00:00
[2022-03-14 11:57:09,870] {standard_task_runner.py:52} INFO - Started process 396 to run task
[2022-03-14 11:57:09,879] {standard_task_runner.py:76} INFO - Running: ['***', 'tasks', 'run', 'tutorial', 'bsre.bsre_proccess_data', 'scheduled__2022-03-09T18:13:06.710203+00:00', '--job-id', '739', '--raw', '--subdir', 'DAGS_FOLDER/test_dag.py', '--cfg-path', '/tmp/tmp563044pm', '--error-file', '/tmp/tmpraot78sg']
[2022-03-14 11:57:09,881] {standard_task_runner.py:77} INFO - Job 739: Subtask bsre.bsre_proccess_data
[2022-03-14 11:57:10,015] {logging_mixin.py:109} INFO - Running <TaskInstance: tutorial.bsre.bsre_proccess_data scheduled__2022-03-09T18:13:06.710203+00:00 [running]> on host ff48034dfdbf
[2022-03-14 11:57:10,143] {taskinstance.py:1426} INFO - Exporting the following env vars:
AIRFLOW_CTX_DAG_EMAIL=***@example.com
AIRFLOW_CTX_DAG_OWNER=***
AIRFLOW_CTX_DAG_ID=tutorial
AIRFLOW_CTX_TASK_ID=bsre.bsre_proccess_data
AIRFLOW_CTX_EXECUTION_DATE=2022-03-09T18:13:06.710203+00:00
AIRFLOW_CTX_DAG_RUN_ID=scheduled__2022-03-09T18:13:06.710203+00:00
[2022-03-14 11:58:10,163] {python.py:175} INFO - Done. Returned value was: None
[2022-03-14 11:58:10,342] {taskinstance.py:1277} INFO - Marking task as SUCCESS. dag_id=tutorial, task_id=bsre.bsre_proccess_data, execution_date=20220309T181306, start_date=20220314T115709, end_date=20220314T115810
[2022-03-14 11:58:10,401] {local_task_job.py:154} INFO - Task exited with return code 0
[2022-03-14 11:58:10,547] {local_task_job.py:264} INFO - 1 downstream tasks scheduled from follow-on schedule check
