[2022-04-28 12:31:48,654] {taskinstance.py:1032} INFO - Dependencies all met for <TaskInstance: tutorial.fsqfqf.fsqfqf_print_proccesed_data scheduled__2022-04-27T12:29:40.424433+00:00 [queued]>
[2022-04-28 12:31:48,680] {taskinstance.py:1032} INFO - Dependencies all met for <TaskInstance: tutorial.fsqfqf.fsqfqf_print_proccesed_data scheduled__2022-04-27T12:29:40.424433+00:00 [queued]>
[2022-04-28 12:31:48,683] {taskinstance.py:1238} INFO - 
--------------------------------------------------------------------------------
[2022-04-28 12:31:48,684] {taskinstance.py:1239} INFO - Starting attempt 1 of 2
[2022-04-28 12:31:48,685] {taskinstance.py:1240} INFO - 
--------------------------------------------------------------------------------
[2022-04-28 12:31:48,706] {taskinstance.py:1259} INFO - Executing <Task(PythonOperator): fsqfqf.fsqfqf_print_proccesed_data> on 2022-04-27 12:29:40.424433+00:00
[2022-04-28 12:31:48,713] {standard_task_runner.py:52} INFO - Started process 214 to run task
[2022-04-28 12:31:48,719] {standard_task_runner.py:76} INFO - Running: ['***', 'tasks', 'run', 'tutorial', 'fsqfqf.fsqfqf_print_proccesed_data', 'scheduled__2022-04-27T12:29:40.424433+00:00', '--job-id', '1387', '--raw', '--subdir', 'DAGS_FOLDER/test_dag.py', '--cfg-path', '/tmp/tmp32vt54l0', '--error-file', '/tmp/tmpejw044ml']
[2022-04-28 12:31:48,721] {standard_task_runner.py:77} INFO - Job 1387: Subtask fsqfqf.fsqfqf_print_proccesed_data
[2022-04-28 12:31:48,809] {logging_mixin.py:109} INFO - Running <TaskInstance: tutorial.fsqfqf.fsqfqf_print_proccesed_data scheduled__2022-04-27T12:29:40.424433+00:00 [running]> on host d5ad096ffea5
[2022-04-28 12:31:48,889] {taskinstance.py:1426} INFO - Exporting the following env vars:
AIRFLOW_CTX_DAG_EMAIL=***@example.com
AIRFLOW_CTX_DAG_OWNER=***
AIRFLOW_CTX_DAG_ID=tutorial
AIRFLOW_CTX_TASK_ID=fsqfqf.fsqfqf_print_proccesed_data
AIRFLOW_CTX_EXECUTION_DATE=2022-04-27T12:29:40.424433+00:00
AIRFLOW_CTX_DAG_RUN_ID=scheduled__2022-04-27T12:29:40.424433+00:00
[2022-04-28 12:32:48,904] {python.py:175} INFO - Done. Returned value was: None
[2022-04-28 12:32:48,962] {taskinstance.py:1277} INFO - Marking task as SUCCESS. dag_id=tutorial, task_id=fsqfqf.fsqfqf_print_proccesed_data, execution_date=20220427T122940, start_date=20220428T123148, end_date=20220428T123248
[2022-04-28 12:32:49,047] {local_task_job.py:154} INFO - Task exited with return code 0
[2022-04-28 12:32:49,190] {local_task_job.py:264} INFO - 0 downstream tasks scheduled from follow-on schedule check
