[2022-04-23 14:23:45,470] {taskinstance.py:1032} INFO - Dependencies all met for <TaskInstance: tutorial.dqsdqsd.dqsdqsd_print_proccesed_data scheduled__2022-03-30T16:04:54.591828+00:00 [queued]>
[2022-04-23 14:23:45,506] {taskinstance.py:1032} INFO - Dependencies all met for <TaskInstance: tutorial.dqsdqsd.dqsdqsd_print_proccesed_data scheduled__2022-03-30T16:04:54.591828+00:00 [queued]>
[2022-04-23 14:23:45,507] {taskinstance.py:1238} INFO - 
--------------------------------------------------------------------------------
[2022-04-23 14:23:45,509] {taskinstance.py:1239} INFO - Starting attempt 1 of 2
[2022-04-23 14:23:45,510] {taskinstance.py:1240} INFO - 
--------------------------------------------------------------------------------
[2022-04-23 14:23:45,576] {taskinstance.py:1259} INFO - Executing <Task(PythonOperator): dqsdqsd.dqsdqsd_print_proccesed_data> on 2022-03-30 16:04:54.591828+00:00
[2022-04-23 14:23:45,628] {standard_task_runner.py:52} INFO - Started process 473 to run task
[2022-04-23 14:23:45,646] {standard_task_runner.py:76} INFO - Running: ['***', 'tasks', 'run', 'tutorial', 'dqsdqsd.dqsdqsd_print_proccesed_data', 'scheduled__2022-03-30T16:04:54.591828+00:00', '--job-id', '1167', '--raw', '--subdir', 'DAGS_FOLDER/test_dag.py', '--cfg-path', '/tmp/tmp0mw91_qx', '--error-file', '/tmp/tmp0zauuy5w']
[2022-04-23 14:23:45,654] {standard_task_runner.py:77} INFO - Job 1167: Subtask dqsdqsd.dqsdqsd_print_proccesed_data
[2022-04-23 14:23:46,018] {logging_mixin.py:109} INFO - Running <TaskInstance: tutorial.dqsdqsd.dqsdqsd_print_proccesed_data scheduled__2022-03-30T16:04:54.591828+00:00 [running]> on host ff48034dfdbf
[2022-04-23 14:23:46,272] {taskinstance.py:1426} INFO - Exporting the following env vars:
AIRFLOW_CTX_DAG_EMAIL=***@example.com
AIRFLOW_CTX_DAG_OWNER=***
AIRFLOW_CTX_DAG_ID=tutorial
AIRFLOW_CTX_TASK_ID=dqsdqsd.dqsdqsd_print_proccesed_data
AIRFLOW_CTX_EXECUTION_DATE=2022-03-30T16:04:54.591828+00:00
AIRFLOW_CTX_DAG_RUN_ID=scheduled__2022-03-30T16:04:54.591828+00:00
[2022-04-23 14:24:46,281] {python.py:175} INFO - Done. Returned value was: None
[2022-04-23 14:24:46,310] {taskinstance.py:1277} INFO - Marking task as SUCCESS. dag_id=tutorial, task_id=dqsdqsd.dqsdqsd_print_proccesed_data, execution_date=20220330T160454, start_date=20220423T142345, end_date=20220423T142446
[2022-04-23 14:24:46,349] {local_task_job.py:154} INFO - Task exited with return code 0
[2022-04-23 14:24:46,403] {local_task_job.py:264} INFO - 0 downstream tasks scheduled from follow-on schedule check
