[2022-03-14 11:56:07,322] {taskinstance.py:1032} INFO - Dependencies all met for <TaskInstance: tutorial.jghjg.jghjg_proccess_data scheduled__2022-03-08T18:13:06.710203+00:00 [queued]>
[2022-03-14 11:56:07,364] {taskinstance.py:1032} INFO - Dependencies all met for <TaskInstance: tutorial.jghjg.jghjg_proccess_data scheduled__2022-03-08T18:13:06.710203+00:00 [queued]>
[2022-03-14 11:56:07,366] {taskinstance.py:1238} INFO - 
--------------------------------------------------------------------------------
[2022-03-14 11:56:07,367] {taskinstance.py:1239} INFO - Starting attempt 1 of 2
[2022-03-14 11:56:07,368] {taskinstance.py:1240} INFO - 
--------------------------------------------------------------------------------
[2022-03-14 11:56:07,417] {taskinstance.py:1259} INFO - Executing <Task(PythonOperator): jghjg.jghjg_proccess_data> on 2022-03-08 18:13:06.710203+00:00
[2022-03-14 11:56:07,429] {standard_task_runner.py:52} INFO - Started process 329 to run task
[2022-03-14 11:56:07,448] {standard_task_runner.py:76} INFO - Running: ['***', 'tasks', 'run', 'tutorial', 'jghjg.jghjg_proccess_data', 'scheduled__2022-03-08T18:13:06.710203+00:00', '--job-id', '725', '--raw', '--subdir', 'DAGS_FOLDER/test_dag.py', '--cfg-path', '/tmp/tmpuponwqf7', '--error-file', '/tmp/tmprp6s6g6h']
[2022-03-14 11:56:07,450] {standard_task_runner.py:77} INFO - Job 725: Subtask jghjg.jghjg_proccess_data
[2022-03-14 11:56:07,626] {logging_mixin.py:109} INFO - Running <TaskInstance: tutorial.jghjg.jghjg_proccess_data scheduled__2022-03-08T18:13:06.710203+00:00 [running]> on host ff48034dfdbf
[2022-03-14 11:56:07,784] {taskinstance.py:1426} INFO - Exporting the following env vars:
AIRFLOW_CTX_DAG_EMAIL=***@example.com
AIRFLOW_CTX_DAG_OWNER=***
AIRFLOW_CTX_DAG_ID=tutorial
AIRFLOW_CTX_TASK_ID=jghjg.jghjg_proccess_data
AIRFLOW_CTX_EXECUTION_DATE=2022-03-08T18:13:06.710203+00:00
AIRFLOW_CTX_DAG_RUN_ID=scheduled__2022-03-08T18:13:06.710203+00:00
[2022-03-14 11:57:07,804] {python.py:175} INFO - Done. Returned value was: None
[2022-03-14 11:57:07,868] {taskinstance.py:1277} INFO - Marking task as SUCCESS. dag_id=tutorial, task_id=jghjg.jghjg_proccess_data, execution_date=20220308T181306, start_date=20220314T115607, end_date=20220314T115707
[2022-03-14 11:57:07,918] {local_task_job.py:154} INFO - Task exited with return code 0
[2022-03-14 11:57:08,022] {local_task_job.py:264} INFO - 1 downstream tasks scheduled from follow-on schedule check
