[2022-03-07 19:53:26,937] {taskinstance.py:1032} INFO - Dependencies all met for <TaskInstance: tutorial.hfghfg.hfghfg_get_data scheduled__2022-03-06T10:29:52.784989+00:00 [queued]>
[2022-03-07 19:53:26,973] {taskinstance.py:1032} INFO - Dependencies all met for <TaskInstance: tutorial.hfghfg.hfghfg_get_data scheduled__2022-03-06T10:29:52.784989+00:00 [queued]>
[2022-03-07 19:53:26,975] {taskinstance.py:1238} INFO - 
--------------------------------------------------------------------------------
[2022-03-07 19:53:26,978] {taskinstance.py:1239} INFO - Starting attempt 1 of 2
[2022-03-07 19:53:26,979] {taskinstance.py:1240} INFO - 
--------------------------------------------------------------------------------
[2022-03-07 19:53:27,020] {taskinstance.py:1259} INFO - Executing <Task(PythonOperator): hfghfg.hfghfg_get_data> on 2022-03-06 10:29:52.784989+00:00
[2022-03-07 19:53:27,034] {standard_task_runner.py:52} INFO - Started process 84 to run task
[2022-03-07 19:53:27,042] {standard_task_runner.py:76} INFO - Running: ['***', 'tasks', 'run', 'tutorial', 'hfghfg.hfghfg_get_data', 'scheduled__2022-03-06T10:29:52.784989+00:00', '--job-id', '630', '--raw', '--subdir', 'DAGS_FOLDER/test_dag.py', '--cfg-path', '/tmp/tmpw_757ppr', '--error-file', '/tmp/tmpr6rk3il2']
[2022-03-07 19:53:27,044] {standard_task_runner.py:77} INFO - Job 630: Subtask hfghfg.hfghfg_get_data
[2022-03-07 19:53:27,160] {logging_mixin.py:109} INFO - Running <TaskInstance: tutorial.hfghfg.hfghfg_get_data scheduled__2022-03-06T10:29:52.784989+00:00 [running]> on host ff48034dfdbf
[2022-03-07 19:53:27,252] {taskinstance.py:1426} INFO - Exporting the following env vars:
AIRFLOW_CTX_DAG_EMAIL=***@example.com
AIRFLOW_CTX_DAG_OWNER=***
AIRFLOW_CTX_DAG_ID=tutorial
AIRFLOW_CTX_TASK_ID=hfghfg.hfghfg_get_data
AIRFLOW_CTX_EXECUTION_DATE=2022-03-06T10:29:52.784989+00:00
AIRFLOW_CTX_DAG_RUN_ID=scheduled__2022-03-06T10:29:52.784989+00:00
[2022-03-07 19:54:27,270] {python.py:175} INFO - Done. Returned value was: None
[2022-03-07 19:54:27,292] {taskinstance.py:1277} INFO - Marking task as SUCCESS. dag_id=tutorial, task_id=hfghfg.hfghfg_get_data, execution_date=20220306T102952, start_date=20220307T195326, end_date=20220307T195427
[2022-03-07 19:54:27,362] {local_task_job.py:154} INFO - Task exited with return code 0
[2022-03-07 19:54:27,503] {local_task_job.py:264} INFO - 1 downstream tasks scheduled from follow-on schedule check
