[2022-03-14 12:03:18,079] {taskinstance.py:1032} INFO - Dependencies all met for <TaskInstance: tutorial.bsre.bsre_proccess_data scheduled__2022-03-13T12:00:13.316065+00:00 [queued]>
[2022-03-14 12:03:18,104] {taskinstance.py:1032} INFO - Dependencies all met for <TaskInstance: tutorial.bsre.bsre_proccess_data scheduled__2022-03-13T12:00:13.316065+00:00 [queued]>
[2022-03-14 12:03:18,106] {taskinstance.py:1238} INFO - 
--------------------------------------------------------------------------------
[2022-03-14 12:03:18,108] {taskinstance.py:1239} INFO - Starting attempt 1 of 2
[2022-03-14 12:03:18,109] {taskinstance.py:1240} INFO - 
--------------------------------------------------------------------------------
[2022-03-14 12:03:18,134] {taskinstance.py:1259} INFO - Executing <Task(PythonOperator): bsre.bsre_proccess_data> on 2022-03-13 12:00:13.316065+00:00
[2022-03-14 12:03:18,145] {standard_task_runner.py:52} INFO - Started process 753 to run task
[2022-03-14 12:03:18,154] {standard_task_runner.py:76} INFO - Running: ['***', 'tasks', 'run', 'tutorial', 'bsre.bsre_proccess_data', 'scheduled__2022-03-13T12:00:13.316065+00:00', '--job-id', '796', '--raw', '--subdir', 'DAGS_FOLDER/test_dag.py', '--cfg-path', '/tmp/tmp9r57n9cb', '--error-file', '/tmp/tmpm5ar26rn']
[2022-03-14 12:03:18,156] {standard_task_runner.py:77} INFO - Job 796: Subtask bsre.bsre_proccess_data
[2022-03-14 12:03:18,319] {logging_mixin.py:109} INFO - Running <TaskInstance: tutorial.bsre.bsre_proccess_data scheduled__2022-03-13T12:00:13.316065+00:00 [running]> on host ff48034dfdbf
[2022-03-14 12:03:18,429] {taskinstance.py:1426} INFO - Exporting the following env vars:
AIRFLOW_CTX_DAG_EMAIL=***@example.com
AIRFLOW_CTX_DAG_OWNER=***
AIRFLOW_CTX_DAG_ID=tutorial
AIRFLOW_CTX_TASK_ID=bsre.bsre_proccess_data
AIRFLOW_CTX_EXECUTION_DATE=2022-03-13T12:00:13.316065+00:00
AIRFLOW_CTX_DAG_RUN_ID=scheduled__2022-03-13T12:00:13.316065+00:00
[2022-03-14 12:04:18,458] {python.py:175} INFO - Done. Returned value was: None
[2022-03-14 12:04:18,477] {taskinstance.py:1277} INFO - Marking task as SUCCESS. dag_id=tutorial, task_id=bsre.bsre_proccess_data, execution_date=20220313T120013, start_date=20220314T120318, end_date=20220314T120418
[2022-03-14 12:04:18,507] {local_task_job.py:154} INFO - Task exited with return code 0
[2022-03-14 12:04:18,547] {local_task_job.py:264} INFO - 1 downstream tasks scheduled from follow-on schedule check
