[2022-03-14 12:01:15,990] {taskinstance.py:1032} INFO - Dependencies all met for <TaskInstance: tutorial.fsqfqf.fsqfqf_get_data scheduled__2022-03-13T12:00:13.316065+00:00 [queued]>
[2022-03-14 12:01:16,008] {taskinstance.py:1032} INFO - Dependencies all met for <TaskInstance: tutorial.fsqfqf.fsqfqf_get_data scheduled__2022-03-13T12:00:13.316065+00:00 [queued]>
[2022-03-14 12:01:16,009] {taskinstance.py:1238} INFO - 
--------------------------------------------------------------------------------
[2022-03-14 12:01:16,010] {taskinstance.py:1239} INFO - Starting attempt 1 of 2
[2022-03-14 12:01:16,011] {taskinstance.py:1240} INFO - 
--------------------------------------------------------------------------------
[2022-03-14 12:01:16,028] {taskinstance.py:1259} INFO - Executing <Task(PythonOperator): fsqfqf.fsqfqf_get_data> on 2022-03-13 12:00:13.316065+00:00
[2022-03-14 12:01:16,034] {standard_task_runner.py:52} INFO - Started process 640 to run task
[2022-03-14 12:01:16,041] {standard_task_runner.py:76} INFO - Running: ['***', 'tasks', 'run', 'tutorial', 'fsqfqf.fsqfqf_get_data', 'scheduled__2022-03-13T12:00:13.316065+00:00', '--job-id', '783', '--raw', '--subdir', 'DAGS_FOLDER/test_dag.py', '--cfg-path', '/tmp/tmplnj_r6wl', '--error-file', '/tmp/tmponye7_nq']
[2022-03-14 12:01:16,042] {standard_task_runner.py:77} INFO - Job 783: Subtask fsqfqf.fsqfqf_get_data
[2022-03-14 12:01:16,129] {logging_mixin.py:109} INFO - Running <TaskInstance: tutorial.fsqfqf.fsqfqf_get_data scheduled__2022-03-13T12:00:13.316065+00:00 [running]> on host ff48034dfdbf
[2022-03-14 12:01:16,195] {taskinstance.py:1426} INFO - Exporting the following env vars:
AIRFLOW_CTX_DAG_EMAIL=***@example.com
AIRFLOW_CTX_DAG_OWNER=***
AIRFLOW_CTX_DAG_ID=tutorial
AIRFLOW_CTX_TASK_ID=fsqfqf.fsqfqf_get_data
AIRFLOW_CTX_EXECUTION_DATE=2022-03-13T12:00:13.316065+00:00
AIRFLOW_CTX_DAG_RUN_ID=scheduled__2022-03-13T12:00:13.316065+00:00
[2022-03-14 12:02:16,170] {python.py:175} INFO - Done. Returned value was: None
[2022-03-14 12:02:16,186] {taskinstance.py:1277} INFO - Marking task as SUCCESS. dag_id=tutorial, task_id=fsqfqf.fsqfqf_get_data, execution_date=20220313T120013, start_date=20220314T120115, end_date=20220314T120216
[2022-03-14 12:02:16,238] {local_task_job.py:154} INFO - Task exited with return code 0
[2022-03-14 12:02:16,283] {local_task_job.py:264} INFO - 1 downstream tasks scheduled from follow-on schedule check
