[2022-04-30 15:46:21,001] {taskinstance.py:1032} INFO - Dependencies all met for <TaskInstance: cdn_daily.check_status_of_bsre.bau manual__2022-04-30T15:46:12.555314+00:00 [queued]>
[2022-04-30 15:46:21,017] {taskinstance.py:1032} INFO - Dependencies all met for <TaskInstance: cdn_daily.check_status_of_bsre.bau manual__2022-04-30T15:46:12.555314+00:00 [queued]>
[2022-04-30 15:46:21,019] {taskinstance.py:1238} INFO - 
--------------------------------------------------------------------------------
[2022-04-30 15:46:21,020] {taskinstance.py:1239} INFO - Starting attempt 1 of 2
[2022-04-30 15:46:21,021] {taskinstance.py:1240} INFO - 
--------------------------------------------------------------------------------
[2022-04-30 15:46:21,038] {taskinstance.py:1259} INFO - Executing <Task(PythonOperator): check_status_of_bsre.bau> on 2022-04-30 15:46:12.555314+00:00
[2022-04-30 15:46:21,045] {standard_task_runner.py:52} INFO - Started process 2413 to run task
[2022-04-30 15:46:21,052] {standard_task_runner.py:76} INFO - Running: ['***', 'tasks', 'run', 'cdn_daily', 'check_status_of_bsre.bau', 'manual__2022-04-30T15:46:12.555314+00:00', '--job-id', '1834', '--raw', '--subdir', 'DAGS_FOLDER/cdn_daily.py', '--cfg-path', '/tmp/tmpudrh9sgr', '--error-file', '/tmp/tmpqv5jg81f']
[2022-04-30 15:46:21,054] {standard_task_runner.py:77} INFO - Job 1834: Subtask check_status_of_bsre.bau
[2022-04-30 15:46:21,155] {logging_mixin.py:109} INFO - Running <TaskInstance: cdn_daily.check_status_of_bsre.bau manual__2022-04-30T15:46:12.555314+00:00 [running]> on host d5ad096ffea5
[2022-04-30 15:46:21,248] {taskinstance.py:1426} INFO - Exporting the following env vars:
AIRFLOW_CTX_DAG_EMAIL=***@example.com
AIRFLOW_CTX_DAG_OWNER=***
AIRFLOW_CTX_DAG_ID=cdn_daily
AIRFLOW_CTX_TASK_ID=check_status_of_bsre.bau
AIRFLOW_CTX_EXECUTION_DATE=2022-04-30T15:46:12.555314+00:00
AIRFLOW_CTX_DAG_RUN_ID=manual__2022-04-30T15:46:12.555314+00:00
[2022-04-30 15:46:21,266] {logging_mixin.py:109} INFO - bsre.bau
[2022-04-30 15:46:21,278] {logging_mixin.py:109} INFO - 6
[2022-04-30 15:46:27,285] {python.py:175} INFO - Done. Returned value was: None
[2022-04-30 15:46:27,307] {taskinstance.py:1277} INFO - Marking task as SUCCESS. dag_id=cdn_daily, task_id=check_status_of_bsre.bau, execution_date=20220430T154612, start_date=20220430T154621, end_date=20220430T154627
[2022-04-30 15:46:27,369] {local_task_job.py:154} INFO - Task exited with return code 0
[2022-04-30 15:46:27,431] {local_task_job.py:264} INFO - 1 downstream tasks scheduled from follow-on schedule check
