[2022-03-28 12:55:28,118] {taskinstance.py:1032} INFO - Dependencies all met for <TaskInstance: tutorial.xsxsxqc.xsxsxqc_get_data scheduled__2022-03-27T12:54:27.698780+00:00 [queued]>
[2022-03-28 12:55:28,139] {taskinstance.py:1032} INFO - Dependencies all met for <TaskInstance: tutorial.xsxsxqc.xsxsxqc_get_data scheduled__2022-03-27T12:54:27.698780+00:00 [queued]>
[2022-03-28 12:55:28,141] {taskinstance.py:1238} INFO - 
--------------------------------------------------------------------------------
[2022-03-28 12:55:28,143] {taskinstance.py:1239} INFO - Starting attempt 1 of 2
[2022-03-28 12:55:28,144] {taskinstance.py:1240} INFO - 
--------------------------------------------------------------------------------
[2022-03-28 12:55:28,169] {taskinstance.py:1259} INFO - Executing <Task(PythonOperator): xsxsxqc.xsxsxqc_get_data> on 2022-03-27 12:54:27.698780+00:00
[2022-03-28 12:55:28,178] {standard_task_runner.py:52} INFO - Started process 492 to run task
[2022-03-28 12:55:28,208] {standard_task_runner.py:76} INFO - Running: ['***', 'tasks', 'run', 'tutorial', 'xsxsxqc.xsxsxqc_get_data', 'scheduled__2022-03-27T12:54:27.698780+00:00', '--job-id', '1017', '--raw', '--subdir', 'DAGS_FOLDER/test_dag.py', '--cfg-path', '/tmp/tmp0vc3b4ee', '--error-file', '/tmp/tmpcu7xv1_y']
[2022-03-28 12:55:28,213] {standard_task_runner.py:77} INFO - Job 1017: Subtask xsxsxqc.xsxsxqc_get_data
[2022-03-28 12:55:28,416] {logging_mixin.py:109} INFO - Running <TaskInstance: tutorial.xsxsxqc.xsxsxqc_get_data scheduled__2022-03-27T12:54:27.698780+00:00 [running]> on host ff48034dfdbf
[2022-03-28 12:55:28,568] {taskinstance.py:1426} INFO - Exporting the following env vars:
AIRFLOW_CTX_DAG_EMAIL=***@example.com
AIRFLOW_CTX_DAG_OWNER=***
AIRFLOW_CTX_DAG_ID=tutorial
AIRFLOW_CTX_TASK_ID=xsxsxqc.xsxsxqc_get_data
AIRFLOW_CTX_EXECUTION_DATE=2022-03-27T12:54:27.698780+00:00
AIRFLOW_CTX_DAG_RUN_ID=scheduled__2022-03-27T12:54:27.698780+00:00
[2022-03-28 13:16:27,190] {python.py:175} INFO - Done. Returned value was: None
[2022-03-28 13:16:27,961] {taskinstance.py:1277} INFO - Marking task as SUCCESS. dag_id=tutorial, task_id=xsxsxqc.xsxsxqc_get_data, execution_date=20220327T125427, start_date=20220328T125528, end_date=20220328T131627
[2022-03-28 13:16:28,048] {local_task_job.py:154} INFO - Task exited with return code 0
[2022-03-28 13:16:28,360] {local_task_job.py:264} INFO - 0 downstream tasks scheduled from follow-on schedule check
