[2022-04-28 15:50:17,856] {taskinstance.py:1032} INFO - Dependencies all met for <TaskInstance: cdn_daily.import_bsre.run_bsre.alm manual__2022-04-28T15:50:13.461996+00:00 [queued]>
[2022-04-28 15:50:17,878] {taskinstance.py:1032} INFO - Dependencies all met for <TaskInstance: cdn_daily.import_bsre.run_bsre.alm manual__2022-04-28T15:50:13.461996+00:00 [queued]>
[2022-04-28 15:50:17,879] {taskinstance.py:1238} INFO - 
--------------------------------------------------------------------------------
[2022-04-28 15:50:17,881] {taskinstance.py:1239} INFO - Starting attempt 1 of 2
[2022-04-28 15:50:17,882] {taskinstance.py:1240} INFO - 
--------------------------------------------------------------------------------
[2022-04-28 15:50:17,904] {taskinstance.py:1259} INFO - Executing <Task(PythonOperator): import_bsre.run_bsre.alm> on 2022-04-28 15:50:13.461996+00:00
[2022-04-28 15:50:17,912] {standard_task_runner.py:52} INFO - Started process 2421 to run task
[2022-04-28 15:50:17,920] {standard_task_runner.py:76} INFO - Running: ['***', 'tasks', 'run', 'cdn_daily', 'import_bsre.run_bsre.alm', 'manual__2022-04-28T15:50:13.461996+00:00', '--job-id', '1523', '--raw', '--subdir', 'DAGS_FOLDER/cdn_daily.py', '--cfg-path', '/tmp/tmpy1l_ama8', '--error-file', '/tmp/tmpkjlriuj1']
[2022-04-28 15:50:17,922] {standard_task_runner.py:77} INFO - Job 1523: Subtask import_bsre.run_bsre.alm
[2022-04-28 15:50:18,027] {logging_mixin.py:109} INFO - Running <TaskInstance: cdn_daily.import_bsre.run_bsre.alm manual__2022-04-28T15:50:13.461996+00:00 [running]> on host d5ad096ffea5
[2022-04-28 15:50:18,127] {taskinstance.py:1426} INFO - Exporting the following env vars:
AIRFLOW_CTX_DAG_EMAIL=***@example.com
AIRFLOW_CTX_DAG_OWNER=***
AIRFLOW_CTX_DAG_ID=cdn_daily
AIRFLOW_CTX_TASK_ID=import_bsre.run_bsre.alm
AIRFLOW_CTX_EXECUTION_DATE=2022-04-28T15:50:13.461996+00:00
AIRFLOW_CTX_DAG_RUN_ID=manual__2022-04-28T15:50:13.461996+00:00
[2022-04-28 15:50:18,166] {python.py:175} INFO - Done. Returned value was: None
[2022-04-28 15:50:18,189] {taskinstance.py:1277} INFO - Marking task as SUCCESS. dag_id=cdn_daily, task_id=import_bsre.run_bsre.alm, execution_date=20220428T155013, start_date=20220428T155017, end_date=20220428T155018
[2022-04-28 15:50:18,258] {local_task_job.py:154} INFO - Task exited with return code 0
[2022-04-28 15:50:18,335] {local_task_job.py:264} INFO - 1 downstream tasks scheduled from follow-on schedule check
