[2022-04-26 13:56:22,454] {taskinstance.py:1032} INFO - Dependencies all met for <TaskInstance: tutorial.dqsdqsd.dqsdqsd_proccess_data scheduled__2022-04-23T14:25:49.377068+00:00 [queued]>
[2022-04-26 13:56:22,484] {taskinstance.py:1032} INFO - Dependencies all met for <TaskInstance: tutorial.dqsdqsd.dqsdqsd_proccess_data scheduled__2022-04-23T14:25:49.377068+00:00 [queued]>
[2022-04-26 13:56:22,491] {taskinstance.py:1238} INFO - 
--------------------------------------------------------------------------------
[2022-04-26 13:56:22,493] {taskinstance.py:1239} INFO - Starting attempt 1 of 2
[2022-04-26 13:56:22,495] {taskinstance.py:1240} INFO - 
--------------------------------------------------------------------------------
[2022-04-26 13:56:22,528] {taskinstance.py:1259} INFO - Executing <Task(PythonOperator): dqsdqsd.dqsdqsd_proccess_data> on 2022-04-23 14:25:49.377068+00:00
[2022-04-26 13:56:22,545] {standard_task_runner.py:76} INFO - Running: ['***', 'tasks', 'run', 'tutorial', 'dqsdqsd.dqsdqsd_proccess_data', 'scheduled__2022-04-23T14:25:49.377068+00:00', '--job-id', '1269', '--raw', '--subdir', 'DAGS_FOLDER/test_dag.py', '--cfg-path', '/tmp/tmp6bnfdkps', '--error-file', '/tmp/tmpz_9xi810']
[2022-04-26 13:56:22,548] {standard_task_runner.py:77} INFO - Job 1269: Subtask dqsdqsd.dqsdqsd_proccess_data
[2022-04-26 13:56:22,538] {standard_task_runner.py:52} INFO - Started process 259 to run task
[2022-04-26 13:56:22,723] {logging_mixin.py:109} INFO - Running <TaskInstance: tutorial.dqsdqsd.dqsdqsd_proccess_data scheduled__2022-04-23T14:25:49.377068+00:00 [running]> on host ff48034dfdbf
[2022-04-26 13:56:22,912] {taskinstance.py:1426} INFO - Exporting the following env vars:
AIRFLOW_CTX_DAG_EMAIL=***@example.com
AIRFLOW_CTX_DAG_OWNER=***
AIRFLOW_CTX_DAG_ID=tutorial
AIRFLOW_CTX_TASK_ID=dqsdqsd.dqsdqsd_proccess_data
AIRFLOW_CTX_EXECUTION_DATE=2022-04-23T14:25:49.377068+00:00
AIRFLOW_CTX_DAG_RUN_ID=scheduled__2022-04-23T14:25:49.377068+00:00
[2022-04-26 13:57:22,885] {python.py:175} INFO - Done. Returned value was: None
[2022-04-26 13:57:22,904] {taskinstance.py:1277} INFO - Marking task as SUCCESS. dag_id=tutorial, task_id=dqsdqsd.dqsdqsd_proccess_data, execution_date=20220423T142549, start_date=20220426T135622, end_date=20220426T135722
[2022-04-26 13:57:22,952] {local_task_job.py:154} INFO - Task exited with return code 0
[2022-04-26 13:57:23,023] {local_task_job.py:264} INFO - 1 downstream tasks scheduled from follow-on schedule check
