[2022-03-14 12:11:22,315] {taskinstance.py:1032} INFO - Dependencies all met for <TaskInstance: tutorial.cat.cat_print_proccesed_data scheduled__2022-03-13T12:00:13.316065+00:00 [queued]>
[2022-03-14 12:11:22,332] {taskinstance.py:1032} INFO - Dependencies all met for <TaskInstance: tutorial.cat.cat_print_proccesed_data scheduled__2022-03-13T12:00:13.316065+00:00 [queued]>
[2022-03-14 12:11:22,333] {taskinstance.py:1238} INFO - 
--------------------------------------------------------------------------------
[2022-03-14 12:11:22,334] {taskinstance.py:1239} INFO - Starting attempt 1 of 2
[2022-03-14 12:11:22,335] {taskinstance.py:1240} INFO - 
--------------------------------------------------------------------------------
[2022-03-14 12:11:22,352] {taskinstance.py:1259} INFO - Executing <Task(PythonOperator): cat.cat_print_proccesed_data> on 2022-03-13 12:00:13.316065+00:00
[2022-03-14 12:11:22,358] {standard_task_runner.py:52} INFO - Started process 1219 to run task
[2022-03-14 12:11:22,363] {standard_task_runner.py:76} INFO - Running: ['***', 'tasks', 'run', 'tutorial', 'cat.cat_print_proccesed_data', 'scheduled__2022-03-13T12:00:13.316065+00:00', '--job-id', '874', '--raw', '--subdir', 'DAGS_FOLDER/test_dag.py', '--cfg-path', '/tmp/tmpnk0fd9ow', '--error-file', '/tmp/tmpfh19b5m6']
[2022-03-14 12:11:22,364] {standard_task_runner.py:77} INFO - Job 874: Subtask cat.cat_print_proccesed_data
[2022-03-14 12:11:22,444] {logging_mixin.py:109} INFO - Running <TaskInstance: tutorial.cat.cat_print_proccesed_data scheduled__2022-03-13T12:00:13.316065+00:00 [running]> on host ff48034dfdbf
[2022-03-14 12:11:22,511] {taskinstance.py:1426} INFO - Exporting the following env vars:
AIRFLOW_CTX_DAG_EMAIL=***@example.com
AIRFLOW_CTX_DAG_OWNER=***
AIRFLOW_CTX_DAG_ID=tutorial
AIRFLOW_CTX_TASK_ID=cat.cat_print_proccesed_data
AIRFLOW_CTX_EXECUTION_DATE=2022-03-13T12:00:13.316065+00:00
AIRFLOW_CTX_DAG_RUN_ID=scheduled__2022-03-13T12:00:13.316065+00:00
[2022-03-14 12:12:22,491] {python.py:175} INFO - Done. Returned value was: None
[2022-03-14 12:12:22,506] {taskinstance.py:1277} INFO - Marking task as SUCCESS. dag_id=tutorial, task_id=cat.cat_print_proccesed_data, execution_date=20220313T120013, start_date=20220314T121122, end_date=20220314T121222
[2022-03-14 12:12:22,534] {local_task_job.py:154} INFO - Task exited with return code 0
[2022-03-14 12:12:22,598] {local_task_job.py:264} INFO - 0 downstream tasks scheduled from follow-on schedule check
