[2022-02-23 21:48:09,242] {taskinstance.py:1032} INFO - Dependencies all met for <TaskInstance: tutorial.fsqfqf.fsqfqf_print_proccesed_data scheduled__2022-02-22T21:44:04.027723+00:00 [queued]>
[2022-02-23 21:48:09,267] {taskinstance.py:1032} INFO - Dependencies all met for <TaskInstance: tutorial.fsqfqf.fsqfqf_print_proccesed_data scheduled__2022-02-22T21:44:04.027723+00:00 [queued]>
[2022-02-23 21:48:09,268] {taskinstance.py:1238} INFO - 
--------------------------------------------------------------------------------
[2022-02-23 21:48:09,269] {taskinstance.py:1239} INFO - Starting attempt 1 of 2
[2022-02-23 21:48:09,270] {taskinstance.py:1240} INFO - 
--------------------------------------------------------------------------------
[2022-02-23 21:48:09,287] {taskinstance.py:1259} INFO - Executing <Task(PythonOperator): fsqfqf.fsqfqf_print_proccesed_data> on 2022-02-22 21:44:04.027723+00:00
[2022-02-23 21:48:09,293] {standard_task_runner.py:52} INFO - Started process 716 to run task
[2022-02-23 21:48:09,298] {standard_task_runner.py:76} INFO - Running: ['***', 'tasks', 'run', 'tutorial', 'fsqfqf.fsqfqf_print_proccesed_data', 'scheduled__2022-02-22T21:44:04.027723+00:00', '--job-id', '206', '--raw', '--subdir', 'DAGS_FOLDER/test_dag.py', '--cfg-path', '/tmp/tmpir8gkhng', '--error-file', '/tmp/tmpzdm3cp8f']
[2022-02-23 21:48:09,299] {standard_task_runner.py:77} INFO - Job 206: Subtask fsqfqf.fsqfqf_print_proccesed_data
[2022-02-23 21:48:09,377] {logging_mixin.py:109} INFO - Running <TaskInstance: tutorial.fsqfqf.fsqfqf_print_proccesed_data scheduled__2022-02-22T21:44:04.027723+00:00 [running]> on host ff48034dfdbf
[2022-02-23 21:48:09,480] {taskinstance.py:1426} INFO - Exporting the following env vars:
AIRFLOW_CTX_DAG_EMAIL=***@example.com
AIRFLOW_CTX_DAG_OWNER=***
AIRFLOW_CTX_DAG_ID=tutorial
AIRFLOW_CTX_TASK_ID=fsqfqf.fsqfqf_print_proccesed_data
AIRFLOW_CTX_EXECUTION_DATE=2022-02-22T21:44:04.027723+00:00
AIRFLOW_CTX_DAG_RUN_ID=scheduled__2022-02-22T21:44:04.027723+00:00
[2022-02-23 21:49:09,460] {python.py:175} INFO - Done. Returned value was: None
[2022-02-23 21:49:09,477] {taskinstance.py:1277} INFO - Marking task as SUCCESS. dag_id=tutorial, task_id=fsqfqf.fsqfqf_print_proccesed_data, execution_date=20220222T214404, start_date=20220223T214809, end_date=20220223T214909
[2022-02-23 21:49:09,511] {local_task_job.py:154} INFO - Task exited with return code 0
[2022-02-23 21:49:09,544] {local_task_job.py:264} INFO - 0 downstream tasks scheduled from follow-on schedule check
