[2022-03-14 12:09:27,320] {taskinstance.py:1032} INFO - Dependencies all met for <TaskInstance: tutorial.yryrty.yryrty_print_proccesed_data scheduled__2022-03-13T11:51:30.016366+00:00 [queued]>
[2022-03-14 12:09:27,340] {taskinstance.py:1032} INFO - Dependencies all met for <TaskInstance: tutorial.yryrty.yryrty_print_proccesed_data scheduled__2022-03-13T11:51:30.016366+00:00 [queued]>
[2022-03-14 12:09:27,341] {taskinstance.py:1238} INFO - 
--------------------------------------------------------------------------------
[2022-03-14 12:09:27,342] {taskinstance.py:1239} INFO - Starting attempt 1 of 2
[2022-03-14 12:09:27,343] {taskinstance.py:1240} INFO - 
--------------------------------------------------------------------------------
[2022-03-14 12:09:27,359] {taskinstance.py:1259} INFO - Executing <Task(PythonOperator): yryrty.yryrty_print_proccesed_data> on 2022-03-13 11:51:30.016366+00:00
[2022-03-14 12:09:27,366] {standard_task_runner.py:52} INFO - Started process 1123 to run task
[2022-03-14 12:09:27,371] {standard_task_runner.py:76} INFO - Running: ['***', 'tasks', 'run', 'tutorial', 'yryrty.yryrty_print_proccesed_data', 'scheduled__2022-03-13T11:51:30.016366+00:00', '--job-id', '862', '--raw', '--subdir', 'DAGS_FOLDER/test_dag.py', '--cfg-path', '/tmp/tmpgwekdkb3', '--error-file', '/tmp/tmptrx3i5e5']
[2022-03-14 12:09:27,372] {standard_task_runner.py:77} INFO - Job 862: Subtask yryrty.yryrty_print_proccesed_data
[2022-03-14 12:09:27,460] {logging_mixin.py:109} INFO - Running <TaskInstance: tutorial.yryrty.yryrty_print_proccesed_data scheduled__2022-03-13T11:51:30.016366+00:00 [running]> on host ff48034dfdbf
[2022-03-14 12:09:27,533] {taskinstance.py:1426} INFO - Exporting the following env vars:
AIRFLOW_CTX_DAG_EMAIL=***@example.com
AIRFLOW_CTX_DAG_OWNER=***
AIRFLOW_CTX_DAG_ID=tutorial
AIRFLOW_CTX_TASK_ID=yryrty.yryrty_print_proccesed_data
AIRFLOW_CTX_EXECUTION_DATE=2022-03-13T11:51:30.016366+00:00
AIRFLOW_CTX_DAG_RUN_ID=scheduled__2022-03-13T11:51:30.016366+00:00
[2022-03-14 12:10:27,497] {python.py:175} INFO - Done. Returned value was: None
[2022-03-14 12:10:27,530] {taskinstance.py:1277} INFO - Marking task as SUCCESS. dag_id=tutorial, task_id=yryrty.yryrty_print_proccesed_data, execution_date=20220313T115130, start_date=20220314T120927, end_date=20220314T121027
[2022-03-14 12:10:27,603] {local_task_job.py:154} INFO - Task exited with return code 0
[2022-03-14 12:10:27,656] {local_task_job.py:264} INFO - 0 downstream tasks scheduled from follow-on schedule check
