[2022-03-14 11:59:12,171] {taskinstance.py:1032} INFO - Dependencies all met for <TaskInstance: tutorial.eaeaz.eaeaz_proccess_data scheduled__2022-03-13T11:51:30.016366+00:00 [queued]>
[2022-03-14 11:59:12,193] {taskinstance.py:1032} INFO - Dependencies all met for <TaskInstance: tutorial.eaeaz.eaeaz_proccess_data scheduled__2022-03-13T11:51:30.016366+00:00 [queued]>
[2022-03-14 11:59:12,195] {taskinstance.py:1238} INFO - 
--------------------------------------------------------------------------------
[2022-03-14 11:59:12,197] {taskinstance.py:1239} INFO - Starting attempt 1 of 2
[2022-03-14 11:59:12,198] {taskinstance.py:1240} INFO - 
--------------------------------------------------------------------------------
[2022-03-14 11:59:12,221] {taskinstance.py:1259} INFO - Executing <Task(PythonOperator): eaeaz.eaeaz_proccess_data> on 2022-03-13 11:51:30.016366+00:00
[2022-03-14 11:59:12,233] {standard_task_runner.py:52} INFO - Started process 521 to run task
[2022-03-14 11:59:12,240] {standard_task_runner.py:76} INFO - Running: ['***', 'tasks', 'run', 'tutorial', 'eaeaz.eaeaz_proccess_data', 'scheduled__2022-03-13T11:51:30.016366+00:00', '--job-id', '759', '--raw', '--subdir', 'DAGS_FOLDER/test_dag.py', '--cfg-path', '/tmp/tmpk551vvi6', '--error-file', '/tmp/tmp8p6fc3p0']
[2022-03-14 11:59:12,241] {standard_task_runner.py:77} INFO - Job 759: Subtask eaeaz.eaeaz_proccess_data
[2022-03-14 11:59:12,407] {logging_mixin.py:109} INFO - Running <TaskInstance: tutorial.eaeaz.eaeaz_proccess_data scheduled__2022-03-13T11:51:30.016366+00:00 [running]> on host ff48034dfdbf
[2022-03-14 11:59:12,567] {taskinstance.py:1426} INFO - Exporting the following env vars:
AIRFLOW_CTX_DAG_EMAIL=***@example.com
AIRFLOW_CTX_DAG_OWNER=***
AIRFLOW_CTX_DAG_ID=tutorial
AIRFLOW_CTX_TASK_ID=eaeaz.eaeaz_proccess_data
AIRFLOW_CTX_EXECUTION_DATE=2022-03-13T11:51:30.016366+00:00
AIRFLOW_CTX_DAG_RUN_ID=scheduled__2022-03-13T11:51:30.016366+00:00
[2022-03-14 12:00:12,591] {python.py:175} INFO - Done. Returned value was: None
[2022-03-14 12:00:12,608] {taskinstance.py:1277} INFO - Marking task as SUCCESS. dag_id=tutorial, task_id=eaeaz.eaeaz_proccess_data, execution_date=20220313T115130, start_date=20220314T115912, end_date=20220314T120012
[2022-03-14 12:00:12,664] {local_task_job.py:154} INFO - Task exited with return code 0
[2022-03-14 12:00:12,702] {local_task_job.py:264} INFO - 1 downstream tasks scheduled from follow-on schedule check
