[2022-04-26 13:53:17,442] {taskinstance.py:1032} INFO - Dependencies all met for <TaskInstance: tutorial.yryrty.yryrty_get_data scheduled__2022-04-23T14:25:49.377068+00:00 [queued]>
[2022-04-26 13:53:17,552] {taskinstance.py:1032} INFO - Dependencies all met for <TaskInstance: tutorial.yryrty.yryrty_get_data scheduled__2022-04-23T14:25:49.377068+00:00 [queued]>
[2022-04-26 13:53:17,556] {taskinstance.py:1238} INFO - 
--------------------------------------------------------------------------------
[2022-04-26 13:53:17,559] {taskinstance.py:1239} INFO - Starting attempt 1 of 2
[2022-04-26 13:53:17,561] {taskinstance.py:1240} INFO - 
--------------------------------------------------------------------------------
[2022-04-26 13:53:17,663] {taskinstance.py:1259} INFO - Executing <Task(PythonOperator): yryrty.yryrty_get_data> on 2022-04-23 14:25:49.377068+00:00
[2022-04-26 13:53:17,674] {standard_task_runner.py:52} INFO - Started process 96 to run task
[2022-04-26 13:53:17,683] {standard_task_runner.py:76} INFO - Running: ['***', 'tasks', 'run', 'tutorial', 'yryrty.yryrty_get_data', 'scheduled__2022-04-23T14:25:49.377068+00:00', '--job-id', '1242', '--raw', '--subdir', 'DAGS_FOLDER/test_dag.py', '--cfg-path', '/tmp/tmpkoflkdcr', '--error-file', '/tmp/tmpgncgktf2']
[2022-04-26 13:53:17,685] {standard_task_runner.py:77} INFO - Job 1242: Subtask yryrty.yryrty_get_data
[2022-04-26 13:53:17,941] {logging_mixin.py:109} INFO - Running <TaskInstance: tutorial.yryrty.yryrty_get_data scheduled__2022-04-23T14:25:49.377068+00:00 [running]> on host ff48034dfdbf
[2022-04-26 13:53:18,256] {taskinstance.py:1426} INFO - Exporting the following env vars:
AIRFLOW_CTX_DAG_EMAIL=***@example.com
AIRFLOW_CTX_DAG_OWNER=***
AIRFLOW_CTX_DAG_ID=tutorial
AIRFLOW_CTX_TASK_ID=yryrty.yryrty_get_data
AIRFLOW_CTX_EXECUTION_DATE=2022-04-23T14:25:49.377068+00:00
AIRFLOW_CTX_DAG_RUN_ID=scheduled__2022-04-23T14:25:49.377068+00:00
[2022-04-26 13:54:18,276] {python.py:175} INFO - Done. Returned value was: None
[2022-04-26 13:54:18,305] {taskinstance.py:1277} INFO - Marking task as SUCCESS. dag_id=tutorial, task_id=yryrty.yryrty_get_data, execution_date=20220423T142549, start_date=20220426T135317, end_date=20220426T135418
[2022-04-26 13:54:18,343] {local_task_job.py:154} INFO - Task exited with return code 0
[2022-04-26 13:54:18,543] {local_task_job.py:264} INFO - 0 downstream tasks scheduled from follow-on schedule check
