[2022-03-05 10:28:51,079] {taskinstance.py:1032} INFO - Dependencies all met for <TaskInstance: tutorial.fsqfqf.fsqfqf_print_proccesed_data scheduled__2022-03-02T21:51:17.549420+00:00 [queued]>
[2022-03-05 10:28:51,104] {taskinstance.py:1032} INFO - Dependencies all met for <TaskInstance: tutorial.fsqfqf.fsqfqf_print_proccesed_data scheduled__2022-03-02T21:51:17.549420+00:00 [queued]>
[2022-03-05 10:28:51,105] {taskinstance.py:1238} INFO - 
--------------------------------------------------------------------------------
[2022-03-05 10:28:51,107] {taskinstance.py:1239} INFO - Starting attempt 1 of 2
[2022-03-05 10:28:51,108] {taskinstance.py:1240} INFO - 
--------------------------------------------------------------------------------
[2022-03-05 10:28:51,125] {taskinstance.py:1259} INFO - Executing <Task(PythonOperator): fsqfqf.fsqfqf_print_proccesed_data> on 2022-03-02 21:51:17.549420+00:00
[2022-03-05 10:28:51,131] {standard_task_runner.py:52} INFO - Started process 403 to run task
[2022-03-05 10:28:51,137] {standard_task_runner.py:76} INFO - Running: ['***', 'tasks', 'run', 'tutorial', 'fsqfqf.fsqfqf_print_proccesed_data', 'scheduled__2022-03-02T21:51:17.549420+00:00', '--job-id', '528', '--raw', '--subdir', 'DAGS_FOLDER/test_dag.py', '--cfg-path', '/tmp/tmpvj54w9ju', '--error-file', '/tmp/tmpaq9yq5hb']
[2022-03-05 10:28:51,138] {standard_task_runner.py:77} INFO - Job 528: Subtask fsqfqf.fsqfqf_print_proccesed_data
[2022-03-05 10:28:51,235] {logging_mixin.py:109} INFO - Running <TaskInstance: tutorial.fsqfqf.fsqfqf_print_proccesed_data scheduled__2022-03-02T21:51:17.549420+00:00 [running]> on host ff48034dfdbf
[2022-03-05 10:28:51,326] {taskinstance.py:1426} INFO - Exporting the following env vars:
AIRFLOW_CTX_DAG_EMAIL=***@example.com
AIRFLOW_CTX_DAG_OWNER=***
AIRFLOW_CTX_DAG_ID=tutorial
AIRFLOW_CTX_TASK_ID=fsqfqf.fsqfqf_print_proccesed_data
AIRFLOW_CTX_EXECUTION_DATE=2022-03-02T21:51:17.549420+00:00
AIRFLOW_CTX_DAG_RUN_ID=scheduled__2022-03-02T21:51:17.549420+00:00
[2022-03-05 10:29:51,335] {python.py:175} INFO - Done. Returned value was: None
[2022-03-05 10:29:51,348] {taskinstance.py:1277} INFO - Marking task as SUCCESS. dag_id=tutorial, task_id=fsqfqf.fsqfqf_print_proccesed_data, execution_date=20220302T215117, start_date=20220305T102851, end_date=20220305T102951
[2022-03-05 10:29:51,387] {local_task_job.py:154} INFO - Task exited with return code 0
[2022-03-05 10:29:51,425] {local_task_job.py:264} INFO - 0 downstream tasks scheduled from follow-on schedule check
