[2022-02-21 18:31:49,226] {taskinstance.py:1032} INFO - Dependencies all met for <TaskInstance: tutorial.fsqfqf.fsqfqf_proccess_data scheduled__2022-02-20T17:28:01.321646+00:00 [queued]>
[2022-02-21 18:31:49,244] {taskinstance.py:1032} INFO - Dependencies all met for <TaskInstance: tutorial.fsqfqf.fsqfqf_proccess_data scheduled__2022-02-20T17:28:01.321646+00:00 [queued]>
[2022-02-21 18:31:49,245] {taskinstance.py:1238} INFO - 
--------------------------------------------------------------------------------
[2022-02-21 18:31:49,246] {taskinstance.py:1239} INFO - Starting attempt 1 of 2
[2022-02-21 18:31:49,247] {taskinstance.py:1240} INFO - 
--------------------------------------------------------------------------------
[2022-02-21 18:31:49,269] {taskinstance.py:1259} INFO - Executing <Task(PythonOperator): fsqfqf.fsqfqf_proccess_data> on 2022-02-20 17:28:01.321646+00:00
[2022-02-21 18:31:49,275] {standard_task_runner.py:52} INFO - Started process 152 to run task
[2022-02-21 18:31:49,280] {standard_task_runner.py:76} INFO - Running: ['***', 'tasks', 'run', 'tutorial', 'fsqfqf.fsqfqf_proccess_data', 'scheduled__2022-02-20T17:28:01.321646+00:00', '--job-id', '80', '--raw', '--subdir', 'DAGS_FOLDER/test_dag.py', '--cfg-path', '/tmp/tmpstgakp06', '--error-file', '/tmp/tmp6_kgep3p']
[2022-02-21 18:31:49,282] {standard_task_runner.py:77} INFO - Job 80: Subtask fsqfqf.fsqfqf_proccess_data
[2022-02-21 18:31:49,383] {logging_mixin.py:109} INFO - Running <TaskInstance: tutorial.fsqfqf.fsqfqf_proccess_data scheduled__2022-02-20T17:28:01.321646+00:00 [running]> on host ff48034dfdbf
[2022-02-21 18:31:49,478] {taskinstance.py:1426} INFO - Exporting the following env vars:
AIRFLOW_CTX_DAG_EMAIL=***@example.com
AIRFLOW_CTX_DAG_OWNER=***
AIRFLOW_CTX_DAG_ID=tutorial
AIRFLOW_CTX_TASK_ID=fsqfqf.fsqfqf_proccess_data
AIRFLOW_CTX_EXECUTION_DATE=2022-02-20T17:28:01.321646+00:00
AIRFLOW_CTX_DAG_RUN_ID=scheduled__2022-02-20T17:28:01.321646+00:00
[2022-02-21 18:32:49,499] {python.py:175} INFO - Done. Returned value was: None
[2022-02-21 18:32:49,530] {taskinstance.py:1277} INFO - Marking task as SUCCESS. dag_id=tutorial, task_id=fsqfqf.fsqfqf_proccess_data, execution_date=20220220T172801, start_date=20220221T183149, end_date=20220221T183249
[2022-02-21 18:32:49,609] {local_task_job.py:154} INFO - Task exited with return code 0
[2022-02-21 18:32:49,695] {local_task_job.py:264} INFO - 1 downstream tasks scheduled from follow-on schedule check
