[2022-03-14 12:13:31,423] {taskinstance.py:1032} INFO - Dependencies all met for <TaskInstance: tutorial.hfghfg.hfghfg_print_proccesed_data scheduled__2022-03-13T12:05:20.517459+00:00 [queued]>
[2022-03-14 12:13:31,449] {taskinstance.py:1032} INFO - Dependencies all met for <TaskInstance: tutorial.hfghfg.hfghfg_print_proccesed_data scheduled__2022-03-13T12:05:20.517459+00:00 [queued]>
[2022-03-14 12:13:31,451] {taskinstance.py:1238} INFO - 
--------------------------------------------------------------------------------
[2022-03-14 12:13:31,452] {taskinstance.py:1239} INFO - Starting attempt 1 of 2
[2022-03-14 12:13:31,453] {taskinstance.py:1240} INFO - 
--------------------------------------------------------------------------------
[2022-03-14 12:13:31,483] {taskinstance.py:1259} INFO - Executing <Task(PythonOperator): hfghfg.hfghfg_print_proccesed_data> on 2022-03-13 12:05:20.517459+00:00
[2022-03-14 12:13:31,492] {standard_task_runner.py:52} INFO - Started process 1361 to run task
[2022-03-14 12:13:31,506] {standard_task_runner.py:76} INFO - Running: ['***', 'tasks', 'run', 'tutorial', 'hfghfg.hfghfg_print_proccesed_data', 'scheduled__2022-03-13T12:05:20.517459+00:00', '--job-id', '898', '--raw', '--subdir', 'DAGS_FOLDER/test_dag.py', '--cfg-path', '/tmp/tmp1tdk5jmv', '--error-file', '/tmp/tmp1h6d4inb']
[2022-03-14 12:13:31,513] {standard_task_runner.py:77} INFO - Job 898: Subtask hfghfg.hfghfg_print_proccesed_data
[2022-03-14 12:13:31,672] {logging_mixin.py:109} INFO - Running <TaskInstance: tutorial.hfghfg.hfghfg_print_proccesed_data scheduled__2022-03-13T12:05:20.517459+00:00 [running]> on host ff48034dfdbf
[2022-03-14 12:13:31,788] {taskinstance.py:1426} INFO - Exporting the following env vars:
AIRFLOW_CTX_DAG_EMAIL=***@example.com
AIRFLOW_CTX_DAG_OWNER=***
AIRFLOW_CTX_DAG_ID=tutorial
AIRFLOW_CTX_TASK_ID=hfghfg.hfghfg_print_proccesed_data
AIRFLOW_CTX_EXECUTION_DATE=2022-03-13T12:05:20.517459+00:00
AIRFLOW_CTX_DAG_RUN_ID=scheduled__2022-03-13T12:05:20.517459+00:00
[2022-03-14 12:14:31,760] {python.py:175} INFO - Done. Returned value was: None
[2022-03-14 12:14:31,782] {taskinstance.py:1277} INFO - Marking task as SUCCESS. dag_id=tutorial, task_id=hfghfg.hfghfg_print_proccesed_data, execution_date=20220313T120520, start_date=20220314T121331, end_date=20220314T121431
[2022-03-14 12:14:31,823] {local_task_job.py:154} INFO - Task exited with return code 0
[2022-03-14 12:14:31,864] {local_task_job.py:264} INFO - 0 downstream tasks scheduled from follow-on schedule check
