[2022-04-26 14:03:32,278] {taskinstance.py:1032} INFO - Dependencies all met for <TaskInstance: tutorial.eaeaz.eaeaz_print_proccesed_data scheduled__2022-04-25T13:59:28.202500+00:00 [queued]>
[2022-04-26 14:03:32,297] {taskinstance.py:1032} INFO - Dependencies all met for <TaskInstance: tutorial.eaeaz.eaeaz_print_proccesed_data scheduled__2022-04-25T13:59:28.202500+00:00 [queued]>
[2022-04-26 14:03:32,299] {taskinstance.py:1238} INFO - 
--------------------------------------------------------------------------------
[2022-04-26 14:03:32,300] {taskinstance.py:1239} INFO - Starting attempt 1 of 2
[2022-04-26 14:03:32,301] {taskinstance.py:1240} INFO - 
--------------------------------------------------------------------------------
[2022-04-26 14:03:32,318] {taskinstance.py:1259} INFO - Executing <Task(PythonOperator): eaeaz.eaeaz_print_proccesed_data> on 2022-04-25 13:59:28.202500+00:00
[2022-04-26 14:03:32,324] {standard_task_runner.py:52} INFO - Started process 680 to run task
[2022-04-26 14:03:32,330] {standard_task_runner.py:76} INFO - Running: ['***', 'tasks', 'run', 'tutorial', 'eaeaz.eaeaz_print_proccesed_data', 'scheduled__2022-04-25T13:59:28.202500+00:00', '--job-id', '1342', '--raw', '--subdir', 'DAGS_FOLDER/test_dag.py', '--cfg-path', '/tmp/tmple1cd778', '--error-file', '/tmp/tmp6kjn2r9x']
[2022-04-26 14:03:32,331] {standard_task_runner.py:77} INFO - Job 1342: Subtask eaeaz.eaeaz_print_proccesed_data
[2022-04-26 14:03:32,433] {logging_mixin.py:109} INFO - Running <TaskInstance: tutorial.eaeaz.eaeaz_print_proccesed_data scheduled__2022-04-25T13:59:28.202500+00:00 [running]> on host ff48034dfdbf
[2022-04-26 14:03:32,504] {taskinstance.py:1426} INFO - Exporting the following env vars:
AIRFLOW_CTX_DAG_EMAIL=***@example.com
AIRFLOW_CTX_DAG_OWNER=***
AIRFLOW_CTX_DAG_ID=tutorial
AIRFLOW_CTX_TASK_ID=eaeaz.eaeaz_print_proccesed_data
AIRFLOW_CTX_EXECUTION_DATE=2022-04-25T13:59:28.202500+00:00
AIRFLOW_CTX_DAG_RUN_ID=scheduled__2022-04-25T13:59:28.202500+00:00
[2022-04-26 14:04:32,508] {python.py:175} INFO - Done. Returned value was: None
[2022-04-26 14:04:32,543] {taskinstance.py:1277} INFO - Marking task as SUCCESS. dag_id=tutorial, task_id=eaeaz.eaeaz_print_proccesed_data, execution_date=20220425T135928, start_date=20220426T140332, end_date=20220426T140432
[2022-04-26 14:04:32,572] {local_task_job.py:154} INFO - Task exited with return code 0
[2022-04-26 14:04:32,607] {local_task_job.py:264} INFO - 0 downstream tasks scheduled from follow-on schedule check
