[2022-03-06 20:34:24,792] {taskinstance.py:1032} INFO - Dependencies all met for <TaskInstance: tutorial.jghjg.jghjg_proccess_data scheduled__2022-03-05T10:29:52.784989+00:00 [queued]>
[2022-03-06 20:34:24,814] {taskinstance.py:1032} INFO - Dependencies all met for <TaskInstance: tutorial.jghjg.jghjg_proccess_data scheduled__2022-03-05T10:29:52.784989+00:00 [queued]>
[2022-03-06 20:34:24,815] {taskinstance.py:1238} INFO - 
--------------------------------------------------------------------------------
[2022-03-06 20:34:24,816] {taskinstance.py:1239} INFO - Starting attempt 1 of 2
[2022-03-06 20:34:24,817] {taskinstance.py:1240} INFO - 
--------------------------------------------------------------------------------
[2022-03-06 20:34:24,836] {taskinstance.py:1259} INFO - Executing <Task(PythonOperator): jghjg.jghjg_proccess_data> on 2022-03-05 10:29:52.784989+00:00
[2022-03-06 20:34:24,844] {standard_task_runner.py:52} INFO - Started process 141 to run task
[2022-03-06 20:34:24,851] {standard_task_runner.py:76} INFO - Running: ['***', 'tasks', 'run', 'tutorial', 'jghjg.jghjg_proccess_data', 'scheduled__2022-03-05T10:29:52.784989+00:00', '--job-id', '602', '--raw', '--subdir', 'DAGS_FOLDER/test_dag.py', '--cfg-path', '/tmp/tmpp4wcnoxk', '--error-file', '/tmp/tmps844_7x2']
[2022-03-06 20:34:24,852] {standard_task_runner.py:77} INFO - Job 602: Subtask jghjg.jghjg_proccess_data
[2022-03-06 20:34:24,960] {logging_mixin.py:109} INFO - Running <TaskInstance: tutorial.jghjg.jghjg_proccess_data scheduled__2022-03-05T10:29:52.784989+00:00 [running]> on host ff48034dfdbf
[2022-03-06 20:34:25,033] {taskinstance.py:1426} INFO - Exporting the following env vars:
AIRFLOW_CTX_DAG_EMAIL=***@example.com
AIRFLOW_CTX_DAG_OWNER=***
AIRFLOW_CTX_DAG_ID=tutorial
AIRFLOW_CTX_TASK_ID=jghjg.jghjg_proccess_data
AIRFLOW_CTX_EXECUTION_DATE=2022-03-05T10:29:52.784989+00:00
AIRFLOW_CTX_DAG_RUN_ID=scheduled__2022-03-05T10:29:52.784989+00:00
[2022-03-06 20:35:25,033] {python.py:175} INFO - Done. Returned value was: None
[2022-03-06 20:35:25,063] {taskinstance.py:1277} INFO - Marking task as SUCCESS. dag_id=tutorial, task_id=jghjg.jghjg_proccess_data, execution_date=20220305T102952, start_date=20220306T203424, end_date=20220306T203525
[2022-03-06 20:35:25,114] {local_task_job.py:154} INFO - Task exited with return code 0
[2022-03-06 20:35:25,185] {local_task_job.py:264} INFO - 1 downstream tasks scheduled from follow-on schedule check
