[2022-04-29 15:32:13,248] {taskinstance.py:1032} INFO - Dependencies all met for <TaskInstance: cdn_daily.import_vol.run_vol manual__2022-04-29T15:31:55.459871+00:00 [queued]>
[2022-04-29 15:32:13,266] {taskinstance.py:1032} INFO - Dependencies all met for <TaskInstance: cdn_daily.import_vol.run_vol manual__2022-04-29T15:31:55.459871+00:00 [queued]>
[2022-04-29 15:32:13,268] {taskinstance.py:1238} INFO - 
--------------------------------------------------------------------------------
[2022-04-29 15:32:13,269] {taskinstance.py:1239} INFO - Starting attempt 1 of 2
[2022-04-29 15:32:13,270] {taskinstance.py:1240} INFO - 
--------------------------------------------------------------------------------
[2022-04-29 15:32:13,289] {taskinstance.py:1259} INFO - Executing <Task(PythonOperator): import_vol.run_vol> on 2022-04-29 15:31:55.459871+00:00
[2022-04-29 15:32:13,295] {standard_task_runner.py:52} INFO - Started process 3781 to run task
[2022-04-29 15:32:13,300] {standard_task_runner.py:76} INFO - Running: ['***', 'tasks', 'run', 'cdn_daily', 'import_vol.run_vol', 'manual__2022-04-29T15:31:55.459871+00:00', '--job-id', '1705', '--raw', '--subdir', 'DAGS_FOLDER/cdn_daily.py', '--cfg-path', '/tmp/tmpnk601pqr', '--error-file', '/tmp/tmpzdju7sxi']
[2022-04-29 15:32:13,302] {standard_task_runner.py:77} INFO - Job 1705: Subtask import_vol.run_vol
[2022-04-29 15:32:13,384] {logging_mixin.py:109} INFO - Running <TaskInstance: cdn_daily.import_vol.run_vol manual__2022-04-29T15:31:55.459871+00:00 [running]> on host d5ad096ffea5
[2022-04-29 15:32:13,467] {taskinstance.py:1426} INFO - Exporting the following env vars:
AIRFLOW_CTX_DAG_EMAIL=***@example.com
AIRFLOW_CTX_DAG_OWNER=***
AIRFLOW_CTX_DAG_ID=cdn_daily
AIRFLOW_CTX_TASK_ID=import_vol.run_vol
AIRFLOW_CTX_EXECUTION_DATE=2022-04-29T15:31:55.459871+00:00
AIRFLOW_CTX_DAG_RUN_ID=manual__2022-04-29T15:31:55.459871+00:00
[2022-04-29 15:32:13,505] {python.py:175} INFO - Done. Returned value was: None
[2022-04-29 15:32:13,524] {taskinstance.py:1277} INFO - Marking task as SUCCESS. dag_id=cdn_daily, task_id=import_vol.run_vol, execution_date=20220429T153155, start_date=20220429T153213, end_date=20220429T153213
[2022-04-29 15:32:13,596] {local_task_job.py:154} INFO - Task exited with return code 0
[2022-04-29 15:32:13,644] {local_task_job.py:264} INFO - 1 downstream tasks scheduled from follow-on schedule check
