[2022-03-01 21:52:22,091] {taskinstance.py:1032} INFO - Dependencies all met for <TaskInstance: tutorial.wcccw.wcccw_proccess_data scheduled__2022-02-28T21:51:17.549420+00:00 [queued]>
[2022-03-01 21:52:22,142] {taskinstance.py:1032} INFO - Dependencies all met for <TaskInstance: tutorial.wcccw.wcccw_proccess_data scheduled__2022-02-28T21:51:17.549420+00:00 [queued]>
[2022-03-01 21:52:22,145] {taskinstance.py:1238} INFO - 
--------------------------------------------------------------------------------
[2022-03-01 21:52:22,150] {taskinstance.py:1239} INFO - Starting attempt 1 of 2
[2022-03-01 21:52:22,153] {taskinstance.py:1240} INFO - 
--------------------------------------------------------------------------------
[2022-03-01 21:52:22,193] {taskinstance.py:1259} INFO - Executing <Task(PythonOperator): wcccw.wcccw_proccess_data> on 2022-02-28 21:51:17.549420+00:00
[2022-03-01 21:52:22,205] {standard_task_runner.py:52} INFO - Started process 5795 to run task
[2022-03-01 21:52:22,215] {standard_task_runner.py:76} INFO - Running: ['***', 'tasks', 'run', 'tutorial', 'wcccw.wcccw_proccess_data', 'scheduled__2022-02-28T21:51:17.549420+00:00', '--job-id', '412', '--raw', '--subdir', 'DAGS_FOLDER/test_dag.py', '--cfg-path', '/tmp/tmp0ishxym9', '--error-file', '/tmp/tmpxla0zhdf']
[2022-03-01 21:52:22,218] {standard_task_runner.py:77} INFO - Job 412: Subtask wcccw.wcccw_proccess_data
[2022-03-01 21:52:22,346] {logging_mixin.py:109} INFO - Running <TaskInstance: tutorial.wcccw.wcccw_proccess_data scheduled__2022-02-28T21:51:17.549420+00:00 [running]> on host ff48034dfdbf
[2022-03-01 21:52:22,478] {taskinstance.py:1426} INFO - Exporting the following env vars:
AIRFLOW_CTX_DAG_EMAIL=***@example.com
AIRFLOW_CTX_DAG_OWNER=***
AIRFLOW_CTX_DAG_ID=tutorial
AIRFLOW_CTX_TASK_ID=wcccw.wcccw_proccess_data
AIRFLOW_CTX_EXECUTION_DATE=2022-02-28T21:51:17.549420+00:00
AIRFLOW_CTX_DAG_RUN_ID=scheduled__2022-02-28T21:51:17.549420+00:00
[2022-03-01 21:53:22,475] {python.py:175} INFO - Done. Returned value was: None
[2022-03-01 21:53:22,494] {taskinstance.py:1277} INFO - Marking task as SUCCESS. dag_id=tutorial, task_id=wcccw.wcccw_proccess_data, execution_date=20220228T215117, start_date=20220301T215222, end_date=20220301T215322
[2022-03-01 21:53:22,542] {local_task_job.py:154} INFO - Task exited with return code 0
[2022-03-01 21:53:22,597] {local_task_job.py:264} INFO - 1 downstream tasks scheduled from follow-on schedule check
