[2022-04-30 12:55:07,772] {taskinstance.py:1032} INFO - Dependencies all met for <TaskInstance: cdn_daily.import_bsre.run_bsre scheduled__2022-04-29T12:55:05.495602+00:00 [queued]>
[2022-04-30 12:55:07,791] {taskinstance.py:1032} INFO - Dependencies all met for <TaskInstance: cdn_daily.import_bsre.run_bsre scheduled__2022-04-29T12:55:05.495602+00:00 [queued]>
[2022-04-30 12:55:07,792] {taskinstance.py:1238} INFO - 
--------------------------------------------------------------------------------
[2022-04-30 12:55:07,793] {taskinstance.py:1239} INFO - Starting attempt 1 of 2
[2022-04-30 12:55:07,794] {taskinstance.py:1240} INFO - 
--------------------------------------------------------------------------------
[2022-04-30 12:55:07,811] {taskinstance.py:1259} INFO - Executing <Task(PythonOperator): import_bsre.run_bsre> on 2022-04-29 12:55:05.495602+00:00
[2022-04-30 12:55:07,817] {standard_task_runner.py:52} INFO - Started process 238 to run task
[2022-04-30 12:55:07,822] {standard_task_runner.py:76} INFO - Running: ['***', 'tasks', 'run', 'cdn_daily', 'import_bsre.run_bsre', 'scheduled__2022-04-29T12:55:05.495602+00:00', '--job-id', '1794', '--raw', '--subdir', 'DAGS_FOLDER/cdn_daily.py', '--cfg-path', '/tmp/tmpvywkoq1w', '--error-file', '/tmp/tmpz0525lqe']
[2022-04-30 12:55:07,823] {standard_task_runner.py:77} INFO - Job 1794: Subtask import_bsre.run_bsre
[2022-04-30 12:55:07,905] {logging_mixin.py:109} INFO - Running <TaskInstance: cdn_daily.import_bsre.run_bsre scheduled__2022-04-29T12:55:05.495602+00:00 [running]> on host d5ad096ffea5
[2022-04-30 12:55:08,009] {taskinstance.py:1426} INFO - Exporting the following env vars:
AIRFLOW_CTX_DAG_EMAIL=***@example.com
AIRFLOW_CTX_DAG_OWNER=***
AIRFLOW_CTX_DAG_ID=cdn_daily
AIRFLOW_CTX_TASK_ID=import_bsre.run_bsre
AIRFLOW_CTX_EXECUTION_DATE=2022-04-29T12:55:05.495602+00:00
AIRFLOW_CTX_DAG_RUN_ID=scheduled__2022-04-29T12:55:05.495602+00:00
[2022-04-30 12:55:08,051] {python.py:175} INFO - Done. Returned value was: None
[2022-04-30 12:55:08,074] {taskinstance.py:1277} INFO - Marking task as SUCCESS. dag_id=cdn_daily, task_id=import_bsre.run_bsre, execution_date=20220429T125505, start_date=20220430T125507, end_date=20220430T125508
[2022-04-30 12:55:08,116] {local_task_job.py:154} INFO - Task exited with return code 0
[2022-04-30 12:55:08,174] {local_task_job.py:264} INFO - 1 downstream tasks scheduled from follow-on schedule check
