[2022-02-27 21:51:20,736] {taskinstance.py:1032} INFO - Dependencies all met for <TaskInstance: tutorial.gdgfg.gdgfg_get_data scheduled__2022-02-26T21:51:17.549420+00:00 [queued]>
[2022-02-27 21:51:20,778] {taskinstance.py:1032} INFO - Dependencies all met for <TaskInstance: tutorial.gdgfg.gdgfg_get_data scheduled__2022-02-26T21:51:17.549420+00:00 [queued]>
[2022-02-27 21:51:20,779] {taskinstance.py:1238} INFO - 
--------------------------------------------------------------------------------
[2022-02-27 21:51:20,781] {taskinstance.py:1239} INFO - Starting attempt 1 of 2
[2022-02-27 21:51:20,782] {taskinstance.py:1240} INFO - 
--------------------------------------------------------------------------------
[2022-02-27 21:51:20,807] {taskinstance.py:1259} INFO - Executing <Task(PythonOperator): gdgfg.gdgfg_get_data> on 2022-02-26 21:51:17.549420+00:00
[2022-02-27 21:51:20,820] {standard_task_runner.py:52} INFO - Started process 9799 to run task
[2022-02-27 21:51:20,827] {standard_task_runner.py:76} INFO - Running: ['***', 'tasks', 'run', 'tutorial', 'gdgfg.gdgfg_get_data', 'scheduled__2022-02-26T21:51:17.549420+00:00', '--job-id', '332', '--raw', '--subdir', 'DAGS_FOLDER/test_dag.py', '--cfg-path', '/tmp/tmpas4ak74l', '--error-file', '/tmp/tmpoc04mfbb']
[2022-02-27 21:51:20,831] {standard_task_runner.py:77} INFO - Job 332: Subtask gdgfg.gdgfg_get_data
[2022-02-27 21:51:20,973] {logging_mixin.py:109} INFO - Running <TaskInstance: tutorial.gdgfg.gdgfg_get_data scheduled__2022-02-26T21:51:17.549420+00:00 [running]> on host ff48034dfdbf
[2022-02-27 21:51:21,098] {taskinstance.py:1426} INFO - Exporting the following env vars:
AIRFLOW_CTX_DAG_EMAIL=***@example.com
AIRFLOW_CTX_DAG_OWNER=***
AIRFLOW_CTX_DAG_ID=tutorial
AIRFLOW_CTX_TASK_ID=gdgfg.gdgfg_get_data
AIRFLOW_CTX_EXECUTION_DATE=2022-02-26T21:51:17.549420+00:00
AIRFLOW_CTX_DAG_RUN_ID=scheduled__2022-02-26T21:51:17.549420+00:00
[2022-02-27 21:52:21,068] {python.py:175} INFO - Done. Returned value was: None
[2022-02-27 21:52:21,126] {taskinstance.py:1277} INFO - Marking task as SUCCESS. dag_id=tutorial, task_id=gdgfg.gdgfg_get_data, execution_date=20220226T215117, start_date=20220227T215120, end_date=20220227T215221
[2022-02-27 21:52:21,210] {local_task_job.py:154} INFO - Task exited with return code 0
[2022-02-27 21:52:21,408] {local_task_job.py:264} INFO - 1 downstream tasks scheduled from follow-on schedule check
