[2022-03-28 13:16:30,844] {taskinstance.py:1032} INFO - Dependencies all met for <TaskInstance: tutorial.wcccw.wcccw_proccess_data scheduled__2022-03-27T12:54:27.698780+00:00 [queued]>
[2022-03-28 13:16:30,934] {taskinstance.py:1032} INFO - Dependencies all met for <TaskInstance: tutorial.wcccw.wcccw_proccess_data scheduled__2022-03-27T12:54:27.698780+00:00 [queued]>
[2022-03-28 13:16:30,936] {taskinstance.py:1238} INFO - 
--------------------------------------------------------------------------------
[2022-03-28 13:16:30,940] {taskinstance.py:1239} INFO - Starting attempt 1 of 2
[2022-03-28 13:16:30,948] {taskinstance.py:1240} INFO - 
--------------------------------------------------------------------------------
[2022-03-28 13:16:31,006] {taskinstance.py:1259} INFO - Executing <Task(PythonOperator): wcccw.wcccw_proccess_data> on 2022-03-27 12:54:27.698780+00:00
[2022-03-28 13:16:31,025] {standard_task_runner.py:52} INFO - Started process 528 to run task
[2022-03-28 13:16:31,034] {standard_task_runner.py:76} INFO - Running: ['***', 'tasks', 'run', 'tutorial', 'wcccw.wcccw_proccess_data', 'scheduled__2022-03-27T12:54:27.698780+00:00', '--job-id', '1029', '--raw', '--subdir', 'DAGS_FOLDER/test_dag.py', '--cfg-path', '/tmp/tmpl5_ysapr', '--error-file', '/tmp/tmp1lzp056n']
[2022-03-28 13:16:31,037] {standard_task_runner.py:77} INFO - Job 1029: Subtask wcccw.wcccw_proccess_data
[2022-03-28 13:16:31,241] {logging_mixin.py:109} INFO - Running <TaskInstance: tutorial.wcccw.wcccw_proccess_data scheduled__2022-03-27T12:54:27.698780+00:00 [running]> on host ff48034dfdbf
[2022-03-28 13:16:31,471] {taskinstance.py:1426} INFO - Exporting the following env vars:
AIRFLOW_CTX_DAG_EMAIL=***@example.com
AIRFLOW_CTX_DAG_OWNER=***
AIRFLOW_CTX_DAG_ID=tutorial
AIRFLOW_CTX_TASK_ID=wcccw.wcccw_proccess_data
AIRFLOW_CTX_EXECUTION_DATE=2022-03-27T12:54:27.698780+00:00
AIRFLOW_CTX_DAG_RUN_ID=scheduled__2022-03-27T12:54:27.698780+00:00
[2022-03-28 13:17:31,225] {python.py:175} INFO - Done. Returned value was: None
[2022-03-28 13:17:31,244] {taskinstance.py:1277} INFO - Marking task as SUCCESS. dag_id=tutorial, task_id=wcccw.wcccw_proccess_data, execution_date=20220327T125427, start_date=20220328T131630, end_date=20220328T131731
[2022-03-28 13:17:31,291] {local_task_job.py:154} INFO - Task exited with return code 0
[2022-03-28 13:17:31,340] {local_task_job.py:264} INFO - 1 downstream tasks scheduled from follow-on schedule check
