[2022-04-30 12:52:41,739] {taskinstance.py:1032} INFO - Dependencies all met for <TaskInstance: tutorial.yryrty.yryrty_get_data scheduled__2022-04-29T12:29:40.424433+00:00 [queued]>
[2022-04-30 12:52:41,764] {taskinstance.py:1032} INFO - Dependencies all met for <TaskInstance: tutorial.yryrty.yryrty_get_data scheduled__2022-04-29T12:29:40.424433+00:00 [queued]>
[2022-04-30 12:52:41,765] {taskinstance.py:1238} INFO - 
--------------------------------------------------------------------------------
[2022-04-30 12:52:41,766] {taskinstance.py:1239} INFO - Starting attempt 1 of 2
[2022-04-30 12:52:41,767] {taskinstance.py:1240} INFO - 
--------------------------------------------------------------------------------
[2022-04-30 12:52:41,791] {taskinstance.py:1259} INFO - Executing <Task(PythonOperator): yryrty.yryrty_get_data> on 2022-04-29 12:29:40.424433+00:00
[2022-04-30 12:52:41,799] {standard_task_runner.py:52} INFO - Started process 79 to run task
[2022-04-30 12:52:41,805] {standard_task_runner.py:76} INFO - Running: ['***', 'tasks', 'run', 'tutorial', 'yryrty.yryrty_get_data', 'scheduled__2022-04-29T12:29:40.424433+00:00', '--job-id', '1759', '--raw', '--subdir', 'DAGS_FOLDER/test_dag.py', '--cfg-path', '/tmp/tmpfukcv2jr', '--error-file', '/tmp/tmphn01jjcw']
[2022-04-30 12:52:41,807] {standard_task_runner.py:77} INFO - Job 1759: Subtask yryrty.yryrty_get_data
[2022-04-30 12:52:41,956] {logging_mixin.py:109} INFO - Running <TaskInstance: tutorial.yryrty.yryrty_get_data scheduled__2022-04-29T12:29:40.424433+00:00 [running]> on host d5ad096ffea5
[2022-04-30 12:52:42,099] {taskinstance.py:1426} INFO - Exporting the following env vars:
AIRFLOW_CTX_DAG_EMAIL=***@example.com
AIRFLOW_CTX_DAG_OWNER=***
AIRFLOW_CTX_DAG_ID=tutorial
AIRFLOW_CTX_TASK_ID=yryrty.yryrty_get_data
AIRFLOW_CTX_EXECUTION_DATE=2022-04-29T12:29:40.424433+00:00
AIRFLOW_CTX_DAG_RUN_ID=scheduled__2022-04-29T12:29:40.424433+00:00
[2022-04-30 12:53:42,089] {python.py:175} INFO - Done. Returned value was: None
[2022-04-30 12:53:42,115] {taskinstance.py:1277} INFO - Marking task as SUCCESS. dag_id=tutorial, task_id=yryrty.yryrty_get_data, execution_date=20220429T122940, start_date=20220430T125241, end_date=20220430T125342
[2022-04-30 12:53:42,174] {local_task_job.py:154} INFO - Task exited with return code 0
[2022-04-30 12:53:42,255] {local_task_job.py:264} INFO - 1 downstream tasks scheduled from follow-on schedule check
