[2022-02-19 21:39:12,534] {taskinstance.py:1032} INFO - Dependencies all met for <TaskInstance: tutorial.xsxsxqc.xsxsxqc_print_proccesed_data manual__2022-02-19T21:36:05.015535+00:00 [queued]>
[2022-02-19 21:39:12,551] {taskinstance.py:1032} INFO - Dependencies all met for <TaskInstance: tutorial.xsxsxqc.xsxsxqc_print_proccesed_data manual__2022-02-19T21:36:05.015535+00:00 [queued]>
[2022-02-19 21:39:12,552] {taskinstance.py:1238} INFO - 
--------------------------------------------------------------------------------
[2022-02-19 21:39:12,553] {taskinstance.py:1239} INFO - Starting attempt 1 of 2
[2022-02-19 21:39:12,555] {taskinstance.py:1240} INFO - 
--------------------------------------------------------------------------------
[2022-02-19 21:39:12,577] {taskinstance.py:1259} INFO - Executing <Task(PythonOperator): xsxsxqc.xsxsxqc_print_proccesed_data> on 2022-02-19 21:36:05.015535+00:00
[2022-02-19 21:39:12,587] {standard_task_runner.py:52} INFO - Started process 4807 to run task
[2022-02-19 21:39:12,592] {standard_task_runner.py:76} INFO - Running: ['***', 'tasks', 'run', 'tutorial', 'xsxsxqc.xsxsxqc_print_proccesed_data', 'manual__2022-02-19T21:36:05.015535+00:00', '--job-id', '38', '--raw', '--subdir', 'DAGS_FOLDER/test_dag.py', '--cfg-path', '/tmp/tmptpdsxql7', '--error-file', '/tmp/tmpeey67jhh']
[2022-02-19 21:39:12,594] {standard_task_runner.py:77} INFO - Job 38: Subtask xsxsxqc.xsxsxqc_print_proccesed_data
[2022-02-19 21:39:12,698] {logging_mixin.py:109} INFO - Running <TaskInstance: tutorial.xsxsxqc.xsxsxqc_print_proccesed_data manual__2022-02-19T21:36:05.015535+00:00 [running]> on host ff48034dfdbf
[2022-02-19 21:39:12,868] {taskinstance.py:1426} INFO - Exporting the following env vars:
AIRFLOW_CTX_DAG_EMAIL=***@example.com
AIRFLOW_CTX_DAG_OWNER=***
AIRFLOW_CTX_DAG_ID=tutorial
AIRFLOW_CTX_TASK_ID=xsxsxqc.xsxsxqc_print_proccesed_data
AIRFLOW_CTX_EXECUTION_DATE=2022-02-19T21:36:05.015535+00:00
AIRFLOW_CTX_DAG_RUN_ID=manual__2022-02-19T21:36:05.015535+00:00
[2022-02-19 21:40:12,862] {python.py:175} INFO - Done. Returned value was: None
[2022-02-19 21:40:12,895] {taskinstance.py:1277} INFO - Marking task as SUCCESS. dag_id=tutorial, task_id=xsxsxqc.xsxsxqc_print_proccesed_data, execution_date=20220219T213605, start_date=20220219T213912, end_date=20220219T214012
[2022-02-19 21:40:12,959] {local_task_job.py:154} INFO - Task exited with return code 0
[2022-02-19 21:40:12,999] {local_task_job.py:264} INFO - 0 downstream tasks scheduled from follow-on schedule check
