[2022-03-28 12:51:22,692] {taskinstance.py:1032} INFO - Dependencies all met for <TaskInstance: tutorial.hfghfg.hfghfg_proccess_data scheduled__2022-03-15T12:05:20.517459+00:00 [queued]>
[2022-03-28 12:51:22,714] {taskinstance.py:1032} INFO - Dependencies all met for <TaskInstance: tutorial.hfghfg.hfghfg_proccess_data scheduled__2022-03-15T12:05:20.517459+00:00 [queued]>
[2022-03-28 12:51:22,715] {taskinstance.py:1238} INFO - 
--------------------------------------------------------------------------------
[2022-03-28 12:51:22,716] {taskinstance.py:1239} INFO - Starting attempt 1 of 2
[2022-03-28 12:51:22,717] {taskinstance.py:1240} INFO - 
--------------------------------------------------------------------------------
[2022-03-28 12:51:22,734] {taskinstance.py:1259} INFO - Executing <Task(PythonOperator): hfghfg.hfghfg_proccess_data> on 2022-03-15 12:05:20.517459+00:00
[2022-03-28 12:51:22,740] {standard_task_runner.py:52} INFO - Started process 251 to run task
[2022-03-28 12:51:22,745] {standard_task_runner.py:76} INFO - Running: ['***', 'tasks', 'run', 'tutorial', 'hfghfg.hfghfg_proccess_data', 'scheduled__2022-03-15T12:05:20.517459+00:00', '--job-id', '976', '--raw', '--subdir', 'DAGS_FOLDER/test_dag.py', '--cfg-path', '/tmp/tmp18hf175t', '--error-file', '/tmp/tmptzgp9381']
[2022-03-28 12:51:22,746] {standard_task_runner.py:77} INFO - Job 976: Subtask hfghfg.hfghfg_proccess_data
[2022-03-28 12:51:22,862] {logging_mixin.py:109} INFO - Running <TaskInstance: tutorial.hfghfg.hfghfg_proccess_data scheduled__2022-03-15T12:05:20.517459+00:00 [running]> on host ff48034dfdbf
[2022-03-28 12:51:22,995] {taskinstance.py:1426} INFO - Exporting the following env vars:
AIRFLOW_CTX_DAG_EMAIL=***@example.com
AIRFLOW_CTX_DAG_OWNER=***
AIRFLOW_CTX_DAG_ID=tutorial
AIRFLOW_CTX_TASK_ID=hfghfg.hfghfg_proccess_data
AIRFLOW_CTX_EXECUTION_DATE=2022-03-15T12:05:20.517459+00:00
AIRFLOW_CTX_DAG_RUN_ID=scheduled__2022-03-15T12:05:20.517459+00:00
[2022-03-28 12:52:23,012] {python.py:175} INFO - Done. Returned value was: None
[2022-03-28 12:52:23,040] {taskinstance.py:1277} INFO - Marking task as SUCCESS. dag_id=tutorial, task_id=hfghfg.hfghfg_proccess_data, execution_date=20220315T120520, start_date=20220328T125122, end_date=20220328T125223
[2022-03-28 12:52:23,121] {local_task_job.py:154} INFO - Task exited with return code 0
[2022-03-28 12:52:23,173] {local_task_job.py:264} INFO - 1 downstream tasks scheduled from follow-on schedule check
