[2022-04-30 12:55:07,874] {taskinstance.py:1032} INFO - Dependencies all met for <TaskInstance: cdn_daily.import_cat.run_cat scheduled__2022-04-29T12:55:05.495602+00:00 [queued]>
[2022-04-30 12:55:07,894] {taskinstance.py:1032} INFO - Dependencies all met for <TaskInstance: cdn_daily.import_cat.run_cat scheduled__2022-04-29T12:55:05.495602+00:00 [queued]>
[2022-04-30 12:55:07,896] {taskinstance.py:1238} INFO - 
--------------------------------------------------------------------------------
[2022-04-30 12:55:07,897] {taskinstance.py:1239} INFO - Starting attempt 1 of 2
[2022-04-30 12:55:07,898] {taskinstance.py:1240} INFO - 
--------------------------------------------------------------------------------
[2022-04-30 12:55:07,918] {taskinstance.py:1259} INFO - Executing <Task(PythonOperator): import_cat.run_cat> on 2022-04-29 12:55:05.495602+00:00
[2022-04-30 12:55:07,931] {standard_task_runner.py:52} INFO - Started process 240 to run task
[2022-04-30 12:55:07,937] {standard_task_runner.py:76} INFO - Running: ['***', 'tasks', 'run', 'cdn_daily', 'import_cat.run_cat', 'scheduled__2022-04-29T12:55:05.495602+00:00', '--job-id', '1796', '--raw', '--subdir', 'DAGS_FOLDER/cdn_daily.py', '--cfg-path', '/tmp/tmpq_lh5ez1', '--error-file', '/tmp/tmp22v_ga94']
[2022-04-30 12:55:07,939] {standard_task_runner.py:77} INFO - Job 1796: Subtask import_cat.run_cat
[2022-04-30 12:55:08,047] {logging_mixin.py:109} INFO - Running <TaskInstance: cdn_daily.import_cat.run_cat scheduled__2022-04-29T12:55:05.495602+00:00 [running]> on host d5ad096ffea5
[2022-04-30 12:55:08,134] {taskinstance.py:1426} INFO - Exporting the following env vars:
AIRFLOW_CTX_DAG_EMAIL=***@example.com
AIRFLOW_CTX_DAG_OWNER=***
AIRFLOW_CTX_DAG_ID=cdn_daily
AIRFLOW_CTX_TASK_ID=import_cat.run_cat
AIRFLOW_CTX_EXECUTION_DATE=2022-04-29T12:55:05.495602+00:00
AIRFLOW_CTX_DAG_RUN_ID=scheduled__2022-04-29T12:55:05.495602+00:00
[2022-04-30 12:55:08,167] {python.py:175} INFO - Done. Returned value was: None
[2022-04-30 12:55:08,183] {taskinstance.py:1277} INFO - Marking task as SUCCESS. dag_id=cdn_daily, task_id=import_cat.run_cat, execution_date=20220429T125505, start_date=20220430T125507, end_date=20220430T125508
[2022-04-30 12:55:08,232] {local_task_job.py:154} INFO - Task exited with return code 0
[2022-04-30 12:55:08,280] {local_task_job.py:264} INFO - 1 downstream tasks scheduled from follow-on schedule check
