[2022-03-14 12:08:24,230] {taskinstance.py:1032} INFO - Dependencies all met for <TaskInstance: tutorial.yryrty.yryrty_proccess_data scheduled__2022-03-13T12:05:20.517459+00:00 [queued]>
[2022-03-14 12:08:24,248] {taskinstance.py:1032} INFO - Dependencies all met for <TaskInstance: tutorial.yryrty.yryrty_proccess_data scheduled__2022-03-13T12:05:20.517459+00:00 [queued]>
[2022-03-14 12:08:24,250] {taskinstance.py:1238} INFO - 
--------------------------------------------------------------------------------
[2022-03-14 12:08:24,251] {taskinstance.py:1239} INFO - Starting attempt 1 of 2
[2022-03-14 12:08:24,252] {taskinstance.py:1240} INFO - 
--------------------------------------------------------------------------------
[2022-03-14 12:08:24,271] {taskinstance.py:1259} INFO - Executing <Task(PythonOperator): yryrty.yryrty_proccess_data> on 2022-03-13 12:05:20.517459+00:00
[2022-03-14 12:08:24,277] {standard_task_runner.py:52} INFO - Started process 1062 to run task
[2022-03-14 12:08:24,282] {standard_task_runner.py:76} INFO - Running: ['***', 'tasks', 'run', 'tutorial', 'yryrty.yryrty_proccess_data', 'scheduled__2022-03-13T12:05:20.517459+00:00', '--job-id', '850', '--raw', '--subdir', 'DAGS_FOLDER/test_dag.py', '--cfg-path', '/tmp/tmpd6c16cus', '--error-file', '/tmp/tmp7c9oi090']
[2022-03-14 12:08:24,284] {standard_task_runner.py:77} INFO - Job 850: Subtask yryrty.yryrty_proccess_data
[2022-03-14 12:08:24,387] {logging_mixin.py:109} INFO - Running <TaskInstance: tutorial.yryrty.yryrty_proccess_data scheduled__2022-03-13T12:05:20.517459+00:00 [running]> on host ff48034dfdbf
[2022-03-14 12:08:24,469] {taskinstance.py:1426} INFO - Exporting the following env vars:
AIRFLOW_CTX_DAG_EMAIL=***@example.com
AIRFLOW_CTX_DAG_OWNER=***
AIRFLOW_CTX_DAG_ID=tutorial
AIRFLOW_CTX_TASK_ID=yryrty.yryrty_proccess_data
AIRFLOW_CTX_EXECUTION_DATE=2022-03-13T12:05:20.517459+00:00
AIRFLOW_CTX_DAG_RUN_ID=scheduled__2022-03-13T12:05:20.517459+00:00
[2022-03-14 12:09:24,470] {python.py:175} INFO - Done. Returned value was: None
[2022-03-14 12:09:24,486] {taskinstance.py:1277} INFO - Marking task as SUCCESS. dag_id=tutorial, task_id=yryrty.yryrty_proccess_data, execution_date=20220313T120520, start_date=20220314T120824, end_date=20220314T120924
[2022-03-14 12:09:24,550] {local_task_job.py:154} INFO - Task exited with return code 0
[2022-03-14 12:09:24,592] {local_task_job.py:264} INFO - 1 downstream tasks scheduled from follow-on schedule check
