[2022-03-14 12:09:25,615] {taskinstance.py:1032} INFO - Dependencies all met for <TaskInstance: tutorial.gdgfg.gdgfg_print_proccesed_data scheduled__2022-03-13T11:51:30.016366+00:00 [queued]>
[2022-03-14 12:09:25,641] {taskinstance.py:1032} INFO - Dependencies all met for <TaskInstance: tutorial.gdgfg.gdgfg_print_proccesed_data scheduled__2022-03-13T11:51:30.016366+00:00 [queued]>
[2022-03-14 12:09:25,642] {taskinstance.py:1238} INFO - 
--------------------------------------------------------------------------------
[2022-03-14 12:09:25,643] {taskinstance.py:1239} INFO - Starting attempt 1 of 2
[2022-03-14 12:09:25,644] {taskinstance.py:1240} INFO - 
--------------------------------------------------------------------------------
[2022-03-14 12:09:25,670] {taskinstance.py:1259} INFO - Executing <Task(PythonOperator): gdgfg.gdgfg_print_proccesed_data> on 2022-03-13 11:51:30.016366+00:00
[2022-03-14 12:09:25,677] {standard_task_runner.py:52} INFO - Started process 1114 to run task
[2022-03-14 12:09:25,686] {standard_task_runner.py:76} INFO - Running: ['***', 'tasks', 'run', 'tutorial', 'gdgfg.gdgfg_print_proccesed_data', 'scheduled__2022-03-13T11:51:30.016366+00:00', '--job-id', '856', '--raw', '--subdir', 'DAGS_FOLDER/test_dag.py', '--cfg-path', '/tmp/tmpc3vgg3fn', '--error-file', '/tmp/tmp8oxre_xg']
[2022-03-14 12:09:25,688] {standard_task_runner.py:77} INFO - Job 856: Subtask gdgfg.gdgfg_print_proccesed_data
[2022-03-14 12:09:25,823] {logging_mixin.py:109} INFO - Running <TaskInstance: tutorial.gdgfg.gdgfg_print_proccesed_data scheduled__2022-03-13T11:51:30.016366+00:00 [running]> on host ff48034dfdbf
[2022-03-14 12:09:25,944] {taskinstance.py:1426} INFO - Exporting the following env vars:
AIRFLOW_CTX_DAG_EMAIL=***@example.com
AIRFLOW_CTX_DAG_OWNER=***
AIRFLOW_CTX_DAG_ID=tutorial
AIRFLOW_CTX_TASK_ID=gdgfg.gdgfg_print_proccesed_data
AIRFLOW_CTX_EXECUTION_DATE=2022-03-13T11:51:30.016366+00:00
AIRFLOW_CTX_DAG_RUN_ID=scheduled__2022-03-13T11:51:30.016366+00:00
[2022-03-14 12:10:25,906] {python.py:175} INFO - Done. Returned value was: None
[2022-03-14 12:10:25,926] {taskinstance.py:1277} INFO - Marking task as SUCCESS. dag_id=tutorial, task_id=gdgfg.gdgfg_print_proccesed_data, execution_date=20220313T115130, start_date=20220314T120925, end_date=20220314T121025
[2022-03-14 12:10:25,986] {local_task_job.py:154} INFO - Task exited with return code 0
[2022-03-14 12:10:26,033] {local_task_job.py:264} INFO - 0 downstream tasks scheduled from follow-on schedule check
