[2022-04-23 14:27:54,917] {taskinstance.py:1032} INFO - Dependencies all met for <TaskInstance: tutorial.gdgfg.gdgfg_proccess_data scheduled__2022-04-22T14:25:49.377068+00:00 [queued]>
[2022-04-23 14:27:54,944] {taskinstance.py:1032} INFO - Dependencies all met for <TaskInstance: tutorial.gdgfg.gdgfg_proccess_data scheduled__2022-04-22T14:25:49.377068+00:00 [queued]>
[2022-04-23 14:27:54,946] {taskinstance.py:1238} INFO - 
--------------------------------------------------------------------------------
[2022-04-23 14:27:54,947] {taskinstance.py:1239} INFO - Starting attempt 1 of 2
[2022-04-23 14:27:54,948] {taskinstance.py:1240} INFO - 
--------------------------------------------------------------------------------
[2022-04-23 14:27:54,966] {taskinstance.py:1259} INFO - Executing <Task(PythonOperator): gdgfg.gdgfg_proccess_data> on 2022-04-22 14:25:49.377068+00:00
[2022-04-23 14:27:54,974] {standard_task_runner.py:52} INFO - Started process 721 to run task
[2022-04-23 14:27:54,981] {standard_task_runner.py:76} INFO - Running: ['***', 'tasks', 'run', 'tutorial', 'gdgfg.gdgfg_proccess_data', 'scheduled__2022-04-22T14:25:49.377068+00:00', '--job-id', '1209', '--raw', '--subdir', 'DAGS_FOLDER/test_dag.py', '--cfg-path', '/tmp/tmpvyjee0a_', '--error-file', '/tmp/tmppxrs3dwd']
[2022-04-23 14:27:54,983] {standard_task_runner.py:77} INFO - Job 1209: Subtask gdgfg.gdgfg_proccess_data
[2022-04-23 14:27:55,115] {logging_mixin.py:109} INFO - Running <TaskInstance: tutorial.gdgfg.gdgfg_proccess_data scheduled__2022-04-22T14:25:49.377068+00:00 [running]> on host ff48034dfdbf
[2022-04-23 14:27:55,250] {taskinstance.py:1426} INFO - Exporting the following env vars:
AIRFLOW_CTX_DAG_EMAIL=***@example.com
AIRFLOW_CTX_DAG_OWNER=***
AIRFLOW_CTX_DAG_ID=tutorial
AIRFLOW_CTX_TASK_ID=gdgfg.gdgfg_proccess_data
AIRFLOW_CTX_EXECUTION_DATE=2022-04-22T14:25:49.377068+00:00
AIRFLOW_CTX_DAG_RUN_ID=scheduled__2022-04-22T14:25:49.377068+00:00
[2022-04-23 14:28:55,226] {python.py:175} INFO - Done. Returned value was: None
[2022-04-23 14:28:55,267] {taskinstance.py:1277} INFO - Marking task as SUCCESS. dag_id=tutorial, task_id=gdgfg.gdgfg_proccess_data, execution_date=20220422T142549, start_date=20220423T142754, end_date=20220423T142855
[2022-04-23 14:28:55,343] {local_task_job.py:154} INFO - Task exited with return code 0
[2022-04-23 14:28:55,451] {local_task_job.py:264} INFO - 1 downstream tasks scheduled from follow-on schedule check
