[2022-03-05 10:32:56,497] {taskinstance.py:1032} INFO - Dependencies all met for <TaskInstance: tutorial.eaeaz.eaeaz_proccess_data scheduled__2022-03-04T10:29:52.784989+00:00 [queued]>
[2022-03-05 10:32:56,522] {taskinstance.py:1032} INFO - Dependencies all met for <TaskInstance: tutorial.eaeaz.eaeaz_proccess_data scheduled__2022-03-04T10:29:52.784989+00:00 [queued]>
[2022-03-05 10:32:56,524] {taskinstance.py:1238} INFO - 
--------------------------------------------------------------------------------
[2022-03-05 10:32:56,525] {taskinstance.py:1239} INFO - Starting attempt 1 of 2
[2022-03-05 10:32:56,527] {taskinstance.py:1240} INFO - 
--------------------------------------------------------------------------------
[2022-03-05 10:32:56,553] {taskinstance.py:1259} INFO - Executing <Task(PythonOperator): eaeaz.eaeaz_proccess_data> on 2022-03-04 10:29:52.784989+00:00
[2022-03-05 10:32:56,565] {standard_task_runner.py:52} INFO - Started process 658 to run task
[2022-03-05 10:32:56,572] {standard_task_runner.py:76} INFO - Running: ['***', 'tasks', 'run', 'tutorial', 'eaeaz.eaeaz_proccess_data', 'scheduled__2022-03-04T10:29:52.784989+00:00', '--job-id', '570', '--raw', '--subdir', 'DAGS_FOLDER/test_dag.py', '--cfg-path', '/tmp/tmp4i27jybi', '--error-file', '/tmp/tmpehn4ldoc']
[2022-03-05 10:32:56,577] {standard_task_runner.py:77} INFO - Job 570: Subtask eaeaz.eaeaz_proccess_data
[2022-03-05 10:32:56,730] {logging_mixin.py:109} INFO - Running <TaskInstance: tutorial.eaeaz.eaeaz_proccess_data scheduled__2022-03-04T10:29:52.784989+00:00 [running]> on host ff48034dfdbf
[2022-03-05 10:32:56,856] {taskinstance.py:1426} INFO - Exporting the following env vars:
AIRFLOW_CTX_DAG_EMAIL=***@example.com
AIRFLOW_CTX_DAG_OWNER=***
AIRFLOW_CTX_DAG_ID=tutorial
AIRFLOW_CTX_TASK_ID=eaeaz.eaeaz_proccess_data
AIRFLOW_CTX_EXECUTION_DATE=2022-03-04T10:29:52.784989+00:00
AIRFLOW_CTX_DAG_RUN_ID=scheduled__2022-03-04T10:29:52.784989+00:00
[2022-03-05 10:33:56,877] {python.py:175} INFO - Done. Returned value was: None
[2022-03-05 10:33:56,894] {taskinstance.py:1277} INFO - Marking task as SUCCESS. dag_id=tutorial, task_id=eaeaz.eaeaz_proccess_data, execution_date=20220304T102952, start_date=20220305T103256, end_date=20220305T103356
[2022-03-05 10:33:56,934] {local_task_job.py:154} INFO - Task exited with return code 0
[2022-03-05 10:33:56,975] {local_task_job.py:264} INFO - 1 downstream tasks scheduled from follow-on schedule check
