[2022-04-26 14:00:28,975] {taskinstance.py:1032} INFO - Dependencies all met for <TaskInstance: tutorial.yryrty.yryrty_get_data scheduled__2022-04-25T13:59:28.202500+00:00 [queued]>
[2022-04-26 14:00:29,007] {taskinstance.py:1032} INFO - Dependencies all met for <TaskInstance: tutorial.yryrty.yryrty_get_data scheduled__2022-04-25T13:59:28.202500+00:00 [queued]>
[2022-04-26 14:00:29,009] {taskinstance.py:1238} INFO - 
--------------------------------------------------------------------------------
[2022-04-26 14:00:29,010] {taskinstance.py:1239} INFO - Starting attempt 1 of 2
[2022-04-26 14:00:29,011] {taskinstance.py:1240} INFO - 
--------------------------------------------------------------------------------
[2022-04-26 14:00:29,042] {taskinstance.py:1259} INFO - Executing <Task(PythonOperator): yryrty.yryrty_get_data> on 2022-04-25 13:59:28.202500+00:00
[2022-04-26 14:00:29,050] {standard_task_runner.py:52} INFO - Started process 499 to run task
[2022-04-26 14:00:29,058] {standard_task_runner.py:76} INFO - Running: ['***', 'tasks', 'run', 'tutorial', 'yryrty.yryrty_get_data', 'scheduled__2022-04-25T13:59:28.202500+00:00', '--job-id', '1313', '--raw', '--subdir', 'DAGS_FOLDER/test_dag.py', '--cfg-path', '/tmp/tmp1euv065u', '--error-file', '/tmp/tmpk8niyhtj']
[2022-04-26 14:00:29,061] {standard_task_runner.py:77} INFO - Job 1313: Subtask yryrty.yryrty_get_data
[2022-04-26 14:00:29,216] {logging_mixin.py:109} INFO - Running <TaskInstance: tutorial.yryrty.yryrty_get_data scheduled__2022-04-25T13:59:28.202500+00:00 [running]> on host ff48034dfdbf
[2022-04-26 14:00:29,324] {taskinstance.py:1426} INFO - Exporting the following env vars:
AIRFLOW_CTX_DAG_EMAIL=***@example.com
AIRFLOW_CTX_DAG_OWNER=***
AIRFLOW_CTX_DAG_ID=tutorial
AIRFLOW_CTX_TASK_ID=yryrty.yryrty_get_data
AIRFLOW_CTX_EXECUTION_DATE=2022-04-25T13:59:28.202500+00:00
AIRFLOW_CTX_DAG_RUN_ID=scheduled__2022-04-25T13:59:28.202500+00:00
[2022-04-26 14:01:29,344] {python.py:175} INFO - Done. Returned value was: None
[2022-04-26 14:01:29,415] {taskinstance.py:1277} INFO - Marking task as SUCCESS. dag_id=tutorial, task_id=yryrty.yryrty_get_data, execution_date=20220425T135928, start_date=20220426T140028, end_date=20220426T140129
[2022-04-26 14:01:29,455] {local_task_job.py:154} INFO - Task exited with return code 0
[2022-04-26 14:01:29,515] {local_task_job.py:264} INFO - 1 downstream tasks scheduled from follow-on schedule check
