[2022-03-14 12:06:22,251] {taskinstance.py:1032} INFO - Dependencies all met for <TaskInstance: tutorial.xsxsxqc.xsxsxqc_get_data scheduled__2022-03-13T12:05:20.517459+00:00 [queued]>
[2022-03-14 12:06:22,271] {taskinstance.py:1032} INFO - Dependencies all met for <TaskInstance: tutorial.xsxsxqc.xsxsxqc_get_data scheduled__2022-03-13T12:05:20.517459+00:00 [queued]>
[2022-03-14 12:06:22,273] {taskinstance.py:1238} INFO - 
--------------------------------------------------------------------------------
[2022-03-14 12:06:22,274] {taskinstance.py:1239} INFO - Starting attempt 1 of 2
[2022-03-14 12:06:22,275] {taskinstance.py:1240} INFO - 
--------------------------------------------------------------------------------
[2022-03-14 12:06:22,294] {taskinstance.py:1259} INFO - Executing <Task(PythonOperator): xsxsxqc.xsxsxqc_get_data> on 2022-03-13 12:05:20.517459+00:00
[2022-03-14 12:06:22,301] {standard_task_runner.py:52} INFO - Started process 938 to run task
[2022-03-14 12:06:22,308] {standard_task_runner.py:76} INFO - Running: ['***', 'tasks', 'run', 'tutorial', 'xsxsxqc.xsxsxqc_get_data', 'scheduled__2022-03-13T12:05:20.517459+00:00', '--job-id', '830', '--raw', '--subdir', 'DAGS_FOLDER/test_dag.py', '--cfg-path', '/tmp/tmpp4xho6e0', '--error-file', '/tmp/tmpcv_xjnqj']
[2022-03-14 12:06:22,309] {standard_task_runner.py:77} INFO - Job 830: Subtask xsxsxqc.xsxsxqc_get_data
[2022-03-14 12:06:22,425] {logging_mixin.py:109} INFO - Running <TaskInstance: tutorial.xsxsxqc.xsxsxqc_get_data scheduled__2022-03-13T12:05:20.517459+00:00 [running]> on host ff48034dfdbf
[2022-03-14 12:06:22,515] {taskinstance.py:1426} INFO - Exporting the following env vars:
AIRFLOW_CTX_DAG_EMAIL=***@example.com
AIRFLOW_CTX_DAG_OWNER=***
AIRFLOW_CTX_DAG_ID=tutorial
AIRFLOW_CTX_TASK_ID=xsxsxqc.xsxsxqc_get_data
AIRFLOW_CTX_EXECUTION_DATE=2022-03-13T12:05:20.517459+00:00
AIRFLOW_CTX_DAG_RUN_ID=scheduled__2022-03-13T12:05:20.517459+00:00
[2022-03-14 12:07:22,524] {python.py:175} INFO - Done. Returned value was: None
[2022-03-14 12:07:22,545] {taskinstance.py:1277} INFO - Marking task as SUCCESS. dag_id=tutorial, task_id=xsxsxqc.xsxsxqc_get_data, execution_date=20220313T120520, start_date=20220314T120622, end_date=20220314T120722
[2022-03-14 12:07:22,614] {local_task_job.py:154} INFO - Task exited with return code 0
[2022-03-14 12:07:22,686] {local_task_job.py:264} INFO - 1 downstream tasks scheduled from follow-on schedule check
