[2022-04-30 12:57:31,977] {taskinstance.py:1032} INFO - Dependencies all met for <TaskInstance: cdn_daily.check_presence_of_bsre1 manual__2022-04-30T12:57:31.335659+00:00 [queued]>
[2022-04-30 12:57:31,996] {taskinstance.py:1032} INFO - Dependencies all met for <TaskInstance: cdn_daily.check_presence_of_bsre1 manual__2022-04-30T12:57:31.335659+00:00 [queued]>
[2022-04-30 12:57:31,997] {taskinstance.py:1238} INFO - 
--------------------------------------------------------------------------------
[2022-04-30 12:57:31,998] {taskinstance.py:1239} INFO - Starting attempt 1 of 2
[2022-04-30 12:57:31,999] {taskinstance.py:1240} INFO - 
--------------------------------------------------------------------------------
[2022-04-30 12:57:32,019] {taskinstance.py:1259} INFO - Executing <Task(PythonOperator): check_presence_of_bsre1> on 2022-04-30 12:57:31.335659+00:00
[2022-04-30 12:57:32,026] {standard_task_runner.py:52} INFO - Started process 360 to run task
[2022-04-30 12:57:32,038] {standard_task_runner.py:76} INFO - Running: ['***', 'tasks', 'run', 'cdn_daily', 'check_presence_of_bsre1', 'manual__2022-04-30T12:57:31.335659+00:00', '--job-id', '1808', '--raw', '--subdir', 'DAGS_FOLDER/cdn_daily.py', '--cfg-path', '/tmp/tmpqqe7hrr8', '--error-file', '/tmp/tmpxgoz1zws']
[2022-04-30 12:57:32,044] {standard_task_runner.py:77} INFO - Job 1808: Subtask check_presence_of_bsre1
[2022-04-30 12:57:32,236] {logging_mixin.py:109} INFO - Running <TaskInstance: cdn_daily.check_presence_of_bsre1 manual__2022-04-30T12:57:31.335659+00:00 [running]> on host d5ad096ffea5
[2022-04-30 12:57:32,385] {taskinstance.py:1426} INFO - Exporting the following env vars:
AIRFLOW_CTX_DAG_EMAIL=***@example.com
AIRFLOW_CTX_DAG_OWNER=***
AIRFLOW_CTX_DAG_ID=cdn_daily
AIRFLOW_CTX_TASK_ID=check_presence_of_bsre1
AIRFLOW_CTX_EXECUTION_DATE=2022-04-30T12:57:31.335659+00:00
AIRFLOW_CTX_DAG_RUN_ID=manual__2022-04-30T12:57:31.335659+00:00
[2022-04-30 12:57:32,462] {python.py:175} INFO - Done. Returned value was: None
[2022-04-30 12:57:32,503] {taskinstance.py:1277} INFO - Marking task as SUCCESS. dag_id=cdn_daily, task_id=check_presence_of_bsre1, execution_date=20220430T125731, start_date=20220430T125731, end_date=20220430T125732
[2022-04-30 12:57:32,577] {local_task_job.py:154} INFO - Task exited with return code 0
[2022-04-30 12:57:32,656] {local_task_job.py:264} INFO - 1 downstream tasks scheduled from follow-on schedule check
