[2022-04-26 13:53:18,201] {taskinstance.py:1032} INFO - Dependencies all met for <TaskInstance: tutorial.wcccw.wcccw_get_data scheduled__2022-04-23T14:25:49.377068+00:00 [queued]>
[2022-04-26 13:53:18,279] {taskinstance.py:1032} INFO - Dependencies all met for <TaskInstance: tutorial.wcccw.wcccw_get_data scheduled__2022-04-23T14:25:49.377068+00:00 [queued]>
[2022-04-26 13:53:18,293] {taskinstance.py:1238} INFO - 
--------------------------------------------------------------------------------
[2022-04-26 13:53:18,309] {taskinstance.py:1239} INFO - Starting attempt 1 of 2
[2022-04-26 13:53:18,315] {taskinstance.py:1240} INFO - 
--------------------------------------------------------------------------------
[2022-04-26 13:53:18,407] {taskinstance.py:1259} INFO - Executing <Task(PythonOperator): wcccw.wcccw_get_data> on 2022-04-23 14:25:49.377068+00:00
[2022-04-26 13:53:18,476] {standard_task_runner.py:52} INFO - Started process 100 to run task
[2022-04-26 13:53:18,575] {standard_task_runner.py:76} INFO - Running: ['***', 'tasks', 'run', 'tutorial', 'wcccw.wcccw_get_data', 'scheduled__2022-04-23T14:25:49.377068+00:00', '--job-id', '1247', '--raw', '--subdir', 'DAGS_FOLDER/test_dag.py', '--cfg-path', '/tmp/tmp3k3qinwu', '--error-file', '/tmp/tmp41ewz45a']
[2022-04-26 13:53:18,609] {standard_task_runner.py:77} INFO - Job 1247: Subtask wcccw.wcccw_get_data
[2022-04-26 13:53:18,917] {logging_mixin.py:109} INFO - Running <TaskInstance: tutorial.wcccw.wcccw_get_data scheduled__2022-04-23T14:25:49.377068+00:00 [running]> on host ff48034dfdbf
[2022-04-26 13:53:19,091] {taskinstance.py:1426} INFO - Exporting the following env vars:
AIRFLOW_CTX_DAG_EMAIL=***@example.com
AIRFLOW_CTX_DAG_OWNER=***
AIRFLOW_CTX_DAG_ID=tutorial
AIRFLOW_CTX_TASK_ID=wcccw.wcccw_get_data
AIRFLOW_CTX_EXECUTION_DATE=2022-04-23T14:25:49.377068+00:00
AIRFLOW_CTX_DAG_RUN_ID=scheduled__2022-04-23T14:25:49.377068+00:00
[2022-04-26 13:54:19,113] {python.py:175} INFO - Done. Returned value was: None
[2022-04-26 13:54:19,290] {taskinstance.py:1277} INFO - Marking task as SUCCESS. dag_id=tutorial, task_id=wcccw.wcccw_get_data, execution_date=20220423T142549, start_date=20220426T135318, end_date=20220426T135419
[2022-04-26 13:54:19,351] {local_task_job.py:154} INFO - Task exited with return code 0
[2022-04-26 13:54:19,430] {local_task_job.py:264} INFO - 1 downstream tasks scheduled from follow-on schedule check
