[2022-04-29 15:33:47,726] {taskinstance.py:1032} INFO - Dependencies all met for <TaskInstance: cdn_daily.import_vol.check_status_of_vol manual__2022-04-29T15:33:34.007459+00:00 [queued]>
[2022-04-29 15:33:47,743] {taskinstance.py:1032} INFO - Dependencies all met for <TaskInstance: cdn_daily.import_vol.check_status_of_vol manual__2022-04-29T15:33:34.007459+00:00 [queued]>
[2022-04-29 15:33:47,744] {taskinstance.py:1238} INFO - 
--------------------------------------------------------------------------------
[2022-04-29 15:33:47,745] {taskinstance.py:1239} INFO - Starting attempt 1 of 2
[2022-04-29 15:33:47,746] {taskinstance.py:1240} INFO - 
--------------------------------------------------------------------------------
[2022-04-29 15:33:47,767] {taskinstance.py:1259} INFO - Executing <Task(PythonOperator): import_vol.check_status_of_vol> on 2022-04-29 15:33:34.007459+00:00
[2022-04-29 15:33:47,774] {standard_task_runner.py:52} INFO - Started process 3889 to run task
[2022-04-29 15:33:47,779] {standard_task_runner.py:76} INFO - Running: ['***', 'tasks', 'run', 'cdn_daily', 'import_vol.check_status_of_vol', 'manual__2022-04-29T15:33:34.007459+00:00', '--job-id', '1725', '--raw', '--subdir', 'DAGS_FOLDER/cdn_daily.py', '--cfg-path', '/tmp/tmp4yxqoa1m', '--error-file', '/tmp/tmpsjlmepol']
[2022-04-29 15:33:47,780] {standard_task_runner.py:77} INFO - Job 1725: Subtask import_vol.check_status_of_vol
[2022-04-29 15:33:47,868] {logging_mixin.py:109} INFO - Running <TaskInstance: cdn_daily.import_vol.check_status_of_vol manual__2022-04-29T15:33:34.007459+00:00 [running]> on host d5ad096ffea5
[2022-04-29 15:33:47,950] {taskinstance.py:1426} INFO - Exporting the following env vars:
AIRFLOW_CTX_DAG_EMAIL=***@example.com
AIRFLOW_CTX_DAG_OWNER=***
AIRFLOW_CTX_DAG_ID=cdn_daily
AIRFLOW_CTX_TASK_ID=import_vol.check_status_of_vol
AIRFLOW_CTX_EXECUTION_DATE=2022-04-29T15:33:34.007459+00:00
AIRFLOW_CTX_DAG_RUN_ID=manual__2022-04-29T15:33:34.007459+00:00
[2022-04-29 15:33:47,953] {logging_mixin.py:109} INFO - run_vol
[2022-04-29 15:33:47,965] {logging_mixin.py:109} INFO - None
[2022-04-29 15:33:47,976] {logging_mixin.py:109} INFO - vol.alm
[2022-04-29 15:33:47,987] {logging_mixin.py:109} INFO - 2
[2022-04-29 15:33:49,991] {python.py:175} INFO - Done. Returned value was: None
[2022-04-29 15:33:50,008] {taskinstance.py:1277} INFO - Marking task as SUCCESS. dag_id=cdn_daily, task_id=import_vol.check_status_of_vol, execution_date=20220429T153334, start_date=20220429T153347, end_date=20220429T153350
[2022-04-29 15:33:50,062] {local_task_job.py:154} INFO - Task exited with return code 0
[2022-04-29 15:33:50,102] {local_task_job.py:264} INFO - 0 downstream tasks scheduled from follow-on schedule check
