[2022-02-23 21:45:05,191] {taskinstance.py:1032} INFO - Dependencies all met for <TaskInstance: tutorial.yryrty.yryrty_get_data scheduled__2022-02-22T21:44:04.027723+00:00 [queued]>
[2022-02-23 21:45:05,210] {taskinstance.py:1032} INFO - Dependencies all met for <TaskInstance: tutorial.yryrty.yryrty_get_data scheduled__2022-02-22T21:44:04.027723+00:00 [queued]>
[2022-02-23 21:45:05,212] {taskinstance.py:1238} INFO - 
--------------------------------------------------------------------------------
[2022-02-23 21:45:05,213] {taskinstance.py:1239} INFO - Starting attempt 1 of 2
[2022-02-23 21:45:05,215] {taskinstance.py:1240} INFO - 
--------------------------------------------------------------------------------
[2022-02-23 21:45:05,240] {taskinstance.py:1259} INFO - Executing <Task(PythonOperator): yryrty.yryrty_get_data> on 2022-02-22 21:44:04.027723+00:00
[2022-02-23 21:45:05,246] {standard_task_runner.py:52} INFO - Started process 518 to run task
[2022-02-23 21:45:05,254] {standard_task_runner.py:76} INFO - Running: ['***', 'tasks', 'run', 'tutorial', 'yryrty.yryrty_get_data', 'scheduled__2022-02-22T21:44:04.027723+00:00', '--job-id', '176', '--raw', '--subdir', 'DAGS_FOLDER/test_dag.py', '--cfg-path', '/tmp/tmpozygfu_7', '--error-file', '/tmp/tmpd2_c8cax']
[2022-02-23 21:45:05,256] {standard_task_runner.py:77} INFO - Job 176: Subtask yryrty.yryrty_get_data
[2022-02-23 21:45:05,369] {logging_mixin.py:109} INFO - Running <TaskInstance: tutorial.yryrty.yryrty_get_data scheduled__2022-02-22T21:44:04.027723+00:00 [running]> on host ff48034dfdbf
[2022-02-23 21:45:05,480] {taskinstance.py:1426} INFO - Exporting the following env vars:
AIRFLOW_CTX_DAG_EMAIL=***@example.com
AIRFLOW_CTX_DAG_OWNER=***
AIRFLOW_CTX_DAG_ID=tutorial
AIRFLOW_CTX_TASK_ID=yryrty.yryrty_get_data
AIRFLOW_CTX_EXECUTION_DATE=2022-02-22T21:44:04.027723+00:00
AIRFLOW_CTX_DAG_RUN_ID=scheduled__2022-02-22T21:44:04.027723+00:00
[2022-02-23 21:46:05,502] {python.py:175} INFO - Done. Returned value was: None
[2022-02-23 21:46:05,518] {taskinstance.py:1277} INFO - Marking task as SUCCESS. dag_id=tutorial, task_id=yryrty.yryrty_get_data, execution_date=20220222T214404, start_date=20220223T214505, end_date=20220223T214605
[2022-02-23 21:46:05,551] {local_task_job.py:154} INFO - Task exited with return code 0
[2022-02-23 21:46:05,590] {local_task_job.py:264} INFO - 1 downstream tasks scheduled from follow-on schedule check
