[2022-03-14 12:11:22,368] {taskinstance.py:1032} INFO - Dependencies all met for <TaskInstance: tutorial.fsqfqf.fsqfqf_print_proccesed_data scheduled__2022-03-13T12:00:13.316065+00:00 [queued]>
[2022-03-14 12:11:22,387] {taskinstance.py:1032} INFO - Dependencies all met for <TaskInstance: tutorial.fsqfqf.fsqfqf_print_proccesed_data scheduled__2022-03-13T12:00:13.316065+00:00 [queued]>
[2022-03-14 12:11:22,388] {taskinstance.py:1238} INFO - 
--------------------------------------------------------------------------------
[2022-03-14 12:11:22,389] {taskinstance.py:1239} INFO - Starting attempt 1 of 2
[2022-03-14 12:11:22,390] {taskinstance.py:1240} INFO - 
--------------------------------------------------------------------------------
[2022-03-14 12:11:22,409] {taskinstance.py:1259} INFO - Executing <Task(PythonOperator): fsqfqf.fsqfqf_print_proccesed_data> on 2022-03-13 12:00:13.316065+00:00
[2022-03-14 12:11:22,417] {standard_task_runner.py:52} INFO - Started process 1220 to run task
[2022-03-14 12:11:22,422] {standard_task_runner.py:76} INFO - Running: ['***', 'tasks', 'run', 'tutorial', 'fsqfqf.fsqfqf_print_proccesed_data', 'scheduled__2022-03-13T12:00:13.316065+00:00', '--job-id', '875', '--raw', '--subdir', 'DAGS_FOLDER/test_dag.py', '--cfg-path', '/tmp/tmpgx247wkf', '--error-file', '/tmp/tmpifwipwze']
[2022-03-14 12:11:22,423] {standard_task_runner.py:77} INFO - Job 875: Subtask fsqfqf.fsqfqf_print_proccesed_data
[2022-03-14 12:11:22,498] {logging_mixin.py:109} INFO - Running <TaskInstance: tutorial.fsqfqf.fsqfqf_print_proccesed_data scheduled__2022-03-13T12:00:13.316065+00:00 [running]> on host ff48034dfdbf
[2022-03-14 12:11:22,564] {taskinstance.py:1426} INFO - Exporting the following env vars:
AIRFLOW_CTX_DAG_EMAIL=***@example.com
AIRFLOW_CTX_DAG_OWNER=***
AIRFLOW_CTX_DAG_ID=tutorial
AIRFLOW_CTX_TASK_ID=fsqfqf.fsqfqf_print_proccesed_data
AIRFLOW_CTX_EXECUTION_DATE=2022-03-13T12:00:13.316065+00:00
AIRFLOW_CTX_DAG_RUN_ID=scheduled__2022-03-13T12:00:13.316065+00:00
[2022-03-14 12:12:22,572] {python.py:175} INFO - Done. Returned value was: None
[2022-03-14 12:12:22,596] {taskinstance.py:1277} INFO - Marking task as SUCCESS. dag_id=tutorial, task_id=fsqfqf.fsqfqf_print_proccesed_data, execution_date=20220313T120013, start_date=20220314T121122, end_date=20220314T121222
[2022-03-14 12:12:22,653] {local_task_job.py:154} INFO - Task exited with return code 0
[2022-03-14 12:12:22,695] {local_task_job.py:264} INFO - 0 downstream tasks scheduled from follow-on schedule check
