[2022-03-14 11:57:09,955] {taskinstance.py:1032} INFO - Dependencies all met for <TaskInstance: tutorial.eaeaz.eaeaz_proccess_data scheduled__2022-03-09T18:13:06.710203+00:00 [queued]>
[2022-03-14 11:57:09,984] {taskinstance.py:1032} INFO - Dependencies all met for <TaskInstance: tutorial.eaeaz.eaeaz_proccess_data scheduled__2022-03-09T18:13:06.710203+00:00 [queued]>
[2022-03-14 11:57:09,985] {taskinstance.py:1238} INFO - 
--------------------------------------------------------------------------------
[2022-03-14 11:57:09,986] {taskinstance.py:1239} INFO - Starting attempt 1 of 2
[2022-03-14 11:57:09,987] {taskinstance.py:1240} INFO - 
--------------------------------------------------------------------------------
[2022-03-14 11:57:10,020] {taskinstance.py:1259} INFO - Executing <Task(PythonOperator): eaeaz.eaeaz_proccess_data> on 2022-03-09 18:13:06.710203+00:00
[2022-03-14 11:57:10,028] {standard_task_runner.py:52} INFO - Started process 399 to run task
[2022-03-14 11:57:10,037] {standard_task_runner.py:76} INFO - Running: ['***', 'tasks', 'run', 'tutorial', 'eaeaz.eaeaz_proccess_data', 'scheduled__2022-03-09T18:13:06.710203+00:00', '--job-id', '741', '--raw', '--subdir', 'DAGS_FOLDER/test_dag.py', '--cfg-path', '/tmp/tmp3au1qyxc', '--error-file', '/tmp/tmpkt73gjqb']
[2022-03-14 11:57:10,039] {standard_task_runner.py:77} INFO - Job 741: Subtask eaeaz.eaeaz_proccess_data
[2022-03-14 11:57:10,210] {logging_mixin.py:109} INFO - Running <TaskInstance: tutorial.eaeaz.eaeaz_proccess_data scheduled__2022-03-09T18:13:06.710203+00:00 [running]> on host ff48034dfdbf
[2022-03-14 11:57:10,328] {taskinstance.py:1426} INFO - Exporting the following env vars:
AIRFLOW_CTX_DAG_EMAIL=***@example.com
AIRFLOW_CTX_DAG_OWNER=***
AIRFLOW_CTX_DAG_ID=tutorial
AIRFLOW_CTX_TASK_ID=eaeaz.eaeaz_proccess_data
AIRFLOW_CTX_EXECUTION_DATE=2022-03-09T18:13:06.710203+00:00
AIRFLOW_CTX_DAG_RUN_ID=scheduled__2022-03-09T18:13:06.710203+00:00
[2022-03-14 11:58:10,291] {python.py:175} INFO - Done. Returned value was: None
[2022-03-14 11:58:10,436] {taskinstance.py:1277} INFO - Marking task as SUCCESS. dag_id=tutorial, task_id=eaeaz.eaeaz_proccess_data, execution_date=20220309T181306, start_date=20220314T115709, end_date=20220314T115810
[2022-03-14 11:58:10,523] {local_task_job.py:154} INFO - Task exited with return code 0
[2022-03-14 11:58:10,608] {local_task_job.py:264} INFO - 1 downstream tasks scheduled from follow-on schedule check
