[2022-03-14 12:13:31,284] {taskinstance.py:1032} INFO - Dependencies all met for <TaskInstance: tutorial.eaeaz.eaeaz_print_proccesed_data scheduled__2022-03-13T12:05:20.517459+00:00 [queued]>
[2022-03-14 12:13:31,311] {taskinstance.py:1032} INFO - Dependencies all met for <TaskInstance: tutorial.eaeaz.eaeaz_print_proccesed_data scheduled__2022-03-13T12:05:20.517459+00:00 [queued]>
[2022-03-14 12:13:31,312] {taskinstance.py:1238} INFO - 
--------------------------------------------------------------------------------
[2022-03-14 12:13:31,313] {taskinstance.py:1239} INFO - Starting attempt 1 of 2
[2022-03-14 12:13:31,314] {taskinstance.py:1240} INFO - 
--------------------------------------------------------------------------------
[2022-03-14 12:13:31,335] {taskinstance.py:1259} INFO - Executing <Task(PythonOperator): eaeaz.eaeaz_print_proccesed_data> on 2022-03-13 12:05:20.517459+00:00
[2022-03-14 12:13:31,344] {standard_task_runner.py:52} INFO - Started process 1359 to run task
[2022-03-14 12:13:31,353] {standard_task_runner.py:76} INFO - Running: ['***', 'tasks', 'run', 'tutorial', 'eaeaz.eaeaz_print_proccesed_data', 'scheduled__2022-03-13T12:05:20.517459+00:00', '--job-id', '896', '--raw', '--subdir', 'DAGS_FOLDER/test_dag.py', '--cfg-path', '/tmp/tmpu0cfhs71', '--error-file', '/tmp/tmpgbm65kxr']
[2022-03-14 12:13:31,355] {standard_task_runner.py:77} INFO - Job 896: Subtask eaeaz.eaeaz_print_proccesed_data
[2022-03-14 12:13:31,473] {logging_mixin.py:109} INFO - Running <TaskInstance: tutorial.eaeaz.eaeaz_print_proccesed_data scheduled__2022-03-13T12:05:20.517459+00:00 [running]> on host ff48034dfdbf
[2022-03-14 12:13:31,598] {taskinstance.py:1426} INFO - Exporting the following env vars:
AIRFLOW_CTX_DAG_EMAIL=***@example.com
AIRFLOW_CTX_DAG_OWNER=***
AIRFLOW_CTX_DAG_ID=tutorial
AIRFLOW_CTX_TASK_ID=eaeaz.eaeaz_print_proccesed_data
AIRFLOW_CTX_EXECUTION_DATE=2022-03-13T12:05:20.517459+00:00
AIRFLOW_CTX_DAG_RUN_ID=scheduled__2022-03-13T12:05:20.517459+00:00
[2022-03-14 12:14:31,615] {python.py:175} INFO - Done. Returned value was: None
[2022-03-14 12:14:31,633] {taskinstance.py:1277} INFO - Marking task as SUCCESS. dag_id=tutorial, task_id=eaeaz.eaeaz_print_proccesed_data, execution_date=20220313T120520, start_date=20220314T121331, end_date=20220314T121431
[2022-03-14 12:14:31,699] {local_task_job.py:154} INFO - Task exited with return code 0
[2022-03-14 12:14:31,740] {local_task_job.py:264} INFO - 0 downstream tasks scheduled from follow-on schedule check
