[2022-04-26 13:57:24,568] {taskinstance.py:1032} INFO - Dependencies all met for <TaskInstance: tutorial.xsxsxqc.xsxsxqc_proccess_data scheduled__2022-04-25T13:53:09.676172+00:00 [queued]>
[2022-04-26 13:57:24,627] {taskinstance.py:1032} INFO - Dependencies all met for <TaskInstance: tutorial.xsxsxqc.xsxsxqc_proccess_data scheduled__2022-04-25T13:53:09.676172+00:00 [queued]>
[2022-04-26 13:57:24,630] {taskinstance.py:1238} INFO - 
--------------------------------------------------------------------------------
[2022-04-26 13:57:24,634] {taskinstance.py:1239} INFO - Starting attempt 1 of 2
[2022-04-26 13:57:24,639] {taskinstance.py:1240} INFO - 
--------------------------------------------------------------------------------
[2022-04-26 13:57:24,701] {taskinstance.py:1259} INFO - Executing <Task(PythonOperator): xsxsxqc.xsxsxqc_proccess_data> on 2022-04-25 13:53:09.676172+00:00
[2022-04-26 13:57:24,710] {standard_task_runner.py:52} INFO - Started process 323 to run task
[2022-04-26 13:57:24,722] {standard_task_runner.py:76} INFO - Running: ['***', 'tasks', 'run', 'tutorial', 'xsxsxqc.xsxsxqc_proccess_data', 'scheduled__2022-04-25T13:53:09.676172+00:00', '--job-id', '1282', '--raw', '--subdir', 'DAGS_FOLDER/test_dag.py', '--cfg-path', '/tmp/tmp7ac8mkb4', '--error-file', '/tmp/tmpvi5ewfat']
[2022-04-26 13:57:24,725] {standard_task_runner.py:77} INFO - Job 1282: Subtask xsxsxqc.xsxsxqc_proccess_data
[2022-04-26 13:57:24,965] {logging_mixin.py:109} INFO - Running <TaskInstance: tutorial.xsxsxqc.xsxsxqc_proccess_data scheduled__2022-04-25T13:53:09.676172+00:00 [running]> on host ff48034dfdbf
[2022-04-26 13:57:25,124] {taskinstance.py:1426} INFO - Exporting the following env vars:
AIRFLOW_CTX_DAG_EMAIL=***@example.com
AIRFLOW_CTX_DAG_OWNER=***
AIRFLOW_CTX_DAG_ID=tutorial
AIRFLOW_CTX_TASK_ID=xsxsxqc.xsxsxqc_proccess_data
AIRFLOW_CTX_EXECUTION_DATE=2022-04-25T13:53:09.676172+00:00
AIRFLOW_CTX_DAG_RUN_ID=scheduled__2022-04-25T13:53:09.676172+00:00
[2022-04-26 13:58:25,144] {python.py:175} INFO - Done. Returned value was: None
[2022-04-26 13:58:25,243] {taskinstance.py:1277} INFO - Marking task as SUCCESS. dag_id=tutorial, task_id=xsxsxqc.xsxsxqc_proccess_data, execution_date=20220425T135309, start_date=20220426T135724, end_date=20220426T135825
[2022-04-26 13:58:25,333] {local_task_job.py:154} INFO - Task exited with return code 0
[2022-04-26 13:58:25,452] {local_task_job.py:264} INFO - 1 downstream tasks scheduled from follow-on schedule check
