[2022-04-23 14:16:31,619] {taskinstance.py:1032} INFO - Dependencies all met for <TaskInstance: tutorial.bsre.bsre_get_data scheduled__2022-03-30T16:04:54.591828+00:00 [queued]>
[2022-04-23 14:16:31,652] {taskinstance.py:1032} INFO - Dependencies all met for <TaskInstance: tutorial.bsre.bsre_get_data scheduled__2022-03-30T16:04:54.591828+00:00 [queued]>
[2022-04-23 14:16:31,660] {taskinstance.py:1238} INFO - 
--------------------------------------------------------------------------------
[2022-04-23 14:16:31,688] {taskinstance.py:1239} INFO - Starting attempt 1 of 2
[2022-04-23 14:16:31,714] {taskinstance.py:1240} INFO - 
--------------------------------------------------------------------------------
[2022-04-23 14:16:31,755] {taskinstance.py:1259} INFO - Executing <Task(PythonOperator): bsre.bsre_get_data> on 2022-03-30 16:04:54.591828+00:00
[2022-04-23 14:16:31,772] {standard_task_runner.py:52} INFO - Started process 89 to run task
[2022-04-23 14:16:31,782] {standard_task_runner.py:76} INFO - Running: ['***', 'tasks', 'run', 'tutorial', 'bsre.bsre_get_data', 'scheduled__2022-03-30T16:04:54.591828+00:00', '--job-id', '1096', '--raw', '--subdir', 'DAGS_FOLDER/test_dag.py', '--cfg-path', '/tmp/tmpr7ptdoq9', '--error-file', '/tmp/tmpemc0t6ib']
[2022-04-23 14:16:31,784] {standard_task_runner.py:77} INFO - Job 1096: Subtask bsre.bsre_get_data
[2022-04-23 14:16:31,954] {logging_mixin.py:109} INFO - Running <TaskInstance: tutorial.bsre.bsre_get_data scheduled__2022-03-30T16:04:54.591828+00:00 [running]> on host ff48034dfdbf
[2022-04-23 14:16:32,091] {taskinstance.py:1426} INFO - Exporting the following env vars:
AIRFLOW_CTX_DAG_EMAIL=***@example.com
AIRFLOW_CTX_DAG_OWNER=***
AIRFLOW_CTX_DAG_ID=tutorial
AIRFLOW_CTX_TASK_ID=bsre.bsre_get_data
AIRFLOW_CTX_EXECUTION_DATE=2022-03-30T16:04:54.591828+00:00
AIRFLOW_CTX_DAG_RUN_ID=scheduled__2022-03-30T16:04:54.591828+00:00
[2022-04-23 14:17:32,119] {python.py:175} INFO - Done. Returned value was: None
[2022-04-23 14:17:32,174] {taskinstance.py:1277} INFO - Marking task as SUCCESS. dag_id=tutorial, task_id=bsre.bsre_get_data, execution_date=20220330T160454, start_date=20220423T141631, end_date=20220423T141732
[2022-04-23 14:17:32,236] {local_task_job.py:154} INFO - Task exited with return code 0
[2022-04-23 14:17:32,396] {local_task_job.py:264} INFO - 0 downstream tasks scheduled from follow-on schedule check
