[2022-03-28 13:16:30,703] {taskinstance.py:1032} INFO - Dependencies all met for <TaskInstance: tutorial.dqsdqsd.dqsdqsd_get_data scheduled__2022-03-27T12:54:27.698780+00:00 [queued]>
[2022-03-28 13:16:30,740] {taskinstance.py:1032} INFO - Dependencies all met for <TaskInstance: tutorial.dqsdqsd.dqsdqsd_get_data scheduled__2022-03-27T12:54:27.698780+00:00 [queued]>
[2022-03-28 13:16:30,743] {taskinstance.py:1238} INFO - 
--------------------------------------------------------------------------------
[2022-03-28 13:16:30,744] {taskinstance.py:1239} INFO - Starting attempt 1 of 2
[2022-03-28 13:16:30,746] {taskinstance.py:1240} INFO - 
--------------------------------------------------------------------------------
[2022-03-28 13:16:30,801] {taskinstance.py:1259} INFO - Executing <Task(PythonOperator): dqsdqsd.dqsdqsd_get_data> on 2022-03-27 12:54:27.698780+00:00
[2022-03-28 13:16:30,811] {standard_task_runner.py:52} INFO - Started process 526 to run task
[2022-03-28 13:16:30,825] {standard_task_runner.py:76} INFO - Running: ['***', 'tasks', 'run', 'tutorial', 'dqsdqsd.dqsdqsd_get_data', 'scheduled__2022-03-27T12:54:27.698780+00:00', '--job-id', '1028', '--raw', '--subdir', 'DAGS_FOLDER/test_dag.py', '--cfg-path', '/tmp/tmpxltqdnbq', '--error-file', '/tmp/tmpvqvjcj0o']
[2022-03-28 13:16:30,828] {standard_task_runner.py:77} INFO - Job 1028: Subtask dqsdqsd.dqsdqsd_get_data
[2022-03-28 13:16:31,058] {logging_mixin.py:109} INFO - Running <TaskInstance: tutorial.dqsdqsd.dqsdqsd_get_data scheduled__2022-03-27T12:54:27.698780+00:00 [running]> on host ff48034dfdbf
[2022-03-28 13:16:31,263] {taskinstance.py:1426} INFO - Exporting the following env vars:
AIRFLOW_CTX_DAG_EMAIL=***@example.com
AIRFLOW_CTX_DAG_OWNER=***
AIRFLOW_CTX_DAG_ID=tutorial
AIRFLOW_CTX_TASK_ID=dqsdqsd.dqsdqsd_get_data
AIRFLOW_CTX_EXECUTION_DATE=2022-03-27T12:54:27.698780+00:00
AIRFLOW_CTX_DAG_RUN_ID=scheduled__2022-03-27T12:54:27.698780+00:00
[2022-03-28 13:17:31,024] {python.py:175} INFO - Done. Returned value was: None
[2022-03-28 13:17:31,043] {taskinstance.py:1277} INFO - Marking task as SUCCESS. dag_id=tutorial, task_id=dqsdqsd.dqsdqsd_get_data, execution_date=20220327T125427, start_date=20220328T131630, end_date=20220328T131731
[2022-03-28 13:17:31,090] {local_task_job.py:154} INFO - Task exited with return code 0
[2022-03-28 13:17:31,141] {local_task_job.py:264} INFO - 1 downstream tasks scheduled from follow-on schedule check
