[2022-02-19 21:39:12,649] {taskinstance.py:1032} INFO - Dependencies all met for <TaskInstance: tutorial.bsre.bsre_print_proccesed_data manual__2022-02-19T21:36:05.015535+00:00 [queued]>
[2022-02-19 21:39:12,671] {taskinstance.py:1032} INFO - Dependencies all met for <TaskInstance: tutorial.bsre.bsre_print_proccesed_data manual__2022-02-19T21:36:05.015535+00:00 [queued]>
[2022-02-19 21:39:12,673] {taskinstance.py:1238} INFO - 
--------------------------------------------------------------------------------
[2022-02-19 21:39:12,675] {taskinstance.py:1239} INFO - Starting attempt 1 of 2
[2022-02-19 21:39:12,676] {taskinstance.py:1240} INFO - 
--------------------------------------------------------------------------------
[2022-02-19 21:39:12,700] {taskinstance.py:1259} INFO - Executing <Task(PythonOperator): bsre.bsre_print_proccesed_data> on 2022-02-19 21:36:05.015535+00:00
[2022-02-19 21:39:12,709] {standard_task_runner.py:52} INFO - Started process 4808 to run task
[2022-02-19 21:39:12,715] {standard_task_runner.py:76} INFO - Running: ['***', 'tasks', 'run', 'tutorial', 'bsre.bsre_print_proccesed_data', 'manual__2022-02-19T21:36:05.015535+00:00', '--job-id', '39', '--raw', '--subdir', 'DAGS_FOLDER/test_dag.py', '--cfg-path', '/tmp/tmphehwrybr', '--error-file', '/tmp/tmp1ea2muu3']
[2022-02-19 21:39:12,717] {standard_task_runner.py:77} INFO - Job 39: Subtask bsre.bsre_print_proccesed_data
[2022-02-19 21:39:12,868] {logging_mixin.py:109} INFO - Running <TaskInstance: tutorial.bsre.bsre_print_proccesed_data manual__2022-02-19T21:36:05.015535+00:00 [running]> on host ff48034dfdbf
[2022-02-19 21:39:13,098] {taskinstance.py:1426} INFO - Exporting the following env vars:
AIRFLOW_CTX_DAG_EMAIL=***@example.com
AIRFLOW_CTX_DAG_OWNER=***
AIRFLOW_CTX_DAG_ID=tutorial
AIRFLOW_CTX_TASK_ID=bsre.bsre_print_proccesed_data
AIRFLOW_CTX_EXECUTION_DATE=2022-02-19T21:36:05.015535+00:00
AIRFLOW_CTX_DAG_RUN_ID=manual__2022-02-19T21:36:05.015535+00:00
[2022-02-19 21:40:13,084] {python.py:175} INFO - Done. Returned value was: None
[2022-02-19 21:40:13,099] {taskinstance.py:1277} INFO - Marking task as SUCCESS. dag_id=tutorial, task_id=bsre.bsre_print_proccesed_data, execution_date=20220219T213605, start_date=20220219T213912, end_date=20220219T214013
[2022-02-19 21:40:13,162] {local_task_job.py:154} INFO - Task exited with return code 0
[2022-02-19 21:40:13,220] {local_task_job.py:264} INFO - 0 downstream tasks scheduled from follow-on schedule check
