[2022-03-01 19:12:08,609] {taskinstance.py:1032} INFO - Dependencies all met for <TaskInstance: tutorial.cat.cat_print_proccesed_data scheduled__2022-02-27T21:51:17.549420+00:00 [queued]>
[2022-03-01 19:12:08,626] {taskinstance.py:1032} INFO - Dependencies all met for <TaskInstance: tutorial.cat.cat_print_proccesed_data scheduled__2022-02-27T21:51:17.549420+00:00 [queued]>
[2022-03-01 19:12:08,627] {taskinstance.py:1238} INFO - 
--------------------------------------------------------------------------------
[2022-03-01 19:12:08,628] {taskinstance.py:1239} INFO - Starting attempt 1 of 2
[2022-03-01 19:12:08,629] {taskinstance.py:1240} INFO - 
--------------------------------------------------------------------------------
[2022-03-01 19:12:08,646] {taskinstance.py:1259} INFO - Executing <Task(PythonOperator): cat.cat_print_proccesed_data> on 2022-02-27 21:51:17.549420+00:00
[2022-03-01 19:12:08,652] {standard_task_runner.py:52} INFO - Started process 255 to run task
[2022-03-01 19:12:08,658] {standard_task_runner.py:76} INFO - Running: ['***', 'tasks', 'run', 'tutorial', 'cat.cat_print_proccesed_data', 'scheduled__2022-02-27T21:51:17.549420+00:00', '--job-id', '396', '--raw', '--subdir', 'DAGS_FOLDER/test_dag.py', '--cfg-path', '/tmp/tmp9gbk2l86', '--error-file', '/tmp/tmprgoenef6']
[2022-03-01 19:12:08,660] {standard_task_runner.py:77} INFO - Job 396: Subtask cat.cat_print_proccesed_data
[2022-03-01 19:12:08,754] {logging_mixin.py:109} INFO - Running <TaskInstance: tutorial.cat.cat_print_proccesed_data scheduled__2022-02-27T21:51:17.549420+00:00 [running]> on host ff48034dfdbf
[2022-03-01 19:12:08,926] {taskinstance.py:1426} INFO - Exporting the following env vars:
AIRFLOW_CTX_DAG_EMAIL=***@example.com
AIRFLOW_CTX_DAG_OWNER=***
AIRFLOW_CTX_DAG_ID=tutorial
AIRFLOW_CTX_TASK_ID=cat.cat_print_proccesed_data
AIRFLOW_CTX_EXECUTION_DATE=2022-02-27T21:51:17.549420+00:00
AIRFLOW_CTX_DAG_RUN_ID=scheduled__2022-02-27T21:51:17.549420+00:00
[2022-03-01 19:13:08,894] {python.py:175} INFO - Done. Returned value was: None
[2022-03-01 19:13:08,944] {taskinstance.py:1277} INFO - Marking task as SUCCESS. dag_id=tutorial, task_id=cat.cat_print_proccesed_data, execution_date=20220227T215117, start_date=20220301T191208, end_date=20220301T191308
[2022-03-01 19:13:08,995] {local_task_job.py:154} INFO - Task exited with return code 0
[2022-03-01 19:13:09,038] {local_task_job.py:264} INFO - 0 downstream tasks scheduled from follow-on schedule check
