[2022-04-30 12:53:43,654] {taskinstance.py:1032} INFO - Dependencies all met for <TaskInstance: tutorial.pre.pre_get_data scheduled__2022-04-29T12:29:40.424433+00:00 [queued]>
[2022-04-30 12:53:43,703] {taskinstance.py:1032} INFO - Dependencies all met for <TaskInstance: tutorial.pre.pre_get_data scheduled__2022-04-29T12:29:40.424433+00:00 [queued]>
[2022-04-30 12:53:43,706] {taskinstance.py:1238} INFO - 
--------------------------------------------------------------------------------
[2022-04-30 12:53:43,707] {taskinstance.py:1239} INFO - Starting attempt 1 of 2
[2022-04-30 12:53:43,709] {taskinstance.py:1240} INFO - 
--------------------------------------------------------------------------------
[2022-04-30 12:53:43,746] {taskinstance.py:1259} INFO - Executing <Task(PythonOperator): pre.pre_get_data> on 2022-04-29 12:29:40.424433+00:00
[2022-04-30 12:53:43,756] {standard_task_runner.py:52} INFO - Started process 141 to run task
[2022-04-30 12:53:43,766] {standard_task_runner.py:76} INFO - Running: ['***', 'tasks', 'run', 'tutorial', 'pre.pre_get_data', 'scheduled__2022-04-29T12:29:40.424433+00:00', '--job-id', '1773', '--raw', '--subdir', 'DAGS_FOLDER/test_dag.py', '--cfg-path', '/tmp/tmp5o4skwlm', '--error-file', '/tmp/tmpdkuonx0p']
[2022-04-30 12:53:43,769] {standard_task_runner.py:77} INFO - Job 1773: Subtask pre.pre_get_data
[2022-04-30 12:53:43,964] {logging_mixin.py:109} INFO - Running <TaskInstance: tutorial.pre.pre_get_data scheduled__2022-04-29T12:29:40.424433+00:00 [running]> on host d5ad096ffea5
[2022-04-30 12:53:44,144] {taskinstance.py:1426} INFO - Exporting the following env vars:
AIRFLOW_CTX_DAG_EMAIL=***@example.com
AIRFLOW_CTX_DAG_OWNER=***
AIRFLOW_CTX_DAG_ID=tutorial
AIRFLOW_CTX_TASK_ID=pre.pre_get_data
AIRFLOW_CTX_EXECUTION_DATE=2022-04-29T12:29:40.424433+00:00
AIRFLOW_CTX_DAG_RUN_ID=scheduled__2022-04-29T12:29:40.424433+00:00
[2022-04-30 12:54:44,157] {python.py:175} INFO - Done. Returned value was: None
[2022-04-30 12:54:44,183] {taskinstance.py:1277} INFO - Marking task as SUCCESS. dag_id=tutorial, task_id=pre.pre_get_data, execution_date=20220429T122940, start_date=20220430T125343, end_date=20220430T125444
[2022-04-30 12:54:44,225] {local_task_job.py:154} INFO - Task exited with return code 0
[2022-04-30 12:54:44,382] {local_task_job.py:264} INFO - 1 downstream tasks scheduled from follow-on schedule check
