[2022-02-27 17:17:54,406] {taskinstance.py:1032} INFO - Dependencies all met for <TaskInstance: tutorial.jghjg.jghjg_get_data scheduled__2022-02-25T21:44:04.431894+00:00 [queued]>
[2022-02-27 17:17:54,420] {taskinstance.py:1032} INFO - Dependencies all met for <TaskInstance: tutorial.jghjg.jghjg_get_data scheduled__2022-02-25T21:44:04.431894+00:00 [queued]>
[2022-02-27 17:17:54,421] {taskinstance.py:1238} INFO - 
--------------------------------------------------------------------------------
[2022-02-27 17:17:54,422] {taskinstance.py:1239} INFO - Starting attempt 1 of 2
[2022-02-27 17:17:54,423] {taskinstance.py:1240} INFO - 
--------------------------------------------------------------------------------
[2022-02-27 17:17:54,439] {taskinstance.py:1259} INFO - Executing <Task(PythonOperator): jghjg.jghjg_get_data> on 2022-02-25 21:44:04.431894+00:00
[2022-02-27 17:17:54,446] {standard_task_runner.py:52} INFO - Started process 84 to run task
[2022-02-27 17:17:54,452] {standard_task_runner.py:76} INFO - Running: ['***', 'tasks', 'run', 'tutorial', 'jghjg.jghjg_get_data', 'scheduled__2022-02-25T21:44:04.431894+00:00', '--job-id', '295', '--raw', '--subdir', 'DAGS_FOLDER/test_dag.py', '--cfg-path', '/tmp/tmpdnqfpl83', '--error-file', '/tmp/tmpw6p8q05f']
[2022-02-27 17:17:54,454] {standard_task_runner.py:77} INFO - Job 295: Subtask jghjg.jghjg_get_data
[2022-02-27 17:17:54,557] {logging_mixin.py:109} INFO - Running <TaskInstance: tutorial.jghjg.jghjg_get_data scheduled__2022-02-25T21:44:04.431894+00:00 [running]> on host ff48034dfdbf
[2022-02-27 17:17:54,625] {taskinstance.py:1426} INFO - Exporting the following env vars:
AIRFLOW_CTX_DAG_EMAIL=***@example.com
AIRFLOW_CTX_DAG_OWNER=***
AIRFLOW_CTX_DAG_ID=tutorial
AIRFLOW_CTX_TASK_ID=jghjg.jghjg_get_data
AIRFLOW_CTX_EXECUTION_DATE=2022-02-25T21:44:04.431894+00:00
AIRFLOW_CTX_DAG_RUN_ID=scheduled__2022-02-25T21:44:04.431894+00:00
[2022-02-27 17:18:54,645] {python.py:175} INFO - Done. Returned value was: None
[2022-02-27 17:18:54,673] {taskinstance.py:1277} INFO - Marking task as SUCCESS. dag_id=tutorial, task_id=jghjg.jghjg_get_data, execution_date=20220225T214404, start_date=20220227T171754, end_date=20220227T171854
[2022-02-27 17:18:54,720] {local_task_job.py:154} INFO - Task exited with return code 0
[2022-02-27 17:18:54,934] {local_task_job.py:264} INFO - 1 downstream tasks scheduled from follow-on schedule check
