[2022-02-19 21:37:10,597] {taskinstance.py:1032} INFO - Dependencies all met for <TaskInstance: tutorial.pre.pre_proccess_data manual__2022-02-19T21:36:05.015535+00:00 [queued]>
[2022-02-19 21:37:10,615] {taskinstance.py:1032} INFO - Dependencies all met for <TaskInstance: tutorial.pre.pre_proccess_data manual__2022-02-19T21:36:05.015535+00:00 [queued]>
[2022-02-19 21:37:10,616] {taskinstance.py:1238} INFO - 
--------------------------------------------------------------------------------
[2022-02-19 21:37:10,618] {taskinstance.py:1239} INFO - Starting attempt 1 of 2
[2022-02-19 21:37:10,619] {taskinstance.py:1240} INFO - 
--------------------------------------------------------------------------------
[2022-02-19 21:37:10,637] {taskinstance.py:1259} INFO - Executing <Task(PythonOperator): pre.pre_proccess_data> on 2022-02-19 21:36:05.015535+00:00
[2022-02-19 21:37:10,642] {standard_task_runner.py:52} INFO - Started process 4671 to run task
[2022-02-19 21:37:10,647] {standard_task_runner.py:76} INFO - Running: ['***', 'tasks', 'run', 'tutorial', 'pre.pre_proccess_data', 'manual__2022-02-19T21:36:05.015535+00:00', '--job-id', '20', '--raw', '--subdir', 'DAGS_FOLDER/test_dag.py', '--cfg-path', '/tmp/tmp_wwun__z', '--error-file', '/tmp/tmphui2fd01']
[2022-02-19 21:37:10,648] {standard_task_runner.py:77} INFO - Job 20: Subtask pre.pre_proccess_data
[2022-02-19 21:37:10,753] {logging_mixin.py:109} INFO - Running <TaskInstance: tutorial.pre.pre_proccess_data manual__2022-02-19T21:36:05.015535+00:00 [running]> on host ff48034dfdbf
[2022-02-19 21:37:10,901] {taskinstance.py:1426} INFO - Exporting the following env vars:
AIRFLOW_CTX_DAG_EMAIL=***@example.com
AIRFLOW_CTX_DAG_OWNER=***
AIRFLOW_CTX_DAG_ID=tutorial
AIRFLOW_CTX_TASK_ID=pre.pre_proccess_data
AIRFLOW_CTX_EXECUTION_DATE=2022-02-19T21:36:05.015535+00:00
AIRFLOW_CTX_DAG_RUN_ID=manual__2022-02-19T21:36:05.015535+00:00
[2022-02-19 21:38:10,895] {python.py:175} INFO - Done. Returned value was: None
[2022-02-19 21:38:10,910] {taskinstance.py:1277} INFO - Marking task as SUCCESS. dag_id=tutorial, task_id=pre.pre_proccess_data, execution_date=20220219T213605, start_date=20220219T213710, end_date=20220219T213810
[2022-02-19 21:38:10,961] {local_task_job.py:154} INFO - Task exited with return code 0
[2022-02-19 21:38:11,006] {local_task_job.py:264} INFO - 1 downstream tasks scheduled from follow-on schedule check
