[2022-04-28 15:40:14,519] {taskinstance.py:1032} INFO - Dependencies all met for <TaskInstance: cdn_daily.import_bsre.check_presence_of_bsre1 manual__2022-04-28T15:40:13.098147+00:00 [queued]>
[2022-04-28 15:40:14,542] {taskinstance.py:1032} INFO - Dependencies all met for <TaskInstance: cdn_daily.import_bsre.check_presence_of_bsre1 manual__2022-04-28T15:40:13.098147+00:00 [queued]>
[2022-04-28 15:40:14,544] {taskinstance.py:1238} INFO - 
--------------------------------------------------------------------------------
[2022-04-28 15:40:14,546] {taskinstance.py:1239} INFO - Starting attempt 1 of 2
[2022-04-28 15:40:14,547] {taskinstance.py:1240} INFO - 
--------------------------------------------------------------------------------
[2022-04-28 15:40:14,571] {taskinstance.py:1259} INFO - Executing <Task(PythonOperator): import_bsre.check_presence_of_bsre1> on 2022-04-28 15:40:13.098147+00:00
[2022-04-28 15:40:14,582] {standard_task_runner.py:52} INFO - Started process 1917 to run task
[2022-04-28 15:40:14,591] {standard_task_runner.py:76} INFO - Running: ['***', 'tasks', 'run', 'cdn_daily', 'import_bsre.check_presence_of_bsre1', 'manual__2022-04-28T15:40:13.098147+00:00', '--job-id', '1465', '--raw', '--subdir', 'DAGS_FOLDER/cdn_daily.py', '--cfg-path', '/tmp/tmpgp83kqj1', '--error-file', '/tmp/tmpzkfnkp2d']
[2022-04-28 15:40:14,593] {standard_task_runner.py:77} INFO - Job 1465: Subtask import_bsre.check_presence_of_bsre1
[2022-04-28 15:40:14,721] {logging_mixin.py:109} INFO - Running <TaskInstance: cdn_daily.import_bsre.check_presence_of_bsre1 manual__2022-04-28T15:40:13.098147+00:00 [running]> on host d5ad096ffea5
[2022-04-28 15:40:14,864] {taskinstance.py:1426} INFO - Exporting the following env vars:
AIRFLOW_CTX_DAG_EMAIL=***@example.com
AIRFLOW_CTX_DAG_OWNER=***
AIRFLOW_CTX_DAG_ID=cdn_daily
AIRFLOW_CTX_TASK_ID=import_bsre.check_presence_of_bsre1
AIRFLOW_CTX_EXECUTION_DATE=2022-04-28T15:40:13.098147+00:00
AIRFLOW_CTX_DAG_RUN_ID=manual__2022-04-28T15:40:13.098147+00:00
[2022-04-28 15:40:14,911] {python.py:175} INFO - Done. Returned value was: None
[2022-04-28 15:40:14,959] {taskinstance.py:1277} INFO - Marking task as SUCCESS. dag_id=cdn_daily, task_id=import_bsre.check_presence_of_bsre1, execution_date=20220428T154013, start_date=20220428T154014, end_date=20220428T154014
[2022-04-28 15:40:15,008] {local_task_job.py:154} INFO - Task exited with return code 0
[2022-04-28 15:40:15,104] {local_task_job.py:264} INFO - 1 downstream tasks scheduled from follow-on schedule check
