[2021-02-24 20:55:13,267] {taskinstance.py:826} INFO - Dependencies all met for <TaskInstance: example_dag_decorator.get_ip 2021-02-24T20:55:10.565853+00:00 [queued]>
[2021-02-24 20:55:13,281] {taskinstance.py:826} INFO - Dependencies all met for <TaskInstance: example_dag_decorator.get_ip 2021-02-24T20:55:10.565853+00:00 [queued]>
[2021-02-24 20:55:13,282] {taskinstance.py:1017} INFO - 
--------------------------------------------------------------------------------
[2021-02-24 20:55:13,282] {taskinstance.py:1018} INFO - Starting attempt 1 of 1
[2021-02-24 20:55:13,283] {taskinstance.py:1019} INFO - 
--------------------------------------------------------------------------------
[2021-02-24 20:55:13,300] {taskinstance.py:1038} INFO - Executing <Task(GetRequestOperator): get_ip> on 2021-02-24T20:55:10.565853+00:00
[2021-02-24 20:55:13,304] {standard_task_runner.py:51} INFO - Started process 31 to run task
[2021-02-24 20:55:13,312] {standard_task_runner.py:75} INFO - Running: ['airflow', 'tasks', 'run', 'example_dag_decorator', 'get_ip', '2021-02-24T20:55:10.565853+00:00', '--job-id', '7', '--pool', 'default_pool', '--raw', '--subdir', '/home/airflow/.local/lib/python3.8/site-packages/airflow/example_dags/example_dag_decorator.py', '--cfg-path', '/tmp/tmpd7sfzv0o']
[2021-02-24 20:55:13,318] {standard_task_runner.py:76} INFO - Job 7: Subtask get_ip
[2021-02-24 20:55:13,390] {logging_mixin.py:103} INFO - Running <TaskInstance: example_dag_decorator.get_ip 2021-02-24T20:55:10.565853+00:00 [running]> on host 4fa4dc1e93c4
[2021-02-24 20:55:13,467] {taskinstance.py:1230} INFO - Exporting the following env vars:
AIRFLOW_CTX_DAG_OWNER=airflow
AIRFLOW_CTX_DAG_ID=example_dag_decorator
AIRFLOW_CTX_TASK_ID=get_ip
AIRFLOW_CTX_EXECUTION_DATE=2021-02-24T20:55:10.565853+00:00
AIRFLOW_CTX_DAG_RUN_ID=manual__2021-02-24T20:55:10.565853+00:00
[2021-02-24 20:55:13,764] {taskinstance.py:1135} INFO - Marking task as SUCCESS. dag_id=example_dag_decorator, task_id=get_ip, execution_date=20210224T205510, start_date=20210224T205513, end_date=20210224T205513
[2021-02-24 20:55:13,818] {taskinstance.py:1195} INFO - 1 downstream tasks scheduled from follow-on schedule check
[2021-02-24 20:55:13,856] {local_task_job.py:118} INFO - Task exited with return code 0
