[2022-02-19 21:38:11,693] {taskinstance.py:1032} INFO - Dependencies all met for <TaskInstance: tutorial.jghjg.jghjg_proccess_data manual__2022-02-19T21:36:05.015535+00:00 [queued]>
[2022-02-19 21:38:11,730] {taskinstance.py:1032} INFO - Dependencies all met for <TaskInstance: tutorial.jghjg.jghjg_proccess_data manual__2022-02-19T21:36:05.015535+00:00 [queued]>
[2022-02-19 21:38:11,731] {taskinstance.py:1238} INFO - 
--------------------------------------------------------------------------------
[2022-02-19 21:38:11,732] {taskinstance.py:1239} INFO - Starting attempt 1 of 2
[2022-02-19 21:38:11,733] {taskinstance.py:1240} INFO - 
--------------------------------------------------------------------------------
[2022-02-19 21:38:11,787] {taskinstance.py:1259} INFO - Executing <Task(PythonOperator): jghjg.jghjg_proccess_data> on 2022-02-19 21:36:05.015535+00:00
[2022-02-19 21:38:11,796] {standard_task_runner.py:52} INFO - Started process 4742 to run task
[2022-02-19 21:38:11,806] {standard_task_runner.py:76} INFO - Running: ['***', 'tasks', 'run', 'tutorial', 'jghjg.jghjg_proccess_data', 'manual__2022-02-19T21:36:05.015535+00:00', '--job-id', '29', '--raw', '--subdir', 'DAGS_FOLDER/test_dag.py', '--cfg-path', '/tmp/tmps04c0s6n', '--error-file', '/tmp/tmp5vimlbqd']
[2022-02-19 21:38:11,808] {standard_task_runner.py:77} INFO - Job 29: Subtask jghjg.jghjg_proccess_data
[2022-02-19 21:38:11,951] {logging_mixin.py:109} INFO - Running <TaskInstance: tutorial.jghjg.jghjg_proccess_data manual__2022-02-19T21:36:05.015535+00:00 [running]> on host ff48034dfdbf
[2022-02-19 21:38:12,133] {taskinstance.py:1426} INFO - Exporting the following env vars:
AIRFLOW_CTX_DAG_EMAIL=***@example.com
AIRFLOW_CTX_DAG_OWNER=***
AIRFLOW_CTX_DAG_ID=tutorial
AIRFLOW_CTX_TASK_ID=jghjg.jghjg_proccess_data
AIRFLOW_CTX_EXECUTION_DATE=2022-02-19T21:36:05.015535+00:00
AIRFLOW_CTX_DAG_RUN_ID=manual__2022-02-19T21:36:05.015535+00:00
[2022-02-19 21:39:12,082] {python.py:175} INFO - Done. Returned value was: None
[2022-02-19 21:39:12,096] {taskinstance.py:1277} INFO - Marking task as SUCCESS. dag_id=tutorial, task_id=jghjg.jghjg_proccess_data, execution_date=20220219T213605, start_date=20220219T213811, end_date=20220219T213912
[2022-02-19 21:39:12,126] {local_task_job.py:154} INFO - Task exited with return code 0
[2022-02-19 21:39:12,167] {local_task_job.py:264} INFO - 0 downstream tasks scheduled from follow-on schedule check
