[2022-04-26 13:59:27,552] {taskinstance.py:1032} INFO - Dependencies all met for <TaskInstance: tutorial.jghjg.jghjg_print_proccesed_data scheduled__2022-04-25T13:53:09.676172+00:00 [queued]>
[2022-04-26 13:59:27,580] {taskinstance.py:1032} INFO - Dependencies all met for <TaskInstance: tutorial.jghjg.jghjg_print_proccesed_data scheduled__2022-04-25T13:53:09.676172+00:00 [queued]>
[2022-04-26 13:59:27,581] {taskinstance.py:1238} INFO - 
--------------------------------------------------------------------------------
[2022-04-26 13:59:27,583] {taskinstance.py:1239} INFO - Starting attempt 1 of 2
[2022-04-26 13:59:27,584] {taskinstance.py:1240} INFO - 
--------------------------------------------------------------------------------
[2022-04-26 13:59:27,609] {taskinstance.py:1259} INFO - Executing <Task(PythonOperator): jghjg.jghjg_print_proccesed_data> on 2022-04-25 13:53:09.676172+00:00
[2022-04-26 13:59:27,617] {standard_task_runner.py:52} INFO - Started process 435 to run task
[2022-04-26 13:59:27,628] {standard_task_runner.py:76} INFO - Running: ['***', 'tasks', 'run', 'tutorial', 'jghjg.jghjg_print_proccesed_data', 'scheduled__2022-04-25T13:53:09.676172+00:00', '--job-id', '1301', '--raw', '--subdir', 'DAGS_FOLDER/test_dag.py', '--cfg-path', '/tmp/tmpv_3r9w3k', '--error-file', '/tmp/tmpklowwdxq']
[2022-04-26 13:59:27,630] {standard_task_runner.py:77} INFO - Job 1301: Subtask jghjg.jghjg_print_proccesed_data
[2022-04-26 13:59:27,781] {logging_mixin.py:109} INFO - Running <TaskInstance: tutorial.jghjg.jghjg_print_proccesed_data scheduled__2022-04-25T13:53:09.676172+00:00 [running]> on host ff48034dfdbf
[2022-04-26 13:59:27,919] {taskinstance.py:1426} INFO - Exporting the following env vars:
AIRFLOW_CTX_DAG_EMAIL=***@example.com
AIRFLOW_CTX_DAG_OWNER=***
AIRFLOW_CTX_DAG_ID=tutorial
AIRFLOW_CTX_TASK_ID=jghjg.jghjg_print_proccesed_data
AIRFLOW_CTX_EXECUTION_DATE=2022-04-25T13:53:09.676172+00:00
AIRFLOW_CTX_DAG_RUN_ID=scheduled__2022-04-25T13:53:09.676172+00:00
[2022-04-26 14:00:27,914] {python.py:175} INFO - Done. Returned value was: None
[2022-04-26 14:00:27,934] {taskinstance.py:1277} INFO - Marking task as SUCCESS. dag_id=tutorial, task_id=jghjg.jghjg_print_proccesed_data, execution_date=20220425T135309, start_date=20220426T135927, end_date=20220426T140027
[2022-04-26 14:00:27,998] {local_task_job.py:154} INFO - Task exited with return code 0
[2022-04-26 14:00:28,042] {local_task_job.py:264} INFO - 0 downstream tasks scheduled from follow-on schedule check
