[2022-04-30 12:57:35,219] {taskinstance.py:1032} INFO - Dependencies all met for <TaskInstance: cdn_daily.check_status_of_cat manual__2022-04-30T12:57:31.335659+00:00 [queued]>
[2022-04-30 12:57:35,244] {taskinstance.py:1032} INFO - Dependencies all met for <TaskInstance: cdn_daily.check_status_of_cat manual__2022-04-30T12:57:31.335659+00:00 [queued]>
[2022-04-30 12:57:35,246] {taskinstance.py:1238} INFO - 
--------------------------------------------------------------------------------
[2022-04-30 12:57:35,247] {taskinstance.py:1239} INFO - Starting attempt 1 of 2
[2022-04-30 12:57:35,248] {taskinstance.py:1240} INFO - 
--------------------------------------------------------------------------------
[2022-04-30 12:57:35,271] {taskinstance.py:1259} INFO - Executing <Task(PythonOperator): check_status_of_cat> on 2022-04-30 12:57:31.335659+00:00
[2022-04-30 12:57:35,278] {standard_task_runner.py:52} INFO - Started process 383 to run task
[2022-04-30 12:57:35,285] {standard_task_runner.py:76} INFO - Running: ['***', 'tasks', 'run', 'cdn_daily', 'check_status_of_cat', 'manual__2022-04-30T12:57:31.335659+00:00', '--job-id', '1817', '--raw', '--subdir', 'DAGS_FOLDER/cdn_daily.py', '--cfg-path', '/tmp/tmpohe_l78o', '--error-file', '/tmp/tmp1vohe7ae']
[2022-04-30 12:57:35,287] {standard_task_runner.py:77} INFO - Job 1817: Subtask check_status_of_cat
[2022-04-30 12:57:35,398] {logging_mixin.py:109} INFO - Running <TaskInstance: cdn_daily.check_status_of_cat manual__2022-04-30T12:57:31.335659+00:00 [running]> on host d5ad096ffea5
[2022-04-30 12:57:35,485] {taskinstance.py:1426} INFO - Exporting the following env vars:
AIRFLOW_CTX_DAG_EMAIL=***@example.com
AIRFLOW_CTX_DAG_OWNER=***
AIRFLOW_CTX_DAG_ID=cdn_daily
AIRFLOW_CTX_TASK_ID=check_status_of_cat
AIRFLOW_CTX_EXECUTION_DATE=2022-04-30T12:57:31.335659+00:00
AIRFLOW_CTX_DAG_RUN_ID=manual__2022-04-30T12:57:31.335659+00:00
[2022-04-30 12:57:35,496] {logging_mixin.py:109} INFO - cat.alm
[2022-04-30 12:57:35,508] {logging_mixin.py:109} INFO - 10
[2022-04-30 12:57:45,498] {python.py:175} INFO - Done. Returned value was: None
[2022-04-30 12:57:45,518] {taskinstance.py:1277} INFO - Marking task as SUCCESS. dag_id=cdn_daily, task_id=check_status_of_cat, execution_date=20220430T125731, start_date=20220430T125735, end_date=20220430T125745
[2022-04-30 12:57:45,546] {local_task_job.py:154} INFO - Task exited with return code 0
[2022-04-30 12:57:45,592] {local_task_job.py:264} INFO - 1 downstream tasks scheduled from follow-on schedule check
