[2022-03-05 10:25:47,066] {taskinstance.py:1032} INFO - Dependencies all met for <TaskInstance: tutorial.xsxsxqc.xsxsxqc_get_data scheduled__2022-03-04T10:23:38.063243+00:00 [queued]>
[2022-03-05 10:25:47,084] {taskinstance.py:1032} INFO - Dependencies all met for <TaskInstance: tutorial.xsxsxqc.xsxsxqc_get_data scheduled__2022-03-04T10:23:38.063243+00:00 [queued]>
[2022-03-05 10:25:47,085] {taskinstance.py:1238} INFO - 
--------------------------------------------------------------------------------
[2022-03-05 10:25:47,086] {taskinstance.py:1239} INFO - Starting attempt 1 of 2
[2022-03-05 10:25:47,087] {taskinstance.py:1240} INFO - 
--------------------------------------------------------------------------------
[2022-03-05 10:25:47,100] {taskinstance.py:1259} INFO - Executing <Task(PythonOperator): xsxsxqc.xsxsxqc_get_data> on 2022-03-04 10:23:38.063243+00:00
[2022-03-05 10:25:47,106] {standard_task_runner.py:52} INFO - Started process 197 to run task
[2022-03-05 10:25:47,110] {standard_task_runner.py:76} INFO - Running: ['***', 'tasks', 'run', 'tutorial', 'xsxsxqc.xsxsxqc_get_data', 'scheduled__2022-03-04T10:23:38.063243+00:00', '--job-id', '497', '--raw', '--subdir', 'DAGS_FOLDER/test_dag.py', '--cfg-path', '/tmp/tmpqago6wqn', '--error-file', '/tmp/tmp6z3xpvpc']
[2022-03-05 10:25:47,111] {standard_task_runner.py:77} INFO - Job 497: Subtask xsxsxqc.xsxsxqc_get_data
[2022-03-05 10:25:47,253] {logging_mixin.py:109} INFO - Running <TaskInstance: tutorial.xsxsxqc.xsxsxqc_get_data scheduled__2022-03-04T10:23:38.063243+00:00 [running]> on host ff48034dfdbf
[2022-03-05 10:25:47,404] {taskinstance.py:1426} INFO - Exporting the following env vars:
AIRFLOW_CTX_DAG_EMAIL=***@example.com
AIRFLOW_CTX_DAG_OWNER=***
AIRFLOW_CTX_DAG_ID=tutorial
AIRFLOW_CTX_TASK_ID=xsxsxqc.xsxsxqc_get_data
AIRFLOW_CTX_EXECUTION_DATE=2022-03-04T10:23:38.063243+00:00
AIRFLOW_CTX_DAG_RUN_ID=scheduled__2022-03-04T10:23:38.063243+00:00
[2022-03-05 10:26:47,366] {python.py:175} INFO - Done. Returned value was: None
[2022-03-05 10:26:47,385] {taskinstance.py:1277} INFO - Marking task as SUCCESS. dag_id=tutorial, task_id=xsxsxqc.xsxsxqc_get_data, execution_date=20220304T102338, start_date=20220305T102547, end_date=20220305T102647
[2022-03-05 10:26:47,406] {local_task_job.py:154} INFO - Task exited with return code 0
[2022-03-05 10:26:47,444] {local_task_job.py:264} INFO - 1 downstream tasks scheduled from follow-on schedule check
