[2022-04-29 15:33:38,199] {taskinstance.py:1032} INFO - Dependencies all met for <TaskInstance: cdn_daily.import_pre.check_status_of_pre manual__2022-04-29T15:33:34.007459+00:00 [queued]>
[2022-04-29 15:33:38,224] {taskinstance.py:1032} INFO - Dependencies all met for <TaskInstance: cdn_daily.import_pre.check_status_of_pre manual__2022-04-29T15:33:34.007459+00:00 [queued]>
[2022-04-29 15:33:38,226] {taskinstance.py:1238} INFO - 
--------------------------------------------------------------------------------
[2022-04-29 15:33:38,229] {taskinstance.py:1239} INFO - Starting attempt 1 of 2
[2022-04-29 15:33:38,230] {taskinstance.py:1240} INFO - 
--------------------------------------------------------------------------------
[2022-04-29 15:33:38,259] {taskinstance.py:1259} INFO - Executing <Task(PythonOperator): import_pre.check_status_of_pre> on 2022-04-29 15:33:34.007459+00:00
[2022-04-29 15:33:38,271] {standard_task_runner.py:52} INFO - Started process 3869 to run task
[2022-04-29 15:33:38,279] {standard_task_runner.py:76} INFO - Running: ['***', 'tasks', 'run', 'cdn_daily', 'import_pre.check_status_of_pre', 'manual__2022-04-29T15:33:34.007459+00:00', '--job-id', '1720', '--raw', '--subdir', 'DAGS_FOLDER/cdn_daily.py', '--cfg-path', '/tmp/tmpfk8k70gl', '--error-file', '/tmp/tmpkx4nnil5']
[2022-04-29 15:33:38,281] {standard_task_runner.py:77} INFO - Job 1720: Subtask import_pre.check_status_of_pre
[2022-04-29 15:33:38,394] {logging_mixin.py:109} INFO - Running <TaskInstance: cdn_daily.import_pre.check_status_of_pre manual__2022-04-29T15:33:34.007459+00:00 [running]> on host d5ad096ffea5
[2022-04-29 15:33:38,491] {taskinstance.py:1426} INFO - Exporting the following env vars:
AIRFLOW_CTX_DAG_EMAIL=***@example.com
AIRFLOW_CTX_DAG_OWNER=***
AIRFLOW_CTX_DAG_ID=cdn_daily
AIRFLOW_CTX_TASK_ID=import_pre.check_status_of_pre
AIRFLOW_CTX_EXECUTION_DATE=2022-04-29T15:33:34.007459+00:00
AIRFLOW_CTX_DAG_RUN_ID=manual__2022-04-29T15:33:34.007459+00:00
[2022-04-29 15:33:38,493] {logging_mixin.py:109} INFO - run_pre
[2022-04-29 15:33:38,506] {logging_mixin.py:109} INFO - None
[2022-04-29 15:33:38,517] {logging_mixin.py:109} INFO - pre.alm
[2022-04-29 15:33:38,529] {logging_mixin.py:109} INFO - 3
[2022-04-29 15:33:41,533] {python.py:175} INFO - Done. Returned value was: None
[2022-04-29 15:33:41,559] {taskinstance.py:1277} INFO - Marking task as SUCCESS. dag_id=cdn_daily, task_id=import_pre.check_status_of_pre, execution_date=20220429T153334, start_date=20220429T153338, end_date=20220429T153341
[2022-04-29 15:33:41,612] {local_task_job.py:154} INFO - Task exited with return code 0
[2022-04-29 15:33:41,672] {local_task_job.py:264} INFO - 0 downstream tasks scheduled from follow-on schedule check
