[2022-04-28 15:40:14,440] {taskinstance.py:1032} INFO - Dependencies all met for <TaskInstance: cdn_daily.import_cat.check_presence_of_cat1 manual__2022-04-28T15:40:13.098147+00:00 [queued]>
[2022-04-28 15:40:14,466] {taskinstance.py:1032} INFO - Dependencies all met for <TaskInstance: cdn_daily.import_cat.check_presence_of_cat1 manual__2022-04-28T15:40:13.098147+00:00 [queued]>
[2022-04-28 15:40:14,470] {taskinstance.py:1238} INFO - 
--------------------------------------------------------------------------------
[2022-04-28 15:40:14,474] {taskinstance.py:1239} INFO - Starting attempt 1 of 2
[2022-04-28 15:40:14,476] {taskinstance.py:1240} INFO - 
--------------------------------------------------------------------------------
[2022-04-28 15:40:14,504] {taskinstance.py:1259} INFO - Executing <Task(PythonOperator): import_cat.check_presence_of_cat1> on 2022-04-28 15:40:13.098147+00:00
[2022-04-28 15:40:14,515] {standard_task_runner.py:52} INFO - Started process 1916 to run task
[2022-04-28 15:40:14,523] {standard_task_runner.py:76} INFO - Running: ['***', 'tasks', 'run', 'cdn_daily', 'import_cat.check_presence_of_cat1', 'manual__2022-04-28T15:40:13.098147+00:00', '--job-id', '1464', '--raw', '--subdir', 'DAGS_FOLDER/cdn_daily.py', '--cfg-path', '/tmp/tmpwerl6t3l', '--error-file', '/tmp/tmp4ivjr7er']
[2022-04-28 15:40:14,525] {standard_task_runner.py:77} INFO - Job 1464: Subtask import_cat.check_presence_of_cat1
[2022-04-28 15:40:14,649] {logging_mixin.py:109} INFO - Running <TaskInstance: cdn_daily.import_cat.check_presence_of_cat1 manual__2022-04-28T15:40:13.098147+00:00 [running]> on host d5ad096ffea5
[2022-04-28 15:40:14,765] {taskinstance.py:1426} INFO - Exporting the following env vars:
AIRFLOW_CTX_DAG_EMAIL=***@example.com
AIRFLOW_CTX_DAG_OWNER=***
AIRFLOW_CTX_DAG_ID=cdn_daily
AIRFLOW_CTX_TASK_ID=import_cat.check_presence_of_cat1
AIRFLOW_CTX_EXECUTION_DATE=2022-04-28T15:40:13.098147+00:00
AIRFLOW_CTX_DAG_RUN_ID=manual__2022-04-28T15:40:13.098147+00:00
[2022-04-28 15:40:14,820] {python.py:175} INFO - Done. Returned value was: None
[2022-04-28 15:40:14,900] {taskinstance.py:1277} INFO - Marking task as SUCCESS. dag_id=cdn_daily, task_id=import_cat.check_presence_of_cat1, execution_date=20220428T154013, start_date=20220428T154014, end_date=20220428T154014
[2022-04-28 15:40:14,941] {local_task_job.py:154} INFO - Task exited with return code 0
[2022-04-28 15:40:15,013] {local_task_job.py:264} INFO - 0 downstream tasks scheduled from follow-on schedule check
