[2022-03-05 10:32:56,710] {taskinstance.py:1032} INFO - Dependencies all met for <TaskInstance: tutorial.pre.pre_proccess_data scheduled__2022-03-04T10:29:52.784989+00:00 [queued]>
[2022-03-05 10:32:56,733] {taskinstance.py:1032} INFO - Dependencies all met for <TaskInstance: tutorial.pre.pre_proccess_data scheduled__2022-03-04T10:29:52.784989+00:00 [queued]>
[2022-03-05 10:32:56,734] {taskinstance.py:1238} INFO - 
--------------------------------------------------------------------------------
[2022-03-05 10:32:56,736] {taskinstance.py:1239} INFO - Starting attempt 1 of 2
[2022-03-05 10:32:56,738] {taskinstance.py:1240} INFO - 
--------------------------------------------------------------------------------
[2022-03-05 10:32:56,762] {taskinstance.py:1259} INFO - Executing <Task(PythonOperator): pre.pre_proccess_data> on 2022-03-04 10:29:52.784989+00:00
[2022-03-05 10:32:56,776] {standard_task_runner.py:52} INFO - Started process 662 to run task
[2022-03-05 10:32:56,782] {standard_task_runner.py:76} INFO - Running: ['***', 'tasks', 'run', 'tutorial', 'pre.pre_proccess_data', 'scheduled__2022-03-04T10:29:52.784989+00:00', '--job-id', '568', '--raw', '--subdir', 'DAGS_FOLDER/test_dag.py', '--cfg-path', '/tmp/tmpo3zwsy8m', '--error-file', '/tmp/tmpedpp6p4r']
[2022-03-05 10:32:56,784] {standard_task_runner.py:77} INFO - Job 568: Subtask pre.pre_proccess_data
[2022-03-05 10:32:56,929] {logging_mixin.py:109} INFO - Running <TaskInstance: tutorial.pre.pre_proccess_data scheduled__2022-03-04T10:29:52.784989+00:00 [running]> on host ff48034dfdbf
[2022-03-05 10:32:57,030] {taskinstance.py:1426} INFO - Exporting the following env vars:
AIRFLOW_CTX_DAG_EMAIL=***@example.com
AIRFLOW_CTX_DAG_OWNER=***
AIRFLOW_CTX_DAG_ID=tutorial
AIRFLOW_CTX_TASK_ID=pre.pre_proccess_data
AIRFLOW_CTX_EXECUTION_DATE=2022-03-04T10:29:52.784989+00:00
AIRFLOW_CTX_DAG_RUN_ID=scheduled__2022-03-04T10:29:52.784989+00:00
[2022-03-05 10:33:57,051] {python.py:175} INFO - Done. Returned value was: None
[2022-03-05 10:33:57,103] {taskinstance.py:1277} INFO - Marking task as SUCCESS. dag_id=tutorial, task_id=pre.pre_proccess_data, execution_date=20220304T102952, start_date=20220305T103256, end_date=20220305T103357
[2022-03-05 10:33:57,136] {local_task_job.py:154} INFO - Task exited with return code 0
[2022-03-05 10:33:57,181] {local_task_job.py:264} INFO - 1 downstream tasks scheduled from follow-on schedule check
