[2022-04-26 14:02:30,829] {taskinstance.py:1032} INFO - Dependencies all met for <TaskInstance: tutorial.eaeaz.eaeaz_proccess_data scheduled__2022-04-25T13:59:28.202500+00:00 [queued]>
[2022-04-26 14:02:30,865] {taskinstance.py:1032} INFO - Dependencies all met for <TaskInstance: tutorial.eaeaz.eaeaz_proccess_data scheduled__2022-04-25T13:59:28.202500+00:00 [queued]>
[2022-04-26 14:02:30,867] {taskinstance.py:1238} INFO - 
--------------------------------------------------------------------------------
[2022-04-26 14:02:30,868] {taskinstance.py:1239} INFO - Starting attempt 1 of 2
[2022-04-26 14:02:30,871] {taskinstance.py:1240} INFO - 
--------------------------------------------------------------------------------
[2022-04-26 14:02:30,902] {taskinstance.py:1259} INFO - Executing <Task(PythonOperator): eaeaz.eaeaz_proccess_data> on 2022-04-25 13:59:28.202500+00:00
[2022-04-26 14:02:30,912] {standard_task_runner.py:52} INFO - Started process 621 to run task
[2022-04-26 14:02:30,919] {standard_task_runner.py:76} INFO - Running: ['***', 'tasks', 'run', 'tutorial', 'eaeaz.eaeaz_proccess_data', 'scheduled__2022-04-25T13:59:28.202500+00:00', '--job-id', '1330', '--raw', '--subdir', 'DAGS_FOLDER/test_dag.py', '--cfg-path', '/tmp/tmp0uocrv7_', '--error-file', '/tmp/tmpnc995o42']
[2022-04-26 14:02:30,921] {standard_task_runner.py:77} INFO - Job 1330: Subtask eaeaz.eaeaz_proccess_data
[2022-04-26 14:02:31,038] {logging_mixin.py:109} INFO - Running <TaskInstance: tutorial.eaeaz.eaeaz_proccess_data scheduled__2022-04-25T13:59:28.202500+00:00 [running]> on host ff48034dfdbf
[2022-04-26 14:02:31,140] {taskinstance.py:1426} INFO - Exporting the following env vars:
AIRFLOW_CTX_DAG_EMAIL=***@example.com
AIRFLOW_CTX_DAG_OWNER=***
AIRFLOW_CTX_DAG_ID=tutorial
AIRFLOW_CTX_TASK_ID=eaeaz.eaeaz_proccess_data
AIRFLOW_CTX_EXECUTION_DATE=2022-04-25T13:59:28.202500+00:00
AIRFLOW_CTX_DAG_RUN_ID=scheduled__2022-04-25T13:59:28.202500+00:00
[2022-04-26 14:03:31,161] {python.py:175} INFO - Done. Returned value was: None
[2022-04-26 14:03:31,178] {taskinstance.py:1277} INFO - Marking task as SUCCESS. dag_id=tutorial, task_id=eaeaz.eaeaz_proccess_data, execution_date=20220425T135928, start_date=20220426T140230, end_date=20220426T140331
[2022-04-26 14:03:31,209] {local_task_job.py:154} INFO - Task exited with return code 0
[2022-04-26 14:03:31,249] {local_task_job.py:264} INFO - 1 downstream tasks scheduled from follow-on schedule check
