[2022-03-14 12:04:15,277] {taskinstance.py:1032} INFO - Dependencies all met for <TaskInstance: tutorial.jghjg.jghjg_print_proccesed_data scheduled__2022-03-09T18:13:06.710203+00:00 [queued]>
[2022-03-14 12:04:15,295] {taskinstance.py:1032} INFO - Dependencies all met for <TaskInstance: tutorial.jghjg.jghjg_print_proccesed_data scheduled__2022-03-09T18:13:06.710203+00:00 [queued]>
[2022-03-14 12:04:15,296] {taskinstance.py:1238} INFO - 
--------------------------------------------------------------------------------
[2022-03-14 12:04:15,297] {taskinstance.py:1239} INFO - Starting attempt 1 of 2
[2022-03-14 12:04:15,297] {taskinstance.py:1240} INFO - 
--------------------------------------------------------------------------------
[2022-03-14 12:04:15,312] {taskinstance.py:1259} INFO - Executing <Task(PythonOperator): jghjg.jghjg_print_proccesed_data> on 2022-03-09 18:13:06.710203+00:00
[2022-03-14 12:04:15,318] {standard_task_runner.py:52} INFO - Started process 805 to run task
[2022-03-14 12:04:15,323] {standard_task_runner.py:76} INFO - Running: ['***', 'tasks', 'run', 'tutorial', 'jghjg.jghjg_print_proccesed_data', 'scheduled__2022-03-09T18:13:06.710203+00:00', '--job-id', '804', '--raw', '--subdir', 'DAGS_FOLDER/test_dag.py', '--cfg-path', '/tmp/tmpdkpq9vub', '--error-file', '/tmp/tmpjxhlxwcn']
[2022-03-14 12:04:15,324] {standard_task_runner.py:77} INFO - Job 804: Subtask jghjg.jghjg_print_proccesed_data
[2022-03-14 12:04:15,406] {logging_mixin.py:109} INFO - Running <TaskInstance: tutorial.jghjg.jghjg_print_proccesed_data scheduled__2022-03-09T18:13:06.710203+00:00 [running]> on host ff48034dfdbf
[2022-03-14 12:04:15,477] {taskinstance.py:1426} INFO - Exporting the following env vars:
AIRFLOW_CTX_DAG_EMAIL=***@example.com
AIRFLOW_CTX_DAG_OWNER=***
AIRFLOW_CTX_DAG_ID=tutorial
AIRFLOW_CTX_TASK_ID=jghjg.jghjg_print_proccesed_data
AIRFLOW_CTX_EXECUTION_DATE=2022-03-09T18:13:06.710203+00:00
AIRFLOW_CTX_DAG_RUN_ID=scheduled__2022-03-09T18:13:06.710203+00:00
[2022-03-14 12:05:15,477] {python.py:175} INFO - Done. Returned value was: None
[2022-03-14 12:05:15,503] {taskinstance.py:1277} INFO - Marking task as SUCCESS. dag_id=tutorial, task_id=jghjg.jghjg_print_proccesed_data, execution_date=20220309T181306, start_date=20220314T120415, end_date=20220314T120515
[2022-03-14 12:05:15,548] {local_task_job.py:154} INFO - Task exited with return code 0
[2022-03-14 12:05:15,586] {local_task_job.py:264} INFO - 0 downstream tasks scheduled from follow-on schedule check
