[2022-03-14 12:09:27,373] {taskinstance.py:1032} INFO - Dependencies all met for <TaskInstance: tutorial.xsxsxqc.xsxsxqc_print_proccesed_data scheduled__2022-03-13T11:51:30.016366+00:00 [queued]>
[2022-03-14 12:09:27,389] {taskinstance.py:1032} INFO - Dependencies all met for <TaskInstance: tutorial.xsxsxqc.xsxsxqc_print_proccesed_data scheduled__2022-03-13T11:51:30.016366+00:00 [queued]>
[2022-03-14 12:09:27,390] {taskinstance.py:1238} INFO - 
--------------------------------------------------------------------------------
[2022-03-14 12:09:27,391] {taskinstance.py:1239} INFO - Starting attempt 1 of 2
[2022-03-14 12:09:27,392] {taskinstance.py:1240} INFO - 
--------------------------------------------------------------------------------
[2022-03-14 12:09:27,413] {taskinstance.py:1259} INFO - Executing <Task(PythonOperator): xsxsxqc.xsxsxqc_print_proccesed_data> on 2022-03-13 11:51:30.016366+00:00
[2022-03-14 12:09:27,419] {standard_task_runner.py:52} INFO - Started process 1124 to run task
[2022-03-14 12:09:27,425] {standard_task_runner.py:76} INFO - Running: ['***', 'tasks', 'run', 'tutorial', 'xsxsxqc.xsxsxqc_print_proccesed_data', 'scheduled__2022-03-13T11:51:30.016366+00:00', '--job-id', '863', '--raw', '--subdir', 'DAGS_FOLDER/test_dag.py', '--cfg-path', '/tmp/tmpdzs0tnra', '--error-file', '/tmp/tmp6tquq5_r']
[2022-03-14 12:09:27,426] {standard_task_runner.py:77} INFO - Job 863: Subtask xsxsxqc.xsxsxqc_print_proccesed_data
[2022-03-14 12:09:27,507] {logging_mixin.py:109} INFO - Running <TaskInstance: tutorial.xsxsxqc.xsxsxqc_print_proccesed_data scheduled__2022-03-13T11:51:30.016366+00:00 [running]> on host ff48034dfdbf
[2022-03-14 12:09:27,575] {taskinstance.py:1426} INFO - Exporting the following env vars:
AIRFLOW_CTX_DAG_EMAIL=***@example.com
AIRFLOW_CTX_DAG_OWNER=***
AIRFLOW_CTX_DAG_ID=tutorial
AIRFLOW_CTX_TASK_ID=xsxsxqc.xsxsxqc_print_proccesed_data
AIRFLOW_CTX_EXECUTION_DATE=2022-03-13T11:51:30.016366+00:00
AIRFLOW_CTX_DAG_RUN_ID=scheduled__2022-03-13T11:51:30.016366+00:00
[2022-03-14 12:10:27,572] {python.py:175} INFO - Done. Returned value was: None
[2022-03-14 12:10:27,596] {taskinstance.py:1277} INFO - Marking task as SUCCESS. dag_id=tutorial, task_id=xsxsxqc.xsxsxqc_print_proccesed_data, execution_date=20220313T115130, start_date=20220314T120927, end_date=20220314T121027
[2022-03-14 12:10:27,654] {local_task_job.py:154} INFO - Task exited with return code 0
[2022-03-14 12:10:27,728] {local_task_job.py:264} INFO - 0 downstream tasks scheduled from follow-on schedule check
