[2022-04-28 15:40:14,365] {taskinstance.py:1032} INFO - Dependencies all met for <TaskInstance: cdn_daily.import_cat.check_presence_of_cat2 manual__2022-04-28T15:40:13.098147+00:00 [queued]>
[2022-04-28 15:40:14,386] {taskinstance.py:1032} INFO - Dependencies all met for <TaskInstance: cdn_daily.import_cat.check_presence_of_cat2 manual__2022-04-28T15:40:13.098147+00:00 [queued]>
[2022-04-28 15:40:14,389] {taskinstance.py:1238} INFO - 
--------------------------------------------------------------------------------
[2022-04-28 15:40:14,392] {taskinstance.py:1239} INFO - Starting attempt 1 of 2
[2022-04-28 15:40:14,394] {taskinstance.py:1240} INFO - 
--------------------------------------------------------------------------------
[2022-04-28 15:40:14,424] {taskinstance.py:1259} INFO - Executing <Task(PythonOperator): import_cat.check_presence_of_cat2> on 2022-04-28 15:40:13.098147+00:00
[2022-04-28 15:40:14,433] {standard_task_runner.py:52} INFO - Started process 1915 to run task
[2022-04-28 15:40:14,441] {standard_task_runner.py:76} INFO - Running: ['***', 'tasks', 'run', 'cdn_daily', 'import_cat.check_presence_of_cat2', 'manual__2022-04-28T15:40:13.098147+00:00', '--job-id', '1463', '--raw', '--subdir', 'DAGS_FOLDER/cdn_daily.py', '--cfg-path', '/tmp/tmp721vftzf', '--error-file', '/tmp/tmpg18ae4o1']
[2022-04-28 15:40:14,443] {standard_task_runner.py:77} INFO - Job 1463: Subtask import_cat.check_presence_of_cat2
[2022-04-28 15:40:14,563] {logging_mixin.py:109} INFO - Running <TaskInstance: cdn_daily.import_cat.check_presence_of_cat2 manual__2022-04-28T15:40:13.098147+00:00 [running]> on host d5ad096ffea5
[2022-04-28 15:40:14,690] {taskinstance.py:1426} INFO - Exporting the following env vars:
AIRFLOW_CTX_DAG_EMAIL=***@example.com
AIRFLOW_CTX_DAG_OWNER=***
AIRFLOW_CTX_DAG_ID=cdn_daily
AIRFLOW_CTX_TASK_ID=import_cat.check_presence_of_cat2
AIRFLOW_CTX_EXECUTION_DATE=2022-04-28T15:40:13.098147+00:00
AIRFLOW_CTX_DAG_RUN_ID=manual__2022-04-28T15:40:13.098147+00:00
[2022-04-28 15:40:14,739] {python.py:175} INFO - Done. Returned value was: None
[2022-04-28 15:40:14,768] {taskinstance.py:1277} INFO - Marking task as SUCCESS. dag_id=cdn_daily, task_id=import_cat.check_presence_of_cat2, execution_date=20220428T154013, start_date=20220428T154014, end_date=20220428T154014
[2022-04-28 15:40:14,819] {local_task_job.py:154} INFO - Task exited with return code 0
[2022-04-28 15:40:14,957] {local_task_job.py:264} INFO - 1 downstream tasks scheduled from follow-on schedule check
