[2022-04-26 14:01:29,804] {taskinstance.py:1032} INFO - Dependencies all met for <TaskInstance: tutorial.gdgfg.gdgfg_proccess_data scheduled__2022-04-25T13:59:28.202500+00:00 [queued]>
[2022-04-26 14:01:29,822] {taskinstance.py:1032} INFO - Dependencies all met for <TaskInstance: tutorial.gdgfg.gdgfg_proccess_data scheduled__2022-04-25T13:59:28.202500+00:00 [queued]>
[2022-04-26 14:01:29,823] {taskinstance.py:1238} INFO - 
--------------------------------------------------------------------------------
[2022-04-26 14:01:29,824] {taskinstance.py:1239} INFO - Starting attempt 1 of 2
[2022-04-26 14:01:29,825] {taskinstance.py:1240} INFO - 
--------------------------------------------------------------------------------
[2022-04-26 14:01:29,843] {taskinstance.py:1259} INFO - Executing <Task(PythonOperator): gdgfg.gdgfg_proccess_data> on 2022-04-25 13:59:28.202500+00:00
[2022-04-26 14:01:29,849] {standard_task_runner.py:52} INFO - Started process 555 to run task
[2022-04-26 14:01:29,856] {standard_task_runner.py:76} INFO - Running: ['***', 'tasks', 'run', 'tutorial', 'gdgfg.gdgfg_proccess_data', 'scheduled__2022-04-25T13:59:28.202500+00:00', '--job-id', '1323', '--raw', '--subdir', 'DAGS_FOLDER/test_dag.py', '--cfg-path', '/tmp/tmpooznqh1n', '--error-file', '/tmp/tmpixn8v4id']
[2022-04-26 14:01:29,858] {standard_task_runner.py:77} INFO - Job 1323: Subtask gdgfg.gdgfg_proccess_data
[2022-04-26 14:01:29,941] {logging_mixin.py:109} INFO - Running <TaskInstance: tutorial.gdgfg.gdgfg_proccess_data scheduled__2022-04-25T13:59:28.202500+00:00 [running]> on host ff48034dfdbf
[2022-04-26 14:01:30,020] {taskinstance.py:1426} INFO - Exporting the following env vars:
AIRFLOW_CTX_DAG_EMAIL=***@example.com
AIRFLOW_CTX_DAG_OWNER=***
AIRFLOW_CTX_DAG_ID=tutorial
AIRFLOW_CTX_TASK_ID=gdgfg.gdgfg_proccess_data
AIRFLOW_CTX_EXECUTION_DATE=2022-04-25T13:59:28.202500+00:00
AIRFLOW_CTX_DAG_RUN_ID=scheduled__2022-04-25T13:59:28.202500+00:00
[2022-04-26 14:02:30,025] {python.py:175} INFO - Done. Returned value was: None
[2022-04-26 14:02:30,059] {taskinstance.py:1277} INFO - Marking task as SUCCESS. dag_id=tutorial, task_id=gdgfg.gdgfg_proccess_data, execution_date=20220425T135928, start_date=20220426T140129, end_date=20220426T140230
[2022-04-26 14:02:30,142] {local_task_job.py:154} INFO - Task exited with return code 0
[2022-04-26 14:02:30,235] {local_task_job.py:264} INFO - 1 downstream tasks scheduled from follow-on schedule check
