[2022-04-29 15:34:11,675] {taskinstance.py:1032} INFO - Dependencies all met for <TaskInstance: cdn_daily.import_vol.check_presence_of_vol1 manual__2022-04-29T15:33:55.249340+00:00 [queued]>
[2022-04-29 15:34:11,697] {taskinstance.py:1032} INFO - Dependencies all met for <TaskInstance: cdn_daily.import_vol.check_presence_of_vol1 manual__2022-04-29T15:33:55.249340+00:00 [queued]>
[2022-04-29 15:34:11,698] {taskinstance.py:1238} INFO - 
--------------------------------------------------------------------------------
[2022-04-29 15:34:11,700] {taskinstance.py:1239} INFO - Starting attempt 1 of 2
[2022-04-29 15:34:11,701] {taskinstance.py:1240} INFO - 
--------------------------------------------------------------------------------
[2022-04-29 15:34:11,724] {taskinstance.py:1259} INFO - Executing <Task(PythonOperator): import_vol.check_presence_of_vol1> on 2022-04-29 15:33:55.249340+00:00
[2022-04-29 15:34:11,731] {standard_task_runner.py:52} INFO - Started process 3929 to run task
[2022-04-29 15:34:11,738] {standard_task_runner.py:76} INFO - Running: ['***', 'tasks', 'run', 'cdn_daily', 'import_vol.check_presence_of_vol1', 'manual__2022-04-29T15:33:55.249340+00:00', '--job-id', '1736', '--raw', '--subdir', 'DAGS_FOLDER/cdn_daily.py', '--cfg-path', '/tmp/tmpya_0m7qg', '--error-file', '/tmp/tmp5j1th94e']
[2022-04-29 15:34:11,740] {standard_task_runner.py:77} INFO - Job 1736: Subtask import_vol.check_presence_of_vol1
[2022-04-29 15:34:11,846] {logging_mixin.py:109} INFO - Running <TaskInstance: cdn_daily.import_vol.check_presence_of_vol1 manual__2022-04-29T15:33:55.249340+00:00 [running]> on host d5ad096ffea5
[2022-04-29 15:34:11,934] {taskinstance.py:1426} INFO - Exporting the following env vars:
AIRFLOW_CTX_DAG_EMAIL=***@example.com
AIRFLOW_CTX_DAG_OWNER=***
AIRFLOW_CTX_DAG_ID=cdn_daily
AIRFLOW_CTX_TASK_ID=import_vol.check_presence_of_vol1
AIRFLOW_CTX_EXECUTION_DATE=2022-04-29T15:33:55.249340+00:00
AIRFLOW_CTX_DAG_RUN_ID=manual__2022-04-29T15:33:55.249340+00:00
[2022-04-29 15:34:11,966] {python.py:175} INFO - Done. Returned value was: None
[2022-04-29 15:34:11,984] {taskinstance.py:1277} INFO - Marking task as SUCCESS. dag_id=cdn_daily, task_id=import_vol.check_presence_of_vol1, execution_date=20220429T153355, start_date=20220429T153411, end_date=20220429T153411
[2022-04-29 15:34:12,034] {local_task_job.py:154} INFO - Task exited with return code 0
[2022-04-29 15:34:12,099] {local_task_job.py:264} INFO - 1 downstream tasks scheduled from follow-on schedule check
