[2022-03-28 12:51:23,569] {taskinstance.py:1032} INFO - Dependencies all met for <TaskInstance: tutorial.dqsdqsd.dqsdqsd_proccess_data scheduled__2022-03-27T12:47:50.362235+00:00 [queued]>
[2022-03-28 12:51:23,602] {taskinstance.py:1032} INFO - Dependencies all met for <TaskInstance: tutorial.dqsdqsd.dqsdqsd_proccess_data scheduled__2022-03-27T12:47:50.362235+00:00 [queued]>
[2022-03-28 12:51:23,603] {taskinstance.py:1238} INFO - 
--------------------------------------------------------------------------------
[2022-03-28 12:51:23,605] {taskinstance.py:1239} INFO - Starting attempt 1 of 2
[2022-03-28 12:51:23,606] {taskinstance.py:1240} INFO - 
--------------------------------------------------------------------------------
[2022-03-28 12:51:23,634] {taskinstance.py:1259} INFO - Executing <Task(PythonOperator): dqsdqsd.dqsdqsd_proccess_data> on 2022-03-27 12:47:50.362235+00:00
[2022-03-28 12:51:23,642] {standard_task_runner.py:52} INFO - Started process 267 to run task
[2022-03-28 12:51:23,648] {standard_task_runner.py:76} INFO - Running: ['***', 'tasks', 'run', 'tutorial', 'dqsdqsd.dqsdqsd_proccess_data', 'scheduled__2022-03-27T12:47:50.362235+00:00', '--job-id', '985', '--raw', '--subdir', 'DAGS_FOLDER/test_dag.py', '--cfg-path', '/tmp/tmpghk4s2mm', '--error-file', '/tmp/tmpfhj9hlp1']
[2022-03-28 12:51:23,651] {standard_task_runner.py:77} INFO - Job 985: Subtask dqsdqsd.dqsdqsd_proccess_data
[2022-03-28 12:51:23,754] {logging_mixin.py:109} INFO - Running <TaskInstance: tutorial.dqsdqsd.dqsdqsd_proccess_data scheduled__2022-03-27T12:47:50.362235+00:00 [running]> on host ff48034dfdbf
[2022-03-28 12:51:23,829] {taskinstance.py:1426} INFO - Exporting the following env vars:
AIRFLOW_CTX_DAG_EMAIL=***@example.com
AIRFLOW_CTX_DAG_OWNER=***
AIRFLOW_CTX_DAG_ID=tutorial
AIRFLOW_CTX_TASK_ID=dqsdqsd.dqsdqsd_proccess_data
AIRFLOW_CTX_EXECUTION_DATE=2022-03-27T12:47:50.362235+00:00
AIRFLOW_CTX_DAG_RUN_ID=scheduled__2022-03-27T12:47:50.362235+00:00
[2022-03-28 12:52:23,851] {python.py:175} INFO - Done. Returned value was: None
[2022-03-28 12:52:23,995] {taskinstance.py:1277} INFO - Marking task as SUCCESS. dag_id=tutorial, task_id=dqsdqsd.dqsdqsd_proccess_data, execution_date=20220327T124750, start_date=20220328T125123, end_date=20220328T125223
[2022-03-28 12:52:24,094] {local_task_job.py:154} INFO - Task exited with return code 0
[2022-03-28 12:52:24,472] {local_task_job.py:264} INFO - 1 downstream tasks scheduled from follow-on schedule check
