[2022-02-26 11:39:19,325] {taskinstance.py:1032} INFO - Dependencies all met for <TaskInstance: tutorial.eaeaz.eaeaz_print_proccesed_data scheduled__2022-02-24T21:44:04.431894+00:00 [queued]>
[2022-02-26 11:39:19,339] {taskinstance.py:1032} INFO - Dependencies all met for <TaskInstance: tutorial.eaeaz.eaeaz_print_proccesed_data scheduled__2022-02-24T21:44:04.431894+00:00 [queued]>
[2022-02-26 11:39:19,340] {taskinstance.py:1238} INFO - 
--------------------------------------------------------------------------------
[2022-02-26 11:39:19,341] {taskinstance.py:1239} INFO - Starting attempt 1 of 2
[2022-02-26 11:39:19,342] {taskinstance.py:1240} INFO - 
--------------------------------------------------------------------------------
[2022-02-26 11:39:19,364] {taskinstance.py:1259} INFO - Executing <Task(PythonOperator): eaeaz.eaeaz_print_proccesed_data> on 2022-02-24 21:44:04.431894+00:00
[2022-02-26 11:39:19,371] {standard_task_runner.py:52} INFO - Started process 262 to run task
[2022-02-26 11:39:19,377] {standard_task_runner.py:76} INFO - Running: ['***', 'tasks', 'run', 'tutorial', 'eaeaz.eaeaz_print_proccesed_data', 'scheduled__2022-02-24T21:44:04.431894+00:00', '--job-id', '281', '--raw', '--subdir', 'DAGS_FOLDER/test_dag.py', '--cfg-path', '/tmp/tmp5mzv3hcr', '--error-file', '/tmp/tmphi6rprek']
[2022-02-26 11:39:19,379] {standard_task_runner.py:77} INFO - Job 281: Subtask eaeaz.eaeaz_print_proccesed_data
[2022-02-26 11:39:19,495] {logging_mixin.py:109} INFO - Running <TaskInstance: tutorial.eaeaz.eaeaz_print_proccesed_data scheduled__2022-02-24T21:44:04.431894+00:00 [running]> on host ff48034dfdbf
[2022-02-26 11:39:19,621] {taskinstance.py:1426} INFO - Exporting the following env vars:
AIRFLOW_CTX_DAG_EMAIL=***@example.com
AIRFLOW_CTX_DAG_OWNER=***
AIRFLOW_CTX_DAG_ID=tutorial
AIRFLOW_CTX_TASK_ID=eaeaz.eaeaz_print_proccesed_data
AIRFLOW_CTX_EXECUTION_DATE=2022-02-24T21:44:04.431894+00:00
AIRFLOW_CTX_DAG_RUN_ID=scheduled__2022-02-24T21:44:04.431894+00:00
[2022-02-26 11:40:19,624] {python.py:175} INFO - Done. Returned value was: None
[2022-02-26 11:40:19,636] {taskinstance.py:1277} INFO - Marking task as SUCCESS. dag_id=tutorial, task_id=eaeaz.eaeaz_print_proccesed_data, execution_date=20220224T214404, start_date=20220226T113919, end_date=20220226T114019
[2022-02-26 11:40:19,665] {local_task_job.py:154} INFO - Task exited with return code 0
[2022-02-26 11:40:19,692] {local_task_job.py:264} INFO - 0 downstream tasks scheduled from follow-on schedule check
