[2022-03-05 10:25:47,109] {taskinstance.py:1032} INFO - Dependencies all met for <TaskInstance: tutorial.gdgfg.gdgfg_get_data scheduled__2022-03-04T10:23:38.063243+00:00 [queued]>
[2022-03-05 10:25:47,123] {taskinstance.py:1032} INFO - Dependencies all met for <TaskInstance: tutorial.gdgfg.gdgfg_get_data scheduled__2022-03-04T10:23:38.063243+00:00 [queued]>
[2022-03-05 10:25:47,125] {taskinstance.py:1238} INFO - 
--------------------------------------------------------------------------------
[2022-03-05 10:25:47,126] {taskinstance.py:1239} INFO - Starting attempt 1 of 2
[2022-03-05 10:25:47,127] {taskinstance.py:1240} INFO - 
--------------------------------------------------------------------------------
[2022-03-05 10:25:47,145] {taskinstance.py:1259} INFO - Executing <Task(PythonOperator): gdgfg.gdgfg_get_data> on 2022-03-04 10:23:38.063243+00:00
[2022-03-05 10:25:47,153] {standard_task_runner.py:52} INFO - Started process 199 to run task
[2022-03-05 10:25:47,159] {standard_task_runner.py:76} INFO - Running: ['***', 'tasks', 'run', 'tutorial', 'gdgfg.gdgfg_get_data', 'scheduled__2022-03-04T10:23:38.063243+00:00', '--job-id', '499', '--raw', '--subdir', 'DAGS_FOLDER/test_dag.py', '--cfg-path', '/tmp/tmpaetjkni9', '--error-file', '/tmp/tmpbjj1n09y']
[2022-03-05 10:25:47,161] {standard_task_runner.py:77} INFO - Job 499: Subtask gdgfg.gdgfg_get_data
[2022-03-05 10:25:47,298] {logging_mixin.py:109} INFO - Running <TaskInstance: tutorial.gdgfg.gdgfg_get_data scheduled__2022-03-04T10:23:38.063243+00:00 [running]> on host ff48034dfdbf
[2022-03-05 10:25:47,450] {taskinstance.py:1426} INFO - Exporting the following env vars:
AIRFLOW_CTX_DAG_EMAIL=***@example.com
AIRFLOW_CTX_DAG_OWNER=***
AIRFLOW_CTX_DAG_ID=tutorial
AIRFLOW_CTX_TASK_ID=gdgfg.gdgfg_get_data
AIRFLOW_CTX_EXECUTION_DATE=2022-03-04T10:23:38.063243+00:00
AIRFLOW_CTX_DAG_RUN_ID=scheduled__2022-03-04T10:23:38.063243+00:00
[2022-03-05 10:26:47,460] {python.py:175} INFO - Done. Returned value was: None
[2022-03-05 10:26:47,474] {taskinstance.py:1277} INFO - Marking task as SUCCESS. dag_id=tutorial, task_id=gdgfg.gdgfg_get_data, execution_date=20220304T102338, start_date=20220305T102547, end_date=20220305T102647
[2022-03-05 10:26:47,527] {local_task_job.py:154} INFO - Task exited with return code 0
[2022-03-05 10:26:47,569] {local_task_job.py:264} INFO - 1 downstream tasks scheduled from follow-on schedule check
