[2022-04-23 14:25:50,394] {taskinstance.py:1032} INFO - Dependencies all met for <TaskInstance: tutorial.cat.cat_print_proccesed_data scheduled__2022-04-22T14:16:25.734382+00:00 [queued]>
[2022-04-23 14:25:50,436] {taskinstance.py:1032} INFO - Dependencies all met for <TaskInstance: tutorial.cat.cat_print_proccesed_data scheduled__2022-04-22T14:16:25.734382+00:00 [queued]>
[2022-04-23 14:25:50,437] {taskinstance.py:1238} INFO - 
--------------------------------------------------------------------------------
[2022-04-23 14:25:50,439] {taskinstance.py:1239} INFO - Starting attempt 1 of 2
[2022-04-23 14:25:50,440] {taskinstance.py:1240} INFO - 
--------------------------------------------------------------------------------
[2022-04-23 14:25:50,471] {taskinstance.py:1259} INFO - Executing <Task(PythonOperator): cat.cat_print_proccesed_data> on 2022-04-22 14:16:25.734382+00:00
[2022-04-23 14:25:50,481] {standard_task_runner.py:52} INFO - Started process 592 to run task
[2022-04-23 14:25:50,488] {standard_task_runner.py:76} INFO - Running: ['***', 'tasks', 'run', 'tutorial', 'cat.cat_print_proccesed_data', 'scheduled__2022-04-22T14:16:25.734382+00:00', '--job-id', '1185', '--raw', '--subdir', 'DAGS_FOLDER/test_dag.py', '--cfg-path', '/tmp/tmp6h_w_3zk', '--error-file', '/tmp/tmpk756mjkt']
[2022-04-23 14:25:50,490] {standard_task_runner.py:77} INFO - Job 1185: Subtask cat.cat_print_proccesed_data
[2022-04-23 14:25:50,659] {logging_mixin.py:109} INFO - Running <TaskInstance: tutorial.cat.cat_print_proccesed_data scheduled__2022-04-22T14:16:25.734382+00:00 [running]> on host ff48034dfdbf
[2022-04-23 14:25:50,793] {taskinstance.py:1426} INFO - Exporting the following env vars:
AIRFLOW_CTX_DAG_EMAIL=***@example.com
AIRFLOW_CTX_DAG_OWNER=***
AIRFLOW_CTX_DAG_ID=tutorial
AIRFLOW_CTX_TASK_ID=cat.cat_print_proccesed_data
AIRFLOW_CTX_EXECUTION_DATE=2022-04-22T14:16:25.734382+00:00
AIRFLOW_CTX_DAG_RUN_ID=scheduled__2022-04-22T14:16:25.734382+00:00
[2022-04-23 14:26:50,815] {python.py:175} INFO - Done. Returned value was: None
[2022-04-23 14:26:50,838] {taskinstance.py:1277} INFO - Marking task as SUCCESS. dag_id=tutorial, task_id=cat.cat_print_proccesed_data, execution_date=20220422T141625, start_date=20220423T142550, end_date=20220423T142650
[2022-04-23 14:26:50,896] {local_task_job.py:154} INFO - Task exited with return code 0
[2022-04-23 14:26:50,955] {local_task_job.py:264} INFO - 0 downstream tasks scheduled from follow-on schedule check
