[2022-04-23 14:27:54,983] {taskinstance.py:1032} INFO - Dependencies all met for <TaskInstance: tutorial.bsre.bsre_proccess_data scheduled__2022-04-22T14:25:49.377068+00:00 [queued]>
[2022-04-23 14:27:55,010] {taskinstance.py:1032} INFO - Dependencies all met for <TaskInstance: tutorial.bsre.bsre_proccess_data scheduled__2022-04-22T14:25:49.377068+00:00 [queued]>
[2022-04-23 14:27:55,011] {taskinstance.py:1238} INFO - 
--------------------------------------------------------------------------------
[2022-04-23 14:27:55,013] {taskinstance.py:1239} INFO - Starting attempt 1 of 2
[2022-04-23 14:27:55,014] {taskinstance.py:1240} INFO - 
--------------------------------------------------------------------------------
[2022-04-23 14:27:55,042] {taskinstance.py:1259} INFO - Executing <Task(PythonOperator): bsre.bsre_proccess_data> on 2022-04-22 14:25:49.377068+00:00
[2022-04-23 14:27:55,050] {standard_task_runner.py:52} INFO - Started process 722 to run task
[2022-04-23 14:27:55,057] {standard_task_runner.py:76} INFO - Running: ['***', 'tasks', 'run', 'tutorial', 'bsre.bsre_proccess_data', 'scheduled__2022-04-22T14:25:49.377068+00:00', '--job-id', '1210', '--raw', '--subdir', 'DAGS_FOLDER/test_dag.py', '--cfg-path', '/tmp/tmpk2prm3at', '--error-file', '/tmp/tmpqix0gkyj']
[2022-04-23 14:27:55,060] {standard_task_runner.py:77} INFO - Job 1210: Subtask bsre.bsre_proccess_data
[2022-04-23 14:27:55,196] {logging_mixin.py:109} INFO - Running <TaskInstance: tutorial.bsre.bsre_proccess_data scheduled__2022-04-22T14:25:49.377068+00:00 [running]> on host ff48034dfdbf
[2022-04-23 14:27:55,299] {taskinstance.py:1426} INFO - Exporting the following env vars:
AIRFLOW_CTX_DAG_EMAIL=***@example.com
AIRFLOW_CTX_DAG_OWNER=***
AIRFLOW_CTX_DAG_ID=tutorial
AIRFLOW_CTX_TASK_ID=bsre.bsre_proccess_data
AIRFLOW_CTX_EXECUTION_DATE=2022-04-22T14:25:49.377068+00:00
AIRFLOW_CTX_DAG_RUN_ID=scheduled__2022-04-22T14:25:49.377068+00:00
[2022-04-23 14:28:55,320] {python.py:175} INFO - Done. Returned value was: None
[2022-04-23 14:28:55,362] {taskinstance.py:1277} INFO - Marking task as SUCCESS. dag_id=tutorial, task_id=bsre.bsre_proccess_data, execution_date=20220422T142549, start_date=20220423T142754, end_date=20220423T142855
[2022-04-23 14:28:55,425] {local_task_job.py:154} INFO - Task exited with return code 0
[2022-04-23 14:28:55,505] {local_task_job.py:264} INFO - 1 downstream tasks scheduled from follow-on schedule check
