[2022-04-23 14:20:39,921] {taskinstance.py:1032} INFO - Dependencies all met for <TaskInstance: tutorial.yryrty.yryrty_proccess_data scheduled__2022-03-30T16:04:54.591828+00:00 [queued]>
[2022-04-23 14:20:39,964] {taskinstance.py:1032} INFO - Dependencies all met for <TaskInstance: tutorial.yryrty.yryrty_proccess_data scheduled__2022-03-30T16:04:54.591828+00:00 [queued]>
[2022-04-23 14:20:39,965] {taskinstance.py:1238} INFO - 
--------------------------------------------------------------------------------
[2022-04-23 14:20:39,967] {taskinstance.py:1239} INFO - Starting attempt 1 of 2
[2022-04-23 14:20:39,969] {taskinstance.py:1240} INFO - 
--------------------------------------------------------------------------------
[2022-04-23 14:20:40,012] {taskinstance.py:1259} INFO - Executing <Task(PythonOperator): yryrty.yryrty_proccess_data> on 2022-03-30 16:04:54.591828+00:00
[2022-04-23 14:20:40,024] {standard_task_runner.py:52} INFO - Started process 312 to run task
[2022-04-23 14:20:40,034] {standard_task_runner.py:76} INFO - Running: ['***', 'tasks', 'run', 'tutorial', 'yryrty.yryrty_proccess_data', 'scheduled__2022-03-30T16:04:54.591828+00:00', '--job-id', '1136', '--raw', '--subdir', 'DAGS_FOLDER/test_dag.py', '--cfg-path', '/tmp/tmpf3flblg4', '--error-file', '/tmp/tmpje0xgdy5']
[2022-04-23 14:20:40,037] {standard_task_runner.py:77} INFO - Job 1136: Subtask yryrty.yryrty_proccess_data
[2022-04-23 14:20:40,242] {logging_mixin.py:109} INFO - Running <TaskInstance: tutorial.yryrty.yryrty_proccess_data scheduled__2022-03-30T16:04:54.591828+00:00 [running]> on host ff48034dfdbf
[2022-04-23 14:20:40,446] {taskinstance.py:1426} INFO - Exporting the following env vars:
AIRFLOW_CTX_DAG_EMAIL=***@example.com
AIRFLOW_CTX_DAG_OWNER=***
AIRFLOW_CTX_DAG_ID=tutorial
AIRFLOW_CTX_TASK_ID=yryrty.yryrty_proccess_data
AIRFLOW_CTX_EXECUTION_DATE=2022-03-30T16:04:54.591828+00:00
AIRFLOW_CTX_DAG_RUN_ID=scheduled__2022-03-30T16:04:54.591828+00:00
[2022-04-23 14:21:40,457] {python.py:175} INFO - Done. Returned value was: None
[2022-04-23 14:21:40,517] {taskinstance.py:1277} INFO - Marking task as SUCCESS. dag_id=tutorial, task_id=yryrty.yryrty_proccess_data, execution_date=20220330T160454, start_date=20220423T142039, end_date=20220423T142140
[2022-04-23 14:21:40,611] {local_task_job.py:154} INFO - Task exited with return code 0
[2022-04-23 14:21:40,720] {local_task_job.py:264} INFO - 1 downstream tasks scheduled from follow-on schedule check
