[2022-04-23 14:22:45,610] {taskinstance.py:1032} INFO - Dependencies all met for <TaskInstance: tutorial.dqsdqsd.dqsdqsd_proccess_data scheduled__2022-04-22T14:16:37.536651+00:00 [queued]>
[2022-04-23 14:22:45,639] {taskinstance.py:1032} INFO - Dependencies all met for <TaskInstance: tutorial.dqsdqsd.dqsdqsd_proccess_data scheduled__2022-04-22T14:16:37.536651+00:00 [queued]>
[2022-04-23 14:22:45,641] {taskinstance.py:1238} INFO - 
--------------------------------------------------------------------------------
[2022-04-23 14:22:45,643] {taskinstance.py:1239} INFO - Starting attempt 1 of 2
[2022-04-23 14:22:45,645] {taskinstance.py:1240} INFO - 
--------------------------------------------------------------------------------
[2022-04-23 14:22:45,674] {taskinstance.py:1259} INFO - Executing <Task(PythonOperator): dqsdqsd.dqsdqsd_proccess_data> on 2022-04-22 14:16:37.536651+00:00
[2022-04-23 14:22:45,681] {standard_task_runner.py:52} INFO - Started process 433 to run task
[2022-04-23 14:22:45,688] {standard_task_runner.py:76} INFO - Running: ['***', 'tasks', 'run', 'tutorial', 'dqsdqsd.dqsdqsd_proccess_data', 'scheduled__2022-04-22T14:16:37.536651+00:00', '--job-id', '1161', '--raw', '--subdir', 'DAGS_FOLDER/test_dag.py', '--cfg-path', '/tmp/tmptx9rc34r', '--error-file', '/tmp/tmpgp4komcl']
[2022-04-23 14:22:45,691] {standard_task_runner.py:77} INFO - Job 1161: Subtask dqsdqsd.dqsdqsd_proccess_data
[2022-04-23 14:22:45,842] {logging_mixin.py:109} INFO - Running <TaskInstance: tutorial.dqsdqsd.dqsdqsd_proccess_data scheduled__2022-04-22T14:16:37.536651+00:00 [running]> on host ff48034dfdbf
[2022-04-23 14:22:45,974] {taskinstance.py:1426} INFO - Exporting the following env vars:
AIRFLOW_CTX_DAG_EMAIL=***@example.com
AIRFLOW_CTX_DAG_OWNER=***
AIRFLOW_CTX_DAG_ID=tutorial
AIRFLOW_CTX_TASK_ID=dqsdqsd.dqsdqsd_proccess_data
AIRFLOW_CTX_EXECUTION_DATE=2022-04-22T14:16:37.536651+00:00
AIRFLOW_CTX_DAG_RUN_ID=scheduled__2022-04-22T14:16:37.536651+00:00
[2022-04-23 14:23:45,995] {python.py:175} INFO - Done. Returned value was: None
[2022-04-23 14:23:46,097] {taskinstance.py:1277} INFO - Marking task as SUCCESS. dag_id=tutorial, task_id=dqsdqsd.dqsdqsd_proccess_data, execution_date=20220422T141637, start_date=20220423T142245, end_date=20220423T142346
[2022-04-23 14:23:46,238] {local_task_job.py:154} INFO - Task exited with return code 0
[2022-04-23 14:23:46,327] {local_task_job.py:264} INFO - 1 downstream tasks scheduled from follow-on schedule check
