[2022-03-14 12:00:13,514] {taskinstance.py:1032} INFO - Dependencies all met for <TaskInstance: tutorial.wcccw.wcccw_print_proccesed_data scheduled__2022-03-08T18:13:06.710203+00:00 [queued]>
[2022-03-14 12:00:13,544] {taskinstance.py:1032} INFO - Dependencies all met for <TaskInstance: tutorial.wcccw.wcccw_print_proccesed_data scheduled__2022-03-08T18:13:06.710203+00:00 [queued]>
[2022-03-14 12:00:13,545] {taskinstance.py:1238} INFO - 
--------------------------------------------------------------------------------
[2022-03-14 12:00:13,547] {taskinstance.py:1239} INFO - Starting attempt 1 of 2
[2022-03-14 12:00:13,548] {taskinstance.py:1240} INFO - 
--------------------------------------------------------------------------------
[2022-03-14 12:00:13,573] {taskinstance.py:1259} INFO - Executing <Task(PythonOperator): wcccw.wcccw_print_proccesed_data> on 2022-03-08 18:13:06.710203+00:00
[2022-03-14 12:00:13,581] {standard_task_runner.py:52} INFO - Started process 578 to run task
[2022-03-14 12:00:13,589] {standard_task_runner.py:76} INFO - Running: ['***', 'tasks', 'run', 'tutorial', 'wcccw.wcccw_print_proccesed_data', 'scheduled__2022-03-08T18:13:06.710203+00:00', '--job-id', '767', '--raw', '--subdir', 'DAGS_FOLDER/test_dag.py', '--cfg-path', '/tmp/tmpv8oblm_y', '--error-file', '/tmp/tmpm7umwx66']
[2022-03-14 12:00:13,591] {standard_task_runner.py:77} INFO - Job 767: Subtask wcccw.wcccw_print_proccesed_data
[2022-03-14 12:00:13,735] {logging_mixin.py:109} INFO - Running <TaskInstance: tutorial.wcccw.wcccw_print_proccesed_data scheduled__2022-03-08T18:13:06.710203+00:00 [running]> on host ff48034dfdbf
[2022-03-14 12:00:13,898] {taskinstance.py:1426} INFO - Exporting the following env vars:
AIRFLOW_CTX_DAG_EMAIL=***@example.com
AIRFLOW_CTX_DAG_OWNER=***
AIRFLOW_CTX_DAG_ID=tutorial
AIRFLOW_CTX_TASK_ID=wcccw.wcccw_print_proccesed_data
AIRFLOW_CTX_EXECUTION_DATE=2022-03-08T18:13:06.710203+00:00
AIRFLOW_CTX_DAG_RUN_ID=scheduled__2022-03-08T18:13:06.710203+00:00
[2022-03-14 12:01:13,920] {python.py:175} INFO - Done. Returned value was: None
[2022-03-14 12:01:13,944] {taskinstance.py:1277} INFO - Marking task as SUCCESS. dag_id=tutorial, task_id=wcccw.wcccw_print_proccesed_data, execution_date=20220308T181306, start_date=20220314T120013, end_date=20220314T120113
[2022-03-14 12:01:13,981] {local_task_job.py:154} INFO - Task exited with return code 0
[2022-03-14 12:01:14,049] {local_task_job.py:264} INFO - 0 downstream tasks scheduled from follow-on schedule check
