[2022-04-29 15:33:38,082] {taskinstance.py:1032} INFO - Dependencies all met for <TaskInstance: cdn_daily.import_cat.run_cat manual__2022-04-29T15:33:34.007459+00:00 [queued]>
[2022-04-29 15:33:38,101] {taskinstance.py:1032} INFO - Dependencies all met for <TaskInstance: cdn_daily.import_cat.run_cat manual__2022-04-29T15:33:34.007459+00:00 [queued]>
[2022-04-29 15:33:38,103] {taskinstance.py:1238} INFO - 
--------------------------------------------------------------------------------
[2022-04-29 15:33:38,104] {taskinstance.py:1239} INFO - Starting attempt 1 of 2
[2022-04-29 15:33:38,106] {taskinstance.py:1240} INFO - 
--------------------------------------------------------------------------------
[2022-04-29 15:33:38,124] {taskinstance.py:1259} INFO - Executing <Task(PythonOperator): import_cat.run_cat> on 2022-04-29 15:33:34.007459+00:00
[2022-04-29 15:33:38,131] {standard_task_runner.py:52} INFO - Started process 3867 to run task
[2022-04-29 15:33:38,138] {standard_task_runner.py:76} INFO - Running: ['***', 'tasks', 'run', 'cdn_daily', 'import_cat.run_cat', 'manual__2022-04-29T15:33:34.007459+00:00', '--job-id', '1719', '--raw', '--subdir', 'DAGS_FOLDER/cdn_daily.py', '--cfg-path', '/tmp/tmpndvpubge', '--error-file', '/tmp/tmpwpw18ge5']
[2022-04-29 15:33:38,140] {standard_task_runner.py:77} INFO - Job 1719: Subtask import_cat.run_cat
[2022-04-29 15:33:38,267] {logging_mixin.py:109} INFO - Running <TaskInstance: cdn_daily.import_cat.run_cat manual__2022-04-29T15:33:34.007459+00:00 [running]> on host d5ad096ffea5
[2022-04-29 15:33:38,379] {taskinstance.py:1426} INFO - Exporting the following env vars:
AIRFLOW_CTX_DAG_EMAIL=***@example.com
AIRFLOW_CTX_DAG_OWNER=***
AIRFLOW_CTX_DAG_ID=cdn_daily
AIRFLOW_CTX_TASK_ID=import_cat.run_cat
AIRFLOW_CTX_EXECUTION_DATE=2022-04-29T15:33:34.007459+00:00
AIRFLOW_CTX_DAG_RUN_ID=manual__2022-04-29T15:33:34.007459+00:00
[2022-04-29 15:33:38,411] {python.py:175} INFO - Done. Returned value was: None
[2022-04-29 15:33:38,431] {taskinstance.py:1277} INFO - Marking task as SUCCESS. dag_id=cdn_daily, task_id=import_cat.run_cat, execution_date=20220429T153334, start_date=20220429T153338, end_date=20220429T153338
[2022-04-29 15:33:38,475] {local_task_job.py:154} INFO - Task exited with return code 0
[2022-04-29 15:33:38,533] {local_task_job.py:264} INFO - 1 downstream tasks scheduled from follow-on schedule check
