[2022-04-30 15:46:15,793] {taskinstance.py:1032} INFO - Dependencies all met for <TaskInstance: cdn_daily.run_bsre.alm manual__2022-04-30T15:46:12.555314+00:00 [queued]>
[2022-04-30 15:46:15,821] {taskinstance.py:1032} INFO - Dependencies all met for <TaskInstance: cdn_daily.run_bsre.alm manual__2022-04-30T15:46:12.555314+00:00 [queued]>
[2022-04-30 15:46:15,823] {taskinstance.py:1238} INFO - 
--------------------------------------------------------------------------------
[2022-04-30 15:46:15,825] {taskinstance.py:1239} INFO - Starting attempt 1 of 2
[2022-04-30 15:46:15,827] {taskinstance.py:1240} INFO - 
--------------------------------------------------------------------------------
[2022-04-30 15:46:15,853] {taskinstance.py:1259} INFO - Executing <Task(PythonOperator): run_bsre.alm> on 2022-04-30 15:46:12.555314+00:00
[2022-04-30 15:46:15,861] {standard_task_runner.py:52} INFO - Started process 2397 to run task
[2022-04-30 15:46:15,867] {standard_task_runner.py:76} INFO - Running: ['***', 'tasks', 'run', 'cdn_daily', 'run_bsre.alm', 'manual__2022-04-30T15:46:12.555314+00:00', '--job-id', '1826', '--raw', '--subdir', 'DAGS_FOLDER/cdn_daily.py', '--cfg-path', '/tmp/tmp_ydc0u0x', '--error-file', '/tmp/tmpup7xn0i_']
[2022-04-30 15:46:15,870] {standard_task_runner.py:77} INFO - Job 1826: Subtask run_bsre.alm
[2022-04-30 15:46:15,987] {logging_mixin.py:109} INFO - Running <TaskInstance: cdn_daily.run_bsre.alm manual__2022-04-30T15:46:12.555314+00:00 [running]> on host d5ad096ffea5
[2022-04-30 15:46:16,090] {taskinstance.py:1426} INFO - Exporting the following env vars:
AIRFLOW_CTX_DAG_EMAIL=***@example.com
AIRFLOW_CTX_DAG_OWNER=***
AIRFLOW_CTX_DAG_ID=cdn_daily
AIRFLOW_CTX_TASK_ID=run_bsre.alm
AIRFLOW_CTX_EXECUTION_DATE=2022-04-30T15:46:12.555314+00:00
AIRFLOW_CTX_DAG_RUN_ID=manual__2022-04-30T15:46:12.555314+00:00
[2022-04-30 15:46:16,139] {python.py:175} INFO - Done. Returned value was: None
[2022-04-30 15:46:16,162] {taskinstance.py:1277} INFO - Marking task as SUCCESS. dag_id=cdn_daily, task_id=run_bsre.alm, execution_date=20220430T154612, start_date=20220430T154615, end_date=20220430T154616
[2022-04-30 15:46:16,205] {local_task_job.py:154} INFO - Task exited with return code 0
[2022-04-30 15:46:16,323] {local_task_job.py:264} INFO - 1 downstream tasks scheduled from follow-on schedule check
