[2022-03-02 21:53:23,868] {taskinstance.py:1032} INFO - Dependencies all met for <TaskInstance: tutorial.gdgfg.gdgfg_proccess_data scheduled__2022-03-01T21:51:17.549420+00:00 [queued]>
[2022-03-02 21:53:23,891] {taskinstance.py:1032} INFO - Dependencies all met for <TaskInstance: tutorial.gdgfg.gdgfg_proccess_data scheduled__2022-03-01T21:51:17.549420+00:00 [queued]>
[2022-03-02 21:53:23,894] {taskinstance.py:1238} INFO - 
--------------------------------------------------------------------------------
[2022-03-02 21:53:23,896] {taskinstance.py:1239} INFO - Starting attempt 1 of 2
[2022-03-02 21:53:23,897] {taskinstance.py:1240} INFO - 
--------------------------------------------------------------------------------
[2022-03-02 21:53:23,929] {taskinstance.py:1259} INFO - Executing <Task(PythonOperator): gdgfg.gdgfg_proccess_data> on 2022-03-01 21:51:17.549420+00:00
[2022-03-02 21:53:23,940] {standard_task_runner.py:52} INFO - Started process 15274 to run task
[2022-03-02 21:53:23,947] {standard_task_runner.py:76} INFO - Running: ['***', 'tasks', 'run', 'tutorial', 'gdgfg.gdgfg_proccess_data', 'scheduled__2022-03-01T21:51:17.549420+00:00', '--job-id', '456', '--raw', '--subdir', 'DAGS_FOLDER/test_dag.py', '--cfg-path', '/tmp/tmp3yz5s9k0', '--error-file', '/tmp/tmp07bn0as8']
[2022-03-02 21:53:23,948] {standard_task_runner.py:77} INFO - Job 456: Subtask gdgfg.gdgfg_proccess_data
[2022-03-02 21:53:24,085] {logging_mixin.py:109} INFO - Running <TaskInstance: tutorial.gdgfg.gdgfg_proccess_data scheduled__2022-03-01T21:51:17.549420+00:00 [running]> on host ff48034dfdbf
[2022-03-02 21:53:24,199] {taskinstance.py:1426} INFO - Exporting the following env vars:
AIRFLOW_CTX_DAG_EMAIL=***@example.com
AIRFLOW_CTX_DAG_OWNER=***
AIRFLOW_CTX_DAG_ID=tutorial
AIRFLOW_CTX_TASK_ID=gdgfg.gdgfg_proccess_data
AIRFLOW_CTX_EXECUTION_DATE=2022-03-01T21:51:17.549420+00:00
AIRFLOW_CTX_DAG_RUN_ID=scheduled__2022-03-01T21:51:17.549420+00:00
[2022-03-02 21:54:24,166] {python.py:175} INFO - Done. Returned value was: None
[2022-03-02 21:54:24,183] {taskinstance.py:1277} INFO - Marking task as SUCCESS. dag_id=tutorial, task_id=gdgfg.gdgfg_proccess_data, execution_date=20220301T215117, start_date=20220302T215323, end_date=20220302T215424
[2022-03-02 21:54:24,247] {local_task_job.py:154} INFO - Task exited with return code 0
[2022-03-02 21:54:24,293] {local_task_job.py:264} INFO - 0 downstream tasks scheduled from follow-on schedule check
