[2022-04-29 15:33:35,377] {taskinstance.py:1032} INFO - Dependencies all met for <TaskInstance: cdn_daily.import_pre.run_pre manual__2022-04-29T15:33:34.007459+00:00 [queued]>
[2022-04-29 15:33:35,408] {taskinstance.py:1032} INFO - Dependencies all met for <TaskInstance: cdn_daily.import_pre.run_pre manual__2022-04-29T15:33:34.007459+00:00 [queued]>
[2022-04-29 15:33:35,411] {taskinstance.py:1238} INFO - 
--------------------------------------------------------------------------------
[2022-04-29 15:33:35,413] {taskinstance.py:1239} INFO - Starting attempt 1 of 2
[2022-04-29 15:33:35,414] {taskinstance.py:1240} INFO - 
--------------------------------------------------------------------------------
[2022-04-29 15:33:35,432] {taskinstance.py:1259} INFO - Executing <Task(PythonOperator): import_pre.run_pre> on 2022-04-29 15:33:34.007459+00:00
[2022-04-29 15:33:35,439] {standard_task_runner.py:52} INFO - Started process 3859 to run task
[2022-04-29 15:33:35,446] {standard_task_runner.py:76} INFO - Running: ['***', 'tasks', 'run', 'cdn_daily', 'import_pre.run_pre', 'manual__2022-04-29T15:33:34.007459+00:00', '--job-id', '1713', '--raw', '--subdir', 'DAGS_FOLDER/cdn_daily.py', '--cfg-path', '/tmp/tmpvxyedmew', '--error-file', '/tmp/tmp7cztw4i4']
[2022-04-29 15:33:35,448] {standard_task_runner.py:77} INFO - Job 1713: Subtask import_pre.run_pre
[2022-04-29 15:33:35,565] {logging_mixin.py:109} INFO - Running <TaskInstance: cdn_daily.import_pre.run_pre manual__2022-04-29T15:33:34.007459+00:00 [running]> on host d5ad096ffea5
[2022-04-29 15:33:35,688] {taskinstance.py:1426} INFO - Exporting the following env vars:
AIRFLOW_CTX_DAG_EMAIL=***@example.com
AIRFLOW_CTX_DAG_OWNER=***
AIRFLOW_CTX_DAG_ID=cdn_daily
AIRFLOW_CTX_TASK_ID=import_pre.run_pre
AIRFLOW_CTX_EXECUTION_DATE=2022-04-29T15:33:34.007459+00:00
AIRFLOW_CTX_DAG_RUN_ID=manual__2022-04-29T15:33:34.007459+00:00
[2022-04-29 15:33:35,737] {python.py:175} INFO - Done. Returned value was: None
[2022-04-29 15:33:35,770] {taskinstance.py:1277} INFO - Marking task as SUCCESS. dag_id=cdn_daily, task_id=import_pre.run_pre, execution_date=20220429T153334, start_date=20220429T153335, end_date=20220429T153335
[2022-04-29 15:33:35,830] {local_task_job.py:154} INFO - Task exited with return code 0
[2022-04-29 15:33:35,940] {local_task_job.py:264} INFO - 1 downstream tasks scheduled from follow-on schedule check
