[2022-02-23 21:39:57,289] {taskinstance.py:1032} INFO - Dependencies all met for <TaskInstance: tutorial.fsqfqf.fsqfqf_proccess_data scheduled__2022-02-21T17:28:01.321646+00:00 [queued]>
[2022-02-23 21:39:57,329] {taskinstance.py:1032} INFO - Dependencies all met for <TaskInstance: tutorial.fsqfqf.fsqfqf_proccess_data scheduled__2022-02-21T17:28:01.321646+00:00 [queued]>
[2022-02-23 21:39:57,330] {taskinstance.py:1238} INFO - 
--------------------------------------------------------------------------------
[2022-02-23 21:39:57,332] {taskinstance.py:1239} INFO - Starting attempt 1 of 2
[2022-02-23 21:39:57,333] {taskinstance.py:1240} INFO - 
--------------------------------------------------------------------------------
[2022-02-23 21:39:57,356] {taskinstance.py:1259} INFO - Executing <Task(PythonOperator): fsqfqf.fsqfqf_proccess_data> on 2022-02-21 17:28:01.321646+00:00
[2022-02-23 21:39:57,363] {standard_task_runner.py:52} INFO - Started process 209 to run task
[2022-02-23 21:39:57,371] {standard_task_runner.py:76} INFO - Running: ['***', 'tasks', 'run', 'tutorial', 'fsqfqf.fsqfqf_proccess_data', 'scheduled__2022-02-21T17:28:01.321646+00:00', '--job-id', '131', '--raw', '--subdir', 'DAGS_FOLDER/test_dag.py', '--cfg-path', '/tmp/tmpkqamv48h', '--error-file', '/tmp/tmpk7_4o7na']
[2022-02-23 21:39:57,372] {standard_task_runner.py:77} INFO - Job 131: Subtask fsqfqf.fsqfqf_proccess_data
[2022-02-23 21:39:57,466] {logging_mixin.py:109} INFO - Running <TaskInstance: tutorial.fsqfqf.fsqfqf_proccess_data scheduled__2022-02-21T17:28:01.321646+00:00 [running]> on host ff48034dfdbf
[2022-02-23 21:39:57,525] {taskinstance.py:1426} INFO - Exporting the following env vars:
AIRFLOW_CTX_DAG_EMAIL=***@example.com
AIRFLOW_CTX_DAG_OWNER=***
AIRFLOW_CTX_DAG_ID=tutorial
AIRFLOW_CTX_TASK_ID=fsqfqf.fsqfqf_proccess_data
AIRFLOW_CTX_EXECUTION_DATE=2022-02-21T17:28:01.321646+00:00
AIRFLOW_CTX_DAG_RUN_ID=scheduled__2022-02-21T17:28:01.321646+00:00
[2022-02-23 21:40:57,525] {python.py:175} INFO - Done. Returned value was: None
[2022-02-23 21:40:57,545] {taskinstance.py:1277} INFO - Marking task as SUCCESS. dag_id=tutorial, task_id=fsqfqf.fsqfqf_proccess_data, execution_date=20220221T172801, start_date=20220223T213957, end_date=20220223T214057
[2022-02-23 21:40:57,597] {local_task_job.py:154} INFO - Task exited with return code 0
[2022-02-23 21:40:57,634] {local_task_job.py:264} INFO - 1 downstream tasks scheduled from follow-on schedule check
