[2022-04-23 14:18:35,716] {taskinstance.py:1032} INFO - Dependencies all met for <TaskInstance: tutorial.xsxsxqc.xsxsxqc_get_data scheduled__2022-04-22T14:16:25.734382+00:00 [queued]>
[2022-04-23 14:18:35,743] {taskinstance.py:1032} INFO - Dependencies all met for <TaskInstance: tutorial.xsxsxqc.xsxsxqc_get_data scheduled__2022-04-22T14:16:25.734382+00:00 [queued]>
[2022-04-23 14:18:35,746] {taskinstance.py:1238} INFO - 
--------------------------------------------------------------------------------
[2022-04-23 14:18:35,748] {taskinstance.py:1239} INFO - Starting attempt 1 of 2
[2022-04-23 14:18:35,749] {taskinstance.py:1240} INFO - 
--------------------------------------------------------------------------------
[2022-04-23 14:18:35,775] {taskinstance.py:1259} INFO - Executing <Task(PythonOperator): xsxsxqc.xsxsxqc_get_data> on 2022-04-22 14:16:25.734382+00:00
[2022-04-23 14:18:35,784] {standard_task_runner.py:52} INFO - Started process 197 to run task
[2022-04-23 14:18:35,796] {standard_task_runner.py:76} INFO - Running: ['***', 'tasks', 'run', 'tutorial', 'xsxsxqc.xsxsxqc_get_data', 'scheduled__2022-04-22T14:16:25.734382+00:00', '--job-id', '1117', '--raw', '--subdir', 'DAGS_FOLDER/test_dag.py', '--cfg-path', '/tmp/tmpyk0dalv5', '--error-file', '/tmp/tmpmj4z35lm']
[2022-04-23 14:18:35,800] {standard_task_runner.py:77} INFO - Job 1117: Subtask xsxsxqc.xsxsxqc_get_data
[2022-04-23 14:18:35,983] {logging_mixin.py:109} INFO - Running <TaskInstance: tutorial.xsxsxqc.xsxsxqc_get_data scheduled__2022-04-22T14:16:25.734382+00:00 [running]> on host ff48034dfdbf
[2022-04-23 14:18:36,125] {taskinstance.py:1426} INFO - Exporting the following env vars:
AIRFLOW_CTX_DAG_EMAIL=***@example.com
AIRFLOW_CTX_DAG_OWNER=***
AIRFLOW_CTX_DAG_ID=tutorial
AIRFLOW_CTX_TASK_ID=xsxsxqc.xsxsxqc_get_data
AIRFLOW_CTX_EXECUTION_DATE=2022-04-22T14:16:25.734382+00:00
AIRFLOW_CTX_DAG_RUN_ID=scheduled__2022-04-22T14:16:25.734382+00:00
[2022-04-23 14:19:36,113] {python.py:175} INFO - Done. Returned value was: None
[2022-04-23 14:19:36,148] {taskinstance.py:1277} INFO - Marking task as SUCCESS. dag_id=tutorial, task_id=xsxsxqc.xsxsxqc_get_data, execution_date=20220422T141625, start_date=20220423T141835, end_date=20220423T141936
[2022-04-23 14:19:36,212] {local_task_job.py:154} INFO - Task exited with return code 0
[2022-04-23 14:19:36,508] {local_task_job.py:264} INFO - 1 downstream tasks scheduled from follow-on schedule check
