[2022-03-14 12:07:18,580] {taskinstance.py:1032} INFO - Dependencies all met for <TaskInstance: tutorial.bsre.bsre_get_data scheduled__2022-03-13T12:05:20.517459+00:00 [queued]>
[2022-03-14 12:07:18,598] {taskinstance.py:1032} INFO - Dependencies all met for <TaskInstance: tutorial.bsre.bsre_get_data scheduled__2022-03-13T12:05:20.517459+00:00 [queued]>
[2022-03-14 12:07:18,599] {taskinstance.py:1238} INFO - 
--------------------------------------------------------------------------------
[2022-03-14 12:07:18,600] {taskinstance.py:1239} INFO - Starting attempt 1 of 2
[2022-03-14 12:07:18,602] {taskinstance.py:1240} INFO - 
--------------------------------------------------------------------------------
[2022-03-14 12:07:18,629] {taskinstance.py:1259} INFO - Executing <Task(PythonOperator): bsre.bsre_get_data> on 2022-03-13 12:05:20.517459+00:00
[2022-03-14 12:07:18,638] {standard_task_runner.py:52} INFO - Started process 984 to run task
[2022-03-14 12:07:18,647] {standard_task_runner.py:76} INFO - Running: ['***', 'tasks', 'run', 'tutorial', 'bsre.bsre_get_data', 'scheduled__2022-03-13T12:05:20.517459+00:00', '--job-id', '835', '--raw', '--subdir', 'DAGS_FOLDER/test_dag.py', '--cfg-path', '/tmp/tmpes6wm_vi', '--error-file', '/tmp/tmp7tifpqf4']
[2022-03-14 12:07:18,649] {standard_task_runner.py:77} INFO - Job 835: Subtask bsre.bsre_get_data
[2022-03-14 12:07:18,746] {logging_mixin.py:109} INFO - Running <TaskInstance: tutorial.bsre.bsre_get_data scheduled__2022-03-13T12:05:20.517459+00:00 [running]> on host ff48034dfdbf
[2022-03-14 12:07:18,830] {taskinstance.py:1426} INFO - Exporting the following env vars:
AIRFLOW_CTX_DAG_EMAIL=***@example.com
AIRFLOW_CTX_DAG_OWNER=***
AIRFLOW_CTX_DAG_ID=tutorial
AIRFLOW_CTX_TASK_ID=bsre.bsre_get_data
AIRFLOW_CTX_EXECUTION_DATE=2022-03-13T12:05:20.517459+00:00
AIRFLOW_CTX_DAG_RUN_ID=scheduled__2022-03-13T12:05:20.517459+00:00
[2022-03-14 12:08:18,820] {python.py:175} INFO - Done. Returned value was: None
[2022-03-14 12:08:18,837] {taskinstance.py:1277} INFO - Marking task as SUCCESS. dag_id=tutorial, task_id=bsre.bsre_get_data, execution_date=20220313T120520, start_date=20220314T120718, end_date=20220314T120818
[2022-03-14 12:08:18,876] {local_task_job.py:154} INFO - Task exited with return code 0
[2022-03-14 12:08:18,922] {local_task_job.py:264} INFO - 1 downstream tasks scheduled from follow-on schedule check
