[2022-04-23 14:19:37,673] {taskinstance.py:1032} INFO - Dependencies all met for <TaskInstance: tutorial.yryrty.yryrty_get_data scheduled__2022-04-22T14:16:37.536651+00:00 [queued]>
[2022-04-23 14:19:37,709] {taskinstance.py:1032} INFO - Dependencies all met for <TaskInstance: tutorial.yryrty.yryrty_get_data scheduled__2022-04-22T14:16:37.536651+00:00 [queued]>
[2022-04-23 14:19:37,711] {taskinstance.py:1238} INFO - 
--------------------------------------------------------------------------------
[2022-04-23 14:19:37,713] {taskinstance.py:1239} INFO - Starting attempt 1 of 2
[2022-04-23 14:19:37,717] {taskinstance.py:1240} INFO - 
--------------------------------------------------------------------------------
[2022-04-23 14:19:37,751] {taskinstance.py:1259} INFO - Executing <Task(PythonOperator): yryrty.yryrty_get_data> on 2022-04-22 14:16:37.536651+00:00
[2022-04-23 14:19:37,762] {standard_task_runner.py:52} INFO - Started process 257 to run task
[2022-04-23 14:19:37,769] {standard_task_runner.py:76} INFO - Running: ['***', 'tasks', 'run', 'tutorial', 'yryrty.yryrty_get_data', 'scheduled__2022-04-22T14:16:37.536651+00:00', '--job-id', '1129', '--raw', '--subdir', 'DAGS_FOLDER/test_dag.py', '--cfg-path', '/tmp/tmpt8rk6uiz', '--error-file', '/tmp/tmp8i0tffpf']
[2022-04-23 14:19:37,772] {standard_task_runner.py:77} INFO - Job 1129: Subtask yryrty.yryrty_get_data
[2022-04-23 14:19:37,944] {logging_mixin.py:109} INFO - Running <TaskInstance: tutorial.yryrty.yryrty_get_data scheduled__2022-04-22T14:16:37.536651+00:00 [running]> on host ff48034dfdbf
[2022-04-23 14:19:38,050] {taskinstance.py:1426} INFO - Exporting the following env vars:
AIRFLOW_CTX_DAG_EMAIL=***@example.com
AIRFLOW_CTX_DAG_OWNER=***
AIRFLOW_CTX_DAG_ID=tutorial
AIRFLOW_CTX_TASK_ID=yryrty.yryrty_get_data
AIRFLOW_CTX_EXECUTION_DATE=2022-04-22T14:16:37.536651+00:00
AIRFLOW_CTX_DAG_RUN_ID=scheduled__2022-04-22T14:16:37.536651+00:00
[2022-04-23 14:20:38,071] {python.py:175} INFO - Done. Returned value was: None
[2022-04-23 14:20:38,120] {taskinstance.py:1277} INFO - Marking task as SUCCESS. dag_id=tutorial, task_id=yryrty.yryrty_get_data, execution_date=20220422T141637, start_date=20220423T141937, end_date=20220423T142038
[2022-04-23 14:20:38,207] {local_task_job.py:154} INFO - Task exited with return code 0
[2022-04-23 14:20:38,377] {local_task_job.py:264} INFO - 1 downstream tasks scheduled from follow-on schedule check
