[2022-03-02 21:53:25,917] {taskinstance.py:1032} INFO - Dependencies all met for <TaskInstance: tutorial.hfghfg.hfghfg_print_proccesed_data scheduled__2022-03-01T21:51:17.549420+00:00 [queued]>
[2022-03-02 21:53:25,946] {taskinstance.py:1032} INFO - Dependencies all met for <TaskInstance: tutorial.hfghfg.hfghfg_print_proccesed_data scheduled__2022-03-01T21:51:17.549420+00:00 [queued]>
[2022-03-02 21:53:25,948] {taskinstance.py:1238} INFO - 
--------------------------------------------------------------------------------
[2022-03-02 21:53:25,949] {taskinstance.py:1239} INFO - Starting attempt 1 of 2
[2022-03-02 21:53:25,951] {taskinstance.py:1240} INFO - 
--------------------------------------------------------------------------------
[2022-03-02 21:53:25,975] {taskinstance.py:1259} INFO - Executing <Task(PythonOperator): hfghfg.hfghfg_print_proccesed_data> on 2022-03-01 21:51:17.549420+00:00
[2022-03-02 21:53:25,986] {standard_task_runner.py:52} INFO - Started process 15286 to run task
[2022-03-02 21:53:25,995] {standard_task_runner.py:76} INFO - Running: ['***', 'tasks', 'run', 'tutorial', 'hfghfg.hfghfg_print_proccesed_data', 'scheduled__2022-03-01T21:51:17.549420+00:00', '--job-id', '463', '--raw', '--subdir', 'DAGS_FOLDER/test_dag.py', '--cfg-path', '/tmp/tmpmp8eptkf', '--error-file', '/tmp/tmpv02k7cy2']
[2022-03-02 21:53:25,997] {standard_task_runner.py:77} INFO - Job 463: Subtask hfghfg.hfghfg_print_proccesed_data
[2022-03-02 21:53:26,138] {logging_mixin.py:109} INFO - Running <TaskInstance: tutorial.hfghfg.hfghfg_print_proccesed_data scheduled__2022-03-01T21:51:17.549420+00:00 [running]> on host ff48034dfdbf
[2022-03-02 21:53:26,241] {taskinstance.py:1426} INFO - Exporting the following env vars:
AIRFLOW_CTX_DAG_EMAIL=***@example.com
AIRFLOW_CTX_DAG_OWNER=***
AIRFLOW_CTX_DAG_ID=tutorial
AIRFLOW_CTX_TASK_ID=hfghfg.hfghfg_print_proccesed_data
AIRFLOW_CTX_EXECUTION_DATE=2022-03-01T21:51:17.549420+00:00
AIRFLOW_CTX_DAG_RUN_ID=scheduled__2022-03-01T21:51:17.549420+00:00
[2022-03-02 21:54:26,222] {python.py:175} INFO - Done. Returned value was: None
[2022-03-02 21:54:26,292] {taskinstance.py:1277} INFO - Marking task as SUCCESS. dag_id=tutorial, task_id=hfghfg.hfghfg_print_proccesed_data, execution_date=20220301T215117, start_date=20220302T215325, end_date=20220302T215426
[2022-03-02 21:54:26,343] {local_task_job.py:154} INFO - Task exited with return code 0
[2022-03-02 21:54:26,405] {local_task_job.py:264} INFO - 0 downstream tasks scheduled from follow-on schedule check
