[2022-04-23 14:20:39,830] {taskinstance.py:1032} INFO - Dependencies all met for <TaskInstance: tutorial.jghjg.jghjg_proccess_data scheduled__2022-03-30T16:04:54.591828+00:00 [queued]>
[2022-04-23 14:20:39,863] {taskinstance.py:1032} INFO - Dependencies all met for <TaskInstance: tutorial.jghjg.jghjg_proccess_data scheduled__2022-03-30T16:04:54.591828+00:00 [queued]>
[2022-04-23 14:20:39,864] {taskinstance.py:1238} INFO - 
--------------------------------------------------------------------------------
[2022-04-23 14:20:39,866] {taskinstance.py:1239} INFO - Starting attempt 1 of 2
[2022-04-23 14:20:39,869] {taskinstance.py:1240} INFO - 
--------------------------------------------------------------------------------
[2022-04-23 14:20:39,898] {taskinstance.py:1259} INFO - Executing <Task(PythonOperator): jghjg.jghjg_proccess_data> on 2022-03-30 16:04:54.591828+00:00
[2022-04-23 14:20:39,913] {standard_task_runner.py:52} INFO - Started process 311 to run task
[2022-04-23 14:20:39,921] {standard_task_runner.py:76} INFO - Running: ['***', 'tasks', 'run', 'tutorial', 'jghjg.jghjg_proccess_data', 'scheduled__2022-03-30T16:04:54.591828+00:00', '--job-id', '1135', '--raw', '--subdir', 'DAGS_FOLDER/test_dag.py', '--cfg-path', '/tmp/tmp4eir5_cq', '--error-file', '/tmp/tmptgm8t0ds']
[2022-04-23 14:20:39,923] {standard_task_runner.py:77} INFO - Job 1135: Subtask jghjg.jghjg_proccess_data
[2022-04-23 14:20:40,087] {logging_mixin.py:109} INFO - Running <TaskInstance: tutorial.jghjg.jghjg_proccess_data scheduled__2022-03-30T16:04:54.591828+00:00 [running]> on host ff48034dfdbf
[2022-04-23 14:20:40,313] {taskinstance.py:1426} INFO - Exporting the following env vars:
AIRFLOW_CTX_DAG_EMAIL=***@example.com
AIRFLOW_CTX_DAG_OWNER=***
AIRFLOW_CTX_DAG_ID=tutorial
AIRFLOW_CTX_TASK_ID=jghjg.jghjg_proccess_data
AIRFLOW_CTX_EXECUTION_DATE=2022-03-30T16:04:54.591828+00:00
AIRFLOW_CTX_DAG_RUN_ID=scheduled__2022-03-30T16:04:54.591828+00:00
[2022-04-23 14:21:40,336] {python.py:175} INFO - Done. Returned value was: None
[2022-04-23 14:21:40,369] {taskinstance.py:1277} INFO - Marking task as SUCCESS. dag_id=tutorial, task_id=jghjg.jghjg_proccess_data, execution_date=20220330T160454, start_date=20220423T142039, end_date=20220423T142140
[2022-04-23 14:21:40,448] {local_task_job.py:154} INFO - Task exited with return code 0
[2022-04-23 14:21:40,513] {local_task_job.py:264} INFO - 1 downstream tasks scheduled from follow-on schedule check
