[2022-04-29 15:34:00,336] {taskinstance.py:1032} INFO - Dependencies all met for <TaskInstance: cdn_daily.import_bsre.check_status_of_bsre manual__2022-04-29T15:33:55.249340+00:00 [queued]>
[2022-04-29 15:34:00,354] {taskinstance.py:1032} INFO - Dependencies all met for <TaskInstance: cdn_daily.import_bsre.check_status_of_bsre manual__2022-04-29T15:33:55.249340+00:00 [queued]>
[2022-04-29 15:34:00,355] {taskinstance.py:1238} INFO - 
--------------------------------------------------------------------------------
[2022-04-29 15:34:00,356] {taskinstance.py:1239} INFO - Starting attempt 1 of 2
[2022-04-29 15:34:00,358] {taskinstance.py:1240} INFO - 
--------------------------------------------------------------------------------
[2022-04-29 15:34:00,375] {taskinstance.py:1259} INFO - Executing <Task(PythonOperator): import_bsre.check_status_of_bsre> on 2022-04-29 15:33:55.249340+00:00
[2022-04-29 15:34:00,381] {standard_task_runner.py:52} INFO - Started process 3919 to run task
[2022-04-29 15:34:00,387] {standard_task_runner.py:76} INFO - Running: ['***', 'tasks', 'run', 'cdn_daily', 'import_bsre.check_status_of_bsre', 'manual__2022-04-29T15:33:55.249340+00:00', '--job-id', '1735', '--raw', '--subdir', 'DAGS_FOLDER/cdn_daily.py', '--cfg-path', '/tmp/tmp2hwgtjdf', '--error-file', '/tmp/tmp41uwcaxx']
[2022-04-29 15:34:00,388] {standard_task_runner.py:77} INFO - Job 1735: Subtask import_bsre.check_status_of_bsre
[2022-04-29 15:34:00,482] {logging_mixin.py:109} INFO - Running <TaskInstance: cdn_daily.import_bsre.check_status_of_bsre manual__2022-04-29T15:33:55.249340+00:00 [running]> on host d5ad096ffea5
[2022-04-29 15:34:00,570] {taskinstance.py:1426} INFO - Exporting the following env vars:
AIRFLOW_CTX_DAG_EMAIL=***@example.com
AIRFLOW_CTX_DAG_OWNER=***
AIRFLOW_CTX_DAG_ID=cdn_daily
AIRFLOW_CTX_TASK_ID=import_bsre.check_status_of_bsre
AIRFLOW_CTX_EXECUTION_DATE=2022-04-29T15:33:55.249340+00:00
AIRFLOW_CTX_DAG_RUN_ID=manual__2022-04-29T15:33:55.249340+00:00
[2022-04-29 15:34:00,572] {logging_mixin.py:109} INFO - run_bsre
[2022-04-29 15:34:00,583] {logging_mixin.py:109} INFO - None
[2022-04-29 15:34:00,594] {logging_mixin.py:109} INFO - bsre.alm
[2022-04-29 15:34:00,605] {logging_mixin.py:109} INFO - 2
[2022-04-29 15:34:02,608] {python.py:175} INFO - Done. Returned value was: None
[2022-04-29 15:34:02,639] {taskinstance.py:1277} INFO - Marking task as SUCCESS. dag_id=cdn_daily, task_id=import_bsre.check_status_of_bsre, execution_date=20220429T153355, start_date=20220429T153400, end_date=20220429T153402
[2022-04-29 15:34:02,669] {local_task_job.py:154} INFO - Task exited with return code 0
[2022-04-29 15:34:02,719] {local_task_job.py:264} INFO - 0 downstream tasks scheduled from follow-on schedule check
