[2022-03-07 19:54:28,735] {taskinstance.py:1032} INFO - Dependencies all met for <TaskInstance: tutorial.pre.pre_proccess_data scheduled__2022-03-06T10:29:52.784989+00:00 [queued]>
[2022-03-07 19:54:28,777] {taskinstance.py:1032} INFO - Dependencies all met for <TaskInstance: tutorial.pre.pre_proccess_data scheduled__2022-03-06T10:29:52.784989+00:00 [queued]>
[2022-03-07 19:54:28,780] {taskinstance.py:1238} INFO - 
--------------------------------------------------------------------------------
[2022-03-07 19:54:28,781] {taskinstance.py:1239} INFO - Starting attempt 1 of 2
[2022-03-07 19:54:28,782] {taskinstance.py:1240} INFO - 
--------------------------------------------------------------------------------
[2022-03-07 19:54:28,816] {taskinstance.py:1259} INFO - Executing <Task(PythonOperator): pre.pre_proccess_data> on 2022-03-06 10:29:52.784989+00:00
[2022-03-07 19:54:28,826] {standard_task_runner.py:52} INFO - Started process 142 to run task
[2022-03-07 19:54:28,833] {standard_task_runner.py:76} INFO - Running: ['***', 'tasks', 'run', 'tutorial', 'pre.pre_proccess_data', 'scheduled__2022-03-06T10:29:52.784989+00:00', '--job-id', '640', '--raw', '--subdir', 'DAGS_FOLDER/test_dag.py', '--cfg-path', '/tmp/tmpjp_wlrhr', '--error-file', '/tmp/tmpx1h0ywke']
[2022-03-07 19:54:28,836] {standard_task_runner.py:77} INFO - Job 640: Subtask pre.pre_proccess_data
[2022-03-07 19:54:28,999] {logging_mixin.py:109} INFO - Running <TaskInstance: tutorial.pre.pre_proccess_data scheduled__2022-03-06T10:29:52.784989+00:00 [running]> on host ff48034dfdbf
[2022-03-07 19:54:29,179] {taskinstance.py:1426} INFO - Exporting the following env vars:
AIRFLOW_CTX_DAG_EMAIL=***@example.com
AIRFLOW_CTX_DAG_OWNER=***
AIRFLOW_CTX_DAG_ID=tutorial
AIRFLOW_CTX_TASK_ID=pre.pre_proccess_data
AIRFLOW_CTX_EXECUTION_DATE=2022-03-06T10:29:52.784989+00:00
AIRFLOW_CTX_DAG_RUN_ID=scheduled__2022-03-06T10:29:52.784989+00:00
[2022-03-07 19:55:29,153] {python.py:175} INFO - Done. Returned value was: None
[2022-03-07 19:55:29,177] {taskinstance.py:1277} INFO - Marking task as SUCCESS. dag_id=tutorial, task_id=pre.pre_proccess_data, execution_date=20220306T102952, start_date=20220307T195428, end_date=20220307T195529
[2022-03-07 19:55:29,253] {local_task_job.py:154} INFO - Task exited with return code 0
[2022-03-07 19:55:29,348] {local_task_job.py:264} INFO - 1 downstream tasks scheduled from follow-on schedule check
