[2021-02-24 20:56:17,033] {taskinstance.py:826} INFO - Dependencies all met for <TaskInstance: example_dag_decorator.get_ip 2021-02-24T20:56:15.251518+00:00 [queued]>
[2021-02-24 20:56:17,045] {taskinstance.py:826} INFO - Dependencies all met for <TaskInstance: example_dag_decorator.get_ip 2021-02-24T20:56:15.251518+00:00 [queued]>
[2021-02-24 20:56:17,045] {taskinstance.py:1017} INFO - 
--------------------------------------------------------------------------------
[2021-02-24 20:56:17,046] {taskinstance.py:1018} INFO - Starting attempt 1 of 1
[2021-02-24 20:56:17,047] {taskinstance.py:1019} INFO - 
--------------------------------------------------------------------------------
[2021-02-24 20:56:17,063] {taskinstance.py:1038} INFO - Executing <Task(GetRequestOperator): get_ip> on 2021-02-24T20:56:15.251518+00:00
[2021-02-24 20:56:17,070] {standard_task_runner.py:51} INFO - Started process 37 to run task
[2021-02-24 20:56:17,078] {standard_task_runner.py:75} INFO - Running: ['airflow', 'tasks', 'run', 'example_dag_decorator', 'get_ip', '2021-02-24T20:56:15.251518+00:00', '--job-id', '10', '--pool', 'default_pool', '--raw', '--subdir', '/home/airflow/.local/lib/python3.8/site-packages/airflow/example_dags/example_dag_decorator.py', '--cfg-path', '/tmp/tmp_69ztzhx']
[2021-02-24 20:56:17,080] {standard_task_runner.py:76} INFO - Job 10: Subtask get_ip
[2021-02-24 20:56:17,154] {logging_mixin.py:103} INFO - Running <TaskInstance: example_dag_decorator.get_ip 2021-02-24T20:56:15.251518+00:00 [running]> on host 4fa4dc1e93c4
[2021-02-24 20:56:17,199] {taskinstance.py:1230} INFO - Exporting the following env vars:
AIRFLOW_CTX_DAG_OWNER=airflow
AIRFLOW_CTX_DAG_ID=example_dag_decorator
AIRFLOW_CTX_TASK_ID=get_ip
AIRFLOW_CTX_EXECUTION_DATE=2021-02-24T20:56:15.251518+00:00
AIRFLOW_CTX_DAG_RUN_ID=manual__2021-02-24T20:56:15.251518+00:00
[2021-02-24 20:56:17,427] {taskinstance.py:1135} INFO - Marking task as SUCCESS. dag_id=example_dag_decorator, task_id=get_ip, execution_date=20210224T205615, start_date=20210224T205617, end_date=20210224T205617
[2021-02-24 20:56:17,464] {taskinstance.py:1195} INFO - 1 downstream tasks scheduled from follow-on schedule check
[2021-02-24 20:56:17,495] {local_task_job.py:118} INFO - Task exited with return code 0
