[2022-04-26 14:02:30,625] {taskinstance.py:1032} INFO - Dependencies all met for <TaskInstance: tutorial.cat.cat_proccess_data scheduled__2022-04-25T13:59:28.202500+00:00 [queued]>
[2022-04-26 14:02:30,652] {taskinstance.py:1032} INFO - Dependencies all met for <TaskInstance: tutorial.cat.cat_proccess_data scheduled__2022-04-25T13:59:28.202500+00:00 [queued]>
[2022-04-26 14:02:30,654] {taskinstance.py:1238} INFO - 
--------------------------------------------------------------------------------
[2022-04-26 14:02:30,655] {taskinstance.py:1239} INFO - Starting attempt 1 of 2
[2022-04-26 14:02:30,656] {taskinstance.py:1240} INFO - 
--------------------------------------------------------------------------------
[2022-04-26 14:02:30,691] {taskinstance.py:1259} INFO - Executing <Task(PythonOperator): cat.cat_proccess_data> on 2022-04-25 13:59:28.202500+00:00
[2022-04-26 14:02:30,702] {standard_task_runner.py:52} INFO - Started process 618 to run task
[2022-04-26 14:02:30,708] {standard_task_runner.py:76} INFO - Running: ['***', 'tasks', 'run', 'tutorial', 'cat.cat_proccess_data', 'scheduled__2022-04-25T13:59:28.202500+00:00', '--job-id', '1329', '--raw', '--subdir', 'DAGS_FOLDER/test_dag.py', '--cfg-path', '/tmp/tmpi6b8owrc', '--error-file', '/tmp/tmpu9c4wj1k']
[2022-04-26 14:02:30,710] {standard_task_runner.py:77} INFO - Job 1329: Subtask cat.cat_proccess_data
[2022-04-26 14:02:30,814] {logging_mixin.py:109} INFO - Running <TaskInstance: tutorial.cat.cat_proccess_data scheduled__2022-04-25T13:59:28.202500+00:00 [running]> on host ff48034dfdbf
[2022-04-26 14:02:30,917] {taskinstance.py:1426} INFO - Exporting the following env vars:
AIRFLOW_CTX_DAG_EMAIL=***@example.com
AIRFLOW_CTX_DAG_OWNER=***
AIRFLOW_CTX_DAG_ID=tutorial
AIRFLOW_CTX_TASK_ID=cat.cat_proccess_data
AIRFLOW_CTX_EXECUTION_DATE=2022-04-25T13:59:28.202500+00:00
AIRFLOW_CTX_DAG_RUN_ID=scheduled__2022-04-25T13:59:28.202500+00:00
[2022-04-26 14:03:30,887] {python.py:175} INFO - Done. Returned value was: None
[2022-04-26 14:03:30,903] {taskinstance.py:1277} INFO - Marking task as SUCCESS. dag_id=tutorial, task_id=cat.cat_proccess_data, execution_date=20220425T135928, start_date=20220426T140230, end_date=20220426T140330
[2022-04-26 14:03:30,928] {local_task_job.py:154} INFO - Task exited with return code 0
[2022-04-26 14:03:30,967] {local_task_job.py:264} INFO - 1 downstream tasks scheduled from follow-on schedule check
