[2022-02-20 17:28:05,192] {taskinstance.py:1032} INFO - Dependencies all met for <TaskInstance: tutorial.jghjg.jghjg_get_data scheduled__2022-02-19T17:28:01.321646+00:00 [queued]>
[2022-02-20 17:28:05,216] {taskinstance.py:1032} INFO - Dependencies all met for <TaskInstance: tutorial.jghjg.jghjg_get_data scheduled__2022-02-19T17:28:01.321646+00:00 [queued]>
[2022-02-20 17:28:05,217] {taskinstance.py:1238} INFO - 
--------------------------------------------------------------------------------
[2022-02-20 17:28:05,219] {taskinstance.py:1239} INFO - Starting attempt 1 of 2
[2022-02-20 17:28:05,220] {taskinstance.py:1240} INFO - 
--------------------------------------------------------------------------------
[2022-02-20 17:28:05,246] {taskinstance.py:1259} INFO - Executing <Task(PythonOperator): jghjg.jghjg_get_data> on 2022-02-19 17:28:01.321646+00:00
[2022-02-20 17:28:05,266] {standard_task_runner.py:52} INFO - Started process 28490 to run task
[2022-02-20 17:28:05,275] {standard_task_runner.py:76} INFO - Running: ['***', 'tasks', 'run', 'tutorial', 'jghjg.jghjg_get_data', 'scheduled__2022-02-19T17:28:01.321646+00:00', '--job-id', '52', '--raw', '--subdir', 'DAGS_FOLDER/test_dag.py', '--cfg-path', '/tmp/tmpjxzdon4e', '--error-file', '/tmp/tmpski84ynp']
[2022-02-20 17:28:05,277] {standard_task_runner.py:77} INFO - Job 52: Subtask jghjg.jghjg_get_data
[2022-02-20 17:28:05,442] {logging_mixin.py:109} INFO - Running <TaskInstance: tutorial.jghjg.jghjg_get_data scheduled__2022-02-19T17:28:01.321646+00:00 [running]> on host ff48034dfdbf
[2022-02-20 17:28:05,556] {taskinstance.py:1426} INFO - Exporting the following env vars:
AIRFLOW_CTX_DAG_EMAIL=***@example.com
AIRFLOW_CTX_DAG_OWNER=***
AIRFLOW_CTX_DAG_ID=tutorial
AIRFLOW_CTX_TASK_ID=jghjg.jghjg_get_data
AIRFLOW_CTX_EXECUTION_DATE=2022-02-19T17:28:01.321646+00:00
AIRFLOW_CTX_DAG_RUN_ID=scheduled__2022-02-19T17:28:01.321646+00:00
[2022-02-20 17:38:12,799] {python.py:175} INFO - Done. Returned value was: None
[2022-02-20 17:38:26,632] {taskinstance.py:1277} INFO - Marking task as SUCCESS. dag_id=tutorial, task_id=jghjg.jghjg_get_data, execution_date=20220219T172801, start_date=20220220T172805, end_date=20220220T173826
[2022-02-20 17:38:26,811] {local_task_job.py:154} INFO - Task exited with return code 0
[2022-02-20 17:38:44,823] {local_task_job.py:264} INFO - 0 downstream tasks scheduled from follow-on schedule check
