[2022-03-05 10:23:44,291] {taskinstance.py:1032} INFO - Dependencies all met for <TaskInstance: tutorial.gdgfg.gdgfg_get_data scheduled__2022-03-02T21:51:17.549420+00:00 [queued]>
[2022-03-05 10:23:44,318] {taskinstance.py:1032} INFO - Dependencies all met for <TaskInstance: tutorial.gdgfg.gdgfg_get_data scheduled__2022-03-02T21:51:17.549420+00:00 [queued]>
[2022-03-05 10:23:44,320] {taskinstance.py:1238} INFO - 
--------------------------------------------------------------------------------
[2022-03-05 10:23:44,322] {taskinstance.py:1239} INFO - Starting attempt 1 of 2
[2022-03-05 10:23:44,323] {taskinstance.py:1240} INFO - 
--------------------------------------------------------------------------------
[2022-03-05 10:23:44,363] {taskinstance.py:1259} INFO - Executing <Task(PythonOperator): gdgfg.gdgfg_get_data> on 2022-03-02 21:51:17.549420+00:00
[2022-03-05 10:23:44,375] {standard_task_runner.py:52} INFO - Started process 86 to run task
[2022-03-05 10:23:44,384] {standard_task_runner.py:76} INFO - Running: ['***', 'tasks', 'run', 'tutorial', 'gdgfg.gdgfg_get_data', 'scheduled__2022-03-02T21:51:17.549420+00:00', '--job-id', '482', '--raw', '--subdir', 'DAGS_FOLDER/test_dag.py', '--cfg-path', '/tmp/tmpwcc2wuda', '--error-file', '/tmp/tmpii8hxws_']
[2022-03-05 10:23:44,389] {standard_task_runner.py:77} INFO - Job 482: Subtask gdgfg.gdgfg_get_data
[2022-03-05 10:23:44,543] {logging_mixin.py:109} INFO - Running <TaskInstance: tutorial.gdgfg.gdgfg_get_data scheduled__2022-03-02T21:51:17.549420+00:00 [running]> on host ff48034dfdbf
[2022-03-05 10:23:44,626] {taskinstance.py:1426} INFO - Exporting the following env vars:
AIRFLOW_CTX_DAG_EMAIL=***@example.com
AIRFLOW_CTX_DAG_OWNER=***
AIRFLOW_CTX_DAG_ID=tutorial
AIRFLOW_CTX_TASK_ID=gdgfg.gdgfg_get_data
AIRFLOW_CTX_EXECUTION_DATE=2022-03-02T21:51:17.549420+00:00
AIRFLOW_CTX_DAG_RUN_ID=scheduled__2022-03-02T21:51:17.549420+00:00
[2022-03-05 10:24:44,633] {python.py:175} INFO - Done. Returned value was: None
[2022-03-05 10:24:44,702] {taskinstance.py:1277} INFO - Marking task as SUCCESS. dag_id=tutorial, task_id=gdgfg.gdgfg_get_data, execution_date=20220302T215117, start_date=20220305T102344, end_date=20220305T102444
[2022-03-05 10:24:44,768] {local_task_job.py:154} INFO - Task exited with return code 0
[2022-03-05 10:24:44,844] {local_task_job.py:264} INFO - 1 downstream tasks scheduled from follow-on schedule check
