[2022-02-20 17:41:01,800] {taskinstance.py:1032} INFO - Dependencies all met for <TaskInstance: tutorial.wcccw.wcccw_print_proccesed_data scheduled__2022-02-19T17:28:01.321646+00:00 [queued]>
[2022-02-20 17:41:03,054] {taskinstance.py:1032} INFO - Dependencies all met for <TaskInstance: tutorial.wcccw.wcccw_print_proccesed_data scheduled__2022-02-19T17:28:01.321646+00:00 [queued]>
[2022-02-20 17:41:03,110] {taskinstance.py:1238} INFO - 
--------------------------------------------------------------------------------
[2022-02-20 17:41:03,189] {taskinstance.py:1239} INFO - Starting attempt 1 of 2
[2022-02-20 17:41:03,370] {taskinstance.py:1240} INFO - 
--------------------------------------------------------------------------------
[2022-02-20 17:41:03,718] {taskinstance.py:1259} INFO - Executing <Task(PythonOperator): wcccw.wcccw_print_proccesed_data> on 2022-02-19 17:28:01.321646+00:00
[2022-02-20 17:41:04,928] {standard_task_runner.py:52} INFO - Started process 28633 to run task
[2022-02-20 17:41:05,088] {standard_task_runner.py:76} INFO - Running: ['***', 'tasks', 'run', 'tutorial', 'wcccw.wcccw_print_proccesed_data', 'scheduled__2022-02-19T17:28:01.321646+00:00', '--job-id', '59', '--raw', '--subdir', 'DAGS_FOLDER/test_dag.py', '--cfg-path', '/tmp/tmp8hibiunp', '--error-file', '/tmp/tmpwokhc0yk']
[2022-02-20 17:41:05,143] {standard_task_runner.py:77} INFO - Job 59: Subtask wcccw.wcccw_print_proccesed_data
[2022-02-20 17:41:05,605] {logging_mixin.py:109} INFO - Running <TaskInstance: tutorial.wcccw.wcccw_print_proccesed_data scheduled__2022-02-19T17:28:01.321646+00:00 [running]> on host ff48034dfdbf
[2022-02-20 17:41:05,785] {taskinstance.py:1426} INFO - Exporting the following env vars:
AIRFLOW_CTX_DAG_EMAIL=***@example.com
AIRFLOW_CTX_DAG_OWNER=***
AIRFLOW_CTX_DAG_ID=tutorial
AIRFLOW_CTX_TASK_ID=wcccw.wcccw_print_proccesed_data
AIRFLOW_CTX_EXECUTION_DATE=2022-02-19T17:28:01.321646+00:00
AIRFLOW_CTX_DAG_RUN_ID=scheduled__2022-02-19T17:28:01.321646+00:00
[2022-02-20 17:42:05,735] {python.py:175} INFO - Done. Returned value was: None
[2022-02-20 17:42:05,780] {taskinstance.py:1277} INFO - Marking task as SUCCESS. dag_id=tutorial, task_id=wcccw.wcccw_print_proccesed_data, execution_date=20220219T172801, start_date=20220220T174102, end_date=20220220T174205
[2022-02-20 17:42:05,848] {local_task_job.py:154} INFO - Task exited with return code 0
[2022-02-20 17:42:05,903] {local_task_job.py:264} INFO - 0 downstream tasks scheduled from follow-on schedule check
