[2022-02-24 21:46:10,774] {taskinstance.py:1032} INFO - Dependencies all met for <TaskInstance: tutorial.wcccw.wcccw_print_proccesed_data scheduled__2022-02-23T21:44:04.431894+00:00 [queued]>
[2022-02-24 21:46:10,797] {taskinstance.py:1032} INFO - Dependencies all met for <TaskInstance: tutorial.wcccw.wcccw_print_proccesed_data scheduled__2022-02-23T21:44:04.431894+00:00 [queued]>
[2022-02-24 21:46:10,799] {taskinstance.py:1238} INFO - 
--------------------------------------------------------------------------------
[2022-02-24 21:46:10,800] {taskinstance.py:1239} INFO - Starting attempt 1 of 2
[2022-02-24 21:46:10,802] {taskinstance.py:1240} INFO - 
--------------------------------------------------------------------------------
[2022-02-24 21:46:10,826] {taskinstance.py:1259} INFO - Executing <Task(PythonOperator): wcccw.wcccw_print_proccesed_data> on 2022-02-23 21:44:04.431894+00:00
[2022-02-24 21:46:10,835] {standard_task_runner.py:52} INFO - Started process 7884 to run task
[2022-02-24 21:46:10,841] {standard_task_runner.py:76} INFO - Running: ['***', 'tasks', 'run', 'tutorial', 'wcccw.wcccw_print_proccesed_data', 'scheduled__2022-02-23T21:44:04.431894+00:00', '--job-id', '238', '--raw', '--subdir', 'DAGS_FOLDER/test_dag.py', '--cfg-path', '/tmp/tmp1gvayf0j', '--error-file', '/tmp/tmpvu9wmmf2']
[2022-02-24 21:46:10,843] {standard_task_runner.py:77} INFO - Job 238: Subtask wcccw.wcccw_print_proccesed_data
[2022-02-24 21:46:10,953] {logging_mixin.py:109} INFO - Running <TaskInstance: tutorial.wcccw.wcccw_print_proccesed_data scheduled__2022-02-23T21:44:04.431894+00:00 [running]> on host ff48034dfdbf
[2022-02-24 21:46:11,051] {taskinstance.py:1426} INFO - Exporting the following env vars:
AIRFLOW_CTX_DAG_EMAIL=***@example.com
AIRFLOW_CTX_DAG_OWNER=***
AIRFLOW_CTX_DAG_ID=tutorial
AIRFLOW_CTX_TASK_ID=wcccw.wcccw_print_proccesed_data
AIRFLOW_CTX_EXECUTION_DATE=2022-02-23T21:44:04.431894+00:00
AIRFLOW_CTX_DAG_RUN_ID=scheduled__2022-02-23T21:44:04.431894+00:00
[2022-02-24 21:47:11,043] {python.py:175} INFO - Done. Returned value was: None
[2022-02-24 21:47:11,077] {taskinstance.py:1277} INFO - Marking task as SUCCESS. dag_id=tutorial, task_id=wcccw.wcccw_print_proccesed_data, execution_date=20220223T214404, start_date=20220224T214610, end_date=20220224T214711
[2022-02-24 21:47:11,136] {local_task_job.py:154} INFO - Task exited with return code 0
[2022-02-24 21:47:11,202] {local_task_job.py:264} INFO - 0 downstream tasks scheduled from follow-on schedule check
