[2022-02-26 11:37:17,302] {taskinstance.py:1032} INFO - Dependencies all met for <TaskInstance: tutorial.fsqfqf.fsqfqf_proccess_data scheduled__2022-02-24T21:44:04.431894+00:00 [queued]>
[2022-02-26 11:37:17,321] {taskinstance.py:1032} INFO - Dependencies all met for <TaskInstance: tutorial.fsqfqf.fsqfqf_proccess_data scheduled__2022-02-24T21:44:04.431894+00:00 [queued]>
[2022-02-26 11:37:17,323] {taskinstance.py:1238} INFO - 
--------------------------------------------------------------------------------
[2022-02-26 11:37:17,323] {taskinstance.py:1239} INFO - Starting attempt 1 of 2
[2022-02-26 11:37:17,325] {taskinstance.py:1240} INFO - 
--------------------------------------------------------------------------------
[2022-02-26 11:37:17,347] {taskinstance.py:1259} INFO - Executing <Task(PythonOperator): fsqfqf.fsqfqf_proccess_data> on 2022-02-24 21:44:04.431894+00:00
[2022-02-26 11:37:17,355] {standard_task_runner.py:52} INFO - Started process 143 to run task
[2022-02-26 11:37:17,374] {standard_task_runner.py:76} INFO - Running: ['***', 'tasks', 'run', 'tutorial', 'fsqfqf.fsqfqf_proccess_data', 'scheduled__2022-02-24T21:44:04.431894+00:00', '--job-id', '264', '--raw', '--subdir', 'DAGS_FOLDER/test_dag.py', '--cfg-path', '/tmp/tmpww97keh0', '--error-file', '/tmp/tmpxsq5z4z0']
[2022-02-26 11:37:17,376] {standard_task_runner.py:77} INFO - Job 264: Subtask fsqfqf.fsqfqf_proccess_data
[2022-02-26 11:37:17,467] {logging_mixin.py:109} INFO - Running <TaskInstance: tutorial.fsqfqf.fsqfqf_proccess_data scheduled__2022-02-24T21:44:04.431894+00:00 [running]> on host ff48034dfdbf
[2022-02-26 11:37:17,553] {taskinstance.py:1426} INFO - Exporting the following env vars:
AIRFLOW_CTX_DAG_EMAIL=***@example.com
AIRFLOW_CTX_DAG_OWNER=***
AIRFLOW_CTX_DAG_ID=tutorial
AIRFLOW_CTX_TASK_ID=fsqfqf.fsqfqf_proccess_data
AIRFLOW_CTX_EXECUTION_DATE=2022-02-24T21:44:04.431894+00:00
AIRFLOW_CTX_DAG_RUN_ID=scheduled__2022-02-24T21:44:04.431894+00:00
[2022-02-26 11:38:17,570] {python.py:175} INFO - Done. Returned value was: None
[2022-02-26 11:38:17,598] {taskinstance.py:1277} INFO - Marking task as SUCCESS. dag_id=tutorial, task_id=fsqfqf.fsqfqf_proccess_data, execution_date=20220224T214404, start_date=20220226T113717, end_date=20220226T113817
[2022-02-26 11:38:17,628] {local_task_job.py:154} INFO - Task exited with return code 0
[2022-02-26 11:38:17,672] {local_task_job.py:264} INFO - 1 downstream tasks scheduled from follow-on schedule check
