[2022-03-01 21:52:22,721] {taskinstance.py:1032} INFO - Dependencies all met for <TaskInstance: tutorial.dqsdqsd.dqsdqsd_get_data scheduled__2022-02-28T21:51:17.549420+00:00 [queued]>
[2022-03-01 21:52:22,749] {taskinstance.py:1032} INFO - Dependencies all met for <TaskInstance: tutorial.dqsdqsd.dqsdqsd_get_data scheduled__2022-02-28T21:51:17.549420+00:00 [queued]>
[2022-03-01 21:52:22,751] {taskinstance.py:1238} INFO - 
--------------------------------------------------------------------------------
[2022-03-01 21:52:22,753] {taskinstance.py:1239} INFO - Starting attempt 1 of 2
[2022-03-01 21:52:22,754] {taskinstance.py:1240} INFO - 
--------------------------------------------------------------------------------
[2022-03-01 21:52:22,782] {taskinstance.py:1259} INFO - Executing <Task(PythonOperator): dqsdqsd.dqsdqsd_get_data> on 2022-02-28 21:51:17.549420+00:00
[2022-03-01 21:52:22,791] {standard_task_runner.py:52} INFO - Started process 5804 to run task
[2022-03-01 21:52:22,801] {standard_task_runner.py:76} INFO - Running: ['***', 'tasks', 'run', 'tutorial', 'dqsdqsd.dqsdqsd_get_data', 'scheduled__2022-02-28T21:51:17.549420+00:00', '--job-id', '416', '--raw', '--subdir', 'DAGS_FOLDER/test_dag.py', '--cfg-path', '/tmp/tmpy8r59vf1', '--error-file', '/tmp/tmpu87iacvc']
[2022-03-01 21:52:22,803] {standard_task_runner.py:77} INFO - Job 416: Subtask dqsdqsd.dqsdqsd_get_data
[2022-03-01 21:52:22,929] {logging_mixin.py:109} INFO - Running <TaskInstance: tutorial.dqsdqsd.dqsdqsd_get_data scheduled__2022-02-28T21:51:17.549420+00:00 [running]> on host ff48034dfdbf
[2022-03-01 21:52:23,022] {taskinstance.py:1426} INFO - Exporting the following env vars:
AIRFLOW_CTX_DAG_EMAIL=***@example.com
AIRFLOW_CTX_DAG_OWNER=***
AIRFLOW_CTX_DAG_ID=tutorial
AIRFLOW_CTX_TASK_ID=dqsdqsd.dqsdqsd_get_data
AIRFLOW_CTX_EXECUTION_DATE=2022-02-28T21:51:17.549420+00:00
AIRFLOW_CTX_DAG_RUN_ID=scheduled__2022-02-28T21:51:17.549420+00:00
[2022-03-01 21:53:22,997] {python.py:175} INFO - Done. Returned value was: None
[2022-03-01 21:53:23,071] {taskinstance.py:1277} INFO - Marking task as SUCCESS. dag_id=tutorial, task_id=dqsdqsd.dqsdqsd_get_data, execution_date=20220228T215117, start_date=20220301T215222, end_date=20220301T215323
[2022-03-01 21:53:23,149] {local_task_job.py:154} INFO - Task exited with return code 0
[2022-03-01 21:53:23,231] {local_task_job.py:264} INFO - 1 downstream tasks scheduled from follow-on schedule check
