[2022-04-28 15:33:43,520] {taskinstance.py:1032} INFO - Dependencies all met for <TaskInstance: cdn_daily.import_bsre.check_presence_of_bsre1 manual__2022-04-28T15:33:42.194683+00:00 [queued]>
[2022-04-28 15:33:43,543] {taskinstance.py:1032} INFO - Dependencies all met for <TaskInstance: cdn_daily.import_bsre.check_presence_of_bsre1 manual__2022-04-28T15:33:42.194683+00:00 [queued]>
[2022-04-28 15:33:43,544] {taskinstance.py:1238} INFO - 
--------------------------------------------------------------------------------
[2022-04-28 15:33:43,546] {taskinstance.py:1239} INFO - Starting attempt 1 of 2
[2022-04-28 15:33:43,548] {taskinstance.py:1240} INFO - 
--------------------------------------------------------------------------------
[2022-04-28 15:33:43,567] {taskinstance.py:1259} INFO - Executing <Task(PythonOperator): import_bsre.check_presence_of_bsre1> on 2022-04-28 15:33:42.194683+00:00
[2022-04-28 15:33:43,574] {standard_task_runner.py:52} INFO - Started process 1550 to run task
[2022-04-28 15:33:43,580] {standard_task_runner.py:76} INFO - Running: ['***', 'tasks', 'run', 'cdn_daily', 'import_bsre.check_presence_of_bsre1', 'manual__2022-04-28T15:33:42.194683+00:00', '--job-id', '1416', '--raw', '--subdir', 'DAGS_FOLDER/cdn_daily.py', '--cfg-path', '/tmp/tmpg_irxi9p', '--error-file', '/tmp/tmp5ukilubu']
[2022-04-28 15:33:43,583] {standard_task_runner.py:77} INFO - Job 1416: Subtask import_bsre.check_presence_of_bsre1
[2022-04-28 15:33:43,714] {logging_mixin.py:109} INFO - Running <TaskInstance: cdn_daily.import_bsre.check_presence_of_bsre1 manual__2022-04-28T15:33:42.194683+00:00 [running]> on host d5ad096ffea5
[2022-04-28 15:33:43,838] {taskinstance.py:1426} INFO - Exporting the following env vars:
AIRFLOW_CTX_DAG_EMAIL=***@example.com
AIRFLOW_CTX_DAG_OWNER=***
AIRFLOW_CTX_DAG_ID=cdn_daily
AIRFLOW_CTX_TASK_ID=import_bsre.check_presence_of_bsre1
AIRFLOW_CTX_EXECUTION_DATE=2022-04-28T15:33:42.194683+00:00
AIRFLOW_CTX_DAG_RUN_ID=manual__2022-04-28T15:33:42.194683+00:00
[2022-04-28 15:33:43,876] {python.py:175} INFO - Done. Returned value was: None
[2022-04-28 15:33:43,903] {taskinstance.py:1277} INFO - Marking task as SUCCESS. dag_id=cdn_daily, task_id=import_bsre.check_presence_of_bsre1, execution_date=20220428T153342, start_date=20220428T153343, end_date=20220428T153343
[2022-04-28 15:33:43,958] {local_task_job.py:154} INFO - Task exited with return code 0
[2022-04-28 15:33:44,042] {local_task_job.py:264} INFO - 1 downstream tasks scheduled from follow-on schedule check
