[2022-04-26 13:57:24,723] {taskinstance.py:1032} INFO - Dependencies all met for <TaskInstance: tutorial.hfghfg.hfghfg_proccess_data scheduled__2022-04-25T13:53:09.676172+00:00 [queued]>
[2022-04-26 13:57:24,755] {taskinstance.py:1032} INFO - Dependencies all met for <TaskInstance: tutorial.hfghfg.hfghfg_proccess_data scheduled__2022-04-25T13:53:09.676172+00:00 [queued]>
[2022-04-26 13:57:24,756] {taskinstance.py:1238} INFO - 
--------------------------------------------------------------------------------
[2022-04-26 13:57:24,757] {taskinstance.py:1239} INFO - Starting attempt 1 of 2
[2022-04-26 13:57:24,759] {taskinstance.py:1240} INFO - 
--------------------------------------------------------------------------------
[2022-04-26 13:57:24,790] {taskinstance.py:1259} INFO - Executing <Task(PythonOperator): hfghfg.hfghfg_proccess_data> on 2022-04-25 13:53:09.676172+00:00
[2022-04-26 13:57:24,824] {standard_task_runner.py:76} INFO - Running: ['***', 'tasks', 'run', 'tutorial', 'hfghfg.hfghfg_proccess_data', 'scheduled__2022-04-25T13:53:09.676172+00:00', '--job-id', '1283', '--raw', '--subdir', 'DAGS_FOLDER/test_dag.py', '--cfg-path', '/tmp/tmp50lnfve0', '--error-file', '/tmp/tmpbkp46lfc']
[2022-04-26 13:57:24,814] {standard_task_runner.py:52} INFO - Started process 324 to run task
[2022-04-26 13:57:24,827] {standard_task_runner.py:77} INFO - Job 1283: Subtask hfghfg.hfghfg_proccess_data
[2022-04-26 13:57:25,040] {logging_mixin.py:109} INFO - Running <TaskInstance: tutorial.hfghfg.hfghfg_proccess_data scheduled__2022-04-25T13:53:09.676172+00:00 [running]> on host ff48034dfdbf
[2022-04-26 13:57:25,175] {taskinstance.py:1426} INFO - Exporting the following env vars:
AIRFLOW_CTX_DAG_EMAIL=***@example.com
AIRFLOW_CTX_DAG_OWNER=***
AIRFLOW_CTX_DAG_ID=tutorial
AIRFLOW_CTX_TASK_ID=hfghfg.hfghfg_proccess_data
AIRFLOW_CTX_EXECUTION_DATE=2022-04-25T13:53:09.676172+00:00
AIRFLOW_CTX_DAG_RUN_ID=scheduled__2022-04-25T13:53:09.676172+00:00
[2022-04-26 13:58:25,177] {python.py:175} INFO - Done. Returned value was: None
[2022-04-26 13:58:25,284] {taskinstance.py:1277} INFO - Marking task as SUCCESS. dag_id=tutorial, task_id=hfghfg.hfghfg_proccess_data, execution_date=20220425T135309, start_date=20220426T135724, end_date=20220426T135825
[2022-04-26 13:58:25,373] {local_task_job.py:154} INFO - Task exited with return code 0
[2022-04-26 13:58:25,516] {local_task_job.py:264} INFO - 1 downstream tasks scheduled from follow-on schedule check
