[2022-03-28 12:50:21,569] {taskinstance.py:1032} INFO - Dependencies all met for <TaskInstance: tutorial.bsre.bsre_proccess_data scheduled__2022-03-15T12:05:20.517459+00:00 [queued]>
[2022-03-28 12:50:21,610] {taskinstance.py:1032} INFO - Dependencies all met for <TaskInstance: tutorial.bsre.bsre_proccess_data scheduled__2022-03-15T12:05:20.517459+00:00 [queued]>
[2022-03-28 12:50:21,612] {taskinstance.py:1238} INFO - 
--------------------------------------------------------------------------------
[2022-03-28 12:50:21,614] {taskinstance.py:1239} INFO - Starting attempt 1 of 2
[2022-03-28 12:50:21,616] {taskinstance.py:1240} INFO - 
--------------------------------------------------------------------------------
[2022-03-28 12:50:21,676] {taskinstance.py:1259} INFO - Executing <Task(PythonOperator): bsre.bsre_proccess_data> on 2022-03-15 12:05:20.517459+00:00
[2022-03-28 12:50:21,686] {standard_task_runner.py:52} INFO - Started process 205 to run task
[2022-03-28 12:50:21,703] {standard_task_runner.py:76} INFO - Running: ['***', 'tasks', 'run', 'tutorial', 'bsre.bsre_proccess_data', 'scheduled__2022-03-15T12:05:20.517459+00:00', '--job-id', '966', '--raw', '--subdir', 'DAGS_FOLDER/test_dag.py', '--cfg-path', '/tmp/tmp316yalno', '--error-file', '/tmp/tmp2r79ye8l']
[2022-03-28 12:50:21,707] {standard_task_runner.py:77} INFO - Job 966: Subtask bsre.bsre_proccess_data
[2022-03-28 12:50:21,929] {logging_mixin.py:109} INFO - Running <TaskInstance: tutorial.bsre.bsre_proccess_data scheduled__2022-03-15T12:05:20.517459+00:00 [running]> on host ff48034dfdbf
[2022-03-28 12:50:22,096] {taskinstance.py:1426} INFO - Exporting the following env vars:
AIRFLOW_CTX_DAG_EMAIL=***@example.com
AIRFLOW_CTX_DAG_OWNER=***
AIRFLOW_CTX_DAG_ID=tutorial
AIRFLOW_CTX_TASK_ID=bsre.bsre_proccess_data
AIRFLOW_CTX_EXECUTION_DATE=2022-03-15T12:05:20.517459+00:00
AIRFLOW_CTX_DAG_RUN_ID=scheduled__2022-03-15T12:05:20.517459+00:00
[2022-03-28 12:51:22,068] {python.py:175} INFO - Done. Returned value was: None
[2022-03-28 12:51:22,165] {taskinstance.py:1277} INFO - Marking task as SUCCESS. dag_id=tutorial, task_id=bsre.bsre_proccess_data, execution_date=20220315T120520, start_date=20220328T125021, end_date=20220328T125122
[2022-03-28 12:51:22,232] {local_task_job.py:154} INFO - Task exited with return code 0
[2022-03-28 12:51:22,333] {local_task_job.py:264} INFO - 1 downstream tasks scheduled from follow-on schedule check
