[2022-04-30 12:55:46,571] {taskinstance.py:1032} INFO - Dependencies all met for <TaskInstance: tutorial.eaeaz.eaeaz_print_proccesed_data scheduled__2022-04-29T12:29:40.424433+00:00 [queued]>
[2022-04-30 12:55:46,606] {taskinstance.py:1032} INFO - Dependencies all met for <TaskInstance: tutorial.eaeaz.eaeaz_print_proccesed_data scheduled__2022-04-29T12:29:40.424433+00:00 [queued]>
[2022-04-30 12:55:46,608] {taskinstance.py:1238} INFO - 
--------------------------------------------------------------------------------
[2022-04-30 12:55:46,610] {taskinstance.py:1239} INFO - Starting attempt 1 of 2
[2022-04-30 12:55:46,611] {taskinstance.py:1240} INFO - 
--------------------------------------------------------------------------------
[2022-04-30 12:55:46,643] {taskinstance.py:1259} INFO - Executing <Task(PythonOperator): eaeaz.eaeaz_print_proccesed_data> on 2022-04-29 12:29:40.424433+00:00
[2022-04-30 12:55:46,652] {standard_task_runner.py:52} INFO - Started process 286 to run task
[2022-04-30 12:55:46,665] {standard_task_runner.py:76} INFO - Running: ['***', 'tasks', 'run', 'tutorial', 'eaeaz.eaeaz_print_proccesed_data', 'scheduled__2022-04-29T12:29:40.424433+00:00', '--job-id', '1805', '--raw', '--subdir', 'DAGS_FOLDER/test_dag.py', '--cfg-path', '/tmp/tmpdx6qswaf', '--error-file', '/tmp/tmp86tks0ir']
[2022-04-30 12:55:46,668] {standard_task_runner.py:77} INFO - Job 1805: Subtask eaeaz.eaeaz_print_proccesed_data
[2022-04-30 12:55:46,838] {logging_mixin.py:109} INFO - Running <TaskInstance: tutorial.eaeaz.eaeaz_print_proccesed_data scheduled__2022-04-29T12:29:40.424433+00:00 [running]> on host d5ad096ffea5
[2022-04-30 12:55:46,949] {taskinstance.py:1426} INFO - Exporting the following env vars:
AIRFLOW_CTX_DAG_EMAIL=***@example.com
AIRFLOW_CTX_DAG_OWNER=***
AIRFLOW_CTX_DAG_ID=tutorial
AIRFLOW_CTX_TASK_ID=eaeaz.eaeaz_print_proccesed_data
AIRFLOW_CTX_EXECUTION_DATE=2022-04-29T12:29:40.424433+00:00
AIRFLOW_CTX_DAG_RUN_ID=scheduled__2022-04-29T12:29:40.424433+00:00
[2022-04-30 12:56:46,968] {python.py:175} INFO - Done. Returned value was: None
[2022-04-30 12:56:46,987] {taskinstance.py:1277} INFO - Marking task as SUCCESS. dag_id=tutorial, task_id=eaeaz.eaeaz_print_proccesed_data, execution_date=20220429T122940, start_date=20220430T125546, end_date=20220430T125646
[2022-04-30 12:56:47,044] {local_task_job.py:154} INFO - Task exited with return code 0
[2022-04-30 12:56:47,087] {local_task_job.py:264} INFO - 0 downstream tasks scheduled from follow-on schedule check
