[2022-03-07 19:55:29,879] {taskinstance.py:1032} INFO - Dependencies all met for <TaskInstance: tutorial.eaeaz.eaeaz_proccess_data scheduled__2022-03-06T10:29:52.784989+00:00 [queued]>
[2022-03-07 19:55:29,905] {taskinstance.py:1032} INFO - Dependencies all met for <TaskInstance: tutorial.eaeaz.eaeaz_proccess_data scheduled__2022-03-06T10:29:52.784989+00:00 [queued]>
[2022-03-07 19:55:29,907] {taskinstance.py:1238} INFO - 
--------------------------------------------------------------------------------
[2022-03-07 19:55:29,908] {taskinstance.py:1239} INFO - Starting attempt 1 of 2
[2022-03-07 19:55:29,909] {taskinstance.py:1240} INFO - 
--------------------------------------------------------------------------------
[2022-03-07 19:55:29,946] {taskinstance.py:1259} INFO - Executing <Task(PythonOperator): eaeaz.eaeaz_proccess_data> on 2022-03-06 10:29:52.784989+00:00
[2022-03-07 19:55:29,962] {standard_task_runner.py:52} INFO - Started process 203 to run task
[2022-03-07 19:55:29,982] {standard_task_runner.py:76} INFO - Running: ['***', 'tasks', 'run', 'tutorial', 'eaeaz.eaeaz_proccess_data', 'scheduled__2022-03-06T10:29:52.784989+00:00', '--job-id', '647', '--raw', '--subdir', 'DAGS_FOLDER/test_dag.py', '--cfg-path', '/tmp/tmp2c4bcwsb', '--error-file', '/tmp/tmp7nc5no5u']
[2022-03-07 19:55:29,988] {standard_task_runner.py:77} INFO - Job 647: Subtask eaeaz.eaeaz_proccess_data
[2022-03-07 19:55:30,198] {logging_mixin.py:109} INFO - Running <TaskInstance: tutorial.eaeaz.eaeaz_proccess_data scheduled__2022-03-06T10:29:52.784989+00:00 [running]> on host ff48034dfdbf
[2022-03-07 19:55:30,337] {taskinstance.py:1426} INFO - Exporting the following env vars:
AIRFLOW_CTX_DAG_EMAIL=***@example.com
AIRFLOW_CTX_DAG_OWNER=***
AIRFLOW_CTX_DAG_ID=tutorial
AIRFLOW_CTX_TASK_ID=eaeaz.eaeaz_proccess_data
AIRFLOW_CTX_EXECUTION_DATE=2022-03-06T10:29:52.784989+00:00
AIRFLOW_CTX_DAG_RUN_ID=scheduled__2022-03-06T10:29:52.784989+00:00
[2022-03-07 19:56:30,357] {python.py:175} INFO - Done. Returned value was: None
[2022-03-07 19:56:30,374] {taskinstance.py:1277} INFO - Marking task as SUCCESS. dag_id=tutorial, task_id=eaeaz.eaeaz_proccess_data, execution_date=20220306T102952, start_date=20220307T195529, end_date=20220307T195630
[2022-03-07 19:56:30,429] {local_task_job.py:154} INFO - Task exited with return code 0
[2022-03-07 19:56:30,475] {local_task_job.py:264} INFO - 1 downstream tasks scheduled from follow-on schedule check
