[2022-03-01 19:11:07,625] {taskinstance.py:1032} INFO - Dependencies all met for <TaskInstance: tutorial.gdgfg.gdgfg_proccess_data scheduled__2022-02-27T21:51:17.549420+00:00 [queued]>
[2022-03-01 19:11:07,672] {taskinstance.py:1032} INFO - Dependencies all met for <TaskInstance: tutorial.gdgfg.gdgfg_proccess_data scheduled__2022-02-27T21:51:17.549420+00:00 [queued]>
[2022-03-01 19:11:07,674] {taskinstance.py:1238} INFO - 
--------------------------------------------------------------------------------
[2022-03-01 19:11:07,675] {taskinstance.py:1239} INFO - Starting attempt 1 of 2
[2022-03-01 19:11:07,676] {taskinstance.py:1240} INFO - 
--------------------------------------------------------------------------------
[2022-03-01 19:11:07,706] {taskinstance.py:1259} INFO - Executing <Task(PythonOperator): gdgfg.gdgfg_proccess_data> on 2022-02-27 21:51:17.549420+00:00
[2022-03-01 19:11:07,714] {standard_task_runner.py:52} INFO - Started process 204 to run task
[2022-03-01 19:11:07,722] {standard_task_runner.py:76} INFO - Running: ['***', 'tasks', 'run', 'tutorial', 'gdgfg.gdgfg_proccess_data', 'scheduled__2022-02-27T21:51:17.549420+00:00', '--job-id', '386', '--raw', '--subdir', 'DAGS_FOLDER/test_dag.py', '--cfg-path', '/tmp/tmpf7zwcis2', '--error-file', '/tmp/tmp4yd5rpfx']
[2022-03-01 19:11:07,724] {standard_task_runner.py:77} INFO - Job 386: Subtask gdgfg.gdgfg_proccess_data
[2022-03-01 19:11:07,910] {logging_mixin.py:109} INFO - Running <TaskInstance: tutorial.gdgfg.gdgfg_proccess_data scheduled__2022-02-27T21:51:17.549420+00:00 [running]> on host ff48034dfdbf
[2022-03-01 19:11:08,020] {taskinstance.py:1426} INFO - Exporting the following env vars:
AIRFLOW_CTX_DAG_EMAIL=***@example.com
AIRFLOW_CTX_DAG_OWNER=***
AIRFLOW_CTX_DAG_ID=tutorial
AIRFLOW_CTX_TASK_ID=gdgfg.gdgfg_proccess_data
AIRFLOW_CTX_EXECUTION_DATE=2022-02-27T21:51:17.549420+00:00
AIRFLOW_CTX_DAG_RUN_ID=scheduled__2022-02-27T21:51:17.549420+00:00
[2022-03-01 19:12:07,981] {python.py:175} INFO - Done. Returned value was: None
[2022-03-01 19:12:08,002] {taskinstance.py:1277} INFO - Marking task as SUCCESS. dag_id=tutorial, task_id=gdgfg.gdgfg_proccess_data, execution_date=20220227T215117, start_date=20220301T191107, end_date=20220301T191208
[2022-03-01 19:12:08,037] {local_task_job.py:154} INFO - Task exited with return code 0
[2022-03-01 19:12:08,077] {local_task_job.py:264} INFO - 0 downstream tasks scheduled from follow-on schedule check
