[2022-03-01 21:54:26,054] {taskinstance.py:1032} INFO - Dependencies all met for <TaskInstance: tutorial.jghjg.jghjg_print_proccesed_data scheduled__2022-02-28T21:51:17.549420+00:00 [queued]>
[2022-03-01 21:54:26,078] {taskinstance.py:1032} INFO - Dependencies all met for <TaskInstance: tutorial.jghjg.jghjg_print_proccesed_data scheduled__2022-02-28T21:51:17.549420+00:00 [queued]>
[2022-03-01 21:54:26,080] {taskinstance.py:1238} INFO - 
--------------------------------------------------------------------------------
[2022-03-01 21:54:26,081] {taskinstance.py:1239} INFO - Starting attempt 1 of 2
[2022-03-01 21:54:26,082] {taskinstance.py:1240} INFO - 
--------------------------------------------------------------------------------
[2022-03-01 21:54:26,100] {taskinstance.py:1259} INFO - Executing <Task(PythonOperator): jghjg.jghjg_print_proccesed_data> on 2022-02-28 21:51:17.549420+00:00
[2022-03-01 21:54:26,106] {standard_task_runner.py:52} INFO - Started process 5920 to run task
[2022-03-01 21:54:26,111] {standard_task_runner.py:76} INFO - Running: ['***', 'tasks', 'run', 'tutorial', 'jghjg.jghjg_print_proccesed_data', 'scheduled__2022-02-28T21:51:17.549420+00:00', '--job-id', '434', '--raw', '--subdir', 'DAGS_FOLDER/test_dag.py', '--cfg-path', '/tmp/tmpjbc9ze16', '--error-file', '/tmp/tmpowppr6b9']
[2022-03-01 21:54:26,112] {standard_task_runner.py:77} INFO - Job 434: Subtask jghjg.jghjg_print_proccesed_data
[2022-03-01 21:54:26,210] {logging_mixin.py:109} INFO - Running <TaskInstance: tutorial.jghjg.jghjg_print_proccesed_data scheduled__2022-02-28T21:51:17.549420+00:00 [running]> on host ff48034dfdbf
[2022-03-01 21:54:26,296] {taskinstance.py:1426} INFO - Exporting the following env vars:
AIRFLOW_CTX_DAG_EMAIL=***@example.com
AIRFLOW_CTX_DAG_OWNER=***
AIRFLOW_CTX_DAG_ID=tutorial
AIRFLOW_CTX_TASK_ID=jghjg.jghjg_print_proccesed_data
AIRFLOW_CTX_EXECUTION_DATE=2022-02-28T21:51:17.549420+00:00
AIRFLOW_CTX_DAG_RUN_ID=scheduled__2022-02-28T21:51:17.549420+00:00
[2022-03-01 21:55:26,290] {python.py:175} INFO - Done. Returned value was: None
[2022-03-01 21:55:26,307] {taskinstance.py:1277} INFO - Marking task as SUCCESS. dag_id=tutorial, task_id=jghjg.jghjg_print_proccesed_data, execution_date=20220228T215117, start_date=20220301T215426, end_date=20220301T215526
[2022-03-01 21:55:26,361] {local_task_job.py:154} INFO - Task exited with return code 0
[2022-03-01 21:55:26,407] {local_task_job.py:264} INFO - 0 downstream tasks scheduled from follow-on schedule check
