[2022-03-01 19:09:04,914] {taskinstance.py:1032} INFO - Dependencies all met for <TaskInstance: tutorial.yryrty.yryrty_get_data scheduled__2022-02-27T21:51:17.549420+00:00 [queued]>
[2022-03-01 19:09:04,940] {taskinstance.py:1032} INFO - Dependencies all met for <TaskInstance: tutorial.yryrty.yryrty_get_data scheduled__2022-02-27T21:51:17.549420+00:00 [queued]>
[2022-03-01 19:09:04,942] {taskinstance.py:1238} INFO - 
--------------------------------------------------------------------------------
[2022-03-01 19:09:04,943] {taskinstance.py:1239} INFO - Starting attempt 1 of 2
[2022-03-01 19:09:04,944] {taskinstance.py:1240} INFO - 
--------------------------------------------------------------------------------
[2022-03-01 19:09:04,972] {taskinstance.py:1259} INFO - Executing <Task(PythonOperator): yryrty.yryrty_get_data> on 2022-02-27 21:51:17.549420+00:00
[2022-03-01 19:09:04,980] {standard_task_runner.py:52} INFO - Started process 82 to run task
[2022-03-01 19:09:04,987] {standard_task_runner.py:76} INFO - Running: ['***', 'tasks', 'run', 'tutorial', 'yryrty.yryrty_get_data', 'scheduled__2022-02-27T21:51:17.549420+00:00', '--job-id', '369', '--raw', '--subdir', 'DAGS_FOLDER/test_dag.py', '--cfg-path', '/tmp/tmpva_uwevz', '--error-file', '/tmp/tmp_ovd0ozp']
[2022-03-01 19:09:04,989] {standard_task_runner.py:77} INFO - Job 369: Subtask yryrty.yryrty_get_data
[2022-03-01 19:09:05,133] {logging_mixin.py:109} INFO - Running <TaskInstance: tutorial.yryrty.yryrty_get_data scheduled__2022-02-27T21:51:17.549420+00:00 [running]> on host ff48034dfdbf
[2022-03-01 19:09:05,262] {taskinstance.py:1426} INFO - Exporting the following env vars:
AIRFLOW_CTX_DAG_EMAIL=***@example.com
AIRFLOW_CTX_DAG_OWNER=***
AIRFLOW_CTX_DAG_ID=tutorial
AIRFLOW_CTX_TASK_ID=yryrty.yryrty_get_data
AIRFLOW_CTX_EXECUTION_DATE=2022-02-27T21:51:17.549420+00:00
AIRFLOW_CTX_DAG_RUN_ID=scheduled__2022-02-27T21:51:17.549420+00:00
[2022-03-01 19:10:05,281] {python.py:175} INFO - Done. Returned value was: None
[2022-03-01 19:10:05,302] {taskinstance.py:1277} INFO - Marking task as SUCCESS. dag_id=tutorial, task_id=yryrty.yryrty_get_data, execution_date=20220227T215117, start_date=20220301T190904, end_date=20220301T191005
[2022-03-01 19:10:05,330] {local_task_job.py:154} INFO - Task exited with return code 0
[2022-03-01 19:10:05,377] {local_task_job.py:264} INFO - 1 downstream tasks scheduled from follow-on schedule check
