[2022-02-21 18:32:50,255] {taskinstance.py:1032} INFO - Dependencies all met for <TaskInstance: tutorial.xsxsxqc.xsxsxqc_print_proccesed_data scheduled__2022-02-20T17:28:01.321646+00:00 [queued]>
[2022-02-21 18:32:50,276] {taskinstance.py:1032} INFO - Dependencies all met for <TaskInstance: tutorial.xsxsxqc.xsxsxqc_print_proccesed_data scheduled__2022-02-20T17:28:01.321646+00:00 [queued]>
[2022-02-21 18:32:50,277] {taskinstance.py:1238} INFO - 
--------------------------------------------------------------------------------
[2022-02-21 18:32:50,278] {taskinstance.py:1239} INFO - Starting attempt 1 of 2
[2022-02-21 18:32:50,280] {taskinstance.py:1240} INFO - 
--------------------------------------------------------------------------------
[2022-02-21 18:32:50,308] {taskinstance.py:1259} INFO - Executing <Task(PythonOperator): xsxsxqc.xsxsxqc_print_proccesed_data> on 2022-02-20 17:28:01.321646+00:00
[2022-02-21 18:32:50,316] {standard_task_runner.py:52} INFO - Started process 200 to run task
[2022-02-21 18:32:50,322] {standard_task_runner.py:76} INFO - Running: ['***', 'tasks', 'run', 'tutorial', 'xsxsxqc.xsxsxqc_print_proccesed_data', 'scheduled__2022-02-20T17:28:01.321646+00:00', '--job-id', '84', '--raw', '--subdir', 'DAGS_FOLDER/test_dag.py', '--cfg-path', '/tmp/tmpqe1ygli8', '--error-file', '/tmp/tmpoztldc_9']
[2022-02-21 18:32:50,324] {standard_task_runner.py:77} INFO - Job 84: Subtask xsxsxqc.xsxsxqc_print_proccesed_data
[2022-02-21 18:32:50,465] {logging_mixin.py:109} INFO - Running <TaskInstance: tutorial.xsxsxqc.xsxsxqc_print_proccesed_data scheduled__2022-02-20T17:28:01.321646+00:00 [running]> on host ff48034dfdbf
[2022-02-21 18:32:50,610] {taskinstance.py:1426} INFO - Exporting the following env vars:
AIRFLOW_CTX_DAG_EMAIL=***@example.com
AIRFLOW_CTX_DAG_OWNER=***
AIRFLOW_CTX_DAG_ID=tutorial
AIRFLOW_CTX_TASK_ID=xsxsxqc.xsxsxqc_print_proccesed_data
AIRFLOW_CTX_EXECUTION_DATE=2022-02-20T17:28:01.321646+00:00
AIRFLOW_CTX_DAG_RUN_ID=scheduled__2022-02-20T17:28:01.321646+00:00
[2022-02-21 18:33:50,631] {python.py:175} INFO - Done. Returned value was: None
[2022-02-21 18:33:50,646] {taskinstance.py:1277} INFO - Marking task as SUCCESS. dag_id=tutorial, task_id=xsxsxqc.xsxsxqc_print_proccesed_data, execution_date=20220220T172801, start_date=20220221T183250, end_date=20220221T183350
[2022-02-21 18:33:50,686] {local_task_job.py:154} INFO - Task exited with return code 0
[2022-02-21 18:33:50,747] {local_task_job.py:264} INFO - 0 downstream tasks scheduled from follow-on schedule check
