[2022-02-24 21:47:11,407] {taskinstance.py:1032} INFO - Dependencies all met for <TaskInstance: tutorial.eaeaz.eaeaz_print_proccesed_data scheduled__2022-02-23T21:44:04.431894+00:00 [queued]>
[2022-02-24 21:47:11,440] {taskinstance.py:1032} INFO - Dependencies all met for <TaskInstance: tutorial.eaeaz.eaeaz_print_proccesed_data scheduled__2022-02-23T21:44:04.431894+00:00 [queued]>
[2022-02-24 21:47:11,441] {taskinstance.py:1238} INFO - 
--------------------------------------------------------------------------------
[2022-02-24 21:47:11,443] {taskinstance.py:1239} INFO - Starting attempt 1 of 2
[2022-02-24 21:47:11,445] {taskinstance.py:1240} INFO - 
--------------------------------------------------------------------------------
[2022-02-24 21:47:11,477] {taskinstance.py:1259} INFO - Executing <Task(PythonOperator): eaeaz.eaeaz_print_proccesed_data> on 2022-02-23 21:44:04.431894+00:00
[2022-02-24 21:47:11,487] {standard_task_runner.py:52} INFO - Started process 7934 to run task
[2022-02-24 21:47:11,497] {standard_task_runner.py:76} INFO - Running: ['***', 'tasks', 'run', 'tutorial', 'eaeaz.eaeaz_print_proccesed_data', 'scheduled__2022-02-23T21:44:04.431894+00:00', '--job-id', '245', '--raw', '--subdir', 'DAGS_FOLDER/test_dag.py', '--cfg-path', '/tmp/tmpx8wo3wy4', '--error-file', '/tmp/tmpggwcyz0i']
[2022-02-24 21:47:11,499] {standard_task_runner.py:77} INFO - Job 245: Subtask eaeaz.eaeaz_print_proccesed_data
[2022-02-24 21:47:11,631] {logging_mixin.py:109} INFO - Running <TaskInstance: tutorial.eaeaz.eaeaz_print_proccesed_data scheduled__2022-02-23T21:44:04.431894+00:00 [running]> on host ff48034dfdbf
[2022-02-24 21:47:11,757] {taskinstance.py:1426} INFO - Exporting the following env vars:
AIRFLOW_CTX_DAG_EMAIL=***@example.com
AIRFLOW_CTX_DAG_OWNER=***
AIRFLOW_CTX_DAG_ID=tutorial
AIRFLOW_CTX_TASK_ID=eaeaz.eaeaz_print_proccesed_data
AIRFLOW_CTX_EXECUTION_DATE=2022-02-23T21:44:04.431894+00:00
AIRFLOW_CTX_DAG_RUN_ID=scheduled__2022-02-23T21:44:04.431894+00:00
[2022-02-24 21:48:11,708] {python.py:175} INFO - Done. Returned value was: None
[2022-02-24 21:48:11,727] {taskinstance.py:1277} INFO - Marking task as SUCCESS. dag_id=tutorial, task_id=eaeaz.eaeaz_print_proccesed_data, execution_date=20220223T214404, start_date=20220224T214711, end_date=20220224T214811
[2022-02-24 21:48:11,790] {local_task_job.py:154} INFO - Task exited with return code 0
[2022-02-24 21:48:11,835] {local_task_job.py:264} INFO - 0 downstream tasks scheduled from follow-on schedule check
