[2022-02-19 21:37:10,744] {taskinstance.py:1032} INFO - Dependencies all met for <TaskInstance: tutorial.cat.cat_get_data manual__2022-02-19T21:36:05.015535+00:00 [queued]>
[2022-02-19 21:37:10,760] {taskinstance.py:1032} INFO - Dependencies all met for <TaskInstance: tutorial.cat.cat_get_data manual__2022-02-19T21:36:05.015535+00:00 [queued]>
[2022-02-19 21:37:10,762] {taskinstance.py:1238} INFO - 
--------------------------------------------------------------------------------
[2022-02-19 21:37:10,763] {taskinstance.py:1239} INFO - Starting attempt 1 of 2
[2022-02-19 21:37:10,764] {taskinstance.py:1240} INFO - 
--------------------------------------------------------------------------------
[2022-02-19 21:37:10,786] {taskinstance.py:1259} INFO - Executing <Task(PythonOperator): cat.cat_get_data> on 2022-02-19 21:36:05.015535+00:00
[2022-02-19 21:37:10,794] {standard_task_runner.py:52} INFO - Started process 4674 to run task
[2022-02-19 21:37:10,805] {standard_task_runner.py:76} INFO - Running: ['***', 'tasks', 'run', 'tutorial', 'cat.cat_get_data', 'manual__2022-02-19T21:36:05.015535+00:00', '--job-id', '19', '--raw', '--subdir', 'DAGS_FOLDER/test_dag.py', '--cfg-path', '/tmp/tmp62k5fpb2', '--error-file', '/tmp/tmptx74kcfk']
[2022-02-19 21:37:10,808] {standard_task_runner.py:77} INFO - Job 19: Subtask cat.cat_get_data
[2022-02-19 21:37:10,953] {logging_mixin.py:109} INFO - Running <TaskInstance: tutorial.cat.cat_get_data manual__2022-02-19T21:36:05.015535+00:00 [running]> on host ff48034dfdbf
[2022-02-19 21:37:11,061] {taskinstance.py:1426} INFO - Exporting the following env vars:
AIRFLOW_CTX_DAG_EMAIL=***@example.com
AIRFLOW_CTX_DAG_OWNER=***
AIRFLOW_CTX_DAG_ID=tutorial
AIRFLOW_CTX_TASK_ID=cat.cat_get_data
AIRFLOW_CTX_EXECUTION_DATE=2022-02-19T21:36:05.015535+00:00
AIRFLOW_CTX_DAG_RUN_ID=manual__2022-02-19T21:36:05.015535+00:00
[2022-02-19 21:38:11,055] {python.py:175} INFO - Done. Returned value was: None
[2022-02-19 21:38:11,072] {taskinstance.py:1277} INFO - Marking task as SUCCESS. dag_id=tutorial, task_id=cat.cat_get_data, execution_date=20220219T213605, start_date=20220219T213710, end_date=20220219T213811
[2022-02-19 21:38:11,122] {local_task_job.py:154} INFO - Task exited with return code 0
[2022-02-19 21:38:11,195] {local_task_job.py:264} INFO - 1 downstream tasks scheduled from follow-on schedule check
