[2022-03-05 10:33:57,542] {taskinstance.py:1032} INFO - Dependencies all met for <TaskInstance: tutorial.dqsdqsd.dqsdqsd_print_proccesed_data scheduled__2022-03-04T10:29:52.784989+00:00 [queued]>
[2022-03-05 10:33:57,561] {taskinstance.py:1032} INFO - Dependencies all met for <TaskInstance: tutorial.dqsdqsd.dqsdqsd_print_proccesed_data scheduled__2022-03-04T10:29:52.784989+00:00 [queued]>
[2022-03-05 10:33:57,562] {taskinstance.py:1238} INFO - 
--------------------------------------------------------------------------------
[2022-03-05 10:33:57,563] {taskinstance.py:1239} INFO - Starting attempt 1 of 2
[2022-03-05 10:33:57,564] {taskinstance.py:1240} INFO - 
--------------------------------------------------------------------------------
[2022-03-05 10:33:57,582] {taskinstance.py:1259} INFO - Executing <Task(PythonOperator): dqsdqsd.dqsdqsd_print_proccesed_data> on 2022-03-04 10:29:52.784989+00:00
[2022-03-05 10:33:57,587] {standard_task_runner.py:52} INFO - Started process 712 to run task
[2022-03-05 10:33:57,593] {standard_task_runner.py:76} INFO - Running: ['***', 'tasks', 'run', 'tutorial', 'dqsdqsd.dqsdqsd_print_proccesed_data', 'scheduled__2022-03-04T10:29:52.784989+00:00', '--job-id', '578', '--raw', '--subdir', 'DAGS_FOLDER/test_dag.py', '--cfg-path', '/tmp/tmpv1qzwtvs', '--error-file', '/tmp/tmp_x77llv5']
[2022-03-05 10:33:57,595] {standard_task_runner.py:77} INFO - Job 578: Subtask dqsdqsd.dqsdqsd_print_proccesed_data
[2022-03-05 10:33:57,706] {logging_mixin.py:109} INFO - Running <TaskInstance: tutorial.dqsdqsd.dqsdqsd_print_proccesed_data scheduled__2022-03-04T10:29:52.784989+00:00 [running]> on host ff48034dfdbf
[2022-03-05 10:33:57,796] {taskinstance.py:1426} INFO - Exporting the following env vars:
AIRFLOW_CTX_DAG_EMAIL=***@example.com
AIRFLOW_CTX_DAG_OWNER=***
AIRFLOW_CTX_DAG_ID=tutorial
AIRFLOW_CTX_TASK_ID=dqsdqsd.dqsdqsd_print_proccesed_data
AIRFLOW_CTX_EXECUTION_DATE=2022-03-04T10:29:52.784989+00:00
AIRFLOW_CTX_DAG_RUN_ID=scheduled__2022-03-04T10:29:52.784989+00:00
[2022-03-05 10:34:57,805] {python.py:175} INFO - Done. Returned value was: None
[2022-03-05 10:34:57,817] {taskinstance.py:1277} INFO - Marking task as SUCCESS. dag_id=tutorial, task_id=dqsdqsd.dqsdqsd_print_proccesed_data, execution_date=20220304T102952, start_date=20220305T103357, end_date=20220305T103457
[2022-03-05 10:34:57,850] {local_task_job.py:154} INFO - Task exited with return code 0
[2022-03-05 10:34:57,879] {local_task_job.py:264} INFO - 0 downstream tasks scheduled from follow-on schedule check
