[2022-03-01 21:52:22,616] {taskinstance.py:1032} INFO - Dependencies all met for <TaskInstance: tutorial.hfghfg.hfghfg_proccess_data scheduled__2022-02-28T21:51:17.549420+00:00 [queued]>
[2022-03-01 21:52:22,652] {taskinstance.py:1032} INFO - Dependencies all met for <TaskInstance: tutorial.hfghfg.hfghfg_proccess_data scheduled__2022-02-28T21:51:17.549420+00:00 [queued]>
[2022-03-01 21:52:22,655] {taskinstance.py:1238} INFO - 
--------------------------------------------------------------------------------
[2022-03-01 21:52:22,656] {taskinstance.py:1239} INFO - Starting attempt 1 of 2
[2022-03-01 21:52:22,657] {taskinstance.py:1240} INFO - 
--------------------------------------------------------------------------------
[2022-03-01 21:52:22,694] {taskinstance.py:1259} INFO - Executing <Task(PythonOperator): hfghfg.hfghfg_proccess_data> on 2022-02-28 21:51:17.549420+00:00
[2022-03-01 21:52:22,711] {standard_task_runner.py:52} INFO - Started process 5803 to run task
[2022-03-01 21:52:22,718] {standard_task_runner.py:76} INFO - Running: ['***', 'tasks', 'run', 'tutorial', 'hfghfg.hfghfg_proccess_data', 'scheduled__2022-02-28T21:51:17.549420+00:00', '--job-id', '415', '--raw', '--subdir', 'DAGS_FOLDER/test_dag.py', '--cfg-path', '/tmp/tmpyszfl808', '--error-file', '/tmp/tmp1jvm1unj']
[2022-03-01 21:52:22,720] {standard_task_runner.py:77} INFO - Job 415: Subtask hfghfg.hfghfg_proccess_data
[2022-03-01 21:52:22,889] {logging_mixin.py:109} INFO - Running <TaskInstance: tutorial.hfghfg.hfghfg_proccess_data scheduled__2022-02-28T21:51:17.549420+00:00 [running]> on host ff48034dfdbf
[2022-03-01 21:52:22,986] {taskinstance.py:1426} INFO - Exporting the following env vars:
AIRFLOW_CTX_DAG_EMAIL=***@example.com
AIRFLOW_CTX_DAG_OWNER=***
AIRFLOW_CTX_DAG_ID=tutorial
AIRFLOW_CTX_TASK_ID=hfghfg.hfghfg_proccess_data
AIRFLOW_CTX_EXECUTION_DATE=2022-02-28T21:51:17.549420+00:00
AIRFLOW_CTX_DAG_RUN_ID=scheduled__2022-02-28T21:51:17.549420+00:00
[2022-03-01 21:53:22,980] {python.py:175} INFO - Done. Returned value was: None
[2022-03-01 21:53:23,041] {taskinstance.py:1277} INFO - Marking task as SUCCESS. dag_id=tutorial, task_id=hfghfg.hfghfg_proccess_data, execution_date=20220228T215117, start_date=20220301T215222, end_date=20220301T215323
[2022-03-01 21:53:23,105] {local_task_job.py:154} INFO - Task exited with return code 0
[2022-03-01 21:53:23,178] {local_task_job.py:264} INFO - 1 downstream tasks scheduled from follow-on schedule check
