[2022-04-29 15:33:58,667] {taskinstance.py:1032} INFO - Dependencies all met for <TaskInstance: cdn_daily.import_bsre.run_bsre manual__2022-04-29T15:33:55.249340+00:00 [queued]>
[2022-04-29 15:33:58,686] {taskinstance.py:1032} INFO - Dependencies all met for <TaskInstance: cdn_daily.import_bsre.run_bsre manual__2022-04-29T15:33:55.249340+00:00 [queued]>
[2022-04-29 15:33:58,688] {taskinstance.py:1238} INFO - 
--------------------------------------------------------------------------------
[2022-04-29 15:33:58,689] {taskinstance.py:1239} INFO - Starting attempt 1 of 2
[2022-04-29 15:33:58,691] {taskinstance.py:1240} INFO - 
--------------------------------------------------------------------------------
[2022-04-29 15:33:58,714] {taskinstance.py:1259} INFO - Executing <Task(PythonOperator): import_bsre.run_bsre> on 2022-04-29 15:33:55.249340+00:00
[2022-04-29 15:33:58,720] {standard_task_runner.py:52} INFO - Started process 3913 to run task
[2022-04-29 15:33:58,727] {standard_task_runner.py:76} INFO - Running: ['***', 'tasks', 'run', 'cdn_daily', 'import_bsre.run_bsre', 'manual__2022-04-29T15:33:55.249340+00:00', '--job-id', '1731', '--raw', '--subdir', 'DAGS_FOLDER/cdn_daily.py', '--cfg-path', '/tmp/tmpnwvuj7b9', '--error-file', '/tmp/tmpc4s3gjpb']
[2022-04-29 15:33:58,730] {standard_task_runner.py:77} INFO - Job 1731: Subtask import_bsre.run_bsre
[2022-04-29 15:33:58,856] {logging_mixin.py:109} INFO - Running <TaskInstance: cdn_daily.import_bsre.run_bsre manual__2022-04-29T15:33:55.249340+00:00 [running]> on host d5ad096ffea5
[2022-04-29 15:33:58,947] {taskinstance.py:1426} INFO - Exporting the following env vars:
AIRFLOW_CTX_DAG_EMAIL=***@example.com
AIRFLOW_CTX_DAG_OWNER=***
AIRFLOW_CTX_DAG_ID=cdn_daily
AIRFLOW_CTX_TASK_ID=import_bsre.run_bsre
AIRFLOW_CTX_EXECUTION_DATE=2022-04-29T15:33:55.249340+00:00
AIRFLOW_CTX_DAG_RUN_ID=manual__2022-04-29T15:33:55.249340+00:00
[2022-04-29 15:33:58,983] {python.py:175} INFO - Done. Returned value was: None
[2022-04-29 15:33:59,007] {taskinstance.py:1277} INFO - Marking task as SUCCESS. dag_id=cdn_daily, task_id=import_bsre.run_bsre, execution_date=20220429T153355, start_date=20220429T153358, end_date=20220429T153359
[2022-04-29 15:33:59,064] {local_task_job.py:154} INFO - Task exited with return code 0
[2022-04-29 15:33:59,145] {local_task_job.py:264} INFO - 1 downstream tasks scheduled from follow-on schedule check
