[2022-04-23 14:21:41,854] {taskinstance.py:1032} INFO - Dependencies all met for <TaskInstance: tutorial.yryrty.yryrty_proccess_data scheduled__2022-04-22T14:16:25.734382+00:00 [queued]>
[2022-04-23 14:21:41,904] {taskinstance.py:1032} INFO - Dependencies all met for <TaskInstance: tutorial.yryrty.yryrty_proccess_data scheduled__2022-04-22T14:16:25.734382+00:00 [queued]>
[2022-04-23 14:21:41,905] {taskinstance.py:1238} INFO - 
--------------------------------------------------------------------------------
[2022-04-23 14:21:41,907] {taskinstance.py:1239} INFO - Starting attempt 1 of 2
[2022-04-23 14:21:41,909] {taskinstance.py:1240} INFO - 
--------------------------------------------------------------------------------
[2022-04-23 14:21:41,936] {taskinstance.py:1259} INFO - Executing <Task(PythonOperator): yryrty.yryrty_proccess_data> on 2022-04-22 14:16:25.734382+00:00
[2022-04-23 14:21:41,949] {standard_task_runner.py:52} INFO - Started process 356 to run task
[2022-04-23 14:21:41,956] {standard_task_runner.py:76} INFO - Running: ['***', 'tasks', 'run', 'tutorial', 'yryrty.yryrty_proccess_data', 'scheduled__2022-04-22T14:16:25.734382+00:00', '--job-id', '1144', '--raw', '--subdir', 'DAGS_FOLDER/test_dag.py', '--cfg-path', '/tmp/tmpflw_awij', '--error-file', '/tmp/tmp_50dbjxe']
[2022-04-23 14:21:41,959] {standard_task_runner.py:77} INFO - Job 1144: Subtask yryrty.yryrty_proccess_data
[2022-04-23 14:21:42,117] {logging_mixin.py:109} INFO - Running <TaskInstance: tutorial.yryrty.yryrty_proccess_data scheduled__2022-04-22T14:16:25.734382+00:00 [running]> on host ff48034dfdbf
[2022-04-23 14:21:42,260] {taskinstance.py:1426} INFO - Exporting the following env vars:
AIRFLOW_CTX_DAG_EMAIL=***@example.com
AIRFLOW_CTX_DAG_OWNER=***
AIRFLOW_CTX_DAG_ID=tutorial
AIRFLOW_CTX_TASK_ID=yryrty.yryrty_proccess_data
AIRFLOW_CTX_EXECUTION_DATE=2022-04-22T14:16:25.734382+00:00
AIRFLOW_CTX_DAG_RUN_ID=scheduled__2022-04-22T14:16:25.734382+00:00
[2022-04-23 14:22:42,267] {python.py:175} INFO - Done. Returned value was: None
[2022-04-23 14:22:42,290] {taskinstance.py:1277} INFO - Marking task as SUCCESS. dag_id=tutorial, task_id=yryrty.yryrty_proccess_data, execution_date=20220422T141625, start_date=20220423T142141, end_date=20220423T142242
[2022-04-23 14:22:42,358] {local_task_job.py:154} INFO - Task exited with return code 0
[2022-04-23 14:22:42,436] {local_task_job.py:264} INFO - 1 downstream tasks scheduled from follow-on schedule check
