[2022-04-23 14:21:42,046] {taskinstance.py:1032} INFO - Dependencies all met for <TaskInstance: tutorial.jghjg.jghjg_proccess_data scheduled__2022-04-22T14:16:25.734382+00:00 [queued]>
[2022-04-23 14:21:42,079] {taskinstance.py:1032} INFO - Dependencies all met for <TaskInstance: tutorial.jghjg.jghjg_proccess_data scheduled__2022-04-22T14:16:25.734382+00:00 [queued]>
[2022-04-23 14:21:42,081] {taskinstance.py:1238} INFO - 
--------------------------------------------------------------------------------
[2022-04-23 14:21:42,082] {taskinstance.py:1239} INFO - Starting attempt 1 of 2
[2022-04-23 14:21:42,084] {taskinstance.py:1240} INFO - 
--------------------------------------------------------------------------------
[2022-04-23 14:21:42,109] {taskinstance.py:1259} INFO - Executing <Task(PythonOperator): jghjg.jghjg_proccess_data> on 2022-04-22 14:16:25.734382+00:00
[2022-04-23 14:21:42,119] {standard_task_runner.py:52} INFO - Started process 358 to run task
[2022-04-23 14:21:42,125] {standard_task_runner.py:76} INFO - Running: ['***', 'tasks', 'run', 'tutorial', 'jghjg.jghjg_proccess_data', 'scheduled__2022-04-22T14:16:25.734382+00:00', '--job-id', '1145', '--raw', '--subdir', 'DAGS_FOLDER/test_dag.py', '--cfg-path', '/tmp/tmp1hzmh55m', '--error-file', '/tmp/tmphqbgvt0u']
[2022-04-23 14:21:42,127] {standard_task_runner.py:77} INFO - Job 1145: Subtask jghjg.jghjg_proccess_data
[2022-04-23 14:21:42,270] {logging_mixin.py:109} INFO - Running <TaskInstance: tutorial.jghjg.jghjg_proccess_data scheduled__2022-04-22T14:16:25.734382+00:00 [running]> on host ff48034dfdbf
[2022-04-23 14:21:42,442] {taskinstance.py:1426} INFO - Exporting the following env vars:
AIRFLOW_CTX_DAG_EMAIL=***@example.com
AIRFLOW_CTX_DAG_OWNER=***
AIRFLOW_CTX_DAG_ID=tutorial
AIRFLOW_CTX_TASK_ID=jghjg.jghjg_proccess_data
AIRFLOW_CTX_EXECUTION_DATE=2022-04-22T14:16:25.734382+00:00
AIRFLOW_CTX_DAG_RUN_ID=scheduled__2022-04-22T14:16:25.734382+00:00
[2022-04-23 14:22:42,465] {python.py:175} INFO - Done. Returned value was: None
[2022-04-23 14:22:42,509] {taskinstance.py:1277} INFO - Marking task as SUCCESS. dag_id=tutorial, task_id=jghjg.jghjg_proccess_data, execution_date=20220422T141625, start_date=20220423T142142, end_date=20220423T142242
[2022-04-23 14:22:42,559] {local_task_job.py:154} INFO - Task exited with return code 0
[2022-04-23 14:22:42,633] {local_task_job.py:264} INFO - 1 downstream tasks scheduled from follow-on schedule check
