[2022-04-30 15:46:24,668] {taskinstance.py:1032} INFO - Dependencies all met for <TaskInstance: cdn_daily.check_status_of_pre.ctr manual__2022-04-30T15:46:12.555314+00:00 [queued]>
[2022-04-30 15:46:24,697] {taskinstance.py:1032} INFO - Dependencies all met for <TaskInstance: cdn_daily.check_status_of_pre.ctr manual__2022-04-30T15:46:12.555314+00:00 [queued]>
[2022-04-30 15:46:24,698] {taskinstance.py:1238} INFO - 
--------------------------------------------------------------------------------
[2022-04-30 15:46:24,700] {taskinstance.py:1239} INFO - Starting attempt 1 of 2
[2022-04-30 15:46:24,701] {taskinstance.py:1240} INFO - 
--------------------------------------------------------------------------------
[2022-04-30 15:46:24,724] {taskinstance.py:1259} INFO - Executing <Task(PythonOperator): check_status_of_pre.ctr> on 2022-04-30 15:46:12.555314+00:00
[2022-04-30 15:46:24,734] {standard_task_runner.py:52} INFO - Started process 2441 to run task
[2022-04-30 15:46:24,742] {standard_task_runner.py:76} INFO - Running: ['***', 'tasks', 'run', 'cdn_daily', 'check_status_of_pre.ctr', 'manual__2022-04-30T15:46:12.555314+00:00', '--job-id', '1844', '--raw', '--subdir', 'DAGS_FOLDER/cdn_daily.py', '--cfg-path', '/tmp/tmpc5_nmcms', '--error-file', '/tmp/tmp6ffsd4xo']
[2022-04-30 15:46:24,745] {standard_task_runner.py:77} INFO - Job 1844: Subtask check_status_of_pre.ctr
[2022-04-30 15:46:24,867] {logging_mixin.py:109} INFO - Running <TaskInstance: cdn_daily.check_status_of_pre.ctr manual__2022-04-30T15:46:12.555314+00:00 [running]> on host d5ad096ffea5
[2022-04-30 15:46:24,958] {taskinstance.py:1426} INFO - Exporting the following env vars:
AIRFLOW_CTX_DAG_EMAIL=***@example.com
AIRFLOW_CTX_DAG_OWNER=***
AIRFLOW_CTX_DAG_ID=cdn_daily
AIRFLOW_CTX_TASK_ID=check_status_of_pre.ctr
AIRFLOW_CTX_EXECUTION_DATE=2022-04-30T15:46:12.555314+00:00
AIRFLOW_CTX_DAG_RUN_ID=manual__2022-04-30T15:46:12.555314+00:00
[2022-04-30 15:46:24,977] {logging_mixin.py:109} INFO - pre.ctr
[2022-04-30 15:46:24,992] {logging_mixin.py:109} INFO - 9
[2022-04-30 15:46:33,970] {python.py:175} INFO - Done. Returned value was: None
[2022-04-30 15:46:33,987] {taskinstance.py:1277} INFO - Marking task as SUCCESS. dag_id=cdn_daily, task_id=check_status_of_pre.ctr, execution_date=20220430T154612, start_date=20220430T154624, end_date=20220430T154633
[2022-04-30 15:46:34,056] {local_task_job.py:154} INFO - Task exited with return code 0
[2022-04-30 15:46:34,181] {local_task_job.py:264} INFO - 1 downstream tasks scheduled from follow-on schedule check
