[2022-02-19 21:38:12,190] {taskinstance.py:1032} INFO - Dependencies all met for <TaskInstance: tutorial.yryrty.yryrty_print_proccesed_data manual__2022-02-19T21:36:05.015535+00:00 [queued]>
[2022-02-19 21:38:12,218] {taskinstance.py:1032} INFO - Dependencies all met for <TaskInstance: tutorial.yryrty.yryrty_print_proccesed_data manual__2022-02-19T21:36:05.015535+00:00 [queued]>
[2022-02-19 21:38:12,220] {taskinstance.py:1238} INFO - 
--------------------------------------------------------------------------------
[2022-02-19 21:38:12,221] {taskinstance.py:1239} INFO - Starting attempt 1 of 2
[2022-02-19 21:38:12,222] {taskinstance.py:1240} INFO - 
--------------------------------------------------------------------------------
[2022-02-19 21:38:12,241] {taskinstance.py:1259} INFO - Executing <Task(PythonOperator): yryrty.yryrty_print_proccesed_data> on 2022-02-19 21:36:05.015535+00:00
[2022-02-19 21:38:12,248] {standard_task_runner.py:52} INFO - Started process 4748 to run task
[2022-02-19 21:38:12,255] {standard_task_runner.py:76} INFO - Running: ['***', 'tasks', 'run', 'tutorial', 'yryrty.yryrty_print_proccesed_data', 'manual__2022-02-19T21:36:05.015535+00:00', '--job-id', '33', '--raw', '--subdir', 'DAGS_FOLDER/test_dag.py', '--cfg-path', '/tmp/tmpbxl_f8np', '--error-file', '/tmp/tmpcy1dfzvi']
[2022-02-19 21:38:12,256] {standard_task_runner.py:77} INFO - Job 33: Subtask yryrty.yryrty_print_proccesed_data
[2022-02-19 21:38:12,395] {logging_mixin.py:109} INFO - Running <TaskInstance: tutorial.yryrty.yryrty_print_proccesed_data manual__2022-02-19T21:36:05.015535+00:00 [running]> on host ff48034dfdbf
[2022-02-19 21:38:12,495] {taskinstance.py:1426} INFO - Exporting the following env vars:
AIRFLOW_CTX_DAG_EMAIL=***@example.com
AIRFLOW_CTX_DAG_OWNER=***
AIRFLOW_CTX_DAG_ID=tutorial
AIRFLOW_CTX_TASK_ID=yryrty.yryrty_print_proccesed_data
AIRFLOW_CTX_EXECUTION_DATE=2022-02-19T21:36:05.015535+00:00
AIRFLOW_CTX_DAG_RUN_ID=manual__2022-02-19T21:36:05.015535+00:00
[2022-02-19 21:39:12,469] {python.py:175} INFO - Done. Returned value was: None
[2022-02-19 21:39:12,608] {taskinstance.py:1277} INFO - Marking task as SUCCESS. dag_id=tutorial, task_id=yryrty.yryrty_print_proccesed_data, execution_date=20220219T213605, start_date=20220219T213812, end_date=20220219T213912
[2022-02-19 21:39:12,656] {local_task_job.py:154} INFO - Task exited with return code 0
[2022-02-19 21:39:12,780] {local_task_job.py:264} INFO - 0 downstream tasks scheduled from follow-on schedule check
