[2022-04-26 13:53:17,681] {taskinstance.py:1032} INFO - Dependencies all met for <TaskInstance: tutorial.pre.pre_get_data scheduled__2022-04-23T14:25:49.377068+00:00 [queued]>
[2022-04-26 13:53:17,714] {taskinstance.py:1032} INFO - Dependencies all met for <TaskInstance: tutorial.pre.pre_get_data scheduled__2022-04-23T14:25:49.377068+00:00 [queued]>
[2022-04-26 13:53:17,716] {taskinstance.py:1238} INFO - 
--------------------------------------------------------------------------------
[2022-04-26 13:53:17,717] {taskinstance.py:1239} INFO - Starting attempt 1 of 2
[2022-04-26 13:53:17,718] {taskinstance.py:1240} INFO - 
--------------------------------------------------------------------------------
[2022-04-26 13:53:17,761] {taskinstance.py:1259} INFO - Executing <Task(PythonOperator): pre.pre_get_data> on 2022-04-23 14:25:49.377068+00:00
[2022-04-26 13:53:17,772] {standard_task_runner.py:52} INFO - Started process 97 to run task
[2022-04-26 13:53:17,782] {standard_task_runner.py:76} INFO - Running: ['***', 'tasks', 'run', 'tutorial', 'pre.pre_get_data', 'scheduled__2022-04-23T14:25:49.377068+00:00', '--job-id', '1245', '--raw', '--subdir', 'DAGS_FOLDER/test_dag.py', '--cfg-path', '/tmp/tmpikl40n8q', '--error-file', '/tmp/tmp08k23zl8']
[2022-04-26 13:53:17,796] {standard_task_runner.py:77} INFO - Job 1245: Subtask pre.pre_get_data
[2022-04-26 13:53:18,092] {logging_mixin.py:109} INFO - Running <TaskInstance: tutorial.pre.pre_get_data scheduled__2022-04-23T14:25:49.377068+00:00 [running]> on host ff48034dfdbf
[2022-04-26 13:53:18,315] {taskinstance.py:1426} INFO - Exporting the following env vars:
AIRFLOW_CTX_DAG_EMAIL=***@example.com
AIRFLOW_CTX_DAG_OWNER=***
AIRFLOW_CTX_DAG_ID=tutorial
AIRFLOW_CTX_TASK_ID=pre.pre_get_data
AIRFLOW_CTX_EXECUTION_DATE=2022-04-23T14:25:49.377068+00:00
AIRFLOW_CTX_DAG_RUN_ID=scheduled__2022-04-23T14:25:49.377068+00:00
[2022-04-26 13:54:18,348] {python.py:175} INFO - Done. Returned value was: None
[2022-04-26 13:54:18,480] {taskinstance.py:1277} INFO - Marking task as SUCCESS. dag_id=tutorial, task_id=pre.pre_get_data, execution_date=20220423T142549, start_date=20220426T135317, end_date=20220426T135418
[2022-04-26 13:54:18,506] {local_task_job.py:212} WARNING - State of this instance has been externally set to success. Terminating instance.
[2022-04-26 13:54:18,511] {process_utils.py:124} INFO - Sending Signals.SIGTERM to group 97. PIDs of all processes in the group: [97]
[2022-04-26 13:54:18,513] {process_utils.py:75} INFO - Sending the signal Signals.SIGTERM to group 97
[2022-04-26 13:54:18,515] {process_utils.py:70} INFO - Process psutil.Process(pid=97, status='terminated', exitcode=0, started='13:53:17') (97) terminated with exit code 0
