[2022-03-14 12:00:14,041] {taskinstance.py:1032} INFO - Dependencies all met for <TaskInstance: tutorial.eaeaz.eaeaz_print_proccesed_data scheduled__2022-03-08T18:13:06.710203+00:00 [queued]>
[2022-03-14 12:00:14,069] {taskinstance.py:1032} INFO - Dependencies all met for <TaskInstance: tutorial.eaeaz.eaeaz_print_proccesed_data scheduled__2022-03-08T18:13:06.710203+00:00 [queued]>
[2022-03-14 12:00:14,070] {taskinstance.py:1238} INFO - 
--------------------------------------------------------------------------------
[2022-03-14 12:00:14,072] {taskinstance.py:1239} INFO - Starting attempt 1 of 2
[2022-03-14 12:00:14,075] {taskinstance.py:1240} INFO - 
--------------------------------------------------------------------------------
[2022-03-14 12:00:14,100] {taskinstance.py:1259} INFO - Executing <Task(PythonOperator): eaeaz.eaeaz_print_proccesed_data> on 2022-03-08 18:13:06.710203+00:00
[2022-03-14 12:00:14,109] {standard_task_runner.py:52} INFO - Started process 580 to run task
[2022-03-14 12:00:14,116] {standard_task_runner.py:76} INFO - Running: ['***', 'tasks', 'run', 'tutorial', 'eaeaz.eaeaz_print_proccesed_data', 'scheduled__2022-03-08T18:13:06.710203+00:00', '--job-id', '772', '--raw', '--subdir', 'DAGS_FOLDER/test_dag.py', '--cfg-path', '/tmp/tmp3icnt61n', '--error-file', '/tmp/tmp5lbdtjod']
[2022-03-14 12:00:14,118] {standard_task_runner.py:77} INFO - Job 772: Subtask eaeaz.eaeaz_print_proccesed_data
[2022-03-14 12:00:14,231] {logging_mixin.py:109} INFO - Running <TaskInstance: tutorial.eaeaz.eaeaz_print_proccesed_data scheduled__2022-03-08T18:13:06.710203+00:00 [running]> on host ff48034dfdbf
[2022-03-14 12:00:14,353] {taskinstance.py:1426} INFO - Exporting the following env vars:
AIRFLOW_CTX_DAG_EMAIL=***@example.com
AIRFLOW_CTX_DAG_OWNER=***
AIRFLOW_CTX_DAG_ID=tutorial
AIRFLOW_CTX_TASK_ID=eaeaz.eaeaz_print_proccesed_data
AIRFLOW_CTX_EXECUTION_DATE=2022-03-08T18:13:06.710203+00:00
AIRFLOW_CTX_DAG_RUN_ID=scheduled__2022-03-08T18:13:06.710203+00:00
[2022-03-14 12:01:14,345] {python.py:175} INFO - Done. Returned value was: None
[2022-03-14 12:01:14,362] {taskinstance.py:1277} INFO - Marking task as SUCCESS. dag_id=tutorial, task_id=eaeaz.eaeaz_print_proccesed_data, execution_date=20220308T181306, start_date=20220314T120014, end_date=20220314T120114
[2022-03-14 12:01:14,423] {local_task_job.py:154} INFO - Task exited with return code 0
[2022-03-14 12:01:14,476] {local_task_job.py:264} INFO - 0 downstream tasks scheduled from follow-on schedule check
