[2022-02-27 17:20:58,046] {taskinstance.py:1032} INFO - Dependencies all met for <TaskInstance: tutorial.jghjg.jghjg_print_proccesed_data scheduled__2022-02-25T21:44:04.431894+00:00 [queued]>
[2022-02-27 17:20:58,063] {taskinstance.py:1032} INFO - Dependencies all met for <TaskInstance: tutorial.jghjg.jghjg_print_proccesed_data scheduled__2022-02-25T21:44:04.431894+00:00 [queued]>
[2022-02-27 17:20:58,065] {taskinstance.py:1238} INFO - 
--------------------------------------------------------------------------------
[2022-02-27 17:20:58,067] {taskinstance.py:1239} INFO - Starting attempt 1 of 2
[2022-02-27 17:20:58,069] {taskinstance.py:1240} INFO - 
--------------------------------------------------------------------------------
[2022-02-27 17:20:58,092] {taskinstance.py:1259} INFO - Executing <Task(PythonOperator): jghjg.jghjg_print_proccesed_data> on 2022-02-25 21:44:04.431894+00:00
[2022-02-27 17:20:58,099] {standard_task_runner.py:52} INFO - Started process 268 to run task
[2022-02-27 17:20:58,105] {standard_task_runner.py:76} INFO - Running: ['***', 'tasks', 'run', 'tutorial', 'jghjg.jghjg_print_proccesed_data', 'scheduled__2022-02-25T21:44:04.431894+00:00', '--job-id', '322', '--raw', '--subdir', 'DAGS_FOLDER/test_dag.py', '--cfg-path', '/tmp/tmp5z_u51f3', '--error-file', '/tmp/tmputocb62v']
[2022-02-27 17:20:58,106] {standard_task_runner.py:77} INFO - Job 322: Subtask jghjg.jghjg_print_proccesed_data
[2022-02-27 17:20:58,221] {logging_mixin.py:109} INFO - Running <TaskInstance: tutorial.jghjg.jghjg_print_proccesed_data scheduled__2022-02-25T21:44:04.431894+00:00 [running]> on host ff48034dfdbf
[2022-02-27 17:20:58,290] {taskinstance.py:1426} INFO - Exporting the following env vars:
AIRFLOW_CTX_DAG_EMAIL=***@example.com
AIRFLOW_CTX_DAG_OWNER=***
AIRFLOW_CTX_DAG_ID=tutorial
AIRFLOW_CTX_TASK_ID=jghjg.jghjg_print_proccesed_data
AIRFLOW_CTX_EXECUTION_DATE=2022-02-25T21:44:04.431894+00:00
AIRFLOW_CTX_DAG_RUN_ID=scheduled__2022-02-25T21:44:04.431894+00:00
[2022-02-27 17:21:58,309] {python.py:175} INFO - Done. Returned value was: None
[2022-02-27 17:21:58,323] {taskinstance.py:1277} INFO - Marking task as SUCCESS. dag_id=tutorial, task_id=jghjg.jghjg_print_proccesed_data, execution_date=20220225T214404, start_date=20220227T172058, end_date=20220227T172158
[2022-02-27 17:21:58,383] {local_task_job.py:154} INFO - Task exited with return code 0
[2022-02-27 17:21:58,423] {local_task_job.py:264} INFO - 0 downstream tasks scheduled from follow-on schedule check
