[2022-03-14 12:00:11,711] {taskinstance.py:1032} INFO - Dependencies all met for <TaskInstance: tutorial.bsre.bsre_print_proccesed_data scheduled__2022-03-08T18:13:06.710203+00:00 [queued]>
[2022-03-14 12:00:11,727] {taskinstance.py:1032} INFO - Dependencies all met for <TaskInstance: tutorial.bsre.bsre_print_proccesed_data scheduled__2022-03-08T18:13:06.710203+00:00 [queued]>
[2022-03-14 12:00:11,728] {taskinstance.py:1238} INFO - 
--------------------------------------------------------------------------------
[2022-03-14 12:00:11,729] {taskinstance.py:1239} INFO - Starting attempt 1 of 2
[2022-03-14 12:00:11,730] {taskinstance.py:1240} INFO - 
--------------------------------------------------------------------------------
[2022-03-14 12:00:11,747] {taskinstance.py:1259} INFO - Executing <Task(PythonOperator): bsre.bsre_print_proccesed_data> on 2022-03-08 18:13:06.710203+00:00
[2022-03-14 12:00:11,754] {standard_task_runner.py:52} INFO - Started process 568 to run task
[2022-03-14 12:00:11,761] {standard_task_runner.py:76} INFO - Running: ['***', 'tasks', 'run', 'tutorial', 'bsre.bsre_print_proccesed_data', 'scheduled__2022-03-08T18:13:06.710203+00:00', '--job-id', '765', '--raw', '--subdir', 'DAGS_FOLDER/test_dag.py', '--cfg-path', '/tmp/tmpzifd8k10', '--error-file', '/tmp/tmp92hgtg_w']
[2022-03-14 12:00:11,763] {standard_task_runner.py:77} INFO - Job 765: Subtask bsre.bsre_print_proccesed_data
[2022-03-14 12:00:11,843] {logging_mixin.py:109} INFO - Running <TaskInstance: tutorial.bsre.bsre_print_proccesed_data scheduled__2022-03-08T18:13:06.710203+00:00 [running]> on host ff48034dfdbf
[2022-03-14 12:00:11,922] {taskinstance.py:1426} INFO - Exporting the following env vars:
AIRFLOW_CTX_DAG_EMAIL=***@example.com
AIRFLOW_CTX_DAG_OWNER=***
AIRFLOW_CTX_DAG_ID=tutorial
AIRFLOW_CTX_TASK_ID=bsre.bsre_print_proccesed_data
AIRFLOW_CTX_EXECUTION_DATE=2022-03-08T18:13:06.710203+00:00
AIRFLOW_CTX_DAG_RUN_ID=scheduled__2022-03-08T18:13:06.710203+00:00
[2022-03-14 12:01:11,942] {python.py:175} INFO - Done. Returned value was: None
[2022-03-14 12:01:11,960] {taskinstance.py:1277} INFO - Marking task as SUCCESS. dag_id=tutorial, task_id=bsre.bsre_print_proccesed_data, execution_date=20220308T181306, start_date=20220314T120011, end_date=20220314T120111
[2022-03-14 12:01:12,001] {local_task_job.py:154} INFO - Task exited with return code 0
[2022-03-14 12:01:12,043] {local_task_job.py:264} INFO - 0 downstream tasks scheduled from follow-on schedule check
