[2022-04-23 14:17:33,782] {taskinstance.py:1032} INFO - Dependencies all met for <TaskInstance: tutorial.dqsdqsd.dqsdqsd_get_data scheduled__2022-04-22T14:16:25.734382+00:00 [queued]>
[2022-04-23 14:17:33,808] {taskinstance.py:1032} INFO - Dependencies all met for <TaskInstance: tutorial.dqsdqsd.dqsdqsd_get_data scheduled__2022-04-22T14:16:25.734382+00:00 [queued]>
[2022-04-23 14:17:33,809] {taskinstance.py:1238} INFO - 
--------------------------------------------------------------------------------
[2022-04-23 14:17:33,810] {taskinstance.py:1239} INFO - Starting attempt 1 of 2
[2022-04-23 14:17:33,812] {taskinstance.py:1240} INFO - 
--------------------------------------------------------------------------------
[2022-04-23 14:17:33,838] {taskinstance.py:1259} INFO - Executing <Task(PythonOperator): dqsdqsd.dqsdqsd_get_data> on 2022-04-22 14:16:25.734382+00:00
[2022-04-23 14:17:33,847] {standard_task_runner.py:52} INFO - Started process 139 to run task
[2022-04-23 14:17:33,854] {standard_task_runner.py:76} INFO - Running: ['***', 'tasks', 'run', 'tutorial', 'dqsdqsd.dqsdqsd_get_data', 'scheduled__2022-04-22T14:16:25.734382+00:00', '--job-id', '1106', '--raw', '--subdir', 'DAGS_FOLDER/test_dag.py', '--cfg-path', '/tmp/tmps2cjs2t9', '--error-file', '/tmp/tmp3lpqmp5y']
[2022-04-23 14:17:33,857] {standard_task_runner.py:77} INFO - Job 1106: Subtask dqsdqsd.dqsdqsd_get_data
[2022-04-23 14:17:33,976] {logging_mixin.py:109} INFO - Running <TaskInstance: tutorial.dqsdqsd.dqsdqsd_get_data scheduled__2022-04-22T14:16:25.734382+00:00 [running]> on host ff48034dfdbf
[2022-04-23 14:17:34,096] {taskinstance.py:1426} INFO - Exporting the following env vars:
AIRFLOW_CTX_DAG_EMAIL=***@example.com
AIRFLOW_CTX_DAG_OWNER=***
AIRFLOW_CTX_DAG_ID=tutorial
AIRFLOW_CTX_TASK_ID=dqsdqsd.dqsdqsd_get_data
AIRFLOW_CTX_EXECUTION_DATE=2022-04-22T14:16:25.734382+00:00
AIRFLOW_CTX_DAG_RUN_ID=scheduled__2022-04-22T14:16:25.734382+00:00
[2022-04-23 14:18:34,090] {python.py:175} INFO - Done. Returned value was: None
[2022-04-23 14:18:34,139] {taskinstance.py:1277} INFO - Marking task as SUCCESS. dag_id=tutorial, task_id=dqsdqsd.dqsdqsd_get_data, execution_date=20220422T141625, start_date=20220423T141733, end_date=20220423T141834
[2022-04-23 14:18:34,227] {local_task_job.py:154} INFO - Task exited with return code 0
[2022-04-23 14:18:34,325] {local_task_job.py:264} INFO - 1 downstream tasks scheduled from follow-on schedule check
