[2022-04-26 14:00:29,398] {taskinstance.py:1032} INFO - Dependencies all met for <TaskInstance: tutorial.eaeaz.eaeaz_get_data scheduled__2022-04-25T13:59:28.202500+00:00 [queued]>
[2022-04-26 14:00:29,425] {taskinstance.py:1032} INFO - Dependencies all met for <TaskInstance: tutorial.eaeaz.eaeaz_get_data scheduled__2022-04-25T13:59:28.202500+00:00 [queued]>
[2022-04-26 14:00:29,427] {taskinstance.py:1238} INFO - 
--------------------------------------------------------------------------------
[2022-04-26 14:00:29,428] {taskinstance.py:1239} INFO - Starting attempt 1 of 2
[2022-04-26 14:00:29,430] {taskinstance.py:1240} INFO - 
--------------------------------------------------------------------------------
[2022-04-26 14:00:29,469] {taskinstance.py:1259} INFO - Executing <Task(PythonOperator): eaeaz.eaeaz_get_data> on 2022-04-25 13:59:28.202500+00:00
[2022-04-26 14:00:29,479] {standard_task_runner.py:52} INFO - Started process 502 to run task
[2022-04-26 14:00:29,487] {standard_task_runner.py:76} INFO - Running: ['***', 'tasks', 'run', 'tutorial', 'eaeaz.eaeaz_get_data', 'scheduled__2022-04-25T13:59:28.202500+00:00', '--job-id', '1314', '--raw', '--subdir', 'DAGS_FOLDER/test_dag.py', '--cfg-path', '/tmp/tmpwctowu5z', '--error-file', '/tmp/tmpev789tx6']
[2022-04-26 14:00:29,489] {standard_task_runner.py:77} INFO - Job 1314: Subtask eaeaz.eaeaz_get_data
[2022-04-26 14:00:29,668] {logging_mixin.py:109} INFO - Running <TaskInstance: tutorial.eaeaz.eaeaz_get_data scheduled__2022-04-25T13:59:28.202500+00:00 [running]> on host ff48034dfdbf
[2022-04-26 14:00:29,774] {taskinstance.py:1426} INFO - Exporting the following env vars:
AIRFLOW_CTX_DAG_EMAIL=***@example.com
AIRFLOW_CTX_DAG_OWNER=***
AIRFLOW_CTX_DAG_ID=tutorial
AIRFLOW_CTX_TASK_ID=eaeaz.eaeaz_get_data
AIRFLOW_CTX_EXECUTION_DATE=2022-04-25T13:59:28.202500+00:00
AIRFLOW_CTX_DAG_RUN_ID=scheduled__2022-04-25T13:59:28.202500+00:00
[2022-04-26 14:01:29,794] {python.py:175} INFO - Done. Returned value was: None
[2022-04-26 14:01:29,844] {taskinstance.py:1277} INFO - Marking task as SUCCESS. dag_id=tutorial, task_id=eaeaz.eaeaz_get_data, execution_date=20220425T135928, start_date=20220426T140029, end_date=20220426T140129
[2022-04-26 14:01:29,898] {local_task_job.py:154} INFO - Task exited with return code 0
[2022-04-26 14:01:29,949] {local_task_job.py:264} INFO - 1 downstream tasks scheduled from follow-on schedule check
