[2022-04-29 15:29:30,031] {taskinstance.py:1032} INFO - Dependencies all met for <TaskInstance: cdn_daily.import_pre.run_pre manual__2022-04-29T15:29:28.902590+00:00 [queued]>
[2022-04-29 15:29:30,048] {taskinstance.py:1032} INFO - Dependencies all met for <TaskInstance: cdn_daily.import_pre.run_pre manual__2022-04-29T15:29:28.902590+00:00 [queued]>
[2022-04-29 15:29:30,050] {taskinstance.py:1238} INFO - 
--------------------------------------------------------------------------------
[2022-04-29 15:29:30,051] {taskinstance.py:1239} INFO - Starting attempt 1 of 2
[2022-04-29 15:29:30,052] {taskinstance.py:1240} INFO - 
--------------------------------------------------------------------------------
[2022-04-29 15:29:30,072] {taskinstance.py:1259} INFO - Executing <Task(PythonOperator): import_pre.run_pre> on 2022-04-29 15:29:28.902590+00:00
[2022-04-29 15:29:30,079] {standard_task_runner.py:52} INFO - Started process 3599 to run task
[2022-04-29 15:29:30,085] {standard_task_runner.py:76} INFO - Running: ['***', 'tasks', 'run', 'cdn_daily', 'import_pre.run_pre', 'manual__2022-04-29T15:29:28.902590+00:00', '--job-id', '1667', '--raw', '--subdir', 'DAGS_FOLDER/cdn_daily.py', '--cfg-path', '/tmp/tmpjdw1oy1_', '--error-file', '/tmp/tmprnywuawn']
[2022-04-29 15:29:30,087] {standard_task_runner.py:77} INFO - Job 1667: Subtask import_pre.run_pre
[2022-04-29 15:29:30,197] {logging_mixin.py:109} INFO - Running <TaskInstance: cdn_daily.import_pre.run_pre manual__2022-04-29T15:29:28.902590+00:00 [running]> on host d5ad096ffea5
[2022-04-29 15:29:30,312] {taskinstance.py:1426} INFO - Exporting the following env vars:
AIRFLOW_CTX_DAG_EMAIL=***@example.com
AIRFLOW_CTX_DAG_OWNER=***
AIRFLOW_CTX_DAG_ID=cdn_daily
AIRFLOW_CTX_TASK_ID=import_pre.run_pre
AIRFLOW_CTX_EXECUTION_DATE=2022-04-29T15:29:28.902590+00:00
AIRFLOW_CTX_DAG_RUN_ID=manual__2022-04-29T15:29:28.902590+00:00
[2022-04-29 15:29:30,376] {python.py:175} INFO - Done. Returned value was: None
[2022-04-29 15:29:30,427] {taskinstance.py:1277} INFO - Marking task as SUCCESS. dag_id=cdn_daily, task_id=import_pre.run_pre, execution_date=20220429T152928, start_date=20220429T152930, end_date=20220429T152930
[2022-04-29 15:29:30,505] {local_task_job.py:154} INFO - Task exited with return code 0
[2022-04-29 15:29:30,694] {local_task_job.py:264} INFO - 0 downstream tasks scheduled from follow-on schedule check
