[2022-04-23 14:27:54,462] {taskinstance.py:1032} INFO - Dependencies all met for <TaskInstance: tutorial.cat.cat_proccess_data scheduled__2022-04-22T14:25:49.377068+00:00 [queued]>
[2022-04-23 14:27:54,500] {taskinstance.py:1032} INFO - Dependencies all met for <TaskInstance: tutorial.cat.cat_proccess_data scheduled__2022-04-22T14:25:49.377068+00:00 [queued]>
[2022-04-23 14:27:54,501] {taskinstance.py:1238} INFO - 
--------------------------------------------------------------------------------
[2022-04-23 14:27:54,502] {taskinstance.py:1239} INFO - Starting attempt 1 of 2
[2022-04-23 14:27:54,504] {taskinstance.py:1240} INFO - 
--------------------------------------------------------------------------------
[2022-04-23 14:27:54,527] {taskinstance.py:1259} INFO - Executing <Task(PythonOperator): cat.cat_proccess_data> on 2022-04-22 14:25:49.377068+00:00
[2022-04-23 14:27:54,537] {standard_task_runner.py:52} INFO - Started process 717 to run task
[2022-04-23 14:27:54,547] {standard_task_runner.py:76} INFO - Running: ['***', 'tasks', 'run', 'tutorial', 'cat.cat_proccess_data', 'scheduled__2022-04-22T14:25:49.377068+00:00', '--job-id', '1207', '--raw', '--subdir', 'DAGS_FOLDER/test_dag.py', '--cfg-path', '/tmp/tmp9read82a', '--error-file', '/tmp/tmp3xdbzf40']
[2022-04-23 14:27:54,549] {standard_task_runner.py:77} INFO - Job 1207: Subtask cat.cat_proccess_data
[2022-04-23 14:27:54,710] {logging_mixin.py:109} INFO - Running <TaskInstance: tutorial.cat.cat_proccess_data scheduled__2022-04-22T14:25:49.377068+00:00 [running]> on host ff48034dfdbf
[2022-04-23 14:27:54,848] {taskinstance.py:1426} INFO - Exporting the following env vars:
AIRFLOW_CTX_DAG_EMAIL=***@example.com
AIRFLOW_CTX_DAG_OWNER=***
AIRFLOW_CTX_DAG_ID=tutorial
AIRFLOW_CTX_TASK_ID=cat.cat_proccess_data
AIRFLOW_CTX_EXECUTION_DATE=2022-04-22T14:25:49.377068+00:00
AIRFLOW_CTX_DAG_RUN_ID=scheduled__2022-04-22T14:25:49.377068+00:00
[2022-04-23 14:28:54,820] {python.py:175} INFO - Done. Returned value was: None
[2022-04-23 14:28:54,837] {taskinstance.py:1277} INFO - Marking task as SUCCESS. dag_id=tutorial, task_id=cat.cat_proccess_data, execution_date=20220422T142549, start_date=20220423T142754, end_date=20220423T142854
[2022-04-23 14:28:54,900] {local_task_job.py:154} INFO - Task exited with return code 0
[2022-04-23 14:28:54,946] {local_task_job.py:264} INFO - 1 downstream tasks scheduled from follow-on schedule check
