[2022-04-29 15:34:34,695] {taskinstance.py:1032} INFO - Dependencies all met for <TaskInstance: cdn_daily.import_bsre.check_status_of_bsre manual__2022-04-29T15:29:28.902590+00:00 [queued]>
[2022-04-29 15:34:34,710] {taskinstance.py:1032} INFO - Dependencies all met for <TaskInstance: cdn_daily.import_bsre.check_status_of_bsre manual__2022-04-29T15:29:28.902590+00:00 [queued]>
[2022-04-29 15:34:34,711] {taskinstance.py:1238} INFO - 
--------------------------------------------------------------------------------
[2022-04-29 15:34:34,712] {taskinstance.py:1239} INFO - Starting attempt 2 of 2
[2022-04-29 15:34:34,713] {taskinstance.py:1240} INFO - 
--------------------------------------------------------------------------------
[2022-04-29 15:34:34,730] {taskinstance.py:1259} INFO - Executing <Task(PythonOperator): import_bsre.check_status_of_bsre> on 2022-04-29 15:29:28.902590+00:00
[2022-04-29 15:34:34,736] {standard_task_runner.py:52} INFO - Started process 3950 to run task
[2022-04-29 15:34:34,741] {standard_task_runner.py:76} INFO - Running: ['***', 'tasks', 'run', 'cdn_daily', 'import_bsre.check_status_of_bsre', 'manual__2022-04-29T15:29:28.902590+00:00', '--job-id', '1740', '--raw', '--subdir', 'DAGS_FOLDER/cdn_daily.py', '--cfg-path', '/tmp/tmpgwm97qhs', '--error-file', '/tmp/tmp7jevyz3b']
[2022-04-29 15:34:34,742] {standard_task_runner.py:77} INFO - Job 1740: Subtask import_bsre.check_status_of_bsre
[2022-04-29 15:34:34,825] {logging_mixin.py:109} INFO - Running <TaskInstance: cdn_daily.import_bsre.check_status_of_bsre manual__2022-04-29T15:29:28.902590+00:00 [running]> on host d5ad096ffea5
[2022-04-29 15:34:34,896] {taskinstance.py:1426} INFO - Exporting the following env vars:
AIRFLOW_CTX_DAG_EMAIL=***@example.com
AIRFLOW_CTX_DAG_OWNER=***
AIRFLOW_CTX_DAG_ID=cdn_daily
AIRFLOW_CTX_TASK_ID=import_bsre.check_status_of_bsre
AIRFLOW_CTX_EXECUTION_DATE=2022-04-29T15:29:28.902590+00:00
AIRFLOW_CTX_DAG_RUN_ID=manual__2022-04-29T15:29:28.902590+00:00
[2022-04-29 15:34:34,898] {logging_mixin.py:109} INFO - run_bsre
[2022-04-29 15:34:34,909] {logging_mixin.py:109} INFO - None
[2022-04-29 15:34:34,920] {logging_mixin.py:109} INFO - bsre.alm
[2022-04-29 15:34:34,931] {logging_mixin.py:109} INFO - 8
[2022-04-29 15:34:42,935] {python.py:175} INFO - Done. Returned value was: None
[2022-04-29 15:34:42,952] {taskinstance.py:1277} INFO - Marking task as SUCCESS. dag_id=cdn_daily, task_id=import_bsre.check_status_of_bsre, execution_date=20220429T152928, start_date=20220429T153434, end_date=20220429T153442
[2022-04-29 15:34:43,008] {local_task_job.py:154} INFO - Task exited with return code 0
[2022-04-29 15:34:43,058] {local_task_job.py:264} INFO - 1 downstream tasks scheduled from follow-on schedule check
