[2022-04-30 15:46:17,263] {taskinstance.py:1032} INFO - Dependencies all met for <TaskInstance: cdn_daily.check_status_of_cat.alm manual__2022-04-30T15:46:12.555314+00:00 [queued]>
[2022-04-30 15:46:17,280] {taskinstance.py:1032} INFO - Dependencies all met for <TaskInstance: cdn_daily.check_status_of_cat.alm manual__2022-04-30T15:46:12.555314+00:00 [queued]>
[2022-04-30 15:46:17,281] {taskinstance.py:1238} INFO - 
--------------------------------------------------------------------------------
[2022-04-30 15:46:17,283] {taskinstance.py:1239} INFO - Starting attempt 1 of 2
[2022-04-30 15:46:17,284] {taskinstance.py:1240} INFO - 
--------------------------------------------------------------------------------
[2022-04-30 15:46:17,301] {taskinstance.py:1259} INFO - Executing <Task(PythonOperator): check_status_of_cat.alm> on 2022-04-30 15:46:12.555314+00:00
[2022-04-30 15:46:17,308] {standard_task_runner.py:52} INFO - Started process 2402 to run task
[2022-04-30 15:46:17,313] {standard_task_runner.py:76} INFO - Running: ['***', 'tasks', 'run', 'cdn_daily', 'check_status_of_cat.alm', 'manual__2022-04-30T15:46:12.555314+00:00', '--job-id', '1830', '--raw', '--subdir', 'DAGS_FOLDER/cdn_daily.py', '--cfg-path', '/tmp/tmp87sclhnb', '--error-file', '/tmp/tmpz8b_37ha']
[2022-04-30 15:46:17,315] {standard_task_runner.py:77} INFO - Job 1830: Subtask check_status_of_cat.alm
[2022-04-30 15:46:17,405] {logging_mixin.py:109} INFO - Running <TaskInstance: cdn_daily.check_status_of_cat.alm manual__2022-04-30T15:46:12.555314+00:00 [running]> on host d5ad096ffea5
[2022-04-30 15:46:17,494] {taskinstance.py:1426} INFO - Exporting the following env vars:
AIRFLOW_CTX_DAG_EMAIL=***@example.com
AIRFLOW_CTX_DAG_OWNER=***
AIRFLOW_CTX_DAG_ID=cdn_daily
AIRFLOW_CTX_TASK_ID=check_status_of_cat.alm
AIRFLOW_CTX_EXECUTION_DATE=2022-04-30T15:46:12.555314+00:00
AIRFLOW_CTX_DAG_RUN_ID=manual__2022-04-30T15:46:12.555314+00:00
[2022-04-30 15:46:17,509] {logging_mixin.py:109} INFO - cat.alm
[2022-04-30 15:46:17,525] {logging_mixin.py:109} INFO - 2
[2022-04-30 15:46:19,529] {python.py:175} INFO - Done. Returned value was: None
[2022-04-30 15:46:19,547] {taskinstance.py:1277} INFO - Marking task as SUCCESS. dag_id=cdn_daily, task_id=check_status_of_cat.alm, execution_date=20220430T154612, start_date=20220430T154617, end_date=20220430T154619
[2022-04-30 15:46:19,614] {local_task_job.py:154} INFO - Task exited with return code 0
[2022-04-30 15:46:19,686] {local_task_job.py:264} INFO - 2 downstream tasks scheduled from follow-on schedule check
