[2022-04-28 15:47:31,919] {taskinstance.py:1032} INFO - Dependencies all met for <TaskInstance: cdn_daily.import_bsre.run_bsre.alm manual__2022-04-28T15:47:28.616895+00:00 [queued]>
[2022-04-28 15:47:31,937] {taskinstance.py:1032} INFO - Dependencies all met for <TaskInstance: cdn_daily.import_bsre.run_bsre.alm manual__2022-04-28T15:47:28.616895+00:00 [queued]>
[2022-04-28 15:47:31,939] {taskinstance.py:1238} INFO - 
--------------------------------------------------------------------------------
[2022-04-28 15:47:31,941] {taskinstance.py:1239} INFO - Starting attempt 1 of 2
[2022-04-28 15:47:31,942] {taskinstance.py:1240} INFO - 
--------------------------------------------------------------------------------
[2022-04-28 15:47:31,963] {taskinstance.py:1259} INFO - Executing <Task(PythonOperator): import_bsre.run_bsre.alm> on 2022-04-28 15:47:28.616895+00:00
[2022-04-28 15:47:31,971] {standard_task_runner.py:52} INFO - Started process 2300 to run task
[2022-04-28 15:47:31,978] {standard_task_runner.py:76} INFO - Running: ['***', 'tasks', 'run', 'cdn_daily', 'import_bsre.run_bsre.alm', 'manual__2022-04-28T15:47:28.616895+00:00', '--job-id', '1511', '--raw', '--subdir', 'DAGS_FOLDER/cdn_daily.py', '--cfg-path', '/tmp/tmp42yhgu8h', '--error-file', '/tmp/tmpyg085fv2']
[2022-04-28 15:47:31,982] {standard_task_runner.py:77} INFO - Job 1511: Subtask import_bsre.run_bsre.alm
[2022-04-28 15:47:32,089] {logging_mixin.py:109} INFO - Running <TaskInstance: cdn_daily.import_bsre.run_bsre.alm manual__2022-04-28T15:47:28.616895+00:00 [running]> on host d5ad096ffea5
[2022-04-28 15:47:32,185] {taskinstance.py:1426} INFO - Exporting the following env vars:
AIRFLOW_CTX_DAG_EMAIL=***@example.com
AIRFLOW_CTX_DAG_OWNER=***
AIRFLOW_CTX_DAG_ID=cdn_daily
AIRFLOW_CTX_TASK_ID=import_bsre.run_bsre.alm
AIRFLOW_CTX_EXECUTION_DATE=2022-04-28T15:47:28.616895+00:00
AIRFLOW_CTX_DAG_RUN_ID=manual__2022-04-28T15:47:28.616895+00:00
[2022-04-28 15:47:32,223] {python.py:175} INFO - Done. Returned value was: None
[2022-04-28 15:47:32,247] {taskinstance.py:1277} INFO - Marking task as SUCCESS. dag_id=cdn_daily, task_id=import_bsre.run_bsre.alm, execution_date=20220428T154728, start_date=20220428T154731, end_date=20220428T154732
[2022-04-28 15:47:32,314] {local_task_job.py:154} INFO - Task exited with return code 0
[2022-04-28 15:47:32,423] {local_task_job.py:264} INFO - 1 downstream tasks scheduled from follow-on schedule check
