[2022-04-29 15:13:29,872] {taskinstance.py:1032} INFO - Dependencies all met for <TaskInstance: cdn_daily.import_bsre.check_presence_of_bsre2 manual__2022-04-29T15:13:28.101017+00:00 [queued]>
[2022-04-29 15:13:29,892] {taskinstance.py:1032} INFO - Dependencies all met for <TaskInstance: cdn_daily.import_bsre.check_presence_of_bsre2 manual__2022-04-29T15:13:28.101017+00:00 [queued]>
[2022-04-29 15:13:29,894] {taskinstance.py:1238} INFO - 
--------------------------------------------------------------------------------
[2022-04-29 15:13:29,896] {taskinstance.py:1239} INFO - Starting attempt 1 of 2
[2022-04-29 15:13:29,897] {taskinstance.py:1240} INFO - 
--------------------------------------------------------------------------------
[2022-04-29 15:13:29,916] {taskinstance.py:1259} INFO - Executing <Task(PythonOperator): import_bsre.check_presence_of_bsre2> on 2022-04-29 15:13:28.101017+00:00
[2022-04-29 15:13:29,926] {standard_task_runner.py:52} INFO - Started process 2827 to run task
[2022-04-29 15:13:29,933] {standard_task_runner.py:76} INFO - Running: ['***', 'tasks', 'run', 'cdn_daily', 'import_bsre.check_presence_of_bsre2', 'manual__2022-04-29T15:13:28.101017+00:00', '--job-id', '1612', '--raw', '--subdir', 'DAGS_FOLDER/cdn_daily.py', '--cfg-path', '/tmp/tmpi1w_u__n', '--error-file', '/tmp/tmphzzs13wp']
[2022-04-29 15:13:29,936] {standard_task_runner.py:77} INFO - Job 1612: Subtask import_bsre.check_presence_of_bsre2
[2022-04-29 15:13:30,063] {logging_mixin.py:109} INFO - Running <TaskInstance: cdn_daily.import_bsre.check_presence_of_bsre2 manual__2022-04-29T15:13:28.101017+00:00 [running]> on host d5ad096ffea5
[2022-04-29 15:13:30,163] {taskinstance.py:1426} INFO - Exporting the following env vars:
AIRFLOW_CTX_DAG_EMAIL=***@example.com
AIRFLOW_CTX_DAG_OWNER=***
AIRFLOW_CTX_DAG_ID=cdn_daily
AIRFLOW_CTX_TASK_ID=import_bsre.check_presence_of_bsre2
AIRFLOW_CTX_EXECUTION_DATE=2022-04-29T15:13:28.101017+00:00
AIRFLOW_CTX_DAG_RUN_ID=manual__2022-04-29T15:13:28.101017+00:00
[2022-04-29 15:13:30,234] {python.py:175} INFO - Done. Returned value was: None
[2022-04-29 15:13:30,257] {taskinstance.py:1277} INFO - Marking task as SUCCESS. dag_id=cdn_daily, task_id=import_bsre.check_presence_of_bsre2, execution_date=20220429T151328, start_date=20220429T151329, end_date=20220429T151330
[2022-04-29 15:13:30,315] {local_task_job.py:154} INFO - Task exited with return code 0
[2022-04-29 15:13:30,386] {local_task_job.py:264} INFO - 1 downstream tasks scheduled from follow-on schedule check
