[2022-03-14 12:06:21,868] {taskinstance.py:1032} INFO - Dependencies all met for <TaskInstance: tutorial.gdgfg.gdgfg_get_data scheduled__2022-03-13T12:05:20.517459+00:00 [queued]>
[2022-03-14 12:06:21,884] {taskinstance.py:1032} INFO - Dependencies all met for <TaskInstance: tutorial.gdgfg.gdgfg_get_data scheduled__2022-03-13T12:05:20.517459+00:00 [queued]>
[2022-03-14 12:06:21,885] {taskinstance.py:1238} INFO - 
--------------------------------------------------------------------------------
[2022-03-14 12:06:21,886] {taskinstance.py:1239} INFO - Starting attempt 1 of 2
[2022-03-14 12:06:21,888] {taskinstance.py:1240} INFO - 
--------------------------------------------------------------------------------
[2022-03-14 12:06:21,907] {taskinstance.py:1259} INFO - Executing <Task(PythonOperator): gdgfg.gdgfg_get_data> on 2022-03-13 12:05:20.517459+00:00
[2022-03-14 12:06:21,913] {standard_task_runner.py:52} INFO - Started process 936 to run task
[2022-03-14 12:06:21,920] {standard_task_runner.py:76} INFO - Running: ['***', 'tasks', 'run', 'tutorial', 'gdgfg.gdgfg_get_data', 'scheduled__2022-03-13T12:05:20.517459+00:00', '--job-id', '828', '--raw', '--subdir', 'DAGS_FOLDER/test_dag.py', '--cfg-path', '/tmp/tmpw_squ6m6', '--error-file', '/tmp/tmpnt_4z_sf']
[2022-03-14 12:06:21,922] {standard_task_runner.py:77} INFO - Job 828: Subtask gdgfg.gdgfg_get_data
[2022-03-14 12:06:22,051] {logging_mixin.py:109} INFO - Running <TaskInstance: tutorial.gdgfg.gdgfg_get_data scheduled__2022-03-13T12:05:20.517459+00:00 [running]> on host ff48034dfdbf
[2022-03-14 12:06:22,171] {taskinstance.py:1426} INFO - Exporting the following env vars:
AIRFLOW_CTX_DAG_EMAIL=***@example.com
AIRFLOW_CTX_DAG_OWNER=***
AIRFLOW_CTX_DAG_ID=tutorial
AIRFLOW_CTX_TASK_ID=gdgfg.gdgfg_get_data
AIRFLOW_CTX_EXECUTION_DATE=2022-03-13T12:05:20.517459+00:00
AIRFLOW_CTX_DAG_RUN_ID=scheduled__2022-03-13T12:05:20.517459+00:00
[2022-03-14 12:07:22,180] {python.py:175} INFO - Done. Returned value was: None
[2022-03-14 12:07:22,197] {taskinstance.py:1277} INFO - Marking task as SUCCESS. dag_id=tutorial, task_id=gdgfg.gdgfg_get_data, execution_date=20220313T120520, start_date=20220314T120621, end_date=20220314T120722
[2022-03-14 12:07:22,251] {local_task_job.py:154} INFO - Task exited with return code 0
[2022-03-14 12:07:22,320] {local_task_job.py:264} INFO - 1 downstream tasks scheduled from follow-on schedule check
