[2022-04-30 15:46:24,525] {taskinstance.py:1032} INFO - Dependencies all met for <TaskInstance: cdn_daily.check_status_of_pre.bau manual__2022-04-30T15:46:12.555314+00:00 [queued]>
[2022-04-30 15:46:24,551] {taskinstance.py:1032} INFO - Dependencies all met for <TaskInstance: cdn_daily.check_status_of_pre.bau manual__2022-04-30T15:46:12.555314+00:00 [queued]>
[2022-04-30 15:46:24,553] {taskinstance.py:1238} INFO - 
--------------------------------------------------------------------------------
[2022-04-30 15:46:24,554] {taskinstance.py:1239} INFO - Starting attempt 1 of 2
[2022-04-30 15:46:24,556] {taskinstance.py:1240} INFO - 
--------------------------------------------------------------------------------
[2022-04-30 15:46:24,578] {taskinstance.py:1259} INFO - Executing <Task(PythonOperator): check_status_of_pre.bau> on 2022-04-30 15:46:12.555314+00:00
[2022-04-30 15:46:24,589] {standard_task_runner.py:52} INFO - Started process 2439 to run task
[2022-04-30 15:46:24,597] {standard_task_runner.py:76} INFO - Running: ['***', 'tasks', 'run', 'cdn_daily', 'check_status_of_pre.bau', 'manual__2022-04-30T15:46:12.555314+00:00', '--job-id', '1842', '--raw', '--subdir', 'DAGS_FOLDER/cdn_daily.py', '--cfg-path', '/tmp/tmpq4maorh3', '--error-file', '/tmp/tmpgyyi6cr5']
[2022-04-30 15:46:24,601] {standard_task_runner.py:77} INFO - Job 1842: Subtask check_status_of_pre.bau
[2022-04-30 15:46:24,717] {logging_mixin.py:109} INFO - Running <TaskInstance: cdn_daily.check_status_of_pre.bau manual__2022-04-30T15:46:12.555314+00:00 [running]> on host d5ad096ffea5
[2022-04-30 15:46:24,822] {taskinstance.py:1426} INFO - Exporting the following env vars:
AIRFLOW_CTX_DAG_EMAIL=***@example.com
AIRFLOW_CTX_DAG_OWNER=***
AIRFLOW_CTX_DAG_ID=cdn_daily
AIRFLOW_CTX_TASK_ID=check_status_of_pre.bau
AIRFLOW_CTX_EXECUTION_DATE=2022-04-30T15:46:12.555314+00:00
AIRFLOW_CTX_DAG_RUN_ID=manual__2022-04-30T15:46:12.555314+00:00
[2022-04-30 15:46:24,842] {logging_mixin.py:109} INFO - pre.bau
[2022-04-30 15:46:24,857] {logging_mixin.py:109} INFO - 7
[2022-04-30 15:46:31,827] {python.py:175} INFO - Done. Returned value was: None
[2022-04-30 15:46:31,850] {taskinstance.py:1277} INFO - Marking task as SUCCESS. dag_id=cdn_daily, task_id=check_status_of_pre.bau, execution_date=20220430T154612, start_date=20220430T154624, end_date=20220430T154631
[2022-04-30 15:46:31,900] {local_task_job.py:154} INFO - Task exited with return code 0
[2022-04-30 15:46:31,959] {local_task_job.py:264} INFO - 0 downstream tasks scheduled from follow-on schedule check
