[2022-03-14 12:08:26,336] {taskinstance.py:1032} INFO - Dependencies all met for <TaskInstance: tutorial.wcccw.wcccw_proccess_data scheduled__2022-03-13T12:05:20.517459+00:00 [queued]>
[2022-03-14 12:08:26,360] {taskinstance.py:1032} INFO - Dependencies all met for <TaskInstance: tutorial.wcccw.wcccw_proccess_data scheduled__2022-03-13T12:05:20.517459+00:00 [queued]>
[2022-03-14 12:08:26,361] {taskinstance.py:1238} INFO - 
--------------------------------------------------------------------------------
[2022-03-14 12:08:26,363] {taskinstance.py:1239} INFO - Starting attempt 1 of 2
[2022-03-14 12:08:26,364] {taskinstance.py:1240} INFO - 
--------------------------------------------------------------------------------
[2022-03-14 12:08:26,388] {taskinstance.py:1259} INFO - Executing <Task(PythonOperator): wcccw.wcccw_proccess_data> on 2022-03-13 12:05:20.517459+00:00
[2022-03-14 12:08:26,397] {standard_task_runner.py:52} INFO - Started process 1068 to run task
[2022-03-14 12:08:26,402] {standard_task_runner.py:76} INFO - Running: ['***', 'tasks', 'run', 'tutorial', 'wcccw.wcccw_proccess_data', 'scheduled__2022-03-13T12:05:20.517459+00:00', '--job-id', '853', '--raw', '--subdir', 'DAGS_FOLDER/test_dag.py', '--cfg-path', '/tmp/tmp80sp3wsb', '--error-file', '/tmp/tmpbqbjil5f']
[2022-03-14 12:08:26,404] {standard_task_runner.py:77} INFO - Job 853: Subtask wcccw.wcccw_proccess_data
[2022-03-14 12:08:26,498] {logging_mixin.py:109} INFO - Running <TaskInstance: tutorial.wcccw.wcccw_proccess_data scheduled__2022-03-13T12:05:20.517459+00:00 [running]> on host ff48034dfdbf
[2022-03-14 12:08:26,583] {taskinstance.py:1426} INFO - Exporting the following env vars:
AIRFLOW_CTX_DAG_EMAIL=***@example.com
AIRFLOW_CTX_DAG_OWNER=***
AIRFLOW_CTX_DAG_ID=tutorial
AIRFLOW_CTX_TASK_ID=wcccw.wcccw_proccess_data
AIRFLOW_CTX_EXECUTION_DATE=2022-03-13T12:05:20.517459+00:00
AIRFLOW_CTX_DAG_RUN_ID=scheduled__2022-03-13T12:05:20.517459+00:00
[2022-03-14 12:09:26,556] {python.py:175} INFO - Done. Returned value was: None
[2022-03-14 12:09:26,586] {taskinstance.py:1277} INFO - Marking task as SUCCESS. dag_id=tutorial, task_id=wcccw.wcccw_proccess_data, execution_date=20220313T120520, start_date=20220314T120826, end_date=20220314T120926
[2022-03-14 12:09:26,617] {local_task_job.py:154} INFO - Task exited with return code 0
[2022-03-14 12:09:26,676] {local_task_job.py:264} INFO - 1 downstream tasks scheduled from follow-on schedule check
