[2022-03-14 12:10:27,163] {taskinstance.py:1032} INFO - Dependencies all met for <TaskInstance: tutorial.hfghfg.hfghfg_print_proccesed_data scheduled__2022-03-13T11:51:30.016366+00:00 [queued]>
[2022-03-14 12:10:27,194] {taskinstance.py:1032} INFO - Dependencies all met for <TaskInstance: tutorial.hfghfg.hfghfg_print_proccesed_data scheduled__2022-03-13T11:51:30.016366+00:00 [queued]>
[2022-03-14 12:10:27,195] {taskinstance.py:1238} INFO - 
--------------------------------------------------------------------------------
[2022-03-14 12:10:27,196] {taskinstance.py:1239} INFO - Starting attempt 1 of 2
[2022-03-14 12:10:27,198] {taskinstance.py:1240} INFO - 
--------------------------------------------------------------------------------
[2022-03-14 12:10:27,227] {taskinstance.py:1259} INFO - Executing <Task(PythonOperator): hfghfg.hfghfg_print_proccesed_data> on 2022-03-13 11:51:30.016366+00:00
[2022-03-14 12:10:27,237] {standard_task_runner.py:52} INFO - Started process 1182 to run task
[2022-03-14 12:10:27,249] {standard_task_runner.py:76} INFO - Running: ['***', 'tasks', 'run', 'tutorial', 'hfghfg.hfghfg_print_proccesed_data', 'scheduled__2022-03-13T11:51:30.016366+00:00', '--job-id', '868', '--raw', '--subdir', 'DAGS_FOLDER/test_dag.py', '--cfg-path', '/tmp/tmpisxr1c7x', '--error-file', '/tmp/tmpt57mpd9b']
[2022-03-14 12:10:27,252] {standard_task_runner.py:77} INFO - Job 868: Subtask hfghfg.hfghfg_print_proccesed_data
[2022-03-14 12:10:27,427] {logging_mixin.py:109} INFO - Running <TaskInstance: tutorial.hfghfg.hfghfg_print_proccesed_data scheduled__2022-03-13T11:51:30.016366+00:00 [running]> on host ff48034dfdbf
[2022-03-14 12:10:27,557] {taskinstance.py:1426} INFO - Exporting the following env vars:
AIRFLOW_CTX_DAG_EMAIL=***@example.com
AIRFLOW_CTX_DAG_OWNER=***
AIRFLOW_CTX_DAG_ID=tutorial
AIRFLOW_CTX_TASK_ID=hfghfg.hfghfg_print_proccesed_data
AIRFLOW_CTX_EXECUTION_DATE=2022-03-13T11:51:30.016366+00:00
AIRFLOW_CTX_DAG_RUN_ID=scheduled__2022-03-13T11:51:30.016366+00:00
[2022-03-14 12:11:27,578] {python.py:175} INFO - Done. Returned value was: None
[2022-03-14 12:11:27,592] {taskinstance.py:1277} INFO - Marking task as SUCCESS. dag_id=tutorial, task_id=hfghfg.hfghfg_print_proccesed_data, execution_date=20220313T115130, start_date=20220314T121027, end_date=20220314T121127
[2022-03-14 12:11:27,655] {local_task_job.py:154} INFO - Task exited with return code 0
[2022-03-14 12:11:27,701] {local_task_job.py:264} INFO - 0 downstream tasks scheduled from follow-on schedule check
