[2022-04-29 15:32:00,268] {taskinstance.py:1032} INFO - Dependencies all met for <TaskInstance: cdn_daily.import_bsre.check_status_of_bsre manual__2022-04-29T15:31:55.459871+00:00 [queued]>
[2022-04-29 15:32:00,286] {taskinstance.py:1032} INFO - Dependencies all met for <TaskInstance: cdn_daily.import_bsre.check_status_of_bsre manual__2022-04-29T15:31:55.459871+00:00 [queued]>
[2022-04-29 15:32:00,287] {taskinstance.py:1238} INFO - 
--------------------------------------------------------------------------------
[2022-04-29 15:32:00,289] {taskinstance.py:1239} INFO - Starting attempt 1 of 2
[2022-04-29 15:32:00,290] {taskinstance.py:1240} INFO - 
--------------------------------------------------------------------------------
[2022-04-29 15:32:00,308] {taskinstance.py:1259} INFO - Executing <Task(PythonOperator): import_bsre.check_status_of_bsre> on 2022-04-29 15:31:55.459871+00:00
[2022-04-29 15:32:00,314] {standard_task_runner.py:52} INFO - Started process 3775 to run task
[2022-04-29 15:32:00,320] {standard_task_runner.py:76} INFO - Running: ['***', 'tasks', 'run', 'cdn_daily', 'import_bsre.check_status_of_bsre', 'manual__2022-04-29T15:31:55.459871+00:00', '--job-id', '1703', '--raw', '--subdir', 'DAGS_FOLDER/cdn_daily.py', '--cfg-path', '/tmp/tmppltheuxg', '--error-file', '/tmp/tmp4iz8xh7j']
[2022-04-29 15:32:00,321] {standard_task_runner.py:77} INFO - Job 1703: Subtask import_bsre.check_status_of_bsre
[2022-04-29 15:32:00,398] {logging_mixin.py:109} INFO - Running <TaskInstance: cdn_daily.import_bsre.check_status_of_bsre manual__2022-04-29T15:31:55.459871+00:00 [running]> on host d5ad096ffea5
[2022-04-29 15:32:00,472] {taskinstance.py:1426} INFO - Exporting the following env vars:
AIRFLOW_CTX_DAG_EMAIL=***@example.com
AIRFLOW_CTX_DAG_OWNER=***
AIRFLOW_CTX_DAG_ID=cdn_daily
AIRFLOW_CTX_TASK_ID=import_bsre.check_status_of_bsre
AIRFLOW_CTX_EXECUTION_DATE=2022-04-29T15:31:55.459871+00:00
AIRFLOW_CTX_DAG_RUN_ID=manual__2022-04-29T15:31:55.459871+00:00
[2022-04-29 15:32:00,475] {logging_mixin.py:109} INFO - run_bsre
[2022-04-29 15:32:00,489] {logging_mixin.py:109} INFO - None
[2022-04-29 15:32:00,501] {logging_mixin.py:109} INFO - bsre.alm
[2022-04-29 15:32:00,513] {logging_mixin.py:109} INFO - 9
[2022-04-29 15:32:09,523] {python.py:175} INFO - Done. Returned value was: None
[2022-04-29 15:32:09,540] {taskinstance.py:1277} INFO - Marking task as SUCCESS. dag_id=cdn_daily, task_id=import_bsre.check_status_of_bsre, execution_date=20220429T153155, start_date=20220429T153200, end_date=20220429T153209
[2022-04-29 15:32:09,606] {local_task_job.py:154} INFO - Task exited with return code 0
[2022-04-29 15:32:09,658] {local_task_job.py:264} INFO - 0 downstream tasks scheduled from follow-on schedule check
