[2022-04-26 14:02:30,709] {taskinstance.py:1032} INFO - Dependencies all met for <TaskInstance: tutorial.dqsdqsd.dqsdqsd_proccess_data scheduled__2022-04-25T13:59:28.202500+00:00 [queued]>
[2022-04-26 14:02:30,728] {taskinstance.py:1032} INFO - Dependencies all met for <TaskInstance: tutorial.dqsdqsd.dqsdqsd_proccess_data scheduled__2022-04-25T13:59:28.202500+00:00 [queued]>
[2022-04-26 14:02:30,730] {taskinstance.py:1238} INFO - 
--------------------------------------------------------------------------------
[2022-04-26 14:02:30,731] {taskinstance.py:1239} INFO - Starting attempt 1 of 2
[2022-04-26 14:02:30,731] {taskinstance.py:1240} INFO - 
--------------------------------------------------------------------------------
[2022-04-26 14:02:30,747] {taskinstance.py:1259} INFO - Executing <Task(PythonOperator): dqsdqsd.dqsdqsd_proccess_data> on 2022-04-25 13:59:28.202500+00:00
[2022-04-26 14:02:30,753] {standard_task_runner.py:52} INFO - Started process 619 to run task
[2022-04-26 14:02:30,761] {standard_task_runner.py:76} INFO - Running: ['***', 'tasks', 'run', 'tutorial', 'dqsdqsd.dqsdqsd_proccess_data', 'scheduled__2022-04-25T13:59:28.202500+00:00', '--job-id', '1331', '--raw', '--subdir', 'DAGS_FOLDER/test_dag.py', '--cfg-path', '/tmp/tmpiw3qy6m7', '--error-file', '/tmp/tmpi318z1hg']
[2022-04-26 14:02:30,763] {standard_task_runner.py:77} INFO - Job 1331: Subtask dqsdqsd.dqsdqsd_proccess_data
[2022-04-26 14:02:30,907] {logging_mixin.py:109} INFO - Running <TaskInstance: tutorial.dqsdqsd.dqsdqsd_proccess_data scheduled__2022-04-25T13:59:28.202500+00:00 [running]> on host ff48034dfdbf
[2022-04-26 14:02:31,015] {taskinstance.py:1426} INFO - Exporting the following env vars:
AIRFLOW_CTX_DAG_EMAIL=***@example.com
AIRFLOW_CTX_DAG_OWNER=***
AIRFLOW_CTX_DAG_ID=tutorial
AIRFLOW_CTX_TASK_ID=dqsdqsd.dqsdqsd_proccess_data
AIRFLOW_CTX_EXECUTION_DATE=2022-04-25T13:59:28.202500+00:00
AIRFLOW_CTX_DAG_RUN_ID=scheduled__2022-04-25T13:59:28.202500+00:00
[2022-04-26 14:03:31,025] {python.py:175} INFO - Done. Returned value was: None
[2022-04-26 14:03:31,041] {taskinstance.py:1277} INFO - Marking task as SUCCESS. dag_id=tutorial, task_id=dqsdqsd.dqsdqsd_proccess_data, execution_date=20220425T135928, start_date=20220426T140230, end_date=20220426T140331
[2022-04-26 14:03:31,089] {local_task_job.py:154} INFO - Task exited with return code 0
[2022-04-26 14:03:31,128] {local_task_job.py:264} INFO - 1 downstream tasks scheduled from follow-on schedule check
