[2022-03-05 10:24:46,140] {taskinstance.py:1032} INFO - Dependencies all met for <TaskInstance: tutorial.yryrty.yryrty_get_data scheduled__2022-03-04T10:23:38.063243+00:00 [queued]>
[2022-03-05 10:24:46,170] {taskinstance.py:1032} INFO - Dependencies all met for <TaskInstance: tutorial.yryrty.yryrty_get_data scheduled__2022-03-04T10:23:38.063243+00:00 [queued]>
[2022-03-05 10:24:46,172] {taskinstance.py:1238} INFO - 
--------------------------------------------------------------------------------
[2022-03-05 10:24:46,173] {taskinstance.py:1239} INFO - Starting attempt 1 of 2
[2022-03-05 10:24:46,175] {taskinstance.py:1240} INFO - 
--------------------------------------------------------------------------------
[2022-03-05 10:24:46,205] {taskinstance.py:1259} INFO - Executing <Task(PythonOperator): yryrty.yryrty_get_data> on 2022-03-04 10:23:38.063243+00:00
[2022-03-05 10:24:46,214] {standard_task_runner.py:52} INFO - Started process 140 to run task
[2022-03-05 10:24:46,222] {standard_task_runner.py:76} INFO - Running: ['***', 'tasks', 'run', 'tutorial', 'yryrty.yryrty_get_data', 'scheduled__2022-03-04T10:23:38.063243+00:00', '--job-id', '493', '--raw', '--subdir', 'DAGS_FOLDER/test_dag.py', '--cfg-path', '/tmp/tmp4v9i5n4r', '--error-file', '/tmp/tmp6qwk3zk1']
[2022-03-05 10:24:46,225] {standard_task_runner.py:77} INFO - Job 493: Subtask yryrty.yryrty_get_data
[2022-03-05 10:24:46,357] {logging_mixin.py:109} INFO - Running <TaskInstance: tutorial.yryrty.yryrty_get_data scheduled__2022-03-04T10:23:38.063243+00:00 [running]> on host ff48034dfdbf
[2022-03-05 10:24:46,479] {taskinstance.py:1426} INFO - Exporting the following env vars:
AIRFLOW_CTX_DAG_EMAIL=***@example.com
AIRFLOW_CTX_DAG_OWNER=***
AIRFLOW_CTX_DAG_ID=tutorial
AIRFLOW_CTX_TASK_ID=yryrty.yryrty_get_data
AIRFLOW_CTX_EXECUTION_DATE=2022-03-04T10:23:38.063243+00:00
AIRFLOW_CTX_DAG_RUN_ID=scheduled__2022-03-04T10:23:38.063243+00:00
[2022-03-05 10:25:46,439] {python.py:175} INFO - Done. Returned value was: None
[2022-03-05 10:25:46,452] {taskinstance.py:1277} INFO - Marking task as SUCCESS. dag_id=tutorial, task_id=yryrty.yryrty_get_data, execution_date=20220304T102338, start_date=20220305T102446, end_date=20220305T102546
[2022-03-05 10:25:46,475] {local_task_job.py:154} INFO - Task exited with return code 0
[2022-03-05 10:25:46,529] {local_task_job.py:264} INFO - 1 downstream tasks scheduled from follow-on schedule check
