[2022-04-26 14:03:34,100] {taskinstance.py:1032} INFO - Dependencies all met for <TaskInstance: tutorial.jghjg.jghjg_print_proccesed_data scheduled__2022-04-25T13:59:28.202500+00:00 [queued]>
[2022-04-26 14:03:34,120] {taskinstance.py:1032} INFO - Dependencies all met for <TaskInstance: tutorial.jghjg.jghjg_print_proccesed_data scheduled__2022-04-25T13:59:28.202500+00:00 [queued]>
[2022-04-26 14:03:34,121] {taskinstance.py:1238} INFO - 
--------------------------------------------------------------------------------
[2022-04-26 14:03:34,122] {taskinstance.py:1239} INFO - Starting attempt 1 of 2
[2022-04-26 14:03:34,128] {taskinstance.py:1240} INFO - 
--------------------------------------------------------------------------------
[2022-04-26 14:03:34,150] {taskinstance.py:1259} INFO - Executing <Task(PythonOperator): jghjg.jghjg_print_proccesed_data> on 2022-04-25 13:59:28.202500+00:00
[2022-04-26 14:03:34,159] {standard_task_runner.py:52} INFO - Started process 685 to run task
[2022-04-26 14:03:34,166] {standard_task_runner.py:76} INFO - Running: ['***', 'tasks', 'run', 'tutorial', 'jghjg.jghjg_print_proccesed_data', 'scheduled__2022-04-25T13:59:28.202500+00:00', '--job-id', '1345', '--raw', '--subdir', 'DAGS_FOLDER/test_dag.py', '--cfg-path', '/tmp/tmpk54l4m5x', '--error-file', '/tmp/tmpyy7lb4tl']
[2022-04-26 14:03:34,167] {standard_task_runner.py:77} INFO - Job 1345: Subtask jghjg.jghjg_print_proccesed_data
[2022-04-26 14:03:34,263] {logging_mixin.py:109} INFO - Running <TaskInstance: tutorial.jghjg.jghjg_print_proccesed_data scheduled__2022-04-25T13:59:28.202500+00:00 [running]> on host ff48034dfdbf
[2022-04-26 14:03:34,345] {taskinstance.py:1426} INFO - Exporting the following env vars:
AIRFLOW_CTX_DAG_EMAIL=***@example.com
AIRFLOW_CTX_DAG_OWNER=***
AIRFLOW_CTX_DAG_ID=tutorial
AIRFLOW_CTX_TASK_ID=jghjg.jghjg_print_proccesed_data
AIRFLOW_CTX_EXECUTION_DATE=2022-04-25T13:59:28.202500+00:00
AIRFLOW_CTX_DAG_RUN_ID=scheduled__2022-04-25T13:59:28.202500+00:00
[2022-04-26 14:04:34,320] {python.py:175} INFO - Done. Returned value was: None
[2022-04-26 14:04:34,338] {taskinstance.py:1277} INFO - Marking task as SUCCESS. dag_id=tutorial, task_id=jghjg.jghjg_print_proccesed_data, execution_date=20220425T135928, start_date=20220426T140334, end_date=20220426T140434
[2022-04-26 14:04:34,401] {local_task_job.py:154} INFO - Task exited with return code 0
[2022-04-26 14:04:34,442] {local_task_job.py:264} INFO - 0 downstream tasks scheduled from follow-on schedule check
