[2022-03-05 10:32:57,193] {taskinstance.py:1032} INFO - Dependencies all met for <TaskInstance: tutorial.bsre.bsre_print_proccesed_data scheduled__2022-03-04T10:29:52.784989+00:00 [queued]>
[2022-03-05 10:32:57,209] {taskinstance.py:1032} INFO - Dependencies all met for <TaskInstance: tutorial.bsre.bsre_print_proccesed_data scheduled__2022-03-04T10:29:52.784989+00:00 [queued]>
[2022-03-05 10:32:57,210] {taskinstance.py:1238} INFO - 
--------------------------------------------------------------------------------
[2022-03-05 10:32:57,211] {taskinstance.py:1239} INFO - Starting attempt 1 of 2
[2022-03-05 10:32:57,212] {taskinstance.py:1240} INFO - 
--------------------------------------------------------------------------------
[2022-03-05 10:32:57,226] {taskinstance.py:1259} INFO - Executing <Task(PythonOperator): bsre.bsre_print_proccesed_data> on 2022-03-04 10:29:52.784989+00:00
[2022-03-05 10:32:57,231] {standard_task_runner.py:52} INFO - Started process 668 to run task
[2022-03-05 10:32:57,235] {standard_task_runner.py:76} INFO - Running: ['***', 'tasks', 'run', 'tutorial', 'bsre.bsre_print_proccesed_data', 'scheduled__2022-03-04T10:29:52.784989+00:00', '--job-id', '575', '--raw', '--subdir', 'DAGS_FOLDER/test_dag.py', '--cfg-path', '/tmp/tmpdvkqbl4m', '--error-file', '/tmp/tmp8r_s85s0']
[2022-03-05 10:32:57,236] {standard_task_runner.py:77} INFO - Job 575: Subtask bsre.bsre_print_proccesed_data
[2022-03-05 10:32:57,314] {logging_mixin.py:109} INFO - Running <TaskInstance: tutorial.bsre.bsre_print_proccesed_data scheduled__2022-03-04T10:29:52.784989+00:00 [running]> on host ff48034dfdbf
[2022-03-05 10:32:57,373] {taskinstance.py:1426} INFO - Exporting the following env vars:
AIRFLOW_CTX_DAG_EMAIL=***@example.com
AIRFLOW_CTX_DAG_OWNER=***
AIRFLOW_CTX_DAG_ID=tutorial
AIRFLOW_CTX_TASK_ID=bsre.bsre_print_proccesed_data
AIRFLOW_CTX_EXECUTION_DATE=2022-03-04T10:29:52.784989+00:00
AIRFLOW_CTX_DAG_RUN_ID=scheduled__2022-03-04T10:29:52.784989+00:00
[2022-03-05 10:33:57,392] {python.py:175} INFO - Done. Returned value was: None
[2022-03-05 10:33:57,412] {taskinstance.py:1277} INFO - Marking task as SUCCESS. dag_id=tutorial, task_id=bsre.bsre_print_proccesed_data, execution_date=20220304T102952, start_date=20220305T103257, end_date=20220305T103357
[2022-03-05 10:33:57,458] {local_task_job.py:154} INFO - Task exited with return code 0
[2022-03-05 10:33:57,526] {local_task_job.py:264} INFO - 0 downstream tasks scheduled from follow-on schedule check
