[2022-04-30 12:54:44,980] {taskinstance.py:1032} INFO - Dependencies all met for <TaskInstance: tutorial.wcccw.wcccw_proccess_data scheduled__2022-04-29T12:29:40.424433+00:00 [queued]>
[2022-04-30 12:54:45,002] {taskinstance.py:1032} INFO - Dependencies all met for <TaskInstance: tutorial.wcccw.wcccw_proccess_data scheduled__2022-04-29T12:29:40.424433+00:00 [queued]>
[2022-04-30 12:54:45,003] {taskinstance.py:1238} INFO - 
--------------------------------------------------------------------------------
[2022-04-30 12:54:45,004] {taskinstance.py:1239} INFO - Starting attempt 1 of 2
[2022-04-30 12:54:45,005] {taskinstance.py:1240} INFO - 
--------------------------------------------------------------------------------
[2022-04-30 12:54:45,045] {taskinstance.py:1259} INFO - Executing <Task(PythonOperator): wcccw.wcccw_proccess_data> on 2022-04-29 12:29:40.424433+00:00
[2022-04-30 12:54:45,056] {standard_task_runner.py:52} INFO - Started process 203 to run task
[2022-04-30 12:54:45,083] {standard_task_runner.py:76} INFO - Running: ['***', 'tasks', 'run', 'tutorial', 'wcccw.wcccw_proccess_data', 'scheduled__2022-04-29T12:29:40.424433+00:00', '--job-id', '1780', '--raw', '--subdir', 'DAGS_FOLDER/test_dag.py', '--cfg-path', '/tmp/tmpikbfg2ix', '--error-file', '/tmp/tmptij7gmja']
[2022-04-30 12:54:45,086] {standard_task_runner.py:77} INFO - Job 1780: Subtask wcccw.wcccw_proccess_data
[2022-04-30 12:54:45,249] {logging_mixin.py:109} INFO - Running <TaskInstance: tutorial.wcccw.wcccw_proccess_data scheduled__2022-04-29T12:29:40.424433+00:00 [running]> on host d5ad096ffea5
[2022-04-30 12:54:45,462] {taskinstance.py:1426} INFO - Exporting the following env vars:
AIRFLOW_CTX_DAG_EMAIL=***@example.com
AIRFLOW_CTX_DAG_OWNER=***
AIRFLOW_CTX_DAG_ID=tutorial
AIRFLOW_CTX_TASK_ID=wcccw.wcccw_proccess_data
AIRFLOW_CTX_EXECUTION_DATE=2022-04-29T12:29:40.424433+00:00
AIRFLOW_CTX_DAG_RUN_ID=scheduled__2022-04-29T12:29:40.424433+00:00
[2022-04-30 12:55:45,475] {python.py:175} INFO - Done. Returned value was: None
[2022-04-30 12:55:45,490] {taskinstance.py:1277} INFO - Marking task as SUCCESS. dag_id=tutorial, task_id=wcccw.wcccw_proccess_data, execution_date=20220429T122940, start_date=20220430T125444, end_date=20220430T125545
[2022-04-30 12:55:45,552] {local_task_job.py:154} INFO - Task exited with return code 0
[2022-04-30 12:55:45,591] {local_task_job.py:264} INFO - 1 downstream tasks scheduled from follow-on schedule check
