[2022-04-26 13:58:27,168] {taskinstance.py:1032} INFO - Dependencies all met for <TaskInstance: tutorial.hfghfg.hfghfg_print_proccesed_data scheduled__2022-04-23T14:25:49.377068+00:00 [queued]>
[2022-04-26 13:58:27,231] {taskinstance.py:1032} INFO - Dependencies all met for <TaskInstance: tutorial.hfghfg.hfghfg_print_proccesed_data scheduled__2022-04-23T14:25:49.377068+00:00 [queued]>
[2022-04-26 13:58:27,233] {taskinstance.py:1238} INFO - 
--------------------------------------------------------------------------------
[2022-04-26 13:58:27,235] {taskinstance.py:1239} INFO - Starting attempt 1 of 2
[2022-04-26 13:58:27,236] {taskinstance.py:1240} INFO - 
--------------------------------------------------------------------------------
[2022-04-26 13:58:27,290] {taskinstance.py:1259} INFO - Executing <Task(PythonOperator): hfghfg.hfghfg_print_proccesed_data> on 2022-04-23 14:25:49.377068+00:00
[2022-04-26 13:58:27,300] {standard_task_runner.py:52} INFO - Started process 382 to run task
[2022-04-26 13:58:27,310] {standard_task_runner.py:76} INFO - Running: ['***', 'tasks', 'run', 'tutorial', 'hfghfg.hfghfg_print_proccesed_data', 'scheduled__2022-04-23T14:25:49.377068+00:00', '--job-id', '1295', '--raw', '--subdir', 'DAGS_FOLDER/test_dag.py', '--cfg-path', '/tmp/tmpu8m15_f8', '--error-file', '/tmp/tmpxtg7nvy1']
[2022-04-26 13:58:27,316] {standard_task_runner.py:77} INFO - Job 1295: Subtask hfghfg.hfghfg_print_proccesed_data
[2022-04-26 13:58:27,468] {logging_mixin.py:109} INFO - Running <TaskInstance: tutorial.hfghfg.hfghfg_print_proccesed_data scheduled__2022-04-23T14:25:49.377068+00:00 [running]> on host ff48034dfdbf
[2022-04-26 13:58:27,577] {taskinstance.py:1426} INFO - Exporting the following env vars:
AIRFLOW_CTX_DAG_EMAIL=***@example.com
AIRFLOW_CTX_DAG_OWNER=***
AIRFLOW_CTX_DAG_ID=tutorial
AIRFLOW_CTX_TASK_ID=hfghfg.hfghfg_print_proccesed_data
AIRFLOW_CTX_EXECUTION_DATE=2022-04-23T14:25:49.377068+00:00
AIRFLOW_CTX_DAG_RUN_ID=scheduled__2022-04-23T14:25:49.377068+00:00
[2022-04-26 13:59:27,597] {python.py:175} INFO - Done. Returned value was: None
[2022-04-26 13:59:27,620] {taskinstance.py:1277} INFO - Marking task as SUCCESS. dag_id=tutorial, task_id=hfghfg.hfghfg_print_proccesed_data, execution_date=20220423T142549, start_date=20220426T135827, end_date=20220426T135927
[2022-04-26 13:59:27,671] {local_task_job.py:154} INFO - Task exited with return code 0
[2022-04-26 13:59:27,757] {local_task_job.py:264} INFO - 0 downstream tasks scheduled from follow-on schedule check
