[2022-03-28 12:54:27,893] {taskinstance.py:1032} INFO - Dependencies all met for <TaskInstance: tutorial.eaeaz.eaeaz_print_proccesed_data scheduled__2022-03-27T12:47:50.362235+00:00 [queued]>
[2022-03-28 12:54:27,914] {taskinstance.py:1032} INFO - Dependencies all met for <TaskInstance: tutorial.eaeaz.eaeaz_print_proccesed_data scheduled__2022-03-27T12:47:50.362235+00:00 [queued]>
[2022-03-28 12:54:27,915] {taskinstance.py:1238} INFO - 
--------------------------------------------------------------------------------
[2022-03-28 12:54:27,916] {taskinstance.py:1239} INFO - Starting attempt 1 of 2
[2022-03-28 12:54:27,917] {taskinstance.py:1240} INFO - 
--------------------------------------------------------------------------------
[2022-03-28 12:54:27,934] {taskinstance.py:1259} INFO - Executing <Task(PythonOperator): eaeaz.eaeaz_print_proccesed_data> on 2022-03-27 12:47:50.362235+00:00
[2022-03-28 12:54:27,946] {standard_task_runner.py:52} INFO - Started process 450 to run task
[2022-03-28 12:54:27,951] {standard_task_runner.py:76} INFO - Running: ['***', 'tasks', 'run', 'tutorial', 'eaeaz.eaeaz_print_proccesed_data', 'scheduled__2022-03-27T12:47:50.362235+00:00', '--job-id', '1015', '--raw', '--subdir', 'DAGS_FOLDER/test_dag.py', '--cfg-path', '/tmp/tmpm9cx1ety', '--error-file', '/tmp/tmpu1mieq1o']
[2022-03-28 12:54:27,952] {standard_task_runner.py:77} INFO - Job 1015: Subtask eaeaz.eaeaz_print_proccesed_data
[2022-03-28 12:54:28,047] {logging_mixin.py:109} INFO - Running <TaskInstance: tutorial.eaeaz.eaeaz_print_proccesed_data scheduled__2022-03-27T12:47:50.362235+00:00 [running]> on host ff48034dfdbf
[2022-03-28 12:54:28,118] {taskinstance.py:1426} INFO - Exporting the following env vars:
AIRFLOW_CTX_DAG_EMAIL=***@example.com
AIRFLOW_CTX_DAG_OWNER=***
AIRFLOW_CTX_DAG_ID=tutorial
AIRFLOW_CTX_TASK_ID=eaeaz.eaeaz_print_proccesed_data
AIRFLOW_CTX_EXECUTION_DATE=2022-03-27T12:47:50.362235+00:00
AIRFLOW_CTX_DAG_RUN_ID=scheduled__2022-03-27T12:47:50.362235+00:00
[2022-03-28 12:55:28,079] {python.py:175} INFO - Done. Returned value was: None
[2022-03-28 12:55:28,149] {taskinstance.py:1277} INFO - Marking task as SUCCESS. dag_id=tutorial, task_id=eaeaz.eaeaz_print_proccesed_data, execution_date=20220327T124750, start_date=20220328T125427, end_date=20220328T125528
[2022-03-28 12:55:28,235] {local_task_job.py:154} INFO - Task exited with return code 0
[2022-03-28 12:55:28,315] {local_task_job.py:264} INFO - 0 downstream tasks scheduled from follow-on schedule check
