[2022-04-28 15:35:04,226] {taskinstance.py:1032} INFO - Dependencies all met for <TaskInstance: cdn_daily.import_bsre.check_presence_of_bsre2 manual__2022-04-28T15:35:02.887842+00:00 [queued]>
[2022-04-28 15:35:04,254] {taskinstance.py:1032} INFO - Dependencies all met for <TaskInstance: cdn_daily.import_bsre.check_presence_of_bsre2 manual__2022-04-28T15:35:02.887842+00:00 [queued]>
[2022-04-28 15:35:04,256] {taskinstance.py:1238} INFO - 
--------------------------------------------------------------------------------
[2022-04-28 15:35:04,258] {taskinstance.py:1239} INFO - Starting attempt 1 of 2
[2022-04-28 15:35:04,259] {taskinstance.py:1240} INFO - 
--------------------------------------------------------------------------------
[2022-04-28 15:35:04,280] {taskinstance.py:1259} INFO - Executing <Task(PythonOperator): import_bsre.check_presence_of_bsre2> on 2022-04-28 15:35:02.887842+00:00
[2022-04-28 15:35:04,289] {standard_task_runner.py:52} INFO - Started process 1632 to run task
[2022-04-28 15:35:04,295] {standard_task_runner.py:76} INFO - Running: ['***', 'tasks', 'run', 'cdn_daily', 'import_bsre.check_presence_of_bsre2', 'manual__2022-04-28T15:35:02.887842+00:00', '--job-id', '1428', '--raw', '--subdir', 'DAGS_FOLDER/cdn_daily.py', '--cfg-path', '/tmp/tmpbkiqgll1', '--error-file', '/tmp/tmpj5vswduz']
[2022-04-28 15:35:04,297] {standard_task_runner.py:77} INFO - Job 1428: Subtask import_bsre.check_presence_of_bsre2
[2022-04-28 15:35:04,419] {logging_mixin.py:109} INFO - Running <TaskInstance: cdn_daily.import_bsre.check_presence_of_bsre2 manual__2022-04-28T15:35:02.887842+00:00 [running]> on host d5ad096ffea5
[2022-04-28 15:35:04,531] {taskinstance.py:1426} INFO - Exporting the following env vars:
AIRFLOW_CTX_DAG_EMAIL=***@example.com
AIRFLOW_CTX_DAG_OWNER=***
AIRFLOW_CTX_DAG_ID=cdn_daily
AIRFLOW_CTX_TASK_ID=import_bsre.check_presence_of_bsre2
AIRFLOW_CTX_EXECUTION_DATE=2022-04-28T15:35:02.887842+00:00
AIRFLOW_CTX_DAG_RUN_ID=manual__2022-04-28T15:35:02.887842+00:00
[2022-04-28 15:35:04,573] {python.py:175} INFO - Done. Returned value was: None
[2022-04-28 15:35:04,601] {taskinstance.py:1277} INFO - Marking task as SUCCESS. dag_id=cdn_daily, task_id=import_bsre.check_presence_of_bsre2, execution_date=20220428T153502, start_date=20220428T153504, end_date=20220428T153504
[2022-04-28 15:35:04,673] {local_task_job.py:154} INFO - Task exited with return code 0
[2022-04-28 15:35:04,767] {local_task_job.py:264} INFO - 0 downstream tasks scheduled from follow-on schedule check
