[2022-04-23 14:21:44,554] {taskinstance.py:1032} INFO - Dependencies all met for <TaskInstance: tutorial.pre.pre_proccess_data scheduled__2022-04-22T14:16:25.734382+00:00 [queued]>
[2022-04-23 14:21:44,576] {taskinstance.py:1032} INFO - Dependencies all met for <TaskInstance: tutorial.pre.pre_proccess_data scheduled__2022-04-22T14:16:25.734382+00:00 [queued]>
[2022-04-23 14:21:44,578] {taskinstance.py:1238} INFO - 
--------------------------------------------------------------------------------
[2022-04-23 14:21:44,579] {taskinstance.py:1239} INFO - Starting attempt 1 of 2
[2022-04-23 14:21:44,580] {taskinstance.py:1240} INFO - 
--------------------------------------------------------------------------------
[2022-04-23 14:21:44,604] {taskinstance.py:1259} INFO - Executing <Task(PythonOperator): pre.pre_proccess_data> on 2022-04-22 14:16:25.734382+00:00
[2022-04-23 14:21:44,612] {standard_task_runner.py:52} INFO - Started process 375 to run task
[2022-04-23 14:21:44,619] {standard_task_runner.py:76} INFO - Running: ['***', 'tasks', 'run', 'tutorial', 'pre.pre_proccess_data', 'scheduled__2022-04-22T14:16:25.734382+00:00', '--job-id', '1152', '--raw', '--subdir', 'DAGS_FOLDER/test_dag.py', '--cfg-path', '/tmp/tmps9h2_yxk', '--error-file', '/tmp/tmps8ig9g5o']
[2022-04-23 14:21:44,621] {standard_task_runner.py:77} INFO - Job 1152: Subtask pre.pre_proccess_data
[2022-04-23 14:21:44,717] {logging_mixin.py:109} INFO - Running <TaskInstance: tutorial.pre.pre_proccess_data scheduled__2022-04-22T14:16:25.734382+00:00 [running]> on host ff48034dfdbf
[2022-04-23 14:21:44,817] {taskinstance.py:1426} INFO - Exporting the following env vars:
AIRFLOW_CTX_DAG_EMAIL=***@example.com
AIRFLOW_CTX_DAG_OWNER=***
AIRFLOW_CTX_DAG_ID=tutorial
AIRFLOW_CTX_TASK_ID=pre.pre_proccess_data
AIRFLOW_CTX_EXECUTION_DATE=2022-04-22T14:16:25.734382+00:00
AIRFLOW_CTX_DAG_RUN_ID=scheduled__2022-04-22T14:16:25.734382+00:00
[2022-04-23 14:22:44,796] {python.py:175} INFO - Done. Returned value was: None
[2022-04-23 14:22:44,827] {taskinstance.py:1277} INFO - Marking task as SUCCESS. dag_id=tutorial, task_id=pre.pre_proccess_data, execution_date=20220422T141625, start_date=20220423T142144, end_date=20220423T142244
[2022-04-23 14:22:44,906] {local_task_job.py:154} INFO - Task exited with return code 0
[2022-04-23 14:22:44,979] {local_task_job.py:264} INFO - 1 downstream tasks scheduled from follow-on schedule check
