[2022-03-15 16:42:37,180] {taskinstance.py:1032} INFO - Dependencies all met for <TaskInstance: tutorial.eaeaz.eaeaz_proccess_data scheduled__2022-03-14T12:05:20.517459+00:00 [queued]>
[2022-03-15 16:42:37,201] {taskinstance.py:1032} INFO - Dependencies all met for <TaskInstance: tutorial.eaeaz.eaeaz_proccess_data scheduled__2022-03-14T12:05:20.517459+00:00 [queued]>
[2022-03-15 16:42:37,203] {taskinstance.py:1238} INFO - 
--------------------------------------------------------------------------------
[2022-03-15 16:42:37,204] {taskinstance.py:1239} INFO - Starting attempt 1 of 2
[2022-03-15 16:42:37,205] {taskinstance.py:1240} INFO - 
--------------------------------------------------------------------------------
[2022-03-15 16:42:37,231] {taskinstance.py:1259} INFO - Executing <Task(PythonOperator): eaeaz.eaeaz_proccess_data> on 2022-03-14 12:05:20.517459+00:00
[2022-03-15 16:42:37,240] {standard_task_runner.py:52} INFO - Started process 194 to run task
[2022-03-15 16:42:37,247] {standard_task_runner.py:76} INFO - Running: ['***', 'tasks', 'run', 'tutorial', 'eaeaz.eaeaz_proccess_data', 'scheduled__2022-03-14T12:05:20.517459+00:00', '--job-id', '928', '--raw', '--subdir', 'DAGS_FOLDER/test_dag.py', '--cfg-path', '/tmp/tmpjdzcw1jb', '--error-file', '/tmp/tmpq45sy7f6']
[2022-03-15 16:42:37,249] {standard_task_runner.py:77} INFO - Job 928: Subtask eaeaz.eaeaz_proccess_data
[2022-03-15 16:42:37,385] {logging_mixin.py:109} INFO - Running <TaskInstance: tutorial.eaeaz.eaeaz_proccess_data scheduled__2022-03-14T12:05:20.517459+00:00 [running]> on host ff48034dfdbf
[2022-03-15 16:42:37,522] {taskinstance.py:1426} INFO - Exporting the following env vars:
AIRFLOW_CTX_DAG_EMAIL=***@example.com
AIRFLOW_CTX_DAG_OWNER=***
AIRFLOW_CTX_DAG_ID=tutorial
AIRFLOW_CTX_TASK_ID=eaeaz.eaeaz_proccess_data
AIRFLOW_CTX_EXECUTION_DATE=2022-03-14T12:05:20.517459+00:00
AIRFLOW_CTX_DAG_RUN_ID=scheduled__2022-03-14T12:05:20.517459+00:00
[2022-03-15 16:43:37,489] {python.py:175} INFO - Done. Returned value was: None
[2022-03-15 16:43:37,527] {taskinstance.py:1277} INFO - Marking task as SUCCESS. dag_id=tutorial, task_id=eaeaz.eaeaz_proccess_data, execution_date=20220314T120520, start_date=20220315T164237, end_date=20220315T164337
[2022-03-15 16:43:37,574] {local_task_job.py:154} INFO - Task exited with return code 0
[2022-03-15 16:43:37,624] {local_task_job.py:264} INFO - 1 downstream tasks scheduled from follow-on schedule check
