[2022-04-29 15:12:35,413] {taskinstance.py:1032} INFO - Dependencies all met for <TaskInstance: cdn_daily.import_bsre.check_presence_of_bsre2 manual__2022-04-29T15:12:33.087393+00:00 [queued]>
[2022-04-29 15:12:35,442] {taskinstance.py:1032} INFO - Dependencies all met for <TaskInstance: cdn_daily.import_bsre.check_presence_of_bsre2 manual__2022-04-29T15:12:33.087393+00:00 [queued]>
[2022-04-29 15:12:35,444] {taskinstance.py:1238} INFO - 
--------------------------------------------------------------------------------
[2022-04-29 15:12:35,445] {taskinstance.py:1239} INFO - Starting attempt 1 of 2
[2022-04-29 15:12:35,447] {taskinstance.py:1240} INFO - 
--------------------------------------------------------------------------------
[2022-04-29 15:12:35,472] {taskinstance.py:1259} INFO - Executing <Task(PythonOperator): import_bsre.check_presence_of_bsre2> on 2022-04-29 15:12:33.087393+00:00
[2022-04-29 15:12:35,483] {standard_task_runner.py:52} INFO - Started process 2773 to run task
[2022-04-29 15:12:35,491] {standard_task_runner.py:76} INFO - Running: ['***', 'tasks', 'run', 'cdn_daily', 'import_bsre.check_presence_of_bsre2', 'manual__2022-04-29T15:12:33.087393+00:00', '--job-id', '1601', '--raw', '--subdir', 'DAGS_FOLDER/cdn_daily.py', '--cfg-path', '/tmp/tmpcp4i8zsh', '--error-file', '/tmp/tmpkbyj_1u2']
[2022-04-29 15:12:35,494] {standard_task_runner.py:77} INFO - Job 1601: Subtask import_bsre.check_presence_of_bsre2
[2022-04-29 15:12:35,617] {logging_mixin.py:109} INFO - Running <TaskInstance: cdn_daily.import_bsre.check_presence_of_bsre2 manual__2022-04-29T15:12:33.087393+00:00 [running]> on host d5ad096ffea5
[2022-04-29 15:12:35,806] {taskinstance.py:1426} INFO - Exporting the following env vars:
AIRFLOW_CTX_DAG_EMAIL=***@example.com
AIRFLOW_CTX_DAG_OWNER=***
AIRFLOW_CTX_DAG_ID=cdn_daily
AIRFLOW_CTX_TASK_ID=import_bsre.check_presence_of_bsre2
AIRFLOW_CTX_EXECUTION_DATE=2022-04-29T15:12:33.087393+00:00
AIRFLOW_CTX_DAG_RUN_ID=manual__2022-04-29T15:12:33.087393+00:00
[2022-04-29 15:12:35,860] {python.py:175} INFO - Done. Returned value was: None
[2022-04-29 15:12:35,899] {taskinstance.py:1277} INFO - Marking task as SUCCESS. dag_id=cdn_daily, task_id=import_bsre.check_presence_of_bsre2, execution_date=20220429T151233, start_date=20220429T151235, end_date=20220429T151235
[2022-04-29 15:12:35,954] {local_task_job.py:154} INFO - Task exited with return code 0
[2022-04-29 15:12:36,077] {local_task_job.py:264} INFO - 0 downstream tasks scheduled from follow-on schedule check
