[2022-03-15 16:42:38,605] {taskinstance.py:1032} INFO - Dependencies all met for <TaskInstance: tutorial.jghjg.jghjg_print_proccesed_data scheduled__2022-03-14T12:05:20.517459+00:00 [queued]>
[2022-03-15 16:42:38,630] {taskinstance.py:1032} INFO - Dependencies all met for <TaskInstance: tutorial.jghjg.jghjg_print_proccesed_data scheduled__2022-03-14T12:05:20.517459+00:00 [queued]>
[2022-03-15 16:42:38,631] {taskinstance.py:1238} INFO - 
--------------------------------------------------------------------------------
[2022-03-15 16:42:38,633] {taskinstance.py:1239} INFO - Starting attempt 1 of 2
[2022-03-15 16:42:38,634] {taskinstance.py:1240} INFO - 
--------------------------------------------------------------------------------
[2022-03-15 16:42:38,661] {taskinstance.py:1259} INFO - Executing <Task(PythonOperator): jghjg.jghjg_print_proccesed_data> on 2022-03-14 12:05:20.517459+00:00
[2022-03-15 16:42:38,668] {standard_task_runner.py:52} INFO - Started process 209 to run task
[2022-03-15 16:42:38,676] {standard_task_runner.py:76} INFO - Running: ['***', 'tasks', 'run', 'tutorial', 'jghjg.jghjg_print_proccesed_data', 'scheduled__2022-03-14T12:05:20.517459+00:00', '--job-id', '937', '--raw', '--subdir', 'DAGS_FOLDER/test_dag.py', '--cfg-path', '/tmp/tmp_aozceck', '--error-file', '/tmp/tmpp1_7o0ww']
[2022-03-15 16:42:38,678] {standard_task_runner.py:77} INFO - Job 937: Subtask jghjg.jghjg_print_proccesed_data
[2022-03-15 16:42:38,768] {logging_mixin.py:109} INFO - Running <TaskInstance: tutorial.jghjg.jghjg_print_proccesed_data scheduled__2022-03-14T12:05:20.517459+00:00 [running]> on host ff48034dfdbf
[2022-03-15 16:42:38,842] {taskinstance.py:1426} INFO - Exporting the following env vars:
AIRFLOW_CTX_DAG_EMAIL=***@example.com
AIRFLOW_CTX_DAG_OWNER=***
AIRFLOW_CTX_DAG_ID=tutorial
AIRFLOW_CTX_TASK_ID=jghjg.jghjg_print_proccesed_data
AIRFLOW_CTX_EXECUTION_DATE=2022-03-14T12:05:20.517459+00:00
AIRFLOW_CTX_DAG_RUN_ID=scheduled__2022-03-14T12:05:20.517459+00:00
[2022-03-15 16:43:38,864] {python.py:175} INFO - Done. Returned value was: None
[2022-03-15 16:43:38,991] {taskinstance.py:1277} INFO - Marking task as SUCCESS. dag_id=tutorial, task_id=jghjg.jghjg_print_proccesed_data, execution_date=20220314T120520, start_date=20220315T164238, end_date=20220315T164338
[2022-03-15 16:43:39,103] {local_task_job.py:154} INFO - Task exited with return code 0
[2022-03-15 16:43:39,243] {local_task_job.py:264} INFO - 0 downstream tasks scheduled from follow-on schedule check
