[2022-03-28 12:50:21,698] {taskinstance.py:1032} INFO - Dependencies all met for <TaskInstance: tutorial.xsxsxqc.xsxsxqc_get_data scheduled__2022-03-27T12:47:50.362235+00:00 [queued]>
[2022-03-28 12:50:21,794] {taskinstance.py:1032} INFO - Dependencies all met for <TaskInstance: tutorial.xsxsxqc.xsxsxqc_get_data scheduled__2022-03-27T12:47:50.362235+00:00 [queued]>
[2022-03-28 12:50:21,796] {taskinstance.py:1238} INFO - 
--------------------------------------------------------------------------------
[2022-03-28 12:50:21,798] {taskinstance.py:1239} INFO - Starting attempt 1 of 2
[2022-03-28 12:50:21,804] {taskinstance.py:1240} INFO - 
--------------------------------------------------------------------------------
[2022-03-28 12:50:21,843] {taskinstance.py:1259} INFO - Executing <Task(PythonOperator): xsxsxqc.xsxsxqc_get_data> on 2022-03-27 12:47:50.362235+00:00
[2022-03-28 12:50:21,866] {standard_task_runner.py:52} INFO - Started process 207 to run task
[2022-03-28 12:50:21,877] {standard_task_runner.py:76} INFO - Running: ['***', 'tasks', 'run', 'tutorial', 'xsxsxqc.xsxsxqc_get_data', 'scheduled__2022-03-27T12:47:50.362235+00:00', '--job-id', '973', '--raw', '--subdir', 'DAGS_FOLDER/test_dag.py', '--cfg-path', '/tmp/tmpbisxrqi1', '--error-file', '/tmp/tmppx_r0di4']
[2022-03-28 12:50:21,880] {standard_task_runner.py:77} INFO - Job 973: Subtask xsxsxqc.xsxsxqc_get_data
[2022-03-28 12:50:22,072] {logging_mixin.py:109} INFO - Running <TaskInstance: tutorial.xsxsxqc.xsxsxqc_get_data scheduled__2022-03-27T12:47:50.362235+00:00 [running]> on host ff48034dfdbf
[2022-03-28 12:50:22,191] {taskinstance.py:1426} INFO - Exporting the following env vars:
AIRFLOW_CTX_DAG_EMAIL=***@example.com
AIRFLOW_CTX_DAG_OWNER=***
AIRFLOW_CTX_DAG_ID=tutorial
AIRFLOW_CTX_TASK_ID=xsxsxqc.xsxsxqc_get_data
AIRFLOW_CTX_EXECUTION_DATE=2022-03-27T12:47:50.362235+00:00
AIRFLOW_CTX_DAG_RUN_ID=scheduled__2022-03-27T12:47:50.362235+00:00
[2022-03-28 12:51:22,212] {python.py:175} INFO - Done. Returned value was: None
[2022-03-28 12:51:22,261] {taskinstance.py:1277} INFO - Marking task as SUCCESS. dag_id=tutorial, task_id=xsxsxqc.xsxsxqc_get_data, execution_date=20220327T124750, start_date=20220328T125021, end_date=20220328T125122
[2022-03-28 12:51:22,354] {local_task_job.py:154} INFO - Task exited with return code 0
[2022-03-28 12:51:22,451] {local_task_job.py:264} INFO - 1 downstream tasks scheduled from follow-on schedule check
