[2022-04-26 13:54:19,243] {taskinstance.py:1032} INFO - Dependencies all met for <TaskInstance: tutorial.xsxsxqc.xsxsxqc_get_data scheduled__2022-04-25T13:53:09.676172+00:00 [queued]>
[2022-04-26 13:54:19,268] {taskinstance.py:1032} INFO - Dependencies all met for <TaskInstance: tutorial.xsxsxqc.xsxsxqc_get_data scheduled__2022-04-25T13:53:09.676172+00:00 [queued]>
[2022-04-26 13:54:19,269] {taskinstance.py:1238} INFO - 
--------------------------------------------------------------------------------
[2022-04-26 13:54:19,270] {taskinstance.py:1239} INFO - Starting attempt 1 of 2
[2022-04-26 13:54:19,272] {taskinstance.py:1240} INFO - 
--------------------------------------------------------------------------------
[2022-04-26 13:54:19,296] {taskinstance.py:1259} INFO - Executing <Task(PythonOperator): xsxsxqc.xsxsxqc_get_data> on 2022-04-25 13:53:09.676172+00:00
[2022-04-26 13:54:19,305] {standard_task_runner.py:52} INFO - Started process 146 to run task
[2022-04-26 13:54:19,318] {standard_task_runner.py:76} INFO - Running: ['***', 'tasks', 'run', 'tutorial', 'xsxsxqc.xsxsxqc_get_data', 'scheduled__2022-04-25T13:53:09.676172+00:00', '--job-id', '1252', '--raw', '--subdir', 'DAGS_FOLDER/test_dag.py', '--cfg-path', '/tmp/tmpnlbet2z0', '--error-file', '/tmp/tmpn6ubyq3c']
[2022-04-26 13:54:19,322] {standard_task_runner.py:77} INFO - Job 1252: Subtask xsxsxqc.xsxsxqc_get_data
[2022-04-26 13:54:19,463] {logging_mixin.py:109} INFO - Running <TaskInstance: tutorial.xsxsxqc.xsxsxqc_get_data scheduled__2022-04-25T13:53:09.676172+00:00 [running]> on host ff48034dfdbf
[2022-04-26 13:54:19,604] {taskinstance.py:1426} INFO - Exporting the following env vars:
AIRFLOW_CTX_DAG_EMAIL=***@example.com
AIRFLOW_CTX_DAG_OWNER=***
AIRFLOW_CTX_DAG_ID=tutorial
AIRFLOW_CTX_TASK_ID=xsxsxqc.xsxsxqc_get_data
AIRFLOW_CTX_EXECUTION_DATE=2022-04-25T13:53:09.676172+00:00
AIRFLOW_CTX_DAG_RUN_ID=scheduled__2022-04-25T13:53:09.676172+00:00
[2022-04-26 13:55:19,573] {python.py:175} INFO - Done. Returned value was: None
[2022-04-26 13:55:19,590] {taskinstance.py:1277} INFO - Marking task as SUCCESS. dag_id=tutorial, task_id=xsxsxqc.xsxsxqc_get_data, execution_date=20220425T135309, start_date=20220426T135419, end_date=20220426T135519
[2022-04-26 13:55:19,655] {local_task_job.py:154} INFO - Task exited with return code 0
[2022-04-26 13:55:19,754] {local_task_job.py:264} INFO - 0 downstream tasks scheduled from follow-on schedule check
