[2022-03-14 12:07:22,964] {taskinstance.py:1032} INFO - Dependencies all met for <TaskInstance: tutorial.eaeaz.eaeaz_proccess_data scheduled__2022-03-13T12:04:19.461189+00:00 [queued]>
[2022-03-14 12:07:22,982] {taskinstance.py:1032} INFO - Dependencies all met for <TaskInstance: tutorial.eaeaz.eaeaz_proccess_data scheduled__2022-03-13T12:04:19.461189+00:00 [queued]>
[2022-03-14 12:07:22,983] {taskinstance.py:1238} INFO - 
--------------------------------------------------------------------------------
[2022-03-14 12:07:22,984] {taskinstance.py:1239} INFO - Starting attempt 1 of 2
[2022-03-14 12:07:22,985] {taskinstance.py:1240} INFO - 
--------------------------------------------------------------------------------
[2022-03-14 12:07:23,007] {taskinstance.py:1259} INFO - Executing <Task(PythonOperator): eaeaz.eaeaz_proccess_data> on 2022-03-13 12:04:19.461189+00:00
[2022-03-14 12:07:23,013] {standard_task_runner.py:52} INFO - Started process 1002 to run task
[2022-03-14 12:07:23,019] {standard_task_runner.py:76} INFO - Running: ['***', 'tasks', 'run', 'tutorial', 'eaeaz.eaeaz_proccess_data', 'scheduled__2022-03-13T12:04:19.461189+00:00', '--job-id', '839', '--raw', '--subdir', 'DAGS_FOLDER/test_dag.py', '--cfg-path', '/tmp/tmph7vccpx2', '--error-file', '/tmp/tmp9_t2bkqq']
[2022-03-14 12:07:23,021] {standard_task_runner.py:77} INFO - Job 839: Subtask eaeaz.eaeaz_proccess_data
[2022-03-14 12:07:23,110] {logging_mixin.py:109} INFO - Running <TaskInstance: tutorial.eaeaz.eaeaz_proccess_data scheduled__2022-03-13T12:04:19.461189+00:00 [running]> on host ff48034dfdbf
[2022-03-14 12:07:23,183] {taskinstance.py:1426} INFO - Exporting the following env vars:
AIRFLOW_CTX_DAG_EMAIL=***@example.com
AIRFLOW_CTX_DAG_OWNER=***
AIRFLOW_CTX_DAG_ID=tutorial
AIRFLOW_CTX_TASK_ID=eaeaz.eaeaz_proccess_data
AIRFLOW_CTX_EXECUTION_DATE=2022-03-13T12:04:19.461189+00:00
AIRFLOW_CTX_DAG_RUN_ID=scheduled__2022-03-13T12:04:19.461189+00:00
[2022-03-14 12:08:23,152] {python.py:175} INFO - Done. Returned value was: None
[2022-03-14 12:08:23,191] {taskinstance.py:1277} INFO - Marking task as SUCCESS. dag_id=tutorial, task_id=eaeaz.eaeaz_proccess_data, execution_date=20220313T120419, start_date=20220314T120722, end_date=20220314T120823
[2022-03-14 12:08:23,235] {local_task_job.py:154} INFO - Task exited with return code 0
[2022-03-14 12:08:23,279] {local_task_job.py:264} INFO - 1 downstream tasks scheduled from follow-on schedule check
