[2022-02-27 21:52:20,876] {taskinstance.py:1032} INFO - Dependencies all met for <TaskInstance: tutorial.pre.pre_proccess_data scheduled__2022-02-26T21:51:17.549420+00:00 [queued]>
[2022-02-27 21:52:20,906] {taskinstance.py:1032} INFO - Dependencies all met for <TaskInstance: tutorial.pre.pre_proccess_data scheduled__2022-02-26T21:51:17.549420+00:00 [queued]>
[2022-02-27 21:52:20,924] {taskinstance.py:1238} INFO - 
--------------------------------------------------------------------------------
[2022-02-27 21:52:20,925] {taskinstance.py:1239} INFO - Starting attempt 1 of 2
[2022-02-27 21:52:20,927] {taskinstance.py:1240} INFO - 
--------------------------------------------------------------------------------
[2022-02-27 21:52:20,953] {taskinstance.py:1259} INFO - Executing <Task(PythonOperator): pre.pre_proccess_data> on 2022-02-26 21:51:17.549420+00:00
[2022-02-27 21:52:20,972] {standard_task_runner.py:52} INFO - Started process 9843 to run task
[2022-02-27 21:52:20,989] {standard_task_runner.py:76} INFO - Running: ['***', 'tasks', 'run', 'tutorial', 'pre.pre_proccess_data', 'scheduled__2022-02-26T21:51:17.549420+00:00', '--job-id', '336', '--raw', '--subdir', 'DAGS_FOLDER/test_dag.py', '--cfg-path', '/tmp/tmpf4wmvyu2', '--error-file', '/tmp/tmpvs8lot42']
[2022-02-27 21:52:20,992] {standard_task_runner.py:77} INFO - Job 336: Subtask pre.pre_proccess_data
[2022-02-27 21:52:21,171] {logging_mixin.py:109} INFO - Running <TaskInstance: tutorial.pre.pre_proccess_data scheduled__2022-02-26T21:51:17.549420+00:00 [running]> on host ff48034dfdbf
[2022-02-27 21:52:21,288] {taskinstance.py:1426} INFO - Exporting the following env vars:
AIRFLOW_CTX_DAG_EMAIL=***@example.com
AIRFLOW_CTX_DAG_OWNER=***
AIRFLOW_CTX_DAG_ID=tutorial
AIRFLOW_CTX_TASK_ID=pre.pre_proccess_data
AIRFLOW_CTX_EXECUTION_DATE=2022-02-26T21:51:17.549420+00:00
AIRFLOW_CTX_DAG_RUN_ID=scheduled__2022-02-26T21:51:17.549420+00:00
[2022-02-27 21:53:21,277] {python.py:175} INFO - Done. Returned value was: None
[2022-02-27 21:53:21,323] {taskinstance.py:1277} INFO - Marking task as SUCCESS. dag_id=tutorial, task_id=pre.pre_proccess_data, execution_date=20220226T215117, start_date=20220227T215220, end_date=20220227T215321
[2022-02-27 21:53:21,369] {local_task_job.py:154} INFO - Task exited with return code 0
[2022-02-27 21:53:21,412] {local_task_job.py:264} INFO - 1 downstream tasks scheduled from follow-on schedule check
