[2022-04-28 15:42:19,580] {taskinstance.py:1032} INFO - Dependencies all met for <TaskInstance: cdn_daily.import_pre.run_pre.alm manual__2022-04-28T15:42:18.506626+00:00 [queued]>
[2022-04-28 15:42:19,597] {taskinstance.py:1032} INFO - Dependencies all met for <TaskInstance: cdn_daily.import_pre.run_pre.alm manual__2022-04-28T15:42:18.506626+00:00 [queued]>
[2022-04-28 15:42:19,598] {taskinstance.py:1238} INFO - 
--------------------------------------------------------------------------------
[2022-04-28 15:42:19,600] {taskinstance.py:1239} INFO - Starting attempt 1 of 2
[2022-04-28 15:42:19,601] {taskinstance.py:1240} INFO - 
--------------------------------------------------------------------------------
[2022-04-28 15:42:19,619] {taskinstance.py:1259} INFO - Executing <Task(PythonOperator): import_pre.run_pre.alm> on 2022-04-28 15:42:18.506626+00:00
[2022-04-28 15:42:19,625] {standard_task_runner.py:52} INFO - Started process 2017 to run task
[2022-04-28 15:42:19,631] {standard_task_runner.py:76} INFO - Running: ['***', 'tasks', 'run', 'cdn_daily', 'import_pre.run_pre.alm', 'manual__2022-04-28T15:42:18.506626+00:00', '--job-id', '1475', '--raw', '--subdir', 'DAGS_FOLDER/cdn_daily.py', '--cfg-path', '/tmp/tmp1bkemrqg', '--error-file', '/tmp/tmph7fa7b5u']
[2022-04-28 15:42:19,633] {standard_task_runner.py:77} INFO - Job 1475: Subtask import_pre.run_pre.alm
[2022-04-28 15:42:19,732] {logging_mixin.py:109} INFO - Running <TaskInstance: cdn_daily.import_pre.run_pre.alm manual__2022-04-28T15:42:18.506626+00:00 [running]> on host d5ad096ffea5
[2022-04-28 15:42:19,839] {taskinstance.py:1426} INFO - Exporting the following env vars:
AIRFLOW_CTX_DAG_EMAIL=***@example.com
AIRFLOW_CTX_DAG_OWNER=***
AIRFLOW_CTX_DAG_ID=cdn_daily
AIRFLOW_CTX_TASK_ID=import_pre.run_pre.alm
AIRFLOW_CTX_EXECUTION_DATE=2022-04-28T15:42:18.506626+00:00
AIRFLOW_CTX_DAG_RUN_ID=manual__2022-04-28T15:42:18.506626+00:00
[2022-04-28 15:42:19,878] {python.py:175} INFO - Done. Returned value was: None
[2022-04-28 15:42:19,907] {taskinstance.py:1277} INFO - Marking task as SUCCESS. dag_id=cdn_daily, task_id=import_pre.run_pre.alm, execution_date=20220428T154218, start_date=20220428T154219, end_date=20220428T154219
[2022-04-28 15:42:19,967] {local_task_job.py:154} INFO - Task exited with return code 0
[2022-04-28 15:42:20,039] {local_task_job.py:264} INFO - 1 downstream tasks scheduled from follow-on schedule check
