[2022-02-27 17:17:54,312] {taskinstance.py:1032} INFO - Dependencies all met for <TaskInstance: tutorial.hfghfg.hfghfg_get_data scheduled__2022-02-25T21:44:04.431894+00:00 [queued]>
[2022-02-27 17:17:54,327] {taskinstance.py:1032} INFO - Dependencies all met for <TaskInstance: tutorial.hfghfg.hfghfg_get_data scheduled__2022-02-25T21:44:04.431894+00:00 [queued]>
[2022-02-27 17:17:54,329] {taskinstance.py:1238} INFO - 
--------------------------------------------------------------------------------
[2022-02-27 17:17:54,330] {taskinstance.py:1239} INFO - Starting attempt 1 of 2
[2022-02-27 17:17:54,331] {taskinstance.py:1240} INFO - 
--------------------------------------------------------------------------------
[2022-02-27 17:17:54,347] {taskinstance.py:1259} INFO - Executing <Task(PythonOperator): hfghfg.hfghfg_get_data> on 2022-02-25 21:44:04.431894+00:00
[2022-02-27 17:17:54,354] {standard_task_runner.py:52} INFO - Started process 82 to run task
[2022-02-27 17:17:54,359] {standard_task_runner.py:76} INFO - Running: ['***', 'tasks', 'run', 'tutorial', 'hfghfg.hfghfg_get_data', 'scheduled__2022-02-25T21:44:04.431894+00:00', '--job-id', '292', '--raw', '--subdir', 'DAGS_FOLDER/test_dag.py', '--cfg-path', '/tmp/tmps79lyrnd', '--error-file', '/tmp/tmpj7ux_k8p']
[2022-02-27 17:17:54,361] {standard_task_runner.py:77} INFO - Job 292: Subtask hfghfg.hfghfg_get_data
[2022-02-27 17:17:54,444] {logging_mixin.py:109} INFO - Running <TaskInstance: tutorial.hfghfg.hfghfg_get_data scheduled__2022-02-25T21:44:04.431894+00:00 [running]> on host ff48034dfdbf
[2022-02-27 17:17:54,530] {taskinstance.py:1426} INFO - Exporting the following env vars:
AIRFLOW_CTX_DAG_EMAIL=***@example.com
AIRFLOW_CTX_DAG_OWNER=***
AIRFLOW_CTX_DAG_ID=tutorial
AIRFLOW_CTX_TASK_ID=hfghfg.hfghfg_get_data
AIRFLOW_CTX_EXECUTION_DATE=2022-02-25T21:44:04.431894+00:00
AIRFLOW_CTX_DAG_RUN_ID=scheduled__2022-02-25T21:44:04.431894+00:00
[2022-02-27 17:18:54,552] {python.py:175} INFO - Done. Returned value was: None
[2022-02-27 17:18:54,571] {taskinstance.py:1277} INFO - Marking task as SUCCESS. dag_id=tutorial, task_id=hfghfg.hfghfg_get_data, execution_date=20220225T214404, start_date=20220227T171754, end_date=20220227T171854
[2022-02-27 17:18:54,597] {local_task_job.py:154} INFO - Task exited with return code 0
[2022-02-27 17:18:54,739] {local_task_job.py:264} INFO - 1 downstream tasks scheduled from follow-on schedule check
