[2022-03-28 13:17:31,987] {taskinstance.py:1032} INFO - Dependencies all met for <TaskInstance: tutorial.dqsdqsd.dqsdqsd_proccess_data scheduled__2022-03-27T12:54:27.698780+00:00 [queued]>
[2022-03-28 13:17:32,014] {taskinstance.py:1032} INFO - Dependencies all met for <TaskInstance: tutorial.dqsdqsd.dqsdqsd_proccess_data scheduled__2022-03-27T12:54:27.698780+00:00 [queued]>
[2022-03-28 13:17:32,016] {taskinstance.py:1238} INFO - 
--------------------------------------------------------------------------------
[2022-03-28 13:17:32,019] {taskinstance.py:1239} INFO - Starting attempt 1 of 2
[2022-03-28 13:17:32,021] {taskinstance.py:1240} INFO - 
--------------------------------------------------------------------------------
[2022-03-28 13:17:32,057] {taskinstance.py:1259} INFO - Executing <Task(PythonOperator): dqsdqsd.dqsdqsd_proccess_data> on 2022-03-27 12:54:27.698780+00:00
[2022-03-28 13:17:32,077] {standard_task_runner.py:52} INFO - Started process 576 to run task
[2022-03-28 13:17:32,083] {standard_task_runner.py:76} INFO - Running: ['***', 'tasks', 'run', 'tutorial', 'dqsdqsd.dqsdqsd_proccess_data', 'scheduled__2022-03-27T12:54:27.698780+00:00', '--job-id', '1034', '--raw', '--subdir', 'DAGS_FOLDER/test_dag.py', '--cfg-path', '/tmp/tmplikbuiih', '--error-file', '/tmp/tmpgvqxvdk9']
[2022-03-28 13:17:32,086] {standard_task_runner.py:77} INFO - Job 1034: Subtask dqsdqsd.dqsdqsd_proccess_data
[2022-03-28 13:17:32,232] {logging_mixin.py:109} INFO - Running <TaskInstance: tutorial.dqsdqsd.dqsdqsd_proccess_data scheduled__2022-03-27T12:54:27.698780+00:00 [running]> on host ff48034dfdbf
[2022-03-28 13:17:32,350] {taskinstance.py:1426} INFO - Exporting the following env vars:
AIRFLOW_CTX_DAG_EMAIL=***@example.com
AIRFLOW_CTX_DAG_OWNER=***
AIRFLOW_CTX_DAG_ID=tutorial
AIRFLOW_CTX_TASK_ID=dqsdqsd.dqsdqsd_proccess_data
AIRFLOW_CTX_EXECUTION_DATE=2022-03-27T12:54:27.698780+00:00
AIRFLOW_CTX_DAG_RUN_ID=scheduled__2022-03-27T12:54:27.698780+00:00
[2022-03-28 13:18:32,335] {python.py:175} INFO - Done. Returned value was: None
[2022-03-28 13:18:32,357] {taskinstance.py:1277} INFO - Marking task as SUCCESS. dag_id=tutorial, task_id=dqsdqsd.dqsdqsd_proccess_data, execution_date=20220327T125427, start_date=20220328T131731, end_date=20220328T131832
[2022-03-28 13:18:32,399] {local_task_job.py:154} INFO - Task exited with return code 0
[2022-03-28 13:18:32,461] {local_task_job.py:264} INFO - 1 downstream tasks scheduled from follow-on schedule check
