[2022-04-26 13:56:23,354] {taskinstance.py:1032} INFO - Dependencies all met for <TaskInstance: tutorial.pre.pre_proccess_data scheduled__2022-04-25T13:53:09.676172+00:00 [queued]>
[2022-04-26 13:56:23,377] {taskinstance.py:1032} INFO - Dependencies all met for <TaskInstance: tutorial.pre.pre_proccess_data scheduled__2022-04-25T13:53:09.676172+00:00 [queued]>
[2022-04-26 13:56:23,378] {taskinstance.py:1238} INFO - 
--------------------------------------------------------------------------------
[2022-04-26 13:56:23,379] {taskinstance.py:1239} INFO - Starting attempt 1 of 2
[2022-04-26 13:56:23,380] {taskinstance.py:1240} INFO - 
--------------------------------------------------------------------------------
[2022-04-26 13:56:23,397] {taskinstance.py:1259} INFO - Executing <Task(PythonOperator): pre.pre_proccess_data> on 2022-04-25 13:53:09.676172+00:00
[2022-04-26 13:56:23,404] {standard_task_runner.py:52} INFO - Started process 269 to run task
[2022-04-26 13:56:23,409] {standard_task_runner.py:76} INFO - Running: ['***', 'tasks', 'run', 'tutorial', 'pre.pre_proccess_data', 'scheduled__2022-04-25T13:53:09.676172+00:00', '--job-id', '1277', '--raw', '--subdir', 'DAGS_FOLDER/test_dag.py', '--cfg-path', '/tmp/tmpomn05x_r', '--error-file', '/tmp/tmpekw9vrl8']
[2022-04-26 13:56:23,411] {standard_task_runner.py:77} INFO - Job 1277: Subtask pre.pre_proccess_data
[2022-04-26 13:56:23,502] {logging_mixin.py:109} INFO - Running <TaskInstance: tutorial.pre.pre_proccess_data scheduled__2022-04-25T13:53:09.676172+00:00 [running]> on host ff48034dfdbf
[2022-04-26 13:56:23,593] {taskinstance.py:1426} INFO - Exporting the following env vars:
AIRFLOW_CTX_DAG_EMAIL=***@example.com
AIRFLOW_CTX_DAG_OWNER=***
AIRFLOW_CTX_DAG_ID=tutorial
AIRFLOW_CTX_TASK_ID=pre.pre_proccess_data
AIRFLOW_CTX_EXECUTION_DATE=2022-04-25T13:53:09.676172+00:00
AIRFLOW_CTX_DAG_RUN_ID=scheduled__2022-04-25T13:53:09.676172+00:00
[2022-04-26 13:57:23,589] {python.py:175} INFO - Done. Returned value was: None
[2022-04-26 13:57:23,632] {taskinstance.py:1277} INFO - Marking task as SUCCESS. dag_id=tutorial, task_id=pre.pre_proccess_data, execution_date=20220425T135309, start_date=20220426T135623, end_date=20220426T135723
[2022-04-26 13:57:23,689] {local_task_job.py:154} INFO - Task exited with return code 0
[2022-04-26 13:57:23,793] {local_task_job.py:264} INFO - 1 downstream tasks scheduled from follow-on schedule check
