[2022-04-30 12:52:41,806] {taskinstance.py:1032} INFO - Dependencies all met for <TaskInstance: tutorial.fsqfqf.fsqfqf_get_data scheduled__2022-04-29T12:29:40.424433+00:00 [queued]>
[2022-04-30 12:52:41,832] {taskinstance.py:1032} INFO - Dependencies all met for <TaskInstance: tutorial.fsqfqf.fsqfqf_get_data scheduled__2022-04-29T12:29:40.424433+00:00 [queued]>
[2022-04-30 12:52:41,833] {taskinstance.py:1238} INFO - 
--------------------------------------------------------------------------------
[2022-04-30 12:52:41,835] {taskinstance.py:1239} INFO - Starting attempt 1 of 2
[2022-04-30 12:52:41,836] {taskinstance.py:1240} INFO - 
--------------------------------------------------------------------------------
[2022-04-30 12:52:41,865] {taskinstance.py:1259} INFO - Executing <Task(PythonOperator): fsqfqf.fsqfqf_get_data> on 2022-04-29 12:29:40.424433+00:00
[2022-04-30 12:52:41,873] {standard_task_runner.py:52} INFO - Started process 80 to run task
[2022-04-30 12:52:41,880] {standard_task_runner.py:76} INFO - Running: ['***', 'tasks', 'run', 'tutorial', 'fsqfqf.fsqfqf_get_data', 'scheduled__2022-04-29T12:29:40.424433+00:00', '--job-id', '1761', '--raw', '--subdir', 'DAGS_FOLDER/test_dag.py', '--cfg-path', '/tmp/tmp6hb3umk1', '--error-file', '/tmp/tmpfznl154a']
[2022-04-30 12:52:41,882] {standard_task_runner.py:77} INFO - Job 1761: Subtask fsqfqf.fsqfqf_get_data
[2022-04-30 12:52:42,048] {logging_mixin.py:109} INFO - Running <TaskInstance: tutorial.fsqfqf.fsqfqf_get_data scheduled__2022-04-29T12:29:40.424433+00:00 [running]> on host d5ad096ffea5
[2022-04-30 12:52:42,193] {taskinstance.py:1426} INFO - Exporting the following env vars:
AIRFLOW_CTX_DAG_EMAIL=***@example.com
AIRFLOW_CTX_DAG_OWNER=***
AIRFLOW_CTX_DAG_ID=tutorial
AIRFLOW_CTX_TASK_ID=fsqfqf.fsqfqf_get_data
AIRFLOW_CTX_EXECUTION_DATE=2022-04-29T12:29:40.424433+00:00
AIRFLOW_CTX_DAG_RUN_ID=scheduled__2022-04-29T12:29:40.424433+00:00
[2022-04-30 12:53:42,201] {python.py:175} INFO - Done. Returned value was: None
[2022-04-30 12:53:42,258] {taskinstance.py:1277} INFO - Marking task as SUCCESS. dag_id=tutorial, task_id=fsqfqf.fsqfqf_get_data, execution_date=20220429T122940, start_date=20220430T125241, end_date=20220430T125342
[2022-04-30 12:53:42,334] {local_task_job.py:154} INFO - Task exited with return code 0
[2022-04-30 12:53:42,395] {local_task_job.py:264} INFO - 1 downstream tasks scheduled from follow-on schedule check
