[2022-03-07 19:54:28,493] {taskinstance.py:1032} INFO - Dependencies all met for <TaskInstance: tutorial.xsxsxqc.xsxsxqc_proccess_data scheduled__2022-03-06T10:29:52.784989+00:00 [queued]>
[2022-03-07 19:54:28,529] {taskinstance.py:1032} INFO - Dependencies all met for <TaskInstance: tutorial.xsxsxqc.xsxsxqc_proccess_data scheduled__2022-03-06T10:29:52.784989+00:00 [queued]>
[2022-03-07 19:54:28,530] {taskinstance.py:1238} INFO - 
--------------------------------------------------------------------------------
[2022-03-07 19:54:28,531] {taskinstance.py:1239} INFO - Starting attempt 1 of 2
[2022-03-07 19:54:28,535] {taskinstance.py:1240} INFO - 
--------------------------------------------------------------------------------
[2022-03-07 19:54:28,562] {taskinstance.py:1259} INFO - Executing <Task(PythonOperator): xsxsxqc.xsxsxqc_proccess_data> on 2022-03-06 10:29:52.784989+00:00
[2022-03-07 19:54:28,573] {standard_task_runner.py:52} INFO - Started process 139 to run task
[2022-03-07 19:54:28,595] {standard_task_runner.py:76} INFO - Running: ['***', 'tasks', 'run', 'tutorial', 'xsxsxqc.xsxsxqc_proccess_data', 'scheduled__2022-03-06T10:29:52.784989+00:00', '--job-id', '636', '--raw', '--subdir', 'DAGS_FOLDER/test_dag.py', '--cfg-path', '/tmp/tmppxop647e', '--error-file', '/tmp/tmp1zozfft0']
[2022-03-07 19:54:28,598] {standard_task_runner.py:77} INFO - Job 636: Subtask xsxsxqc.xsxsxqc_proccess_data
[2022-03-07 19:54:28,757] {logging_mixin.py:109} INFO - Running <TaskInstance: tutorial.xsxsxqc.xsxsxqc_proccess_data scheduled__2022-03-06T10:29:52.784989+00:00 [running]> on host ff48034dfdbf
[2022-03-07 19:54:28,921] {taskinstance.py:1426} INFO - Exporting the following env vars:
AIRFLOW_CTX_DAG_EMAIL=***@example.com
AIRFLOW_CTX_DAG_OWNER=***
AIRFLOW_CTX_DAG_ID=tutorial
AIRFLOW_CTX_TASK_ID=xsxsxqc.xsxsxqc_proccess_data
AIRFLOW_CTX_EXECUTION_DATE=2022-03-06T10:29:52.784989+00:00
AIRFLOW_CTX_DAG_RUN_ID=scheduled__2022-03-06T10:29:52.784989+00:00
[2022-03-07 19:55:28,936] {python.py:175} INFO - Done. Returned value was: None
[2022-03-07 19:55:28,954] {taskinstance.py:1277} INFO - Marking task as SUCCESS. dag_id=tutorial, task_id=xsxsxqc.xsxsxqc_proccess_data, execution_date=20220306T102952, start_date=20220307T195428, end_date=20220307T195528
[2022-03-07 19:55:29,007] {local_task_job.py:154} INFO - Task exited with return code 0
[2022-03-07 19:55:29,085] {local_task_job.py:264} INFO - 1 downstream tasks scheduled from follow-on schedule check
