[2022-02-23 21:45:05,462] {taskinstance.py:1032} INFO - Dependencies all met for <TaskInstance: tutorial.bsre.bsre_get_data scheduled__2022-02-22T21:44:04.027723+00:00 [queued]>
[2022-02-23 21:45:05,487] {taskinstance.py:1032} INFO - Dependencies all met for <TaskInstance: tutorial.bsre.bsre_get_data scheduled__2022-02-22T21:44:04.027723+00:00 [queued]>
[2022-02-23 21:45:05,489] {taskinstance.py:1238} INFO - 
--------------------------------------------------------------------------------
[2022-02-23 21:45:05,489] {taskinstance.py:1239} INFO - Starting attempt 1 of 2
[2022-02-23 21:45:05,490] {taskinstance.py:1240} INFO - 
--------------------------------------------------------------------------------
[2022-02-23 21:45:05,510] {taskinstance.py:1259} INFO - Executing <Task(PythonOperator): bsre.bsre_get_data> on 2022-02-22 21:44:04.027723+00:00
[2022-02-23 21:45:05,517] {standard_task_runner.py:52} INFO - Started process 523 to run task
[2022-02-23 21:45:05,523] {standard_task_runner.py:76} INFO - Running: ['***', 'tasks', 'run', 'tutorial', 'bsre.bsre_get_data', 'scheduled__2022-02-22T21:44:04.027723+00:00', '--job-id', '181', '--raw', '--subdir', 'DAGS_FOLDER/test_dag.py', '--cfg-path', '/tmp/tmpy56_sqhg', '--error-file', '/tmp/tmp8vq8oof3']
[2022-02-23 21:45:05,524] {standard_task_runner.py:77} INFO - Job 181: Subtask bsre.bsre_get_data
[2022-02-23 21:45:05,621] {logging_mixin.py:109} INFO - Running <TaskInstance: tutorial.bsre.bsre_get_data scheduled__2022-02-22T21:44:04.027723+00:00 [running]> on host ff48034dfdbf
[2022-02-23 21:45:05,688] {taskinstance.py:1426} INFO - Exporting the following env vars:
AIRFLOW_CTX_DAG_EMAIL=***@example.com
AIRFLOW_CTX_DAG_OWNER=***
AIRFLOW_CTX_DAG_ID=tutorial
AIRFLOW_CTX_TASK_ID=bsre.bsre_get_data
AIRFLOW_CTX_EXECUTION_DATE=2022-02-22T21:44:04.027723+00:00
AIRFLOW_CTX_DAG_RUN_ID=scheduled__2022-02-22T21:44:04.027723+00:00
[2022-02-23 21:46:05,708] {python.py:175} INFO - Done. Returned value was: None
[2022-02-23 21:46:05,728] {taskinstance.py:1277} INFO - Marking task as SUCCESS. dag_id=tutorial, task_id=bsre.bsre_get_data, execution_date=20220222T214404, start_date=20220223T214505, end_date=20220223T214605
[2022-02-23 21:46:05,751] {local_task_job.py:154} INFO - Task exited with return code 0
[2022-02-23 21:46:05,801] {local_task_job.py:264} INFO - 1 downstream tasks scheduled from follow-on schedule check
