[2022-03-02 21:52:22,572] {taskinstance.py:1032} INFO - Dependencies all met for <TaskInstance: tutorial.hfghfg.hfghfg_proccess_data scheduled__2022-03-01T21:51:17.549420+00:00 [queued]>
[2022-03-02 21:52:22,634] {taskinstance.py:1032} INFO - Dependencies all met for <TaskInstance: tutorial.hfghfg.hfghfg_proccess_data scheduled__2022-03-01T21:51:17.549420+00:00 [queued]>
[2022-03-02 21:52:22,648] {taskinstance.py:1238} INFO - 
--------------------------------------------------------------------------------
[2022-03-02 21:52:22,666] {taskinstance.py:1239} INFO - Starting attempt 1 of 2
[2022-03-02 21:52:22,682] {taskinstance.py:1240} INFO - 
--------------------------------------------------------------------------------
[2022-03-02 21:52:22,738] {taskinstance.py:1259} INFO - Executing <Task(PythonOperator): hfghfg.hfghfg_proccess_data> on 2022-03-01 21:51:17.549420+00:00
[2022-03-02 21:52:22,750] {standard_task_runner.py:52} INFO - Started process 15218 to run task
[2022-03-02 21:52:22,759] {standard_task_runner.py:76} INFO - Running: ['***', 'tasks', 'run', 'tutorial', 'hfghfg.hfghfg_proccess_data', 'scheduled__2022-03-01T21:51:17.549420+00:00', '--job-id', '448', '--raw', '--subdir', 'DAGS_FOLDER/test_dag.py', '--cfg-path', '/tmp/tmp0pqrfp7e', '--error-file', '/tmp/tmphj4b453_']
[2022-03-02 21:52:22,766] {standard_task_runner.py:77} INFO - Job 448: Subtask hfghfg.hfghfg_proccess_data
[2022-03-02 21:52:23,002] {logging_mixin.py:109} INFO - Running <TaskInstance: tutorial.hfghfg.hfghfg_proccess_data scheduled__2022-03-01T21:51:17.549420+00:00 [running]> on host ff48034dfdbf
[2022-03-02 21:52:23,167] {taskinstance.py:1426} INFO - Exporting the following env vars:
AIRFLOW_CTX_DAG_EMAIL=***@example.com
AIRFLOW_CTX_DAG_OWNER=***
AIRFLOW_CTX_DAG_ID=tutorial
AIRFLOW_CTX_TASK_ID=hfghfg.hfghfg_proccess_data
AIRFLOW_CTX_EXECUTION_DATE=2022-03-01T21:51:17.549420+00:00
AIRFLOW_CTX_DAG_RUN_ID=scheduled__2022-03-01T21:51:17.549420+00:00
[2022-03-02 21:53:23,141] {python.py:175} INFO - Done. Returned value was: None
[2022-03-02 21:53:23,163] {taskinstance.py:1277} INFO - Marking task as SUCCESS. dag_id=tutorial, task_id=hfghfg.hfghfg_proccess_data, execution_date=20220301T215117, start_date=20220302T215222, end_date=20220302T215323
[2022-03-02 21:53:23,215] {local_task_job.py:154} INFO - Task exited with return code 0
[2022-03-02 21:53:23,258] {local_task_job.py:264} INFO - 1 downstream tasks scheduled from follow-on schedule check
