[2022-04-23 14:23:46,984] {taskinstance.py:1032} INFO - Dependencies all met for <TaskInstance: tutorial.yryrty.yryrty_print_proccesed_data scheduled__2022-03-30T16:04:54.591828+00:00 [queued]>
[2022-04-23 14:23:47,025] {taskinstance.py:1032} INFO - Dependencies all met for <TaskInstance: tutorial.yryrty.yryrty_print_proccesed_data scheduled__2022-03-30T16:04:54.591828+00:00 [queued]>
[2022-04-23 14:23:47,026] {taskinstance.py:1238} INFO - 
--------------------------------------------------------------------------------
[2022-04-23 14:23:47,027] {taskinstance.py:1239} INFO - Starting attempt 1 of 2
[2022-04-23 14:23:47,028] {taskinstance.py:1240} INFO - 
--------------------------------------------------------------------------------
[2022-04-23 14:23:47,050] {taskinstance.py:1259} INFO - Executing <Task(PythonOperator): yryrty.yryrty_print_proccesed_data> on 2022-03-30 16:04:54.591828+00:00
[2022-04-23 14:23:47,064] {standard_task_runner.py:52} INFO - Started process 483 to run task
[2022-04-23 14:23:47,070] {standard_task_runner.py:76} INFO - Running: ['***', 'tasks', 'run', 'tutorial', 'yryrty.yryrty_print_proccesed_data', 'scheduled__2022-03-30T16:04:54.591828+00:00', '--job-id', '1172', '--raw', '--subdir', 'DAGS_FOLDER/test_dag.py', '--cfg-path', '/tmp/tmp2w7rssc_', '--error-file', '/tmp/tmpun_a71qy']
[2022-04-23 14:23:47,071] {standard_task_runner.py:77} INFO - Job 1172: Subtask yryrty.yryrty_print_proccesed_data
[2022-04-23 14:23:47,181] {logging_mixin.py:109} INFO - Running <TaskInstance: tutorial.yryrty.yryrty_print_proccesed_data scheduled__2022-03-30T16:04:54.591828+00:00 [running]> on host ff48034dfdbf
[2022-04-23 14:23:47,283] {taskinstance.py:1426} INFO - Exporting the following env vars:
AIRFLOW_CTX_DAG_EMAIL=***@example.com
AIRFLOW_CTX_DAG_OWNER=***
AIRFLOW_CTX_DAG_ID=tutorial
AIRFLOW_CTX_TASK_ID=yryrty.yryrty_print_proccesed_data
AIRFLOW_CTX_EXECUTION_DATE=2022-03-30T16:04:54.591828+00:00
AIRFLOW_CTX_DAG_RUN_ID=scheduled__2022-03-30T16:04:54.591828+00:00
[2022-04-23 14:24:47,306] {python.py:175} INFO - Done. Returned value was: None
[2022-04-23 14:24:47,355] {taskinstance.py:1277} INFO - Marking task as SUCCESS. dag_id=tutorial, task_id=yryrty.yryrty_print_proccesed_data, execution_date=20220330T160454, start_date=20220423T142346, end_date=20220423T142447
[2022-04-23 14:24:47,442] {local_task_job.py:154} INFO - Task exited with return code 0
[2022-04-23 14:24:47,580] {local_task_job.py:264} INFO - 0 downstream tasks scheduled from follow-on schedule check
