[2022-03-14 12:01:12,529] {taskinstance.py:1032} INFO - Dependencies all met for <TaskInstance: tutorial.eaeaz.eaeaz_get_data scheduled__2022-03-13T12:00:13.316065+00:00 [queued]>
[2022-03-14 12:01:12,543] {taskinstance.py:1032} INFO - Dependencies all met for <TaskInstance: tutorial.eaeaz.eaeaz_get_data scheduled__2022-03-13T12:00:13.316065+00:00 [queued]>
[2022-03-14 12:01:12,544] {taskinstance.py:1238} INFO - 
--------------------------------------------------------------------------------
[2022-03-14 12:01:12,545] {taskinstance.py:1239} INFO - Starting attempt 1 of 2
[2022-03-14 12:01:12,546] {taskinstance.py:1240} INFO - 
--------------------------------------------------------------------------------
[2022-03-14 12:01:12,561] {taskinstance.py:1259} INFO - Executing <Task(PythonOperator): eaeaz.eaeaz_get_data> on 2022-03-13 12:00:13.316065+00:00
[2022-03-14 12:01:12,567] {standard_task_runner.py:52} INFO - Started process 624 to run task
[2022-03-14 12:01:12,572] {standard_task_runner.py:76} INFO - Running: ['***', 'tasks', 'run', 'tutorial', 'eaeaz.eaeaz_get_data', 'scheduled__2022-03-13T12:00:13.316065+00:00', '--job-id', '775', '--raw', '--subdir', 'DAGS_FOLDER/test_dag.py', '--cfg-path', '/tmp/tmpespnv7tc', '--error-file', '/tmp/tmpcb91psf7']
[2022-03-14 12:01:12,573] {standard_task_runner.py:77} INFO - Job 775: Subtask eaeaz.eaeaz_get_data
[2022-03-14 12:01:12,656] {logging_mixin.py:109} INFO - Running <TaskInstance: tutorial.eaeaz.eaeaz_get_data scheduled__2022-03-13T12:00:13.316065+00:00 [running]> on host ff48034dfdbf
[2022-03-14 12:01:12,729] {taskinstance.py:1426} INFO - Exporting the following env vars:
AIRFLOW_CTX_DAG_EMAIL=***@example.com
AIRFLOW_CTX_DAG_OWNER=***
AIRFLOW_CTX_DAG_ID=tutorial
AIRFLOW_CTX_TASK_ID=eaeaz.eaeaz_get_data
AIRFLOW_CTX_EXECUTION_DATE=2022-03-13T12:00:13.316065+00:00
AIRFLOW_CTX_DAG_RUN_ID=scheduled__2022-03-13T12:00:13.316065+00:00
[2022-03-14 12:02:12,727] {python.py:175} INFO - Done. Returned value was: None
[2022-03-14 12:02:12,742] {taskinstance.py:1277} INFO - Marking task as SUCCESS. dag_id=tutorial, task_id=eaeaz.eaeaz_get_data, execution_date=20220313T120013, start_date=20220314T120112, end_date=20220314T120212
[2022-03-14 12:02:12,768] {local_task_job.py:154} INFO - Task exited with return code 0
[2022-03-14 12:02:12,890] {local_task_job.py:264} INFO - 0 downstream tasks scheduled from follow-on schedule check
