[2022-03-14 11:57:09,079] {taskinstance.py:1032} INFO - Dependencies all met for <TaskInstance: tutorial.pre.pre_proccess_data scheduled__2022-03-09T18:13:06.710203+00:00 [queued]>
[2022-03-14 11:57:09,116] {taskinstance.py:1032} INFO - Dependencies all met for <TaskInstance: tutorial.pre.pre_proccess_data scheduled__2022-03-09T18:13:06.710203+00:00 [queued]>
[2022-03-14 11:57:09,118] {taskinstance.py:1238} INFO - 
--------------------------------------------------------------------------------
[2022-03-14 11:57:09,120] {taskinstance.py:1239} INFO - Starting attempt 1 of 2
[2022-03-14 11:57:09,124] {taskinstance.py:1240} INFO - 
--------------------------------------------------------------------------------
[2022-03-14 11:57:09,167] {taskinstance.py:1259} INFO - Executing <Task(PythonOperator): pre.pre_proccess_data> on 2022-03-09 18:13:06.710203+00:00
[2022-03-14 11:57:09,188] {standard_task_runner.py:52} INFO - Started process 393 to run task
[2022-03-14 11:57:09,197] {standard_task_runner.py:76} INFO - Running: ['***', 'tasks', 'run', 'tutorial', 'pre.pre_proccess_data', 'scheduled__2022-03-09T18:13:06.710203+00:00', '--job-id', '737', '--raw', '--subdir', 'DAGS_FOLDER/test_dag.py', '--cfg-path', '/tmp/tmpc02rc841', '--error-file', '/tmp/tmpui6uo90t']
[2022-03-14 11:57:09,200] {standard_task_runner.py:77} INFO - Job 737: Subtask pre.pre_proccess_data
[2022-03-14 11:57:09,421] {logging_mixin.py:109} INFO - Running <TaskInstance: tutorial.pre.pre_proccess_data scheduled__2022-03-09T18:13:06.710203+00:00 [running]> on host ff48034dfdbf
[2022-03-14 11:57:09,578] {taskinstance.py:1426} INFO - Exporting the following env vars:
AIRFLOW_CTX_DAG_EMAIL=***@example.com
AIRFLOW_CTX_DAG_OWNER=***
AIRFLOW_CTX_DAG_ID=tutorial
AIRFLOW_CTX_TASK_ID=pre.pre_proccess_data
AIRFLOW_CTX_EXECUTION_DATE=2022-03-09T18:13:06.710203+00:00
AIRFLOW_CTX_DAG_RUN_ID=scheduled__2022-03-09T18:13:06.710203+00:00
[2022-03-14 11:58:09,598] {python.py:175} INFO - Done. Returned value was: None
[2022-03-14 11:58:09,682] {taskinstance.py:1277} INFO - Marking task as SUCCESS. dag_id=tutorial, task_id=pre.pre_proccess_data, execution_date=20220309T181306, start_date=20220314T115709, end_date=20220314T115809
[2022-03-14 11:58:09,716] {local_task_job.py:154} INFO - Task exited with return code 0
[2022-03-14 11:58:09,873] {local_task_job.py:264} INFO - 1 downstream tasks scheduled from follow-on schedule check
