[2022-04-26 14:01:31,437] {taskinstance.py:1032} INFO - Dependencies all met for <TaskInstance: tutorial.jghjg.jghjg_proccess_data scheduled__2022-04-25T13:59:28.202500+00:00 [queued]>
[2022-04-26 14:01:31,455] {taskinstance.py:1032} INFO - Dependencies all met for <TaskInstance: tutorial.jghjg.jghjg_proccess_data scheduled__2022-04-25T13:59:28.202500+00:00 [queued]>
[2022-04-26 14:01:31,456] {taskinstance.py:1238} INFO - 
--------------------------------------------------------------------------------
[2022-04-26 14:01:31,457] {taskinstance.py:1239} INFO - Starting attempt 1 of 2
[2022-04-26 14:01:31,458] {taskinstance.py:1240} INFO - 
--------------------------------------------------------------------------------
[2022-04-26 14:01:31,475] {taskinstance.py:1259} INFO - Executing <Task(PythonOperator): jghjg.jghjg_proccess_data> on 2022-04-25 13:59:28.202500+00:00
[2022-04-26 14:01:31,482] {standard_task_runner.py:52} INFO - Started process 564 to run task
[2022-04-26 14:01:31,489] {standard_task_runner.py:76} INFO - Running: ['***', 'tasks', 'run', 'tutorial', 'jghjg.jghjg_proccess_data', 'scheduled__2022-04-25T13:59:28.202500+00:00', '--job-id', '1328', '--raw', '--subdir', 'DAGS_FOLDER/test_dag.py', '--cfg-path', '/tmp/tmpn5qoizpw', '--error-file', '/tmp/tmp_1o1uh8w']
[2022-04-26 14:01:31,490] {standard_task_runner.py:77} INFO - Job 1328: Subtask jghjg.jghjg_proccess_data
[2022-04-26 14:01:31,602] {logging_mixin.py:109} INFO - Running <TaskInstance: tutorial.jghjg.jghjg_proccess_data scheduled__2022-04-25T13:59:28.202500+00:00 [running]> on host ff48034dfdbf
[2022-04-26 14:01:31,702] {taskinstance.py:1426} INFO - Exporting the following env vars:
AIRFLOW_CTX_DAG_EMAIL=***@example.com
AIRFLOW_CTX_DAG_OWNER=***
AIRFLOW_CTX_DAG_ID=tutorial
AIRFLOW_CTX_TASK_ID=jghjg.jghjg_proccess_data
AIRFLOW_CTX_EXECUTION_DATE=2022-04-25T13:59:28.202500+00:00
AIRFLOW_CTX_DAG_RUN_ID=scheduled__2022-04-25T13:59:28.202500+00:00
[2022-04-26 14:02:31,722] {python.py:175} INFO - Done. Returned value was: None
[2022-04-26 14:02:31,739] {taskinstance.py:1277} INFO - Marking task as SUCCESS. dag_id=tutorial, task_id=jghjg.jghjg_proccess_data, execution_date=20220425T135928, start_date=20220426T140131, end_date=20220426T140231
[2022-04-26 14:02:31,780] {local_task_job.py:154} INFO - Task exited with return code 0
[2022-04-26 14:02:31,836] {local_task_job.py:264} INFO - 1 downstream tasks scheduled from follow-on schedule check
