[2022-04-23 14:18:35,812] {taskinstance.py:1032} INFO - Dependencies all met for <TaskInstance: tutorial.wcccw.wcccw_get_data scheduled__2022-04-22T14:16:37.536651+00:00 [queued]>
[2022-04-23 14:18:35,841] {taskinstance.py:1032} INFO - Dependencies all met for <TaskInstance: tutorial.wcccw.wcccw_get_data scheduled__2022-04-22T14:16:37.536651+00:00 [queued]>
[2022-04-23 14:18:35,843] {taskinstance.py:1238} INFO - 
--------------------------------------------------------------------------------
[2022-04-23 14:18:35,844] {taskinstance.py:1239} INFO - Starting attempt 1 of 2
[2022-04-23 14:18:35,845] {taskinstance.py:1240} INFO - 
--------------------------------------------------------------------------------
[2022-04-23 14:18:35,877] {taskinstance.py:1259} INFO - Executing <Task(PythonOperator): wcccw.wcccw_get_data> on 2022-04-22 14:16:37.536651+00:00
[2022-04-23 14:18:35,889] {standard_task_runner.py:52} INFO - Started process 200 to run task
[2022-04-23 14:18:35,897] {standard_task_runner.py:76} INFO - Running: ['***', 'tasks', 'run', 'tutorial', 'wcccw.wcccw_get_data', 'scheduled__2022-04-22T14:16:37.536651+00:00', '--job-id', '1120', '--raw', '--subdir', 'DAGS_FOLDER/test_dag.py', '--cfg-path', '/tmp/tmprqeylcgp', '--error-file', '/tmp/tmpyrfb17wc']
[2022-04-23 14:18:35,899] {standard_task_runner.py:77} INFO - Job 1120: Subtask wcccw.wcccw_get_data
[2022-04-23 14:18:36,049] {logging_mixin.py:109} INFO - Running <TaskInstance: tutorial.wcccw.wcccw_get_data scheduled__2022-04-22T14:16:37.536651+00:00 [running]> on host ff48034dfdbf
[2022-04-23 14:18:36,169] {taskinstance.py:1426} INFO - Exporting the following env vars:
AIRFLOW_CTX_DAG_EMAIL=***@example.com
AIRFLOW_CTX_DAG_OWNER=***
AIRFLOW_CTX_DAG_ID=tutorial
AIRFLOW_CTX_TASK_ID=wcccw.wcccw_get_data
AIRFLOW_CTX_EXECUTION_DATE=2022-04-22T14:16:37.536651+00:00
AIRFLOW_CTX_DAG_RUN_ID=scheduled__2022-04-22T14:16:37.536651+00:00
[2022-04-23 14:19:36,190] {python.py:175} INFO - Done. Returned value was: None
[2022-04-23 14:19:36,345] {taskinstance.py:1277} INFO - Marking task as SUCCESS. dag_id=tutorial, task_id=wcccw.wcccw_get_data, execution_date=20220422T141637, start_date=20220423T141835, end_date=20220423T141936
[2022-04-23 14:19:36,461] {local_task_job.py:154} INFO - Task exited with return code 0
[2022-04-23 14:19:36,620] {local_task_job.py:264} INFO - 1 downstream tasks scheduled from follow-on schedule check
