[2022-03-09 18:13:10,962] {taskinstance.py:1032} INFO - Dependencies all met for <TaskInstance: tutorial.jghjg.jghjg_get_data scheduled__2022-03-07T10:29:52.784989+00:00 [queued]>
[2022-03-09 18:13:10,995] {taskinstance.py:1032} INFO - Dependencies all met for <TaskInstance: tutorial.jghjg.jghjg_get_data scheduled__2022-03-07T10:29:52.784989+00:00 [queued]>
[2022-03-09 18:13:10,998] {taskinstance.py:1238} INFO - 
--------------------------------------------------------------------------------
[2022-03-09 18:13:11,000] {taskinstance.py:1239} INFO - Starting attempt 1 of 2
[2022-03-09 18:13:11,001] {taskinstance.py:1240} INFO - 
--------------------------------------------------------------------------------
[2022-03-09 18:13:11,029] {taskinstance.py:1259} INFO - Executing <Task(PythonOperator): jghjg.jghjg_get_data> on 2022-03-07 10:29:52.784989+00:00
[2022-03-09 18:13:11,036] {standard_task_runner.py:52} INFO - Started process 84 to run task
[2022-03-09 18:13:11,052] {standard_task_runner.py:76} INFO - Running: ['***', 'tasks', 'run', 'tutorial', 'jghjg.jghjg_get_data', 'scheduled__2022-03-07T10:29:52.784989+00:00', '--job-id', '665', '--raw', '--subdir', 'DAGS_FOLDER/test_dag.py', '--cfg-path', '/tmp/tmpcd_wqaex', '--error-file', '/tmp/tmp1mavnmls']
[2022-03-09 18:13:11,054] {standard_task_runner.py:77} INFO - Job 665: Subtask jghjg.jghjg_get_data
[2022-03-09 18:13:11,188] {logging_mixin.py:109} INFO - Running <TaskInstance: tutorial.jghjg.jghjg_get_data scheduled__2022-03-07T10:29:52.784989+00:00 [running]> on host ff48034dfdbf
[2022-03-09 18:13:11,302] {taskinstance.py:1426} INFO - Exporting the following env vars:
AIRFLOW_CTX_DAG_EMAIL=***@example.com
AIRFLOW_CTX_DAG_OWNER=***
AIRFLOW_CTX_DAG_ID=tutorial
AIRFLOW_CTX_TASK_ID=jghjg.jghjg_get_data
AIRFLOW_CTX_EXECUTION_DATE=2022-03-07T10:29:52.784989+00:00
AIRFLOW_CTX_DAG_RUN_ID=scheduled__2022-03-07T10:29:52.784989+00:00
[2022-03-09 18:14:10,661] {taskinstance.py:1408} ERROR - Received SIGTERM. Terminating subprocesses.
