[2022-03-28 12:50:21,350] {taskinstance.py:1032} INFO - Dependencies all met for <TaskInstance: tutorial.xsxsxqc.xsxsxqc_proccess_data scheduled__2022-03-15T12:05:20.517459+00:00 [queued]>
[2022-03-28 12:50:21,383] {taskinstance.py:1032} INFO - Dependencies all met for <TaskInstance: tutorial.xsxsxqc.xsxsxqc_proccess_data scheduled__2022-03-15T12:05:20.517459+00:00 [queued]>
[2022-03-28 12:50:21,385] {taskinstance.py:1238} INFO - 
--------------------------------------------------------------------------------
[2022-03-28 12:50:21,386] {taskinstance.py:1239} INFO - Starting attempt 1 of 2
[2022-03-28 12:50:21,388] {taskinstance.py:1240} INFO - 
--------------------------------------------------------------------------------
[2022-03-28 12:50:21,431] {taskinstance.py:1259} INFO - Executing <Task(PythonOperator): xsxsxqc.xsxsxqc_proccess_data> on 2022-03-15 12:05:20.517459+00:00
[2022-03-28 12:50:21,442] {standard_task_runner.py:52} INFO - Started process 202 to run task
[2022-03-28 12:50:21,452] {standard_task_runner.py:76} INFO - Running: ['***', 'tasks', 'run', 'tutorial', 'xsxsxqc.xsxsxqc_proccess_data', 'scheduled__2022-03-15T12:05:20.517459+00:00', '--job-id', '969', '--raw', '--subdir', 'DAGS_FOLDER/test_dag.py', '--cfg-path', '/tmp/tmpl2z5lw7a', '--error-file', '/tmp/tmps2guphuh']
[2022-03-28 12:50:21,455] {standard_task_runner.py:77} INFO - Job 969: Subtask xsxsxqc.xsxsxqc_proccess_data
[2022-03-28 12:50:21,766] {logging_mixin.py:109} INFO - Running <TaskInstance: tutorial.xsxsxqc.xsxsxqc_proccess_data scheduled__2022-03-15T12:05:20.517459+00:00 [running]> on host ff48034dfdbf
[2022-03-28 12:50:21,979] {taskinstance.py:1426} INFO - Exporting the following env vars:
AIRFLOW_CTX_DAG_EMAIL=***@example.com
AIRFLOW_CTX_DAG_OWNER=***
AIRFLOW_CTX_DAG_ID=tutorial
AIRFLOW_CTX_TASK_ID=xsxsxqc.xsxsxqc_proccess_data
AIRFLOW_CTX_EXECUTION_DATE=2022-03-15T12:05:20.517459+00:00
AIRFLOW_CTX_DAG_RUN_ID=scheduled__2022-03-15T12:05:20.517459+00:00
[2022-03-28 12:51:21,972] {python.py:175} INFO - Done. Returned value was: None
[2022-03-28 12:51:21,991] {taskinstance.py:1277} INFO - Marking task as SUCCESS. dag_id=tutorial, task_id=xsxsxqc.xsxsxqc_proccess_data, execution_date=20220315T120520, start_date=20220328T125021, end_date=20220328T125121
[2022-03-28 12:51:22,030] {local_task_job.py:154} INFO - Task exited with return code 0
[2022-03-28 12:51:22,136] {local_task_job.py:264} INFO - 0 downstream tasks scheduled from follow-on schedule check
