[2022-04-23 14:27:54,390] {taskinstance.py:1032} INFO - Dependencies all met for <TaskInstance: tutorial.wcccw.wcccw_proccess_data scheduled__2022-04-22T14:25:49.377068+00:00 [queued]>
[2022-04-23 14:27:54,414] {taskinstance.py:1032} INFO - Dependencies all met for <TaskInstance: tutorial.wcccw.wcccw_proccess_data scheduled__2022-04-22T14:25:49.377068+00:00 [queued]>
[2022-04-23 14:27:54,415] {taskinstance.py:1238} INFO - 
--------------------------------------------------------------------------------
[2022-04-23 14:27:54,416] {taskinstance.py:1239} INFO - Starting attempt 1 of 2
[2022-04-23 14:27:54,417] {taskinstance.py:1240} INFO - 
--------------------------------------------------------------------------------
[2022-04-23 14:27:54,445] {taskinstance.py:1259} INFO - Executing <Task(PythonOperator): wcccw.wcccw_proccess_data> on 2022-04-22 14:25:49.377068+00:00
[2022-04-23 14:27:54,453] {standard_task_runner.py:52} INFO - Started process 716 to run task
[2022-04-23 14:27:54,460] {standard_task_runner.py:76} INFO - Running: ['***', 'tasks', 'run', 'tutorial', 'wcccw.wcccw_proccess_data', 'scheduled__2022-04-22T14:25:49.377068+00:00', '--job-id', '1206', '--raw', '--subdir', 'DAGS_FOLDER/test_dag.py', '--cfg-path', '/tmp/tmpu9gh36ws', '--error-file', '/tmp/tmp_wdhi3xc']
[2022-04-23 14:27:54,463] {standard_task_runner.py:77} INFO - Job 1206: Subtask wcccw.wcccw_proccess_data
[2022-04-23 14:27:54,611] {logging_mixin.py:109} INFO - Running <TaskInstance: tutorial.wcccw.wcccw_proccess_data scheduled__2022-04-22T14:25:49.377068+00:00 [running]> on host ff48034dfdbf
[2022-04-23 14:27:54,788] {taskinstance.py:1426} INFO - Exporting the following env vars:
AIRFLOW_CTX_DAG_EMAIL=***@example.com
AIRFLOW_CTX_DAG_OWNER=***
AIRFLOW_CTX_DAG_ID=tutorial
AIRFLOW_CTX_TASK_ID=wcccw.wcccw_proccess_data
AIRFLOW_CTX_EXECUTION_DATE=2022-04-22T14:25:49.377068+00:00
AIRFLOW_CTX_DAG_RUN_ID=scheduled__2022-04-22T14:25:49.377068+00:00
[2022-04-23 14:28:54,757] {python.py:175} INFO - Done. Returned value was: None
[2022-04-23 14:28:54,780] {taskinstance.py:1277} INFO - Marking task as SUCCESS. dag_id=tutorial, task_id=wcccw.wcccw_proccess_data, execution_date=20220422T142549, start_date=20220423T142754, end_date=20220423T142854
[2022-04-23 14:28:54,820] {local_task_job.py:154} INFO - Task exited with return code 0
[2022-04-23 14:28:54,873] {local_task_job.py:264} INFO - 1 downstream tasks scheduled from follow-on schedule check
