[2022-04-26 14:01:29,633] {taskinstance.py:1032} INFO - Dependencies all met for <TaskInstance: tutorial.xsxsxqc.xsxsxqc_proccess_data scheduled__2022-04-25T13:59:28.202500+00:00 [queued]>
[2022-04-26 14:01:29,653] {taskinstance.py:1032} INFO - Dependencies all met for <TaskInstance: tutorial.xsxsxqc.xsxsxqc_proccess_data scheduled__2022-04-25T13:59:28.202500+00:00 [queued]>
[2022-04-26 14:01:29,654] {taskinstance.py:1238} INFO - 
--------------------------------------------------------------------------------
[2022-04-26 14:01:29,655] {taskinstance.py:1239} INFO - Starting attempt 1 of 2
[2022-04-26 14:01:29,656] {taskinstance.py:1240} INFO - 
--------------------------------------------------------------------------------
[2022-04-26 14:01:29,672] {taskinstance.py:1259} INFO - Executing <Task(PythonOperator): xsxsxqc.xsxsxqc_proccess_data> on 2022-04-25 13:59:28.202500+00:00
[2022-04-26 14:01:29,679] {standard_task_runner.py:52} INFO - Started process 554 to run task
[2022-04-26 14:01:29,685] {standard_task_runner.py:76} INFO - Running: ['***', 'tasks', 'run', 'tutorial', 'xsxsxqc.xsxsxqc_proccess_data', 'scheduled__2022-04-25T13:59:28.202500+00:00', '--job-id', '1322', '--raw', '--subdir', 'DAGS_FOLDER/test_dag.py', '--cfg-path', '/tmp/tmpuyvy_why', '--error-file', '/tmp/tmpni6p6mzg']
[2022-04-26 14:01:29,687] {standard_task_runner.py:77} INFO - Job 1322: Subtask xsxsxqc.xsxsxqc_proccess_data
[2022-04-26 14:01:29,780] {logging_mixin.py:109} INFO - Running <TaskInstance: tutorial.xsxsxqc.xsxsxqc_proccess_data scheduled__2022-04-25T13:59:28.202500+00:00 [running]> on host ff48034dfdbf
[2022-04-26 14:01:29,866] {taskinstance.py:1426} INFO - Exporting the following env vars:
AIRFLOW_CTX_DAG_EMAIL=***@example.com
AIRFLOW_CTX_DAG_OWNER=***
AIRFLOW_CTX_DAG_ID=tutorial
AIRFLOW_CTX_TASK_ID=xsxsxqc.xsxsxqc_proccess_data
AIRFLOW_CTX_EXECUTION_DATE=2022-04-25T13:59:28.202500+00:00
AIRFLOW_CTX_DAG_RUN_ID=scheduled__2022-04-25T13:59:28.202500+00:00
[2022-04-26 14:02:29,839] {python.py:175} INFO - Done. Returned value was: None
[2022-04-26 14:02:29,859] {taskinstance.py:1277} INFO - Marking task as SUCCESS. dag_id=tutorial, task_id=xsxsxqc.xsxsxqc_proccess_data, execution_date=20220425T135928, start_date=20220426T140129, end_date=20220426T140229
[2022-04-26 14:02:29,902] {local_task_job.py:154} INFO - Task exited with return code 0
[2022-04-26 14:02:29,951] {local_task_job.py:264} INFO - 1 downstream tasks scheduled from follow-on schedule check
