[2022-04-28 12:30:47,428] {taskinstance.py:1032} INFO - Dependencies all met for <TaskInstance: tutorial.eaeaz.eaeaz_proccess_data scheduled__2022-04-27T12:29:40.424433+00:00 [queued]>
[2022-04-28 12:30:47,460] {taskinstance.py:1032} INFO - Dependencies all met for <TaskInstance: tutorial.eaeaz.eaeaz_proccess_data scheduled__2022-04-27T12:29:40.424433+00:00 [queued]>
[2022-04-28 12:30:47,462] {taskinstance.py:1238} INFO - 
--------------------------------------------------------------------------------
[2022-04-28 12:30:47,463] {taskinstance.py:1239} INFO - Starting attempt 1 of 2
[2022-04-28 12:30:47,465] {taskinstance.py:1240} INFO - 
--------------------------------------------------------------------------------
[2022-04-28 12:30:47,492] {taskinstance.py:1259} INFO - Executing <Task(PythonOperator): eaeaz.eaeaz_proccess_data> on 2022-04-27 12:29:40.424433+00:00
[2022-04-28 12:30:47,501] {standard_task_runner.py:52} INFO - Started process 155 to run task
[2022-04-28 12:30:47,508] {standard_task_runner.py:76} INFO - Running: ['***', 'tasks', 'run', 'tutorial', 'eaeaz.eaeaz_proccess_data', 'scheduled__2022-04-27T12:29:40.424433+00:00', '--job-id', '1378', '--raw', '--subdir', 'DAGS_FOLDER/test_dag.py', '--cfg-path', '/tmp/tmpmky9xz8i', '--error-file', '/tmp/tmpc94fw9oo']
[2022-04-28 12:30:47,510] {standard_task_runner.py:77} INFO - Job 1378: Subtask eaeaz.eaeaz_proccess_data
[2022-04-28 12:30:47,625] {logging_mixin.py:109} INFO - Running <TaskInstance: tutorial.eaeaz.eaeaz_proccess_data scheduled__2022-04-27T12:29:40.424433+00:00 [running]> on host d5ad096ffea5
[2022-04-28 12:30:47,708] {taskinstance.py:1426} INFO - Exporting the following env vars:
AIRFLOW_CTX_DAG_EMAIL=***@example.com
AIRFLOW_CTX_DAG_OWNER=***
AIRFLOW_CTX_DAG_ID=tutorial
AIRFLOW_CTX_TASK_ID=eaeaz.eaeaz_proccess_data
AIRFLOW_CTX_EXECUTION_DATE=2022-04-27T12:29:40.424433+00:00
AIRFLOW_CTX_DAG_RUN_ID=scheduled__2022-04-27T12:29:40.424433+00:00
[2022-04-28 12:31:47,728] {python.py:175} INFO - Done. Returned value was: None
[2022-04-28 12:31:47,782] {taskinstance.py:1277} INFO - Marking task as SUCCESS. dag_id=tutorial, task_id=eaeaz.eaeaz_proccess_data, execution_date=20220427T122940, start_date=20220428T123047, end_date=20220428T123147
[2022-04-28 12:31:47,851] {local_task_job.py:154} INFO - Task exited with return code 0
[2022-04-28 12:31:48,120] {local_task_job.py:264} INFO - 1 downstream tasks scheduled from follow-on schedule check
