[2022-03-05 10:32:56,784] {taskinstance.py:1032} INFO - Dependencies all met for <TaskInstance: tutorial.hfghfg.hfghfg_proccess_data scheduled__2022-03-04T10:29:52.784989+00:00 [queued]>
[2022-03-05 10:32:56,813] {taskinstance.py:1032} INFO - Dependencies all met for <TaskInstance: tutorial.hfghfg.hfghfg_proccess_data scheduled__2022-03-04T10:29:52.784989+00:00 [queued]>
[2022-03-05 10:32:56,814] {taskinstance.py:1238} INFO - 
--------------------------------------------------------------------------------
[2022-03-05 10:32:56,815] {taskinstance.py:1239} INFO - Starting attempt 1 of 2
[2022-03-05 10:32:56,816] {taskinstance.py:1240} INFO - 
--------------------------------------------------------------------------------
[2022-03-05 10:32:56,840] {taskinstance.py:1259} INFO - Executing <Task(PythonOperator): hfghfg.hfghfg_proccess_data> on 2022-03-04 10:29:52.784989+00:00
[2022-03-05 10:32:56,848] {standard_task_runner.py:52} INFO - Started process 665 to run task
[2022-03-05 10:32:56,858] {standard_task_runner.py:76} INFO - Running: ['***', 'tasks', 'run', 'tutorial', 'hfghfg.hfghfg_proccess_data', 'scheduled__2022-03-04T10:29:52.784989+00:00', '--job-id', '572', '--raw', '--subdir', 'DAGS_FOLDER/test_dag.py', '--cfg-path', '/tmp/tmpq6a8sz6l', '--error-file', '/tmp/tmpf2tpdgo1']
[2022-03-05 10:32:56,860] {standard_task_runner.py:77} INFO - Job 572: Subtask hfghfg.hfghfg_proccess_data
[2022-03-05 10:32:56,995] {logging_mixin.py:109} INFO - Running <TaskInstance: tutorial.hfghfg.hfghfg_proccess_data scheduled__2022-03-04T10:29:52.784989+00:00 [running]> on host ff48034dfdbf
[2022-03-05 10:32:57,085] {taskinstance.py:1426} INFO - Exporting the following env vars:
AIRFLOW_CTX_DAG_EMAIL=***@example.com
AIRFLOW_CTX_DAG_OWNER=***
AIRFLOW_CTX_DAG_ID=tutorial
AIRFLOW_CTX_TASK_ID=hfghfg.hfghfg_proccess_data
AIRFLOW_CTX_EXECUTION_DATE=2022-03-04T10:29:52.784989+00:00
AIRFLOW_CTX_DAG_RUN_ID=scheduled__2022-03-04T10:29:52.784989+00:00
[2022-03-05 10:33:57,055] {python.py:175} INFO - Done. Returned value was: None
[2022-03-05 10:33:57,121] {taskinstance.py:1277} INFO - Marking task as SUCCESS. dag_id=tutorial, task_id=hfghfg.hfghfg_proccess_data, execution_date=20220304T102952, start_date=20220305T103256, end_date=20220305T103357
[2022-03-05 10:33:57,176] {local_task_job.py:154} INFO - Task exited with return code 0
[2022-03-05 10:33:57,316] {local_task_job.py:264} INFO - 1 downstream tasks scheduled from follow-on schedule check
