[2022-04-23 14:16:32,129] {taskinstance.py:1032} INFO - Dependencies all met for <TaskInstance: tutorial.hfghfg.hfghfg_get_data scheduled__2022-03-30T16:04:54.591828+00:00 [queued]>
[2022-04-23 14:16:32,173] {taskinstance.py:1032} INFO - Dependencies all met for <TaskInstance: tutorial.hfghfg.hfghfg_get_data scheduled__2022-03-30T16:04:54.591828+00:00 [queued]>
[2022-04-23 14:16:32,175] {taskinstance.py:1238} INFO - 
--------------------------------------------------------------------------------
[2022-04-23 14:16:32,176] {taskinstance.py:1239} INFO - Starting attempt 1 of 2
[2022-04-23 14:16:32,178] {taskinstance.py:1240} INFO - 
--------------------------------------------------------------------------------
[2022-04-23 14:16:32,207] {taskinstance.py:1259} INFO - Executing <Task(PythonOperator): hfghfg.hfghfg_get_data> on 2022-03-30 16:04:54.591828+00:00
[2022-04-23 14:16:32,216] {standard_task_runner.py:52} INFO - Started process 93 to run task
[2022-04-23 14:16:32,236] {standard_task_runner.py:76} INFO - Running: ['***', 'tasks', 'run', 'tutorial', 'hfghfg.hfghfg_get_data', 'scheduled__2022-03-30T16:04:54.591828+00:00', '--job-id', '1097', '--raw', '--subdir', 'DAGS_FOLDER/test_dag.py', '--cfg-path', '/tmp/tmpebambqsc', '--error-file', '/tmp/tmps7zw7zv1']
[2022-04-23 14:16:32,241] {standard_task_runner.py:77} INFO - Job 1097: Subtask hfghfg.hfghfg_get_data
[2022-04-23 14:16:32,470] {logging_mixin.py:109} INFO - Running <TaskInstance: tutorial.hfghfg.hfghfg_get_data scheduled__2022-03-30T16:04:54.591828+00:00 [running]> on host ff48034dfdbf
[2022-04-23 14:16:32,643] {taskinstance.py:1426} INFO - Exporting the following env vars:
AIRFLOW_CTX_DAG_EMAIL=***@example.com
AIRFLOW_CTX_DAG_OWNER=***
AIRFLOW_CTX_DAG_ID=tutorial
AIRFLOW_CTX_TASK_ID=hfghfg.hfghfg_get_data
AIRFLOW_CTX_EXECUTION_DATE=2022-03-30T16:04:54.591828+00:00
AIRFLOW_CTX_DAG_RUN_ID=scheduled__2022-03-30T16:04:54.591828+00:00
[2022-04-23 14:17:32,618] {python.py:175} INFO - Done. Returned value was: None
[2022-04-23 14:17:32,670] {taskinstance.py:1277} INFO - Marking task as SUCCESS. dag_id=tutorial, task_id=hfghfg.hfghfg_get_data, execution_date=20220330T160454, start_date=20220423T141632, end_date=20220423T141732
[2022-04-23 14:17:32,759] {local_task_job.py:154} INFO - Task exited with return code 0
[2022-04-23 14:17:32,893] {local_task_job.py:264} INFO - 1 downstream tasks scheduled from follow-on schedule check
