[2022-04-28 15:45:53,999] {taskinstance.py:1032} INFO - Dependencies all met for <TaskInstance: cdn_daily.import_pre.run_pre.alm manual__2022-04-28T15:45:52.388232+00:00 [queued]>
[2022-04-28 15:45:54,044] {taskinstance.py:1032} INFO - Dependencies all met for <TaskInstance: cdn_daily.import_pre.run_pre.alm manual__2022-04-28T15:45:52.388232+00:00 [queued]>
[2022-04-28 15:45:54,045] {taskinstance.py:1238} INFO - 
--------------------------------------------------------------------------------
[2022-04-28 15:45:54,047] {taskinstance.py:1239} INFO - Starting attempt 1 of 2
[2022-04-28 15:45:54,048] {taskinstance.py:1240} INFO - 
--------------------------------------------------------------------------------
[2022-04-28 15:45:54,083] {taskinstance.py:1259} INFO - Executing <Task(PythonOperator): import_pre.run_pre.alm> on 2022-04-28 15:45:52.388232+00:00
[2022-04-28 15:45:54,097] {standard_task_runner.py:52} INFO - Started process 2203 to run task
[2022-04-28 15:45:54,107] {standard_task_runner.py:76} INFO - Running: ['***', 'tasks', 'run', 'cdn_daily', 'import_pre.run_pre.alm', 'manual__2022-04-28T15:45:52.388232+00:00', '--job-id', '1496', '--raw', '--subdir', 'DAGS_FOLDER/cdn_daily.py', '--cfg-path', '/tmp/tmpj220pvii', '--error-file', '/tmp/tmpsxv8cu9u']
[2022-04-28 15:45:54,111] {standard_task_runner.py:77} INFO - Job 1496: Subtask import_pre.run_pre.alm
[2022-04-28 15:45:54,275] {logging_mixin.py:109} INFO - Running <TaskInstance: cdn_daily.import_pre.run_pre.alm manual__2022-04-28T15:45:52.388232+00:00 [running]> on host d5ad096ffea5
[2022-04-28 15:45:54,377] {taskinstance.py:1426} INFO - Exporting the following env vars:
AIRFLOW_CTX_DAG_EMAIL=***@example.com
AIRFLOW_CTX_DAG_OWNER=***
AIRFLOW_CTX_DAG_ID=cdn_daily
AIRFLOW_CTX_TASK_ID=import_pre.run_pre.alm
AIRFLOW_CTX_EXECUTION_DATE=2022-04-28T15:45:52.388232+00:00
AIRFLOW_CTX_DAG_RUN_ID=manual__2022-04-28T15:45:52.388232+00:00
[2022-04-28 15:45:54,420] {python.py:175} INFO - Done. Returned value was: None
[2022-04-28 15:45:54,446] {taskinstance.py:1277} INFO - Marking task as SUCCESS. dag_id=cdn_daily, task_id=import_pre.run_pre.alm, execution_date=20220428T154552, start_date=20220428T154554, end_date=20220428T154554
[2022-04-28 15:45:54,491] {local_task_job.py:154} INFO - Task exited with return code 0
[2022-04-28 15:45:54,587] {local_task_job.py:264} INFO - 1 downstream tasks scheduled from follow-on schedule check
