[2022-03-28 12:54:27,787] {taskinstance.py:1032} INFO - Dependencies all met for <TaskInstance: tutorial.hfghfg.hfghfg_print_proccesed_data scheduled__2022-03-27T12:47:50.362235+00:00 [queued]>
[2022-03-28 12:54:27,806] {taskinstance.py:1032} INFO - Dependencies all met for <TaskInstance: tutorial.hfghfg.hfghfg_print_proccesed_data scheduled__2022-03-27T12:47:50.362235+00:00 [queued]>
[2022-03-28 12:54:27,807] {taskinstance.py:1238} INFO - 
--------------------------------------------------------------------------------
[2022-03-28 12:54:27,808] {taskinstance.py:1239} INFO - Starting attempt 1 of 2
[2022-03-28 12:54:27,809] {taskinstance.py:1240} INFO - 
--------------------------------------------------------------------------------
[2022-03-28 12:54:27,826] {taskinstance.py:1259} INFO - Executing <Task(PythonOperator): hfghfg.hfghfg_print_proccesed_data> on 2022-03-27 12:47:50.362235+00:00
[2022-03-28 12:54:27,832] {standard_task_runner.py:52} INFO - Started process 448 to run task
[2022-03-28 12:54:27,838] {standard_task_runner.py:76} INFO - Running: ['***', 'tasks', 'run', 'tutorial', 'hfghfg.hfghfg_print_proccesed_data', 'scheduled__2022-03-27T12:47:50.362235+00:00', '--job-id', '1011', '--raw', '--subdir', 'DAGS_FOLDER/test_dag.py', '--cfg-path', '/tmp/tmp9cwyo7qk', '--error-file', '/tmp/tmpi9s5ylq2']
[2022-03-28 12:54:27,840] {standard_task_runner.py:77} INFO - Job 1011: Subtask hfghfg.hfghfg_print_proccesed_data
[2022-03-28 12:54:27,939] {logging_mixin.py:109} INFO - Running <TaskInstance: tutorial.hfghfg.hfghfg_print_proccesed_data scheduled__2022-03-27T12:47:50.362235+00:00 [running]> on host ff48034dfdbf
[2022-03-28 12:54:28,032] {taskinstance.py:1426} INFO - Exporting the following env vars:
AIRFLOW_CTX_DAG_EMAIL=***@example.com
AIRFLOW_CTX_DAG_OWNER=***
AIRFLOW_CTX_DAG_ID=tutorial
AIRFLOW_CTX_TASK_ID=hfghfg.hfghfg_print_proccesed_data
AIRFLOW_CTX_EXECUTION_DATE=2022-03-27T12:47:50.362235+00:00
AIRFLOW_CTX_DAG_RUN_ID=scheduled__2022-03-27T12:47:50.362235+00:00
[2022-03-28 12:55:27,995] {python.py:175} INFO - Done. Returned value was: None
[2022-03-28 12:55:28,094] {taskinstance.py:1277} INFO - Marking task as SUCCESS. dag_id=tutorial, task_id=hfghfg.hfghfg_print_proccesed_data, execution_date=20220327T124750, start_date=20220328T125427, end_date=20220328T125528
[2022-03-28 12:55:28,150] {local_task_job.py:154} INFO - Task exited with return code 0
[2022-03-28 12:55:28,246] {local_task_job.py:264} INFO - 0 downstream tasks scheduled from follow-on schedule check
