[2022-04-26 13:56:22,556] {taskinstance.py:1032} INFO - Dependencies all met for <TaskInstance: tutorial.eaeaz.eaeaz_proccess_data scheduled__2022-04-25T13:53:09.676172+00:00 [queued]>
[2022-04-26 13:56:22,611] {taskinstance.py:1032} INFO - Dependencies all met for <TaskInstance: tutorial.eaeaz.eaeaz_proccess_data scheduled__2022-04-25T13:53:09.676172+00:00 [queued]>
[2022-04-26 13:56:22,614] {taskinstance.py:1238} INFO - 
--------------------------------------------------------------------------------
[2022-04-26 13:56:22,616] {taskinstance.py:1239} INFO - Starting attempt 1 of 2
[2022-04-26 13:56:22,617] {taskinstance.py:1240} INFO - 
--------------------------------------------------------------------------------
[2022-04-26 13:56:22,654] {taskinstance.py:1259} INFO - Executing <Task(PythonOperator): eaeaz.eaeaz_proccess_data> on 2022-04-25 13:53:09.676172+00:00
[2022-04-26 13:56:22,663] {standard_task_runner.py:52} INFO - Started process 260 to run task
[2022-04-26 13:56:22,672] {standard_task_runner.py:76} INFO - Running: ['***', 'tasks', 'run', 'tutorial', 'eaeaz.eaeaz_proccess_data', 'scheduled__2022-04-25T13:53:09.676172+00:00', '--job-id', '1275', '--raw', '--subdir', 'DAGS_FOLDER/test_dag.py', '--cfg-path', '/tmp/tmprvu2sw17', '--error-file', '/tmp/tmpr2qambx8']
[2022-04-26 13:56:22,674] {standard_task_runner.py:77} INFO - Job 1275: Subtask eaeaz.eaeaz_proccess_data
[2022-04-26 13:56:22,829] {logging_mixin.py:109} INFO - Running <TaskInstance: tutorial.eaeaz.eaeaz_proccess_data scheduled__2022-04-25T13:53:09.676172+00:00 [running]> on host ff48034dfdbf
[2022-04-26 13:56:23,021] {taskinstance.py:1426} INFO - Exporting the following env vars:
AIRFLOW_CTX_DAG_EMAIL=***@example.com
AIRFLOW_CTX_DAG_OWNER=***
AIRFLOW_CTX_DAG_ID=tutorial
AIRFLOW_CTX_TASK_ID=eaeaz.eaeaz_proccess_data
AIRFLOW_CTX_EXECUTION_DATE=2022-04-25T13:53:09.676172+00:00
AIRFLOW_CTX_DAG_RUN_ID=scheduled__2022-04-25T13:53:09.676172+00:00
[2022-04-26 13:57:23,046] {python.py:175} INFO - Done. Returned value was: None
[2022-04-26 13:57:23,079] {taskinstance.py:1277} INFO - Marking task as SUCCESS. dag_id=tutorial, task_id=eaeaz.eaeaz_proccess_data, execution_date=20220425T135309, start_date=20220426T135622, end_date=20220426T135723
[2022-04-26 13:57:23,126] {local_task_job.py:154} INFO - Task exited with return code 0
[2022-04-26 13:57:23,245] {local_task_job.py:264} INFO - 1 downstream tasks scheduled from follow-on schedule check
