[2022-03-07 19:54:28,312] {taskinstance.py:1032} INFO - Dependencies all met for <TaskInstance: tutorial.cat.cat_proccess_data scheduled__2022-03-06T10:29:52.784989+00:00 [queued]>
[2022-03-07 19:54:28,341] {taskinstance.py:1032} INFO - Dependencies all met for <TaskInstance: tutorial.cat.cat_proccess_data scheduled__2022-03-06T10:29:52.784989+00:00 [queued]>
[2022-03-07 19:54:28,342] {taskinstance.py:1238} INFO - 
--------------------------------------------------------------------------------
[2022-03-07 19:54:28,343] {taskinstance.py:1239} INFO - Starting attempt 1 of 2
[2022-03-07 19:54:28,345] {taskinstance.py:1240} INFO - 
--------------------------------------------------------------------------------
[2022-03-07 19:54:28,374] {taskinstance.py:1259} INFO - Executing <Task(PythonOperator): cat.cat_proccess_data> on 2022-03-06 10:29:52.784989+00:00
[2022-03-07 19:54:28,384] {standard_task_runner.py:52} INFO - Started process 135 to run task
[2022-03-07 19:54:28,391] {standard_task_runner.py:76} INFO - Running: ['***', 'tasks', 'run', 'tutorial', 'cat.cat_proccess_data', 'scheduled__2022-03-06T10:29:52.784989+00:00', '--job-id', '638', '--raw', '--subdir', 'DAGS_FOLDER/test_dag.py', '--cfg-path', '/tmp/tmpzfqdogzu', '--error-file', '/tmp/tmpof4jmrs5']
[2022-03-07 19:54:28,399] {standard_task_runner.py:77} INFO - Job 638: Subtask cat.cat_proccess_data
[2022-03-07 19:54:28,613] {logging_mixin.py:109} INFO - Running <TaskInstance: tutorial.cat.cat_proccess_data scheduled__2022-03-06T10:29:52.784989+00:00 [running]> on host ff48034dfdbf
[2022-03-07 19:54:28,799] {taskinstance.py:1426} INFO - Exporting the following env vars:
AIRFLOW_CTX_DAG_EMAIL=***@example.com
AIRFLOW_CTX_DAG_OWNER=***
AIRFLOW_CTX_DAG_ID=tutorial
AIRFLOW_CTX_TASK_ID=cat.cat_proccess_data
AIRFLOW_CTX_EXECUTION_DATE=2022-03-06T10:29:52.784989+00:00
AIRFLOW_CTX_DAG_RUN_ID=scheduled__2022-03-06T10:29:52.784989+00:00
[2022-03-07 19:55:28,767] {python.py:175} INFO - Done. Returned value was: None
[2022-03-07 19:55:28,782] {taskinstance.py:1277} INFO - Marking task as SUCCESS. dag_id=tutorial, task_id=cat.cat_proccess_data, execution_date=20220306T102952, start_date=20220307T195428, end_date=20220307T195528
[2022-03-07 19:55:28,808] {local_task_job.py:154} INFO - Task exited with return code 0
[2022-03-07 19:55:28,853] {local_task_job.py:264} INFO - 1 downstream tasks scheduled from follow-on schedule check
