[2022-03-14 11:54:05,440] {taskinstance.py:1032} INFO - Dependencies all met for <TaskInstance: tutorial.pre.pre_get_data scheduled__2022-03-13T11:51:30.016366+00:00 [queued]>
[2022-03-14 11:54:05,456] {taskinstance.py:1032} INFO - Dependencies all met for <TaskInstance: tutorial.pre.pre_get_data scheduled__2022-03-13T11:51:30.016366+00:00 [queued]>
[2022-03-14 11:54:05,457] {taskinstance.py:1238} INFO - 
--------------------------------------------------------------------------------
[2022-03-14 11:54:05,458] {taskinstance.py:1239} INFO - Starting attempt 1 of 2
[2022-03-14 11:54:05,459] {taskinstance.py:1240} INFO - 
--------------------------------------------------------------------------------
[2022-03-14 11:54:05,474] {taskinstance.py:1259} INFO - Executing <Task(PythonOperator): pre.pre_get_data> on 2022-03-13 11:51:30.016366+00:00
[2022-03-14 11:54:05,479] {standard_task_runner.py:52} INFO - Started process 220 to run task
[2022-03-14 11:54:05,484] {standard_task_runner.py:76} INFO - Running: ['***', 'tasks', 'run', 'tutorial', 'pre.pre_get_data', 'scheduled__2022-03-13T11:51:30.016366+00:00', '--job-id', '713', '--raw', '--subdir', 'DAGS_FOLDER/test_dag.py', '--cfg-path', '/tmp/tmp52_ze8eg', '--error-file', '/tmp/tmp9csnh6f8']
[2022-03-14 11:54:05,485] {standard_task_runner.py:77} INFO - Job 713: Subtask pre.pre_get_data
[2022-03-14 11:54:05,561] {logging_mixin.py:109} INFO - Running <TaskInstance: tutorial.pre.pre_get_data scheduled__2022-03-13T11:51:30.016366+00:00 [running]> on host ff48034dfdbf
[2022-03-14 11:54:05,627] {taskinstance.py:1426} INFO - Exporting the following env vars:
AIRFLOW_CTX_DAG_EMAIL=***@example.com
AIRFLOW_CTX_DAG_OWNER=***
AIRFLOW_CTX_DAG_ID=tutorial
AIRFLOW_CTX_TASK_ID=pre.pre_get_data
AIRFLOW_CTX_EXECUTION_DATE=2022-03-13T11:51:30.016366+00:00
AIRFLOW_CTX_DAG_RUN_ID=scheduled__2022-03-13T11:51:30.016366+00:00
[2022-03-14 11:55:05,650] {python.py:175} INFO - Done. Returned value was: None
[2022-03-14 11:55:05,721] {taskinstance.py:1277} INFO - Marking task as SUCCESS. dag_id=tutorial, task_id=pre.pre_get_data, execution_date=20220313T115130, start_date=20220314T115405, end_date=20220314T115505
[2022-03-14 11:55:05,798] {local_task_job.py:154} INFO - Task exited with return code 0
[2022-03-14 11:55:06,455] {local_task_job.py:264} INFO - 0 downstream tasks scheduled from follow-on schedule check
