[2022-02-23 21:46:06,352] {taskinstance.py:1032} INFO - Dependencies all met for <TaskInstance: tutorial.eaeaz.eaeaz_proccess_data scheduled__2022-02-22T21:44:04.027723+00:00 [queued]>
[2022-02-23 21:46:06,377] {taskinstance.py:1032} INFO - Dependencies all met for <TaskInstance: tutorial.eaeaz.eaeaz_proccess_data scheduled__2022-02-22T21:44:04.027723+00:00 [queued]>
[2022-02-23 21:46:06,378] {taskinstance.py:1238} INFO - 
--------------------------------------------------------------------------------
[2022-02-23 21:46:06,380] {taskinstance.py:1239} INFO - Starting attempt 1 of 2
[2022-02-23 21:46:06,381] {taskinstance.py:1240} INFO - 
--------------------------------------------------------------------------------
[2022-02-23 21:46:06,398] {taskinstance.py:1259} INFO - Executing <Task(PythonOperator): eaeaz.eaeaz_proccess_data> on 2022-02-22 21:44:04.027723+00:00
[2022-02-23 21:46:06,406] {standard_task_runner.py:52} INFO - Started process 582 to run task
[2022-02-23 21:46:06,416] {standard_task_runner.py:76} INFO - Running: ['***', 'tasks', 'run', 'tutorial', 'eaeaz.eaeaz_proccess_data', 'scheduled__2022-02-22T21:44:04.027723+00:00', '--job-id', '183', '--raw', '--subdir', 'DAGS_FOLDER/test_dag.py', '--cfg-path', '/tmp/tmpk5hgrw11', '--error-file', '/tmp/tmp85a_nwf3']
[2022-02-23 21:46:06,418] {standard_task_runner.py:77} INFO - Job 183: Subtask eaeaz.eaeaz_proccess_data
[2022-02-23 21:46:06,525] {logging_mixin.py:109} INFO - Running <TaskInstance: tutorial.eaeaz.eaeaz_proccess_data scheduled__2022-02-22T21:44:04.027723+00:00 [running]> on host ff48034dfdbf
[2022-02-23 21:46:06,643] {taskinstance.py:1426} INFO - Exporting the following env vars:
AIRFLOW_CTX_DAG_EMAIL=***@example.com
AIRFLOW_CTX_DAG_OWNER=***
AIRFLOW_CTX_DAG_ID=tutorial
AIRFLOW_CTX_TASK_ID=eaeaz.eaeaz_proccess_data
AIRFLOW_CTX_EXECUTION_DATE=2022-02-22T21:44:04.027723+00:00
AIRFLOW_CTX_DAG_RUN_ID=scheduled__2022-02-22T21:44:04.027723+00:00
[2022-02-23 21:47:06,618] {python.py:175} INFO - Done. Returned value was: None
[2022-02-23 21:47:06,634] {taskinstance.py:1277} INFO - Marking task as SUCCESS. dag_id=tutorial, task_id=eaeaz.eaeaz_proccess_data, execution_date=20220222T214404, start_date=20220223T214606, end_date=20220223T214706
[2022-02-23 21:47:06,658] {local_task_job.py:154} INFO - Task exited with return code 0
[2022-02-23 21:47:06,693] {local_task_job.py:264} INFO - 1 downstream tasks scheduled from follow-on schedule check
