[2022-03-01 21:51:20,824] {taskinstance.py:1032} INFO - Dependencies all met for <TaskInstance: tutorial.pre.pre_get_data scheduled__2022-02-28T21:51:17.549420+00:00 [queued]>
[2022-03-01 21:51:20,865] {taskinstance.py:1032} INFO - Dependencies all met for <TaskInstance: tutorial.pre.pre_get_data scheduled__2022-02-28T21:51:17.549420+00:00 [queued]>
[2022-03-01 21:51:20,867] {taskinstance.py:1238} INFO - 
--------------------------------------------------------------------------------
[2022-03-01 21:51:20,869] {taskinstance.py:1239} INFO - Starting attempt 1 of 2
[2022-03-01 21:51:20,871] {taskinstance.py:1240} INFO - 
--------------------------------------------------------------------------------
[2022-03-01 21:51:20,905] {taskinstance.py:1259} INFO - Executing <Task(PythonOperator): pre.pre_get_data> on 2022-02-28 21:51:17.549420+00:00
[2022-03-01 21:51:20,917] {standard_task_runner.py:52} INFO - Started process 5744 to run task
[2022-03-01 21:51:20,936] {standard_task_runner.py:76} INFO - Running: ['***', 'tasks', 'run', 'tutorial', 'pre.pre_get_data', 'scheduled__2022-02-28T21:51:17.549420+00:00', '--job-id', '404', '--raw', '--subdir', 'DAGS_FOLDER/test_dag.py', '--cfg-path', '/tmp/tmpdqyqv38j', '--error-file', '/tmp/tmpvby1koyc']
[2022-03-01 21:51:20,967] {standard_task_runner.py:77} INFO - Job 404: Subtask pre.pre_get_data
[2022-03-01 21:51:21,151] {logging_mixin.py:109} INFO - Running <TaskInstance: tutorial.pre.pre_get_data scheduled__2022-02-28T21:51:17.549420+00:00 [running]> on host ff48034dfdbf
[2022-03-01 21:51:21,303] {taskinstance.py:1426} INFO - Exporting the following env vars:
AIRFLOW_CTX_DAG_EMAIL=***@example.com
AIRFLOW_CTX_DAG_OWNER=***
AIRFLOW_CTX_DAG_ID=tutorial
AIRFLOW_CTX_TASK_ID=pre.pre_get_data
AIRFLOW_CTX_EXECUTION_DATE=2022-02-28T21:51:17.549420+00:00
AIRFLOW_CTX_DAG_RUN_ID=scheduled__2022-02-28T21:51:17.549420+00:00
[2022-03-01 21:52:21,285] {python.py:175} INFO - Done. Returned value was: None
[2022-03-01 21:52:21,302] {taskinstance.py:1277} INFO - Marking task as SUCCESS. dag_id=tutorial, task_id=pre.pre_get_data, execution_date=20220228T215117, start_date=20220301T215120, end_date=20220301T215221
[2022-03-01 21:52:21,333] {local_task_job.py:154} INFO - Task exited with return code 0
[2022-03-01 21:52:21,392] {local_task_job.py:264} INFO - 1 downstream tasks scheduled from follow-on schedule check
