[2022-03-14 11:53:02,969] {taskinstance.py:1032} INFO - Dependencies all met for <TaskInstance: tutorial.pre.pre_get_data scheduled__2022-03-08T18:13:06.710203+00:00 [queued]>
[2022-03-14 11:53:03,007] {taskinstance.py:1032} INFO - Dependencies all met for <TaskInstance: tutorial.pre.pre_get_data scheduled__2022-03-08T18:13:06.710203+00:00 [queued]>
[2022-03-14 11:53:03,012] {taskinstance.py:1238} INFO - 
--------------------------------------------------------------------------------
[2022-03-14 11:53:03,014] {taskinstance.py:1239} INFO - Starting attempt 1 of 2
[2022-03-14 11:53:03,016] {taskinstance.py:1240} INFO - 
--------------------------------------------------------------------------------
[2022-03-14 11:53:03,064] {taskinstance.py:1259} INFO - Executing <Task(PythonOperator): pre.pre_get_data> on 2022-03-08 18:13:06.710203+00:00
[2022-03-14 11:53:03,076] {standard_task_runner.py:52} INFO - Started process 153 to run task
[2022-03-14 11:53:03,091] {standard_task_runner.py:76} INFO - Running: ['***', 'tasks', 'run', 'tutorial', 'pre.pre_get_data', 'scheduled__2022-03-08T18:13:06.710203+00:00', '--job-id', '699', '--raw', '--subdir', 'DAGS_FOLDER/test_dag.py', '--cfg-path', '/tmp/tmpdtf3u2p4', '--error-file', '/tmp/tmpdo9kiyi9']
[2022-03-14 11:53:03,096] {standard_task_runner.py:77} INFO - Job 699: Subtask pre.pre_get_data
[2022-03-14 11:53:03,271] {logging_mixin.py:109} INFO - Running <TaskInstance: tutorial.pre.pre_get_data scheduled__2022-03-08T18:13:06.710203+00:00 [running]> on host ff48034dfdbf
[2022-03-14 11:53:03,421] {taskinstance.py:1426} INFO - Exporting the following env vars:
AIRFLOW_CTX_DAG_EMAIL=***@example.com
AIRFLOW_CTX_DAG_OWNER=***
AIRFLOW_CTX_DAG_ID=tutorial
AIRFLOW_CTX_TASK_ID=pre.pre_get_data
AIRFLOW_CTX_EXECUTION_DATE=2022-03-08T18:13:06.710203+00:00
AIRFLOW_CTX_DAG_RUN_ID=scheduled__2022-03-08T18:13:06.710203+00:00
[2022-03-14 11:54:03,442] {python.py:175} INFO - Done. Returned value was: None
[2022-03-14 11:54:03,472] {taskinstance.py:1277} INFO - Marking task as SUCCESS. dag_id=tutorial, task_id=pre.pre_get_data, execution_date=20220308T181306, start_date=20220314T115302, end_date=20220314T115403
[2022-03-14 11:54:03,500] {local_task_job.py:154} INFO - Task exited with return code 0
[2022-03-14 11:54:03,645] {local_task_job.py:264} INFO - 0 downstream tasks scheduled from follow-on schedule check
