[2022-03-14 12:07:23,202] {taskinstance.py:1032} INFO - Dependencies all met for <TaskInstance: tutorial.cat.cat_proccess_data scheduled__2022-03-13T12:04:19.461189+00:00 [queued]>
[2022-03-14 12:07:23,218] {taskinstance.py:1032} INFO - Dependencies all met for <TaskInstance: tutorial.cat.cat_proccess_data scheduled__2022-03-13T12:04:19.461189+00:00 [queued]>
[2022-03-14 12:07:23,220] {taskinstance.py:1238} INFO - 
--------------------------------------------------------------------------------
[2022-03-14 12:07:23,221] {taskinstance.py:1239} INFO - Starting attempt 1 of 2
[2022-03-14 12:07:23,221] {taskinstance.py:1240} INFO - 
--------------------------------------------------------------------------------
[2022-03-14 12:07:23,239] {taskinstance.py:1259} INFO - Executing <Task(PythonOperator): cat.cat_proccess_data> on 2022-03-13 12:04:19.461189+00:00
[2022-03-14 12:07:23,244] {standard_task_runner.py:52} INFO - Started process 1003 to run task
[2022-03-14 12:07:23,249] {standard_task_runner.py:76} INFO - Running: ['***', 'tasks', 'run', 'tutorial', 'cat.cat_proccess_data', 'scheduled__2022-03-13T12:04:19.461189+00:00', '--job-id', '840', '--raw', '--subdir', 'DAGS_FOLDER/test_dag.py', '--cfg-path', '/tmp/tmpxhguw2lj', '--error-file', '/tmp/tmphcyp29lc']
[2022-03-14 12:07:23,251] {standard_task_runner.py:77} INFO - Job 840: Subtask cat.cat_proccess_data
[2022-03-14 12:07:23,339] {logging_mixin.py:109} INFO - Running <TaskInstance: tutorial.cat.cat_proccess_data scheduled__2022-03-13T12:04:19.461189+00:00 [running]> on host ff48034dfdbf
[2022-03-14 12:07:23,433] {taskinstance.py:1426} INFO - Exporting the following env vars:
AIRFLOW_CTX_DAG_EMAIL=***@example.com
AIRFLOW_CTX_DAG_OWNER=***
AIRFLOW_CTX_DAG_ID=tutorial
AIRFLOW_CTX_TASK_ID=cat.cat_proccess_data
AIRFLOW_CTX_EXECUTION_DATE=2022-03-13T12:04:19.461189+00:00
AIRFLOW_CTX_DAG_RUN_ID=scheduled__2022-03-13T12:04:19.461189+00:00
[2022-03-14 12:08:23,451] {python.py:175} INFO - Done. Returned value was: None
[2022-03-14 12:08:23,476] {taskinstance.py:1277} INFO - Marking task as SUCCESS. dag_id=tutorial, task_id=cat.cat_proccess_data, execution_date=20220313T120419, start_date=20220314T120723, end_date=20220314T120823
[2022-03-14 12:08:23,523] {local_task_job.py:154} INFO - Task exited with return code 0
[2022-03-14 12:08:23,757] {local_task_job.py:264} INFO - 0 downstream tasks scheduled from follow-on schedule check
