[2022-04-23 14:28:55,688] {taskinstance.py:1032} INFO - Dependencies all met for <TaskInstance: tutorial.jghjg.jghjg_proccess_data scheduled__2022-04-22T14:25:49.377068+00:00 [queued]>
[2022-04-23 14:28:55,730] {taskinstance.py:1032} INFO - Dependencies all met for <TaskInstance: tutorial.jghjg.jghjg_proccess_data scheduled__2022-04-22T14:25:49.377068+00:00 [queued]>
[2022-04-23 14:28:55,731] {taskinstance.py:1238} INFO - 
--------------------------------------------------------------------------------
[2022-04-23 14:28:55,733] {taskinstance.py:1239} INFO - Starting attempt 1 of 2
[2022-04-23 14:28:55,735] {taskinstance.py:1240} INFO - 
--------------------------------------------------------------------------------
[2022-04-23 14:28:55,769] {taskinstance.py:1259} INFO - Executing <Task(PythonOperator): jghjg.jghjg_proccess_data> on 2022-04-22 14:25:49.377068+00:00
[2022-04-23 14:28:55,791] {standard_task_runner.py:76} INFO - Running: ['***', 'tasks', 'run', 'tutorial', 'jghjg.jghjg_proccess_data', 'scheduled__2022-04-22T14:25:49.377068+00:00', '--job-id', '1215', '--raw', '--subdir', 'DAGS_FOLDER/test_dag.py', '--cfg-path', '/tmp/tmp234ombv3', '--error-file', '/tmp/tmp9k9h7qcy']
[2022-04-23 14:28:55,799] {standard_task_runner.py:77} INFO - Job 1215: Subtask jghjg.jghjg_proccess_data
[2022-04-23 14:28:55,783] {standard_task_runner.py:52} INFO - Started process 770 to run task
[2022-04-23 14:28:55,993] {logging_mixin.py:109} INFO - Running <TaskInstance: tutorial.jghjg.jghjg_proccess_data scheduled__2022-04-22T14:25:49.377068+00:00 [running]> on host ff48034dfdbf
[2022-04-23 14:28:56,218] {taskinstance.py:1426} INFO - Exporting the following env vars:
AIRFLOW_CTX_DAG_EMAIL=***@example.com
AIRFLOW_CTX_DAG_OWNER=***
AIRFLOW_CTX_DAG_ID=tutorial
AIRFLOW_CTX_TASK_ID=jghjg.jghjg_proccess_data
AIRFLOW_CTX_EXECUTION_DATE=2022-04-22T14:25:49.377068+00:00
AIRFLOW_CTX_DAG_RUN_ID=scheduled__2022-04-22T14:25:49.377068+00:00
[2022-04-23 14:29:56,210] {python.py:175} INFO - Done. Returned value was: None
[2022-04-23 14:29:56,240] {taskinstance.py:1277} INFO - Marking task as SUCCESS. dag_id=tutorial, task_id=jghjg.jghjg_proccess_data, execution_date=20220422T142549, start_date=20220423T142855, end_date=20220423T142956
[2022-04-23 14:29:56,316] {local_task_job.py:154} INFO - Task exited with return code 0
[2022-04-23 14:29:56,365] {local_task_job.py:264} INFO - 1 downstream tasks scheduled from follow-on schedule check
