[2022-02-27 21:52:20,781] {taskinstance.py:1032} INFO - Dependencies all met for <TaskInstance: tutorial.cat.cat_get_data scheduled__2022-02-26T21:51:17.549420+00:00 [queued]>
[2022-02-27 21:52:20,812] {taskinstance.py:1032} INFO - Dependencies all met for <TaskInstance: tutorial.cat.cat_get_data scheduled__2022-02-26T21:51:17.549420+00:00 [queued]>
[2022-02-27 21:52:20,818] {taskinstance.py:1238} INFO - 
--------------------------------------------------------------------------------
[2022-02-27 21:52:20,821] {taskinstance.py:1239} INFO - Starting attempt 1 of 2
[2022-02-27 21:52:20,823] {taskinstance.py:1240} INFO - 
--------------------------------------------------------------------------------
[2022-02-27 21:52:20,856] {taskinstance.py:1259} INFO - Executing <Task(PythonOperator): cat.cat_get_data> on 2022-02-26 21:51:17.549420+00:00
[2022-02-27 21:52:20,868] {standard_task_runner.py:52} INFO - Started process 9841 to run task
[2022-02-27 21:52:20,876] {standard_task_runner.py:76} INFO - Running: ['***', 'tasks', 'run', 'tutorial', 'cat.cat_get_data', 'scheduled__2022-02-26T21:51:17.549420+00:00', '--job-id', '335', '--raw', '--subdir', 'DAGS_FOLDER/test_dag.py', '--cfg-path', '/tmp/tmpjnoleny8', '--error-file', '/tmp/tmpcogz8cz0']
[2022-02-27 21:52:20,882] {standard_task_runner.py:77} INFO - Job 335: Subtask cat.cat_get_data
[2022-02-27 21:52:21,074] {logging_mixin.py:109} INFO - Running <TaskInstance: tutorial.cat.cat_get_data scheduled__2022-02-26T21:51:17.549420+00:00 [running]> on host ff48034dfdbf
[2022-02-27 21:52:21,234] {taskinstance.py:1426} INFO - Exporting the following env vars:
AIRFLOW_CTX_DAG_EMAIL=***@example.com
AIRFLOW_CTX_DAG_OWNER=***
AIRFLOW_CTX_DAG_ID=tutorial
AIRFLOW_CTX_TASK_ID=cat.cat_get_data
AIRFLOW_CTX_EXECUTION_DATE=2022-02-26T21:51:17.549420+00:00
AIRFLOW_CTX_DAG_RUN_ID=scheduled__2022-02-26T21:51:17.549420+00:00
[2022-02-27 21:53:21,185] {python.py:175} INFO - Done. Returned value was: None
[2022-02-27 21:53:21,210] {taskinstance.py:1277} INFO - Marking task as SUCCESS. dag_id=tutorial, task_id=cat.cat_get_data, execution_date=20220226T215117, start_date=20220227T215220, end_date=20220227T215321
[2022-02-27 21:53:21,248] {local_task_job.py:154} INFO - Task exited with return code 0
[2022-02-27 21:53:21,323] {local_task_job.py:264} INFO - 1 downstream tasks scheduled from follow-on schedule check
