[2022-04-28 12:32:49,831] {taskinstance.py:1032} INFO - Dependencies all met for <TaskInstance: tutorial.bsre.bsre_print_proccesed_data scheduled__2022-04-27T12:29:40.424433+00:00 [queued]>
[2022-04-28 12:32:49,864] {taskinstance.py:1032} INFO - Dependencies all met for <TaskInstance: tutorial.bsre.bsre_print_proccesed_data scheduled__2022-04-27T12:29:40.424433+00:00 [queued]>
[2022-04-28 12:32:49,867] {taskinstance.py:1238} INFO - 
--------------------------------------------------------------------------------
[2022-04-28 12:32:49,870] {taskinstance.py:1239} INFO - Starting attempt 1 of 2
[2022-04-28 12:32:49,872] {taskinstance.py:1240} INFO - 
--------------------------------------------------------------------------------
[2022-04-28 12:32:49,908] {taskinstance.py:1259} INFO - Executing <Task(PythonOperator): bsre.bsre_print_proccesed_data> on 2022-04-27 12:29:40.424433+00:00
[2022-04-28 12:32:49,925] {standard_task_runner.py:52} INFO - Started process 260 to run task
[2022-04-28 12:32:49,933] {standard_task_runner.py:76} INFO - Running: ['***', 'tasks', 'run', 'tutorial', 'bsre.bsre_print_proccesed_data', 'scheduled__2022-04-27T12:29:40.424433+00:00', '--job-id', '1392', '--raw', '--subdir', 'DAGS_FOLDER/test_dag.py', '--cfg-path', '/tmp/tmpwlt53j3_', '--error-file', '/tmp/tmpp8fovmeu']
[2022-04-28 12:32:49,936] {standard_task_runner.py:77} INFO - Job 1392: Subtask bsre.bsre_print_proccesed_data
[2022-04-28 12:32:50,153] {logging_mixin.py:109} INFO - Running <TaskInstance: tutorial.bsre.bsre_print_proccesed_data scheduled__2022-04-27T12:29:40.424433+00:00 [running]> on host d5ad096ffea5
[2022-04-28 12:32:50,365] {taskinstance.py:1426} INFO - Exporting the following env vars:
AIRFLOW_CTX_DAG_EMAIL=***@example.com
AIRFLOW_CTX_DAG_OWNER=***
AIRFLOW_CTX_DAG_ID=tutorial
AIRFLOW_CTX_TASK_ID=bsre.bsre_print_proccesed_data
AIRFLOW_CTX_EXECUTION_DATE=2022-04-27T12:29:40.424433+00:00
AIRFLOW_CTX_DAG_RUN_ID=scheduled__2022-04-27T12:29:40.424433+00:00
[2022-04-28 12:33:50,390] {python.py:175} INFO - Done. Returned value was: None
[2022-04-28 12:33:50,406] {taskinstance.py:1277} INFO - Marking task as SUCCESS. dag_id=tutorial, task_id=bsre.bsre_print_proccesed_data, execution_date=20220427T122940, start_date=20220428T123249, end_date=20220428T123350
[2022-04-28 12:33:50,434] {local_task_job.py:154} INFO - Task exited with return code 0
[2022-04-28 12:33:50,470] {local_task_job.py:264} INFO - 0 downstream tasks scheduled from follow-on schedule check
