[2022-02-27 21:52:22,606] {taskinstance.py:1032} INFO - Dependencies all met for <TaskInstance: tutorial.gdgfg.gdgfg_proccess_data scheduled__2022-02-26T21:51:17.549420+00:00 [queued]>
[2022-02-27 21:52:22,635] {taskinstance.py:1032} INFO - Dependencies all met for <TaskInstance: tutorial.gdgfg.gdgfg_proccess_data scheduled__2022-02-26T21:51:17.549420+00:00 [queued]>
[2022-02-27 21:52:22,637] {taskinstance.py:1238} INFO - 
--------------------------------------------------------------------------------
[2022-02-27 21:52:22,638] {taskinstance.py:1239} INFO - Starting attempt 1 of 2
[2022-02-27 21:52:22,640] {taskinstance.py:1240} INFO - 
--------------------------------------------------------------------------------
[2022-02-27 21:52:22,668] {taskinstance.py:1259} INFO - Executing <Task(PythonOperator): gdgfg.gdgfg_proccess_data> on 2022-02-26 21:51:17.549420+00:00
[2022-02-27 21:52:22,675] {standard_task_runner.py:52} INFO - Started process 9853 to run task
[2022-02-27 21:52:22,683] {standard_task_runner.py:76} INFO - Running: ['***', 'tasks', 'run', 'tutorial', 'gdgfg.gdgfg_proccess_data', 'scheduled__2022-02-26T21:51:17.549420+00:00', '--job-id', '338', '--raw', '--subdir', 'DAGS_FOLDER/test_dag.py', '--cfg-path', '/tmp/tmpx2tu6un1', '--error-file', '/tmp/tmptajo_66w']
[2022-02-27 21:52:22,685] {standard_task_runner.py:77} INFO - Job 338: Subtask gdgfg.gdgfg_proccess_data
[2022-02-27 21:52:22,785] {logging_mixin.py:109} INFO - Running <TaskInstance: tutorial.gdgfg.gdgfg_proccess_data scheduled__2022-02-26T21:51:17.549420+00:00 [running]> on host ff48034dfdbf
[2022-02-27 21:52:22,879] {taskinstance.py:1426} INFO - Exporting the following env vars:
AIRFLOW_CTX_DAG_EMAIL=***@example.com
AIRFLOW_CTX_DAG_OWNER=***
AIRFLOW_CTX_DAG_ID=tutorial
AIRFLOW_CTX_TASK_ID=gdgfg.gdgfg_proccess_data
AIRFLOW_CTX_EXECUTION_DATE=2022-02-26T21:51:17.549420+00:00
AIRFLOW_CTX_DAG_RUN_ID=scheduled__2022-02-26T21:51:17.549420+00:00
[2022-02-27 21:53:22,832] {python.py:175} INFO - Done. Returned value was: None
[2022-02-27 21:53:22,847] {taskinstance.py:1277} INFO - Marking task as SUCCESS. dag_id=tutorial, task_id=gdgfg.gdgfg_proccess_data, execution_date=20220226T215117, start_date=20220227T215222, end_date=20220227T215322
[2022-02-27 21:53:22,886] {local_task_job.py:154} INFO - Task exited with return code 0
[2022-02-27 21:53:22,928] {local_task_job.py:264} INFO - 1 downstream tasks scheduled from follow-on schedule check
