[2022-03-14 12:03:18,578] {taskinstance.py:1032} INFO - Dependencies all met for <TaskInstance: tutorial.dqsdqsd.dqsdqsd_print_proccesed_data scheduled__2022-03-09T18:13:06.710203+00:00 [queued]>
[2022-03-14 12:03:18,602] {taskinstance.py:1032} INFO - Dependencies all met for <TaskInstance: tutorial.dqsdqsd.dqsdqsd_print_proccesed_data scheduled__2022-03-09T18:13:06.710203+00:00 [queued]>
[2022-03-14 12:03:18,603] {taskinstance.py:1238} INFO - 
--------------------------------------------------------------------------------
[2022-03-14 12:03:18,604] {taskinstance.py:1239} INFO - Starting attempt 1 of 2
[2022-03-14 12:03:18,605] {taskinstance.py:1240} INFO - 
--------------------------------------------------------------------------------
[2022-03-14 12:03:18,629] {taskinstance.py:1259} INFO - Executing <Task(PythonOperator): dqsdqsd.dqsdqsd_print_proccesed_data> on 2022-03-09 18:13:06.710203+00:00
[2022-03-14 12:03:18,641] {standard_task_runner.py:52} INFO - Started process 756 to run task
[2022-03-14 12:03:18,654] {standard_task_runner.py:76} INFO - Running: ['***', 'tasks', 'run', 'tutorial', 'dqsdqsd.dqsdqsd_print_proccesed_data', 'scheduled__2022-03-09T18:13:06.710203+00:00', '--job-id', '799', '--raw', '--subdir', 'DAGS_FOLDER/test_dag.py', '--cfg-path', '/tmp/tmpti00oeqk', '--error-file', '/tmp/tmpubfxg5fq']
[2022-03-14 12:03:18,657] {standard_task_runner.py:77} INFO - Job 799: Subtask dqsdqsd.dqsdqsd_print_proccesed_data
[2022-03-14 12:03:18,817] {logging_mixin.py:109} INFO - Running <TaskInstance: tutorial.dqsdqsd.dqsdqsd_print_proccesed_data scheduled__2022-03-09T18:13:06.710203+00:00 [running]> on host ff48034dfdbf
[2022-03-14 12:03:18,952] {taskinstance.py:1426} INFO - Exporting the following env vars:
AIRFLOW_CTX_DAG_EMAIL=***@example.com
AIRFLOW_CTX_DAG_OWNER=***
AIRFLOW_CTX_DAG_ID=tutorial
AIRFLOW_CTX_TASK_ID=dqsdqsd.dqsdqsd_print_proccesed_data
AIRFLOW_CTX_EXECUTION_DATE=2022-03-09T18:13:06.710203+00:00
AIRFLOW_CTX_DAG_RUN_ID=scheduled__2022-03-09T18:13:06.710203+00:00
[2022-03-14 12:04:18,972] {python.py:175} INFO - Done. Returned value was: None
[2022-03-14 12:04:19,046] {taskinstance.py:1277} INFO - Marking task as SUCCESS. dag_id=tutorial, task_id=dqsdqsd.dqsdqsd_print_proccesed_data, execution_date=20220309T181306, start_date=20220314T120318, end_date=20220314T120419
[2022-03-14 12:04:19,111] {local_task_job.py:154} INFO - Task exited with return code 0
[2022-03-14 12:04:19,165] {local_task_job.py:264} INFO - 0 downstream tasks scheduled from follow-on schedule check
