[2022-03-28 12:55:28,875] {taskinstance.py:1032} INFO - Dependencies all met for <TaskInstance: tutorial.hfghfg.hfghfg_get_data scheduled__2022-03-27T12:54:27.698780+00:00 [queued]>
[2022-03-28 12:55:28,899] {taskinstance.py:1032} INFO - Dependencies all met for <TaskInstance: tutorial.hfghfg.hfghfg_get_data scheduled__2022-03-27T12:54:27.698780+00:00 [queued]>
[2022-03-28 12:55:28,900] {taskinstance.py:1238} INFO - 
--------------------------------------------------------------------------------
[2022-03-28 12:55:28,902] {taskinstance.py:1239} INFO - Starting attempt 1 of 2
[2022-03-28 12:55:28,903] {taskinstance.py:1240} INFO - 
--------------------------------------------------------------------------------
[2022-03-28 12:55:28,927] {taskinstance.py:1259} INFO - Executing <Task(PythonOperator): hfghfg.hfghfg_get_data> on 2022-03-27 12:54:27.698780+00:00
[2022-03-28 12:55:28,936] {standard_task_runner.py:52} INFO - Started process 503 to run task
[2022-03-28 12:55:28,943] {standard_task_runner.py:76} INFO - Running: ['***', 'tasks', 'run', 'tutorial', 'hfghfg.hfghfg_get_data', 'scheduled__2022-03-27T12:54:27.698780+00:00', '--job-id', '1021', '--raw', '--subdir', 'DAGS_FOLDER/test_dag.py', '--cfg-path', '/tmp/tmpzze82uye', '--error-file', '/tmp/tmp7q4ycqs6']
[2022-03-28 12:55:28,945] {standard_task_runner.py:77} INFO - Job 1021: Subtask hfghfg.hfghfg_get_data
[2022-03-28 12:55:29,119] {logging_mixin.py:109} INFO - Running <TaskInstance: tutorial.hfghfg.hfghfg_get_data scheduled__2022-03-27T12:54:27.698780+00:00 [running]> on host ff48034dfdbf
[2022-03-28 12:55:29,244] {taskinstance.py:1426} INFO - Exporting the following env vars:
AIRFLOW_CTX_DAG_EMAIL=***@example.com
AIRFLOW_CTX_DAG_OWNER=***
AIRFLOW_CTX_DAG_ID=tutorial
AIRFLOW_CTX_TASK_ID=hfghfg.hfghfg_get_data
AIRFLOW_CTX_EXECUTION_DATE=2022-03-27T12:54:27.698780+00:00
AIRFLOW_CTX_DAG_RUN_ID=scheduled__2022-03-27T12:54:27.698780+00:00
[2022-03-28 13:16:26,564] {python.py:175} INFO - Done. Returned value was: None
[2022-03-28 13:16:27,852] {taskinstance.py:1277} INFO - Marking task as SUCCESS. dag_id=tutorial, task_id=hfghfg.hfghfg_get_data, execution_date=20220327T125427, start_date=20220328T125528, end_date=20220328T131627
[2022-03-28 13:16:27,949] {local_task_job.py:154} INFO - Task exited with return code 0
[2022-03-28 13:16:28,306] {local_task_job.py:264} INFO - 0 downstream tasks scheduled from follow-on schedule check
