[2022-03-14 11:55:05,090] {taskinstance.py:1032} INFO - Dependencies all met for <TaskInstance: tutorial.fsqfqf.fsqfqf_get_data scheduled__2022-03-13T11:51:30.016366+00:00 [queued]>
[2022-03-14 11:55:05,112] {taskinstance.py:1032} INFO - Dependencies all met for <TaskInstance: tutorial.fsqfqf.fsqfqf_get_data scheduled__2022-03-13T11:51:30.016366+00:00 [queued]>
[2022-03-14 11:55:05,114] {taskinstance.py:1238} INFO - 
--------------------------------------------------------------------------------
[2022-03-14 11:55:05,115] {taskinstance.py:1239} INFO - Starting attempt 1 of 2
[2022-03-14 11:55:05,116] {taskinstance.py:1240} INFO - 
--------------------------------------------------------------------------------
[2022-03-14 11:55:05,148] {taskinstance.py:1259} INFO - Executing <Task(PythonOperator): fsqfqf.fsqfqf_get_data> on 2022-03-13 11:51:30.016366+00:00
[2022-03-14 11:55:05,156] {standard_task_runner.py:52} INFO - Started process 259 to run task
[2022-03-14 11:55:05,181] {standard_task_runner.py:76} INFO - Running: ['***', 'tasks', 'run', 'tutorial', 'fsqfqf.fsqfqf_get_data', 'scheduled__2022-03-13T11:51:30.016366+00:00', '--job-id', '714', '--raw', '--subdir', 'DAGS_FOLDER/test_dag.py', '--cfg-path', '/tmp/tmptj_wq3tt', '--error-file', '/tmp/tmpr4wvusm9']
[2022-03-14 11:55:05,183] {standard_task_runner.py:77} INFO - Job 714: Subtask fsqfqf.fsqfqf_get_data
[2022-03-14 11:55:05,356] {logging_mixin.py:109} INFO - Running <TaskInstance: tutorial.fsqfqf.fsqfqf_get_data scheduled__2022-03-13T11:51:30.016366+00:00 [running]> on host ff48034dfdbf
[2022-03-14 11:55:05,723] {taskinstance.py:1426} INFO - Exporting the following env vars:
AIRFLOW_CTX_DAG_EMAIL=***@example.com
AIRFLOW_CTX_DAG_OWNER=***
AIRFLOW_CTX_DAG_ID=tutorial
AIRFLOW_CTX_TASK_ID=fsqfqf.fsqfqf_get_data
AIRFLOW_CTX_EXECUTION_DATE=2022-03-13T11:51:30.016366+00:00
AIRFLOW_CTX_DAG_RUN_ID=scheduled__2022-03-13T11:51:30.016366+00:00
[2022-03-14 11:56:05,720] {python.py:175} INFO - Done. Returned value was: None
[2022-03-14 11:56:05,740] {taskinstance.py:1277} INFO - Marking task as SUCCESS. dag_id=tutorial, task_id=fsqfqf.fsqfqf_get_data, execution_date=20220313T115130, start_date=20220314T115505, end_date=20220314T115605
[2022-03-14 11:56:05,801] {local_task_job.py:154} INFO - Task exited with return code 0
[2022-03-14 11:56:05,861] {local_task_job.py:264} INFO - 1 downstream tasks scheduled from follow-on schedule check
