[2022-03-01 21:51:20,626] {taskinstance.py:1032} INFO - Dependencies all met for <TaskInstance: tutorial.bsre.bsre_get_data scheduled__2022-02-28T21:51:17.549420+00:00 [queued]>
[2022-03-01 21:51:20,661] {taskinstance.py:1032} INFO - Dependencies all met for <TaskInstance: tutorial.bsre.bsre_get_data scheduled__2022-02-28T21:51:17.549420+00:00 [queued]>
[2022-03-01 21:51:20,662] {taskinstance.py:1238} INFO - 
--------------------------------------------------------------------------------
[2022-03-01 21:51:20,664] {taskinstance.py:1239} INFO - Starting attempt 1 of 2
[2022-03-01 21:51:20,665] {taskinstance.py:1240} INFO - 
--------------------------------------------------------------------------------
[2022-03-01 21:51:20,702] {taskinstance.py:1259} INFO - Executing <Task(PythonOperator): bsre.bsre_get_data> on 2022-02-28 21:51:17.549420+00:00
[2022-03-01 21:51:20,718] {standard_task_runner.py:52} INFO - Started process 5742 to run task
[2022-03-01 21:51:20,733] {standard_task_runner.py:76} INFO - Running: ['***', 'tasks', 'run', 'tutorial', 'bsre.bsre_get_data', 'scheduled__2022-02-28T21:51:17.549420+00:00', '--job-id', '405', '--raw', '--subdir', 'DAGS_FOLDER/test_dag.py', '--cfg-path', '/tmp/tmpj4dfru0f', '--error-file', '/tmp/tmpgljy0ygc']
[2022-03-01 21:51:20,735] {standard_task_runner.py:77} INFO - Job 405: Subtask bsre.bsre_get_data
[2022-03-01 21:51:20,923] {logging_mixin.py:109} INFO - Running <TaskInstance: tutorial.bsre.bsre_get_data scheduled__2022-02-28T21:51:17.549420+00:00 [running]> on host ff48034dfdbf
[2022-03-01 21:51:21,091] {taskinstance.py:1426} INFO - Exporting the following env vars:
AIRFLOW_CTX_DAG_EMAIL=***@example.com
AIRFLOW_CTX_DAG_OWNER=***
AIRFLOW_CTX_DAG_ID=tutorial
AIRFLOW_CTX_TASK_ID=bsre.bsre_get_data
AIRFLOW_CTX_EXECUTION_DATE=2022-02-28T21:51:17.549420+00:00
AIRFLOW_CTX_DAG_RUN_ID=scheduled__2022-02-28T21:51:17.549420+00:00
[2022-03-01 21:52:21,085] {python.py:175} INFO - Done. Returned value was: None
[2022-03-01 21:52:21,143] {taskinstance.py:1277} INFO - Marking task as SUCCESS. dag_id=tutorial, task_id=bsre.bsre_get_data, execution_date=20220228T215117, start_date=20220301T215120, end_date=20220301T215221
[2022-03-01 21:52:21,203] {local_task_job.py:154} INFO - Task exited with return code 0
[2022-03-01 21:52:21,271] {local_task_job.py:264} INFO - 1 downstream tasks scheduled from follow-on schedule check
