[2022-04-23 14:24:48,245] {taskinstance.py:1032} INFO - Dependencies all met for <TaskInstance: tutorial.fsqfqf.fsqfqf_print_proccesed_data scheduled__2022-03-30T16:04:54.591828+00:00 [queued]>
[2022-04-23 14:24:48,284] {taskinstance.py:1032} INFO - Dependencies all met for <TaskInstance: tutorial.fsqfqf.fsqfqf_print_proccesed_data scheduled__2022-03-30T16:04:54.591828+00:00 [queued]>
[2022-04-23 14:24:48,291] {taskinstance.py:1238} INFO - 
--------------------------------------------------------------------------------
[2022-04-23 14:24:48,293] {taskinstance.py:1239} INFO - Starting attempt 1 of 2
[2022-04-23 14:24:48,298] {taskinstance.py:1240} INFO - 
--------------------------------------------------------------------------------
[2022-04-23 14:24:48,362] {taskinstance.py:1259} INFO - Executing <Task(PythonOperator): fsqfqf.fsqfqf_print_proccesed_data> on 2022-03-30 16:04:54.591828+00:00
[2022-04-23 14:24:48,372] {standard_task_runner.py:52} INFO - Started process 534 to run task
[2022-04-23 14:24:48,380] {standard_task_runner.py:76} INFO - Running: ['***', 'tasks', 'run', 'tutorial', 'fsqfqf.fsqfqf_print_proccesed_data', 'scheduled__2022-03-30T16:04:54.591828+00:00', '--job-id', '1178', '--raw', '--subdir', 'DAGS_FOLDER/test_dag.py', '--cfg-path', '/tmp/tmpeqloo74g', '--error-file', '/tmp/tmp36na9d1t']
[2022-04-23 14:24:48,383] {standard_task_runner.py:77} INFO - Job 1178: Subtask fsqfqf.fsqfqf_print_proccesed_data
[2022-04-23 14:24:48,571] {logging_mixin.py:109} INFO - Running <TaskInstance: tutorial.fsqfqf.fsqfqf_print_proccesed_data scheduled__2022-03-30T16:04:54.591828+00:00 [running]> on host ff48034dfdbf
[2022-04-23 14:24:48,844] {taskinstance.py:1426} INFO - Exporting the following env vars:
AIRFLOW_CTX_DAG_EMAIL=***@example.com
AIRFLOW_CTX_DAG_OWNER=***
AIRFLOW_CTX_DAG_ID=tutorial
AIRFLOW_CTX_TASK_ID=fsqfqf.fsqfqf_print_proccesed_data
AIRFLOW_CTX_EXECUTION_DATE=2022-03-30T16:04:54.591828+00:00
AIRFLOW_CTX_DAG_RUN_ID=scheduled__2022-03-30T16:04:54.591828+00:00
[2022-04-23 14:25:48,865] {python.py:175} INFO - Done. Returned value was: None
[2022-04-23 14:25:48,891] {taskinstance.py:1277} INFO - Marking task as SUCCESS. dag_id=tutorial, task_id=fsqfqf.fsqfqf_print_proccesed_data, execution_date=20220330T160454, start_date=20220423T142448, end_date=20220423T142548
[2022-04-23 14:25:48,942] {local_task_job.py:154} INFO - Task exited with return code 0
[2022-04-23 14:25:49,014] {local_task_job.py:264} INFO - 0 downstream tasks scheduled from follow-on schedule check
