[2022-02-24 21:45:08,576] {taskinstance.py:1032} INFO - Dependencies all met for <TaskInstance: tutorial.bsre.bsre_proccess_data scheduled__2022-02-23T21:44:04.431894+00:00 [queued]>
[2022-02-24 21:45:08,631] {taskinstance.py:1032} INFO - Dependencies all met for <TaskInstance: tutorial.bsre.bsre_proccess_data scheduled__2022-02-23T21:44:04.431894+00:00 [queued]>
[2022-02-24 21:45:08,634] {taskinstance.py:1238} INFO - 
--------------------------------------------------------------------------------
[2022-02-24 21:45:08,639] {taskinstance.py:1239} INFO - Starting attempt 1 of 2
[2022-02-24 21:45:08,646] {taskinstance.py:1240} INFO - 
--------------------------------------------------------------------------------
[2022-02-24 21:45:08,698] {taskinstance.py:1259} INFO - Executing <Task(PythonOperator): bsre.bsre_proccess_data> on 2022-02-23 21:44:04.431894+00:00
[2022-02-24 21:45:08,793] {standard_task_runner.py:52} INFO - Started process 7813 to run task
[2022-02-24 21:45:08,800] {standard_task_runner.py:76} INFO - Running: ['***', 'tasks', 'run', 'tutorial', 'bsre.bsre_proccess_data', 'scheduled__2022-02-23T21:44:04.431894+00:00', '--job-id', '227', '--raw', '--subdir', 'DAGS_FOLDER/test_dag.py', '--cfg-path', '/tmp/tmpm5d1on4c', '--error-file', '/tmp/tmp_5sr8_ok']
[2022-02-24 21:45:08,802] {standard_task_runner.py:77} INFO - Job 227: Subtask bsre.bsre_proccess_data
[2022-02-24 21:45:08,962] {logging_mixin.py:109} INFO - Running <TaskInstance: tutorial.bsre.bsre_proccess_data scheduled__2022-02-23T21:44:04.431894+00:00 [running]> on host ff48034dfdbf
[2022-02-24 21:45:09,111] {taskinstance.py:1426} INFO - Exporting the following env vars:
AIRFLOW_CTX_DAG_EMAIL=***@example.com
AIRFLOW_CTX_DAG_OWNER=***
AIRFLOW_CTX_DAG_ID=tutorial
AIRFLOW_CTX_TASK_ID=bsre.bsre_proccess_data
AIRFLOW_CTX_EXECUTION_DATE=2022-02-23T21:44:04.431894+00:00
AIRFLOW_CTX_DAG_RUN_ID=scheduled__2022-02-23T21:44:04.431894+00:00
[2022-02-24 21:46:09,079] {python.py:175} INFO - Done. Returned value was: None
[2022-02-24 21:46:09,147] {taskinstance.py:1277} INFO - Marking task as SUCCESS. dag_id=tutorial, task_id=bsre.bsre_proccess_data, execution_date=20220223T214404, start_date=20220224T214508, end_date=20220224T214609
[2022-02-24 21:46:09,194] {local_task_job.py:154} INFO - Task exited with return code 0
[2022-02-24 21:46:09,562] {local_task_job.py:264} INFO - 1 downstream tasks scheduled from follow-on schedule check
