[2022-03-15 16:40:34,426] {taskinstance.py:1032} INFO - Dependencies all met for <TaskInstance: tutorial.xsxsxqc.xsxsxqc_get_data scheduled__2022-03-14T12:05:20.517459+00:00 [queued]>
[2022-03-15 16:40:34,464] {taskinstance.py:1032} INFO - Dependencies all met for <TaskInstance: tutorial.xsxsxqc.xsxsxqc_get_data scheduled__2022-03-14T12:05:20.517459+00:00 [queued]>
[2022-03-15 16:40:34,466] {taskinstance.py:1238} INFO - 
--------------------------------------------------------------------------------
[2022-03-15 16:40:34,468] {taskinstance.py:1239} INFO - Starting attempt 1 of 2
[2022-03-15 16:40:34,470] {taskinstance.py:1240} INFO - 
--------------------------------------------------------------------------------
[2022-03-15 16:40:34,507] {taskinstance.py:1259} INFO - Executing <Task(PythonOperator): xsxsxqc.xsxsxqc_get_data> on 2022-03-14 12:05:20.517459+00:00
[2022-03-15 16:40:34,524] {standard_task_runner.py:52} INFO - Started process 92 to run task
[2022-03-15 16:40:34,530] {standard_task_runner.py:76} INFO - Running: ['***', 'tasks', 'run', 'tutorial', 'xsxsxqc.xsxsxqc_get_data', 'scheduled__2022-03-14T12:05:20.517459+00:00', '--job-id', '914', '--raw', '--subdir', 'DAGS_FOLDER/test_dag.py', '--cfg-path', '/tmp/tmpns5bn3t7', '--error-file', '/tmp/tmp_gxw9ab4']
[2022-03-15 16:40:34,533] {standard_task_runner.py:77} INFO - Job 914: Subtask xsxsxqc.xsxsxqc_get_data
[2022-03-15 16:40:34,755] {logging_mixin.py:109} INFO - Running <TaskInstance: tutorial.xsxsxqc.xsxsxqc_get_data scheduled__2022-03-14T12:05:20.517459+00:00 [running]> on host ff48034dfdbf
[2022-03-15 16:40:35,091] {taskinstance.py:1426} INFO - Exporting the following env vars:
AIRFLOW_CTX_DAG_EMAIL=***@example.com
AIRFLOW_CTX_DAG_OWNER=***
AIRFLOW_CTX_DAG_ID=tutorial
AIRFLOW_CTX_TASK_ID=xsxsxqc.xsxsxqc_get_data
AIRFLOW_CTX_EXECUTION_DATE=2022-03-14T12:05:20.517459+00:00
AIRFLOW_CTX_DAG_RUN_ID=scheduled__2022-03-14T12:05:20.517459+00:00
[2022-03-15 16:41:35,110] {python.py:175} INFO - Done. Returned value was: None
[2022-03-15 16:41:35,190] {taskinstance.py:1277} INFO - Marking task as SUCCESS. dag_id=tutorial, task_id=xsxsxqc.xsxsxqc_get_data, execution_date=20220314T120520, start_date=20220315T164034, end_date=20220315T164135
[2022-03-15 16:41:35,272] {local_task_job.py:154} INFO - Task exited with return code 0
[2022-03-15 16:41:35,366] {local_task_job.py:264} INFO - 1 downstream tasks scheduled from follow-on schedule check
