[2022-02-27 21:52:21,461] {taskinstance.py:1032} INFO - Dependencies all met for <TaskInstance: tutorial.eaeaz.eaeaz_proccess_data scheduled__2022-02-26T21:51:17.549420+00:00 [queued]>
[2022-02-27 21:52:21,485] {taskinstance.py:1032} INFO - Dependencies all met for <TaskInstance: tutorial.eaeaz.eaeaz_proccess_data scheduled__2022-02-26T21:51:17.549420+00:00 [queued]>
[2022-02-27 21:52:21,486] {taskinstance.py:1238} INFO - 
--------------------------------------------------------------------------------
[2022-02-27 21:52:21,487] {taskinstance.py:1239} INFO - Starting attempt 1 of 2
[2022-02-27 21:52:21,489] {taskinstance.py:1240} INFO - 
--------------------------------------------------------------------------------
[2022-02-27 21:52:21,505] {taskinstance.py:1259} INFO - Executing <Task(PythonOperator): eaeaz.eaeaz_proccess_data> on 2022-02-26 21:51:17.549420+00:00
[2022-02-27 21:52:21,510] {standard_task_runner.py:52} INFO - Started process 9846 to run task
[2022-02-27 21:52:21,515] {standard_task_runner.py:76} INFO - Running: ['***', 'tasks', 'run', 'tutorial', 'eaeaz.eaeaz_proccess_data', 'scheduled__2022-02-26T21:51:17.549420+00:00', '--job-id', '337', '--raw', '--subdir', 'DAGS_FOLDER/test_dag.py', '--cfg-path', '/tmp/tmp7061s5zc', '--error-file', '/tmp/tmpcjds_puc']
[2022-02-27 21:52:21,517] {standard_task_runner.py:77} INFO - Job 337: Subtask eaeaz.eaeaz_proccess_data
[2022-02-27 21:52:21,592] {logging_mixin.py:109} INFO - Running <TaskInstance: tutorial.eaeaz.eaeaz_proccess_data scheduled__2022-02-26T21:51:17.549420+00:00 [running]> on host ff48034dfdbf
[2022-02-27 21:52:21,655] {taskinstance.py:1426} INFO - Exporting the following env vars:
AIRFLOW_CTX_DAG_EMAIL=***@example.com
AIRFLOW_CTX_DAG_OWNER=***
AIRFLOW_CTX_DAG_ID=tutorial
AIRFLOW_CTX_TASK_ID=eaeaz.eaeaz_proccess_data
AIRFLOW_CTX_EXECUTION_DATE=2022-02-26T21:51:17.549420+00:00
AIRFLOW_CTX_DAG_RUN_ID=scheduled__2022-02-26T21:51:17.549420+00:00
[2022-02-27 21:53:21,648] {python.py:175} INFO - Done. Returned value was: None
[2022-02-27 21:53:21,664] {taskinstance.py:1277} INFO - Marking task as SUCCESS. dag_id=tutorial, task_id=eaeaz.eaeaz_proccess_data, execution_date=20220226T215117, start_date=20220227T215221, end_date=20220227T215321
[2022-02-27 21:53:21,698] {local_task_job.py:154} INFO - Task exited with return code 0
[2022-02-27 21:53:21,748] {local_task_job.py:264} INFO - 1 downstream tasks scheduled from follow-on schedule check
