[2022-04-29 15:24:08,222] {taskinstance.py:1032} INFO - Dependencies all met for <TaskInstance: cdn_daily.import_bsre.check_presence_of_bsre1 manual__2022-04-29T15:24:06.226150+00:00 [queued]>
[2022-04-29 15:24:08,249] {taskinstance.py:1032} INFO - Dependencies all met for <TaskInstance: cdn_daily.import_bsre.check_presence_of_bsre1 manual__2022-04-29T15:24:06.226150+00:00 [queued]>
[2022-04-29 15:24:08,251] {taskinstance.py:1238} INFO - 
--------------------------------------------------------------------------------
[2022-04-29 15:24:08,253] {taskinstance.py:1239} INFO - Starting attempt 1 of 2
[2022-04-29 15:24:08,254] {taskinstance.py:1240} INFO - 
--------------------------------------------------------------------------------
[2022-04-29 15:24:08,276] {taskinstance.py:1259} INFO - Executing <Task(PythonOperator): import_bsre.check_presence_of_bsre1> on 2022-04-29 15:24:06.226150+00:00
[2022-04-29 15:24:08,287] {standard_task_runner.py:52} INFO - Started process 3320 to run task
[2022-04-29 15:24:08,296] {standard_task_runner.py:76} INFO - Running: ['***', 'tasks', 'run', 'cdn_daily', 'import_bsre.check_presence_of_bsre1', 'manual__2022-04-29T15:24:06.226150+00:00', '--job-id', '1638', '--raw', '--subdir', 'DAGS_FOLDER/cdn_daily.py', '--cfg-path', '/tmp/tmpv3dzxux8', '--error-file', '/tmp/tmpbo6epta2']
[2022-04-29 15:24:08,299] {standard_task_runner.py:77} INFO - Job 1638: Subtask import_bsre.check_presence_of_bsre1
[2022-04-29 15:24:08,435] {logging_mixin.py:109} INFO - Running <TaskInstance: cdn_daily.import_bsre.check_presence_of_bsre1 manual__2022-04-29T15:24:06.226150+00:00 [running]> on host d5ad096ffea5
[2022-04-29 15:24:08,560] {taskinstance.py:1426} INFO - Exporting the following env vars:
AIRFLOW_CTX_DAG_EMAIL=***@example.com
AIRFLOW_CTX_DAG_OWNER=***
AIRFLOW_CTX_DAG_ID=cdn_daily
AIRFLOW_CTX_TASK_ID=import_bsre.check_presence_of_bsre1
AIRFLOW_CTX_EXECUTION_DATE=2022-04-29T15:24:06.226150+00:00
AIRFLOW_CTX_DAG_RUN_ID=manual__2022-04-29T15:24:06.226150+00:00
[2022-04-29 15:24:08,607] {python.py:175} INFO - Done. Returned value was: None
[2022-04-29 15:24:08,662] {taskinstance.py:1277} INFO - Marking task as SUCCESS. dag_id=cdn_daily, task_id=import_bsre.check_presence_of_bsre1, execution_date=20220429T152406, start_date=20220429T152408, end_date=20220429T152408
[2022-04-29 15:24:08,712] {local_task_job.py:154} INFO - Task exited with return code 0
[2022-04-29 15:24:08,843] {local_task_job.py:264} INFO - 1 downstream tasks scheduled from follow-on schedule check
