[2022-02-23 21:38:55,395] {taskinstance.py:1032} INFO - Dependencies all met for <TaskInstance: tutorial.bsre.bsre_get_data scheduled__2022-02-22T21:37:49.340300+00:00 [queued]>
[2022-02-23 21:38:55,416] {taskinstance.py:1032} INFO - Dependencies all met for <TaskInstance: tutorial.bsre.bsre_get_data scheduled__2022-02-22T21:37:49.340300+00:00 [queued]>
[2022-02-23 21:38:55,417] {taskinstance.py:1238} INFO - 
--------------------------------------------------------------------------------
[2022-02-23 21:38:55,419] {taskinstance.py:1239} INFO - Starting attempt 1 of 2
[2022-02-23 21:38:55,420] {taskinstance.py:1240} INFO - 
--------------------------------------------------------------------------------
[2022-02-23 21:38:55,441] {taskinstance.py:1259} INFO - Executing <Task(PythonOperator): bsre.bsre_get_data> on 2022-02-22 21:37:49.340300+00:00
[2022-02-23 21:38:55,451] {standard_task_runner.py:52} INFO - Started process 136 to run task
[2022-02-23 21:38:55,457] {standard_task_runner.py:76} INFO - Running: ['***', 'tasks', 'run', 'tutorial', 'bsre.bsre_get_data', 'scheduled__2022-02-22T21:37:49.340300+00:00', '--job-id', '113', '--raw', '--subdir', 'DAGS_FOLDER/test_dag.py', '--cfg-path', '/tmp/tmpalqxd6t6', '--error-file', '/tmp/tmpza9bggqv']
[2022-02-23 21:38:55,459] {standard_task_runner.py:77} INFO - Job 113: Subtask bsre.bsre_get_data
[2022-02-23 21:38:55,574] {logging_mixin.py:109} INFO - Running <TaskInstance: tutorial.bsre.bsre_get_data scheduled__2022-02-22T21:37:49.340300+00:00 [running]> on host ff48034dfdbf
[2022-02-23 21:38:55,699] {taskinstance.py:1426} INFO - Exporting the following env vars:
AIRFLOW_CTX_DAG_EMAIL=***@example.com
AIRFLOW_CTX_DAG_OWNER=***
AIRFLOW_CTX_DAG_ID=tutorial
AIRFLOW_CTX_TASK_ID=bsre.bsre_get_data
AIRFLOW_CTX_EXECUTION_DATE=2022-02-22T21:37:49.340300+00:00
AIRFLOW_CTX_DAG_RUN_ID=scheduled__2022-02-22T21:37:49.340300+00:00
[2022-02-23 21:39:55,707] {python.py:175} INFO - Done. Returned value was: None
[2022-02-23 21:39:55,722] {taskinstance.py:1277} INFO - Marking task as SUCCESS. dag_id=tutorial, task_id=bsre.bsre_get_data, execution_date=20220222T213749, start_date=20220223T213855, end_date=20220223T213955
[2022-02-23 21:39:55,746] {local_task_job.py:154} INFO - Task exited with return code 0
[2022-02-23 21:39:55,793] {local_task_job.py:264} INFO - 1 downstream tasks scheduled from follow-on schedule check
