[2022-04-26 13:54:19,827] {taskinstance.py:1032} INFO - Dependencies all met for <TaskInstance: tutorial.hfghfg.hfghfg_get_data scheduled__2022-04-25T13:53:09.676172+00:00 [queued]>
[2022-04-26 13:54:19,844] {taskinstance.py:1032} INFO - Dependencies all met for <TaskInstance: tutorial.hfghfg.hfghfg_get_data scheduled__2022-04-25T13:53:09.676172+00:00 [queued]>
[2022-04-26 13:54:19,846] {taskinstance.py:1238} INFO - 
--------------------------------------------------------------------------------
[2022-04-26 13:54:19,847] {taskinstance.py:1239} INFO - Starting attempt 1 of 2
[2022-04-26 13:54:19,849] {taskinstance.py:1240} INFO - 
--------------------------------------------------------------------------------
[2022-04-26 13:54:19,867] {taskinstance.py:1259} INFO - Executing <Task(PythonOperator): hfghfg.hfghfg_get_data> on 2022-04-25 13:53:09.676172+00:00
[2022-04-26 13:54:19,874] {standard_task_runner.py:52} INFO - Started process 154 to run task
[2022-04-26 13:54:19,882] {standard_task_runner.py:76} INFO - Running: ['***', 'tasks', 'run', 'tutorial', 'hfghfg.hfghfg_get_data', 'scheduled__2022-04-25T13:53:09.676172+00:00', '--job-id', '1257', '--raw', '--subdir', 'DAGS_FOLDER/test_dag.py', '--cfg-path', '/tmp/tmpm5gp0yko', '--error-file', '/tmp/tmpkwm56tc_']
[2022-04-26 13:54:19,884] {standard_task_runner.py:77} INFO - Job 1257: Subtask hfghfg.hfghfg_get_data
[2022-04-26 13:54:19,994] {logging_mixin.py:109} INFO - Running <TaskInstance: tutorial.hfghfg.hfghfg_get_data scheduled__2022-04-25T13:53:09.676172+00:00 [running]> on host ff48034dfdbf
[2022-04-26 13:54:20,087] {taskinstance.py:1426} INFO - Exporting the following env vars:
AIRFLOW_CTX_DAG_EMAIL=***@example.com
AIRFLOW_CTX_DAG_OWNER=***
AIRFLOW_CTX_DAG_ID=tutorial
AIRFLOW_CTX_TASK_ID=hfghfg.hfghfg_get_data
AIRFLOW_CTX_EXECUTION_DATE=2022-04-25T13:53:09.676172+00:00
AIRFLOW_CTX_DAG_RUN_ID=scheduled__2022-04-25T13:53:09.676172+00:00
[2022-04-26 13:55:20,107] {python.py:175} INFO - Done. Returned value was: None
[2022-04-26 13:55:20,138] {taskinstance.py:1277} INFO - Marking task as SUCCESS. dag_id=tutorial, task_id=hfghfg.hfghfg_get_data, execution_date=20220425T135309, start_date=20220426T135419, end_date=20220426T135520
[2022-04-26 13:55:20,181] {local_task_job.py:154} INFO - Task exited with return code 0
[2022-04-26 13:55:20,321] {local_task_job.py:264} INFO - 1 downstream tasks scheduled from follow-on schedule check
