[2022-04-29 15:23:04,276] {taskinstance.py:1032} INFO - Dependencies all met for <TaskInstance: cdn_daily.import_cat.run_cat manual__2022-04-29T15:13:28.101017+00:00 [queued]>
[2022-04-29 15:23:04,299] {taskinstance.py:1032} INFO - Dependencies all met for <TaskInstance: cdn_daily.import_cat.run_cat manual__2022-04-29T15:13:28.101017+00:00 [queued]>
[2022-04-29 15:23:04,300] {taskinstance.py:1238} INFO - 
--------------------------------------------------------------------------------
[2022-04-29 15:23:04,302] {taskinstance.py:1239} INFO - Starting attempt 1 of 2
[2022-04-29 15:23:04,303] {taskinstance.py:1240} INFO - 
--------------------------------------------------------------------------------
[2022-04-29 15:23:04,322] {taskinstance.py:1259} INFO - Executing <Task(PythonOperator): import_cat.run_cat> on 2022-04-29 15:13:28.101017+00:00
[2022-04-29 15:23:04,328] {standard_task_runner.py:52} INFO - Started process 3236 to run task
[2022-04-29 15:23:04,333] {standard_task_runner.py:76} INFO - Running: ['***', 'tasks', 'run', 'cdn_daily', 'import_cat.run_cat', 'manual__2022-04-29T15:13:28.101017+00:00', '--job-id', '1619', '--raw', '--subdir', 'DAGS_FOLDER/cdn_daily.py', '--cfg-path', '/tmp/tmp296brzjj', '--error-file', '/tmp/tmpn0_v7ar8']
[2022-04-29 15:23:04,335] {standard_task_runner.py:77} INFO - Job 1619: Subtask import_cat.run_cat
[2022-04-29 15:23:04,423] {logging_mixin.py:109} INFO - Running <TaskInstance: cdn_daily.import_cat.run_cat manual__2022-04-29T15:13:28.101017+00:00 [running]> on host d5ad096ffea5
[2022-04-29 15:23:04,519] {taskinstance.py:1426} INFO - Exporting the following env vars:
AIRFLOW_CTX_DAG_EMAIL=***@example.com
AIRFLOW_CTX_DAG_OWNER=***
AIRFLOW_CTX_DAG_ID=cdn_daily
AIRFLOW_CTX_TASK_ID=import_cat.run_cat
AIRFLOW_CTX_EXECUTION_DATE=2022-04-29T15:13:28.101017+00:00
AIRFLOW_CTX_DAG_RUN_ID=manual__2022-04-29T15:13:28.101017+00:00
[2022-04-29 15:23:04,562] {python.py:175} INFO - Done. Returned value was: None
[2022-04-29 15:23:04,581] {taskinstance.py:1277} INFO - Marking task as SUCCESS. dag_id=cdn_daily, task_id=import_cat.run_cat, execution_date=20220429T151328, start_date=20220429T152304, end_date=20220429T152304
[2022-04-29 15:23:04,629] {local_task_job.py:154} INFO - Task exited with return code 0
[2022-04-29 15:23:04,705] {local_task_job.py:264} INFO - 1 downstream tasks scheduled from follow-on schedule check
