[2022-04-23 14:29:58,003] {taskinstance.py:1032} INFO - Dependencies all met for <TaskInstance: tutorial.dqsdqsd.dqsdqsd_print_proccesed_data scheduled__2022-04-22T14:25:49.377068+00:00 [queued]>
[2022-04-23 14:29:58,043] {taskinstance.py:1032} INFO - Dependencies all met for <TaskInstance: tutorial.dqsdqsd.dqsdqsd_print_proccesed_data scheduled__2022-04-22T14:25:49.377068+00:00 [queued]>
[2022-04-23 14:29:58,044] {taskinstance.py:1238} INFO - 
--------------------------------------------------------------------------------
[2022-04-23 14:29:58,046] {taskinstance.py:1239} INFO - Starting attempt 1 of 2
[2022-04-23 14:29:58,047] {taskinstance.py:1240} INFO - 
--------------------------------------------------------------------------------
[2022-04-23 14:29:58,084] {taskinstance.py:1259} INFO - Executing <Task(PythonOperator): dqsdqsd.dqsdqsd_print_proccesed_data> on 2022-04-22 14:25:49.377068+00:00
[2022-04-23 14:29:58,096] {standard_task_runner.py:52} INFO - Started process 833 to run task
[2022-04-23 14:29:58,107] {standard_task_runner.py:76} INFO - Running: ['***', 'tasks', 'run', 'tutorial', 'dqsdqsd.dqsdqsd_print_proccesed_data', 'scheduled__2022-04-22T14:25:49.377068+00:00', '--job-id', '1228', '--raw', '--subdir', 'DAGS_FOLDER/test_dag.py', '--cfg-path', '/tmp/tmpq_8g41cn', '--error-file', '/tmp/tmp_cz1p7zh']
[2022-04-23 14:29:58,108] {standard_task_runner.py:77} INFO - Job 1228: Subtask dqsdqsd.dqsdqsd_print_proccesed_data
[2022-04-23 14:29:58,261] {logging_mixin.py:109} INFO - Running <TaskInstance: tutorial.dqsdqsd.dqsdqsd_print_proccesed_data scheduled__2022-04-22T14:25:49.377068+00:00 [running]> on host ff48034dfdbf
[2022-04-23 14:29:58,362] {taskinstance.py:1426} INFO - Exporting the following env vars:
AIRFLOW_CTX_DAG_EMAIL=***@example.com
AIRFLOW_CTX_DAG_OWNER=***
AIRFLOW_CTX_DAG_ID=tutorial
AIRFLOW_CTX_TASK_ID=dqsdqsd.dqsdqsd_print_proccesed_data
AIRFLOW_CTX_EXECUTION_DATE=2022-04-22T14:25:49.377068+00:00
AIRFLOW_CTX_DAG_RUN_ID=scheduled__2022-04-22T14:25:49.377068+00:00
[2022-04-23 14:30:58,600] {python.py:175} INFO - Done. Returned value was: None
[2022-04-23 14:30:58,615] {taskinstance.py:1277} INFO - Marking task as SUCCESS. dag_id=tutorial, task_id=dqsdqsd.dqsdqsd_print_proccesed_data, execution_date=20220422T142549, start_date=20220423T142958, end_date=20220423T143058
[2022-04-23 14:30:58,656] {local_task_job.py:154} INFO - Task exited with return code 0
[2022-04-23 14:30:58,694] {local_task_job.py:264} INFO - 0 downstream tasks scheduled from follow-on schedule check
