[2022-02-23 21:48:09,344] {taskinstance.py:1032} INFO - Dependencies all met for <TaskInstance: tutorial.bsre.bsre_print_proccesed_data scheduled__2022-02-22T21:44:04.027723+00:00 [queued]>
[2022-02-23 21:48:09,361] {taskinstance.py:1032} INFO - Dependencies all met for <TaskInstance: tutorial.bsre.bsre_print_proccesed_data scheduled__2022-02-22T21:44:04.027723+00:00 [queued]>
[2022-02-23 21:48:09,362] {taskinstance.py:1238} INFO - 
--------------------------------------------------------------------------------
[2022-02-23 21:48:09,363] {taskinstance.py:1239} INFO - Starting attempt 1 of 2
[2022-02-23 21:48:09,364] {taskinstance.py:1240} INFO - 
--------------------------------------------------------------------------------
[2022-02-23 21:48:09,381] {taskinstance.py:1259} INFO - Executing <Task(PythonOperator): bsre.bsre_print_proccesed_data> on 2022-02-22 21:44:04.027723+00:00
[2022-02-23 21:48:09,389] {standard_task_runner.py:52} INFO - Started process 718 to run task
[2022-02-23 21:48:09,395] {standard_task_runner.py:76} INFO - Running: ['***', 'tasks', 'run', 'tutorial', 'bsre.bsre_print_proccesed_data', 'scheduled__2022-02-22T21:44:04.027723+00:00', '--job-id', '208', '--raw', '--subdir', 'DAGS_FOLDER/test_dag.py', '--cfg-path', '/tmp/tmp_hwl1741', '--error-file', '/tmp/tmptzb66gk0']
[2022-02-23 21:48:09,397] {standard_task_runner.py:77} INFO - Job 208: Subtask bsre.bsre_print_proccesed_data
[2022-02-23 21:48:09,503] {logging_mixin.py:109} INFO - Running <TaskInstance: tutorial.bsre.bsre_print_proccesed_data scheduled__2022-02-22T21:44:04.027723+00:00 [running]> on host ff48034dfdbf
[2022-02-23 21:48:09,579] {taskinstance.py:1426} INFO - Exporting the following env vars:
AIRFLOW_CTX_DAG_EMAIL=***@example.com
AIRFLOW_CTX_DAG_OWNER=***
AIRFLOW_CTX_DAG_ID=tutorial
AIRFLOW_CTX_TASK_ID=bsre.bsre_print_proccesed_data
AIRFLOW_CTX_EXECUTION_DATE=2022-02-22T21:44:04.027723+00:00
AIRFLOW_CTX_DAG_RUN_ID=scheduled__2022-02-22T21:44:04.027723+00:00
[2022-02-23 21:49:09,600] {python.py:175} INFO - Done. Returned value was: None
[2022-02-23 21:49:09,613] {taskinstance.py:1277} INFO - Marking task as SUCCESS. dag_id=tutorial, task_id=bsre.bsre_print_proccesed_data, execution_date=20220222T214404, start_date=20220223T214809, end_date=20220223T214909
[2022-02-23 21:49:09,671] {local_task_job.py:154} INFO - Task exited with return code 0
[2022-02-23 21:49:09,700] {local_task_job.py:264} INFO - 0 downstream tasks scheduled from follow-on schedule check
