[2022-03-05 10:25:47,773] {taskinstance.py:1032} INFO - Dependencies all met for <TaskInstance: tutorial.eaeaz.eaeaz_proccess_data scheduled__2022-03-02T21:51:17.549420+00:00 [queued]>
[2022-03-05 10:25:47,792] {taskinstance.py:1032} INFO - Dependencies all met for <TaskInstance: tutorial.eaeaz.eaeaz_proccess_data scheduled__2022-03-02T21:51:17.549420+00:00 [queued]>
[2022-03-05 10:25:47,793] {taskinstance.py:1238} INFO - 
--------------------------------------------------------------------------------
[2022-03-05 10:25:47,794] {taskinstance.py:1239} INFO - Starting attempt 1 of 2
[2022-03-05 10:25:47,795] {taskinstance.py:1240} INFO - 
--------------------------------------------------------------------------------
[2022-03-05 10:25:47,808] {taskinstance.py:1259} INFO - Executing <Task(PythonOperator): eaeaz.eaeaz_proccess_data> on 2022-03-02 21:51:17.549420+00:00
[2022-03-05 10:25:47,813] {standard_task_runner.py:52} INFO - Started process 209 to run task
[2022-03-05 10:25:47,817] {standard_task_runner.py:76} INFO - Running: ['***', 'tasks', 'run', 'tutorial', 'eaeaz.eaeaz_proccess_data', 'scheduled__2022-03-02T21:51:17.549420+00:00', '--job-id', '504', '--raw', '--subdir', 'DAGS_FOLDER/test_dag.py', '--cfg-path', '/tmp/tmphmp9rqtf', '--error-file', '/tmp/tmptw99hpxw']
[2022-03-05 10:25:47,818] {standard_task_runner.py:77} INFO - Job 504: Subtask eaeaz.eaeaz_proccess_data
[2022-03-05 10:25:47,895] {logging_mixin.py:109} INFO - Running <TaskInstance: tutorial.eaeaz.eaeaz_proccess_data scheduled__2022-03-02T21:51:17.549420+00:00 [running]> on host ff48034dfdbf
[2022-03-05 10:25:47,962] {taskinstance.py:1426} INFO - Exporting the following env vars:
AIRFLOW_CTX_DAG_EMAIL=***@example.com
AIRFLOW_CTX_DAG_OWNER=***
AIRFLOW_CTX_DAG_ID=tutorial
AIRFLOW_CTX_TASK_ID=eaeaz.eaeaz_proccess_data
AIRFLOW_CTX_EXECUTION_DATE=2022-03-02T21:51:17.549420+00:00
AIRFLOW_CTX_DAG_RUN_ID=scheduled__2022-03-02T21:51:17.549420+00:00
[2022-03-05 10:26:47,982] {python.py:175} INFO - Done. Returned value was: None
[2022-03-05 10:26:47,994] {taskinstance.py:1277} INFO - Marking task as SUCCESS. dag_id=tutorial, task_id=eaeaz.eaeaz_proccess_data, execution_date=20220302T215117, start_date=20220305T102547, end_date=20220305T102647
[2022-03-05 10:26:48,017] {local_task_job.py:154} INFO - Task exited with return code 0
[2022-03-05 10:26:48,054] {local_task_job.py:264} INFO - 1 downstream tasks scheduled from follow-on schedule check
