[2022-04-29 15:32:45,764] {taskinstance.py:1032} INFO - Dependencies all met for <TaskInstance: cdn_daily.import_bsre.check_status_of_bsre manual__2022-04-29T15:27:39.940269+00:00 [queued]>
[2022-04-29 15:32:45,781] {taskinstance.py:1032} INFO - Dependencies all met for <TaskInstance: cdn_daily.import_bsre.check_status_of_bsre manual__2022-04-29T15:27:39.940269+00:00 [queued]>
[2022-04-29 15:32:45,782] {taskinstance.py:1238} INFO - 
--------------------------------------------------------------------------------
[2022-04-29 15:32:45,784] {taskinstance.py:1239} INFO - Starting attempt 2 of 2
[2022-04-29 15:32:45,785] {taskinstance.py:1240} INFO - 
--------------------------------------------------------------------------------
[2022-04-29 15:32:45,813] {taskinstance.py:1259} INFO - Executing <Task(PythonOperator): import_bsre.check_status_of_bsre> on 2022-04-29 15:27:39.940269+00:00
[2022-04-29 15:32:45,820] {standard_task_runner.py:52} INFO - Started process 3817 to run task
[2022-04-29 15:32:45,825] {standard_task_runner.py:76} INFO - Running: ['***', 'tasks', 'run', 'cdn_daily', 'import_bsre.check_status_of_bsre', 'manual__2022-04-29T15:27:39.940269+00:00', '--job-id', '1707', '--raw', '--subdir', 'DAGS_FOLDER/cdn_daily.py', '--cfg-path', '/tmp/tmpqhse8rgr', '--error-file', '/tmp/tmpbhbbl8qm']
[2022-04-29 15:32:45,827] {standard_task_runner.py:77} INFO - Job 1707: Subtask import_bsre.check_status_of_bsre
[2022-04-29 15:32:45,925] {logging_mixin.py:109} INFO - Running <TaskInstance: cdn_daily.import_bsre.check_status_of_bsre manual__2022-04-29T15:27:39.940269+00:00 [running]> on host d5ad096ffea5
[2022-04-29 15:32:46,018] {taskinstance.py:1426} INFO - Exporting the following env vars:
AIRFLOW_CTX_DAG_EMAIL=***@example.com
AIRFLOW_CTX_DAG_OWNER=***
AIRFLOW_CTX_DAG_ID=cdn_daily
AIRFLOW_CTX_TASK_ID=import_bsre.check_status_of_bsre
AIRFLOW_CTX_EXECUTION_DATE=2022-04-29T15:27:39.940269+00:00
AIRFLOW_CTX_DAG_RUN_ID=manual__2022-04-29T15:27:39.940269+00:00
[2022-04-29 15:32:46,021] {logging_mixin.py:109} INFO - run_bsre
[2022-04-29 15:32:46,036] {logging_mixin.py:109} INFO - None
[2022-04-29 15:32:46,050] {logging_mixin.py:109} INFO - bsre.alm
[2022-04-29 15:32:46,063] {logging_mixin.py:109} INFO - 7
[2022-04-29 15:32:53,032] {python.py:175} INFO - Done. Returned value was: None
[2022-04-29 15:32:53,049] {taskinstance.py:1277} INFO - Marking task as SUCCESS. dag_id=cdn_daily, task_id=import_bsre.check_status_of_bsre, execution_date=20220429T152739, start_date=20220429T153245, end_date=20220429T153253
[2022-04-29 15:32:53,109] {local_task_job.py:154} INFO - Task exited with return code 0
[2022-04-29 15:32:53,162] {local_task_job.py:264} INFO - 1 downstream tasks scheduled from follow-on schedule check
