[2022-03-28 13:18:33,441] {taskinstance.py:1032} INFO - Dependencies all met for <TaskInstance: tutorial.pre.pre_print_proccesed_data scheduled__2022-03-27T12:54:27.698780+00:00 [queued]>
[2022-03-28 13:18:33,459] {taskinstance.py:1032} INFO - Dependencies all met for <TaskInstance: tutorial.pre.pre_print_proccesed_data scheduled__2022-03-27T12:54:27.698780+00:00 [queued]>
[2022-03-28 13:18:33,461] {taskinstance.py:1238} INFO - 
--------------------------------------------------------------------------------
[2022-03-28 13:18:33,462] {taskinstance.py:1239} INFO - Starting attempt 1 of 2
[2022-03-28 13:18:33,463] {taskinstance.py:1240} INFO - 
--------------------------------------------------------------------------------
[2022-03-28 13:18:33,479] {taskinstance.py:1259} INFO - Executing <Task(PythonOperator): pre.pre_print_proccesed_data> on 2022-03-27 12:54:27.698780+00:00
[2022-03-28 13:18:33,486] {standard_task_runner.py:52} INFO - Started process 623 to run task
[2022-03-28 13:18:33,491] {standard_task_runner.py:76} INFO - Running: ['***', 'tasks', 'run', 'tutorial', 'pre.pre_print_proccesed_data', 'scheduled__2022-03-27T12:54:27.698780+00:00', '--job-id', '1038', '--raw', '--subdir', 'DAGS_FOLDER/test_dag.py', '--cfg-path', '/tmp/tmp8qc3awz_', '--error-file', '/tmp/tmpjxau531p']
[2022-03-28 13:18:33,493] {standard_task_runner.py:77} INFO - Job 1038: Subtask pre.pre_print_proccesed_data
[2022-03-28 13:18:33,586] {logging_mixin.py:109} INFO - Running <TaskInstance: tutorial.pre.pre_print_proccesed_data scheduled__2022-03-27T12:54:27.698780+00:00 [running]> on host ff48034dfdbf
[2022-03-28 13:18:33,669] {taskinstance.py:1426} INFO - Exporting the following env vars:
AIRFLOW_CTX_DAG_EMAIL=***@example.com
AIRFLOW_CTX_DAG_OWNER=***
AIRFLOW_CTX_DAG_ID=tutorial
AIRFLOW_CTX_TASK_ID=pre.pre_print_proccesed_data
AIRFLOW_CTX_EXECUTION_DATE=2022-03-27T12:54:27.698780+00:00
AIRFLOW_CTX_DAG_RUN_ID=scheduled__2022-03-27T12:54:27.698780+00:00
[2022-03-28 13:19:39,104] {python.py:175} INFO - Done. Returned value was: None
[2022-03-28 13:19:39,139] {taskinstance.py:1277} INFO - Marking task as SUCCESS. dag_id=tutorial, task_id=pre.pre_print_proccesed_data, execution_date=20220327T125427, start_date=20220328T131833, end_date=20220328T131939
[2022-03-28 13:19:39,196] {local_task_job.py:154} INFO - Task exited with return code 0
[2022-03-28 13:19:39,246] {local_task_job.py:264} INFO - 0 downstream tasks scheduled from follow-on schedule check
