[2022-03-01 21:53:24,214] {taskinstance.py:1032} INFO - Dependencies all met for <TaskInstance: tutorial.wcccw.wcccw_print_proccesed_data scheduled__2022-02-28T21:51:17.549420+00:00 [queued]>
[2022-03-01 21:53:24,244] {taskinstance.py:1032} INFO - Dependencies all met for <TaskInstance: tutorial.wcccw.wcccw_print_proccesed_data scheduled__2022-02-28T21:51:17.549420+00:00 [queued]>
[2022-03-01 21:53:24,246] {taskinstance.py:1238} INFO - 
--------------------------------------------------------------------------------
[2022-03-01 21:53:24,247] {taskinstance.py:1239} INFO - Starting attempt 1 of 2
[2022-03-01 21:53:24,249] {taskinstance.py:1240} INFO - 
--------------------------------------------------------------------------------
[2022-03-01 21:53:24,278] {taskinstance.py:1259} INFO - Executing <Task(PythonOperator): wcccw.wcccw_print_proccesed_data> on 2022-02-28 21:51:17.549420+00:00
[2022-03-01 21:53:24,287] {standard_task_runner.py:52} INFO - Started process 5856 to run task
[2022-03-01 21:53:24,297] {standard_task_runner.py:76} INFO - Running: ['***', 'tasks', 'run', 'tutorial', 'wcccw.wcccw_print_proccesed_data', 'scheduled__2022-02-28T21:51:17.549420+00:00', '--job-id', '423', '--raw', '--subdir', 'DAGS_FOLDER/test_dag.py', '--cfg-path', '/tmp/tmpdykuuk6i', '--error-file', '/tmp/tmpzi7b34_w']
[2022-03-01 21:53:24,300] {standard_task_runner.py:77} INFO - Job 423: Subtask wcccw.wcccw_print_proccesed_data
[2022-03-01 21:53:24,477] {logging_mixin.py:109} INFO - Running <TaskInstance: tutorial.wcccw.wcccw_print_proccesed_data scheduled__2022-02-28T21:51:17.549420+00:00 [running]> on host ff48034dfdbf
[2022-03-01 21:53:24,712] {taskinstance.py:1426} INFO - Exporting the following env vars:
AIRFLOW_CTX_DAG_EMAIL=***@example.com
AIRFLOW_CTX_DAG_OWNER=***
AIRFLOW_CTX_DAG_ID=tutorial
AIRFLOW_CTX_TASK_ID=wcccw.wcccw_print_proccesed_data
AIRFLOW_CTX_EXECUTION_DATE=2022-02-28T21:51:17.549420+00:00
AIRFLOW_CTX_DAG_RUN_ID=scheduled__2022-02-28T21:51:17.549420+00:00
[2022-03-01 21:54:24,685] {python.py:175} INFO - Done. Returned value was: None
[2022-03-01 21:54:24,701] {taskinstance.py:1277} INFO - Marking task as SUCCESS. dag_id=tutorial, task_id=wcccw.wcccw_print_proccesed_data, execution_date=20220228T215117, start_date=20220301T215324, end_date=20220301T215424
[2022-03-01 21:54:24,746] {local_task_job.py:154} INFO - Task exited with return code 0
[2022-03-01 21:54:24,785] {local_task_job.py:264} INFO - 0 downstream tasks scheduled from follow-on schedule check
