[2022-03-14 12:00:11,479] {taskinstance.py:1032} INFO - Dependencies all met for <TaskInstance: tutorial.yryrty.yryrty_print_proccesed_data scheduled__2022-03-08T18:13:06.710203+00:00 [queued]>
[2022-03-14 12:00:11,496] {taskinstance.py:1032} INFO - Dependencies all met for <TaskInstance: tutorial.yryrty.yryrty_print_proccesed_data scheduled__2022-03-08T18:13:06.710203+00:00 [queued]>
[2022-03-14 12:00:11,497] {taskinstance.py:1238} INFO - 
--------------------------------------------------------------------------------
[2022-03-14 12:00:11,498] {taskinstance.py:1239} INFO - Starting attempt 1 of 2
[2022-03-14 12:00:11,499] {taskinstance.py:1240} INFO - 
--------------------------------------------------------------------------------
[2022-03-14 12:00:11,516] {taskinstance.py:1259} INFO - Executing <Task(PythonOperator): yryrty.yryrty_print_proccesed_data> on 2022-03-08 18:13:06.710203+00:00
[2022-03-14 12:00:11,522] {standard_task_runner.py:52} INFO - Started process 567 to run task
[2022-03-14 12:00:11,527] {standard_task_runner.py:76} INFO - Running: ['***', 'tasks', 'run', 'tutorial', 'yryrty.yryrty_print_proccesed_data', 'scheduled__2022-03-08T18:13:06.710203+00:00', '--job-id', '764', '--raw', '--subdir', 'DAGS_FOLDER/test_dag.py', '--cfg-path', '/tmp/tmpkqzjbi8x', '--error-file', '/tmp/tmpz16x4p8a']
[2022-03-14 12:00:11,529] {standard_task_runner.py:77} INFO - Job 764: Subtask yryrty.yryrty_print_proccesed_data
[2022-03-14 12:00:11,609] {logging_mixin.py:109} INFO - Running <TaskInstance: tutorial.yryrty.yryrty_print_proccesed_data scheduled__2022-03-08T18:13:06.710203+00:00 [running]> on host ff48034dfdbf
[2022-03-14 12:00:11,680] {taskinstance.py:1426} INFO - Exporting the following env vars:
AIRFLOW_CTX_DAG_EMAIL=***@example.com
AIRFLOW_CTX_DAG_OWNER=***
AIRFLOW_CTX_DAG_ID=tutorial
AIRFLOW_CTX_TASK_ID=yryrty.yryrty_print_proccesed_data
AIRFLOW_CTX_EXECUTION_DATE=2022-03-08T18:13:06.710203+00:00
AIRFLOW_CTX_DAG_RUN_ID=scheduled__2022-03-08T18:13:06.710203+00:00
[2022-03-14 12:01:11,679] {python.py:175} INFO - Done. Returned value was: None
[2022-03-14 12:01:11,696] {taskinstance.py:1277} INFO - Marking task as SUCCESS. dag_id=tutorial, task_id=yryrty.yryrty_print_proccesed_data, execution_date=20220308T181306, start_date=20220314T120011, end_date=20220314T120111
[2022-03-14 12:01:11,759] {local_task_job.py:154} INFO - Task exited with return code 0
[2022-03-14 12:01:11,796] {local_task_job.py:264} INFO - 0 downstream tasks scheduled from follow-on schedule check
