[2022-04-30 15:46:14,079] {taskinstance.py:1032} INFO - Dependencies all met for <TaskInstance: cdn_daily.check_presence_of_cat1 manual__2022-04-30T15:46:12.555314+00:00 [queued]>
[2022-04-30 15:46:14,111] {taskinstance.py:1032} INFO - Dependencies all met for <TaskInstance: cdn_daily.check_presence_of_cat1 manual__2022-04-30T15:46:12.555314+00:00 [queued]>
[2022-04-30 15:46:14,112] {taskinstance.py:1238} INFO - 
--------------------------------------------------------------------------------
[2022-04-30 15:46:14,114] {taskinstance.py:1239} INFO - Starting attempt 1 of 2
[2022-04-30 15:46:14,115] {taskinstance.py:1240} INFO - 
--------------------------------------------------------------------------------
[2022-04-30 15:46:14,141] {taskinstance.py:1259} INFO - Executing <Task(PythonOperator): check_presence_of_cat1> on 2022-04-30 15:46:12.555314+00:00
[2022-04-30 15:46:14,147] {standard_task_runner.py:52} INFO - Started process 2391 to run task
[2022-04-30 15:46:14,154] {standard_task_runner.py:76} INFO - Running: ['***', 'tasks', 'run', 'cdn_daily', 'check_presence_of_cat1', 'manual__2022-04-30T15:46:12.555314+00:00', '--job-id', '1823', '--raw', '--subdir', 'DAGS_FOLDER/cdn_daily.py', '--cfg-path', '/tmp/tmptsnqy958', '--error-file', '/tmp/tmpqvpqlkas']
[2022-04-30 15:46:14,157] {standard_task_runner.py:77} INFO - Job 1823: Subtask check_presence_of_cat1
[2022-04-30 15:46:14,294] {logging_mixin.py:109} INFO - Running <TaskInstance: cdn_daily.check_presence_of_cat1 manual__2022-04-30T15:46:12.555314+00:00 [running]> on host d5ad096ffea5
[2022-04-30 15:46:14,411] {taskinstance.py:1426} INFO - Exporting the following env vars:
AIRFLOW_CTX_DAG_EMAIL=***@example.com
AIRFLOW_CTX_DAG_OWNER=***
AIRFLOW_CTX_DAG_ID=cdn_daily
AIRFLOW_CTX_TASK_ID=check_presence_of_cat1
AIRFLOW_CTX_EXECUTION_DATE=2022-04-30T15:46:12.555314+00:00
AIRFLOW_CTX_DAG_RUN_ID=manual__2022-04-30T15:46:12.555314+00:00
[2022-04-30 15:46:14,457] {python.py:175} INFO - Done. Returned value was: None
[2022-04-30 15:46:14,509] {taskinstance.py:1277} INFO - Marking task as SUCCESS. dag_id=cdn_daily, task_id=check_presence_of_cat1, execution_date=20220430T154612, start_date=20220430T154614, end_date=20220430T154614
[2022-04-30 15:46:14,574] {local_task_job.py:154} INFO - Task exited with return code 0
[2022-04-30 15:46:14,709] {local_task_job.py:264} INFO - 1 downstream tasks scheduled from follow-on schedule check
