[2022-03-06 20:35:26,386] {taskinstance.py:1032} INFO - Dependencies all met for <TaskInstance: tutorial.fsqfqf.fsqfqf_print_proccesed_data scheduled__2022-03-05T10:29:52.784989+00:00 [queued]>
[2022-03-06 20:35:26,402] {taskinstance.py:1032} INFO - Dependencies all met for <TaskInstance: tutorial.fsqfqf.fsqfqf_print_proccesed_data scheduled__2022-03-05T10:29:52.784989+00:00 [queued]>
[2022-03-06 20:35:26,403] {taskinstance.py:1238} INFO - 
--------------------------------------------------------------------------------
[2022-03-06 20:35:26,404] {taskinstance.py:1239} INFO - Starting attempt 1 of 2
[2022-03-06 20:35:26,405] {taskinstance.py:1240} INFO - 
--------------------------------------------------------------------------------
[2022-03-06 20:35:26,420] {taskinstance.py:1259} INFO - Executing <Task(PythonOperator): fsqfqf.fsqfqf_print_proccesed_data> on 2022-03-05 10:29:52.784989+00:00
[2022-03-06 20:35:26,425] {standard_task_runner.py:52} INFO - Started process 209 to run task
[2022-03-06 20:35:26,429] {standard_task_runner.py:76} INFO - Running: ['***', 'tasks', 'run', 'tutorial', 'fsqfqf.fsqfqf_print_proccesed_data', 'scheduled__2022-03-05T10:29:52.784989+00:00', '--job-id', '615', '--raw', '--subdir', 'DAGS_FOLDER/test_dag.py', '--cfg-path', '/tmp/tmpyktuqca6', '--error-file', '/tmp/tmpfftys6o0']
[2022-03-06 20:35:26,430] {standard_task_runner.py:77} INFO - Job 615: Subtask fsqfqf.fsqfqf_print_proccesed_data
[2022-03-06 20:35:26,501] {logging_mixin.py:109} INFO - Running <TaskInstance: tutorial.fsqfqf.fsqfqf_print_proccesed_data scheduled__2022-03-05T10:29:52.784989+00:00 [running]> on host ff48034dfdbf
[2022-03-06 20:35:26,560] {taskinstance.py:1426} INFO - Exporting the following env vars:
AIRFLOW_CTX_DAG_EMAIL=***@example.com
AIRFLOW_CTX_DAG_OWNER=***
AIRFLOW_CTX_DAG_ID=tutorial
AIRFLOW_CTX_TASK_ID=fsqfqf.fsqfqf_print_proccesed_data
AIRFLOW_CTX_EXECUTION_DATE=2022-03-05T10:29:52.784989+00:00
AIRFLOW_CTX_DAG_RUN_ID=scheduled__2022-03-05T10:29:52.784989+00:00
[2022-03-06 20:36:26,583] {python.py:175} INFO - Done. Returned value was: None
[2022-03-06 20:36:26,648] {taskinstance.py:1277} INFO - Marking task as SUCCESS. dag_id=tutorial, task_id=fsqfqf.fsqfqf_print_proccesed_data, execution_date=20220305T102952, start_date=20220306T203526, end_date=20220306T203626
[2022-03-06 20:36:26,701] {local_task_job.py:154} INFO - Task exited with return code 0
[2022-03-06 20:36:26,830] {local_task_job.py:264} INFO - 0 downstream tasks scheduled from follow-on schedule check
