[2022-02-21 18:30:46,977] {taskinstance.py:1032} INFO - Dependencies all met for <TaskInstance: tutorial.pre.pre_get_data scheduled__2022-02-20T17:28:01.321646+00:00 [queued]>
[2022-02-21 18:30:46,995] {taskinstance.py:1032} INFO - Dependencies all met for <TaskInstance: tutorial.pre.pre_get_data scheduled__2022-02-20T17:28:01.321646+00:00 [queued]>
[2022-02-21 18:30:46,996] {taskinstance.py:1238} INFO - 
--------------------------------------------------------------------------------
[2022-02-21 18:30:46,997] {taskinstance.py:1239} INFO - Starting attempt 1 of 2
[2022-02-21 18:30:46,999] {taskinstance.py:1240} INFO - 
--------------------------------------------------------------------------------
[2022-02-21 18:30:47,019] {taskinstance.py:1259} INFO - Executing <Task(PythonOperator): pre.pre_get_data> on 2022-02-20 17:28:01.321646+00:00
[2022-02-21 18:30:47,026] {standard_task_runner.py:52} INFO - Started process 80 to run task
[2022-02-21 18:30:47,032] {standard_task_runner.py:76} INFO - Running: ['***', 'tasks', 'run', 'tutorial', 'pre.pre_get_data', 'scheduled__2022-02-20T17:28:01.321646+00:00', '--job-id', '62', '--raw', '--subdir', 'DAGS_FOLDER/test_dag.py', '--cfg-path', '/tmp/tmpt2z9jrfj', '--error-file', '/tmp/tmpg2jptye_']
[2022-02-21 18:30:47,033] {standard_task_runner.py:77} INFO - Job 62: Subtask pre.pre_get_data
[2022-02-21 18:30:47,142] {logging_mixin.py:109} INFO - Running <TaskInstance: tutorial.pre.pre_get_data scheduled__2022-02-20T17:28:01.321646+00:00 [running]> on host ff48034dfdbf
[2022-02-21 18:30:47,242] {taskinstance.py:1426} INFO - Exporting the following env vars:
AIRFLOW_CTX_DAG_EMAIL=***@example.com
AIRFLOW_CTX_DAG_OWNER=***
AIRFLOW_CTX_DAG_ID=tutorial
AIRFLOW_CTX_TASK_ID=pre.pre_get_data
AIRFLOW_CTX_EXECUTION_DATE=2022-02-20T17:28:01.321646+00:00
AIRFLOW_CTX_DAG_RUN_ID=scheduled__2022-02-20T17:28:01.321646+00:00
[2022-02-21 18:31:47,245] {python.py:175} INFO - Done. Returned value was: None
[2022-02-21 18:31:47,264] {taskinstance.py:1277} INFO - Marking task as SUCCESS. dag_id=tutorial, task_id=pre.pre_get_data, execution_date=20220220T172801, start_date=20220221T183046, end_date=20220221T183147
[2022-02-21 18:31:47,313] {local_task_job.py:154} INFO - Task exited with return code 0
[2022-02-21 18:31:47,379] {local_task_job.py:264} INFO - 1 downstream tasks scheduled from follow-on schedule check
