[2022-04-26 13:54:18,565] {taskinstance.py:1032} INFO - Dependencies all met for <TaskInstance: tutorial.gdgfg.gdgfg_get_data scheduled__2022-04-23T14:25:49.377068+00:00 [queued]>
[2022-04-26 13:54:18,593] {taskinstance.py:1032} INFO - Dependencies all met for <TaskInstance: tutorial.gdgfg.gdgfg_get_data scheduled__2022-04-23T14:25:49.377068+00:00 [queued]>
[2022-04-26 13:54:18,595] {taskinstance.py:1238} INFO - 
--------------------------------------------------------------------------------
[2022-04-26 13:54:18,596] {taskinstance.py:1239} INFO - Starting attempt 1 of 2
[2022-04-26 13:54:18,598] {taskinstance.py:1240} INFO - 
--------------------------------------------------------------------------------
[2022-04-26 13:54:18,635] {taskinstance.py:1259} INFO - Executing <Task(PythonOperator): gdgfg.gdgfg_get_data> on 2022-04-23 14:25:49.377068+00:00
[2022-04-26 13:54:18,645] {standard_task_runner.py:52} INFO - Started process 132 to run task
[2022-04-26 13:54:18,653] {standard_task_runner.py:76} INFO - Running: ['***', 'tasks', 'run', 'tutorial', 'gdgfg.gdgfg_get_data', 'scheduled__2022-04-23T14:25:49.377068+00:00', '--job-id', '1250', '--raw', '--subdir', 'DAGS_FOLDER/test_dag.py', '--cfg-path', '/tmp/tmpzb56ctig', '--error-file', '/tmp/tmph0eysf9l']
[2022-04-26 13:54:18,657] {standard_task_runner.py:77} INFO - Job 1250: Subtask gdgfg.gdgfg_get_data
[2022-04-26 13:54:18,797] {logging_mixin.py:109} INFO - Running <TaskInstance: tutorial.gdgfg.gdgfg_get_data scheduled__2022-04-23T14:25:49.377068+00:00 [running]> on host ff48034dfdbf
[2022-04-26 13:54:18,948] {taskinstance.py:1426} INFO - Exporting the following env vars:
AIRFLOW_CTX_DAG_EMAIL=***@example.com
AIRFLOW_CTX_DAG_OWNER=***
AIRFLOW_CTX_DAG_ID=tutorial
AIRFLOW_CTX_TASK_ID=gdgfg.gdgfg_get_data
AIRFLOW_CTX_EXECUTION_DATE=2022-04-23T14:25:49.377068+00:00
AIRFLOW_CTX_DAG_RUN_ID=scheduled__2022-04-23T14:25:49.377068+00:00
[2022-04-26 13:55:18,955] {python.py:175} INFO - Done. Returned value was: None
[2022-04-26 13:55:18,980] {taskinstance.py:1277} INFO - Marking task as SUCCESS. dag_id=tutorial, task_id=gdgfg.gdgfg_get_data, execution_date=20220423T142549, start_date=20220426T135418, end_date=20220426T135518
[2022-04-26 13:55:19,047] {local_task_job.py:154} INFO - Task exited with return code 0
[2022-04-26 13:55:19,164] {local_task_job.py:264} INFO - 1 downstream tasks scheduled from follow-on schedule check
