[2022-04-29 15:33:57,004] {taskinstance.py:1032} INFO - Dependencies all met for <TaskInstance: cdn_daily.import_cat.check_presence_of_cat1 manual__2022-04-29T15:33:55.249340+00:00 [queued]>
[2022-04-29 15:33:57,035] {taskinstance.py:1032} INFO - Dependencies all met for <TaskInstance: cdn_daily.import_cat.check_presence_of_cat1 manual__2022-04-29T15:33:55.249340+00:00 [queued]>
[2022-04-29 15:33:57,036] {taskinstance.py:1238} INFO - 
--------------------------------------------------------------------------------
[2022-04-29 15:33:57,039] {taskinstance.py:1239} INFO - Starting attempt 1 of 2
[2022-04-29 15:33:57,040] {taskinstance.py:1240} INFO - 
--------------------------------------------------------------------------------
[2022-04-29 15:33:57,072] {taskinstance.py:1259} INFO - Executing <Task(PythonOperator): import_cat.check_presence_of_cat1> on 2022-04-29 15:33:55.249340+00:00
[2022-04-29 15:33:57,088] {standard_task_runner.py:52} INFO - Started process 3909 to run task
[2022-04-29 15:33:57,105] {standard_task_runner.py:76} INFO - Running: ['***', 'tasks', 'run', 'cdn_daily', 'import_cat.check_presence_of_cat1', 'manual__2022-04-29T15:33:55.249340+00:00', '--job-id', '1730', '--raw', '--subdir', 'DAGS_FOLDER/cdn_daily.py', '--cfg-path', '/tmp/tmpdhb72ojc', '--error-file', '/tmp/tmpaz03yjg5']
[2022-04-29 15:33:57,107] {standard_task_runner.py:77} INFO - Job 1730: Subtask import_cat.check_presence_of_cat1
[2022-04-29 15:33:57,257] {logging_mixin.py:109} INFO - Running <TaskInstance: cdn_daily.import_cat.check_presence_of_cat1 manual__2022-04-29T15:33:55.249340+00:00 [running]> on host d5ad096ffea5
[2022-04-29 15:33:57,367] {taskinstance.py:1426} INFO - Exporting the following env vars:
AIRFLOW_CTX_DAG_EMAIL=***@example.com
AIRFLOW_CTX_DAG_OWNER=***
AIRFLOW_CTX_DAG_ID=cdn_daily
AIRFLOW_CTX_TASK_ID=import_cat.check_presence_of_cat1
AIRFLOW_CTX_EXECUTION_DATE=2022-04-29T15:33:55.249340+00:00
AIRFLOW_CTX_DAG_RUN_ID=manual__2022-04-29T15:33:55.249340+00:00
[2022-04-29 15:33:57,409] {python.py:175} INFO - Done. Returned value was: None
[2022-04-29 15:33:57,462] {taskinstance.py:1277} INFO - Marking task as SUCCESS. dag_id=cdn_daily, task_id=import_cat.check_presence_of_cat1, execution_date=20220429T153355, start_date=20220429T153357, end_date=20220429T153357
[2022-04-29 15:33:57,520] {local_task_job.py:154} INFO - Task exited with return code 0
[2022-04-29 15:33:57,585] {local_task_job.py:264} INFO - 1 downstream tasks scheduled from follow-on schedule check
