[2022-03-02 21:52:23,541] {taskinstance.py:1032} INFO - Dependencies all met for <TaskInstance: tutorial.bsre.bsre_proccess_data scheduled__2022-03-01T21:51:17.549420+00:00 [queued]>
[2022-03-02 21:52:23,606] {taskinstance.py:1032} INFO - Dependencies all met for <TaskInstance: tutorial.bsre.bsre_proccess_data scheduled__2022-03-01T21:51:17.549420+00:00 [queued]>
[2022-03-02 21:52:23,611] {taskinstance.py:1238} INFO - 
--------------------------------------------------------------------------------
[2022-03-02 21:52:23,615] {taskinstance.py:1239} INFO - Starting attempt 1 of 2
[2022-03-02 21:52:23,617] {taskinstance.py:1240} INFO - 
--------------------------------------------------------------------------------
[2022-03-02 21:52:23,691] {taskinstance.py:1259} INFO - Executing <Task(PythonOperator): bsre.bsre_proccess_data> on 2022-03-01 21:51:17.549420+00:00
[2022-03-02 21:52:23,752] {standard_task_runner.py:52} INFO - Started process 15225 to run task
[2022-03-02 21:52:23,775] {standard_task_runner.py:76} INFO - Running: ['***', 'tasks', 'run', 'tutorial', 'bsre.bsre_proccess_data', 'scheduled__2022-03-01T21:51:17.549420+00:00', '--job-id', '451', '--raw', '--subdir', 'DAGS_FOLDER/test_dag.py', '--cfg-path', '/tmp/tmpdzzh6ax2', '--error-file', '/tmp/tmp503eej37']
[2022-03-02 21:52:23,778] {standard_task_runner.py:77} INFO - Job 451: Subtask bsre.bsre_proccess_data
[2022-03-02 21:52:23,968] {logging_mixin.py:109} INFO - Running <TaskInstance: tutorial.bsre.bsre_proccess_data scheduled__2022-03-01T21:51:17.549420+00:00 [running]> on host ff48034dfdbf
[2022-03-02 21:52:24,116] {taskinstance.py:1426} INFO - Exporting the following env vars:
AIRFLOW_CTX_DAG_EMAIL=***@example.com
AIRFLOW_CTX_DAG_OWNER=***
AIRFLOW_CTX_DAG_ID=tutorial
AIRFLOW_CTX_TASK_ID=bsre.bsre_proccess_data
AIRFLOW_CTX_EXECUTION_DATE=2022-03-01T21:51:17.549420+00:00
AIRFLOW_CTX_DAG_RUN_ID=scheduled__2022-03-01T21:51:17.549420+00:00
[2022-03-02 21:53:24,111] {python.py:175} INFO - Done. Returned value was: None
[2022-03-02 21:53:24,137] {taskinstance.py:1277} INFO - Marking task as SUCCESS. dag_id=tutorial, task_id=bsre.bsre_proccess_data, execution_date=20220301T215117, start_date=20220302T215223, end_date=20220302T215324
[2022-03-02 21:53:24,203] {local_task_job.py:154} INFO - Task exited with return code 0
[2022-03-02 21:53:24,332] {local_task_job.py:264} INFO - 1 downstream tasks scheduled from follow-on schedule check
