[2022-04-26 14:02:31,019] {taskinstance.py:1032} INFO - Dependencies all met for <TaskInstance: tutorial.wcccw.wcccw_print_proccesed_data scheduled__2022-04-25T13:53:09.676172+00:00 [queued]>
[2022-04-26 14:02:31,041] {taskinstance.py:1032} INFO - Dependencies all met for <TaskInstance: tutorial.wcccw.wcccw_print_proccesed_data scheduled__2022-04-25T13:53:09.676172+00:00 [queued]>
[2022-04-26 14:02:31,042] {taskinstance.py:1238} INFO - 
--------------------------------------------------------------------------------
[2022-04-26 14:02:31,043] {taskinstance.py:1239} INFO - Starting attempt 1 of 2
[2022-04-26 14:02:31,044] {taskinstance.py:1240} INFO - 
--------------------------------------------------------------------------------
[2022-04-26 14:02:31,064] {taskinstance.py:1259} INFO - Executing <Task(PythonOperator): wcccw.wcccw_print_proccesed_data> on 2022-04-25 13:53:09.676172+00:00
[2022-04-26 14:02:31,071] {standard_task_runner.py:52} INFO - Started process 622 to run task
[2022-04-26 14:02:31,076] {standard_task_runner.py:76} INFO - Running: ['***', 'tasks', 'run', 'tutorial', 'wcccw.wcccw_print_proccesed_data', 'scheduled__2022-04-25T13:53:09.676172+00:00', '--job-id', '1333', '--raw', '--subdir', 'DAGS_FOLDER/test_dag.py', '--cfg-path', '/tmp/tmpjfyx5jrk', '--error-file', '/tmp/tmphbi5_1de']
[2022-04-26 14:02:31,077] {standard_task_runner.py:77} INFO - Job 1333: Subtask wcccw.wcccw_print_proccesed_data
[2022-04-26 14:02:31,201] {logging_mixin.py:109} INFO - Running <TaskInstance: tutorial.wcccw.wcccw_print_proccesed_data scheduled__2022-04-25T13:53:09.676172+00:00 [running]> on host ff48034dfdbf
[2022-04-26 14:02:31,300] {taskinstance.py:1426} INFO - Exporting the following env vars:
AIRFLOW_CTX_DAG_EMAIL=***@example.com
AIRFLOW_CTX_DAG_OWNER=***
AIRFLOW_CTX_DAG_ID=tutorial
AIRFLOW_CTX_TASK_ID=wcccw.wcccw_print_proccesed_data
AIRFLOW_CTX_EXECUTION_DATE=2022-04-25T13:53:09.676172+00:00
AIRFLOW_CTX_DAG_RUN_ID=scheduled__2022-04-25T13:53:09.676172+00:00
[2022-04-26 14:03:31,290] {python.py:175} INFO - Done. Returned value was: None
[2022-04-26 14:03:31,305] {taskinstance.py:1277} INFO - Marking task as SUCCESS. dag_id=tutorial, task_id=wcccw.wcccw_print_proccesed_data, execution_date=20220425T135309, start_date=20220426T140231, end_date=20220426T140331
[2022-04-26 14:03:31,331] {local_task_job.py:154} INFO - Task exited with return code 0
[2022-04-26 14:03:31,367] {local_task_job.py:264} INFO - 0 downstream tasks scheduled from follow-on schedule check
