[2022-02-26 11:38:18,786] {taskinstance.py:1032} INFO - Dependencies all met for <TaskInstance: tutorial.yryrty.yryrty_print_proccesed_data scheduled__2022-02-24T21:44:04.431894+00:00 [queued]>
[2022-02-26 11:38:18,814] {taskinstance.py:1032} INFO - Dependencies all met for <TaskInstance: tutorial.yryrty.yryrty_print_proccesed_data scheduled__2022-02-24T21:44:04.431894+00:00 [queued]>
[2022-02-26 11:38:18,817] {taskinstance.py:1238} INFO - 
--------------------------------------------------------------------------------
[2022-02-26 11:38:18,818] {taskinstance.py:1239} INFO - Starting attempt 1 of 2
[2022-02-26 11:38:18,820] {taskinstance.py:1240} INFO - 
--------------------------------------------------------------------------------
[2022-02-26 11:38:18,846] {taskinstance.py:1259} INFO - Executing <Task(PythonOperator): yryrty.yryrty_print_proccesed_data> on 2022-02-24 21:44:04.431894+00:00
[2022-02-26 11:38:18,858] {standard_task_runner.py:52} INFO - Started process 209 to run task
[2022-02-26 11:38:18,865] {standard_task_runner.py:76} INFO - Running: ['***', 'tasks', 'run', 'tutorial', 'yryrty.yryrty_print_proccesed_data', 'scheduled__2022-02-24T21:44:04.431894+00:00', '--job-id', '276', '--raw', '--subdir', 'DAGS_FOLDER/test_dag.py', '--cfg-path', '/tmp/tmpgbws3qe5', '--error-file', '/tmp/tmpstt_1fad']
[2022-02-26 11:38:18,867] {standard_task_runner.py:77} INFO - Job 276: Subtask yryrty.yryrty_print_proccesed_data
[2022-02-26 11:38:19,005] {logging_mixin.py:109} INFO - Running <TaskInstance: tutorial.yryrty.yryrty_print_proccesed_data scheduled__2022-02-24T21:44:04.431894+00:00 [running]> on host ff48034dfdbf
[2022-02-26 11:38:19,091] {taskinstance.py:1426} INFO - Exporting the following env vars:
AIRFLOW_CTX_DAG_EMAIL=***@example.com
AIRFLOW_CTX_DAG_OWNER=***
AIRFLOW_CTX_DAG_ID=tutorial
AIRFLOW_CTX_TASK_ID=yryrty.yryrty_print_proccesed_data
AIRFLOW_CTX_EXECUTION_DATE=2022-02-24T21:44:04.431894+00:00
AIRFLOW_CTX_DAG_RUN_ID=scheduled__2022-02-24T21:44:04.431894+00:00
[2022-02-26 11:39:19,110] {python.py:175} INFO - Done. Returned value was: None
[2022-02-26 11:39:19,143] {taskinstance.py:1277} INFO - Marking task as SUCCESS. dag_id=tutorial, task_id=yryrty.yryrty_print_proccesed_data, execution_date=20220224T214404, start_date=20220226T113818, end_date=20220226T113919
[2022-02-26 11:39:19,186] {local_task_job.py:154} INFO - Task exited with return code 0
[2022-02-26 11:39:19,250] {local_task_job.py:264} INFO - 0 downstream tasks scheduled from follow-on schedule check
