[2022-03-14 11:55:06,906] {taskinstance.py:1032} INFO - Dependencies all met for <TaskInstance: tutorial.xsxsxqc.xsxsxqc_get_data scheduled__2022-03-13T11:51:30.016366+00:00 [queued]>
[2022-03-14 11:55:06,936] {taskinstance.py:1032} INFO - Dependencies all met for <TaskInstance: tutorial.xsxsxqc.xsxsxqc_get_data scheduled__2022-03-13T11:51:30.016366+00:00 [queued]>
[2022-03-14 11:55:06,938] {taskinstance.py:1238} INFO - 
--------------------------------------------------------------------------------
[2022-03-14 11:55:06,939] {taskinstance.py:1239} INFO - Starting attempt 1 of 2
[2022-03-14 11:55:06,940] {taskinstance.py:1240} INFO - 
--------------------------------------------------------------------------------
[2022-03-14 11:55:06,971] {taskinstance.py:1259} INFO - Executing <Task(PythonOperator): xsxsxqc.xsxsxqc_get_data> on 2022-03-13 11:51:30.016366+00:00
[2022-03-14 11:55:06,978] {standard_task_runner.py:52} INFO - Started process 276 to run task
[2022-03-14 11:55:06,984] {standard_task_runner.py:76} INFO - Running: ['***', 'tasks', 'run', 'tutorial', 'xsxsxqc.xsxsxqc_get_data', 'scheduled__2022-03-13T11:51:30.016366+00:00', '--job-id', '720', '--raw', '--subdir', 'DAGS_FOLDER/test_dag.py', '--cfg-path', '/tmp/tmp1di5x2mu', '--error-file', '/tmp/tmp2ku6hcqu']
[2022-03-14 11:55:06,985] {standard_task_runner.py:77} INFO - Job 720: Subtask xsxsxqc.xsxsxqc_get_data
[2022-03-14 11:55:07,112] {logging_mixin.py:109} INFO - Running <TaskInstance: tutorial.xsxsxqc.xsxsxqc_get_data scheduled__2022-03-13T11:51:30.016366+00:00 [running]> on host ff48034dfdbf
[2022-03-14 11:55:07,190] {taskinstance.py:1426} INFO - Exporting the following env vars:
AIRFLOW_CTX_DAG_EMAIL=***@example.com
AIRFLOW_CTX_DAG_OWNER=***
AIRFLOW_CTX_DAG_ID=tutorial
AIRFLOW_CTX_TASK_ID=xsxsxqc.xsxsxqc_get_data
AIRFLOW_CTX_EXECUTION_DATE=2022-03-13T11:51:30.016366+00:00
AIRFLOW_CTX_DAG_RUN_ID=scheduled__2022-03-13T11:51:30.016366+00:00
[2022-03-14 11:56:07,202] {python.py:175} INFO - Done. Returned value was: None
[2022-03-14 11:56:07,352] {taskinstance.py:1277} INFO - Marking task as SUCCESS. dag_id=tutorial, task_id=xsxsxqc.xsxsxqc_get_data, execution_date=20220313T115130, start_date=20220314T115506, end_date=20220314T115607
[2022-03-14 11:56:07,416] {local_task_job.py:154} INFO - Task exited with return code 0
[2022-03-14 11:56:07,525] {local_task_job.py:264} INFO - 1 downstream tasks scheduled from follow-on schedule check
