[2022-04-23 14:28:56,694] {taskinstance.py:1032} INFO - Dependencies all met for <TaskInstance: tutorial.cat.cat_print_proccesed_data scheduled__2022-04-22T14:16:37.536651+00:00 [queued]>
[2022-04-23 14:28:56,724] {taskinstance.py:1032} INFO - Dependencies all met for <TaskInstance: tutorial.cat.cat_print_proccesed_data scheduled__2022-04-22T14:16:37.536651+00:00 [queued]>
[2022-04-23 14:28:56,725] {taskinstance.py:1238} INFO - 
--------------------------------------------------------------------------------
[2022-04-23 14:28:56,727] {taskinstance.py:1239} INFO - Starting attempt 1 of 2
[2022-04-23 14:28:56,728] {taskinstance.py:1240} INFO - 
--------------------------------------------------------------------------------
[2022-04-23 14:28:56,752] {taskinstance.py:1259} INFO - Executing <Task(PythonOperator): cat.cat_print_proccesed_data> on 2022-04-22 14:16:37.536651+00:00
[2022-04-23 14:28:56,763] {standard_task_runner.py:52} INFO - Started process 782 to run task
[2022-04-23 14:28:56,813] {standard_task_runner.py:76} INFO - Running: ['***', 'tasks', 'run', 'tutorial', 'cat.cat_print_proccesed_data', 'scheduled__2022-04-22T14:16:37.536651+00:00', '--job-id', '1221', '--raw', '--subdir', 'DAGS_FOLDER/test_dag.py', '--cfg-path', '/tmp/tmpb6y5dfym', '--error-file', '/tmp/tmpbqqz27uu']
[2022-04-23 14:28:56,886] {standard_task_runner.py:77} INFO - Job 1221: Subtask cat.cat_print_proccesed_data
[2022-04-23 14:28:57,187] {logging_mixin.py:109} INFO - Running <TaskInstance: tutorial.cat.cat_print_proccesed_data scheduled__2022-04-22T14:16:37.536651+00:00 [running]> on host ff48034dfdbf
[2022-04-23 14:28:58,422] {taskinstance.py:1426} INFO - Exporting the following env vars:
AIRFLOW_CTX_DAG_EMAIL=***@example.com
AIRFLOW_CTX_DAG_OWNER=***
AIRFLOW_CTX_DAG_ID=tutorial
AIRFLOW_CTX_TASK_ID=cat.cat_print_proccesed_data
AIRFLOW_CTX_EXECUTION_DATE=2022-04-22T14:16:37.536651+00:00
AIRFLOW_CTX_DAG_RUN_ID=scheduled__2022-04-22T14:16:37.536651+00:00
[2022-04-23 14:29:58,494] {python.py:175} INFO - Done. Returned value was: None
[2022-04-23 14:29:58,519] {taskinstance.py:1277} INFO - Marking task as SUCCESS. dag_id=tutorial, task_id=cat.cat_print_proccesed_data, execution_date=20220422T141637, start_date=20220423T142856, end_date=20220423T142958
[2022-04-23 14:29:58,582] {local_task_job.py:154} INFO - Task exited with return code 0
[2022-04-23 14:29:58,622] {local_task_job.py:264} INFO - 0 downstream tasks scheduled from follow-on schedule check
