[2022-04-28 15:55:53,483] {taskinstance.py:1032} INFO - Dependencies all met for <TaskInstance: cdn_daily.import_cat.check_presence_of_cat2 manual__2022-04-28T15:55:51.992066+00:00 [queued]>
[2022-04-28 15:55:53,509] {taskinstance.py:1032} INFO - Dependencies all met for <TaskInstance: cdn_daily.import_cat.check_presence_of_cat2 manual__2022-04-28T15:55:51.992066+00:00 [queued]>
[2022-04-28 15:55:53,511] {taskinstance.py:1238} INFO - 
--------------------------------------------------------------------------------
[2022-04-28 15:55:53,512] {taskinstance.py:1239} INFO - Starting attempt 1 of 2
[2022-04-28 15:55:53,514] {taskinstance.py:1240} INFO - 
--------------------------------------------------------------------------------
[2022-04-28 15:55:53,541] {taskinstance.py:1259} INFO - Executing <Task(PythonOperator): import_cat.check_presence_of_cat2> on 2022-04-28 15:55:51.992066+00:00
[2022-04-28 15:55:53,550] {standard_task_runner.py:52} INFO - Started process 2676 to run task
[2022-04-28 15:55:53,557] {standard_task_runner.py:76} INFO - Running: ['***', 'tasks', 'run', 'cdn_daily', 'import_cat.check_presence_of_cat2', 'manual__2022-04-28T15:55:51.992066+00:00', '--job-id', '1539', '--raw', '--subdir', 'DAGS_FOLDER/cdn_daily.py', '--cfg-path', '/tmp/tmpwxf8o4ky', '--error-file', '/tmp/tmpzx8t7767']
[2022-04-28 15:55:53,560] {standard_task_runner.py:77} INFO - Job 1539: Subtask import_cat.check_presence_of_cat2
[2022-04-28 15:55:53,678] {logging_mixin.py:109} INFO - Running <TaskInstance: cdn_daily.import_cat.check_presence_of_cat2 manual__2022-04-28T15:55:51.992066+00:00 [running]> on host d5ad096ffea5
[2022-04-28 15:55:53,803] {taskinstance.py:1426} INFO - Exporting the following env vars:
AIRFLOW_CTX_DAG_EMAIL=***@example.com
AIRFLOW_CTX_DAG_OWNER=***
AIRFLOW_CTX_DAG_ID=cdn_daily
AIRFLOW_CTX_TASK_ID=import_cat.check_presence_of_cat2
AIRFLOW_CTX_EXECUTION_DATE=2022-04-28T15:55:51.992066+00:00
AIRFLOW_CTX_DAG_RUN_ID=manual__2022-04-28T15:55:51.992066+00:00
[2022-04-28 15:55:53,843] {python.py:175} INFO - Done. Returned value was: None
[2022-04-28 15:55:53,870] {taskinstance.py:1277} INFO - Marking task as SUCCESS. dag_id=cdn_daily, task_id=import_cat.check_presence_of_cat2, execution_date=20220428T155551, start_date=20220428T155553, end_date=20220428T155553
[2022-04-28 15:55:53,934] {local_task_job.py:154} INFO - Task exited with return code 0
[2022-04-28 15:55:54,004] {local_task_job.py:264} INFO - 1 downstream tasks scheduled from follow-on schedule check
