[2022-04-23 14:29:59,776] {taskinstance.py:1032} INFO - Dependencies all met for <TaskInstance: tutorial.bsre.bsre_print_proccesed_data scheduled__2022-04-22T14:25:49.377068+00:00 [queued]>
[2022-04-23 14:29:59,794] {taskinstance.py:1032} INFO - Dependencies all met for <TaskInstance: tutorial.bsre.bsre_print_proccesed_data scheduled__2022-04-22T14:25:49.377068+00:00 [queued]>
[2022-04-23 14:29:59,795] {taskinstance.py:1238} INFO - 
--------------------------------------------------------------------------------
[2022-04-23 14:29:59,796] {taskinstance.py:1239} INFO - Starting attempt 1 of 2
[2022-04-23 14:29:59,797] {taskinstance.py:1240} INFO - 
--------------------------------------------------------------------------------
[2022-04-23 14:29:59,820] {taskinstance.py:1259} INFO - Executing <Task(PythonOperator): bsre.bsre_print_proccesed_data> on 2022-04-22 14:25:49.377068+00:00
[2022-04-23 14:29:59,827] {standard_task_runner.py:52} INFO - Started process 838 to run task
[2022-04-23 14:29:59,831] {standard_task_runner.py:76} INFO - Running: ['***', 'tasks', 'run', 'tutorial', 'bsre.bsre_print_proccesed_data', 'scheduled__2022-04-22T14:25:49.377068+00:00', '--job-id', '1232', '--raw', '--subdir', 'DAGS_FOLDER/test_dag.py', '--cfg-path', '/tmp/tmp3avhkseu', '--error-file', '/tmp/tmplzed3j91']
[2022-04-23 14:29:59,833] {standard_task_runner.py:77} INFO - Job 1232: Subtask bsre.bsre_print_proccesed_data
[2022-04-23 14:29:59,917] {logging_mixin.py:109} INFO - Running <TaskInstance: tutorial.bsre.bsre_print_proccesed_data scheduled__2022-04-22T14:25:49.377068+00:00 [running]> on host ff48034dfdbf
[2022-04-23 14:29:59,986] {taskinstance.py:1426} INFO - Exporting the following env vars:
AIRFLOW_CTX_DAG_EMAIL=***@example.com
AIRFLOW_CTX_DAG_OWNER=***
AIRFLOW_CTX_DAG_ID=tutorial
AIRFLOW_CTX_TASK_ID=bsre.bsre_print_proccesed_data
AIRFLOW_CTX_EXECUTION_DATE=2022-04-22T14:25:49.377068+00:00
AIRFLOW_CTX_DAG_RUN_ID=scheduled__2022-04-22T14:25:49.377068+00:00
[2022-04-23 14:31:00,224] {python.py:175} INFO - Done. Returned value was: None
[2022-04-23 14:31:00,239] {taskinstance.py:1277} INFO - Marking task as SUCCESS. dag_id=tutorial, task_id=bsre.bsre_print_proccesed_data, execution_date=20220422T142549, start_date=20220423T142959, end_date=20220423T143100
[2022-04-23 14:31:00,267] {local_task_job.py:154} INFO - Task exited with return code 0
[2022-04-23 14:31:00,311] {local_task_job.py:264} INFO - 0 downstream tasks scheduled from follow-on schedule check
