[2022-04-29 15:13:29,811] {taskinstance.py:1032} INFO - Dependencies all met for <TaskInstance: cdn_daily.import_pre.run_pre.alm manual__2022-04-29T15:13:28.101017+00:00 [queued]>
[2022-04-29 15:13:29,830] {taskinstance.py:1032} INFO - Dependencies all met for <TaskInstance: cdn_daily.import_pre.run_pre.alm manual__2022-04-29T15:13:28.101017+00:00 [queued]>
[2022-04-29 15:13:29,832] {taskinstance.py:1238} INFO - 
--------------------------------------------------------------------------------
[2022-04-29 15:13:29,833] {taskinstance.py:1239} INFO - Starting attempt 1 of 2
[2022-04-29 15:13:29,835] {taskinstance.py:1240} INFO - 
--------------------------------------------------------------------------------
[2022-04-29 15:13:29,859] {taskinstance.py:1259} INFO - Executing <Task(PythonOperator): import_pre.run_pre.alm> on 2022-04-29 15:13:28.101017+00:00
[2022-04-29 15:13:29,868] {standard_task_runner.py:52} INFO - Started process 2826 to run task
[2022-04-29 15:13:29,874] {standard_task_runner.py:76} INFO - Running: ['***', 'tasks', 'run', 'cdn_daily', 'import_pre.run_pre.alm', 'manual__2022-04-29T15:13:28.101017+00:00', '--job-id', '1613', '--raw', '--subdir', 'DAGS_FOLDER/cdn_daily.py', '--cfg-path', '/tmp/tmplba4x7ym', '--error-file', '/tmp/tmpikocj1pj']
[2022-04-29 15:13:29,877] {standard_task_runner.py:77} INFO - Job 1613: Subtask import_pre.run_pre.alm
[2022-04-29 15:13:29,989] {logging_mixin.py:109} INFO - Running <TaskInstance: cdn_daily.import_pre.run_pre.alm manual__2022-04-29T15:13:28.101017+00:00 [running]> on host d5ad096ffea5
[2022-04-29 15:13:30,120] {taskinstance.py:1426} INFO - Exporting the following env vars:
AIRFLOW_CTX_DAG_EMAIL=***@example.com
AIRFLOW_CTX_DAG_OWNER=***
AIRFLOW_CTX_DAG_ID=cdn_daily
AIRFLOW_CTX_TASK_ID=import_pre.run_pre.alm
AIRFLOW_CTX_EXECUTION_DATE=2022-04-29T15:13:28.101017+00:00
AIRFLOW_CTX_DAG_RUN_ID=manual__2022-04-29T15:13:28.101017+00:00
[2022-04-29 15:13:30,159] {python.py:175} INFO - Done. Returned value was: None
[2022-04-29 15:13:30,219] {taskinstance.py:1277} INFO - Marking task as SUCCESS. dag_id=cdn_daily, task_id=import_pre.run_pre.alm, execution_date=20220429T151328, start_date=20220429T151329, end_date=20220429T151330
[2022-04-29 15:13:30,253] {local_task_job.py:154} INFO - Task exited with return code 0
[2022-04-29 15:13:30,310] {local_task_job.py:264} INFO - 1 downstream tasks scheduled from follow-on schedule check
