[2022-02-19 21:37:11,452] {taskinstance.py:1032} INFO - Dependencies all met for <TaskInstance: tutorial.xsxsxqc.xsxsxqc_proccess_data manual__2022-02-19T21:36:05.015535+00:00 [queued]>
[2022-02-19 21:37:11,463] {taskinstance.py:1032} INFO - Dependencies all met for <TaskInstance: tutorial.xsxsxqc.xsxsxqc_proccess_data manual__2022-02-19T21:36:05.015535+00:00 [queued]>
[2022-02-19 21:37:11,464] {taskinstance.py:1238} INFO - 
--------------------------------------------------------------------------------
[2022-02-19 21:37:11,466] {taskinstance.py:1239} INFO - Starting attempt 1 of 2
[2022-02-19 21:37:11,467] {taskinstance.py:1240} INFO - 
--------------------------------------------------------------------------------
[2022-02-19 21:37:11,480] {taskinstance.py:1259} INFO - Executing <Task(PythonOperator): xsxsxqc.xsxsxqc_proccess_data> on 2022-02-19 21:36:05.015535+00:00
[2022-02-19 21:37:11,485] {standard_task_runner.py:52} INFO - Started process 4681 to run task
[2022-02-19 21:37:11,489] {standard_task_runner.py:76} INFO - Running: ['***', 'tasks', 'run', 'tutorial', 'xsxsxqc.xsxsxqc_proccess_data', 'manual__2022-02-19T21:36:05.015535+00:00', '--job-id', '26', '--raw', '--subdir', 'DAGS_FOLDER/test_dag.py', '--cfg-path', '/tmp/tmpytimgvd0', '--error-file', '/tmp/tmpcw5iw3gf']
[2022-02-19 21:37:11,490] {standard_task_runner.py:77} INFO - Job 26: Subtask xsxsxqc.xsxsxqc_proccess_data
[2022-02-19 21:37:11,555] {logging_mixin.py:109} INFO - Running <TaskInstance: tutorial.xsxsxqc.xsxsxqc_proccess_data manual__2022-02-19T21:36:05.015535+00:00 [running]> on host ff48034dfdbf
[2022-02-19 21:37:11,611] {taskinstance.py:1426} INFO - Exporting the following env vars:
AIRFLOW_CTX_DAG_EMAIL=***@example.com
AIRFLOW_CTX_DAG_OWNER=***
AIRFLOW_CTX_DAG_ID=tutorial
AIRFLOW_CTX_TASK_ID=xsxsxqc.xsxsxqc_proccess_data
AIRFLOW_CTX_EXECUTION_DATE=2022-02-19T21:36:05.015535+00:00
AIRFLOW_CTX_DAG_RUN_ID=manual__2022-02-19T21:36:05.015535+00:00
[2022-02-19 21:38:11,603] {python.py:175} INFO - Done. Returned value was: None
[2022-02-19 21:38:11,988] {taskinstance.py:1277} INFO - Marking task as SUCCESS. dag_id=tutorial, task_id=xsxsxqc.xsxsxqc_proccess_data, execution_date=20220219T213605, start_date=20220219T213711, end_date=20220219T213811
[2022-02-19 21:38:12,055] {local_task_job.py:154} INFO - Task exited with return code 0
[2022-02-19 21:38:12,263] {local_task_job.py:264} INFO - 1 downstream tasks scheduled from follow-on schedule check
