[2022-03-14 12:03:18,522] {taskinstance.py:1032} INFO - Dependencies all met for <TaskInstance: tutorial.fsqfqf.fsqfqf_print_proccesed_data scheduled__2022-03-08T18:13:06.710203+00:00 [queued]>
[2022-03-14 12:03:18,548] {taskinstance.py:1032} INFO - Dependencies all met for <TaskInstance: tutorial.fsqfqf.fsqfqf_print_proccesed_data scheduled__2022-03-08T18:13:06.710203+00:00 [queued]>
[2022-03-14 12:03:18,549] {taskinstance.py:1238} INFO - 
--------------------------------------------------------------------------------
[2022-03-14 12:03:18,550] {taskinstance.py:1239} INFO - Starting attempt 1 of 2
[2022-03-14 12:03:18,551] {taskinstance.py:1240} INFO - 
--------------------------------------------------------------------------------
[2022-03-14 12:03:18,578] {taskinstance.py:1259} INFO - Executing <Task(PythonOperator): fsqfqf.fsqfqf_print_proccesed_data> on 2022-03-08 18:13:06.710203+00:00
[2022-03-14 12:03:18,587] {standard_task_runner.py:52} INFO - Started process 755 to run task
[2022-03-14 12:03:18,593] {standard_task_runner.py:76} INFO - Running: ['***', 'tasks', 'run', 'tutorial', 'fsqfqf.fsqfqf_print_proccesed_data', 'scheduled__2022-03-08T18:13:06.710203+00:00', '--job-id', '797', '--raw', '--subdir', 'DAGS_FOLDER/test_dag.py', '--cfg-path', '/tmp/tmp4cqf936o', '--error-file', '/tmp/tmpip2jt7s5']
[2022-03-14 12:03:18,595] {standard_task_runner.py:77} INFO - Job 797: Subtask fsqfqf.fsqfqf_print_proccesed_data
[2022-03-14 12:03:18,768] {logging_mixin.py:109} INFO - Running <TaskInstance: tutorial.fsqfqf.fsqfqf_print_proccesed_data scheduled__2022-03-08T18:13:06.710203+00:00 [running]> on host ff48034dfdbf
[2022-03-14 12:03:18,904] {taskinstance.py:1426} INFO - Exporting the following env vars:
AIRFLOW_CTX_DAG_EMAIL=***@example.com
AIRFLOW_CTX_DAG_OWNER=***
AIRFLOW_CTX_DAG_ID=tutorial
AIRFLOW_CTX_TASK_ID=fsqfqf.fsqfqf_print_proccesed_data
AIRFLOW_CTX_EXECUTION_DATE=2022-03-08T18:13:06.710203+00:00
AIRFLOW_CTX_DAG_RUN_ID=scheduled__2022-03-08T18:13:06.710203+00:00
[2022-03-14 12:04:18,926] {python.py:175} INFO - Done. Returned value was: None
[2022-03-14 12:04:19,032] {taskinstance.py:1277} INFO - Marking task as SUCCESS. dag_id=tutorial, task_id=fsqfqf.fsqfqf_print_proccesed_data, execution_date=20220308T181306, start_date=20220314T120318, end_date=20220314T120419
[2022-03-14 12:04:19,071] {local_task_job.py:154} INFO - Task exited with return code 0
[2022-03-14 12:04:19,119] {local_task_job.py:264} INFO - 0 downstream tasks scheduled from follow-on schedule check
