[2022-03-14 12:07:18,581] {taskinstance.py:1032} INFO - Dependencies all met for <TaskInstance: tutorial.gdgfg.gdgfg_proccess_data scheduled__2022-03-13T12:04:19.461189+00:00 [queued]>
[2022-03-14 12:07:18,601] {taskinstance.py:1032} INFO - Dependencies all met for <TaskInstance: tutorial.gdgfg.gdgfg_proccess_data scheduled__2022-03-13T12:04:19.461189+00:00 [queued]>
[2022-03-14 12:07:18,602] {taskinstance.py:1238} INFO - 
--------------------------------------------------------------------------------
[2022-03-14 12:07:18,604] {taskinstance.py:1239} INFO - Starting attempt 1 of 2
[2022-03-14 12:07:18,605] {taskinstance.py:1240} INFO - 
--------------------------------------------------------------------------------
[2022-03-14 12:07:18,633] {taskinstance.py:1259} INFO - Executing <Task(PythonOperator): gdgfg.gdgfg_proccess_data> on 2022-03-13 12:04:19.461189+00:00
[2022-03-14 12:07:18,642] {standard_task_runner.py:52} INFO - Started process 985 to run task
[2022-03-14 12:07:18,649] {standard_task_runner.py:76} INFO - Running: ['***', 'tasks', 'run', 'tutorial', 'gdgfg.gdgfg_proccess_data', 'scheduled__2022-03-13T12:04:19.461189+00:00', '--job-id', '834', '--raw', '--subdir', 'DAGS_FOLDER/test_dag.py', '--cfg-path', '/tmp/tmpzedfr4zt', '--error-file', '/tmp/tmp0b9fpo7c']
[2022-03-14 12:07:18,651] {standard_task_runner.py:77} INFO - Job 834: Subtask gdgfg.gdgfg_proccess_data
[2022-03-14 12:07:18,746] {logging_mixin.py:109} INFO - Running <TaskInstance: tutorial.gdgfg.gdgfg_proccess_data scheduled__2022-03-13T12:04:19.461189+00:00 [running]> on host ff48034dfdbf
[2022-03-14 12:07:18,828] {taskinstance.py:1426} INFO - Exporting the following env vars:
AIRFLOW_CTX_DAG_EMAIL=***@example.com
AIRFLOW_CTX_DAG_OWNER=***
AIRFLOW_CTX_DAG_ID=tutorial
AIRFLOW_CTX_TASK_ID=gdgfg.gdgfg_proccess_data
AIRFLOW_CTX_EXECUTION_DATE=2022-03-13T12:04:19.461189+00:00
AIRFLOW_CTX_DAG_RUN_ID=scheduled__2022-03-13T12:04:19.461189+00:00
[2022-03-14 12:08:18,847] {python.py:175} INFO - Done. Returned value was: None
[2022-03-14 12:08:18,863] {taskinstance.py:1277} INFO - Marking task as SUCCESS. dag_id=tutorial, task_id=gdgfg.gdgfg_proccess_data, execution_date=20220313T120419, start_date=20220314T120718, end_date=20220314T120818
[2022-03-14 12:08:18,916] {local_task_job.py:154} INFO - Task exited with return code 0
[2022-03-14 12:08:18,963] {local_task_job.py:264} INFO - 1 downstream tasks scheduled from follow-on schedule check
