[2022-02-23 21:40:58,911] {taskinstance.py:1032} INFO - Dependencies all met for <TaskInstance: tutorial.eaeaz.eaeaz_proccess_data scheduled__2022-02-21T17:28:01.321646+00:00 [queued]>
[2022-02-23 21:40:58,934] {taskinstance.py:1032} INFO - Dependencies all met for <TaskInstance: tutorial.eaeaz.eaeaz_proccess_data scheduled__2022-02-21T17:28:01.321646+00:00 [queued]>
[2022-02-23 21:40:58,936] {taskinstance.py:1238} INFO - 
--------------------------------------------------------------------------------
[2022-02-23 21:40:58,939] {taskinstance.py:1239} INFO - Starting attempt 1 of 2
[2022-02-23 21:40:58,942] {taskinstance.py:1240} INFO - 
--------------------------------------------------------------------------------
[2022-02-23 21:40:58,971] {taskinstance.py:1259} INFO - Executing <Task(PythonOperator): eaeaz.eaeaz_proccess_data> on 2022-02-21 17:28:01.321646+00:00
[2022-02-23 21:40:58,982] {standard_task_runner.py:52} INFO - Started process 271 to run task
[2022-02-23 21:40:58,989] {standard_task_runner.py:76} INFO - Running: ['***', 'tasks', 'run', 'tutorial', 'eaeaz.eaeaz_proccess_data', 'scheduled__2022-02-21T17:28:01.321646+00:00', '--job-id', '134', '--raw', '--subdir', 'DAGS_FOLDER/test_dag.py', '--cfg-path', '/tmp/tmpb9_76vxr', '--error-file', '/tmp/tmp60zr35c7']
[2022-02-23 21:40:58,992] {standard_task_runner.py:77} INFO - Job 134: Subtask eaeaz.eaeaz_proccess_data
[2022-02-23 21:40:59,159] {logging_mixin.py:109} INFO - Running <TaskInstance: tutorial.eaeaz.eaeaz_proccess_data scheduled__2022-02-21T17:28:01.321646+00:00 [running]> on host ff48034dfdbf
[2022-02-23 21:40:59,280] {taskinstance.py:1426} INFO - Exporting the following env vars:
AIRFLOW_CTX_DAG_EMAIL=***@example.com
AIRFLOW_CTX_DAG_OWNER=***
AIRFLOW_CTX_DAG_ID=tutorial
AIRFLOW_CTX_TASK_ID=eaeaz.eaeaz_proccess_data
AIRFLOW_CTX_EXECUTION_DATE=2022-02-21T17:28:01.321646+00:00
AIRFLOW_CTX_DAG_RUN_ID=scheduled__2022-02-21T17:28:01.321646+00:00
[2022-02-23 21:41:59,292] {python.py:175} INFO - Done. Returned value was: None
[2022-02-23 21:41:59,306] {taskinstance.py:1277} INFO - Marking task as SUCCESS. dag_id=tutorial, task_id=eaeaz.eaeaz_proccess_data, execution_date=20220221T172801, start_date=20220223T214058, end_date=20220223T214159
[2022-02-23 21:41:59,363] {local_task_job.py:154} INFO - Task exited with return code 0
[2022-02-23 21:41:59,405] {local_task_job.py:264} INFO - 1 downstream tasks scheduled from follow-on schedule check
