[2022-03-28 13:16:31,007] {taskinstance.py:1032} INFO - Dependencies all met for <TaskInstance: tutorial.pre.pre_print_proccesed_data scheduled__2022-03-27T12:47:50.362235+00:00 [queued]>
[2022-03-28 13:16:31,044] {taskinstance.py:1032} INFO - Dependencies all met for <TaskInstance: tutorial.pre.pre_print_proccesed_data scheduled__2022-03-27T12:47:50.362235+00:00 [queued]>
[2022-03-28 13:16:31,046] {taskinstance.py:1238} INFO - 
--------------------------------------------------------------------------------
[2022-03-28 13:16:31,047] {taskinstance.py:1239} INFO - Starting attempt 1 of 2
[2022-03-28 13:16:31,049] {taskinstance.py:1240} INFO - 
--------------------------------------------------------------------------------
[2022-03-28 13:16:31,082] {taskinstance.py:1259} INFO - Executing <Task(PythonOperator): pre.pre_print_proccesed_data> on 2022-03-27 12:47:50.362235+00:00
[2022-03-28 13:16:31,092] {standard_task_runner.py:52} INFO - Started process 529 to run task
[2022-03-28 13:16:31,133] {standard_task_runner.py:76} INFO - Running: ['***', 'tasks', 'run', 'tutorial', 'pre.pre_print_proccesed_data', 'scheduled__2022-03-27T12:47:50.362235+00:00', '--job-id', '1032', '--raw', '--subdir', 'DAGS_FOLDER/test_dag.py', '--cfg-path', '/tmp/tmptscvru3x', '--error-file', '/tmp/tmpx48sgfah']
[2022-03-28 13:16:31,141] {standard_task_runner.py:77} INFO - Job 1032: Subtask pre.pre_print_proccesed_data
[2022-03-28 13:16:31,437] {logging_mixin.py:109} INFO - Running <TaskInstance: tutorial.pre.pre_print_proccesed_data scheduled__2022-03-27T12:47:50.362235+00:00 [running]> on host ff48034dfdbf
[2022-03-28 13:16:31,638] {taskinstance.py:1426} INFO - Exporting the following env vars:
AIRFLOW_CTX_DAG_EMAIL=***@example.com
AIRFLOW_CTX_DAG_OWNER=***
AIRFLOW_CTX_DAG_ID=tutorial
AIRFLOW_CTX_TASK_ID=pre.pre_print_proccesed_data
AIRFLOW_CTX_EXECUTION_DATE=2022-03-27T12:47:50.362235+00:00
AIRFLOW_CTX_DAG_RUN_ID=scheduled__2022-03-27T12:47:50.362235+00:00
[2022-03-28 13:17:31,400] {python.py:175} INFO - Done. Returned value was: None
[2022-03-28 13:17:31,418] {taskinstance.py:1277} INFO - Marking task as SUCCESS. dag_id=tutorial, task_id=pre.pre_print_proccesed_data, execution_date=20220327T124750, start_date=20220328T131631, end_date=20220328T131731
[2022-03-28 13:17:31,453] {local_task_job.py:154} INFO - Task exited with return code 0
[2022-03-28 13:17:31,531] {local_task_job.py:264} INFO - 0 downstream tasks scheduled from follow-on schedule check
