[2022-03-05 10:28:51,144] {taskinstance.py:1032} INFO - Dependencies all met for <TaskInstance: tutorial.hfghfg.hfghfg_print_proccesed_data scheduled__2022-03-02T21:51:17.549420+00:00 [queued]>
[2022-03-05 10:28:51,166] {taskinstance.py:1032} INFO - Dependencies all met for <TaskInstance: tutorial.hfghfg.hfghfg_print_proccesed_data scheduled__2022-03-02T21:51:17.549420+00:00 [queued]>
[2022-03-05 10:28:51,167] {taskinstance.py:1238} INFO - 
--------------------------------------------------------------------------------
[2022-03-05 10:28:51,168] {taskinstance.py:1239} INFO - Starting attempt 1 of 2
[2022-03-05 10:28:51,170] {taskinstance.py:1240} INFO - 
--------------------------------------------------------------------------------
[2022-03-05 10:28:51,184] {taskinstance.py:1259} INFO - Executing <Task(PythonOperator): hfghfg.hfghfg_print_proccesed_data> on 2022-03-02 21:51:17.549420+00:00
[2022-03-05 10:28:51,191] {standard_task_runner.py:52} INFO - Started process 404 to run task
[2022-03-05 10:28:51,196] {standard_task_runner.py:76} INFO - Running: ['***', 'tasks', 'run', 'tutorial', 'hfghfg.hfghfg_print_proccesed_data', 'scheduled__2022-03-02T21:51:17.549420+00:00', '--job-id', '529', '--raw', '--subdir', 'DAGS_FOLDER/test_dag.py', '--cfg-path', '/tmp/tmpawy817in', '--error-file', '/tmp/tmpo3iv8vci']
[2022-03-05 10:28:51,198] {standard_task_runner.py:77} INFO - Job 529: Subtask hfghfg.hfghfg_print_proccesed_data
[2022-03-05 10:28:51,299] {logging_mixin.py:109} INFO - Running <TaskInstance: tutorial.hfghfg.hfghfg_print_proccesed_data scheduled__2022-03-02T21:51:17.549420+00:00 [running]> on host ff48034dfdbf
[2022-03-05 10:28:51,394] {taskinstance.py:1426} INFO - Exporting the following env vars:
AIRFLOW_CTX_DAG_EMAIL=***@example.com
AIRFLOW_CTX_DAG_OWNER=***
AIRFLOW_CTX_DAG_ID=tutorial
AIRFLOW_CTX_TASK_ID=hfghfg.hfghfg_print_proccesed_data
AIRFLOW_CTX_EXECUTION_DATE=2022-03-02T21:51:17.549420+00:00
AIRFLOW_CTX_DAG_RUN_ID=scheduled__2022-03-02T21:51:17.549420+00:00
[2022-03-05 10:29:51,387] {python.py:175} INFO - Done. Returned value was: None
[2022-03-05 10:29:51,401] {taskinstance.py:1277} INFO - Marking task as SUCCESS. dag_id=tutorial, task_id=hfghfg.hfghfg_print_proccesed_data, execution_date=20220302T215117, start_date=20220305T102851, end_date=20220305T102951
[2022-03-05 10:29:51,427] {local_task_job.py:154} INFO - Task exited with return code 0
[2022-03-05 10:29:51,465] {local_task_job.py:264} INFO - 0 downstream tasks scheduled from follow-on schedule check
