[2022-04-23 14:22:43,454] {taskinstance.py:1032} INFO - Dependencies all met for <TaskInstance: tutorial.bsre.bsre_proccess_data scheduled__2022-04-22T14:16:37.536651+00:00 [queued]>
[2022-04-23 14:22:43,489] {taskinstance.py:1032} INFO - Dependencies all met for <TaskInstance: tutorial.bsre.bsre_proccess_data scheduled__2022-04-22T14:16:37.536651+00:00 [queued]>
[2022-04-23 14:22:43,491] {taskinstance.py:1238} INFO - 
--------------------------------------------------------------------------------
[2022-04-23 14:22:43,493] {taskinstance.py:1239} INFO - Starting attempt 1 of 2
[2022-04-23 14:22:43,496] {taskinstance.py:1240} INFO - 
--------------------------------------------------------------------------------
[2022-04-23 14:22:43,525] {taskinstance.py:1259} INFO - Executing <Task(PythonOperator): bsre.bsre_proccess_data> on 2022-04-22 14:16:37.536651+00:00
[2022-04-23 14:22:43,535] {standard_task_runner.py:52} INFO - Started process 413 to run task
[2022-04-23 14:22:43,545] {standard_task_runner.py:76} INFO - Running: ['***', 'tasks', 'run', 'tutorial', 'bsre.bsre_proccess_data', 'scheduled__2022-04-22T14:16:37.536651+00:00', '--job-id', '1154', '--raw', '--subdir', 'DAGS_FOLDER/test_dag.py', '--cfg-path', '/tmp/tmpkz9jardy', '--error-file', '/tmp/tmpz9iu25o4']
[2022-04-23 14:22:43,548] {standard_task_runner.py:77} INFO - Job 1154: Subtask bsre.bsre_proccess_data
[2022-04-23 14:22:43,757] {logging_mixin.py:109} INFO - Running <TaskInstance: tutorial.bsre.bsre_proccess_data scheduled__2022-04-22T14:16:37.536651+00:00 [running]> on host ff48034dfdbf
[2022-04-23 14:22:43,933] {taskinstance.py:1426} INFO - Exporting the following env vars:
AIRFLOW_CTX_DAG_EMAIL=***@example.com
AIRFLOW_CTX_DAG_OWNER=***
AIRFLOW_CTX_DAG_ID=tutorial
AIRFLOW_CTX_TASK_ID=bsre.bsre_proccess_data
AIRFLOW_CTX_EXECUTION_DATE=2022-04-22T14:16:37.536651+00:00
AIRFLOW_CTX_DAG_RUN_ID=scheduled__2022-04-22T14:16:37.536651+00:00
[2022-04-23 14:23:43,953] {python.py:175} INFO - Done. Returned value was: None
[2022-04-23 14:23:43,974] {taskinstance.py:1277} INFO - Marking task as SUCCESS. dag_id=tutorial, task_id=bsre.bsre_proccess_data, execution_date=20220422T141637, start_date=20220423T142243, end_date=20220423T142343
[2022-04-23 14:23:44,008] {local_task_job.py:154} INFO - Task exited with return code 0
[2022-04-23 14:23:44,064] {local_task_job.py:264} INFO - 1 downstream tasks scheduled from follow-on schedule check
