[2022-04-30 15:46:24,601] {taskinstance.py:1032} INFO - Dependencies all met for <TaskInstance: cdn_daily.run_vol.alm manual__2022-04-30T15:46:12.555314+00:00 [queued]>
[2022-04-30 15:46:24,623] {taskinstance.py:1032} INFO - Dependencies all met for <TaskInstance: cdn_daily.run_vol.alm manual__2022-04-30T15:46:12.555314+00:00 [queued]>
[2022-04-30 15:46:24,625] {taskinstance.py:1238} INFO - 
--------------------------------------------------------------------------------
[2022-04-30 15:46:24,626] {taskinstance.py:1239} INFO - Starting attempt 1 of 2
[2022-04-30 15:46:24,628] {taskinstance.py:1240} INFO - 
--------------------------------------------------------------------------------
[2022-04-30 15:46:24,653] {taskinstance.py:1259} INFO - Executing <Task(PythonOperator): run_vol.alm> on 2022-04-30 15:46:12.555314+00:00
[2022-04-30 15:46:24,660] {standard_task_runner.py:52} INFO - Started process 2440 to run task
[2022-04-30 15:46:24,667] {standard_task_runner.py:76} INFO - Running: ['***', 'tasks', 'run', 'cdn_daily', 'run_vol.alm', 'manual__2022-04-30T15:46:12.555314+00:00', '--job-id', '1843', '--raw', '--subdir', 'DAGS_FOLDER/cdn_daily.py', '--cfg-path', '/tmp/tmp_ud5czvd', '--error-file', '/tmp/tmpesb61z2f']
[2022-04-30 15:46:24,669] {standard_task_runner.py:77} INFO - Job 1843: Subtask run_vol.alm
[2022-04-30 15:46:24,791] {logging_mixin.py:109} INFO - Running <TaskInstance: cdn_daily.run_vol.alm manual__2022-04-30T15:46:12.555314+00:00 [running]> on host d5ad096ffea5
[2022-04-30 15:46:24,898] {taskinstance.py:1426} INFO - Exporting the following env vars:
AIRFLOW_CTX_DAG_EMAIL=***@example.com
AIRFLOW_CTX_DAG_OWNER=***
AIRFLOW_CTX_DAG_ID=cdn_daily
AIRFLOW_CTX_TASK_ID=run_vol.alm
AIRFLOW_CTX_EXECUTION_DATE=2022-04-30T15:46:12.555314+00:00
AIRFLOW_CTX_DAG_RUN_ID=manual__2022-04-30T15:46:12.555314+00:00
[2022-04-30 15:46:24,931] {python.py:175} INFO - Done. Returned value was: None
[2022-04-30 15:46:24,950] {taskinstance.py:1277} INFO - Marking task as SUCCESS. dag_id=cdn_daily, task_id=run_vol.alm, execution_date=20220430T154612, start_date=20220430T154624, end_date=20220430T154624
[2022-04-30 15:46:25,004] {local_task_job.py:154} INFO - Task exited with return code 0
[2022-04-30 15:46:25,069] {local_task_job.py:264} INFO - 1 downstream tasks scheduled from follow-on schedule check
