[2022-03-07 19:53:26,594] {taskinstance.py:1032} INFO - Dependencies all met for <TaskInstance: tutorial.cat.cat_get_data scheduled__2022-03-06T10:29:52.784989+00:00 [queued]>
[2022-03-07 19:53:26,614] {taskinstance.py:1032} INFO - Dependencies all met for <TaskInstance: tutorial.cat.cat_get_data scheduled__2022-03-06T10:29:52.784989+00:00 [queued]>
[2022-03-07 19:53:26,615] {taskinstance.py:1238} INFO - 
--------------------------------------------------------------------------------
[2022-03-07 19:53:26,617] {taskinstance.py:1239} INFO - Starting attempt 1 of 2
[2022-03-07 19:53:26,618] {taskinstance.py:1240} INFO - 
--------------------------------------------------------------------------------
[2022-03-07 19:53:26,641] {taskinstance.py:1259} INFO - Executing <Task(PythonOperator): cat.cat_get_data> on 2022-03-06 10:29:52.784989+00:00
[2022-03-07 19:53:26,650] {standard_task_runner.py:52} INFO - Started process 79 to run task
[2022-03-07 19:53:26,655] {standard_task_runner.py:76} INFO - Running: ['***', 'tasks', 'run', 'tutorial', 'cat.cat_get_data', 'scheduled__2022-03-06T10:29:52.784989+00:00', '--job-id', '624', '--raw', '--subdir', 'DAGS_FOLDER/test_dag.py', '--cfg-path', '/tmp/tmpbq84697a', '--error-file', '/tmp/tmp43zy31re']
[2022-03-07 19:53:26,656] {standard_task_runner.py:77} INFO - Job 624: Subtask cat.cat_get_data
[2022-03-07 19:53:26,762] {logging_mixin.py:109} INFO - Running <TaskInstance: tutorial.cat.cat_get_data scheduled__2022-03-06T10:29:52.784989+00:00 [running]> on host ff48034dfdbf
[2022-03-07 19:53:26,870] {taskinstance.py:1426} INFO - Exporting the following env vars:
AIRFLOW_CTX_DAG_EMAIL=***@example.com
AIRFLOW_CTX_DAG_OWNER=***
AIRFLOW_CTX_DAG_ID=tutorial
AIRFLOW_CTX_TASK_ID=cat.cat_get_data
AIRFLOW_CTX_EXECUTION_DATE=2022-03-06T10:29:52.784989+00:00
AIRFLOW_CTX_DAG_RUN_ID=scheduled__2022-03-06T10:29:52.784989+00:00
[2022-03-07 19:54:26,890] {python.py:175} INFO - Done. Returned value was: None
[2022-03-07 19:54:26,908] {taskinstance.py:1277} INFO - Marking task as SUCCESS. dag_id=tutorial, task_id=cat.cat_get_data, execution_date=20220306T102952, start_date=20220307T195326, end_date=20220307T195426
[2022-03-07 19:54:26,953] {local_task_job.py:154} INFO - Task exited with return code 0
[2022-03-07 19:54:27,013] {local_task_job.py:264} INFO - 1 downstream tasks scheduled from follow-on schedule check
