[2022-04-26 13:54:19,394] {taskinstance.py:1032} INFO - Dependencies all met for <TaskInstance: tutorial.eaeaz.eaeaz_get_data scheduled__2022-04-25T13:53:09.676172+00:00 [queued]>
[2022-04-26 13:54:19,416] {taskinstance.py:1032} INFO - Dependencies all met for <TaskInstance: tutorial.eaeaz.eaeaz_get_data scheduled__2022-04-25T13:53:09.676172+00:00 [queued]>
[2022-04-26 13:54:19,418] {taskinstance.py:1238} INFO - 
--------------------------------------------------------------------------------
[2022-04-26 13:54:19,420] {taskinstance.py:1239} INFO - Starting attempt 1 of 2
[2022-04-26 13:54:19,421] {taskinstance.py:1240} INFO - 
--------------------------------------------------------------------------------
[2022-04-26 13:54:19,442] {taskinstance.py:1259} INFO - Executing <Task(PythonOperator): eaeaz.eaeaz_get_data> on 2022-04-25 13:53:09.676172+00:00
[2022-04-26 13:54:19,452] {standard_task_runner.py:52} INFO - Started process 150 to run task
[2022-04-26 13:54:19,459] {standard_task_runner.py:76} INFO - Running: ['***', 'tasks', 'run', 'tutorial', 'eaeaz.eaeaz_get_data', 'scheduled__2022-04-25T13:53:09.676172+00:00', '--job-id', '1253', '--raw', '--subdir', 'DAGS_FOLDER/test_dag.py', '--cfg-path', '/tmp/tmp2ikq2emv', '--error-file', '/tmp/tmp4th2uejo']
[2022-04-26 13:54:19,461] {standard_task_runner.py:77} INFO - Job 1253: Subtask eaeaz.eaeaz_get_data
[2022-04-26 13:54:19,597] {logging_mixin.py:109} INFO - Running <TaskInstance: tutorial.eaeaz.eaeaz_get_data scheduled__2022-04-25T13:53:09.676172+00:00 [running]> on host ff48034dfdbf
[2022-04-26 13:54:19,716] {taskinstance.py:1426} INFO - Exporting the following env vars:
AIRFLOW_CTX_DAG_EMAIL=***@example.com
AIRFLOW_CTX_DAG_OWNER=***
AIRFLOW_CTX_DAG_ID=tutorial
AIRFLOW_CTX_TASK_ID=eaeaz.eaeaz_get_data
AIRFLOW_CTX_EXECUTION_DATE=2022-04-25T13:53:09.676172+00:00
AIRFLOW_CTX_DAG_RUN_ID=scheduled__2022-04-25T13:53:09.676172+00:00
[2022-04-26 13:55:19,736] {python.py:175} INFO - Done. Returned value was: None
[2022-04-26 13:55:19,755] {taskinstance.py:1277} INFO - Marking task as SUCCESS. dag_id=tutorial, task_id=eaeaz.eaeaz_get_data, execution_date=20220425T135309, start_date=20220426T135419, end_date=20220426T135519
[2022-04-26 13:55:19,816] {local_task_job.py:154} INFO - Task exited with return code 0
[2022-04-26 13:55:19,934] {local_task_job.py:264} INFO - 1 downstream tasks scheduled from follow-on schedule check
