[2022-03-07 19:56:31,731] {taskinstance.py:1032} INFO - Dependencies all met for <TaskInstance: tutorial.bsre.bsre_print_proccesed_data scheduled__2022-03-06T10:29:52.784989+00:00 [queued]>
[2022-03-07 19:56:31,754] {taskinstance.py:1032} INFO - Dependencies all met for <TaskInstance: tutorial.bsre.bsre_print_proccesed_data scheduled__2022-03-06T10:29:52.784989+00:00 [queued]>
[2022-03-07 19:56:31,756] {taskinstance.py:1238} INFO - 
--------------------------------------------------------------------------------
[2022-03-07 19:56:31,757] {taskinstance.py:1239} INFO - Starting attempt 1 of 2
[2022-03-07 19:56:31,758] {taskinstance.py:1240} INFO - 
--------------------------------------------------------------------------------
[2022-03-07 19:56:31,779] {taskinstance.py:1259} INFO - Executing <Task(PythonOperator): bsre.bsre_print_proccesed_data> on 2022-03-06 10:29:52.784989+00:00
[2022-03-07 19:56:31,788] {standard_task_runner.py:52} INFO - Started process 260 to run task
[2022-03-07 19:56:31,794] {standard_task_runner.py:76} INFO - Running: ['***', 'tasks', 'run', 'tutorial', 'bsre.bsre_print_proccesed_data', 'scheduled__2022-03-06T10:29:52.784989+00:00', '--job-id', '659', '--raw', '--subdir', 'DAGS_FOLDER/test_dag.py', '--cfg-path', '/tmp/tmp1era2gu8', '--error-file', '/tmp/tmpq7f8sy5e']
[2022-03-07 19:56:31,795] {standard_task_runner.py:77} INFO - Job 659: Subtask bsre.bsre_print_proccesed_data
[2022-03-07 19:56:31,925] {logging_mixin.py:109} INFO - Running <TaskInstance: tutorial.bsre.bsre_print_proccesed_data scheduled__2022-03-06T10:29:52.784989+00:00 [running]> on host ff48034dfdbf
[2022-03-07 19:56:32,003] {taskinstance.py:1426} INFO - Exporting the following env vars:
AIRFLOW_CTX_DAG_EMAIL=***@example.com
AIRFLOW_CTX_DAG_OWNER=***
AIRFLOW_CTX_DAG_ID=tutorial
AIRFLOW_CTX_TASK_ID=bsre.bsre_print_proccesed_data
AIRFLOW_CTX_EXECUTION_DATE=2022-03-06T10:29:52.784989+00:00
AIRFLOW_CTX_DAG_RUN_ID=scheduled__2022-03-06T10:29:52.784989+00:00
[2022-03-07 19:57:32,022] {python.py:175} INFO - Done. Returned value was: None
[2022-03-07 19:57:32,056] {taskinstance.py:1277} INFO - Marking task as SUCCESS. dag_id=tutorial, task_id=bsre.bsre_print_proccesed_data, execution_date=20220306T102952, start_date=20220307T195631, end_date=20220307T195732
[2022-03-07 19:57:32,111] {local_task_job.py:154} INFO - Task exited with return code 0
[2022-03-07 19:57:32,167] {local_task_job.py:264} INFO - 0 downstream tasks scheduled from follow-on schedule check
