[2022-04-30 12:57:48,929] {taskinstance.py:1032} INFO - Dependencies all met for <TaskInstance: cdn_daily.check_status_of_vol manual__2022-04-30T12:57:31.335659+00:00 [queued]>
[2022-04-30 12:57:48,946] {taskinstance.py:1032} INFO - Dependencies all met for <TaskInstance: cdn_daily.check_status_of_vol manual__2022-04-30T12:57:31.335659+00:00 [queued]>
[2022-04-30 12:57:48,947] {taskinstance.py:1238} INFO - 
--------------------------------------------------------------------------------
[2022-04-30 12:57:48,949] {taskinstance.py:1239} INFO - Starting attempt 1 of 2
[2022-04-30 12:57:48,950] {taskinstance.py:1240} INFO - 
--------------------------------------------------------------------------------
[2022-04-30 12:57:48,966] {taskinstance.py:1259} INFO - Executing <Task(PythonOperator): check_status_of_vol> on 2022-04-30 12:57:31.335659+00:00
[2022-04-30 12:57:48,972] {standard_task_runner.py:52} INFO - Started process 398 to run task
[2022-04-30 12:57:48,977] {standard_task_runner.py:76} INFO - Running: ['***', 'tasks', 'run', 'cdn_daily', 'check_status_of_vol', 'manual__2022-04-30T12:57:31.335659+00:00', '--job-id', '1820', '--raw', '--subdir', 'DAGS_FOLDER/cdn_daily.py', '--cfg-path', '/tmp/tmpsojx8co1', '--error-file', '/tmp/tmpc72_drga']
[2022-04-30 12:57:48,979] {standard_task_runner.py:77} INFO - Job 1820: Subtask check_status_of_vol
[2022-04-30 12:57:49,088] {logging_mixin.py:109} INFO - Running <TaskInstance: cdn_daily.check_status_of_vol manual__2022-04-30T12:57:31.335659+00:00 [running]> on host d5ad096ffea5
[2022-04-30 12:57:49,277] {taskinstance.py:1426} INFO - Exporting the following env vars:
AIRFLOW_CTX_DAG_EMAIL=***@example.com
AIRFLOW_CTX_DAG_OWNER=***
AIRFLOW_CTX_DAG_ID=cdn_daily
AIRFLOW_CTX_TASK_ID=check_status_of_vol
AIRFLOW_CTX_EXECUTION_DATE=2022-04-30T12:57:31.335659+00:00
AIRFLOW_CTX_DAG_RUN_ID=manual__2022-04-30T12:57:31.335659+00:00
[2022-04-30 12:57:49,297] {logging_mixin.py:109} INFO - vol.alm
[2022-04-30 12:57:49,315] {logging_mixin.py:109} INFO - 4
[2022-04-30 12:57:53,322] {python.py:175} INFO - Done. Returned value was: None
[2022-04-30 12:57:53,337] {taskinstance.py:1277} INFO - Marking task as SUCCESS. dag_id=cdn_daily, task_id=check_status_of_vol, execution_date=20220430T125731, start_date=20220430T125748, end_date=20220430T125753
[2022-04-30 12:57:53,362] {local_task_job.py:154} INFO - Task exited with return code 0
[2022-04-30 12:57:53,395] {local_task_job.py:264} INFO - 0 downstream tasks scheduled from follow-on schedule check
