[2022-04-29 13:26:31,704] {taskinstance.py:1032} INFO - Dependencies all met for <TaskInstance: tutorial.yryrty.yryrty_proccess_data scheduled__2022-04-28T12:29:40.424433+00:00 [queued]>
[2022-04-29 13:26:31,724] {taskinstance.py:1032} INFO - Dependencies all met for <TaskInstance: tutorial.yryrty.yryrty_proccess_data scheduled__2022-04-28T12:29:40.424433+00:00 [queued]>
[2022-04-29 13:26:31,725] {taskinstance.py:1238} INFO - 
--------------------------------------------------------------------------------
[2022-04-29 13:26:31,726] {taskinstance.py:1239} INFO - Starting attempt 1 of 2
[2022-04-29 13:26:31,727] {taskinstance.py:1240} INFO - 
--------------------------------------------------------------------------------
[2022-04-29 13:26:31,765] {taskinstance.py:1259} INFO - Executing <Task(PythonOperator): yryrty.yryrty_proccess_data> on 2022-04-28 12:29:40.424433+00:00
[2022-04-29 13:26:31,777] {standard_task_runner.py:52} INFO - Started process 170 to run task
[2022-04-29 13:26:31,782] {standard_task_runner.py:76} INFO - Running: ['***', 'tasks', 'run', 'tutorial', 'yryrty.yryrty_proccess_data', 'scheduled__2022-04-28T12:29:40.424433+00:00', '--job-id', '1578', '--raw', '--subdir', 'DAGS_FOLDER/test_dag.py', '--cfg-path', '/tmp/tmp1y48zhj8', '--error-file', '/tmp/tmphqxfv0oo']
[2022-04-29 13:26:31,783] {standard_task_runner.py:77} INFO - Job 1578: Subtask yryrty.yryrty_proccess_data
[2022-04-29 13:26:31,861] {logging_mixin.py:109} INFO - Running <TaskInstance: tutorial.yryrty.yryrty_proccess_data scheduled__2022-04-28T12:29:40.424433+00:00 [running]> on host d5ad096ffea5
[2022-04-29 13:26:31,932] {taskinstance.py:1426} INFO - Exporting the following env vars:
AIRFLOW_CTX_DAG_EMAIL=***@example.com
AIRFLOW_CTX_DAG_OWNER=***
AIRFLOW_CTX_DAG_ID=tutorial
AIRFLOW_CTX_TASK_ID=yryrty.yryrty_proccess_data
AIRFLOW_CTX_EXECUTION_DATE=2022-04-28T12:29:40.424433+00:00
AIRFLOW_CTX_DAG_RUN_ID=scheduled__2022-04-28T12:29:40.424433+00:00
[2022-04-29 13:27:31,952] {python.py:175} INFO - Done. Returned value was: None
[2022-04-29 13:27:32,131] {taskinstance.py:1277} INFO - Marking task as SUCCESS. dag_id=tutorial, task_id=yryrty.yryrty_proccess_data, execution_date=20220428T122940, start_date=20220429T132631, end_date=20220429T132732
[2022-04-29 13:27:32,198] {local_task_job.py:154} INFO - Task exited with return code 0
[2022-04-29 13:27:32,391] {local_task_job.py:264} INFO - 1 downstream tasks scheduled from follow-on schedule check
