[2022-02-27 17:19:57,203] {taskinstance.py:1032} INFO - Dependencies all met for <TaskInstance: tutorial.dqsdqsd.dqsdqsd_print_proccesed_data scheduled__2022-02-25T21:44:04.431894+00:00 [queued]>
[2022-02-27 17:19:57,224] {taskinstance.py:1032} INFO - Dependencies all met for <TaskInstance: tutorial.dqsdqsd.dqsdqsd_print_proccesed_data scheduled__2022-02-25T21:44:04.431894+00:00 [queued]>
[2022-02-27 17:19:57,225] {taskinstance.py:1238} INFO - 
--------------------------------------------------------------------------------
[2022-02-27 17:19:57,225] {taskinstance.py:1239} INFO - Starting attempt 1 of 2
[2022-02-27 17:19:57,226] {taskinstance.py:1240} INFO - 
--------------------------------------------------------------------------------
[2022-02-27 17:19:57,244] {taskinstance.py:1259} INFO - Executing <Task(PythonOperator): dqsdqsd.dqsdqsd_print_proccesed_data> on 2022-02-25 21:44:04.431894+00:00
[2022-02-27 17:19:57,251] {standard_task_runner.py:52} INFO - Started process 209 to run task
[2022-02-27 17:19:57,257] {standard_task_runner.py:76} INFO - Running: ['***', 'tasks', 'run', 'tutorial', 'dqsdqsd.dqsdqsd_print_proccesed_data', 'scheduled__2022-02-25T21:44:04.431894+00:00', '--job-id', '316', '--raw', '--subdir', 'DAGS_FOLDER/test_dag.py', '--cfg-path', '/tmp/tmp2ya2z09n', '--error-file', '/tmp/tmpow04j49l']
[2022-02-27 17:19:57,259] {standard_task_runner.py:77} INFO - Job 316: Subtask dqsdqsd.dqsdqsd_print_proccesed_data
[2022-02-27 17:19:57,342] {logging_mixin.py:109} INFO - Running <TaskInstance: tutorial.dqsdqsd.dqsdqsd_print_proccesed_data scheduled__2022-02-25T21:44:04.431894+00:00 [running]> on host ff48034dfdbf
[2022-02-27 17:19:57,420] {taskinstance.py:1426} INFO - Exporting the following env vars:
AIRFLOW_CTX_DAG_EMAIL=***@example.com
AIRFLOW_CTX_DAG_OWNER=***
AIRFLOW_CTX_DAG_ID=tutorial
AIRFLOW_CTX_TASK_ID=dqsdqsd.dqsdqsd_print_proccesed_data
AIRFLOW_CTX_EXECUTION_DATE=2022-02-25T21:44:04.431894+00:00
AIRFLOW_CTX_DAG_RUN_ID=scheduled__2022-02-25T21:44:04.431894+00:00
[2022-02-27 17:20:57,439] {python.py:175} INFO - Done. Returned value was: None
[2022-02-27 17:20:57,465] {taskinstance.py:1277} INFO - Marking task as SUCCESS. dag_id=tutorial, task_id=dqsdqsd.dqsdqsd_print_proccesed_data, execution_date=20220225T214404, start_date=20220227T171957, end_date=20220227T172057
[2022-02-27 17:20:57,535] {local_task_job.py:154} INFO - Task exited with return code 0
[2022-02-27 17:20:57,906] {local_task_job.py:264} INFO - 0 downstream tasks scheduled from follow-on schedule check
