[2022-03-15 16:43:39,825] {taskinstance.py:1032} INFO - Dependencies all met for <TaskInstance: tutorial.eaeaz.eaeaz_print_proccesed_data scheduled__2022-03-14T12:05:20.517459+00:00 [queued]>
[2022-03-15 16:43:39,853] {taskinstance.py:1032} INFO - Dependencies all met for <TaskInstance: tutorial.eaeaz.eaeaz_print_proccesed_data scheduled__2022-03-14T12:05:20.517459+00:00 [queued]>
[2022-03-15 16:43:39,855] {taskinstance.py:1238} INFO - 
--------------------------------------------------------------------------------
[2022-03-15 16:43:39,857] {taskinstance.py:1239} INFO - Starting attempt 1 of 2
[2022-03-15 16:43:39,858] {taskinstance.py:1240} INFO - 
--------------------------------------------------------------------------------
[2022-03-15 16:43:39,887] {taskinstance.py:1259} INFO - Executing <Task(PythonOperator): eaeaz.eaeaz_print_proccesed_data> on 2022-03-14 12:05:20.517459+00:00
[2022-03-15 16:43:39,900] {standard_task_runner.py:52} INFO - Started process 258 to run task
[2022-03-15 16:43:39,908] {standard_task_runner.py:76} INFO - Running: ['***', 'tasks', 'run', 'tutorial', 'eaeaz.eaeaz_print_proccesed_data', 'scheduled__2022-03-14T12:05:20.517459+00:00', '--job-id', '943', '--raw', '--subdir', 'DAGS_FOLDER/test_dag.py', '--cfg-path', '/tmp/tmpps990jfg', '--error-file', '/tmp/tmpb68781nr']
[2022-03-15 16:43:39,910] {standard_task_runner.py:77} INFO - Job 943: Subtask eaeaz.eaeaz_print_proccesed_data
[2022-03-15 16:43:41,029] {logging_mixin.py:109} INFO - Running <TaskInstance: tutorial.eaeaz.eaeaz_print_proccesed_data scheduled__2022-03-14T12:05:20.517459+00:00 [running]> on host ff48034dfdbf
[2022-03-15 16:43:41,158] {taskinstance.py:1426} INFO - Exporting the following env vars:
AIRFLOW_CTX_DAG_EMAIL=***@example.com
AIRFLOW_CTX_DAG_OWNER=***
AIRFLOW_CTX_DAG_ID=tutorial
AIRFLOW_CTX_TASK_ID=eaeaz.eaeaz_print_proccesed_data
AIRFLOW_CTX_EXECUTION_DATE=2022-03-14T12:05:20.517459+00:00
AIRFLOW_CTX_DAG_RUN_ID=scheduled__2022-03-14T12:05:20.517459+00:00
[2022-03-15 16:44:41,179] {python.py:175} INFO - Done. Returned value was: None
[2022-03-15 16:44:41,197] {taskinstance.py:1277} INFO - Marking task as SUCCESS. dag_id=tutorial, task_id=eaeaz.eaeaz_print_proccesed_data, execution_date=20220314T120520, start_date=20220315T164339, end_date=20220315T164441
[2022-03-15 16:44:41,254] {local_task_job.py:154} INFO - Task exited with return code 0
[2022-03-15 16:44:41,296] {local_task_job.py:264} INFO - 0 downstream tasks scheduled from follow-on schedule check
