[2022-03-02 21:51:21,129] {taskinstance.py:1032} INFO - Dependencies all met for <TaskInstance: tutorial.eaeaz.eaeaz_get_data scheduled__2022-03-01T21:51:17.549420+00:00 [queued]>
[2022-03-02 21:51:21,162] {taskinstance.py:1032} INFO - Dependencies all met for <TaskInstance: tutorial.eaeaz.eaeaz_get_data scheduled__2022-03-01T21:51:17.549420+00:00 [queued]>
[2022-03-02 21:51:21,163] {taskinstance.py:1238} INFO - 
--------------------------------------------------------------------------------
[2022-03-02 21:51:21,165] {taskinstance.py:1239} INFO - Starting attempt 1 of 2
[2022-03-02 21:51:21,167] {taskinstance.py:1240} INFO - 
--------------------------------------------------------------------------------
[2022-03-02 21:51:21,238] {taskinstance.py:1259} INFO - Executing <Task(PythonOperator): eaeaz.eaeaz_get_data> on 2022-03-01 21:51:17.549420+00:00
[2022-03-02 21:51:21,264] {standard_task_runner.py:52} INFO - Started process 15158 to run task
[2022-03-02 21:51:21,284] {standard_task_runner.py:76} INFO - Running: ['***', 'tasks', 'run', 'tutorial', 'eaeaz.eaeaz_get_data', 'scheduled__2022-03-01T21:51:17.549420+00:00', '--job-id', '442', '--raw', '--subdir', 'DAGS_FOLDER/test_dag.py', '--cfg-path', '/tmp/tmp8x42r0cp', '--error-file', '/tmp/tmpdnn3ah28']
[2022-03-02 21:51:21,293] {standard_task_runner.py:77} INFO - Job 442: Subtask eaeaz.eaeaz_get_data
[2022-03-02 21:51:21,563] {logging_mixin.py:109} INFO - Running <TaskInstance: tutorial.eaeaz.eaeaz_get_data scheduled__2022-03-01T21:51:17.549420+00:00 [running]> on host ff48034dfdbf
[2022-03-02 21:51:21,727] {taskinstance.py:1426} INFO - Exporting the following env vars:
AIRFLOW_CTX_DAG_EMAIL=***@example.com
AIRFLOW_CTX_DAG_OWNER=***
AIRFLOW_CTX_DAG_ID=tutorial
AIRFLOW_CTX_TASK_ID=eaeaz.eaeaz_get_data
AIRFLOW_CTX_EXECUTION_DATE=2022-03-01T21:51:17.549420+00:00
AIRFLOW_CTX_DAG_RUN_ID=scheduled__2022-03-01T21:51:17.549420+00:00
[2022-03-02 21:52:21,727] {python.py:175} INFO - Done. Returned value was: None
[2022-03-02 21:52:21,930] {taskinstance.py:1277} INFO - Marking task as SUCCESS. dag_id=tutorial, task_id=eaeaz.eaeaz_get_data, execution_date=20220301T215117, start_date=20220302T215121, end_date=20220302T215221
[2022-03-02 21:52:22,024] {local_task_job.py:154} INFO - Task exited with return code 0
[2022-03-02 21:52:22,543] {local_task_job.py:264} INFO - 1 downstream tasks scheduled from follow-on schedule check
