[2022-04-28 15:38:22,242] {taskinstance.py:1032} INFO - Dependencies all met for <TaskInstance: cdn_daily.import_pre.run_pre.alm manual__2022-04-28T15:38:20.572686+00:00 [queued]>
[2022-04-28 15:38:22,277] {taskinstance.py:1032} INFO - Dependencies all met for <TaskInstance: cdn_daily.import_pre.run_pre.alm manual__2022-04-28T15:38:20.572686+00:00 [queued]>
[2022-04-28 15:38:22,280] {taskinstance.py:1238} INFO - 
--------------------------------------------------------------------------------
[2022-04-28 15:38:22,282] {taskinstance.py:1239} INFO - Starting attempt 1 of 2
[2022-04-28 15:38:22,284] {taskinstance.py:1240} INFO - 
--------------------------------------------------------------------------------
[2022-04-28 15:38:22,318] {taskinstance.py:1259} INFO - Executing <Task(PythonOperator): import_pre.run_pre.alm> on 2022-04-28 15:38:20.572686+00:00
[2022-04-28 15:38:22,328] {standard_task_runner.py:52} INFO - Started process 1810 to run task
[2022-04-28 15:38:22,341] {standard_task_runner.py:76} INFO - Running: ['***', 'tasks', 'run', 'cdn_daily', 'import_pre.run_pre.alm', 'manual__2022-04-28T15:38:20.572686+00:00', '--job-id', '1451', '--raw', '--subdir', 'DAGS_FOLDER/cdn_daily.py', '--cfg-path', '/tmp/tmp6x3z718f', '--error-file', '/tmp/tmpqfzz02e5']
[2022-04-28 15:38:22,345] {standard_task_runner.py:77} INFO - Job 1451: Subtask import_pre.run_pre.alm
[2022-04-28 15:38:22,550] {logging_mixin.py:109} INFO - Running <TaskInstance: cdn_daily.import_pre.run_pre.alm manual__2022-04-28T15:38:20.572686+00:00 [running]> on host d5ad096ffea5
[2022-04-28 15:38:22,676] {taskinstance.py:1426} INFO - Exporting the following env vars:
AIRFLOW_CTX_DAG_EMAIL=***@example.com
AIRFLOW_CTX_DAG_OWNER=***
AIRFLOW_CTX_DAG_ID=cdn_daily
AIRFLOW_CTX_TASK_ID=import_pre.run_pre.alm
AIRFLOW_CTX_EXECUTION_DATE=2022-04-28T15:38:20.572686+00:00
AIRFLOW_CTX_DAG_RUN_ID=manual__2022-04-28T15:38:20.572686+00:00
[2022-04-28 15:38:22,716] {python.py:175} INFO - Done. Returned value was: None
[2022-04-28 15:38:22,777] {taskinstance.py:1277} INFO - Marking task as SUCCESS. dag_id=cdn_daily, task_id=import_pre.run_pre.alm, execution_date=20220428T153820, start_date=20220428T153822, end_date=20220428T153822
[2022-04-28 15:38:22,839] {local_task_job.py:154} INFO - Task exited with return code 0
[2022-04-28 15:38:22,926] {local_task_job.py:264} INFO - 1 downstream tasks scheduled from follow-on schedule check
