[2022-02-23 21:43:02,539] {taskinstance.py:1032} INFO - Dependencies all met for <TaskInstance: tutorial.jghjg.jghjg_print_proccesed_data scheduled__2022-02-21T17:28:01.321646+00:00 [queued]>
[2022-02-23 21:43:02,567] {taskinstance.py:1032} INFO - Dependencies all met for <TaskInstance: tutorial.jghjg.jghjg_print_proccesed_data scheduled__2022-02-21T17:28:01.321646+00:00 [queued]>
[2022-02-23 21:43:02,568] {taskinstance.py:1238} INFO - 
--------------------------------------------------------------------------------
[2022-02-23 21:43:02,569] {taskinstance.py:1239} INFO - Starting attempt 1 of 2
[2022-02-23 21:43:02,570] {taskinstance.py:1240} INFO - 
--------------------------------------------------------------------------------
[2022-02-23 21:43:02,592] {taskinstance.py:1259} INFO - Executing <Task(PythonOperator): jghjg.jghjg_print_proccesed_data> on 2022-02-21 17:28:01.321646+00:00
[2022-02-23 21:43:02,599] {standard_task_runner.py:52} INFO - Started process 399 to run task
[2022-02-23 21:43:02,604] {standard_task_runner.py:76} INFO - Running: ['***', 'tasks', 'run', 'tutorial', 'jghjg.jghjg_print_proccesed_data', 'scheduled__2022-02-21T17:28:01.321646+00:00', '--job-id', '158', '--raw', '--subdir', 'DAGS_FOLDER/test_dag.py', '--cfg-path', '/tmp/tmppmmmgc_b', '--error-file', '/tmp/tmpgc2z0pov']
[2022-02-23 21:43:02,605] {standard_task_runner.py:77} INFO - Job 158: Subtask jghjg.jghjg_print_proccesed_data
[2022-02-23 21:43:02,689] {logging_mixin.py:109} INFO - Running <TaskInstance: tutorial.jghjg.jghjg_print_proccesed_data scheduled__2022-02-21T17:28:01.321646+00:00 [running]> on host ff48034dfdbf
[2022-02-23 21:43:02,755] {taskinstance.py:1426} INFO - Exporting the following env vars:
AIRFLOW_CTX_DAG_EMAIL=***@example.com
AIRFLOW_CTX_DAG_OWNER=***
AIRFLOW_CTX_DAG_ID=tutorial
AIRFLOW_CTX_TASK_ID=jghjg.jghjg_print_proccesed_data
AIRFLOW_CTX_EXECUTION_DATE=2022-02-21T17:28:01.321646+00:00
AIRFLOW_CTX_DAG_RUN_ID=scheduled__2022-02-21T17:28:01.321646+00:00
[2022-02-23 21:44:02,775] {python.py:175} INFO - Done. Returned value was: None
[2022-02-23 21:44:02,790] {taskinstance.py:1277} INFO - Marking task as SUCCESS. dag_id=tutorial, task_id=jghjg.jghjg_print_proccesed_data, execution_date=20220221T172801, start_date=20220223T214302, end_date=20220223T214402
[2022-02-23 21:44:02,849] {local_task_job.py:154} INFO - Task exited with return code 0
[2022-02-23 21:44:02,952] {local_task_job.py:264} INFO - 0 downstream tasks scheduled from follow-on schedule check
