[2022-03-15 16:40:34,236] {taskinstance.py:1032} INFO - Dependencies all met for <TaskInstance: tutorial.hfghfg.hfghfg_get_data scheduled__2022-03-14T12:05:20.517459+00:00 [queued]>
[2022-03-15 16:40:34,269] {taskinstance.py:1032} INFO - Dependencies all met for <TaskInstance: tutorial.hfghfg.hfghfg_get_data scheduled__2022-03-14T12:05:20.517459+00:00 [queued]>
[2022-03-15 16:40:34,271] {taskinstance.py:1238} INFO - 
--------------------------------------------------------------------------------
[2022-03-15 16:40:34,273] {taskinstance.py:1239} INFO - Starting attempt 1 of 2
[2022-03-15 16:40:34,274] {taskinstance.py:1240} INFO - 
--------------------------------------------------------------------------------
[2022-03-15 16:40:34,306] {taskinstance.py:1259} INFO - Executing <Task(PythonOperator): hfghfg.hfghfg_get_data> on 2022-03-14 12:05:20.517459+00:00
[2022-03-15 16:40:34,314] {standard_task_runner.py:52} INFO - Started process 90 to run task
[2022-03-15 16:40:34,321] {standard_task_runner.py:76} INFO - Running: ['***', 'tasks', 'run', 'tutorial', 'hfghfg.hfghfg_get_data', 'scheduled__2022-03-14T12:05:20.517459+00:00', '--job-id', '910', '--raw', '--subdir', 'DAGS_FOLDER/test_dag.py', '--cfg-path', '/tmp/tmpoine3nfk', '--error-file', '/tmp/tmpyk9lrbvp']
[2022-03-15 16:40:34,323] {standard_task_runner.py:77} INFO - Job 910: Subtask hfghfg.hfghfg_get_data
[2022-03-15 16:40:34,469] {logging_mixin.py:109} INFO - Running <TaskInstance: tutorial.hfghfg.hfghfg_get_data scheduled__2022-03-14T12:05:20.517459+00:00 [running]> on host ff48034dfdbf
[2022-03-15 16:40:34,658] {taskinstance.py:1426} INFO - Exporting the following env vars:
AIRFLOW_CTX_DAG_EMAIL=***@example.com
AIRFLOW_CTX_DAG_OWNER=***
AIRFLOW_CTX_DAG_ID=tutorial
AIRFLOW_CTX_TASK_ID=hfghfg.hfghfg_get_data
AIRFLOW_CTX_EXECUTION_DATE=2022-03-14T12:05:20.517459+00:00
AIRFLOW_CTX_DAG_RUN_ID=scheduled__2022-03-14T12:05:20.517459+00:00
[2022-03-15 16:41:34,657] {python.py:175} INFO - Done. Returned value was: None
[2022-03-15 16:41:34,717] {taskinstance.py:1277} INFO - Marking task as SUCCESS. dag_id=tutorial, task_id=hfghfg.hfghfg_get_data, execution_date=20220314T120520, start_date=20220315T164034, end_date=20220315T164134
[2022-03-15 16:41:34,794] {local_task_job.py:154} INFO - Task exited with return code 0
[2022-03-15 16:41:34,874] {local_task_job.py:264} INFO - 1 downstream tasks scheduled from follow-on schedule check
