[2022-04-28 12:30:46,971] {taskinstance.py:1032} INFO - Dependencies all met for <TaskInstance: tutorial.gdgfg.gdgfg_proccess_data scheduled__2022-04-27T12:29:40.424433+00:00 [queued]>
[2022-04-28 12:30:47,008] {taskinstance.py:1032} INFO - Dependencies all met for <TaskInstance: tutorial.gdgfg.gdgfg_proccess_data scheduled__2022-04-27T12:29:40.424433+00:00 [queued]>
[2022-04-28 12:30:47,010] {taskinstance.py:1238} INFO - 
--------------------------------------------------------------------------------
[2022-04-28 12:30:47,012] {taskinstance.py:1239} INFO - Starting attempt 1 of 2
[2022-04-28 12:30:47,014] {taskinstance.py:1240} INFO - 
--------------------------------------------------------------------------------
[2022-04-28 12:30:47,059] {taskinstance.py:1259} INFO - Executing <Task(PythonOperator): gdgfg.gdgfg_proccess_data> on 2022-04-27 12:29:40.424433+00:00
[2022-04-28 12:30:47,066] {standard_task_runner.py:52} INFO - Started process 151 to run task
[2022-04-28 12:30:47,071] {standard_task_runner.py:76} INFO - Running: ['***', 'tasks', 'run', 'tutorial', 'gdgfg.gdgfg_proccess_data', 'scheduled__2022-04-27T12:29:40.424433+00:00', '--job-id', '1374', '--raw', '--subdir', 'DAGS_FOLDER/test_dag.py', '--cfg-path', '/tmp/tmpfr38cnp7', '--error-file', '/tmp/tmpy1o_wrpw']
[2022-04-28 12:30:47,073] {standard_task_runner.py:77} INFO - Job 1374: Subtask gdgfg.gdgfg_proccess_data
[2022-04-28 12:30:47,214] {logging_mixin.py:109} INFO - Running <TaskInstance: tutorial.gdgfg.gdgfg_proccess_data scheduled__2022-04-27T12:29:40.424433+00:00 [running]> on host d5ad096ffea5
[2022-04-28 12:30:47,416] {taskinstance.py:1426} INFO - Exporting the following env vars:
AIRFLOW_CTX_DAG_EMAIL=***@example.com
AIRFLOW_CTX_DAG_OWNER=***
AIRFLOW_CTX_DAG_ID=tutorial
AIRFLOW_CTX_TASK_ID=gdgfg.gdgfg_proccess_data
AIRFLOW_CTX_EXECUTION_DATE=2022-04-27T12:29:40.424433+00:00
AIRFLOW_CTX_DAG_RUN_ID=scheduled__2022-04-27T12:29:40.424433+00:00
[2022-04-28 12:31:47,402] {python.py:175} INFO - Done. Returned value was: None
[2022-04-28 12:31:47,444] {taskinstance.py:1277} INFO - Marking task as SUCCESS. dag_id=tutorial, task_id=gdgfg.gdgfg_proccess_data, execution_date=20220427T122940, start_date=20220428T123046, end_date=20220428T123147
[2022-04-28 12:31:47,509] {local_task_job.py:154} INFO - Task exited with return code 0
[2022-04-28 12:31:47,581] {local_task_job.py:264} INFO - 1 downstream tasks scheduled from follow-on schedule check
