[2022-04-30 12:52:42,338] {taskinstance.py:1032} INFO - Dependencies all met for <TaskInstance: tutorial.dqsdqsd.dqsdqsd_get_data scheduled__2022-04-29T12:29:40.424433+00:00 [queued]>
[2022-04-30 12:52:42,373] {taskinstance.py:1032} INFO - Dependencies all met for <TaskInstance: tutorial.dqsdqsd.dqsdqsd_get_data scheduled__2022-04-29T12:29:40.424433+00:00 [queued]>
[2022-04-30 12:52:42,374] {taskinstance.py:1238} INFO - 
--------------------------------------------------------------------------------
[2022-04-30 12:52:42,375] {taskinstance.py:1239} INFO - Starting attempt 1 of 2
[2022-04-30 12:52:42,376] {taskinstance.py:1240} INFO - 
--------------------------------------------------------------------------------
[2022-04-30 12:52:42,407] {taskinstance.py:1259} INFO - Executing <Task(PythonOperator): dqsdqsd.dqsdqsd_get_data> on 2022-04-29 12:29:40.424433+00:00
[2022-04-30 12:52:42,420] {standard_task_runner.py:52} INFO - Started process 86 to run task
[2022-04-30 12:52:42,426] {standard_task_runner.py:76} INFO - Running: ['***', 'tasks', 'run', 'tutorial', 'dqsdqsd.dqsdqsd_get_data', 'scheduled__2022-04-29T12:29:40.424433+00:00', '--job-id', '1768', '--raw', '--subdir', 'DAGS_FOLDER/test_dag.py', '--cfg-path', '/tmp/tmplxo34cmo', '--error-file', '/tmp/tmpdekf441b']
[2022-04-30 12:52:42,428] {standard_task_runner.py:77} INFO - Job 1768: Subtask dqsdqsd.dqsdqsd_get_data
[2022-04-30 12:52:42,543] {logging_mixin.py:109} INFO - Running <TaskInstance: tutorial.dqsdqsd.dqsdqsd_get_data scheduled__2022-04-29T12:29:40.424433+00:00 [running]> on host d5ad096ffea5
[2022-04-30 12:52:42,648] {taskinstance.py:1426} INFO - Exporting the following env vars:
AIRFLOW_CTX_DAG_EMAIL=***@example.com
AIRFLOW_CTX_DAG_OWNER=***
AIRFLOW_CTX_DAG_ID=tutorial
AIRFLOW_CTX_TASK_ID=dqsdqsd.dqsdqsd_get_data
AIRFLOW_CTX_EXECUTION_DATE=2022-04-29T12:29:40.424433+00:00
AIRFLOW_CTX_DAG_RUN_ID=scheduled__2022-04-29T12:29:40.424433+00:00
[2022-04-30 12:53:42,666] {python.py:175} INFO - Done. Returned value was: None
[2022-04-30 12:53:42,697] {taskinstance.py:1277} INFO - Marking task as SUCCESS. dag_id=tutorial, task_id=dqsdqsd.dqsdqsd_get_data, execution_date=20220429T122940, start_date=20220430T125242, end_date=20220430T125342
[2022-04-30 12:53:42,778] {local_task_job.py:154} INFO - Task exited with return code 0
[2022-04-30 12:53:42,863] {local_task_job.py:264} INFO - 1 downstream tasks scheduled from follow-on schedule check
