[2022-03-14 12:07:24,763] {taskinstance.py:1032} INFO - Dependencies all met for <TaskInstance: tutorial.bsre.bsre_proccess_data scheduled__2022-03-13T12:04:19.461189+00:00 [queued]>
[2022-03-14 12:07:24,781] {taskinstance.py:1032} INFO - Dependencies all met for <TaskInstance: tutorial.bsre.bsre_proccess_data scheduled__2022-03-13T12:04:19.461189+00:00 [queued]>
[2022-03-14 12:07:24,783] {taskinstance.py:1238} INFO - 
--------------------------------------------------------------------------------
[2022-03-14 12:07:24,784] {taskinstance.py:1239} INFO - Starting attempt 1 of 2
[2022-03-14 12:07:24,786] {taskinstance.py:1240} INFO - 
--------------------------------------------------------------------------------
[2022-03-14 12:07:24,807] {taskinstance.py:1259} INFO - Executing <Task(PythonOperator): bsre.bsre_proccess_data> on 2022-03-13 12:04:19.461189+00:00
[2022-03-14 12:07:24,815] {standard_task_runner.py:52} INFO - Started process 1009 to run task
[2022-03-14 12:07:24,822] {standard_task_runner.py:76} INFO - Running: ['***', 'tasks', 'run', 'tutorial', 'bsre.bsre_proccess_data', 'scheduled__2022-03-13T12:04:19.461189+00:00', '--job-id', '841', '--raw', '--subdir', 'DAGS_FOLDER/test_dag.py', '--cfg-path', '/tmp/tmpifwrauhs', '--error-file', '/tmp/tmp2cpci2ip']
[2022-03-14 12:07:24,824] {standard_task_runner.py:77} INFO - Job 841: Subtask bsre.bsre_proccess_data
[2022-03-14 12:07:24,932] {logging_mixin.py:109} INFO - Running <TaskInstance: tutorial.bsre.bsre_proccess_data scheduled__2022-03-13T12:04:19.461189+00:00 [running]> on host ff48034dfdbf
[2022-03-14 12:07:25,026] {taskinstance.py:1426} INFO - Exporting the following env vars:
AIRFLOW_CTX_DAG_EMAIL=***@example.com
AIRFLOW_CTX_DAG_OWNER=***
AIRFLOW_CTX_DAG_ID=tutorial
AIRFLOW_CTX_TASK_ID=bsre.bsre_proccess_data
AIRFLOW_CTX_EXECUTION_DATE=2022-03-13T12:04:19.461189+00:00
AIRFLOW_CTX_DAG_RUN_ID=scheduled__2022-03-13T12:04:19.461189+00:00
[2022-03-14 12:08:25,023] {python.py:175} INFO - Done. Returned value was: None
[2022-03-14 12:08:25,041] {taskinstance.py:1277} INFO - Marking task as SUCCESS. dag_id=tutorial, task_id=bsre.bsre_proccess_data, execution_date=20220313T120419, start_date=20220314T120724, end_date=20220314T120825
[2022-03-14 12:08:25,096] {local_task_job.py:154} INFO - Task exited with return code 0
[2022-03-14 12:08:25,143] {local_task_job.py:264} INFO - 1 downstream tasks scheduled from follow-on schedule check
