[2022-04-29 15:34:32,140] {taskinstance.py:1032} INFO - Dependencies all met for <TaskInstance: cdn_daily.import_pre.check_status_of_pre manual__2022-04-29T15:29:28.902590+00:00 [queued]>
[2022-04-29 15:34:32,156] {taskinstance.py:1032} INFO - Dependencies all met for <TaskInstance: cdn_daily.import_pre.check_status_of_pre manual__2022-04-29T15:29:28.902590+00:00 [queued]>
[2022-04-29 15:34:32,157] {taskinstance.py:1238} INFO - 
--------------------------------------------------------------------------------
[2022-04-29 15:34:32,158] {taskinstance.py:1239} INFO - Starting attempt 2 of 2
[2022-04-29 15:34:32,159] {taskinstance.py:1240} INFO - 
--------------------------------------------------------------------------------
[2022-04-29 15:34:32,177] {taskinstance.py:1259} INFO - Executing <Task(PythonOperator): import_pre.check_status_of_pre> on 2022-04-29 15:29:28.902590+00:00
[2022-04-29 15:34:32,182] {standard_task_runner.py:52} INFO - Started process 3947 to run task
[2022-04-29 15:34:32,187] {standard_task_runner.py:76} INFO - Running: ['***', 'tasks', 'run', 'cdn_daily', 'import_pre.check_status_of_pre', 'manual__2022-04-29T15:29:28.902590+00:00', '--job-id', '1739', '--raw', '--subdir', 'DAGS_FOLDER/cdn_daily.py', '--cfg-path', '/tmp/tmp7er1869b', '--error-file', '/tmp/tmpdzma2wnd']
[2022-04-29 15:34:32,189] {standard_task_runner.py:77} INFO - Job 1739: Subtask import_pre.check_status_of_pre
[2022-04-29 15:34:32,273] {logging_mixin.py:109} INFO - Running <TaskInstance: cdn_daily.import_pre.check_status_of_pre manual__2022-04-29T15:29:28.902590+00:00 [running]> on host d5ad096ffea5
[2022-04-29 15:34:32,345] {taskinstance.py:1426} INFO - Exporting the following env vars:
AIRFLOW_CTX_DAG_EMAIL=***@example.com
AIRFLOW_CTX_DAG_OWNER=***
AIRFLOW_CTX_DAG_ID=cdn_daily
AIRFLOW_CTX_TASK_ID=import_pre.check_status_of_pre
AIRFLOW_CTX_EXECUTION_DATE=2022-04-29T15:29:28.902590+00:00
AIRFLOW_CTX_DAG_RUN_ID=manual__2022-04-29T15:29:28.902590+00:00
[2022-04-29 15:34:32,347] {logging_mixin.py:109} INFO - run_pre
[2022-04-29 15:34:32,358] {logging_mixin.py:109} INFO - None
[2022-04-29 15:34:32,369] {logging_mixin.py:109} INFO - pre.alm
[2022-04-29 15:34:32,379] {logging_mixin.py:109} INFO - 8
[2022-04-29 15:34:40,389] {python.py:175} INFO - Done. Returned value was: None
[2022-04-29 15:34:40,422] {taskinstance.py:1277} INFO - Marking task as SUCCESS. dag_id=cdn_daily, task_id=import_pre.check_status_of_pre, execution_date=20220429T152928, start_date=20220429T153432, end_date=20220429T153440
[2022-04-29 15:34:40,461] {local_task_job.py:154} INFO - Task exited with return code 0
[2022-04-29 15:34:40,555] {local_task_job.py:264} INFO - 0 downstream tasks scheduled from follow-on schedule check
