[2022-02-20 17:28:04,763] {taskinstance.py:1032} INFO - Dependencies all met for <TaskInstance: tutorial.xsxsxqc.xsxsxqc_get_data scheduled__2022-02-19T17:28:01.321646+00:00 [queued]>
[2022-02-20 17:28:04,826] {taskinstance.py:1032} INFO - Dependencies all met for <TaskInstance: tutorial.xsxsxqc.xsxsxqc_get_data scheduled__2022-02-19T17:28:01.321646+00:00 [queued]>
[2022-02-20 17:28:04,830] {taskinstance.py:1238} INFO - 
--------------------------------------------------------------------------------
[2022-02-20 17:28:04,831] {taskinstance.py:1239} INFO - Starting attempt 1 of 2
[2022-02-20 17:28:04,833] {taskinstance.py:1240} INFO - 
--------------------------------------------------------------------------------
[2022-02-20 17:28:04,861] {taskinstance.py:1259} INFO - Executing <Task(PythonOperator): xsxsxqc.xsxsxqc_get_data> on 2022-02-19 17:28:01.321646+00:00
[2022-02-20 17:28:04,869] {standard_task_runner.py:52} INFO - Started process 28486 to run task
[2022-02-20 17:28:04,879] {standard_task_runner.py:76} INFO - Running: ['***', 'tasks', 'run', 'tutorial', 'xsxsxqc.xsxsxqc_get_data', 'scheduled__2022-02-19T17:28:01.321646+00:00', '--job-id', '45', '--raw', '--subdir', 'DAGS_FOLDER/test_dag.py', '--cfg-path', '/tmp/tmpx8y206fx', '--error-file', '/tmp/tmp79_2tp7y']
[2022-02-20 17:28:04,883] {standard_task_runner.py:77} INFO - Job 45: Subtask xsxsxqc.xsxsxqc_get_data
[2022-02-20 17:28:05,047] {logging_mixin.py:109} INFO - Running <TaskInstance: tutorial.xsxsxqc.xsxsxqc_get_data scheduled__2022-02-19T17:28:01.321646+00:00 [running]> on host ff48034dfdbf
[2022-02-20 17:28:05,386] {taskinstance.py:1426} INFO - Exporting the following env vars:
AIRFLOW_CTX_DAG_EMAIL=***@example.com
AIRFLOW_CTX_DAG_OWNER=***
AIRFLOW_CTX_DAG_ID=tutorial
AIRFLOW_CTX_TASK_ID=xsxsxqc.xsxsxqc_get_data
AIRFLOW_CTX_EXECUTION_DATE=2022-02-19T17:28:01.321646+00:00
AIRFLOW_CTX_DAG_RUN_ID=scheduled__2022-02-19T17:28:01.321646+00:00
[2022-02-20 17:38:11,921] {python.py:175} INFO - Done. Returned value was: None
[2022-02-20 17:38:26,249] {taskinstance.py:1277} INFO - Marking task as SUCCESS. dag_id=tutorial, task_id=xsxsxqc.xsxsxqc_get_data, execution_date=20220219T172801, start_date=20220220T172804, end_date=20220220T173826
[2022-02-20 17:38:26,386] {local_task_job.py:154} INFO - Task exited with return code 0
[2022-02-20 17:38:43,034] {local_task_job.py:264} INFO - 0 downstream tasks scheduled from follow-on schedule check
