[2022-04-23 14:30:59,233] {taskinstance.py:1032} INFO - Dependencies all met for <TaskInstance: tutorial.fsqfqf.fsqfqf_print_proccesed_data scheduled__2022-04-22T14:25:49.377068+00:00 [queued]>
[2022-04-23 14:30:59,250] {taskinstance.py:1032} INFO - Dependencies all met for <TaskInstance: tutorial.fsqfqf.fsqfqf_print_proccesed_data scheduled__2022-04-22T14:25:49.377068+00:00 [queued]>
[2022-04-23 14:30:59,251] {taskinstance.py:1238} INFO - 
--------------------------------------------------------------------------------
[2022-04-23 14:30:59,252] {taskinstance.py:1239} INFO - Starting attempt 1 of 2
[2022-04-23 14:30:59,252] {taskinstance.py:1240} INFO - 
--------------------------------------------------------------------------------
[2022-04-23 14:30:59,268] {taskinstance.py:1259} INFO - Executing <Task(PythonOperator): fsqfqf.fsqfqf_print_proccesed_data> on 2022-04-22 14:25:49.377068+00:00
[2022-04-23 14:30:59,274] {standard_task_runner.py:52} INFO - Started process 881 to run task
[2022-04-23 14:30:59,279] {standard_task_runner.py:76} INFO - Running: ['***', 'tasks', 'run', 'tutorial', 'fsqfqf.fsqfqf_print_proccesed_data', 'scheduled__2022-04-22T14:25:49.377068+00:00', '--job-id', '1233', '--raw', '--subdir', 'DAGS_FOLDER/test_dag.py', '--cfg-path', '/tmp/tmpqavjp3f2', '--error-file', '/tmp/tmppzvjdgr0']
[2022-04-23 14:30:59,280] {standard_task_runner.py:77} INFO - Job 1233: Subtask fsqfqf.fsqfqf_print_proccesed_data
[2022-04-23 14:30:59,360] {logging_mixin.py:109} INFO - Running <TaskInstance: tutorial.fsqfqf.fsqfqf_print_proccesed_data scheduled__2022-04-22T14:25:49.377068+00:00 [running]> on host ff48034dfdbf
[2022-04-23 14:30:59,441] {taskinstance.py:1426} INFO - Exporting the following env vars:
AIRFLOW_CTX_DAG_EMAIL=***@example.com
AIRFLOW_CTX_DAG_OWNER=***
AIRFLOW_CTX_DAG_ID=tutorial
AIRFLOW_CTX_TASK_ID=fsqfqf.fsqfqf_print_proccesed_data
AIRFLOW_CTX_EXECUTION_DATE=2022-04-22T14:25:49.377068+00:00
AIRFLOW_CTX_DAG_RUN_ID=scheduled__2022-04-22T14:25:49.377068+00:00
[2022-04-23 14:31:59,462] {python.py:175} INFO - Done. Returned value was: None
[2022-04-23 14:31:59,478] {taskinstance.py:1277} INFO - Marking task as SUCCESS. dag_id=tutorial, task_id=fsqfqf.fsqfqf_print_proccesed_data, execution_date=20220422T142549, start_date=20220423T143059, end_date=20220423T143159
[2022-04-23 14:31:59,517] {local_task_job.py:154} INFO - Task exited with return code 0
[2022-04-23 14:31:59,555] {local_task_job.py:264} INFO - 0 downstream tasks scheduled from follow-on schedule check
