[2022-03-06 20:36:27,473] {taskinstance.py:1032} INFO - Dependencies all met for <TaskInstance: tutorial.bsre.bsre_print_proccesed_data scheduled__2022-03-05T10:29:52.784989+00:00 [queued]>
[2022-03-06 20:36:27,497] {taskinstance.py:1032} INFO - Dependencies all met for <TaskInstance: tutorial.bsre.bsre_print_proccesed_data scheduled__2022-03-05T10:29:52.784989+00:00 [queued]>
[2022-03-06 20:36:27,499] {taskinstance.py:1238} INFO - 
--------------------------------------------------------------------------------
[2022-03-06 20:36:27,500] {taskinstance.py:1239} INFO - Starting attempt 1 of 2
[2022-03-06 20:36:27,501] {taskinstance.py:1240} INFO - 
--------------------------------------------------------------------------------
[2022-03-06 20:36:27,523] {taskinstance.py:1259} INFO - Executing <Task(PythonOperator): bsre.bsre_print_proccesed_data> on 2022-03-05 10:29:52.784989+00:00
[2022-03-06 20:36:27,533] {standard_task_runner.py:52} INFO - Started process 264 to run task
[2022-03-06 20:36:27,541] {standard_task_runner.py:76} INFO - Running: ['***', 'tasks', 'run', 'tutorial', 'bsre.bsre_print_proccesed_data', 'scheduled__2022-03-05T10:29:52.784989+00:00', '--job-id', '620', '--raw', '--subdir', 'DAGS_FOLDER/test_dag.py', '--cfg-path', '/tmp/tmp_fmevzgz', '--error-file', '/tmp/tmpxosijns7']
[2022-03-06 20:36:27,543] {standard_task_runner.py:77} INFO - Job 620: Subtask bsre.bsre_print_proccesed_data
[2022-03-06 20:36:27,669] {logging_mixin.py:109} INFO - Running <TaskInstance: tutorial.bsre.bsre_print_proccesed_data scheduled__2022-03-05T10:29:52.784989+00:00 [running]> on host ff48034dfdbf
[2022-03-06 20:36:27,767] {taskinstance.py:1426} INFO - Exporting the following env vars:
AIRFLOW_CTX_DAG_EMAIL=***@example.com
AIRFLOW_CTX_DAG_OWNER=***
AIRFLOW_CTX_DAG_ID=tutorial
AIRFLOW_CTX_TASK_ID=bsre.bsre_print_proccesed_data
AIRFLOW_CTX_EXECUTION_DATE=2022-03-05T10:29:52.784989+00:00
AIRFLOW_CTX_DAG_RUN_ID=scheduled__2022-03-05T10:29:52.784989+00:00
[2022-03-06 20:37:27,786] {python.py:175} INFO - Done. Returned value was: None
[2022-03-06 20:37:27,805] {taskinstance.py:1277} INFO - Marking task as SUCCESS. dag_id=tutorial, task_id=bsre.bsre_print_proccesed_data, execution_date=20220305T102952, start_date=20220306T203627, end_date=20220306T203727
[2022-03-06 20:37:27,852] {local_task_job.py:154} INFO - Task exited with return code 0
[2022-03-06 20:37:27,884] {local_task_job.py:264} INFO - 0 downstream tasks scheduled from follow-on schedule check
