[2022-04-23 14:18:35,797] {taskinstance.py:1032} INFO - Dependencies all met for <TaskInstance: tutorial.pre.pre_get_data scheduled__2022-04-22T14:16:25.734382+00:00 [queued]>
[2022-04-23 14:18:35,828] {taskinstance.py:1032} INFO - Dependencies all met for <TaskInstance: tutorial.pre.pre_get_data scheduled__2022-04-22T14:16:25.734382+00:00 [queued]>
[2022-04-23 14:18:35,830] {taskinstance.py:1238} INFO - 
--------------------------------------------------------------------------------
[2022-04-23 14:18:35,831] {taskinstance.py:1239} INFO - Starting attempt 1 of 2
[2022-04-23 14:18:35,837] {taskinstance.py:1240} INFO - 
--------------------------------------------------------------------------------
[2022-04-23 14:18:35,865] {taskinstance.py:1259} INFO - Executing <Task(PythonOperator): pre.pre_get_data> on 2022-04-22 14:16:25.734382+00:00
[2022-04-23 14:18:35,874] {standard_task_runner.py:52} INFO - Started process 199 to run task
[2022-04-23 14:18:35,885] {standard_task_runner.py:76} INFO - Running: ['***', 'tasks', 'run', 'tutorial', 'pre.pre_get_data', 'scheduled__2022-04-22T14:16:25.734382+00:00', '--job-id', '1118', '--raw', '--subdir', 'DAGS_FOLDER/test_dag.py', '--cfg-path', '/tmp/tmpypk43hx5', '--error-file', '/tmp/tmpywvvmmvf']
[2022-04-23 14:18:35,888] {standard_task_runner.py:77} INFO - Job 1118: Subtask pre.pre_get_data
[2022-04-23 14:18:36,061] {logging_mixin.py:109} INFO - Running <TaskInstance: tutorial.pre.pre_get_data scheduled__2022-04-22T14:16:25.734382+00:00 [running]> on host ff48034dfdbf
[2022-04-23 14:18:36,181] {taskinstance.py:1426} INFO - Exporting the following env vars:
AIRFLOW_CTX_DAG_EMAIL=***@example.com
AIRFLOW_CTX_DAG_OWNER=***
AIRFLOW_CTX_DAG_ID=tutorial
AIRFLOW_CTX_TASK_ID=pre.pre_get_data
AIRFLOW_CTX_EXECUTION_DATE=2022-04-22T14:16:25.734382+00:00
AIRFLOW_CTX_DAG_RUN_ID=scheduled__2022-04-22T14:16:25.734382+00:00
[2022-04-23 14:19:36,164] {python.py:175} INFO - Done. Returned value was: None
[2022-04-23 14:19:36,241] {taskinstance.py:1277} INFO - Marking task as SUCCESS. dag_id=tutorial, task_id=pre.pre_get_data, execution_date=20220422T141625, start_date=20220423T141835, end_date=20220423T141936
[2022-04-23 14:19:36,350] {local_task_job.py:154} INFO - Task exited with return code 0
[2022-04-23 14:19:36,572] {local_task_job.py:264} INFO - 1 downstream tasks scheduled from follow-on schedule check
