[2022-02-20 17:28:04,650] {taskinstance.py:1032} INFO - Dependencies all met for <TaskInstance: tutorial.yryrty.yryrty_get_data scheduled__2022-02-19T17:28:01.321646+00:00 [queued]>
[2022-02-20 17:28:04,694] {taskinstance.py:1032} INFO - Dependencies all met for <TaskInstance: tutorial.yryrty.yryrty_get_data scheduled__2022-02-19T17:28:01.321646+00:00 [queued]>
[2022-02-20 17:28:04,696] {taskinstance.py:1238} INFO - 
--------------------------------------------------------------------------------
[2022-02-20 17:28:04,697] {taskinstance.py:1239} INFO - Starting attempt 1 of 2
[2022-02-20 17:28:04,700] {taskinstance.py:1240} INFO - 
--------------------------------------------------------------------------------
[2022-02-20 17:28:04,742] {taskinstance.py:1259} INFO - Executing <Task(PythonOperator): yryrty.yryrty_get_data> on 2022-02-19 17:28:01.321646+00:00
[2022-02-20 17:28:04,779] {standard_task_runner.py:52} INFO - Started process 28485 to run task
[2022-02-20 17:28:04,801] {standard_task_runner.py:76} INFO - Running: ['***', 'tasks', 'run', 'tutorial', 'yryrty.yryrty_get_data', 'scheduled__2022-02-19T17:28:01.321646+00:00', '--job-id', '44', '--raw', '--subdir', 'DAGS_FOLDER/test_dag.py', '--cfg-path', '/tmp/tmp3k_xldc3', '--error-file', '/tmp/tmp5xenvbgk']
[2022-02-20 17:28:04,803] {standard_task_runner.py:77} INFO - Job 44: Subtask yryrty.yryrty_get_data
[2022-02-20 17:28:04,953] {logging_mixin.py:109} INFO - Running <TaskInstance: tutorial.yryrty.yryrty_get_data scheduled__2022-02-19T17:28:01.321646+00:00 [running]> on host ff48034dfdbf
[2022-02-20 17:28:05,129] {taskinstance.py:1426} INFO - Exporting the following env vars:
AIRFLOW_CTX_DAG_EMAIL=***@example.com
AIRFLOW_CTX_DAG_OWNER=***
AIRFLOW_CTX_DAG_ID=tutorial
AIRFLOW_CTX_TASK_ID=yryrty.yryrty_get_data
AIRFLOW_CTX_EXECUTION_DATE=2022-02-19T17:28:01.321646+00:00
AIRFLOW_CTX_DAG_RUN_ID=scheduled__2022-02-19T17:28:01.321646+00:00
[2022-02-20 17:38:09,314] {python.py:175} INFO - Done. Returned value was: None
[2022-02-20 17:38:26,305] {taskinstance.py:1277} INFO - Marking task as SUCCESS. dag_id=tutorial, task_id=yryrty.yryrty_get_data, execution_date=20220219T172801, start_date=20220220T172804, end_date=20220220T173826
[2022-02-20 17:38:26,468] {local_task_job.py:154} INFO - Task exited with return code 0
[2022-02-20 17:38:43,598] {local_task_job.py:264} INFO - 0 downstream tasks scheduled from follow-on schedule check
