[2022-02-26 11:36:15,651] {taskinstance.py:1032} INFO - Dependencies all met for <TaskInstance: tutorial.gdgfg.gdgfg_get_data scheduled__2022-02-24T21:44:04.431894+00:00 [queued]>
[2022-02-26 11:36:15,670] {taskinstance.py:1032} INFO - Dependencies all met for <TaskInstance: tutorial.gdgfg.gdgfg_get_data scheduled__2022-02-24T21:44:04.431894+00:00 [queued]>
[2022-02-26 11:36:15,671] {taskinstance.py:1238} INFO - 
--------------------------------------------------------------------------------
[2022-02-26 11:36:15,672] {taskinstance.py:1239} INFO - Starting attempt 1 of 2
[2022-02-26 11:36:15,673] {taskinstance.py:1240} INFO - 
--------------------------------------------------------------------------------
[2022-02-26 11:36:15,692] {taskinstance.py:1259} INFO - Executing <Task(PythonOperator): gdgfg.gdgfg_get_data> on 2022-02-24 21:44:04.431894+00:00
[2022-02-26 11:36:15,700] {standard_task_runner.py:52} INFO - Started process 79 to run task
[2022-02-26 11:36:15,706] {standard_task_runner.py:76} INFO - Running: ['***', 'tasks', 'run', 'tutorial', 'gdgfg.gdgfg_get_data', 'scheduled__2022-02-24T21:44:04.431894+00:00', '--job-id', '254', '--raw', '--subdir', 'DAGS_FOLDER/test_dag.py', '--cfg-path', '/tmp/tmp_ipj5f0g', '--error-file', '/tmp/tmpho58xgsd']
[2022-02-26 11:36:15,707] {standard_task_runner.py:77} INFO - Job 254: Subtask gdgfg.gdgfg_get_data
[2022-02-26 11:36:15,817] {logging_mixin.py:109} INFO - Running <TaskInstance: tutorial.gdgfg.gdgfg_get_data scheduled__2022-02-24T21:44:04.431894+00:00 [running]> on host ff48034dfdbf
[2022-02-26 11:36:15,939] {taskinstance.py:1426} INFO - Exporting the following env vars:
AIRFLOW_CTX_DAG_EMAIL=***@example.com
AIRFLOW_CTX_DAG_OWNER=***
AIRFLOW_CTX_DAG_ID=tutorial
AIRFLOW_CTX_TASK_ID=gdgfg.gdgfg_get_data
AIRFLOW_CTX_EXECUTION_DATE=2022-02-24T21:44:04.431894+00:00
AIRFLOW_CTX_DAG_RUN_ID=scheduled__2022-02-24T21:44:04.431894+00:00
[2022-02-26 11:37:15,945] {python.py:175} INFO - Done. Returned value was: None
[2022-02-26 11:37:15,967] {taskinstance.py:1277} INFO - Marking task as SUCCESS. dag_id=tutorial, task_id=gdgfg.gdgfg_get_data, execution_date=20220224T214404, start_date=20220226T113615, end_date=20220226T113715
[2022-02-26 11:37:16,026] {local_task_job.py:154} INFO - Task exited with return code 0
[2022-02-26 11:37:16,067] {local_task_job.py:264} INFO - 1 downstream tasks scheduled from follow-on schedule check
