[2022-03-14 12:01:15,542] {taskinstance.py:1032} INFO - Dependencies all met for <TaskInstance: tutorial.xsxsxqc.xsxsxqc_get_data scheduled__2022-03-13T12:00:13.316065+00:00 [queued]>
[2022-03-14 12:01:15,563] {taskinstance.py:1032} INFO - Dependencies all met for <TaskInstance: tutorial.xsxsxqc.xsxsxqc_get_data scheduled__2022-03-13T12:00:13.316065+00:00 [queued]>
[2022-03-14 12:01:15,565] {taskinstance.py:1238} INFO - 
--------------------------------------------------------------------------------
[2022-03-14 12:01:15,566] {taskinstance.py:1239} INFO - Starting attempt 1 of 2
[2022-03-14 12:01:15,568] {taskinstance.py:1240} INFO - 
--------------------------------------------------------------------------------
[2022-03-14 12:01:15,595] {taskinstance.py:1259} INFO - Executing <Task(PythonOperator): xsxsxqc.xsxsxqc_get_data> on 2022-03-13 12:00:13.316065+00:00
[2022-03-14 12:01:15,602] {standard_task_runner.py:52} INFO - Started process 635 to run task
[2022-03-14 12:01:15,609] {standard_task_runner.py:76} INFO - Running: ['***', 'tasks', 'run', 'tutorial', 'xsxsxqc.xsxsxqc_get_data', 'scheduled__2022-03-13T12:00:13.316065+00:00', '--job-id', '779', '--raw', '--subdir', 'DAGS_FOLDER/test_dag.py', '--cfg-path', '/tmp/tmpjt81m08y', '--error-file', '/tmp/tmp4sfz_y9f']
[2022-03-14 12:01:15,610] {standard_task_runner.py:77} INFO - Job 779: Subtask xsxsxqc.xsxsxqc_get_data
[2022-03-14 12:01:15,727] {logging_mixin.py:109} INFO - Running <TaskInstance: tutorial.xsxsxqc.xsxsxqc_get_data scheduled__2022-03-13T12:00:13.316065+00:00 [running]> on host ff48034dfdbf
[2022-03-14 12:01:15,845] {taskinstance.py:1426} INFO - Exporting the following env vars:
AIRFLOW_CTX_DAG_EMAIL=***@example.com
AIRFLOW_CTX_DAG_OWNER=***
AIRFLOW_CTX_DAG_ID=tutorial
AIRFLOW_CTX_TASK_ID=xsxsxqc.xsxsxqc_get_data
AIRFLOW_CTX_EXECUTION_DATE=2022-03-13T12:00:13.316065+00:00
AIRFLOW_CTX_DAG_RUN_ID=scheduled__2022-03-13T12:00:13.316065+00:00
[2022-03-14 12:02:15,865] {python.py:175} INFO - Done. Returned value was: None
[2022-03-14 12:02:15,883] {taskinstance.py:1277} INFO - Marking task as SUCCESS. dag_id=tutorial, task_id=xsxsxqc.xsxsxqc_get_data, execution_date=20220313T120013, start_date=20220314T120115, end_date=20220314T120215
[2022-03-14 12:02:15,915] {local_task_job.py:154} INFO - Task exited with return code 0
[2022-03-14 12:02:15,988] {local_task_job.py:264} INFO - 1 downstream tasks scheduled from follow-on schedule check
