[2022-03-01 19:09:04,527] {taskinstance.py:1032} INFO - Dependencies all met for <TaskInstance: tutorial.cat.cat_get_data scheduled__2022-02-27T21:51:17.549420+00:00 [queued]>
[2022-03-01 19:09:04,580] {taskinstance.py:1032} INFO - Dependencies all met for <TaskInstance: tutorial.cat.cat_get_data scheduled__2022-02-27T21:51:17.549420+00:00 [queued]>
[2022-03-01 19:09:04,582] {taskinstance.py:1238} INFO - 
--------------------------------------------------------------------------------
[2022-03-01 19:09:04,583] {taskinstance.py:1239} INFO - Starting attempt 1 of 2
[2022-03-01 19:09:04,584] {taskinstance.py:1240} INFO - 
--------------------------------------------------------------------------------
[2022-03-01 19:09:04,618] {taskinstance.py:1259} INFO - Executing <Task(PythonOperator): cat.cat_get_data> on 2022-02-27 21:51:17.549420+00:00
[2022-03-01 19:09:04,625] {standard_task_runner.py:52} INFO - Started process 77 to run task
[2022-03-01 19:09:04,631] {standard_task_runner.py:76} INFO - Running: ['***', 'tasks', 'run', 'tutorial', 'cat.cat_get_data', 'scheduled__2022-02-27T21:51:17.549420+00:00', '--job-id', '364', '--raw', '--subdir', 'DAGS_FOLDER/test_dag.py', '--cfg-path', '/tmp/tmpd9pqok0g', '--error-file', '/tmp/tmp_zgqfj7c']
[2022-03-01 19:09:04,633] {standard_task_runner.py:77} INFO - Job 364: Subtask cat.cat_get_data
[2022-03-01 19:09:04,745] {logging_mixin.py:109} INFO - Running <TaskInstance: tutorial.cat.cat_get_data scheduled__2022-02-27T21:51:17.549420+00:00 [running]> on host ff48034dfdbf
[2022-03-01 19:09:04,866] {taskinstance.py:1426} INFO - Exporting the following env vars:
AIRFLOW_CTX_DAG_EMAIL=***@example.com
AIRFLOW_CTX_DAG_OWNER=***
AIRFLOW_CTX_DAG_ID=tutorial
AIRFLOW_CTX_TASK_ID=cat.cat_get_data
AIRFLOW_CTX_EXECUTION_DATE=2022-02-27T21:51:17.549420+00:00
AIRFLOW_CTX_DAG_RUN_ID=scheduled__2022-02-27T21:51:17.549420+00:00
[2022-03-01 19:10:04,887] {python.py:175} INFO - Done. Returned value was: None
[2022-03-01 19:10:04,905] {taskinstance.py:1277} INFO - Marking task as SUCCESS. dag_id=tutorial, task_id=cat.cat_get_data, execution_date=20220227T215117, start_date=20220301T190904, end_date=20220301T191004
[2022-03-01 19:10:04,967] {local_task_job.py:154} INFO - Task exited with return code 0
[2022-03-01 19:10:05,057] {local_task_job.py:264} INFO - 1 downstream tasks scheduled from follow-on schedule check
