[2022-03-06 20:36:27,239] {taskinstance.py:1032} INFO - Dependencies all met for <TaskInstance: tutorial.xsxsxqc.xsxsxqc_print_proccesed_data scheduled__2022-03-05T10:29:52.784989+00:00 [queued]>
[2022-03-06 20:36:27,282] {taskinstance.py:1032} INFO - Dependencies all met for <TaskInstance: tutorial.xsxsxqc.xsxsxqc_print_proccesed_data scheduled__2022-03-05T10:29:52.784989+00:00 [queued]>
[2022-03-06 20:36:27,291] {taskinstance.py:1238} INFO - 
--------------------------------------------------------------------------------
[2022-03-06 20:36:27,294] {taskinstance.py:1239} INFO - Starting attempt 1 of 2
[2022-03-06 20:36:27,295] {taskinstance.py:1240} INFO - 
--------------------------------------------------------------------------------
[2022-03-06 20:36:27,342] {taskinstance.py:1259} INFO - Executing <Task(PythonOperator): xsxsxqc.xsxsxqc_print_proccesed_data> on 2022-03-05 10:29:52.784989+00:00
[2022-03-06 20:36:27,350] {standard_task_runner.py:52} INFO - Started process 262 to run task
[2022-03-06 20:36:27,362] {standard_task_runner.py:76} INFO - Running: ['***', 'tasks', 'run', 'tutorial', 'xsxsxqc.xsxsxqc_print_proccesed_data', 'scheduled__2022-03-05T10:29:52.784989+00:00', '--job-id', '618', '--raw', '--subdir', 'DAGS_FOLDER/test_dag.py', '--cfg-path', '/tmp/tmp65hf0bjo', '--error-file', '/tmp/tmp7thv4q5c']
[2022-03-06 20:36:27,383] {standard_task_runner.py:77} INFO - Job 618: Subtask xsxsxqc.xsxsxqc_print_proccesed_data
[2022-03-06 20:36:27,530] {logging_mixin.py:109} INFO - Running <TaskInstance: tutorial.xsxsxqc.xsxsxqc_print_proccesed_data scheduled__2022-03-05T10:29:52.784989+00:00 [running]> on host ff48034dfdbf
[2022-03-06 20:36:27,640] {taskinstance.py:1426} INFO - Exporting the following env vars:
AIRFLOW_CTX_DAG_EMAIL=***@example.com
AIRFLOW_CTX_DAG_OWNER=***
AIRFLOW_CTX_DAG_ID=tutorial
AIRFLOW_CTX_TASK_ID=xsxsxqc.xsxsxqc_print_proccesed_data
AIRFLOW_CTX_EXECUTION_DATE=2022-03-05T10:29:52.784989+00:00
AIRFLOW_CTX_DAG_RUN_ID=scheduled__2022-03-05T10:29:52.784989+00:00
[2022-03-06 20:37:27,641] {python.py:175} INFO - Done. Returned value was: None
[2022-03-06 20:37:27,654] {taskinstance.py:1277} INFO - Marking task as SUCCESS. dag_id=tutorial, task_id=xsxsxqc.xsxsxqc_print_proccesed_data, execution_date=20220305T102952, start_date=20220306T203627, end_date=20220306T203727
[2022-03-06 20:37:27,691] {local_task_job.py:154} INFO - Task exited with return code 0
[2022-03-06 20:37:27,721] {local_task_job.py:264} INFO - 0 downstream tasks scheduled from follow-on schedule check
