[2022-03-28 12:55:29,327] {taskinstance.py:1032} INFO - Dependencies all met for <TaskInstance: tutorial.fsqfqf.fsqfqf_get_data scheduled__2022-03-27T12:54:27.698780+00:00 [queued]>
[2022-03-28 12:55:29,343] {taskinstance.py:1032} INFO - Dependencies all met for <TaskInstance: tutorial.fsqfqf.fsqfqf_get_data scheduled__2022-03-27T12:54:27.698780+00:00 [queued]>
[2022-03-28 12:55:29,344] {taskinstance.py:1238} INFO - 
--------------------------------------------------------------------------------
[2022-03-28 12:55:29,345] {taskinstance.py:1239} INFO - Starting attempt 1 of 2
[2022-03-28 12:55:29,346] {taskinstance.py:1240} INFO - 
--------------------------------------------------------------------------------
[2022-03-28 12:55:29,362] {taskinstance.py:1259} INFO - Executing <Task(PythonOperator): fsqfqf.fsqfqf_get_data> on 2022-03-27 12:54:27.698780+00:00
[2022-03-28 12:55:29,370] {standard_task_runner.py:52} INFO - Started process 506 to run task
[2022-03-28 12:55:29,377] {standard_task_runner.py:76} INFO - Running: ['***', 'tasks', 'run', 'tutorial', 'fsqfqf.fsqfqf_get_data', 'scheduled__2022-03-27T12:54:27.698780+00:00', '--job-id', '1024', '--raw', '--subdir', 'DAGS_FOLDER/test_dag.py', '--cfg-path', '/tmp/tmp7y2vxcsv', '--error-file', '/tmp/tmph8x5a865']
[2022-03-28 12:55:29,379] {standard_task_runner.py:77} INFO - Job 1024: Subtask fsqfqf.fsqfqf_get_data
[2022-03-28 12:55:29,496] {logging_mixin.py:109} INFO - Running <TaskInstance: tutorial.fsqfqf.fsqfqf_get_data scheduled__2022-03-27T12:54:27.698780+00:00 [running]> on host ff48034dfdbf
[2022-03-28 12:55:29,601] {taskinstance.py:1426} INFO - Exporting the following env vars:
AIRFLOW_CTX_DAG_EMAIL=***@example.com
AIRFLOW_CTX_DAG_OWNER=***
AIRFLOW_CTX_DAG_ID=tutorial
AIRFLOW_CTX_TASK_ID=fsqfqf.fsqfqf_get_data
AIRFLOW_CTX_EXECUTION_DATE=2022-03-27T12:54:27.698780+00:00
AIRFLOW_CTX_DAG_RUN_ID=scheduled__2022-03-27T12:54:27.698780+00:00
[2022-03-28 13:16:26,648] {python.py:175} INFO - Done. Returned value was: None
[2022-03-28 13:16:27,467] {taskinstance.py:1277} INFO - Marking task as SUCCESS. dag_id=tutorial, task_id=fsqfqf.fsqfqf_get_data, execution_date=20220327T125427, start_date=20220328T125529, end_date=20220328T131627
[2022-03-28 13:16:27,650] {local_task_job.py:154} INFO - Task exited with return code 0
[2022-03-28 13:16:28,162] {local_task_job.py:264} INFO - 0 downstream tasks scheduled from follow-on schedule check
