[2022-04-29 15:30:29,963] {taskinstance.py:1032} INFO - Dependencies all met for <TaskInstance: cdn_daily.import_bsre.check_presence_of_bsre2 manual__2022-04-29T15:30:28.273551+00:00 [queued]>
[2022-04-29 15:30:29,983] {taskinstance.py:1032} INFO - Dependencies all met for <TaskInstance: cdn_daily.import_bsre.check_presence_of_bsre2 manual__2022-04-29T15:30:28.273551+00:00 [queued]>
[2022-04-29 15:30:29,984] {taskinstance.py:1238} INFO - 
--------------------------------------------------------------------------------
[2022-04-29 15:30:29,986] {taskinstance.py:1239} INFO - Starting attempt 1 of 2
[2022-04-29 15:30:29,987] {taskinstance.py:1240} INFO - 
--------------------------------------------------------------------------------
[2022-04-29 15:30:30,010] {taskinstance.py:1259} INFO - Executing <Task(PythonOperator): import_bsre.check_presence_of_bsre2> on 2022-04-29 15:30:28.273551+00:00
[2022-04-29 15:30:30,019] {standard_task_runner.py:52} INFO - Started process 3658 to run task
[2022-04-29 15:30:30,025] {standard_task_runner.py:76} INFO - Running: ['***', 'tasks', 'run', 'cdn_daily', 'import_bsre.check_presence_of_bsre2', 'manual__2022-04-29T15:30:28.273551+00:00', '--job-id', '1675', '--raw', '--subdir', 'DAGS_FOLDER/cdn_daily.py', '--cfg-path', '/tmp/tmpzuwkrwm5', '--error-file', '/tmp/tmpkb812fsr']
[2022-04-29 15:30:30,027] {standard_task_runner.py:77} INFO - Job 1675: Subtask import_bsre.check_presence_of_bsre2
[2022-04-29 15:30:30,129] {logging_mixin.py:109} INFO - Running <TaskInstance: cdn_daily.import_bsre.check_presence_of_bsre2 manual__2022-04-29T15:30:28.273551+00:00 [running]> on host d5ad096ffea5
[2022-04-29 15:30:30,264] {taskinstance.py:1426} INFO - Exporting the following env vars:
AIRFLOW_CTX_DAG_EMAIL=***@example.com
AIRFLOW_CTX_DAG_OWNER=***
AIRFLOW_CTX_DAG_ID=cdn_daily
AIRFLOW_CTX_TASK_ID=import_bsre.check_presence_of_bsre2
AIRFLOW_CTX_EXECUTION_DATE=2022-04-29T15:30:28.273551+00:00
AIRFLOW_CTX_DAG_RUN_ID=manual__2022-04-29T15:30:28.273551+00:00
[2022-04-29 15:30:30,306] {python.py:175} INFO - Done. Returned value was: None
[2022-04-29 15:30:30,332] {taskinstance.py:1277} INFO - Marking task as SUCCESS. dag_id=cdn_daily, task_id=import_bsre.check_presence_of_bsre2, execution_date=20220429T153028, start_date=20220429T153029, end_date=20220429T153030
[2022-04-29 15:30:30,403] {local_task_job.py:154} INFO - Task exited with return code 0
[2022-04-29 15:30:30,483] {local_task_job.py:264} INFO - 0 downstream tasks scheduled from follow-on schedule check
