[2022-04-29 15:23:20,306] {taskinstance.py:1032} INFO - Dependencies all met for <TaskInstance: cdn_daily.import_bsre.check_presence_of_bsre2 manual__2022-04-29T15:23:19.038785+00:00 [queued]>
[2022-04-29 15:23:20,332] {taskinstance.py:1032} INFO - Dependencies all met for <TaskInstance: cdn_daily.import_bsre.check_presence_of_bsre2 manual__2022-04-29T15:23:19.038785+00:00 [queued]>
[2022-04-29 15:23:20,334] {taskinstance.py:1238} INFO - 
--------------------------------------------------------------------------------
[2022-04-29 15:23:20,336] {taskinstance.py:1239} INFO - Starting attempt 1 of 2
[2022-04-29 15:23:20,339] {taskinstance.py:1240} INFO - 
--------------------------------------------------------------------------------
[2022-04-29 15:23:20,362] {taskinstance.py:1259} INFO - Executing <Task(PythonOperator): import_bsre.check_presence_of_bsre2> on 2022-04-29 15:23:19.038785+00:00
[2022-04-29 15:23:20,371] {standard_task_runner.py:52} INFO - Started process 3263 to run task
[2022-04-29 15:23:20,379] {standard_task_runner.py:76} INFO - Running: ['***', 'tasks', 'run', 'cdn_daily', 'import_bsre.check_presence_of_bsre2', 'manual__2022-04-29T15:23:19.038785+00:00', '--job-id', '1628', '--raw', '--subdir', 'DAGS_FOLDER/cdn_daily.py', '--cfg-path', '/tmp/tmpfg79kc0_', '--error-file', '/tmp/tmprl6snifl']
[2022-04-29 15:23:20,381] {standard_task_runner.py:77} INFO - Job 1628: Subtask import_bsre.check_presence_of_bsre2
[2022-04-29 15:23:20,499] {logging_mixin.py:109} INFO - Running <TaskInstance: cdn_daily.import_bsre.check_presence_of_bsre2 manual__2022-04-29T15:23:19.038785+00:00 [running]> on host d5ad096ffea5
[2022-04-29 15:23:20,601] {taskinstance.py:1426} INFO - Exporting the following env vars:
AIRFLOW_CTX_DAG_EMAIL=***@example.com
AIRFLOW_CTX_DAG_OWNER=***
AIRFLOW_CTX_DAG_ID=cdn_daily
AIRFLOW_CTX_TASK_ID=import_bsre.check_presence_of_bsre2
AIRFLOW_CTX_EXECUTION_DATE=2022-04-29T15:23:19.038785+00:00
AIRFLOW_CTX_DAG_RUN_ID=manual__2022-04-29T15:23:19.038785+00:00
[2022-04-29 15:23:20,672] {python.py:175} INFO - Done. Returned value was: None
[2022-04-29 15:23:20,728] {taskinstance.py:1277} INFO - Marking task as SUCCESS. dag_id=cdn_daily, task_id=import_bsre.check_presence_of_bsre2, execution_date=20220429T152319, start_date=20220429T152320, end_date=20220429T152320
[2022-04-29 15:23:20,799] {local_task_job.py:154} INFO - Task exited with return code 0
[2022-04-29 15:23:20,912] {local_task_job.py:264} INFO - 1 downstream tasks scheduled from follow-on schedule check
