[2022-03-14 11:59:12,763] {taskinstance.py:1032} INFO - Dependencies all met for <TaskInstance: tutorial.cat.cat_print_proccesed_data scheduled__2022-03-07T10:29:52.784989+00:00 [queued]>
[2022-03-14 11:59:12,789] {taskinstance.py:1032} INFO - Dependencies all met for <TaskInstance: tutorial.cat.cat_print_proccesed_data scheduled__2022-03-07T10:29:52.784989+00:00 [queued]>
[2022-03-14 11:59:12,791] {taskinstance.py:1238} INFO - 
--------------------------------------------------------------------------------
[2022-03-14 11:59:12,792] {taskinstance.py:1239} INFO - Starting attempt 1 of 2
[2022-03-14 11:59:12,794] {taskinstance.py:1240} INFO - 
--------------------------------------------------------------------------------
[2022-03-14 11:59:12,820] {taskinstance.py:1259} INFO - Executing <Task(PythonOperator): cat.cat_print_proccesed_data> on 2022-03-07 10:29:52.784989+00:00
[2022-03-14 11:59:12,828] {standard_task_runner.py:52} INFO - Started process 525 to run task
[2022-03-14 11:59:12,836] {standard_task_runner.py:76} INFO - Running: ['***', 'tasks', 'run', 'tutorial', 'cat.cat_print_proccesed_data', 'scheduled__2022-03-07T10:29:52.784989+00:00', '--job-id', '762', '--raw', '--subdir', 'DAGS_FOLDER/test_dag.py', '--cfg-path', '/tmp/tmp2vlrf0do', '--error-file', '/tmp/tmp93tn_pko']
[2022-03-14 11:59:12,838] {standard_task_runner.py:77} INFO - Job 762: Subtask cat.cat_print_proccesed_data
[2022-03-14 11:59:12,979] {logging_mixin.py:109} INFO - Running <TaskInstance: tutorial.cat.cat_print_proccesed_data scheduled__2022-03-07T10:29:52.784989+00:00 [running]> on host ff48034dfdbf
[2022-03-14 11:59:13,093] {taskinstance.py:1426} INFO - Exporting the following env vars:
AIRFLOW_CTX_DAG_EMAIL=***@example.com
AIRFLOW_CTX_DAG_OWNER=***
AIRFLOW_CTX_DAG_ID=tutorial
AIRFLOW_CTX_TASK_ID=cat.cat_print_proccesed_data
AIRFLOW_CTX_EXECUTION_DATE=2022-03-07T10:29:52.784989+00:00
AIRFLOW_CTX_DAG_RUN_ID=scheduled__2022-03-07T10:29:52.784989+00:00
[2022-03-14 12:00:13,113] {python.py:175} INFO - Done. Returned value was: None
[2022-03-14 12:00:13,168] {taskinstance.py:1277} INFO - Marking task as SUCCESS. dag_id=tutorial, task_id=cat.cat_print_proccesed_data, execution_date=20220307T102952, start_date=20220314T115912, end_date=20220314T120013
[2022-03-14 12:00:13,227] {local_task_job.py:154} INFO - Task exited with return code 0
[2022-03-14 12:00:13,375] {local_task_job.py:264} INFO - 0 downstream tasks scheduled from follow-on schedule check
