[2022-02-24 21:45:08,259] {taskinstance.py:1032} INFO - Dependencies all met for <TaskInstance: tutorial.jghjg.jghjg_proccess_data scheduled__2022-02-23T21:44:04.431894+00:00 [queued]>
[2022-02-24 21:45:08,287] {taskinstance.py:1032} INFO - Dependencies all met for <TaskInstance: tutorial.jghjg.jghjg_proccess_data scheduled__2022-02-23T21:44:04.431894+00:00 [queued]>
[2022-02-24 21:45:08,289] {taskinstance.py:1238} INFO - 
--------------------------------------------------------------------------------
[2022-02-24 21:45:08,290] {taskinstance.py:1239} INFO - Starting attempt 1 of 2
[2022-02-24 21:45:08,292] {taskinstance.py:1240} INFO - 
--------------------------------------------------------------------------------
[2022-02-24 21:45:08,319] {taskinstance.py:1259} INFO - Executing <Task(PythonOperator): jghjg.jghjg_proccess_data> on 2022-02-23 21:44:04.431894+00:00
[2022-02-24 21:45:08,327] {standard_task_runner.py:52} INFO - Started process 7809 to run task
[2022-02-24 21:45:08,336] {standard_task_runner.py:76} INFO - Running: ['***', 'tasks', 'run', 'tutorial', 'jghjg.jghjg_proccess_data', 'scheduled__2022-02-23T21:44:04.431894+00:00', '--job-id', '222', '--raw', '--subdir', 'DAGS_FOLDER/test_dag.py', '--cfg-path', '/tmp/tmpn37rd2e3', '--error-file', '/tmp/tmp0pi8xzfv']
[2022-02-24 21:45:08,340] {standard_task_runner.py:77} INFO - Job 222: Subtask jghjg.jghjg_proccess_data
[2022-02-24 21:45:08,466] {logging_mixin.py:109} INFO - Running <TaskInstance: tutorial.jghjg.jghjg_proccess_data scheduled__2022-02-23T21:44:04.431894+00:00 [running]> on host ff48034dfdbf
[2022-02-24 21:45:08,643] {taskinstance.py:1426} INFO - Exporting the following env vars:
AIRFLOW_CTX_DAG_EMAIL=***@example.com
AIRFLOW_CTX_DAG_OWNER=***
AIRFLOW_CTX_DAG_ID=tutorial
AIRFLOW_CTX_TASK_ID=jghjg.jghjg_proccess_data
AIRFLOW_CTX_EXECUTION_DATE=2022-02-23T21:44:04.431894+00:00
AIRFLOW_CTX_DAG_RUN_ID=scheduled__2022-02-23T21:44:04.431894+00:00
[2022-02-24 21:46:08,638] {python.py:175} INFO - Done. Returned value was: None
[2022-02-24 21:46:08,653] {taskinstance.py:1277} INFO - Marking task as SUCCESS. dag_id=tutorial, task_id=jghjg.jghjg_proccess_data, execution_date=20220223T214404, start_date=20220224T214508, end_date=20220224T214608
[2022-02-24 21:46:08,710] {local_task_job.py:154} INFO - Task exited with return code 0
[2022-02-24 21:46:08,771] {local_task_job.py:264} INFO - 0 downstream tasks scheduled from follow-on schedule check
