[2022-02-23 21:39:57,016] {taskinstance.py:1032} INFO - Dependencies all met for <TaskInstance: tutorial.bsre.bsre_proccess_data scheduled__2022-02-21T17:28:01.321646+00:00 [queued]>
[2022-02-23 21:39:57,035] {taskinstance.py:1032} INFO - Dependencies all met for <TaskInstance: tutorial.bsre.bsre_proccess_data scheduled__2022-02-21T17:28:01.321646+00:00 [queued]>
[2022-02-23 21:39:57,036] {taskinstance.py:1238} INFO - 
--------------------------------------------------------------------------------
[2022-02-23 21:39:57,037] {taskinstance.py:1239} INFO - Starting attempt 1 of 2
[2022-02-23 21:39:57,038] {taskinstance.py:1240} INFO - 
--------------------------------------------------------------------------------
[2022-02-23 21:39:57,057] {taskinstance.py:1259} INFO - Executing <Task(PythonOperator): bsre.bsre_proccess_data> on 2022-02-21 17:28:01.321646+00:00
[2022-02-23 21:39:57,063] {standard_task_runner.py:52} INFO - Started process 202 to run task
[2022-02-23 21:39:57,068] {standard_task_runner.py:76} INFO - Running: ['***', 'tasks', 'run', 'tutorial', 'bsre.bsre_proccess_data', 'scheduled__2022-02-21T17:28:01.321646+00:00', '--job-id', '125', '--raw', '--subdir', 'DAGS_FOLDER/test_dag.py', '--cfg-path', '/tmp/tmpzaf0i57b', '--error-file', '/tmp/tmpz7z2yyzj']
[2022-02-23 21:39:57,069] {standard_task_runner.py:77} INFO - Job 125: Subtask bsre.bsre_proccess_data
[2022-02-23 21:39:57,204] {logging_mixin.py:109} INFO - Running <TaskInstance: tutorial.bsre.bsre_proccess_data scheduled__2022-02-21T17:28:01.321646+00:00 [running]> on host ff48034dfdbf
[2022-02-23 21:39:57,347] {taskinstance.py:1426} INFO - Exporting the following env vars:
AIRFLOW_CTX_DAG_EMAIL=***@example.com
AIRFLOW_CTX_DAG_OWNER=***
AIRFLOW_CTX_DAG_ID=tutorial
AIRFLOW_CTX_TASK_ID=bsre.bsre_proccess_data
AIRFLOW_CTX_EXECUTION_DATE=2022-02-21T17:28:01.321646+00:00
AIRFLOW_CTX_DAG_RUN_ID=scheduled__2022-02-21T17:28:01.321646+00:00
[2022-02-23 21:40:57,361] {python.py:175} INFO - Done. Returned value was: None
[2022-02-23 21:40:57,378] {taskinstance.py:1277} INFO - Marking task as SUCCESS. dag_id=tutorial, task_id=bsre.bsre_proccess_data, execution_date=20220221T172801, start_date=20220223T213957, end_date=20220223T214057
[2022-02-23 21:40:57,435] {local_task_job.py:154} INFO - Task exited with return code 0
[2022-02-23 21:40:57,480] {local_task_job.py:264} INFO - 1 downstream tasks scheduled from follow-on schedule check
