[2022-04-28 12:32:49,942] {taskinstance.py:1032} INFO - Dependencies all met for <TaskInstance: tutorial.wcccw.wcccw_print_proccesed_data scheduled__2022-04-27T12:29:40.424433+00:00 [queued]>
[2022-04-28 12:32:50,007] {taskinstance.py:1032} INFO - Dependencies all met for <TaskInstance: tutorial.wcccw.wcccw_print_proccesed_data scheduled__2022-04-27T12:29:40.424433+00:00 [queued]>
[2022-04-28 12:32:50,009] {taskinstance.py:1238} INFO - 
--------------------------------------------------------------------------------
[2022-04-28 12:32:50,013] {taskinstance.py:1239} INFO - Starting attempt 1 of 2
[2022-04-28 12:32:50,016] {taskinstance.py:1240} INFO - 
--------------------------------------------------------------------------------
[2022-04-28 12:32:50,055] {taskinstance.py:1259} INFO - Executing <Task(PythonOperator): wcccw.wcccw_print_proccesed_data> on 2022-04-27 12:29:40.424433+00:00
[2022-04-28 12:32:50,069] {standard_task_runner.py:52} INFO - Started process 261 to run task
[2022-04-28 12:32:50,082] {standard_task_runner.py:76} INFO - Running: ['***', 'tasks', 'run', 'tutorial', 'wcccw.wcccw_print_proccesed_data', 'scheduled__2022-04-27T12:29:40.424433+00:00', '--job-id', '1393', '--raw', '--subdir', 'DAGS_FOLDER/test_dag.py', '--cfg-path', '/tmp/tmphn6tdjy_', '--error-file', '/tmp/tmpjdonj0qg']
[2022-04-28 12:32:50,086] {standard_task_runner.py:77} INFO - Job 1393: Subtask wcccw.wcccw_print_proccesed_data
[2022-04-28 12:32:50,309] {logging_mixin.py:109} INFO - Running <TaskInstance: tutorial.wcccw.wcccw_print_proccesed_data scheduled__2022-04-27T12:29:40.424433+00:00 [running]> on host d5ad096ffea5
[2022-04-28 12:32:50,460] {taskinstance.py:1426} INFO - Exporting the following env vars:
AIRFLOW_CTX_DAG_EMAIL=***@example.com
AIRFLOW_CTX_DAG_OWNER=***
AIRFLOW_CTX_DAG_ID=tutorial
AIRFLOW_CTX_TASK_ID=wcccw.wcccw_print_proccesed_data
AIRFLOW_CTX_EXECUTION_DATE=2022-04-27T12:29:40.424433+00:00
AIRFLOW_CTX_DAG_RUN_ID=scheduled__2022-04-27T12:29:40.424433+00:00
[2022-04-28 12:33:50,447] {python.py:175} INFO - Done. Returned value was: None
[2022-04-28 12:33:50,471] {taskinstance.py:1277} INFO - Marking task as SUCCESS. dag_id=tutorial, task_id=wcccw.wcccw_print_proccesed_data, execution_date=20220427T122940, start_date=20220428T123249, end_date=20220428T123350
[2022-04-28 12:33:50,514] {local_task_job.py:154} INFO - Task exited with return code 0
[2022-04-28 12:33:50,549] {local_task_job.py:264} INFO - 0 downstream tasks scheduled from follow-on schedule check
