[2022-02-24 21:45:08,406] {taskinstance.py:1032} INFO - Dependencies all met for <TaskInstance: tutorial.hfghfg.hfghfg_proccess_data scheduled__2022-02-23T21:44:04.431894+00:00 [queued]>
[2022-02-24 21:45:08,427] {taskinstance.py:1032} INFO - Dependencies all met for <TaskInstance: tutorial.hfghfg.hfghfg_proccess_data scheduled__2022-02-23T21:44:04.431894+00:00 [queued]>
[2022-02-24 21:45:08,429] {taskinstance.py:1238} INFO - 
--------------------------------------------------------------------------------
[2022-02-24 21:45:08,430] {taskinstance.py:1239} INFO - Starting attempt 1 of 2
[2022-02-24 21:45:08,432] {taskinstance.py:1240} INFO - 
--------------------------------------------------------------------------------
[2022-02-24 21:45:08,455] {taskinstance.py:1259} INFO - Executing <Task(PythonOperator): hfghfg.hfghfg_proccess_data> on 2022-02-23 21:44:04.431894+00:00
[2022-02-24 21:45:08,463] {standard_task_runner.py:52} INFO - Started process 7811 to run task
[2022-02-24 21:45:08,472] {standard_task_runner.py:76} INFO - Running: ['***', 'tasks', 'run', 'tutorial', 'hfghfg.hfghfg_proccess_data', 'scheduled__2022-02-23T21:44:04.431894+00:00', '--job-id', '226', '--raw', '--subdir', 'DAGS_FOLDER/test_dag.py', '--cfg-path', '/tmp/tmp50lmmc41', '--error-file', '/tmp/tmpyly4866b']
[2022-02-24 21:45:08,474] {standard_task_runner.py:77} INFO - Job 226: Subtask hfghfg.hfghfg_proccess_data
[2022-02-24 21:45:08,807] {logging_mixin.py:109} INFO - Running <TaskInstance: tutorial.hfghfg.hfghfg_proccess_data scheduled__2022-02-23T21:44:04.431894+00:00 [running]> on host ff48034dfdbf
[2022-02-24 21:45:08,938] {taskinstance.py:1426} INFO - Exporting the following env vars:
AIRFLOW_CTX_DAG_EMAIL=***@example.com
AIRFLOW_CTX_DAG_OWNER=***
AIRFLOW_CTX_DAG_ID=tutorial
AIRFLOW_CTX_TASK_ID=hfghfg.hfghfg_proccess_data
AIRFLOW_CTX_EXECUTION_DATE=2022-02-23T21:44:04.431894+00:00
AIRFLOW_CTX_DAG_RUN_ID=scheduled__2022-02-23T21:44:04.431894+00:00
[2022-02-24 21:46:08,880] {python.py:175} INFO - Done. Returned value was: None
[2022-02-24 21:46:08,901] {taskinstance.py:1277} INFO - Marking task as SUCCESS. dag_id=tutorial, task_id=hfghfg.hfghfg_proccess_data, execution_date=20220223T214404, start_date=20220224T214508, end_date=20220224T214608
[2022-02-24 21:46:08,950] {local_task_job.py:154} INFO - Task exited with return code 0
[2022-02-24 21:46:09,023] {local_task_job.py:264} INFO - 1 downstream tasks scheduled from follow-on schedule check
