[2022-04-29 15:31:58,574] {taskinstance.py:1032} INFO - Dependencies all met for <TaskInstance: cdn_daily.import_pre.check_status_of_pre manual__2022-04-29T15:31:55.459871+00:00 [queued]>
[2022-04-29 15:31:58,591] {taskinstance.py:1032} INFO - Dependencies all met for <TaskInstance: cdn_daily.import_pre.check_status_of_pre manual__2022-04-29T15:31:55.459871+00:00 [queued]>
[2022-04-29 15:31:58,592] {taskinstance.py:1238} INFO - 
--------------------------------------------------------------------------------
[2022-04-29 15:31:58,593] {taskinstance.py:1239} INFO - Starting attempt 1 of 2
[2022-04-29 15:31:58,595] {taskinstance.py:1240} INFO - 
--------------------------------------------------------------------------------
[2022-04-29 15:31:58,611] {taskinstance.py:1259} INFO - Executing <Task(PythonOperator): import_pre.check_status_of_pre> on 2022-04-29 15:31:55.459871+00:00
[2022-04-29 15:31:58,618] {standard_task_runner.py:52} INFO - Started process 3762 to run task
[2022-04-29 15:31:58,623] {standard_task_runner.py:76} INFO - Running: ['***', 'tasks', 'run', 'cdn_daily', 'import_pre.check_status_of_pre', 'manual__2022-04-29T15:31:55.459871+00:00', '--job-id', '1700', '--raw', '--subdir', 'DAGS_FOLDER/cdn_daily.py', '--cfg-path', '/tmp/tmp8snos8sj', '--error-file', '/tmp/tmp76g09rc9']
[2022-04-29 15:31:58,625] {standard_task_runner.py:77} INFO - Job 1700: Subtask import_pre.check_status_of_pre
[2022-04-29 15:31:58,705] {logging_mixin.py:109} INFO - Running <TaskInstance: cdn_daily.import_pre.check_status_of_pre manual__2022-04-29T15:31:55.459871+00:00 [running]> on host d5ad096ffea5
[2022-04-29 15:31:58,776] {taskinstance.py:1426} INFO - Exporting the following env vars:
AIRFLOW_CTX_DAG_EMAIL=***@example.com
AIRFLOW_CTX_DAG_OWNER=***
AIRFLOW_CTX_DAG_ID=cdn_daily
AIRFLOW_CTX_TASK_ID=import_pre.check_status_of_pre
AIRFLOW_CTX_EXECUTION_DATE=2022-04-29T15:31:55.459871+00:00
AIRFLOW_CTX_DAG_RUN_ID=manual__2022-04-29T15:31:55.459871+00:00
[2022-04-29 15:31:58,778] {logging_mixin.py:109} INFO - run_pre
[2022-04-29 15:31:58,790] {logging_mixin.py:109} INFO - None
[2022-04-29 15:31:58,802] {logging_mixin.py:109} INFO - pre.alm
[2022-04-29 15:31:58,814] {logging_mixin.py:109} INFO - 3
[2022-04-29 15:32:01,819] {python.py:175} INFO - Done. Returned value was: None
[2022-04-29 15:32:01,836] {taskinstance.py:1277} INFO - Marking task as SUCCESS. dag_id=cdn_daily, task_id=import_pre.check_status_of_pre, execution_date=20220429T153155, start_date=20220429T153158, end_date=20220429T153201
[2022-04-29 15:32:01,867] {local_task_job.py:154} INFO - Task exited with return code 0
[2022-04-29 15:32:01,920] {local_task_job.py:264} INFO - 0 downstream tasks scheduled from follow-on schedule check
