[2022-04-29 15:35:41,678] {taskinstance.py:1032} INFO - Dependencies all met for <TaskInstance: cdn_daily.import_vol.check_status_of_vol manual__2022-04-29T15:30:28.273551+00:00 [queued]>
[2022-04-29 15:35:41,696] {taskinstance.py:1032} INFO - Dependencies all met for <TaskInstance: cdn_daily.import_vol.check_status_of_vol manual__2022-04-29T15:30:28.273551+00:00 [queued]>
[2022-04-29 15:35:41,698] {taskinstance.py:1238} INFO - 
--------------------------------------------------------------------------------
[2022-04-29 15:35:41,699] {taskinstance.py:1239} INFO - Starting attempt 1 of 2
[2022-04-29 15:35:41,700] {taskinstance.py:1240} INFO - 
--------------------------------------------------------------------------------
[2022-04-29 15:35:41,718] {taskinstance.py:1259} INFO - Executing <Task(PythonOperator): import_vol.check_status_of_vol> on 2022-04-29 15:30:28.273551+00:00
[2022-04-29 15:35:41,724] {standard_task_runner.py:52} INFO - Started process 4019 to run task
[2022-04-29 15:35:41,729] {standard_task_runner.py:76} INFO - Running: ['***', 'tasks', 'run', 'cdn_daily', 'import_vol.check_status_of_vol', 'manual__2022-04-29T15:30:28.273551+00:00', '--job-id', '1750', '--raw', '--subdir', 'DAGS_FOLDER/cdn_daily.py', '--cfg-path', '/tmp/tmp50w27i4z', '--error-file', '/tmp/tmpo1da4nox']
[2022-04-29 15:35:41,731] {standard_task_runner.py:77} INFO - Job 1750: Subtask import_vol.check_status_of_vol
[2022-04-29 15:35:41,815] {logging_mixin.py:109} INFO - Running <TaskInstance: cdn_daily.import_vol.check_status_of_vol manual__2022-04-29T15:30:28.273551+00:00 [running]> on host d5ad096ffea5
[2022-04-29 15:35:41,893] {taskinstance.py:1426} INFO - Exporting the following env vars:
AIRFLOW_CTX_DAG_EMAIL=***@example.com
AIRFLOW_CTX_DAG_OWNER=***
AIRFLOW_CTX_DAG_ID=cdn_daily
AIRFLOW_CTX_TASK_ID=import_vol.check_status_of_vol
AIRFLOW_CTX_EXECUTION_DATE=2022-04-29T15:30:28.273551+00:00
AIRFLOW_CTX_DAG_RUN_ID=manual__2022-04-29T15:30:28.273551+00:00
[2022-04-29 15:35:41,896] {logging_mixin.py:109} INFO - run_vol
[2022-04-29 15:35:41,910] {logging_mixin.py:109} INFO - None
[2022-04-29 15:35:41,922] {logging_mixin.py:109} INFO - vol.alm
[2022-04-29 15:35:41,933] {logging_mixin.py:109} INFO - 2
[2022-04-29 15:35:43,936] {python.py:175} INFO - Done. Returned value was: None
[2022-04-29 15:35:43,953] {taskinstance.py:1277} INFO - Marking task as SUCCESS. dag_id=cdn_daily, task_id=import_vol.check_status_of_vol, execution_date=20220429T153028, start_date=20220429T153541, end_date=20220429T153543
[2022-04-29 15:35:44,018] {local_task_job.py:154} INFO - Task exited with return code 0
[2022-04-29 15:35:44,063] {local_task_job.py:264} INFO - 0 downstream tasks scheduled from follow-on schedule check
