[2022-04-26 13:54:19,454] {taskinstance.py:1032} INFO - Dependencies all met for <TaskInstance: tutorial.wcccw.wcccw_get_data scheduled__2022-04-25T13:53:09.676172+00:00 [queued]>
[2022-04-26 13:54:19,501] {taskinstance.py:1032} INFO - Dependencies all met for <TaskInstance: tutorial.wcccw.wcccw_get_data scheduled__2022-04-25T13:53:09.676172+00:00 [queued]>
[2022-04-26 13:54:19,503] {taskinstance.py:1238} INFO - 
--------------------------------------------------------------------------------
[2022-04-26 13:54:19,504] {taskinstance.py:1239} INFO - Starting attempt 1 of 2
[2022-04-26 13:54:19,508] {taskinstance.py:1240} INFO - 
--------------------------------------------------------------------------------
[2022-04-26 13:54:19,539] {taskinstance.py:1259} INFO - Executing <Task(PythonOperator): wcccw.wcccw_get_data> on 2022-04-25 13:53:09.676172+00:00
[2022-04-26 13:54:19,549] {standard_task_runner.py:52} INFO - Started process 151 to run task
[2022-04-26 13:54:19,558] {standard_task_runner.py:76} INFO - Running: ['***', 'tasks', 'run', 'tutorial', 'wcccw.wcccw_get_data', 'scheduled__2022-04-25T13:53:09.676172+00:00', '--job-id', '1255', '--raw', '--subdir', 'DAGS_FOLDER/test_dag.py', '--cfg-path', '/tmp/tmpk_99ibpx', '--error-file', '/tmp/tmpqh9mmy6m']
[2022-04-26 13:54:19,560] {standard_task_runner.py:77} INFO - Job 1255: Subtask wcccw.wcccw_get_data
[2022-04-26 13:54:19,699] {logging_mixin.py:109} INFO - Running <TaskInstance: tutorial.wcccw.wcccw_get_data scheduled__2022-04-25T13:53:09.676172+00:00 [running]> on host ff48034dfdbf
[2022-04-26 13:54:19,800] {taskinstance.py:1426} INFO - Exporting the following env vars:
AIRFLOW_CTX_DAG_EMAIL=***@example.com
AIRFLOW_CTX_DAG_OWNER=***
AIRFLOW_CTX_DAG_ID=tutorial
AIRFLOW_CTX_TASK_ID=wcccw.wcccw_get_data
AIRFLOW_CTX_EXECUTION_DATE=2022-04-25T13:53:09.676172+00:00
AIRFLOW_CTX_DAG_RUN_ID=scheduled__2022-04-25T13:53:09.676172+00:00
[2022-04-26 13:55:19,820] {python.py:175} INFO - Done. Returned value was: None
[2022-04-26 13:55:19,857] {taskinstance.py:1277} INFO - Marking task as SUCCESS. dag_id=tutorial, task_id=wcccw.wcccw_get_data, execution_date=20220425T135309, start_date=20220426T135419, end_date=20220426T135519
[2022-04-26 13:55:19,937] {local_task_job.py:154} INFO - Task exited with return code 0
[2022-04-26 13:55:20,024] {local_task_job.py:264} INFO - 1 downstream tasks scheduled from follow-on schedule check
