[2022-04-28 12:29:45,277] {taskinstance.py:1032} INFO - Dependencies all met for <TaskInstance: tutorial.wcccw.wcccw_get_data scheduled__2022-04-27T12:29:40.424433+00:00 [queued]>
[2022-04-28 12:29:45,306] {taskinstance.py:1032} INFO - Dependencies all met for <TaskInstance: tutorial.wcccw.wcccw_get_data scheduled__2022-04-27T12:29:40.424433+00:00 [queued]>
[2022-04-28 12:29:45,308] {taskinstance.py:1238} INFO - 
--------------------------------------------------------------------------------
[2022-04-28 12:29:45,309] {taskinstance.py:1239} INFO - Starting attempt 1 of 2
[2022-04-28 12:29:45,311] {taskinstance.py:1240} INFO - 
--------------------------------------------------------------------------------
[2022-04-28 12:29:45,341] {taskinstance.py:1259} INFO - Executing <Task(PythonOperator): wcccw.wcccw_get_data> on 2022-04-27 12:29:40.424433+00:00
[2022-04-28 12:29:45,355] {standard_task_runner.py:52} INFO - Started process 88 to run task
[2022-04-28 12:29:45,363] {standard_task_runner.py:76} INFO - Running: ['***', 'tasks', 'run', 'tutorial', 'wcccw.wcccw_get_data', 'scheduled__2022-04-27T12:29:40.424433+00:00', '--job-id', '1366', '--raw', '--subdir', 'DAGS_FOLDER/test_dag.py', '--cfg-path', '/tmp/tmpxib6axzf', '--error-file', '/tmp/tmpf9oo1i40']
[2022-04-28 12:29:45,365] {standard_task_runner.py:77} INFO - Job 1366: Subtask wcccw.wcccw_get_data
[2022-04-28 12:29:45,479] {logging_mixin.py:109} INFO - Running <TaskInstance: tutorial.wcccw.wcccw_get_data scheduled__2022-04-27T12:29:40.424433+00:00 [running]> on host d5ad096ffea5
[2022-04-28 12:29:45,586] {taskinstance.py:1426} INFO - Exporting the following env vars:
AIRFLOW_CTX_DAG_EMAIL=***@example.com
AIRFLOW_CTX_DAG_OWNER=***
AIRFLOW_CTX_DAG_ID=tutorial
AIRFLOW_CTX_TASK_ID=wcccw.wcccw_get_data
AIRFLOW_CTX_EXECUTION_DATE=2022-04-27T12:29:40.424433+00:00
AIRFLOW_CTX_DAG_RUN_ID=scheduled__2022-04-27T12:29:40.424433+00:00
[2022-04-28 12:30:45,607] {python.py:175} INFO - Done. Returned value was: None
[2022-04-28 12:30:45,769] {taskinstance.py:1277} INFO - Marking task as SUCCESS. dag_id=tutorial, task_id=wcccw.wcccw_get_data, execution_date=20220427T122940, start_date=20220428T122945, end_date=20220428T123045
[2022-04-28 12:30:45,883] {local_task_job.py:154} INFO - Task exited with return code 0
[2022-04-28 12:30:46,010] {local_task_job.py:264} INFO - 1 downstream tasks scheduled from follow-on schedule check
