[2022-02-19 21:38:11,509] {taskinstance.py:1032} INFO - Dependencies all met for <TaskInstance: tutorial.wcccw.wcccw_proccess_data manual__2022-02-19T21:36:05.015535+00:00 [queued]>
[2022-02-19 21:38:11,535] {taskinstance.py:1032} INFO - Dependencies all met for <TaskInstance: tutorial.wcccw.wcccw_proccess_data manual__2022-02-19T21:36:05.015535+00:00 [queued]>
[2022-02-19 21:38:11,538] {taskinstance.py:1238} INFO - 
--------------------------------------------------------------------------------
[2022-02-19 21:38:11,540] {taskinstance.py:1239} INFO - Starting attempt 1 of 2
[2022-02-19 21:38:11,543] {taskinstance.py:1240} INFO - 
--------------------------------------------------------------------------------
[2022-02-19 21:38:11,563] {taskinstance.py:1259} INFO - Executing <Task(PythonOperator): wcccw.wcccw_proccess_data> on 2022-02-19 21:36:05.015535+00:00
[2022-02-19 21:38:11,580] {standard_task_runner.py:52} INFO - Started process 4737 to run task
[2022-02-19 21:38:11,590] {standard_task_runner.py:76} INFO - Running: ['***', 'tasks', 'run', 'tutorial', 'wcccw.wcccw_proccess_data', 'manual__2022-02-19T21:36:05.015535+00:00', '--job-id', '28', '--raw', '--subdir', 'DAGS_FOLDER/test_dag.py', '--cfg-path', '/tmp/tmpjv2q9jla', '--error-file', '/tmp/tmpjpzejbem']
[2022-02-19 21:38:11,592] {standard_task_runner.py:77} INFO - Job 28: Subtask wcccw.wcccw_proccess_data
[2022-02-19 21:38:11,807] {logging_mixin.py:109} INFO - Running <TaskInstance: tutorial.wcccw.wcccw_proccess_data manual__2022-02-19T21:36:05.015535+00:00 [running]> on host ff48034dfdbf
[2022-02-19 21:38:11,935] {taskinstance.py:1426} INFO - Exporting the following env vars:
AIRFLOW_CTX_DAG_EMAIL=***@example.com
AIRFLOW_CTX_DAG_OWNER=***
AIRFLOW_CTX_DAG_ID=tutorial
AIRFLOW_CTX_TASK_ID=wcccw.wcccw_proccess_data
AIRFLOW_CTX_EXECUTION_DATE=2022-02-19T21:36:05.015535+00:00
AIRFLOW_CTX_DAG_RUN_ID=manual__2022-02-19T21:36:05.015535+00:00
[2022-02-19 21:39:11,925] {python.py:175} INFO - Done. Returned value was: None
[2022-02-19 21:39:11,941] {taskinstance.py:1277} INFO - Marking task as SUCCESS. dag_id=tutorial, task_id=wcccw.wcccw_proccess_data, execution_date=20220219T213605, start_date=20220219T213811, end_date=20220219T213911
[2022-02-19 21:39:12,002] {local_task_job.py:154} INFO - Task exited with return code 0
[2022-02-19 21:39:12,048] {local_task_job.py:264} INFO - 1 downstream tasks scheduled from follow-on schedule check
