[2022-04-28 15:37:19,728] {taskinstance.py:1032} INFO - Dependencies all met for <TaskInstance: cdn_daily.import_bsre.run_bsre.alm manual__2022-04-28T15:37:16.597016+00:00 [queued]>
[2022-04-28 15:37:19,747] {taskinstance.py:1032} INFO - Dependencies all met for <TaskInstance: cdn_daily.import_bsre.run_bsre.alm manual__2022-04-28T15:37:16.597016+00:00 [queued]>
[2022-04-28 15:37:19,749] {taskinstance.py:1238} INFO - 
--------------------------------------------------------------------------------
[2022-04-28 15:37:19,750] {taskinstance.py:1239} INFO - Starting attempt 1 of 2
[2022-04-28 15:37:19,752] {taskinstance.py:1240} INFO - 
--------------------------------------------------------------------------------
[2022-04-28 15:37:19,771] {taskinstance.py:1259} INFO - Executing <Task(PythonOperator): import_bsre.run_bsre.alm> on 2022-04-28 15:37:16.597016+00:00
[2022-04-28 15:37:19,778] {standard_task_runner.py:52} INFO - Started process 1748 to run task
[2022-04-28 15:37:19,784] {standard_task_runner.py:76} INFO - Running: ['***', 'tasks', 'run', 'cdn_daily', 'import_bsre.run_bsre.alm', 'manual__2022-04-28T15:37:16.597016+00:00', '--job-id', '1444', '--raw', '--subdir', 'DAGS_FOLDER/cdn_daily.py', '--cfg-path', '/tmp/tmpygq83n3r', '--error-file', '/tmp/tmpiqno7gq2']
[2022-04-28 15:37:19,786] {standard_task_runner.py:77} INFO - Job 1444: Subtask import_bsre.run_bsre.alm
[2022-04-28 15:37:19,871] {logging_mixin.py:109} INFO - Running <TaskInstance: cdn_daily.import_bsre.run_bsre.alm manual__2022-04-28T15:37:16.597016+00:00 [running]> on host d5ad096ffea5
[2022-04-28 15:37:19,962] {taskinstance.py:1426} INFO - Exporting the following env vars:
AIRFLOW_CTX_DAG_EMAIL=***@example.com
AIRFLOW_CTX_DAG_OWNER=***
AIRFLOW_CTX_DAG_ID=cdn_daily
AIRFLOW_CTX_TASK_ID=import_bsre.run_bsre.alm
AIRFLOW_CTX_EXECUTION_DATE=2022-04-28T15:37:16.597016+00:00
AIRFLOW_CTX_DAG_RUN_ID=manual__2022-04-28T15:37:16.597016+00:00
[2022-04-28 15:37:19,998] {python.py:175} INFO - Done. Returned value was: None
[2022-04-28 15:37:20,029] {taskinstance.py:1277} INFO - Marking task as SUCCESS. dag_id=cdn_daily, task_id=import_bsre.run_bsre.alm, execution_date=20220428T153716, start_date=20220428T153719, end_date=20220428T153720
[2022-04-28 15:37:20,081] {local_task_job.py:154} INFO - Task exited with return code 0
[2022-04-28 15:37:20,144] {local_task_job.py:264} INFO - 1 downstream tasks scheduled from follow-on schedule check
