[2022-03-28 12:50:21,877] {taskinstance.py:1032} INFO - Dependencies all met for <TaskInstance: tutorial.wcccw.wcccw_proccess_data scheduled__2022-03-15T12:05:20.517459+00:00 [queued]>
[2022-03-28 12:50:21,922] {taskinstance.py:1032} INFO - Dependencies all met for <TaskInstance: tutorial.wcccw.wcccw_proccess_data scheduled__2022-03-15T12:05:20.517459+00:00 [queued]>
[2022-03-28 12:50:21,926] {taskinstance.py:1238} INFO - 
--------------------------------------------------------------------------------
[2022-03-28 12:50:21,929] {taskinstance.py:1239} INFO - Starting attempt 1 of 2
[2022-03-28 12:50:21,932] {taskinstance.py:1240} INFO - 
--------------------------------------------------------------------------------
[2022-03-28 12:50:21,990] {taskinstance.py:1259} INFO - Executing <Task(PythonOperator): wcccw.wcccw_proccess_data> on 2022-03-15 12:05:20.517459+00:00
[2022-03-28 12:50:22,003] {standard_task_runner.py:52} INFO - Started process 209 to run task
[2022-03-28 12:50:22,014] {standard_task_runner.py:76} INFO - Running: ['***', 'tasks', 'run', 'tutorial', 'wcccw.wcccw_proccess_data', 'scheduled__2022-03-15T12:05:20.517459+00:00', '--job-id', '974', '--raw', '--subdir', 'DAGS_FOLDER/test_dag.py', '--cfg-path', '/tmp/tmpmxfuljh2', '--error-file', '/tmp/tmpfrwjbf2t']
[2022-03-28 12:50:22,016] {standard_task_runner.py:77} INFO - Job 974: Subtask wcccw.wcccw_proccess_data
[2022-03-28 12:50:22,184] {logging_mixin.py:109} INFO - Running <TaskInstance: tutorial.wcccw.wcccw_proccess_data scheduled__2022-03-15T12:05:20.517459+00:00 [running]> on host ff48034dfdbf
[2022-03-28 12:50:22,310] {taskinstance.py:1426} INFO - Exporting the following env vars:
AIRFLOW_CTX_DAG_EMAIL=***@example.com
AIRFLOW_CTX_DAG_OWNER=***
AIRFLOW_CTX_DAG_ID=tutorial
AIRFLOW_CTX_TASK_ID=wcccw.wcccw_proccess_data
AIRFLOW_CTX_EXECUTION_DATE=2022-03-15T12:05:20.517459+00:00
AIRFLOW_CTX_DAG_RUN_ID=scheduled__2022-03-15T12:05:20.517459+00:00
[2022-03-28 12:51:22,291] {python.py:175} INFO - Done. Returned value was: None
[2022-03-28 12:51:22,336] {taskinstance.py:1277} INFO - Marking task as SUCCESS. dag_id=tutorial, task_id=wcccw.wcccw_proccess_data, execution_date=20220315T120520, start_date=20220328T125021, end_date=20220328T125122
[2022-03-28 12:51:22,392] {local_task_job.py:154} INFO - Task exited with return code 0
[2022-03-28 12:51:22,490] {local_task_job.py:264} INFO - 1 downstream tasks scheduled from follow-on schedule check
