[2022-04-30 15:46:21,110] {taskinstance.py:1032} INFO - Dependencies all met for <TaskInstance: cdn_daily.run_cat.ctr manual__2022-04-30T15:46:12.555314+00:00 [queued]>
[2022-04-30 15:46:21,130] {taskinstance.py:1032} INFO - Dependencies all met for <TaskInstance: cdn_daily.run_cat.ctr manual__2022-04-30T15:46:12.555314+00:00 [queued]>
[2022-04-30 15:46:21,132] {taskinstance.py:1238} INFO - 
--------------------------------------------------------------------------------
[2022-04-30 15:46:21,133] {taskinstance.py:1239} INFO - Starting attempt 1 of 2
[2022-04-30 15:46:21,134] {taskinstance.py:1240} INFO - 
--------------------------------------------------------------------------------
[2022-04-30 15:46:21,153] {taskinstance.py:1259} INFO - Executing <Task(PythonOperator): run_cat.ctr> on 2022-04-30 15:46:12.555314+00:00
[2022-04-30 15:46:21,160] {standard_task_runner.py:52} INFO - Started process 2415 to run task
[2022-04-30 15:46:21,165] {standard_task_runner.py:76} INFO - Running: ['***', 'tasks', 'run', 'cdn_daily', 'run_cat.ctr', 'manual__2022-04-30T15:46:12.555314+00:00', '--job-id', '1835', '--raw', '--subdir', 'DAGS_FOLDER/cdn_daily.py', '--cfg-path', '/tmp/tmp_p_icr53', '--error-file', '/tmp/tmpuzu162ht']
[2022-04-30 15:46:21,167] {standard_task_runner.py:77} INFO - Job 1835: Subtask run_cat.ctr
[2022-04-30 15:46:21,283] {logging_mixin.py:109} INFO - Running <TaskInstance: cdn_daily.run_cat.ctr manual__2022-04-30T15:46:12.555314+00:00 [running]> on host d5ad096ffea5
[2022-04-30 15:46:21,371] {taskinstance.py:1426} INFO - Exporting the following env vars:
AIRFLOW_CTX_DAG_EMAIL=***@example.com
AIRFLOW_CTX_DAG_OWNER=***
AIRFLOW_CTX_DAG_ID=cdn_daily
AIRFLOW_CTX_TASK_ID=run_cat.ctr
AIRFLOW_CTX_EXECUTION_DATE=2022-04-30T15:46:12.555314+00:00
AIRFLOW_CTX_DAG_RUN_ID=manual__2022-04-30T15:46:12.555314+00:00
[2022-04-30 15:46:21,400] {python.py:175} INFO - Done. Returned value was: None
[2022-04-30 15:46:21,419] {taskinstance.py:1277} INFO - Marking task as SUCCESS. dag_id=cdn_daily, task_id=run_cat.ctr, execution_date=20220430T154612, start_date=20220430T154621, end_date=20220430T154621
[2022-04-30 15:46:21,461] {local_task_job.py:154} INFO - Task exited with return code 0
[2022-04-30 15:46:21,529] {local_task_job.py:264} INFO - 1 downstream tasks scheduled from follow-on schedule check
