[2022-03-14 12:03:19,343] {taskinstance.py:1032} INFO - Dependencies all met for <TaskInstance: tutorial.bsre.bsre_print_proccesed_data scheduled__2022-03-09T18:13:06.710203+00:00 [queued]>
[2022-03-14 12:03:19,369] {taskinstance.py:1032} INFO - Dependencies all met for <TaskInstance: tutorial.bsre.bsre_print_proccesed_data scheduled__2022-03-09T18:13:06.710203+00:00 [queued]>
[2022-03-14 12:03:19,371] {taskinstance.py:1238} INFO - 
--------------------------------------------------------------------------------
[2022-03-14 12:03:19,372] {taskinstance.py:1239} INFO - Starting attempt 1 of 2
[2022-03-14 12:03:19,373] {taskinstance.py:1240} INFO - 
--------------------------------------------------------------------------------
[2022-03-14 12:03:19,397] {taskinstance.py:1259} INFO - Executing <Task(PythonOperator): bsre.bsre_print_proccesed_data> on 2022-03-09 18:13:06.710203+00:00
[2022-03-14 12:03:19,405] {standard_task_runner.py:52} INFO - Started process 764 to run task
[2022-03-14 12:03:19,411] {standard_task_runner.py:76} INFO - Running: ['***', 'tasks', 'run', 'tutorial', 'bsre.bsre_print_proccesed_data', 'scheduled__2022-03-09T18:13:06.710203+00:00', '--job-id', '802', '--raw', '--subdir', 'DAGS_FOLDER/test_dag.py', '--cfg-path', '/tmp/tmpyact87ar', '--error-file', '/tmp/tmpfofwd782']
[2022-03-14 12:03:19,413] {standard_task_runner.py:77} INFO - Job 802: Subtask bsre.bsre_print_proccesed_data
[2022-03-14 12:03:19,523] {logging_mixin.py:109} INFO - Running <TaskInstance: tutorial.bsre.bsre_print_proccesed_data scheduled__2022-03-09T18:13:06.710203+00:00 [running]> on host ff48034dfdbf
[2022-03-14 12:03:19,593] {taskinstance.py:1426} INFO - Exporting the following env vars:
AIRFLOW_CTX_DAG_EMAIL=***@example.com
AIRFLOW_CTX_DAG_OWNER=***
AIRFLOW_CTX_DAG_ID=tutorial
AIRFLOW_CTX_TASK_ID=bsre.bsre_print_proccesed_data
AIRFLOW_CTX_EXECUTION_DATE=2022-03-09T18:13:06.710203+00:00
AIRFLOW_CTX_DAG_RUN_ID=scheduled__2022-03-09T18:13:06.710203+00:00
[2022-03-14 12:04:19,613] {python.py:175} INFO - Done. Returned value was: None
[2022-03-14 12:04:19,926] {taskinstance.py:1277} INFO - Marking task as SUCCESS. dag_id=tutorial, task_id=bsre.bsre_print_proccesed_data, execution_date=20220309T181306, start_date=20220314T120319, end_date=20220314T120419
[2022-03-14 12:04:20,008] {local_task_job.py:154} INFO - Task exited with return code 0
[2022-03-14 12:04:20,086] {local_task_job.py:264} INFO - 0 downstream tasks scheduled from follow-on schedule check
