[2022-03-14 11:56:08,646] {taskinstance.py:1032} INFO - Dependencies all met for <TaskInstance: tutorial.pre.pre_proccess_data scheduled__2022-03-08T18:13:06.710203+00:00 [queued]>
[2022-03-14 11:56:08,664] {taskinstance.py:1032} INFO - Dependencies all met for <TaskInstance: tutorial.pre.pre_proccess_data scheduled__2022-03-08T18:13:06.710203+00:00 [queued]>
[2022-03-14 11:56:08,665] {taskinstance.py:1238} INFO - 
--------------------------------------------------------------------------------
[2022-03-14 11:56:08,666] {taskinstance.py:1239} INFO - Starting attempt 1 of 2
[2022-03-14 11:56:08,667] {taskinstance.py:1240} INFO - 
--------------------------------------------------------------------------------
[2022-03-14 11:56:08,692] {taskinstance.py:1259} INFO - Executing <Task(PythonOperator): pre.pre_proccess_data> on 2022-03-08 18:13:06.710203+00:00
[2022-03-14 11:56:08,700] {standard_task_runner.py:52} INFO - Started process 343 to run task
[2022-03-14 11:56:08,707] {standard_task_runner.py:76} INFO - Running: ['***', 'tasks', 'run', 'tutorial', 'pre.pre_proccess_data', 'scheduled__2022-03-08T18:13:06.710203+00:00', '--job-id', '732', '--raw', '--subdir', 'DAGS_FOLDER/test_dag.py', '--cfg-path', '/tmp/tmp4a6wrxy7', '--error-file', '/tmp/tmpdwpcrecf']
[2022-03-14 11:56:08,709] {standard_task_runner.py:77} INFO - Job 732: Subtask pre.pre_proccess_data
[2022-03-14 11:56:08,825] {logging_mixin.py:109} INFO - Running <TaskInstance: tutorial.pre.pre_proccess_data scheduled__2022-03-08T18:13:06.710203+00:00 [running]> on host ff48034dfdbf
[2022-03-14 11:56:08,897] {taskinstance.py:1426} INFO - Exporting the following env vars:
AIRFLOW_CTX_DAG_EMAIL=***@example.com
AIRFLOW_CTX_DAG_OWNER=***
AIRFLOW_CTX_DAG_ID=tutorial
AIRFLOW_CTX_TASK_ID=pre.pre_proccess_data
AIRFLOW_CTX_EXECUTION_DATE=2022-03-08T18:13:06.710203+00:00
AIRFLOW_CTX_DAG_RUN_ID=scheduled__2022-03-08T18:13:06.710203+00:00
[2022-03-14 11:57:08,886] {python.py:175} INFO - Done. Returned value was: None
[2022-03-14 11:57:08,918] {taskinstance.py:1277} INFO - Marking task as SUCCESS. dag_id=tutorial, task_id=pre.pre_proccess_data, execution_date=20220308T181306, start_date=20220314T115608, end_date=20220314T115708
[2022-03-14 11:57:08,964] {local_task_job.py:154} INFO - Task exited with return code 0
[2022-03-14 11:57:09,072] {local_task_job.py:264} INFO - 1 downstream tasks scheduled from follow-on schedule check
