[2022-04-29 13:27:33,430] {taskinstance.py:1032} INFO - Dependencies all met for <TaskInstance: tutorial.hfghfg.hfghfg_proccess_data scheduled__2022-04-28T12:29:40.424433+00:00 [queued]>
[2022-04-29 13:27:33,614] {taskinstance.py:1032} INFO - Dependencies all met for <TaskInstance: tutorial.hfghfg.hfghfg_proccess_data scheduled__2022-04-28T12:29:40.424433+00:00 [queued]>
[2022-04-29 13:27:33,618] {taskinstance.py:1238} INFO - 
--------------------------------------------------------------------------------
[2022-04-29 13:27:33,619] {taskinstance.py:1239} INFO - Starting attempt 1 of 2
[2022-04-29 13:27:33,623] {taskinstance.py:1240} INFO - 
--------------------------------------------------------------------------------
[2022-04-29 13:27:33,712] {taskinstance.py:1259} INFO - Executing <Task(PythonOperator): hfghfg.hfghfg_proccess_data> on 2022-04-28 12:29:40.424433+00:00
[2022-04-29 13:27:33,725] {standard_task_runner.py:52} INFO - Started process 224 to run task
[2022-04-29 13:27:33,753] {standard_task_runner.py:76} INFO - Running: ['***', 'tasks', 'run', 'tutorial', 'hfghfg.hfghfg_proccess_data', 'scheduled__2022-04-28T12:29:40.424433+00:00', '--job-id', '1582', '--raw', '--subdir', 'DAGS_FOLDER/test_dag.py', '--cfg-path', '/tmp/tmpoi7qarld', '--error-file', '/tmp/tmpkg6evysm']
[2022-04-29 13:27:33,755] {standard_task_runner.py:77} INFO - Job 1582: Subtask hfghfg.hfghfg_proccess_data
[2022-04-29 13:27:34,114] {logging_mixin.py:109} INFO - Running <TaskInstance: tutorial.hfghfg.hfghfg_proccess_data scheduled__2022-04-28T12:29:40.424433+00:00 [running]> on host d5ad096ffea5
[2022-04-29 13:27:34,419] {taskinstance.py:1426} INFO - Exporting the following env vars:
AIRFLOW_CTX_DAG_EMAIL=***@example.com
AIRFLOW_CTX_DAG_OWNER=***
AIRFLOW_CTX_DAG_ID=tutorial
AIRFLOW_CTX_TASK_ID=hfghfg.hfghfg_proccess_data
AIRFLOW_CTX_EXECUTION_DATE=2022-04-28T12:29:40.424433+00:00
AIRFLOW_CTX_DAG_RUN_ID=scheduled__2022-04-28T12:29:40.424433+00:00
[2022-04-29 13:28:34,419] {python.py:175} INFO - Done. Returned value was: None
[2022-04-29 13:28:34,489] {taskinstance.py:1277} INFO - Marking task as SUCCESS. dag_id=tutorial, task_id=hfghfg.hfghfg_proccess_data, execution_date=20220428T122940, start_date=20220429T132733, end_date=20220429T132834
[2022-04-29 13:28:34,649] {local_task_job.py:154} INFO - Task exited with return code 0
[2022-04-29 13:28:34,875] {local_task_job.py:264} INFO - 1 downstream tasks scheduled from follow-on schedule check
