[2022-04-23 14:17:38,224] {taskinstance.py:1032} INFO - Dependencies all met for <TaskInstance: tutorial.gdgfg.gdgfg_get_data scheduled__2022-04-22T14:16:25.734382+00:00 [queued]>
[2022-04-23 14:17:38,249] {taskinstance.py:1032} INFO - Dependencies all met for <TaskInstance: tutorial.gdgfg.gdgfg_get_data scheduled__2022-04-22T14:16:25.734382+00:00 [queued]>
[2022-04-23 14:17:38,250] {taskinstance.py:1238} INFO - 
--------------------------------------------------------------------------------
[2022-04-23 14:17:38,251] {taskinstance.py:1239} INFO - Starting attempt 1 of 2
[2022-04-23 14:17:38,252] {taskinstance.py:1240} INFO - 
--------------------------------------------------------------------------------
[2022-04-23 14:17:38,279] {taskinstance.py:1259} INFO - Executing <Task(PythonOperator): gdgfg.gdgfg_get_data> on 2022-04-22 14:16:25.734382+00:00
[2022-04-23 14:17:38,287] {standard_task_runner.py:52} INFO - Started process 156 to run task
[2022-04-23 14:17:38,294] {standard_task_runner.py:76} INFO - Running: ['***', 'tasks', 'run', 'tutorial', 'gdgfg.gdgfg_get_data', 'scheduled__2022-04-22T14:16:25.734382+00:00', '--job-id', '1111', '--raw', '--subdir', 'DAGS_FOLDER/test_dag.py', '--cfg-path', '/tmp/tmpcg_pmqv1', '--error-file', '/tmp/tmpwp4qlju_']
[2022-04-23 14:17:38,296] {standard_task_runner.py:77} INFO - Job 1111: Subtask gdgfg.gdgfg_get_data
[2022-04-23 14:17:38,413] {logging_mixin.py:109} INFO - Running <TaskInstance: tutorial.gdgfg.gdgfg_get_data scheduled__2022-04-22T14:16:25.734382+00:00 [running]> on host ff48034dfdbf
[2022-04-23 14:17:38,514] {taskinstance.py:1426} INFO - Exporting the following env vars:
AIRFLOW_CTX_DAG_EMAIL=***@example.com
AIRFLOW_CTX_DAG_OWNER=***
AIRFLOW_CTX_DAG_ID=tutorial
AIRFLOW_CTX_TASK_ID=gdgfg.gdgfg_get_data
AIRFLOW_CTX_EXECUTION_DATE=2022-04-22T14:16:25.734382+00:00
AIRFLOW_CTX_DAG_RUN_ID=scheduled__2022-04-22T14:16:25.734382+00:00
[2022-04-23 14:18:38,535] {python.py:175} INFO - Done. Returned value was: None
[2022-04-23 14:18:38,656] {taskinstance.py:1277} INFO - Marking task as SUCCESS. dag_id=tutorial, task_id=gdgfg.gdgfg_get_data, execution_date=20220422T141625, start_date=20220423T141738, end_date=20220423T141838
[2022-04-23 14:18:38,712] {local_task_job.py:154} INFO - Task exited with return code 0
[2022-04-23 14:18:38,794] {local_task_job.py:264} INFO - 1 downstream tasks scheduled from follow-on schedule check
