[2022-02-27 21:51:19,929] {taskinstance.py:1032} INFO - Dependencies all met for <TaskInstance: tutorial.bsre.bsre_get_data scheduled__2022-02-26T21:51:17.549420+00:00 [queued]>
[2022-02-27 21:51:19,969] {taskinstance.py:1032} INFO - Dependencies all met for <TaskInstance: tutorial.bsre.bsre_get_data scheduled__2022-02-26T21:51:17.549420+00:00 [queued]>
[2022-02-27 21:51:19,973] {taskinstance.py:1238} INFO - 
--------------------------------------------------------------------------------
[2022-02-27 21:51:19,975] {taskinstance.py:1239} INFO - Starting attempt 1 of 2
[2022-02-27 21:51:19,986] {taskinstance.py:1240} INFO - 
--------------------------------------------------------------------------------
[2022-02-27 21:51:20,076] {taskinstance.py:1259} INFO - Executing <Task(PythonOperator): bsre.bsre_get_data> on 2022-02-26 21:51:17.549420+00:00
[2022-02-27 21:51:20,097] {standard_task_runner.py:76} INFO - Running: ['***', 'tasks', 'run', 'tutorial', 'bsre.bsre_get_data', 'scheduled__2022-02-26T21:51:17.549420+00:00', '--job-id', '327', '--raw', '--subdir', 'DAGS_FOLDER/test_dag.py', '--cfg-path', '/tmp/tmpzq99_h5o', '--error-file', '/tmp/tmpftf_dsom']
[2022-02-27 21:51:20,100] {standard_task_runner.py:77} INFO - Job 327: Subtask bsre.bsre_get_data
[2022-02-27 21:51:20,089] {standard_task_runner.py:52} INFO - Started process 9796 to run task
[2022-02-27 21:51:20,646] {logging_mixin.py:109} INFO - Running <TaskInstance: tutorial.bsre.bsre_get_data scheduled__2022-02-26T21:51:17.549420+00:00 [running]> on host ff48034dfdbf
[2022-02-27 21:51:20,816] {taskinstance.py:1426} INFO - Exporting the following env vars:
AIRFLOW_CTX_DAG_EMAIL=***@example.com
AIRFLOW_CTX_DAG_OWNER=***
AIRFLOW_CTX_DAG_ID=tutorial
AIRFLOW_CTX_TASK_ID=bsre.bsre_get_data
AIRFLOW_CTX_EXECUTION_DATE=2022-02-26T21:51:17.549420+00:00
AIRFLOW_CTX_DAG_RUN_ID=scheduled__2022-02-26T21:51:17.549420+00:00
[2022-02-27 21:52:20,783] {python.py:175} INFO - Done. Returned value was: None
[2022-02-27 21:52:20,998] {taskinstance.py:1277} INFO - Marking task as SUCCESS. dag_id=tutorial, task_id=bsre.bsre_get_data, execution_date=20220226T215117, start_date=20220227T215119, end_date=20220227T215220
[2022-02-27 21:52:21,067] {local_task_job.py:154} INFO - Task exited with return code 0
[2022-02-27 21:52:21,196] {local_task_job.py:264} INFO - 1 downstream tasks scheduled from follow-on schedule check
