[2022-03-05 10:32:57,110] {taskinstance.py:1032} INFO - Dependencies all met for <TaskInstance: tutorial.jghjg.jghjg_print_proccesed_data scheduled__2022-03-04T10:29:52.784989+00:00 [queued]>
[2022-03-05 10:32:57,127] {taskinstance.py:1032} INFO - Dependencies all met for <TaskInstance: tutorial.jghjg.jghjg_print_proccesed_data scheduled__2022-03-04T10:29:52.784989+00:00 [queued]>
[2022-03-05 10:32:57,128] {taskinstance.py:1238} INFO - 
--------------------------------------------------------------------------------
[2022-03-05 10:32:57,129] {taskinstance.py:1239} INFO - Starting attempt 1 of 2
[2022-03-05 10:32:57,129] {taskinstance.py:1240} INFO - 
--------------------------------------------------------------------------------
[2022-03-05 10:32:57,143] {taskinstance.py:1259} INFO - Executing <Task(PythonOperator): jghjg.jghjg_print_proccesed_data> on 2022-03-04 10:29:52.784989+00:00
[2022-03-05 10:32:57,148] {standard_task_runner.py:52} INFO - Started process 666 to run task
[2022-03-05 10:32:57,153] {standard_task_runner.py:76} INFO - Running: ['***', 'tasks', 'run', 'tutorial', 'jghjg.jghjg_print_proccesed_data', 'scheduled__2022-03-04T10:29:52.784989+00:00', '--job-id', '574', '--raw', '--subdir', 'DAGS_FOLDER/test_dag.py', '--cfg-path', '/tmp/tmpexxuqfg1', '--error-file', '/tmp/tmpq4qnpmo4']
[2022-03-05 10:32:57,155] {standard_task_runner.py:77} INFO - Job 574: Subtask jghjg.jghjg_print_proccesed_data
[2022-03-05 10:32:57,228] {logging_mixin.py:109} INFO - Running <TaskInstance: tutorial.jghjg.jghjg_print_proccesed_data scheduled__2022-03-04T10:29:52.784989+00:00 [running]> on host ff48034dfdbf
[2022-03-05 10:32:57,295] {taskinstance.py:1426} INFO - Exporting the following env vars:
AIRFLOW_CTX_DAG_EMAIL=***@example.com
AIRFLOW_CTX_DAG_OWNER=***
AIRFLOW_CTX_DAG_ID=tutorial
AIRFLOW_CTX_TASK_ID=jghjg.jghjg_print_proccesed_data
AIRFLOW_CTX_EXECUTION_DATE=2022-03-04T10:29:52.784989+00:00
AIRFLOW_CTX_DAG_RUN_ID=scheduled__2022-03-04T10:29:52.784989+00:00
[2022-03-05 10:33:57,314] {python.py:175} INFO - Done. Returned value was: None
[2022-03-05 10:33:57,343] {taskinstance.py:1277} INFO - Marking task as SUCCESS. dag_id=tutorial, task_id=jghjg.jghjg_print_proccesed_data, execution_date=20220304T102952, start_date=20220305T103257, end_date=20220305T103357
[2022-03-05 10:33:57,418] {local_task_job.py:154} INFO - Task exited with return code 0
[2022-03-05 10:33:57,475] {local_task_job.py:264} INFO - 0 downstream tasks scheduled from follow-on schedule check
