[2022-03-15 16:41:37,038] {taskinstance.py:1032} INFO - Dependencies all met for <TaskInstance: tutorial.gdgfg.gdgfg_proccess_data scheduled__2022-03-14T12:05:20.517459+00:00 [queued]>
[2022-03-15 16:41:37,092] {taskinstance.py:1032} INFO - Dependencies all met for <TaskInstance: tutorial.gdgfg.gdgfg_proccess_data scheduled__2022-03-14T12:05:20.517459+00:00 [queued]>
[2022-03-15 16:41:37,101] {taskinstance.py:1238} INFO - 
--------------------------------------------------------------------------------
[2022-03-15 16:41:37,104] {taskinstance.py:1239} INFO - Starting attempt 1 of 2
[2022-03-15 16:41:37,112] {taskinstance.py:1240} INFO - 
--------------------------------------------------------------------------------
[2022-03-15 16:41:37,144] {taskinstance.py:1259} INFO - Executing <Task(PythonOperator): gdgfg.gdgfg_proccess_data> on 2022-03-14 12:05:20.517459+00:00
[2022-03-15 16:41:37,156] {standard_task_runner.py:52} INFO - Started process 152 to run task
[2022-03-15 16:41:37,164] {standard_task_runner.py:76} INFO - Running: ['***', 'tasks', 'run', 'tutorial', 'gdgfg.gdgfg_proccess_data', 'scheduled__2022-03-14T12:05:20.517459+00:00', '--job-id', '926', '--raw', '--subdir', 'DAGS_FOLDER/test_dag.py', '--cfg-path', '/tmp/tmp_4kv2s6p', '--error-file', '/tmp/tmp0zkh744r']
[2022-03-15 16:41:37,166] {standard_task_runner.py:77} INFO - Job 926: Subtask gdgfg.gdgfg_proccess_data
[2022-03-15 16:41:37,302] {logging_mixin.py:109} INFO - Running <TaskInstance: tutorial.gdgfg.gdgfg_proccess_data scheduled__2022-03-14T12:05:20.517459+00:00 [running]> on host ff48034dfdbf
[2022-03-15 16:41:37,419] {taskinstance.py:1426} INFO - Exporting the following env vars:
AIRFLOW_CTX_DAG_EMAIL=***@example.com
AIRFLOW_CTX_DAG_OWNER=***
AIRFLOW_CTX_DAG_ID=tutorial
AIRFLOW_CTX_TASK_ID=gdgfg.gdgfg_proccess_data
AIRFLOW_CTX_EXECUTION_DATE=2022-03-14T12:05:20.517459+00:00
AIRFLOW_CTX_DAG_RUN_ID=scheduled__2022-03-14T12:05:20.517459+00:00
[2022-03-15 16:42:37,440] {python.py:175} INFO - Done. Returned value was: None
[2022-03-15 16:42:37,568] {taskinstance.py:1277} INFO - Marking task as SUCCESS. dag_id=tutorial, task_id=gdgfg.gdgfg_proccess_data, execution_date=20220314T120520, start_date=20220315T164137, end_date=20220315T164237
[2022-03-15 16:42:37,669] {local_task_job.py:154} INFO - Task exited with return code 0
[2022-03-15 16:42:37,833] {local_task_job.py:264} INFO - 1 downstream tasks scheduled from follow-on schedule check
