[2022-03-14 12:10:21,434] {taskinstance.py:1032} INFO - Dependencies all met for <TaskInstance: tutorial.pre.pre_print_proccesed_data scheduled__2022-03-13T11:51:30.016366+00:00 [queued]>
[2022-03-14 12:10:21,462] {taskinstance.py:1032} INFO - Dependencies all met for <TaskInstance: tutorial.pre.pre_print_proccesed_data scheduled__2022-03-13T11:51:30.016366+00:00 [queued]>
[2022-03-14 12:10:21,463] {taskinstance.py:1238} INFO - 
--------------------------------------------------------------------------------
[2022-03-14 12:10:21,465] {taskinstance.py:1239} INFO - Starting attempt 1 of 2
[2022-03-14 12:10:21,466] {taskinstance.py:1240} INFO - 
--------------------------------------------------------------------------------
[2022-03-14 12:10:21,497] {taskinstance.py:1259} INFO - Executing <Task(PythonOperator): pre.pre_print_proccesed_data> on 2022-03-13 11:51:30.016366+00:00
[2022-03-14 12:10:21,505] {standard_task_runner.py:52} INFO - Started process 1163 to run task
[2022-03-14 12:10:21,510] {standard_task_runner.py:76} INFO - Running: ['***', 'tasks', 'run', 'tutorial', 'pre.pre_print_proccesed_data', 'scheduled__2022-03-13T11:51:30.016366+00:00', '--job-id', '865', '--raw', '--subdir', 'DAGS_FOLDER/test_dag.py', '--cfg-path', '/tmp/tmp762ehl76', '--error-file', '/tmp/tmp0_0xvips']
[2022-03-14 12:10:21,512] {standard_task_runner.py:77} INFO - Job 865: Subtask pre.pre_print_proccesed_data
[2022-03-14 12:10:21,599] {logging_mixin.py:109} INFO - Running <TaskInstance: tutorial.pre.pre_print_proccesed_data scheduled__2022-03-13T11:51:30.016366+00:00 [running]> on host ff48034dfdbf
[2022-03-14 12:10:21,666] {taskinstance.py:1426} INFO - Exporting the following env vars:
AIRFLOW_CTX_DAG_EMAIL=***@example.com
AIRFLOW_CTX_DAG_OWNER=***
AIRFLOW_CTX_DAG_ID=tutorial
AIRFLOW_CTX_TASK_ID=pre.pre_print_proccesed_data
AIRFLOW_CTX_EXECUTION_DATE=2022-03-13T11:51:30.016366+00:00
AIRFLOW_CTX_DAG_RUN_ID=scheduled__2022-03-13T11:51:30.016366+00:00
[2022-03-14 12:11:21,685] {python.py:175} INFO - Done. Returned value was: None
[2022-03-14 12:11:21,701] {taskinstance.py:1277} INFO - Marking task as SUCCESS. dag_id=tutorial, task_id=pre.pre_print_proccesed_data, execution_date=20220313T115130, start_date=20220314T121021, end_date=20220314T121121
[2022-03-14 12:11:21,742] {local_task_job.py:154} INFO - Task exited with return code 0
[2022-03-14 12:11:21,778] {local_task_job.py:264} INFO - 0 downstream tasks scheduled from follow-on schedule check
