[2022-03-02 21:52:24,099] {taskinstance.py:1032} INFO - Dependencies all met for <TaskInstance: tutorial.pre.pre_proccess_data scheduled__2022-03-01T21:51:17.549420+00:00 [queued]>
[2022-03-02 21:52:24,186] {taskinstance.py:1032} INFO - Dependencies all met for <TaskInstance: tutorial.pre.pre_proccess_data scheduled__2022-03-01T21:51:17.549420+00:00 [queued]>
[2022-03-02 21:52:24,188] {taskinstance.py:1238} INFO - 
--------------------------------------------------------------------------------
[2022-03-02 21:52:24,191] {taskinstance.py:1239} INFO - Starting attempt 1 of 2
[2022-03-02 21:52:24,193] {taskinstance.py:1240} INFO - 
--------------------------------------------------------------------------------
[2022-03-02 21:52:24,226] {taskinstance.py:1259} INFO - Executing <Task(PythonOperator): pre.pre_proccess_data> on 2022-03-01 21:51:17.549420+00:00
[2022-03-02 21:52:24,235] {standard_task_runner.py:52} INFO - Started process 15231 to run task
[2022-03-02 21:52:24,242] {standard_task_runner.py:76} INFO - Running: ['***', 'tasks', 'run', 'tutorial', 'pre.pre_proccess_data', 'scheduled__2022-03-01T21:51:17.549420+00:00', '--job-id', '454', '--raw', '--subdir', 'DAGS_FOLDER/test_dag.py', '--cfg-path', '/tmp/tmpkjvwdbok', '--error-file', '/tmp/tmpyva3rtks']
[2022-03-02 21:52:24,244] {standard_task_runner.py:77} INFO - Job 454: Subtask pre.pre_proccess_data
[2022-03-02 21:52:24,360] {logging_mixin.py:109} INFO - Running <TaskInstance: tutorial.pre.pre_proccess_data scheduled__2022-03-01T21:51:17.549420+00:00 [running]> on host ff48034dfdbf
[2022-03-02 21:52:24,474] {taskinstance.py:1426} INFO - Exporting the following env vars:
AIRFLOW_CTX_DAG_EMAIL=***@example.com
AIRFLOW_CTX_DAG_OWNER=***
AIRFLOW_CTX_DAG_ID=tutorial
AIRFLOW_CTX_TASK_ID=pre.pre_proccess_data
AIRFLOW_CTX_EXECUTION_DATE=2022-03-01T21:51:17.549420+00:00
AIRFLOW_CTX_DAG_RUN_ID=scheduled__2022-03-01T21:51:17.549420+00:00
[2022-03-02 21:53:24,468] {python.py:175} INFO - Done. Returned value was: None
[2022-03-02 21:53:24,502] {taskinstance.py:1277} INFO - Marking task as SUCCESS. dag_id=tutorial, task_id=pre.pre_proccess_data, execution_date=20220301T215117, start_date=20220302T215224, end_date=20220302T215324
[2022-03-02 21:53:24,550] {local_task_job.py:154} INFO - Task exited with return code 0
[2022-03-02 21:53:24,650] {local_task_job.py:264} INFO - 1 downstream tasks scheduled from follow-on schedule check
