[2022-04-29 15:24:08,069] {taskinstance.py:1032} INFO - Dependencies all met for <TaskInstance: cdn_daily.import_cat.check_presence_of_cat1 manual__2022-04-29T15:24:06.226150+00:00 [queued]>
[2022-04-29 15:24:08,090] {taskinstance.py:1032} INFO - Dependencies all met for <TaskInstance: cdn_daily.import_cat.check_presence_of_cat1 manual__2022-04-29T15:24:06.226150+00:00 [queued]>
[2022-04-29 15:24:08,092] {taskinstance.py:1238} INFO - 
--------------------------------------------------------------------------------
[2022-04-29 15:24:08,093] {taskinstance.py:1239} INFO - Starting attempt 1 of 2
[2022-04-29 15:24:08,094] {taskinstance.py:1240} INFO - 
--------------------------------------------------------------------------------
[2022-04-29 15:24:08,116] {taskinstance.py:1259} INFO - Executing <Task(PythonOperator): import_cat.check_presence_of_cat1> on 2022-04-29 15:24:06.226150+00:00
[2022-04-29 15:24:08,125] {standard_task_runner.py:52} INFO - Started process 3318 to run task
[2022-04-29 15:24:08,140] {standard_task_runner.py:76} INFO - Running: ['***', 'tasks', 'run', 'cdn_daily', 'import_cat.check_presence_of_cat1', 'manual__2022-04-29T15:24:06.226150+00:00', '--job-id', '1635', '--raw', '--subdir', 'DAGS_FOLDER/cdn_daily.py', '--cfg-path', '/tmp/tmpsgqfjn48', '--error-file', '/tmp/tmp0_dzn1nz']
[2022-04-29 15:24:08,144] {standard_task_runner.py:77} INFO - Job 1635: Subtask import_cat.check_presence_of_cat1
[2022-04-29 15:24:08,290] {logging_mixin.py:109} INFO - Running <TaskInstance: cdn_daily.import_cat.check_presence_of_cat1 manual__2022-04-29T15:24:06.226150+00:00 [running]> on host d5ad096ffea5
[2022-04-29 15:24:08,437] {taskinstance.py:1426} INFO - Exporting the following env vars:
AIRFLOW_CTX_DAG_EMAIL=***@example.com
AIRFLOW_CTX_DAG_OWNER=***
AIRFLOW_CTX_DAG_ID=cdn_daily
AIRFLOW_CTX_TASK_ID=import_cat.check_presence_of_cat1
AIRFLOW_CTX_EXECUTION_DATE=2022-04-29T15:24:06.226150+00:00
AIRFLOW_CTX_DAG_RUN_ID=manual__2022-04-29T15:24:06.226150+00:00
[2022-04-29 15:24:08,476] {python.py:175} INFO - Done. Returned value was: None
[2022-04-29 15:24:08,500] {taskinstance.py:1277} INFO - Marking task as SUCCESS. dag_id=cdn_daily, task_id=import_cat.check_presence_of_cat1, execution_date=20220429T152406, start_date=20220429T152408, end_date=20220429T152408
[2022-04-29 15:24:08,555] {local_task_job.py:154} INFO - Task exited with return code 0
[2022-04-29 15:24:08,658] {local_task_job.py:264} INFO - 1 downstream tasks scheduled from follow-on schedule check
