[2022-03-01 19:09:05,083] {taskinstance.py:1032} INFO - Dependencies all met for <TaskInstance: tutorial.fsqfqf.fsqfqf_get_data scheduled__2022-02-27T21:51:17.549420+00:00 [queued]>
[2022-03-01 19:09:05,107] {taskinstance.py:1032} INFO - Dependencies all met for <TaskInstance: tutorial.fsqfqf.fsqfqf_get_data scheduled__2022-02-27T21:51:17.549420+00:00 [queued]>
[2022-03-01 19:09:05,109] {taskinstance.py:1238} INFO - 
--------------------------------------------------------------------------------
[2022-03-01 19:09:05,110] {taskinstance.py:1239} INFO - Starting attempt 1 of 2
[2022-03-01 19:09:05,111] {taskinstance.py:1240} INFO - 
--------------------------------------------------------------------------------
[2022-03-01 19:09:05,138] {taskinstance.py:1259} INFO - Executing <Task(PythonOperator): fsqfqf.fsqfqf_get_data> on 2022-02-27 21:51:17.549420+00:00
[2022-03-01 19:09:05,148] {standard_task_runner.py:52} INFO - Started process 84 to run task
[2022-03-01 19:09:05,163] {standard_task_runner.py:76} INFO - Running: ['***', 'tasks', 'run', 'tutorial', 'fsqfqf.fsqfqf_get_data', 'scheduled__2022-02-27T21:51:17.549420+00:00', '--job-id', '368', '--raw', '--subdir', 'DAGS_FOLDER/test_dag.py', '--cfg-path', '/tmp/tmpck2u59hm', '--error-file', '/tmp/tmpl_10phlz']
[2022-03-01 19:09:05,165] {standard_task_runner.py:77} INFO - Job 368: Subtask fsqfqf.fsqfqf_get_data
[2022-03-01 19:09:05,364] {logging_mixin.py:109} INFO - Running <TaskInstance: tutorial.fsqfqf.fsqfqf_get_data scheduled__2022-02-27T21:51:17.549420+00:00 [running]> on host ff48034dfdbf
[2022-03-01 19:09:05,491] {taskinstance.py:1426} INFO - Exporting the following env vars:
AIRFLOW_CTX_DAG_EMAIL=***@example.com
AIRFLOW_CTX_DAG_OWNER=***
AIRFLOW_CTX_DAG_ID=tutorial
AIRFLOW_CTX_TASK_ID=fsqfqf.fsqfqf_get_data
AIRFLOW_CTX_EXECUTION_DATE=2022-02-27T21:51:17.549420+00:00
AIRFLOW_CTX_DAG_RUN_ID=scheduled__2022-02-27T21:51:17.549420+00:00
[2022-03-01 19:10:05,483] {python.py:175} INFO - Done. Returned value was: None
[2022-03-01 19:10:05,539] {taskinstance.py:1277} INFO - Marking task as SUCCESS. dag_id=tutorial, task_id=fsqfqf.fsqfqf_get_data, execution_date=20220227T215117, start_date=20220301T190905, end_date=20220301T191005
[2022-03-01 19:10:05,613] {local_task_job.py:154} INFO - Task exited with return code 0
[2022-03-01 19:10:05,748] {local_task_job.py:264} INFO - 1 downstream tasks scheduled from follow-on schedule check
