[2022-03-15 16:43:39,642] {taskinstance.py:1032} INFO - Dependencies all met for <TaskInstance: tutorial.hfghfg.hfghfg_print_proccesed_data scheduled__2022-03-14T12:05:20.517459+00:00 [queued]>
[2022-03-15 16:43:39,674] {taskinstance.py:1032} INFO - Dependencies all met for <TaskInstance: tutorial.hfghfg.hfghfg_print_proccesed_data scheduled__2022-03-14T12:05:20.517459+00:00 [queued]>
[2022-03-15 16:43:39,676] {taskinstance.py:1238} INFO - 
--------------------------------------------------------------------------------
[2022-03-15 16:43:39,679] {taskinstance.py:1239} INFO - Starting attempt 1 of 2
[2022-03-15 16:43:39,681] {taskinstance.py:1240} INFO - 
--------------------------------------------------------------------------------
[2022-03-15 16:43:39,707] {taskinstance.py:1259} INFO - Executing <Task(PythonOperator): hfghfg.hfghfg_print_proccesed_data> on 2022-03-14 12:05:20.517459+00:00
[2022-03-15 16:43:39,720] {standard_task_runner.py:52} INFO - Started process 256 to run task
[2022-03-15 16:43:39,728] {standard_task_runner.py:76} INFO - Running: ['***', 'tasks', 'run', 'tutorial', 'hfghfg.hfghfg_print_proccesed_data', 'scheduled__2022-03-14T12:05:20.517459+00:00', '--job-id', '942', '--raw', '--subdir', 'DAGS_FOLDER/test_dag.py', '--cfg-path', '/tmp/tmpbqa3yqek', '--error-file', '/tmp/tmptae7_8_w']
[2022-03-15 16:43:39,730] {standard_task_runner.py:77} INFO - Job 942: Subtask hfghfg.hfghfg_print_proccesed_data
[2022-03-15 16:43:39,858] {logging_mixin.py:109} INFO - Running <TaskInstance: tutorial.hfghfg.hfghfg_print_proccesed_data scheduled__2022-03-14T12:05:20.517459+00:00 [running]> on host ff48034dfdbf
[2022-03-15 16:43:41,000] {taskinstance.py:1426} INFO - Exporting the following env vars:
AIRFLOW_CTX_DAG_EMAIL=***@example.com
AIRFLOW_CTX_DAG_OWNER=***
AIRFLOW_CTX_DAG_ID=tutorial
AIRFLOW_CTX_TASK_ID=hfghfg.hfghfg_print_proccesed_data
AIRFLOW_CTX_EXECUTION_DATE=2022-03-14T12:05:20.517459+00:00
AIRFLOW_CTX_DAG_RUN_ID=scheduled__2022-03-14T12:05:20.517459+00:00
[2022-03-15 16:44:41,022] {python.py:175} INFO - Done. Returned value was: None
[2022-03-15 16:44:41,039] {taskinstance.py:1277} INFO - Marking task as SUCCESS. dag_id=tutorial, task_id=hfghfg.hfghfg_print_proccesed_data, execution_date=20220314T120520, start_date=20220315T164339, end_date=20220315T164441
[2022-03-15 16:44:41,085] {local_task_job.py:154} INFO - Task exited with return code 0
[2022-03-15 16:44:41,133] {local_task_job.py:264} INFO - 0 downstream tasks scheduled from follow-on schedule check
