[2022-02-20 17:39:46,966] {taskinstance.py:1032} INFO - Dependencies all met for <TaskInstance: tutorial.cat.cat_proccess_data scheduled__2022-02-19T17:28:01.321646+00:00 [queued]>
[2022-02-20 17:39:46,996] {taskinstance.py:1032} INFO - Dependencies all met for <TaskInstance: tutorial.cat.cat_proccess_data scheduled__2022-02-19T17:28:01.321646+00:00 [queued]>
[2022-02-20 17:39:46,999] {taskinstance.py:1238} INFO - 
--------------------------------------------------------------------------------
[2022-02-20 17:39:47,001] {taskinstance.py:1239} INFO - Starting attempt 1 of 2
[2022-02-20 17:39:47,002] {taskinstance.py:1240} INFO - 
--------------------------------------------------------------------------------
[2022-02-20 17:39:47,034] {taskinstance.py:1259} INFO - Executing <Task(PythonOperator): cat.cat_proccess_data> on 2022-02-19 17:28:01.321646+00:00
[2022-02-20 17:39:47,047] {standard_task_runner.py:52} INFO - Started process 28581 to run task
[2022-02-20 17:39:47,056] {standard_task_runner.py:76} INFO - Running: ['***', 'tasks', 'run', 'tutorial', 'cat.cat_proccess_data', 'scheduled__2022-02-19T17:28:01.321646+00:00', '--job-id', '56', '--raw', '--subdir', 'DAGS_FOLDER/test_dag.py', '--cfg-path', '/tmp/tmpont82b_c', '--error-file', '/tmp/tmpmup2ma3p']
[2022-02-20 17:39:47,064] {standard_task_runner.py:77} INFO - Job 56: Subtask cat.cat_proccess_data
[2022-02-20 17:39:47,317] {logging_mixin.py:109} INFO - Running <TaskInstance: tutorial.cat.cat_proccess_data scheduled__2022-02-19T17:28:01.321646+00:00 [running]> on host ff48034dfdbf
[2022-02-20 17:39:47,493] {taskinstance.py:1426} INFO - Exporting the following env vars:
AIRFLOW_CTX_DAG_EMAIL=***@example.com
AIRFLOW_CTX_DAG_OWNER=***
AIRFLOW_CTX_DAG_ID=tutorial
AIRFLOW_CTX_TASK_ID=cat.cat_proccess_data
AIRFLOW_CTX_EXECUTION_DATE=2022-02-19T17:28:01.321646+00:00
AIRFLOW_CTX_DAG_RUN_ID=scheduled__2022-02-19T17:28:01.321646+00:00
[2022-02-20 17:40:47,430] {python.py:175} INFO - Done. Returned value was: None
[2022-02-20 17:40:47,453] {taskinstance.py:1277} INFO - Marking task as SUCCESS. dag_id=tutorial, task_id=cat.cat_proccess_data, execution_date=20220219T172801, start_date=20220220T173946, end_date=20220220T174047
[2022-02-20 17:40:47,513] {local_task_job.py:154} INFO - Task exited with return code 0
[2022-02-20 17:40:47,546] {local_task_job.py:264} INFO - 0 downstream tasks scheduled from follow-on schedule check
