[2022-03-14 12:04:20,106] {taskinstance.py:1032} INFO - Dependencies all met for <TaskInstance: tutorial.wcccw.wcccw_print_proccesed_data scheduled__2022-03-13T11:51:30.016366+00:00 [queued]>
[2022-03-14 12:04:20,160] {taskinstance.py:1032} INFO - Dependencies all met for <TaskInstance: tutorial.wcccw.wcccw_print_proccesed_data scheduled__2022-03-13T11:51:30.016366+00:00 [queued]>
[2022-03-14 12:04:20,162] {taskinstance.py:1238} INFO - 
--------------------------------------------------------------------------------
[2022-03-14 12:04:20,164] {taskinstance.py:1239} INFO - Starting attempt 1 of 2
[2022-03-14 12:04:20,166] {taskinstance.py:1240} INFO - 
--------------------------------------------------------------------------------
[2022-03-14 12:04:20,199] {taskinstance.py:1259} INFO - Executing <Task(PythonOperator): wcccw.wcccw_print_proccesed_data> on 2022-03-13 11:51:30.016366+00:00
[2022-03-14 12:04:20,211] {standard_task_runner.py:52} INFO - Started process 825 to run task
[2022-03-14 12:04:20,217] {standard_task_runner.py:76} INFO - Running: ['***', 'tasks', 'run', 'tutorial', 'wcccw.wcccw_print_proccesed_data', 'scheduled__2022-03-13T11:51:30.016366+00:00', '--job-id', '810', '--raw', '--subdir', 'DAGS_FOLDER/test_dag.py', '--cfg-path', '/tmp/tmp3yp169jk', '--error-file', '/tmp/tmp77ozvm_i']
[2022-03-14 12:04:20,219] {standard_task_runner.py:77} INFO - Job 810: Subtask wcccw.wcccw_print_proccesed_data
[2022-03-14 12:04:20,361] {logging_mixin.py:109} INFO - Running <TaskInstance: tutorial.wcccw.wcccw_print_proccesed_data scheduled__2022-03-13T11:51:30.016366+00:00 [running]> on host ff48034dfdbf
[2022-03-14 12:04:20,493] {taskinstance.py:1426} INFO - Exporting the following env vars:
AIRFLOW_CTX_DAG_EMAIL=***@example.com
AIRFLOW_CTX_DAG_OWNER=***
AIRFLOW_CTX_DAG_ID=tutorial
AIRFLOW_CTX_TASK_ID=wcccw.wcccw_print_proccesed_data
AIRFLOW_CTX_EXECUTION_DATE=2022-03-13T11:51:30.016366+00:00
AIRFLOW_CTX_DAG_RUN_ID=scheduled__2022-03-13T11:51:30.016366+00:00
[2022-03-14 12:05:20,492] {python.py:175} INFO - Done. Returned value was: None
[2022-03-14 12:05:20,599] {taskinstance.py:1277} INFO - Marking task as SUCCESS. dag_id=tutorial, task_id=wcccw.wcccw_print_proccesed_data, execution_date=20220313T115130, start_date=20220314T120420, end_date=20220314T120520
[2022-03-14 12:05:20,639] {local_task_job.py:154} INFO - Task exited with return code 0
[2022-03-14 12:05:20,685] {local_task_job.py:264} INFO - 0 downstream tasks scheduled from follow-on schedule check
