[2022-02-23 21:39:56,950] {taskinstance.py:1032} INFO - Dependencies all met for <TaskInstance: tutorial.jghjg.jghjg_proccess_data scheduled__2022-02-21T17:28:01.321646+00:00 [queued]>
[2022-02-23 21:39:56,985] {taskinstance.py:1032} INFO - Dependencies all met for <TaskInstance: tutorial.jghjg.jghjg_proccess_data scheduled__2022-02-21T17:28:01.321646+00:00 [queued]>
[2022-02-23 21:39:56,986] {taskinstance.py:1238} INFO - 
--------------------------------------------------------------------------------
[2022-02-23 21:39:56,987] {taskinstance.py:1239} INFO - Starting attempt 1 of 2
[2022-02-23 21:39:56,988] {taskinstance.py:1240} INFO - 
--------------------------------------------------------------------------------
[2022-02-23 21:39:57,006] {taskinstance.py:1259} INFO - Executing <Task(PythonOperator): jghjg.jghjg_proccess_data> on 2022-02-21 17:28:01.321646+00:00
[2022-02-23 21:39:57,012] {standard_task_runner.py:52} INFO - Started process 200 to run task
[2022-02-23 21:39:57,017] {standard_task_runner.py:76} INFO - Running: ['***', 'tasks', 'run', 'tutorial', 'jghjg.jghjg_proccess_data', 'scheduled__2022-02-21T17:28:01.321646+00:00', '--job-id', '122', '--raw', '--subdir', 'DAGS_FOLDER/test_dag.py', '--cfg-path', '/tmp/tmp1nzgym2a', '--error-file', '/tmp/tmpxriwf_n_']
[2022-02-23 21:39:57,018] {standard_task_runner.py:77} INFO - Job 122: Subtask jghjg.jghjg_proccess_data
[2022-02-23 21:39:57,113] {logging_mixin.py:109} INFO - Running <TaskInstance: tutorial.jghjg.jghjg_proccess_data scheduled__2022-02-21T17:28:01.321646+00:00 [running]> on host ff48034dfdbf
[2022-02-23 21:39:57,235] {taskinstance.py:1426} INFO - Exporting the following env vars:
AIRFLOW_CTX_DAG_EMAIL=***@example.com
AIRFLOW_CTX_DAG_OWNER=***
AIRFLOW_CTX_DAG_ID=tutorial
AIRFLOW_CTX_TASK_ID=jghjg.jghjg_proccess_data
AIRFLOW_CTX_EXECUTION_DATE=2022-02-21T17:28:01.321646+00:00
AIRFLOW_CTX_DAG_RUN_ID=scheduled__2022-02-21T17:28:01.321646+00:00
[2022-02-23 21:40:57,250] {python.py:175} INFO - Done. Returned value was: None
[2022-02-23 21:40:57,262] {taskinstance.py:1277} INFO - Marking task as SUCCESS. dag_id=tutorial, task_id=jghjg.jghjg_proccess_data, execution_date=20220221T172801, start_date=20220223T213956, end_date=20220223T214057
[2022-02-23 21:40:57,314] {local_task_job.py:154} INFO - Task exited with return code 0
[2022-02-23 21:40:57,347] {local_task_job.py:264} INFO - 1 downstream tasks scheduled from follow-on schedule check
