[2022-04-30 15:46:15,867] {taskinstance.py:1032} INFO - Dependencies all met for <TaskInstance: cdn_daily.run_cat.alm manual__2022-04-30T15:46:12.555314+00:00 [queued]>
[2022-04-30 15:46:15,890] {taskinstance.py:1032} INFO - Dependencies all met for <TaskInstance: cdn_daily.run_cat.alm manual__2022-04-30T15:46:12.555314+00:00 [queued]>
[2022-04-30 15:46:15,892] {taskinstance.py:1238} INFO - 
--------------------------------------------------------------------------------
[2022-04-30 15:46:15,893] {taskinstance.py:1239} INFO - Starting attempt 1 of 2
[2022-04-30 15:46:15,894] {taskinstance.py:1240} INFO - 
--------------------------------------------------------------------------------
[2022-04-30 15:46:15,914] {taskinstance.py:1259} INFO - Executing <Task(PythonOperator): run_cat.alm> on 2022-04-30 15:46:12.555314+00:00
[2022-04-30 15:46:15,921] {standard_task_runner.py:52} INFO - Started process 2398 to run task
[2022-04-30 15:46:15,928] {standard_task_runner.py:76} INFO - Running: ['***', 'tasks', 'run', 'cdn_daily', 'run_cat.alm', 'manual__2022-04-30T15:46:12.555314+00:00', '--job-id', '1827', '--raw', '--subdir', 'DAGS_FOLDER/cdn_daily.py', '--cfg-path', '/tmp/tmp4nbhef35', '--error-file', '/tmp/tmpv_5o6kqq']
[2022-04-30 15:46:15,930] {standard_task_runner.py:77} INFO - Job 1827: Subtask run_cat.alm
[2022-04-30 15:46:16,045] {logging_mixin.py:109} INFO - Running <TaskInstance: cdn_daily.run_cat.alm manual__2022-04-30T15:46:12.555314+00:00 [running]> on host d5ad096ffea5
[2022-04-30 15:46:16,147] {taskinstance.py:1426} INFO - Exporting the following env vars:
AIRFLOW_CTX_DAG_EMAIL=***@example.com
AIRFLOW_CTX_DAG_OWNER=***
AIRFLOW_CTX_DAG_ID=cdn_daily
AIRFLOW_CTX_TASK_ID=run_cat.alm
AIRFLOW_CTX_EXECUTION_DATE=2022-04-30T15:46:12.555314+00:00
AIRFLOW_CTX_DAG_RUN_ID=manual__2022-04-30T15:46:12.555314+00:00
[2022-04-30 15:46:16,187] {python.py:175} INFO - Done. Returned value was: None
[2022-04-30 15:46:16,235] {taskinstance.py:1277} INFO - Marking task as SUCCESS. dag_id=cdn_daily, task_id=run_cat.alm, execution_date=20220430T154612, start_date=20220430T154615, end_date=20220430T154616
[2022-04-30 15:46:16,305] {local_task_job.py:154} INFO - Task exited with return code 0
[2022-04-30 15:46:16,446] {local_task_job.py:264} INFO - 1 downstream tasks scheduled from follow-on schedule check
