[2022-04-26 13:59:28,699] {taskinstance.py:1032} INFO - Dependencies all met for <TaskInstance: tutorial.hfghfg.hfghfg_print_proccesed_data scheduled__2022-04-25T13:53:09.676172+00:00 [queued]>
[2022-04-26 13:59:28,729] {taskinstance.py:1032} INFO - Dependencies all met for <TaskInstance: tutorial.hfghfg.hfghfg_print_proccesed_data scheduled__2022-04-25T13:53:09.676172+00:00 [queued]>
[2022-04-26 13:59:28,730] {taskinstance.py:1238} INFO - 
--------------------------------------------------------------------------------
[2022-04-26 13:59:28,732] {taskinstance.py:1239} INFO - Starting attempt 1 of 2
[2022-04-26 13:59:28,733] {taskinstance.py:1240} INFO - 
--------------------------------------------------------------------------------
[2022-04-26 13:59:28,757] {taskinstance.py:1259} INFO - Executing <Task(PythonOperator): hfghfg.hfghfg_print_proccesed_data> on 2022-04-25 13:53:09.676172+00:00
[2022-04-26 13:59:28,766] {standard_task_runner.py:52} INFO - Started process 449 to run task
[2022-04-26 13:59:28,775] {standard_task_runner.py:76} INFO - Running: ['***', 'tasks', 'run', 'tutorial', 'hfghfg.hfghfg_print_proccesed_data', 'scheduled__2022-04-25T13:53:09.676172+00:00', '--job-id', '1308', '--raw', '--subdir', 'DAGS_FOLDER/test_dag.py', '--cfg-path', '/tmp/tmpvidl_x3d', '--error-file', '/tmp/tmp1083qzfk']
[2022-04-26 13:59:28,777] {standard_task_runner.py:77} INFO - Job 1308: Subtask hfghfg.hfghfg_print_proccesed_data
[2022-04-26 13:59:28,863] {logging_mixin.py:109} INFO - Running <TaskInstance: tutorial.hfghfg.hfghfg_print_proccesed_data scheduled__2022-04-25T13:53:09.676172+00:00 [running]> on host ff48034dfdbf
[2022-04-26 13:59:28,930] {taskinstance.py:1426} INFO - Exporting the following env vars:
AIRFLOW_CTX_DAG_EMAIL=***@example.com
AIRFLOW_CTX_DAG_OWNER=***
AIRFLOW_CTX_DAG_ID=tutorial
AIRFLOW_CTX_TASK_ID=hfghfg.hfghfg_print_proccesed_data
AIRFLOW_CTX_EXECUTION_DATE=2022-04-25T13:53:09.676172+00:00
AIRFLOW_CTX_DAG_RUN_ID=scheduled__2022-04-25T13:53:09.676172+00:00
[2022-04-26 14:00:28,949] {python.py:175} INFO - Done. Returned value was: None
[2022-04-26 14:00:28,979] {taskinstance.py:1277} INFO - Marking task as SUCCESS. dag_id=tutorial, task_id=hfghfg.hfghfg_print_proccesed_data, execution_date=20220425T135309, start_date=20220426T135928, end_date=20220426T140028
[2022-04-26 14:00:29,048] {local_task_job.py:154} INFO - Task exited with return code 0
[2022-04-26 14:00:29,124] {local_task_job.py:264} INFO - 0 downstream tasks scheduled from follow-on schedule check
