[2022-02-23 21:47:08,569] {taskinstance.py:1032} INFO - Dependencies all met for <TaskInstance: tutorial.cat.cat_print_proccesed_data scheduled__2022-02-22T21:44:04.027723+00:00 [queued]>
[2022-02-23 21:47:08,591] {taskinstance.py:1032} INFO - Dependencies all met for <TaskInstance: tutorial.cat.cat_print_proccesed_data scheduled__2022-02-22T21:44:04.027723+00:00 [queued]>
[2022-02-23 21:47:08,592] {taskinstance.py:1238} INFO - 
--------------------------------------------------------------------------------
[2022-02-23 21:47:08,595] {taskinstance.py:1239} INFO - Starting attempt 1 of 2
[2022-02-23 21:47:08,596] {taskinstance.py:1240} INFO - 
--------------------------------------------------------------------------------
[2022-02-23 21:47:08,611] {taskinstance.py:1259} INFO - Executing <Task(PythonOperator): cat.cat_print_proccesed_data> on 2022-02-22 21:44:04.027723+00:00
[2022-02-23 21:47:08,617] {standard_task_runner.py:52} INFO - Started process 657 to run task
[2022-02-23 21:47:08,621] {standard_task_runner.py:76} INFO - Running: ['***', 'tasks', 'run', 'tutorial', 'cat.cat_print_proccesed_data', 'scheduled__2022-02-22T21:44:04.027723+00:00', '--job-id', '201', '--raw', '--subdir', 'DAGS_FOLDER/test_dag.py', '--cfg-path', '/tmp/tmpli6ca9t7', '--error-file', '/tmp/tmp2iipypdi']
[2022-02-23 21:47:08,623] {standard_task_runner.py:77} INFO - Job 201: Subtask cat.cat_print_proccesed_data
[2022-02-23 21:47:08,734] {logging_mixin.py:109} INFO - Running <TaskInstance: tutorial.cat.cat_print_proccesed_data scheduled__2022-02-22T21:44:04.027723+00:00 [running]> on host ff48034dfdbf
[2022-02-23 21:47:08,796] {taskinstance.py:1426} INFO - Exporting the following env vars:
AIRFLOW_CTX_DAG_EMAIL=***@example.com
AIRFLOW_CTX_DAG_OWNER=***
AIRFLOW_CTX_DAG_ID=tutorial
AIRFLOW_CTX_TASK_ID=cat.cat_print_proccesed_data
AIRFLOW_CTX_EXECUTION_DATE=2022-02-22T21:44:04.027723+00:00
AIRFLOW_CTX_DAG_RUN_ID=scheduled__2022-02-22T21:44:04.027723+00:00
[2022-02-23 21:48:08,816] {python.py:175} INFO - Done. Returned value was: None
[2022-02-23 21:48:08,852] {taskinstance.py:1277} INFO - Marking task as SUCCESS. dag_id=tutorial, task_id=cat.cat_print_proccesed_data, execution_date=20220222T214404, start_date=20220223T214708, end_date=20220223T214808
[2022-02-23 21:48:08,904] {local_task_job.py:154} INFO - Task exited with return code 0
[2022-02-23 21:48:09,052] {local_task_job.py:264} INFO - 0 downstream tasks scheduled from follow-on schedule check
