[2022-03-05 10:31:55,749] {taskinstance.py:1032} INFO - Dependencies all met for <TaskInstance: tutorial.fsqfqf.fsqfqf_proccess_data scheduled__2022-03-04T10:29:52.784989+00:00 [queued]>
[2022-03-05 10:31:55,768] {taskinstance.py:1032} INFO - Dependencies all met for <TaskInstance: tutorial.fsqfqf.fsqfqf_proccess_data scheduled__2022-03-04T10:29:52.784989+00:00 [queued]>
[2022-03-05 10:31:55,769] {taskinstance.py:1238} INFO - 
--------------------------------------------------------------------------------
[2022-03-05 10:31:55,770] {taskinstance.py:1239} INFO - Starting attempt 1 of 2
[2022-03-05 10:31:55,771] {taskinstance.py:1240} INFO - 
--------------------------------------------------------------------------------
[2022-03-05 10:31:55,784] {taskinstance.py:1259} INFO - Executing <Task(PythonOperator): fsqfqf.fsqfqf_proccess_data> on 2022-03-04 10:29:52.784989+00:00
[2022-03-05 10:31:55,789] {standard_task_runner.py:52} INFO - Started process 601 to run task
[2022-03-05 10:31:55,794] {standard_task_runner.py:76} INFO - Running: ['***', 'tasks', 'run', 'tutorial', 'fsqfqf.fsqfqf_proccess_data', 'scheduled__2022-03-04T10:29:52.784989+00:00', '--job-id', '563', '--raw', '--subdir', 'DAGS_FOLDER/test_dag.py', '--cfg-path', '/tmp/tmpdn8lqcqa', '--error-file', '/tmp/tmp4no6sv7g']
[2022-03-05 10:31:55,795] {standard_task_runner.py:77} INFO - Job 563: Subtask fsqfqf.fsqfqf_proccess_data
[2022-03-05 10:31:55,874] {logging_mixin.py:109} INFO - Running <TaskInstance: tutorial.fsqfqf.fsqfqf_proccess_data scheduled__2022-03-04T10:29:52.784989+00:00 [running]> on host ff48034dfdbf
[2022-03-05 10:31:55,938] {taskinstance.py:1426} INFO - Exporting the following env vars:
AIRFLOW_CTX_DAG_EMAIL=***@example.com
AIRFLOW_CTX_DAG_OWNER=***
AIRFLOW_CTX_DAG_ID=tutorial
AIRFLOW_CTX_TASK_ID=fsqfqf.fsqfqf_proccess_data
AIRFLOW_CTX_EXECUTION_DATE=2022-03-04T10:29:52.784989+00:00
AIRFLOW_CTX_DAG_RUN_ID=scheduled__2022-03-04T10:29:52.784989+00:00
[2022-03-05 10:32:55,948] {python.py:175} INFO - Done. Returned value was: None
[2022-03-05 10:32:55,971] {taskinstance.py:1277} INFO - Marking task as SUCCESS. dag_id=tutorial, task_id=fsqfqf.fsqfqf_proccess_data, execution_date=20220304T102952, start_date=20220305T103155, end_date=20220305T103255
[2022-03-05 10:32:56,032] {local_task_job.py:154} INFO - Task exited with return code 0
[2022-03-05 10:32:56,131] {local_task_job.py:264} INFO - 1 downstream tasks scheduled from follow-on schedule check
