[2022-04-30 12:57:32,189] {taskinstance.py:1032} INFO - Dependencies all met for <TaskInstance: cdn_daily.run_pre manual__2022-04-30T12:57:31.335659+00:00 [queued]>
[2022-04-30 12:57:32,232] {taskinstance.py:1032} INFO - Dependencies all met for <TaskInstance: cdn_daily.run_pre manual__2022-04-30T12:57:31.335659+00:00 [queued]>
[2022-04-30 12:57:32,234] {taskinstance.py:1238} INFO - 
--------------------------------------------------------------------------------
[2022-04-30 12:57:32,236] {taskinstance.py:1239} INFO - Starting attempt 1 of 2
[2022-04-30 12:57:32,237] {taskinstance.py:1240} INFO - 
--------------------------------------------------------------------------------
[2022-04-30 12:57:32,259] {taskinstance.py:1259} INFO - Executing <Task(PythonOperator): run_pre> on 2022-04-30 12:57:31.335659+00:00
[2022-04-30 12:57:32,274] {standard_task_runner.py:52} INFO - Started process 362 to run task
[2022-04-30 12:57:32,282] {standard_task_runner.py:76} INFO - Running: ['***', 'tasks', 'run', 'cdn_daily', 'run_pre', 'manual__2022-04-30T12:57:31.335659+00:00', '--job-id', '1810', '--raw', '--subdir', 'DAGS_FOLDER/cdn_daily.py', '--cfg-path', '/tmp/tmpjfo9i8ir', '--error-file', '/tmp/tmptylup2cy']
[2022-04-30 12:57:32,286] {standard_task_runner.py:77} INFO - Job 1810: Subtask run_pre
[2022-04-30 12:57:32,458] {logging_mixin.py:109} INFO - Running <TaskInstance: cdn_daily.run_pre manual__2022-04-30T12:57:31.335659+00:00 [running]> on host d5ad096ffea5
[2022-04-30 12:57:32,613] {taskinstance.py:1426} INFO - Exporting the following env vars:
AIRFLOW_CTX_DAG_EMAIL=***@example.com
AIRFLOW_CTX_DAG_OWNER=***
AIRFLOW_CTX_DAG_ID=cdn_daily
AIRFLOW_CTX_TASK_ID=run_pre
AIRFLOW_CTX_EXECUTION_DATE=2022-04-30T12:57:31.335659+00:00
AIRFLOW_CTX_DAG_RUN_ID=manual__2022-04-30T12:57:31.335659+00:00
[2022-04-30 12:57:32,649] {python.py:175} INFO - Done. Returned value was: None
[2022-04-30 12:57:32,674] {taskinstance.py:1277} INFO - Marking task as SUCCESS. dag_id=cdn_daily, task_id=run_pre, execution_date=20220430T125731, start_date=20220430T125732, end_date=20220430T125732
[2022-04-30 12:57:32,711] {local_task_job.py:154} INFO - Task exited with return code 0
[2022-04-30 12:57:32,781] {local_task_job.py:264} INFO - 1 downstream tasks scheduled from follow-on schedule check
