[2022-03-02 21:54:25,256] {taskinstance.py:1032} INFO - Dependencies all met for <TaskInstance: tutorial.cat.cat_print_proccesed_data scheduled__2022-03-01T21:51:17.549420+00:00 [queued]>
[2022-03-02 21:54:25,275] {taskinstance.py:1032} INFO - Dependencies all met for <TaskInstance: tutorial.cat.cat_print_proccesed_data scheduled__2022-03-01T21:51:17.549420+00:00 [queued]>
[2022-03-02 21:54:25,277] {taskinstance.py:1238} INFO - 
--------------------------------------------------------------------------------
[2022-03-02 21:54:25,278] {taskinstance.py:1239} INFO - Starting attempt 1 of 2
[2022-03-02 21:54:25,280] {taskinstance.py:1240} INFO - 
--------------------------------------------------------------------------------
[2022-03-02 21:54:25,305] {taskinstance.py:1259} INFO - Executing <Task(PythonOperator): cat.cat_print_proccesed_data> on 2022-03-01 21:51:17.549420+00:00
[2022-03-02 21:54:25,312] {standard_task_runner.py:52} INFO - Started process 15336 to run task
[2022-03-02 21:54:25,319] {standard_task_runner.py:76} INFO - Running: ['***', 'tasks', 'run', 'tutorial', 'cat.cat_print_proccesed_data', 'scheduled__2022-03-01T21:51:17.549420+00:00', '--job-id', '469', '--raw', '--subdir', 'DAGS_FOLDER/test_dag.py', '--cfg-path', '/tmp/tmp8igef506', '--error-file', '/tmp/tmppl4ddq7i']
[2022-03-02 21:54:25,320] {standard_task_runner.py:77} INFO - Job 469: Subtask cat.cat_print_proccesed_data
[2022-03-02 21:54:25,423] {logging_mixin.py:109} INFO - Running <TaskInstance: tutorial.cat.cat_print_proccesed_data scheduled__2022-03-01T21:51:17.549420+00:00 [running]> on host ff48034dfdbf
[2022-03-02 21:54:25,495] {taskinstance.py:1426} INFO - Exporting the following env vars:
AIRFLOW_CTX_DAG_EMAIL=***@example.com
AIRFLOW_CTX_DAG_OWNER=***
AIRFLOW_CTX_DAG_ID=tutorial
AIRFLOW_CTX_TASK_ID=cat.cat_print_proccesed_data
AIRFLOW_CTX_EXECUTION_DATE=2022-03-01T21:51:17.549420+00:00
AIRFLOW_CTX_DAG_RUN_ID=scheduled__2022-03-01T21:51:17.549420+00:00
[2022-03-02 21:55:25,489] {python.py:175} INFO - Done. Returned value was: None
[2022-03-02 21:55:25,534] {taskinstance.py:1277} INFO - Marking task as SUCCESS. dag_id=tutorial, task_id=cat.cat_print_proccesed_data, execution_date=20220301T215117, start_date=20220302T215425, end_date=20220302T215525
[2022-03-02 21:55:25,604] {local_task_job.py:154} INFO - Task exited with return code 0
[2022-03-02 21:55:25,651] {local_task_job.py:264} INFO - 0 downstream tasks scheduled from follow-on schedule check
