[2022-02-19 14:30:02,057] {processor.py:163} INFO - Started process (PID=78) to work on /home/airflow/.local/lib/python3.7/site-packages/airflow/example_dags/example_branch_day_of_week_operator.py
[2022-02-19 14:30:02,061] {processor.py:642} INFO - Processing file /home/airflow/.local/lib/python3.7/site-packages/airflow/example_dags/example_branch_day_of_week_operator.py for tasks to queue
[2022-02-19 14:30:02,076] {logging_mixin.py:109} INFO - [2022-02-19 14:30:02,076] {dagbag.py:500} INFO - Filling up the DagBag from /home/airflow/.local/lib/python3.7/site-packages/airflow/example_dags/example_branch_day_of_week_operator.py
[2022-02-19 14:30:02,163] {processor.py:654} INFO - DAG(s) dict_keys(['example_weekday_branch_operator']) retrieved from /home/airflow/.local/lib/python3.7/site-packages/airflow/example_dags/example_branch_day_of_week_operator.py
[2022-02-19 14:30:04,295] {logging_mixin.py:109} INFO - [2022-02-19 14:30:04,295] {manager.py:496} INFO - Created Permission View: can edit on DAG:example_weekday_branch_operator
[2022-02-19 14:30:04,305] {logging_mixin.py:109} INFO - [2022-02-19 14:30:04,305] {manager.py:496} INFO - Created Permission View: can read on DAG:example_weekday_branch_operator
[2022-02-19 14:30:04,306] {logging_mixin.py:109} INFO - [2022-02-19 14:30:04,306] {dag.py:2396} INFO - Sync 1 DAGs
[2022-02-19 14:30:04,313] {logging_mixin.py:109} INFO - [2022-02-19 14:30:04,313] {dag.py:2415} INFO - Creating ORM DAG for example_weekday_branch_operator
[2022-02-19 14:30:04,324] {logging_mixin.py:109} INFO - [2022-02-19 14:30:04,324] {dag.py:2935} INFO - Setting next_dagrun for example_weekday_branch_operator to 2022-02-18 00:00:00+00:00
[2022-02-19 14:30:04,343] {processor.py:171} INFO - Processing /home/airflow/.local/lib/python3.7/site-packages/airflow/example_dags/example_branch_day_of_week_operator.py took 2.294 seconds
[2022-02-19 14:30:34,851] {processor.py:163} INFO - Started process (PID=167) to work on /home/airflow/.local/lib/python3.7/site-packages/airflow/example_dags/example_branch_day_of_week_operator.py
[2022-02-19 14:30:34,853] {processor.py:642} INFO - Processing file /home/airflow/.local/lib/python3.7/site-packages/airflow/example_dags/example_branch_day_of_week_operator.py for tasks to queue
[2022-02-19 14:30:34,854] {logging_mixin.py:109} INFO - [2022-02-19 14:30:34,854] {dagbag.py:500} INFO - Filling up the DagBag from /home/airflow/.local/lib/python3.7/site-packages/airflow/example_dags/example_branch_day_of_week_operator.py
[2022-02-19 14:30:34,894] {processor.py:654} INFO - DAG(s) dict_keys(['example_weekday_branch_operator']) retrieved from /home/airflow/.local/lib/python3.7/site-packages/airflow/example_dags/example_branch_day_of_week_operator.py
[2022-02-19 14:30:34,911] {logging_mixin.py:109} INFO - [2022-02-19 14:30:34,911] {dag.py:2396} INFO - Sync 1 DAGs
[2022-02-19 14:30:34,952] {logging_mixin.py:109} INFO - [2022-02-19 14:30:34,952] {dag.py:2935} INFO - Setting next_dagrun for example_weekday_branch_operator to 2022-02-18 00:00:00+00:00
[2022-02-19 14:30:34,967] {processor.py:171} INFO - Processing /home/airflow/.local/lib/python3.7/site-packages/airflow/example_dags/example_branch_day_of_week_operator.py took 0.120 seconds
[2022-02-19 14:31:05,801] {processor.py:163} INFO - Started process (PID=217) to work on /home/airflow/.local/lib/python3.7/site-packages/airflow/example_dags/example_branch_day_of_week_operator.py
[2022-02-19 14:31:05,803] {processor.py:642} INFO - Processing file /home/airflow/.local/lib/python3.7/site-packages/airflow/example_dags/example_branch_day_of_week_operator.py for tasks to queue
[2022-02-19 14:31:05,804] {logging_mixin.py:109} INFO - [2022-02-19 14:31:05,804] {dagbag.py:500} INFO - Filling up the DagBag from /home/airflow/.local/lib/python3.7/site-packages/airflow/example_dags/example_branch_day_of_week_operator.py
[2022-02-19 14:31:05,837] {processor.py:654} INFO - DAG(s) dict_keys(['example_weekday_branch_operator']) retrieved from /home/airflow/.local/lib/python3.7/site-packages/airflow/example_dags/example_branch_day_of_week_operator.py
[2022-02-19 14:31:05,848] {logging_mixin.py:109} INFO - [2022-02-19 14:31:05,848] {dag.py:2396} INFO - Sync 1 DAGs
[2022-02-19 14:31:05,866] {logging_mixin.py:109} INFO - [2022-02-19 14:31:05,866] {dag.py:2935} INFO - Setting next_dagrun for example_weekday_branch_operator to 2022-02-18 00:00:00+00:00
[2022-02-19 14:31:05,880] {processor.py:171} INFO - Processing /home/airflow/.local/lib/python3.7/site-packages/airflow/example_dags/example_branch_day_of_week_operator.py took 0.085 seconds
[2022-02-19 14:31:36,640] {processor.py:163} INFO - Started process (PID=280) to work on /home/airflow/.local/lib/python3.7/site-packages/airflow/example_dags/example_branch_day_of_week_operator.py
[2022-02-19 14:31:36,643] {processor.py:642} INFO - Processing file /home/airflow/.local/lib/python3.7/site-packages/airflow/example_dags/example_branch_day_of_week_operator.py for tasks to queue
[2022-02-19 14:31:36,644] {logging_mixin.py:109} INFO - [2022-02-19 14:31:36,644] {dagbag.py:500} INFO - Filling up the DagBag from /home/airflow/.local/lib/python3.7/site-packages/airflow/example_dags/example_branch_day_of_week_operator.py
[2022-02-19 14:31:36,677] {processor.py:654} INFO - DAG(s) dict_keys(['example_weekday_branch_operator']) retrieved from /home/airflow/.local/lib/python3.7/site-packages/airflow/example_dags/example_branch_day_of_week_operator.py
[2022-02-19 14:31:36,689] {logging_mixin.py:109} INFO - [2022-02-19 14:31:36,689] {dag.py:2396} INFO - Sync 1 DAGs
[2022-02-19 14:31:36,709] {logging_mixin.py:109} INFO - [2022-02-19 14:31:36,709] {dag.py:2935} INFO - Setting next_dagrun for example_weekday_branch_operator to 2022-02-18 00:00:00+00:00
[2022-02-19 14:31:36,719] {processor.py:171} INFO - Processing /home/airflow/.local/lib/python3.7/site-packages/airflow/example_dags/example_branch_day_of_week_operator.py took 0.082 seconds
[2022-02-19 14:39:55,713] {processor.py:163} INFO - Started process (PID=42) to work on /home/airflow/.local/lib/python3.7/site-packages/airflow/example_dags/example_branch_day_of_week_operator.py
[2022-02-19 14:39:55,716] {processor.py:642} INFO - Processing file /home/airflow/.local/lib/python3.7/site-packages/airflow/example_dags/example_branch_day_of_week_operator.py for tasks to queue
[2022-02-19 14:39:55,718] {logging_mixin.py:109} INFO - [2022-02-19 14:39:55,718] {dagbag.py:500} INFO - Filling up the DagBag from /home/airflow/.local/lib/python3.7/site-packages/airflow/example_dags/example_branch_day_of_week_operator.py
[2022-02-19 14:39:55,803] {processor.py:654} INFO - DAG(s) dict_keys(['example_weekday_branch_operator']) retrieved from /home/airflow/.local/lib/python3.7/site-packages/airflow/example_dags/example_branch_day_of_week_operator.py
[2022-02-19 14:40:02,217] {logging_mixin.py:109} INFO - [2022-02-19 14:40:02,217] {manager.py:496} INFO - Created Permission View: can read on DAG:example_weekday_branch_operator
[2022-02-19 14:40:02,231] {logging_mixin.py:109} INFO - [2022-02-19 14:40:02,231] {manager.py:496} INFO - Created Permission View: can edit on DAG:example_weekday_branch_operator
[2022-02-19 14:40:02,232] {logging_mixin.py:109} INFO - [2022-02-19 14:40:02,232] {dag.py:2396} INFO - Sync 1 DAGs
[2022-02-19 14:40:02,241] {logging_mixin.py:109} INFO - [2022-02-19 14:40:02,241] {dag.py:2415} INFO - Creating ORM DAG for example_weekday_branch_operator
[2022-02-19 14:40:02,254] {logging_mixin.py:109} INFO - [2022-02-19 14:40:02,254] {dag.py:2935} INFO - Setting next_dagrun for example_weekday_branch_operator to 2022-02-18 00:00:00+00:00
[2022-02-19 14:40:02,268] {processor.py:171} INFO - Processing /home/airflow/.local/lib/python3.7/site-packages/airflow/example_dags/example_branch_day_of_week_operator.py took 6.586 seconds
[2022-02-19 14:40:33,206] {processor.py:163} INFO - Started process (PID=455) to work on /home/airflow/.local/lib/python3.7/site-packages/airflow/example_dags/example_branch_day_of_week_operator.py
[2022-02-19 14:40:33,208] {processor.py:642} INFO - Processing file /home/airflow/.local/lib/python3.7/site-packages/airflow/example_dags/example_branch_day_of_week_operator.py for tasks to queue
[2022-02-19 14:40:33,210] {logging_mixin.py:109} INFO - [2022-02-19 14:40:33,210] {dagbag.py:500} INFO - Filling up the DagBag from /home/airflow/.local/lib/python3.7/site-packages/airflow/example_dags/example_branch_day_of_week_operator.py
[2022-02-19 14:40:33,249] {processor.py:654} INFO - DAG(s) dict_keys(['example_weekday_branch_operator']) retrieved from /home/airflow/.local/lib/python3.7/site-packages/airflow/example_dags/example_branch_day_of_week_operator.py
[2022-02-19 14:40:33,260] {logging_mixin.py:109} INFO - [2022-02-19 14:40:33,260] {dag.py:2396} INFO - Sync 1 DAGs
[2022-02-19 14:40:33,284] {logging_mixin.py:109} INFO - [2022-02-19 14:40:33,284] {dag.py:2935} INFO - Setting next_dagrun for example_weekday_branch_operator to 2022-02-18 00:00:00+00:00
[2022-02-19 14:40:33,300] {processor.py:171} INFO - Processing /home/airflow/.local/lib/python3.7/site-packages/airflow/example_dags/example_branch_day_of_week_operator.py took 0.097 seconds
[2022-02-19 14:41:03,503] {processor.py:163} INFO - Started process (PID=510) to work on /home/airflow/.local/lib/python3.7/site-packages/airflow/example_dags/example_branch_day_of_week_operator.py
[2022-02-19 14:41:03,505] {processor.py:642} INFO - Processing file /home/airflow/.local/lib/python3.7/site-packages/airflow/example_dags/example_branch_day_of_week_operator.py for tasks to queue
[2022-02-19 14:41:03,506] {logging_mixin.py:109} INFO - [2022-02-19 14:41:03,506] {dagbag.py:500} INFO - Filling up the DagBag from /home/airflow/.local/lib/python3.7/site-packages/airflow/example_dags/example_branch_day_of_week_operator.py
[2022-02-19 14:41:03,537] {processor.py:654} INFO - DAG(s) dict_keys(['example_weekday_branch_operator']) retrieved from /home/airflow/.local/lib/python3.7/site-packages/airflow/example_dags/example_branch_day_of_week_operator.py
[2022-02-19 14:41:03,547] {logging_mixin.py:109} INFO - [2022-02-19 14:41:03,547] {dag.py:2396} INFO - Sync 1 DAGs
[2022-02-19 14:41:03,564] {logging_mixin.py:109} INFO - [2022-02-19 14:41:03,564] {dag.py:2935} INFO - Setting next_dagrun for example_weekday_branch_operator to 2022-02-18 00:00:00+00:00
[2022-02-19 14:41:03,574] {processor.py:171} INFO - Processing /home/airflow/.local/lib/python3.7/site-packages/airflow/example_dags/example_branch_day_of_week_operator.py took 0.074 seconds
[2022-02-19 14:41:33,874] {processor.py:163} INFO - Started process (PID=561) to work on /home/airflow/.local/lib/python3.7/site-packages/airflow/example_dags/example_branch_day_of_week_operator.py
[2022-02-19 14:41:33,876] {processor.py:642} INFO - Processing file /home/airflow/.local/lib/python3.7/site-packages/airflow/example_dags/example_branch_day_of_week_operator.py for tasks to queue
[2022-02-19 14:41:33,877] {logging_mixin.py:109} INFO - [2022-02-19 14:41:33,877] {dagbag.py:500} INFO - Filling up the DagBag from /home/airflow/.local/lib/python3.7/site-packages/airflow/example_dags/example_branch_day_of_week_operator.py
[2022-02-19 14:41:33,907] {processor.py:654} INFO - DAG(s) dict_keys(['example_weekday_branch_operator']) retrieved from /home/airflow/.local/lib/python3.7/site-packages/airflow/example_dags/example_branch_day_of_week_operator.py
[2022-02-19 14:41:33,917] {logging_mixin.py:109} INFO - [2022-02-19 14:41:33,917] {dag.py:2396} INFO - Sync 1 DAGs
[2022-02-19 14:41:33,935] {logging_mixin.py:109} INFO - [2022-02-19 14:41:33,935] {dag.py:2935} INFO - Setting next_dagrun for example_weekday_branch_operator to 2022-02-18 00:00:00+00:00
[2022-02-19 14:41:33,946] {processor.py:171} INFO - Processing /home/airflow/.local/lib/python3.7/site-packages/airflow/example_dags/example_branch_day_of_week_operator.py took 0.075 seconds
[2022-02-19 14:42:04,558] {processor.py:163} INFO - Started process (PID=622) to work on /home/airflow/.local/lib/python3.7/site-packages/airflow/example_dags/example_branch_day_of_week_operator.py
[2022-02-19 14:42:04,560] {processor.py:642} INFO - Processing file /home/airflow/.local/lib/python3.7/site-packages/airflow/example_dags/example_branch_day_of_week_operator.py for tasks to queue
[2022-02-19 14:42:04,561] {logging_mixin.py:109} INFO - [2022-02-19 14:42:04,561] {dagbag.py:500} INFO - Filling up the DagBag from /home/airflow/.local/lib/python3.7/site-packages/airflow/example_dags/example_branch_day_of_week_operator.py
[2022-02-19 14:42:04,591] {processor.py:654} INFO - DAG(s) dict_keys(['example_weekday_branch_operator']) retrieved from /home/airflow/.local/lib/python3.7/site-packages/airflow/example_dags/example_branch_day_of_week_operator.py
[2022-02-19 14:42:04,601] {logging_mixin.py:109} INFO - [2022-02-19 14:42:04,601] {dag.py:2396} INFO - Sync 1 DAGs
[2022-02-19 14:42:04,621] {logging_mixin.py:109} INFO - [2022-02-19 14:42:04,621] {dag.py:2935} INFO - Setting next_dagrun for example_weekday_branch_operator to 2022-02-18 00:00:00+00:00
[2022-02-19 14:42:04,632] {processor.py:171} INFO - Processing /home/airflow/.local/lib/python3.7/site-packages/airflow/example_dags/example_branch_day_of_week_operator.py took 0.078 seconds
[2022-02-19 14:42:35,041] {processor.py:163} INFO - Started process (PID=673) to work on /home/airflow/.local/lib/python3.7/site-packages/airflow/example_dags/example_branch_day_of_week_operator.py
[2022-02-19 14:42:35,043] {processor.py:642} INFO - Processing file /home/airflow/.local/lib/python3.7/site-packages/airflow/example_dags/example_branch_day_of_week_operator.py for tasks to queue
[2022-02-19 14:42:35,044] {logging_mixin.py:109} INFO - [2022-02-19 14:42:35,044] {dagbag.py:500} INFO - Filling up the DagBag from /home/airflow/.local/lib/python3.7/site-packages/airflow/example_dags/example_branch_day_of_week_operator.py
[2022-02-19 14:42:35,079] {processor.py:654} INFO - DAG(s) dict_keys(['example_weekday_branch_operator']) retrieved from /home/airflow/.local/lib/python3.7/site-packages/airflow/example_dags/example_branch_day_of_week_operator.py
[2022-02-19 14:42:35,093] {logging_mixin.py:109} INFO - [2022-02-19 14:42:35,093] {dag.py:2396} INFO - Sync 1 DAGs
[2022-02-19 14:42:35,116] {logging_mixin.py:109} INFO - [2022-02-19 14:42:35,116] {dag.py:2935} INFO - Setting next_dagrun for example_weekday_branch_operator to 2022-02-18 00:00:00+00:00
[2022-02-19 14:42:35,126] {processor.py:171} INFO - Processing /home/airflow/.local/lib/python3.7/site-packages/airflow/example_dags/example_branch_day_of_week_operator.py took 0.088 seconds
[2022-02-19 14:43:05,171] {processor.py:163} INFO - Started process (PID=724) to work on /home/airflow/.local/lib/python3.7/site-packages/airflow/example_dags/example_branch_day_of_week_operator.py
[2022-02-19 14:43:05,173] {processor.py:642} INFO - Processing file /home/airflow/.local/lib/python3.7/site-packages/airflow/example_dags/example_branch_day_of_week_operator.py for tasks to queue
[2022-02-19 14:43:05,174] {logging_mixin.py:109} INFO - [2022-02-19 14:43:05,174] {dagbag.py:500} INFO - Filling up the DagBag from /home/airflow/.local/lib/python3.7/site-packages/airflow/example_dags/example_branch_day_of_week_operator.py
[2022-02-19 14:43:05,203] {processor.py:654} INFO - DAG(s) dict_keys(['example_weekday_branch_operator']) retrieved from /home/airflow/.local/lib/python3.7/site-packages/airflow/example_dags/example_branch_day_of_week_operator.py
[2022-02-19 14:43:05,220] {logging_mixin.py:109} INFO - [2022-02-19 14:43:05,219] {dag.py:2396} INFO - Sync 1 DAGs
[2022-02-19 14:43:05,240] {logging_mixin.py:109} INFO - [2022-02-19 14:43:05,240] {dag.py:2935} INFO - Setting next_dagrun for example_weekday_branch_operator to 2022-02-18 00:00:00+00:00
[2022-02-19 14:43:05,250] {processor.py:171} INFO - Processing /home/airflow/.local/lib/python3.7/site-packages/airflow/example_dags/example_branch_day_of_week_operator.py took 0.083 seconds
[2022-02-19 14:43:35,853] {processor.py:163} INFO - Started process (PID=785) to work on /home/airflow/.local/lib/python3.7/site-packages/airflow/example_dags/example_branch_day_of_week_operator.py
[2022-02-19 14:43:35,855] {processor.py:642} INFO - Processing file /home/airflow/.local/lib/python3.7/site-packages/airflow/example_dags/example_branch_day_of_week_operator.py for tasks to queue
[2022-02-19 14:43:35,856] {logging_mixin.py:109} INFO - [2022-02-19 14:43:35,856] {dagbag.py:500} INFO - Filling up the DagBag from /home/airflow/.local/lib/python3.7/site-packages/airflow/example_dags/example_branch_day_of_week_operator.py
[2022-02-19 14:43:35,883] {processor.py:654} INFO - DAG(s) dict_keys(['example_weekday_branch_operator']) retrieved from /home/airflow/.local/lib/python3.7/site-packages/airflow/example_dags/example_branch_day_of_week_operator.py
[2022-02-19 14:43:35,893] {logging_mixin.py:109} INFO - [2022-02-19 14:43:35,893] {dag.py:2396} INFO - Sync 1 DAGs
[2022-02-19 14:43:35,908] {logging_mixin.py:109} INFO - [2022-02-19 14:43:35,908] {dag.py:2935} INFO - Setting next_dagrun for example_weekday_branch_operator to 2022-02-18 00:00:00+00:00
[2022-02-19 14:43:35,917] {processor.py:171} INFO - Processing /home/airflow/.local/lib/python3.7/site-packages/airflow/example_dags/example_branch_day_of_week_operator.py took 0.067 seconds
[2022-02-19 14:44:06,752] {processor.py:163} INFO - Started process (PID=835) to work on /home/airflow/.local/lib/python3.7/site-packages/airflow/example_dags/example_branch_day_of_week_operator.py
[2022-02-19 14:44:06,753] {processor.py:642} INFO - Processing file /home/airflow/.local/lib/python3.7/site-packages/airflow/example_dags/example_branch_day_of_week_operator.py for tasks to queue
[2022-02-19 14:44:06,754] {logging_mixin.py:109} INFO - [2022-02-19 14:44:06,754] {dagbag.py:500} INFO - Filling up the DagBag from /home/airflow/.local/lib/python3.7/site-packages/airflow/example_dags/example_branch_day_of_week_operator.py
[2022-02-19 14:44:06,781] {processor.py:654} INFO - DAG(s) dict_keys(['example_weekday_branch_operator']) retrieved from /home/airflow/.local/lib/python3.7/site-packages/airflow/example_dags/example_branch_day_of_week_operator.py
[2022-02-19 14:44:06,791] {logging_mixin.py:109} INFO - [2022-02-19 14:44:06,791] {dag.py:2396} INFO - Sync 1 DAGs
[2022-02-19 14:44:06,806] {logging_mixin.py:109} INFO - [2022-02-19 14:44:06,806] {dag.py:2935} INFO - Setting next_dagrun for example_weekday_branch_operator to 2022-02-18 00:00:00+00:00
[2022-02-19 14:44:06,813] {processor.py:171} INFO - Processing /home/airflow/.local/lib/python3.7/site-packages/airflow/example_dags/example_branch_day_of_week_operator.py took 0.065 seconds
[2022-02-19 14:44:37,388] {processor.py:163} INFO - Started process (PID=895) to work on /home/airflow/.local/lib/python3.7/site-packages/airflow/example_dags/example_branch_day_of_week_operator.py
[2022-02-19 14:44:37,390] {processor.py:642} INFO - Processing file /home/airflow/.local/lib/python3.7/site-packages/airflow/example_dags/example_branch_day_of_week_operator.py for tasks to queue
[2022-02-19 14:44:37,391] {logging_mixin.py:109} INFO - [2022-02-19 14:44:37,391] {dagbag.py:500} INFO - Filling up the DagBag from /home/airflow/.local/lib/python3.7/site-packages/airflow/example_dags/example_branch_day_of_week_operator.py
[2022-02-19 14:44:37,419] {processor.py:654} INFO - DAG(s) dict_keys(['example_weekday_branch_operator']) retrieved from /home/airflow/.local/lib/python3.7/site-packages/airflow/example_dags/example_branch_day_of_week_operator.py
[2022-02-19 14:44:37,429] {logging_mixin.py:109} INFO - [2022-02-19 14:44:37,429] {dag.py:2396} INFO - Sync 1 DAGs
[2022-02-19 14:44:37,448] {logging_mixin.py:109} INFO - [2022-02-19 14:44:37,447] {dag.py:2935} INFO - Setting next_dagrun for example_weekday_branch_operator to 2022-02-18 00:00:00+00:00
[2022-02-19 14:44:37,457] {processor.py:171} INFO - Processing /home/airflow/.local/lib/python3.7/site-packages/airflow/example_dags/example_branch_day_of_week_operator.py took 0.073 seconds
[2022-02-19 14:45:08,131] {processor.py:163} INFO - Started process (PID=946) to work on /home/airflow/.local/lib/python3.7/site-packages/airflow/example_dags/example_branch_day_of_week_operator.py
[2022-02-19 14:45:08,133] {processor.py:642} INFO - Processing file /home/airflow/.local/lib/python3.7/site-packages/airflow/example_dags/example_branch_day_of_week_operator.py for tasks to queue
[2022-02-19 14:45:08,134] {logging_mixin.py:109} INFO - [2022-02-19 14:45:08,134] {dagbag.py:500} INFO - Filling up the DagBag from /home/airflow/.local/lib/python3.7/site-packages/airflow/example_dags/example_branch_day_of_week_operator.py
[2022-02-19 14:45:08,165] {processor.py:654} INFO - DAG(s) dict_keys(['example_weekday_branch_operator']) retrieved from /home/airflow/.local/lib/python3.7/site-packages/airflow/example_dags/example_branch_day_of_week_operator.py
[2022-02-19 14:45:08,176] {logging_mixin.py:109} INFO - [2022-02-19 14:45:08,176] {dag.py:2396} INFO - Sync 1 DAGs
[2022-02-19 14:45:08,199] {logging_mixin.py:109} INFO - [2022-02-19 14:45:08,199] {dag.py:2935} INFO - Setting next_dagrun for example_weekday_branch_operator to 2022-02-18 00:00:00+00:00
[2022-02-19 14:45:08,210] {processor.py:171} INFO - Processing /home/airflow/.local/lib/python3.7/site-packages/airflow/example_dags/example_branch_day_of_week_operator.py took 0.082 seconds
[2022-02-19 14:45:38,275] {processor.py:163} INFO - Started process (PID=1005) to work on /home/airflow/.local/lib/python3.7/site-packages/airflow/example_dags/example_branch_day_of_week_operator.py
[2022-02-19 14:45:38,277] {processor.py:642} INFO - Processing file /home/airflow/.local/lib/python3.7/site-packages/airflow/example_dags/example_branch_day_of_week_operator.py for tasks to queue
[2022-02-19 14:45:38,278] {logging_mixin.py:109} INFO - [2022-02-19 14:45:38,278] {dagbag.py:500} INFO - Filling up the DagBag from /home/airflow/.local/lib/python3.7/site-packages/airflow/example_dags/example_branch_day_of_week_operator.py
[2022-02-19 14:45:38,306] {processor.py:654} INFO - DAG(s) dict_keys(['example_weekday_branch_operator']) retrieved from /home/airflow/.local/lib/python3.7/site-packages/airflow/example_dags/example_branch_day_of_week_operator.py
[2022-02-19 14:45:38,316] {logging_mixin.py:109} INFO - [2022-02-19 14:45:38,316] {dag.py:2396} INFO - Sync 1 DAGs
[2022-02-19 14:45:38,332] {logging_mixin.py:109} INFO - [2022-02-19 14:45:38,332] {dag.py:2935} INFO - Setting next_dagrun for example_weekday_branch_operator to 2022-02-18 00:00:00+00:00
[2022-02-19 14:45:38,340] {processor.py:171} INFO - Processing /home/airflow/.local/lib/python3.7/site-packages/airflow/example_dags/example_branch_day_of_week_operator.py took 0.069 seconds
[2022-02-19 14:46:08,823] {processor.py:163} INFO - Started process (PID=1056) to work on /home/airflow/.local/lib/python3.7/site-packages/airflow/example_dags/example_branch_day_of_week_operator.py
[2022-02-19 14:46:08,825] {processor.py:642} INFO - Processing file /home/airflow/.local/lib/python3.7/site-packages/airflow/example_dags/example_branch_day_of_week_operator.py for tasks to queue
[2022-02-19 14:46:08,826] {logging_mixin.py:109} INFO - [2022-02-19 14:46:08,826] {dagbag.py:500} INFO - Filling up the DagBag from /home/airflow/.local/lib/python3.7/site-packages/airflow/example_dags/example_branch_day_of_week_operator.py
[2022-02-19 14:46:08,850] {processor.py:654} INFO - DAG(s) dict_keys(['example_weekday_branch_operator']) retrieved from /home/airflow/.local/lib/python3.7/site-packages/airflow/example_dags/example_branch_day_of_week_operator.py
[2022-02-19 14:46:08,858] {logging_mixin.py:109} INFO - [2022-02-19 14:46:08,858] {dag.py:2396} INFO - Sync 1 DAGs
[2022-02-19 14:46:08,873] {logging_mixin.py:109} INFO - [2022-02-19 14:46:08,873] {dag.py:2935} INFO - Setting next_dagrun for example_weekday_branch_operator to 2022-02-18 00:00:00+00:00
[2022-02-19 14:46:08,881] {processor.py:171} INFO - Processing /home/airflow/.local/lib/python3.7/site-packages/airflow/example_dags/example_branch_day_of_week_operator.py took 0.061 seconds
[2022-02-19 14:46:39,112] {processor.py:163} INFO - Started process (PID=1116) to work on /home/airflow/.local/lib/python3.7/site-packages/airflow/example_dags/example_branch_day_of_week_operator.py
[2022-02-19 14:46:39,115] {processor.py:642} INFO - Processing file /home/airflow/.local/lib/python3.7/site-packages/airflow/example_dags/example_branch_day_of_week_operator.py for tasks to queue
[2022-02-19 14:46:39,116] {logging_mixin.py:109} INFO - [2022-02-19 14:46:39,116] {dagbag.py:500} INFO - Filling up the DagBag from /home/airflow/.local/lib/python3.7/site-packages/airflow/example_dags/example_branch_day_of_week_operator.py
[2022-02-19 14:46:39,145] {processor.py:654} INFO - DAG(s) dict_keys(['example_weekday_branch_operator']) retrieved from /home/airflow/.local/lib/python3.7/site-packages/airflow/example_dags/example_branch_day_of_week_operator.py
[2022-02-19 14:46:39,155] {logging_mixin.py:109} INFO - [2022-02-19 14:46:39,155] {dag.py:2396} INFO - Sync 1 DAGs
[2022-02-19 14:46:39,172] {logging_mixin.py:109} INFO - [2022-02-19 14:46:39,171] {dag.py:2935} INFO - Setting next_dagrun for example_weekday_branch_operator to 2022-02-18 00:00:00+00:00
[2022-02-19 14:46:39,180] {processor.py:171} INFO - Processing /home/airflow/.local/lib/python3.7/site-packages/airflow/example_dags/example_branch_day_of_week_operator.py took 0.071 seconds
[2022-02-19 14:47:09,287] {processor.py:163} INFO - Started process (PID=1166) to work on /home/airflow/.local/lib/python3.7/site-packages/airflow/example_dags/example_branch_day_of_week_operator.py
[2022-02-19 14:47:09,289] {processor.py:642} INFO - Processing file /home/airflow/.local/lib/python3.7/site-packages/airflow/example_dags/example_branch_day_of_week_operator.py for tasks to queue
[2022-02-19 14:47:09,290] {logging_mixin.py:109} INFO - [2022-02-19 14:47:09,290] {dagbag.py:500} INFO - Filling up the DagBag from /home/airflow/.local/lib/python3.7/site-packages/airflow/example_dags/example_branch_day_of_week_operator.py
[2022-02-19 14:47:09,320] {processor.py:654} INFO - DAG(s) dict_keys(['example_weekday_branch_operator']) retrieved from /home/airflow/.local/lib/python3.7/site-packages/airflow/example_dags/example_branch_day_of_week_operator.py
[2022-02-19 14:47:09,331] {logging_mixin.py:109} INFO - [2022-02-19 14:47:09,331] {dag.py:2396} INFO - Sync 1 DAGs
[2022-02-19 14:47:09,348] {logging_mixin.py:109} INFO - [2022-02-19 14:47:09,347] {dag.py:2935} INFO - Setting next_dagrun for example_weekday_branch_operator to 2022-02-18 00:00:00+00:00
[2022-02-19 14:47:09,356] {processor.py:171} INFO - Processing /home/airflow/.local/lib/python3.7/site-packages/airflow/example_dags/example_branch_day_of_week_operator.py took 0.073 seconds
[2022-02-19 14:47:39,435] {processor.py:163} INFO - Started process (PID=1225) to work on /home/airflow/.local/lib/python3.7/site-packages/airflow/example_dags/example_branch_day_of_week_operator.py
[2022-02-19 14:47:39,438] {processor.py:642} INFO - Processing file /home/airflow/.local/lib/python3.7/site-packages/airflow/example_dags/example_branch_day_of_week_operator.py for tasks to queue
[2022-02-19 14:47:39,439] {logging_mixin.py:109} INFO - [2022-02-19 14:47:39,439] {dagbag.py:500} INFO - Filling up the DagBag from /home/airflow/.local/lib/python3.7/site-packages/airflow/example_dags/example_branch_day_of_week_operator.py
[2022-02-19 14:47:39,468] {processor.py:654} INFO - DAG(s) dict_keys(['example_weekday_branch_operator']) retrieved from /home/airflow/.local/lib/python3.7/site-packages/airflow/example_dags/example_branch_day_of_week_operator.py
[2022-02-19 14:47:39,480] {logging_mixin.py:109} INFO - [2022-02-19 14:47:39,480] {dag.py:2396} INFO - Sync 1 DAGs
[2022-02-19 14:47:39,500] {logging_mixin.py:109} INFO - [2022-02-19 14:47:39,500] {dag.py:2935} INFO - Setting next_dagrun for example_weekday_branch_operator to 2022-02-18 00:00:00+00:00
[2022-02-19 14:47:39,519] {processor.py:171} INFO - Processing /home/airflow/.local/lib/python3.7/site-packages/airflow/example_dags/example_branch_day_of_week_operator.py took 0.089 seconds
[2022-02-19 14:48:10,456] {processor.py:163} INFO - Started process (PID=1276) to work on /home/airflow/.local/lib/python3.7/site-packages/airflow/example_dags/example_branch_day_of_week_operator.py
[2022-02-19 14:48:10,458] {processor.py:642} INFO - Processing file /home/airflow/.local/lib/python3.7/site-packages/airflow/example_dags/example_branch_day_of_week_operator.py for tasks to queue
[2022-02-19 14:48:10,460] {logging_mixin.py:109} INFO - [2022-02-19 14:48:10,460] {dagbag.py:500} INFO - Filling up the DagBag from /home/airflow/.local/lib/python3.7/site-packages/airflow/example_dags/example_branch_day_of_week_operator.py
[2022-02-19 14:48:10,485] {processor.py:654} INFO - DAG(s) dict_keys(['example_weekday_branch_operator']) retrieved from /home/airflow/.local/lib/python3.7/site-packages/airflow/example_dags/example_branch_day_of_week_operator.py
[2022-02-19 14:48:10,494] {logging_mixin.py:109} INFO - [2022-02-19 14:48:10,494] {dag.py:2396} INFO - Sync 1 DAGs
[2022-02-19 14:48:10,511] {logging_mixin.py:109} INFO - [2022-02-19 14:48:10,511] {dag.py:2935} INFO - Setting next_dagrun for example_weekday_branch_operator to 2022-02-18 00:00:00+00:00
[2022-02-19 14:48:10,520] {processor.py:171} INFO - Processing /home/airflow/.local/lib/python3.7/site-packages/airflow/example_dags/example_branch_day_of_week_operator.py took 0.067 seconds
[2022-02-19 14:48:40,724] {processor.py:163} INFO - Started process (PID=1336) to work on /home/airflow/.local/lib/python3.7/site-packages/airflow/example_dags/example_branch_day_of_week_operator.py
[2022-02-19 14:48:40,726] {processor.py:642} INFO - Processing file /home/airflow/.local/lib/python3.7/site-packages/airflow/example_dags/example_branch_day_of_week_operator.py for tasks to queue
[2022-02-19 14:48:40,728] {logging_mixin.py:109} INFO - [2022-02-19 14:48:40,728] {dagbag.py:500} INFO - Filling up the DagBag from /home/airflow/.local/lib/python3.7/site-packages/airflow/example_dags/example_branch_day_of_week_operator.py
[2022-02-19 14:48:40,761] {processor.py:654} INFO - DAG(s) dict_keys(['example_weekday_branch_operator']) retrieved from /home/airflow/.local/lib/python3.7/site-packages/airflow/example_dags/example_branch_day_of_week_operator.py
[2022-02-19 14:48:40,772] {logging_mixin.py:109} INFO - [2022-02-19 14:48:40,772] {dag.py:2396} INFO - Sync 1 DAGs
[2022-02-19 14:48:40,790] {logging_mixin.py:109} INFO - [2022-02-19 14:48:40,790] {dag.py:2935} INFO - Setting next_dagrun for example_weekday_branch_operator to 2022-02-18 00:00:00+00:00
[2022-02-19 14:48:40,799] {processor.py:171} INFO - Processing /home/airflow/.local/lib/python3.7/site-packages/airflow/example_dags/example_branch_day_of_week_operator.py took 0.079 seconds
[2022-02-19 14:49:11,653] {processor.py:163} INFO - Started process (PID=1387) to work on /home/airflow/.local/lib/python3.7/site-packages/airflow/example_dags/example_branch_day_of_week_operator.py
[2022-02-19 14:49:11,656] {processor.py:642} INFO - Processing file /home/airflow/.local/lib/python3.7/site-packages/airflow/example_dags/example_branch_day_of_week_operator.py for tasks to queue
[2022-02-19 14:49:11,657] {logging_mixin.py:109} INFO - [2022-02-19 14:49:11,657] {dagbag.py:500} INFO - Filling up the DagBag from /home/airflow/.local/lib/python3.7/site-packages/airflow/example_dags/example_branch_day_of_week_operator.py
[2022-02-19 14:49:11,687] {processor.py:654} INFO - DAG(s) dict_keys(['example_weekday_branch_operator']) retrieved from /home/airflow/.local/lib/python3.7/site-packages/airflow/example_dags/example_branch_day_of_week_operator.py
[2022-02-19 14:49:11,697] {logging_mixin.py:109} INFO - [2022-02-19 14:49:11,697] {dag.py:2396} INFO - Sync 1 DAGs
[2022-02-19 14:49:11,714] {logging_mixin.py:109} INFO - [2022-02-19 14:49:11,714] {dag.py:2935} INFO - Setting next_dagrun for example_weekday_branch_operator to 2022-02-18 00:00:00+00:00
[2022-02-19 14:49:11,724] {processor.py:171} INFO - Processing /home/airflow/.local/lib/python3.7/site-packages/airflow/example_dags/example_branch_day_of_week_operator.py took 0.074 seconds
[2022-02-19 14:49:41,813] {processor.py:163} INFO - Started process (PID=1447) to work on /home/airflow/.local/lib/python3.7/site-packages/airflow/example_dags/example_branch_day_of_week_operator.py
[2022-02-19 14:49:41,816] {processor.py:642} INFO - Processing file /home/airflow/.local/lib/python3.7/site-packages/airflow/example_dags/example_branch_day_of_week_operator.py for tasks to queue
[2022-02-19 14:49:41,818] {logging_mixin.py:109} INFO - [2022-02-19 14:49:41,817] {dagbag.py:500} INFO - Filling up the DagBag from /home/airflow/.local/lib/python3.7/site-packages/airflow/example_dags/example_branch_day_of_week_operator.py
[2022-02-19 14:49:41,850] {processor.py:654} INFO - DAG(s) dict_keys(['example_weekday_branch_operator']) retrieved from /home/airflow/.local/lib/python3.7/site-packages/airflow/example_dags/example_branch_day_of_week_operator.py
[2022-02-19 14:49:41,863] {logging_mixin.py:109} INFO - [2022-02-19 14:49:41,863] {dag.py:2396} INFO - Sync 1 DAGs
[2022-02-19 14:49:41,880] {logging_mixin.py:109} INFO - [2022-02-19 14:49:41,880] {dag.py:2935} INFO - Setting next_dagrun for example_weekday_branch_operator to 2022-02-18 00:00:00+00:00
[2022-02-19 14:49:41,889] {processor.py:171} INFO - Processing /home/airflow/.local/lib/python3.7/site-packages/airflow/example_dags/example_branch_day_of_week_operator.py took 0.084 seconds
[2022-02-19 14:50:12,022] {processor.py:163} INFO - Started process (PID=1497) to work on /home/airflow/.local/lib/python3.7/site-packages/airflow/example_dags/example_branch_day_of_week_operator.py
[2022-02-19 14:50:12,024] {processor.py:642} INFO - Processing file /home/airflow/.local/lib/python3.7/site-packages/airflow/example_dags/example_branch_day_of_week_operator.py for tasks to queue
[2022-02-19 14:50:12,025] {logging_mixin.py:109} INFO - [2022-02-19 14:50:12,025] {dagbag.py:500} INFO - Filling up the DagBag from /home/airflow/.local/lib/python3.7/site-packages/airflow/example_dags/example_branch_day_of_week_operator.py
[2022-02-19 14:50:12,054] {processor.py:654} INFO - DAG(s) dict_keys(['example_weekday_branch_operator']) retrieved from /home/airflow/.local/lib/python3.7/site-packages/airflow/example_dags/example_branch_day_of_week_operator.py
[2022-02-19 14:50:12,064] {logging_mixin.py:109} INFO - [2022-02-19 14:50:12,064] {dag.py:2396} INFO - Sync 1 DAGs
[2022-02-19 14:50:12,080] {logging_mixin.py:109} INFO - [2022-02-19 14:50:12,080] {dag.py:2935} INFO - Setting next_dagrun for example_weekday_branch_operator to 2022-02-18 00:00:00+00:00
[2022-02-19 14:50:12,089] {processor.py:171} INFO - Processing /home/airflow/.local/lib/python3.7/site-packages/airflow/example_dags/example_branch_day_of_week_operator.py took 0.071 seconds
[2022-02-19 14:50:42,854] {processor.py:163} INFO - Started process (PID=1557) to work on /home/airflow/.local/lib/python3.7/site-packages/airflow/example_dags/example_branch_day_of_week_operator.py
[2022-02-19 14:50:42,856] {processor.py:642} INFO - Processing file /home/airflow/.local/lib/python3.7/site-packages/airflow/example_dags/example_branch_day_of_week_operator.py for tasks to queue
[2022-02-19 14:50:42,857] {logging_mixin.py:109} INFO - [2022-02-19 14:50:42,857] {dagbag.py:500} INFO - Filling up the DagBag from /home/airflow/.local/lib/python3.7/site-packages/airflow/example_dags/example_branch_day_of_week_operator.py
[2022-02-19 14:50:42,887] {processor.py:654} INFO - DAG(s) dict_keys(['example_weekday_branch_operator']) retrieved from /home/airflow/.local/lib/python3.7/site-packages/airflow/example_dags/example_branch_day_of_week_operator.py
[2022-02-19 14:50:42,897] {logging_mixin.py:109} INFO - [2022-02-19 14:50:42,897] {dag.py:2396} INFO - Sync 1 DAGs
[2022-02-19 14:50:42,914] {logging_mixin.py:109} INFO - [2022-02-19 14:50:42,914] {dag.py:2935} INFO - Setting next_dagrun for example_weekday_branch_operator to 2022-02-18 00:00:00+00:00
[2022-02-19 14:50:42,923] {processor.py:171} INFO - Processing /home/airflow/.local/lib/python3.7/site-packages/airflow/example_dags/example_branch_day_of_week_operator.py took 0.073 seconds
[2022-02-19 14:51:13,523] {processor.py:163} INFO - Started process (PID=1607) to work on /home/airflow/.local/lib/python3.7/site-packages/airflow/example_dags/example_branch_day_of_week_operator.py
[2022-02-19 14:51:13,525] {processor.py:642} INFO - Processing file /home/airflow/.local/lib/python3.7/site-packages/airflow/example_dags/example_branch_day_of_week_operator.py for tasks to queue
[2022-02-19 14:51:13,527] {logging_mixin.py:109} INFO - [2022-02-19 14:51:13,526] {dagbag.py:500} INFO - Filling up the DagBag from /home/airflow/.local/lib/python3.7/site-packages/airflow/example_dags/example_branch_day_of_week_operator.py
[2022-02-19 14:51:13,551] {processor.py:654} INFO - DAG(s) dict_keys(['example_weekday_branch_operator']) retrieved from /home/airflow/.local/lib/python3.7/site-packages/airflow/example_dags/example_branch_day_of_week_operator.py
[2022-02-19 14:51:13,562] {logging_mixin.py:109} INFO - [2022-02-19 14:51:13,562] {dag.py:2396} INFO - Sync 1 DAGs
[2022-02-19 14:51:13,582] {logging_mixin.py:109} INFO - [2022-02-19 14:51:13,581] {dag.py:2935} INFO - Setting next_dagrun for example_weekday_branch_operator to 2022-02-18 00:00:00+00:00
[2022-02-19 14:51:13,591] {processor.py:171} INFO - Processing /home/airflow/.local/lib/python3.7/site-packages/airflow/example_dags/example_branch_day_of_week_operator.py took 0.071 seconds
[2022-02-19 14:51:43,615] {processor.py:163} INFO - Started process (PID=1668) to work on /home/airflow/.local/lib/python3.7/site-packages/airflow/example_dags/example_branch_day_of_week_operator.py
[2022-02-19 14:51:43,617] {processor.py:642} INFO - Processing file /home/airflow/.local/lib/python3.7/site-packages/airflow/example_dags/example_branch_day_of_week_operator.py for tasks to queue
[2022-02-19 14:51:43,618] {logging_mixin.py:109} INFO - [2022-02-19 14:51:43,618] {dagbag.py:500} INFO - Filling up the DagBag from /home/airflow/.local/lib/python3.7/site-packages/airflow/example_dags/example_branch_day_of_week_operator.py
[2022-02-19 14:51:43,646] {processor.py:654} INFO - DAG(s) dict_keys(['example_weekday_branch_operator']) retrieved from /home/airflow/.local/lib/python3.7/site-packages/airflow/example_dags/example_branch_day_of_week_operator.py
[2022-02-19 14:51:43,656] {logging_mixin.py:109} INFO - [2022-02-19 14:51:43,656] {dag.py:2396} INFO - Sync 1 DAGs
[2022-02-19 14:51:43,671] {logging_mixin.py:109} INFO - [2022-02-19 14:51:43,671] {dag.py:2935} INFO - Setting next_dagrun for example_weekday_branch_operator to 2022-02-18 00:00:00+00:00
[2022-02-19 14:51:43,680] {processor.py:171} INFO - Processing /home/airflow/.local/lib/python3.7/site-packages/airflow/example_dags/example_branch_day_of_week_operator.py took 0.069 seconds
[2022-02-19 14:52:13,814] {processor.py:163} INFO - Started process (PID=1719) to work on /home/airflow/.local/lib/python3.7/site-packages/airflow/example_dags/example_branch_day_of_week_operator.py
[2022-02-19 14:52:13,816] {processor.py:642} INFO - Processing file /home/airflow/.local/lib/python3.7/site-packages/airflow/example_dags/example_branch_day_of_week_operator.py for tasks to queue
[2022-02-19 14:52:13,817] {logging_mixin.py:109} INFO - [2022-02-19 14:52:13,817] {dagbag.py:500} INFO - Filling up the DagBag from /home/airflow/.local/lib/python3.7/site-packages/airflow/example_dags/example_branch_day_of_week_operator.py
[2022-02-19 14:52:13,846] {processor.py:654} INFO - DAG(s) dict_keys(['example_weekday_branch_operator']) retrieved from /home/airflow/.local/lib/python3.7/site-packages/airflow/example_dags/example_branch_day_of_week_operator.py
[2022-02-19 14:52:13,856] {logging_mixin.py:109} INFO - [2022-02-19 14:52:13,856] {dag.py:2396} INFO - Sync 1 DAGs
[2022-02-19 14:52:13,872] {logging_mixin.py:109} INFO - [2022-02-19 14:52:13,872] {dag.py:2935} INFO - Setting next_dagrun for example_weekday_branch_operator to 2022-02-18 00:00:00+00:00
[2022-02-19 14:52:13,882] {processor.py:171} INFO - Processing /home/airflow/.local/lib/python3.7/site-packages/airflow/example_dags/example_branch_day_of_week_operator.py took 0.072 seconds
[2022-02-19 14:52:44,791] {processor.py:163} INFO - Started process (PID=1779) to work on /home/airflow/.local/lib/python3.7/site-packages/airflow/example_dags/example_branch_day_of_week_operator.py
[2022-02-19 14:52:44,794] {processor.py:642} INFO - Processing file /home/airflow/.local/lib/python3.7/site-packages/airflow/example_dags/example_branch_day_of_week_operator.py for tasks to queue
[2022-02-19 14:52:44,795] {logging_mixin.py:109} INFO - [2022-02-19 14:52:44,795] {dagbag.py:500} INFO - Filling up the DagBag from /home/airflow/.local/lib/python3.7/site-packages/airflow/example_dags/example_branch_day_of_week_operator.py
[2022-02-19 14:52:44,828] {processor.py:654} INFO - DAG(s) dict_keys(['example_weekday_branch_operator']) retrieved from /home/airflow/.local/lib/python3.7/site-packages/airflow/example_dags/example_branch_day_of_week_operator.py
[2022-02-19 14:52:44,840] {logging_mixin.py:109} INFO - [2022-02-19 14:52:44,840] {dag.py:2396} INFO - Sync 1 DAGs
[2022-02-19 14:52:44,864] {logging_mixin.py:109} INFO - [2022-02-19 14:52:44,864] {dag.py:2935} INFO - Setting next_dagrun for example_weekday_branch_operator to 2022-02-18 00:00:00+00:00
[2022-02-19 14:52:44,877] {processor.py:171} INFO - Processing /home/airflow/.local/lib/python3.7/site-packages/airflow/example_dags/example_branch_day_of_week_operator.py took 0.090 seconds
[2022-02-19 14:53:14,949] {processor.py:163} INFO - Started process (PID=1830) to work on /home/airflow/.local/lib/python3.7/site-packages/airflow/example_dags/example_branch_day_of_week_operator.py
[2022-02-19 14:53:14,951] {processor.py:642} INFO - Processing file /home/airflow/.local/lib/python3.7/site-packages/airflow/example_dags/example_branch_day_of_week_operator.py for tasks to queue
[2022-02-19 14:53:14,953] {logging_mixin.py:109} INFO - [2022-02-19 14:53:14,953] {dagbag.py:500} INFO - Filling up the DagBag from /home/airflow/.local/lib/python3.7/site-packages/airflow/example_dags/example_branch_day_of_week_operator.py
[2022-02-19 14:53:14,982] {processor.py:654} INFO - DAG(s) dict_keys(['example_weekday_branch_operator']) retrieved from /home/airflow/.local/lib/python3.7/site-packages/airflow/example_dags/example_branch_day_of_week_operator.py
[2022-02-19 14:53:14,992] {logging_mixin.py:109} INFO - [2022-02-19 14:53:14,992] {dag.py:2396} INFO - Sync 1 DAGs
[2022-02-19 14:53:15,008] {logging_mixin.py:109} INFO - [2022-02-19 14:53:15,008] {dag.py:2935} INFO - Setting next_dagrun for example_weekday_branch_operator to 2022-02-18 00:00:00+00:00
[2022-02-19 14:53:15,087] {processor.py:171} INFO - Processing /home/airflow/.local/lib/python3.7/site-packages/airflow/example_dags/example_branch_day_of_week_operator.py took 0.144 seconds
[2022-02-19 14:53:45,228] {processor.py:163} INFO - Started process (PID=1886) to work on /home/airflow/.local/lib/python3.7/site-packages/airflow/example_dags/example_branch_day_of_week_operator.py
[2022-02-19 14:53:45,230] {processor.py:642} INFO - Processing file /home/airflow/.local/lib/python3.7/site-packages/airflow/example_dags/example_branch_day_of_week_operator.py for tasks to queue
[2022-02-19 14:53:45,231] {logging_mixin.py:109} INFO - [2022-02-19 14:53:45,231] {dagbag.py:500} INFO - Filling up the DagBag from /home/airflow/.local/lib/python3.7/site-packages/airflow/example_dags/example_branch_day_of_week_operator.py
[2022-02-19 14:53:45,256] {processor.py:654} INFO - DAG(s) dict_keys(['example_weekday_branch_operator']) retrieved from /home/airflow/.local/lib/python3.7/site-packages/airflow/example_dags/example_branch_day_of_week_operator.py
[2022-02-19 14:53:45,267] {logging_mixin.py:109} INFO - [2022-02-19 14:53:45,267] {dag.py:2396} INFO - Sync 1 DAGs
[2022-02-19 14:53:45,285] {logging_mixin.py:109} INFO - [2022-02-19 14:53:45,285] {dag.py:2935} INFO - Setting next_dagrun for example_weekday_branch_operator to 2022-02-18 00:00:00+00:00
[2022-02-19 14:53:45,379] {processor.py:171} INFO - Processing /home/airflow/.local/lib/python3.7/site-packages/airflow/example_dags/example_branch_day_of_week_operator.py took 0.153 seconds
[2022-02-19 14:54:15,586] {processor.py:163} INFO - Started process (PID=1938) to work on /home/airflow/.local/lib/python3.7/site-packages/airflow/example_dags/example_branch_day_of_week_operator.py
[2022-02-19 14:54:15,588] {processor.py:642} INFO - Processing file /home/airflow/.local/lib/python3.7/site-packages/airflow/example_dags/example_branch_day_of_week_operator.py for tasks to queue
[2022-02-19 14:54:15,589] {logging_mixin.py:109} INFO - [2022-02-19 14:54:15,589] {dagbag.py:500} INFO - Filling up the DagBag from /home/airflow/.local/lib/python3.7/site-packages/airflow/example_dags/example_branch_day_of_week_operator.py
[2022-02-19 14:54:15,616] {processor.py:654} INFO - DAG(s) dict_keys(['example_weekday_branch_operator']) retrieved from /home/airflow/.local/lib/python3.7/site-packages/airflow/example_dags/example_branch_day_of_week_operator.py
[2022-02-19 14:54:15,625] {logging_mixin.py:109} INFO - [2022-02-19 14:54:15,625] {dag.py:2396} INFO - Sync 1 DAGs
[2022-02-19 14:54:15,717] {logging_mixin.py:109} INFO - [2022-02-19 14:54:15,717] {dag.py:2935} INFO - Setting next_dagrun for example_weekday_branch_operator to 2022-02-18 00:00:00+00:00
[2022-02-19 14:54:15,727] {processor.py:171} INFO - Processing /home/airflow/.local/lib/python3.7/site-packages/airflow/example_dags/example_branch_day_of_week_operator.py took 0.144 seconds
[2022-02-19 14:57:02,481] {processor.py:163} INFO - Started process (PID=1961) to work on /home/airflow/.local/lib/python3.7/site-packages/airflow/example_dags/example_branch_day_of_week_operator.py
[2022-02-19 14:57:02,484] {processor.py:642} INFO - Processing file /home/airflow/.local/lib/python3.7/site-packages/airflow/example_dags/example_branch_day_of_week_operator.py for tasks to queue
[2022-02-19 14:57:02,485] {logging_mixin.py:109} INFO - [2022-02-19 14:57:02,485] {dagbag.py:500} INFO - Filling up the DagBag from /home/airflow/.local/lib/python3.7/site-packages/airflow/example_dags/example_branch_day_of_week_operator.py
[2022-02-19 14:57:02,547] {processor.py:654} INFO - DAG(s) dict_keys(['example_weekday_branch_operator']) retrieved from /home/airflow/.local/lib/python3.7/site-packages/airflow/example_dags/example_branch_day_of_week_operator.py
[2022-02-19 14:57:02,579] {logging_mixin.py:109} INFO - [2022-02-19 14:57:02,579] {dag.py:2396} INFO - Sync 1 DAGs
[2022-02-19 14:57:03,605] {logging_mixin.py:109} INFO - [2022-02-19 14:57:03,605] {dag.py:2935} INFO - Setting next_dagrun for example_weekday_branch_operator to 2022-02-18 00:00:00+00:00
[2022-02-19 14:57:03,642] {processor.py:171} INFO - Processing /home/airflow/.local/lib/python3.7/site-packages/airflow/example_dags/example_branch_day_of_week_operator.py took 1.168 seconds
[2022-02-19 14:58:09,752] {processor.py:163} INFO - Started process (PID=2013) to work on /home/airflow/.local/lib/python3.7/site-packages/airflow/example_dags/example_branch_day_of_week_operator.py
[2022-02-19 14:58:09,755] {processor.py:642} INFO - Processing file /home/airflow/.local/lib/python3.7/site-packages/airflow/example_dags/example_branch_day_of_week_operator.py for tasks to queue
[2022-02-19 14:58:09,757] {logging_mixin.py:109} INFO - [2022-02-19 14:58:09,757] {dagbag.py:500} INFO - Filling up the DagBag from /home/airflow/.local/lib/python3.7/site-packages/airflow/example_dags/example_branch_day_of_week_operator.py
[2022-02-19 14:58:09,796] {processor.py:654} INFO - DAG(s) dict_keys(['example_weekday_branch_operator']) retrieved from /home/airflow/.local/lib/python3.7/site-packages/airflow/example_dags/example_branch_day_of_week_operator.py
[2022-02-19 14:58:09,810] {logging_mixin.py:109} INFO - [2022-02-19 14:58:09,810] {dag.py:2396} INFO - Sync 1 DAGs
[2022-02-19 14:58:09,919] {logging_mixin.py:109} INFO - [2022-02-19 14:58:09,919] {dag.py:2935} INFO - Setting next_dagrun for example_weekday_branch_operator to 2022-02-18 00:00:00+00:00
[2022-02-19 14:58:09,932] {processor.py:171} INFO - Processing /home/airflow/.local/lib/python3.7/site-packages/airflow/example_dags/example_branch_day_of_week_operator.py took 0.184 seconds
[2022-02-19 14:58:40,042] {processor.py:163} INFO - Started process (PID=2063) to work on /home/airflow/.local/lib/python3.7/site-packages/airflow/example_dags/example_branch_day_of_week_operator.py
[2022-02-19 14:58:40,044] {processor.py:642} INFO - Processing file /home/airflow/.local/lib/python3.7/site-packages/airflow/example_dags/example_branch_day_of_week_operator.py for tasks to queue
[2022-02-19 14:58:40,045] {logging_mixin.py:109} INFO - [2022-02-19 14:58:40,045] {dagbag.py:500} INFO - Filling up the DagBag from /home/airflow/.local/lib/python3.7/site-packages/airflow/example_dags/example_branch_day_of_week_operator.py
[2022-02-19 14:58:40,076] {processor.py:654} INFO - DAG(s) dict_keys(['example_weekday_branch_operator']) retrieved from /home/airflow/.local/lib/python3.7/site-packages/airflow/example_dags/example_branch_day_of_week_operator.py
[2022-02-19 14:58:40,163] {logging_mixin.py:109} INFO - [2022-02-19 14:58:40,162] {dag.py:2396} INFO - Sync 1 DAGs
[2022-02-19 14:58:40,180] {logging_mixin.py:109} INFO - [2022-02-19 14:58:40,180] {dag.py:2935} INFO - Setting next_dagrun for example_weekday_branch_operator to 2022-02-18 00:00:00+00:00
[2022-02-19 14:58:40,191] {processor.py:171} INFO - Processing /home/airflow/.local/lib/python3.7/site-packages/airflow/example_dags/example_branch_day_of_week_operator.py took 0.152 seconds
[2022-02-19 15:07:56,059] {processor.py:163} INFO - Started process (PID=2115) to work on /home/airflow/.local/lib/python3.7/site-packages/airflow/example_dags/example_branch_day_of_week_operator.py
[2022-02-19 15:07:56,072] {processor.py:642} INFO - Processing file /home/airflow/.local/lib/python3.7/site-packages/airflow/example_dags/example_branch_day_of_week_operator.py for tasks to queue
[2022-02-19 15:07:56,083] {logging_mixin.py:109} INFO - [2022-02-19 15:07:56,082] {dagbag.py:500} INFO - Filling up the DagBag from /home/airflow/.local/lib/python3.7/site-packages/airflow/example_dags/example_branch_day_of_week_operator.py
[2022-02-19 15:07:56,917] {processor.py:654} INFO - DAG(s) dict_keys(['example_weekday_branch_operator']) retrieved from /home/airflow/.local/lib/python3.7/site-packages/airflow/example_dags/example_branch_day_of_week_operator.py
[2022-02-19 15:07:56,997] {logging_mixin.py:109} INFO - [2022-02-19 15:07:56,996] {dag.py:2396} INFO - Sync 1 DAGs
[2022-02-19 15:07:57,210] {logging_mixin.py:109} INFO - [2022-02-19 15:07:57,209] {dag.py:2935} INFO - Setting next_dagrun for example_weekday_branch_operator to 2022-02-18 00:00:00+00:00
[2022-02-19 15:07:57,300] {processor.py:171} INFO - Processing /home/airflow/.local/lib/python3.7/site-packages/airflow/example_dags/example_branch_day_of_week_operator.py took 1.275 seconds
[2022-02-19 15:08:28,348] {processor.py:163} INFO - Started process (PID=2168) to work on /home/airflow/.local/lib/python3.7/site-packages/airflow/example_dags/example_branch_day_of_week_operator.py
[2022-02-19 15:08:28,350] {processor.py:642} INFO - Processing file /home/airflow/.local/lib/python3.7/site-packages/airflow/example_dags/example_branch_day_of_week_operator.py for tasks to queue
[2022-02-19 15:08:28,352] {logging_mixin.py:109} INFO - [2022-02-19 15:08:28,352] {dagbag.py:500} INFO - Filling up the DagBag from /home/airflow/.local/lib/python3.7/site-packages/airflow/example_dags/example_branch_day_of_week_operator.py
[2022-02-19 15:08:28,473] {processor.py:654} INFO - DAG(s) dict_keys(['example_weekday_branch_operator']) retrieved from /home/airflow/.local/lib/python3.7/site-packages/airflow/example_dags/example_branch_day_of_week_operator.py
[2022-02-19 15:08:28,484] {logging_mixin.py:109} INFO - [2022-02-19 15:08:28,484] {dag.py:2396} INFO - Sync 1 DAGs
[2022-02-19 15:08:28,501] {logging_mixin.py:109} INFO - [2022-02-19 15:08:28,501] {dag.py:2935} INFO - Setting next_dagrun for example_weekday_branch_operator to 2022-02-18 00:00:00+00:00
[2022-02-19 15:08:28,511] {processor.py:171} INFO - Processing /home/airflow/.local/lib/python3.7/site-packages/airflow/example_dags/example_branch_day_of_week_operator.py took 0.167 seconds
[2022-02-19 15:08:58,672] {processor.py:163} INFO - Started process (PID=2219) to work on /home/airflow/.local/lib/python3.7/site-packages/airflow/example_dags/example_branch_day_of_week_operator.py
[2022-02-19 15:08:58,674] {processor.py:642} INFO - Processing file /home/airflow/.local/lib/python3.7/site-packages/airflow/example_dags/example_branch_day_of_week_operator.py for tasks to queue
[2022-02-19 15:08:58,676] {logging_mixin.py:109} INFO - [2022-02-19 15:08:58,675] {dagbag.py:500} INFO - Filling up the DagBag from /home/airflow/.local/lib/python3.7/site-packages/airflow/example_dags/example_branch_day_of_week_operator.py
[2022-02-19 15:08:58,789] {processor.py:654} INFO - DAG(s) dict_keys(['example_weekday_branch_operator']) retrieved from /home/airflow/.local/lib/python3.7/site-packages/airflow/example_dags/example_branch_day_of_week_operator.py
[2022-02-19 15:08:58,800] {logging_mixin.py:109} INFO - [2022-02-19 15:08:58,800] {dag.py:2396} INFO - Sync 1 DAGs
[2022-02-19 15:08:58,817] {logging_mixin.py:109} INFO - [2022-02-19 15:08:58,817] {dag.py:2935} INFO - Setting next_dagrun for example_weekday_branch_operator to 2022-02-18 00:00:00+00:00
[2022-02-19 15:08:58,827] {processor.py:171} INFO - Processing /home/airflow/.local/lib/python3.7/site-packages/airflow/example_dags/example_branch_day_of_week_operator.py took 0.158 seconds
[2022-02-19 15:09:29,133] {processor.py:163} INFO - Started process (PID=2280) to work on /home/airflow/.local/lib/python3.7/site-packages/airflow/example_dags/example_branch_day_of_week_operator.py
[2022-02-19 15:09:29,134] {processor.py:642} INFO - Processing file /home/airflow/.local/lib/python3.7/site-packages/airflow/example_dags/example_branch_day_of_week_operator.py for tasks to queue
[2022-02-19 15:09:29,136] {logging_mixin.py:109} INFO - [2022-02-19 15:09:29,135] {dagbag.py:500} INFO - Filling up the DagBag from /home/airflow/.local/lib/python3.7/site-packages/airflow/example_dags/example_branch_day_of_week_operator.py
[2022-02-19 15:09:29,161] {processor.py:654} INFO - DAG(s) dict_keys(['example_weekday_branch_operator']) retrieved from /home/airflow/.local/lib/python3.7/site-packages/airflow/example_dags/example_branch_day_of_week_operator.py
[2022-02-19 15:09:29,172] {logging_mixin.py:109} INFO - [2022-02-19 15:09:29,171] {dag.py:2396} INFO - Sync 1 DAGs
[2022-02-19 15:09:29,187] {logging_mixin.py:109} INFO - [2022-02-19 15:09:29,186] {dag.py:2935} INFO - Setting next_dagrun for example_weekday_branch_operator to 2022-02-18 00:00:00+00:00
[2022-02-19 15:09:29,196] {processor.py:171} INFO - Processing /home/airflow/.local/lib/python3.7/site-packages/airflow/example_dags/example_branch_day_of_week_operator.py took 0.066 seconds
[2022-02-19 15:09:59,824] {processor.py:163} INFO - Started process (PID=2331) to work on /home/airflow/.local/lib/python3.7/site-packages/airflow/example_dags/example_branch_day_of_week_operator.py
[2022-02-19 15:09:59,827] {processor.py:642} INFO - Processing file /home/airflow/.local/lib/python3.7/site-packages/airflow/example_dags/example_branch_day_of_week_operator.py for tasks to queue
[2022-02-19 15:09:59,829] {logging_mixin.py:109} INFO - [2022-02-19 15:09:59,829] {dagbag.py:500} INFO - Filling up the DagBag from /home/airflow/.local/lib/python3.7/site-packages/airflow/example_dags/example_branch_day_of_week_operator.py
[2022-02-19 15:09:59,865] {processor.py:654} INFO - DAG(s) dict_keys(['example_weekday_branch_operator']) retrieved from /home/airflow/.local/lib/python3.7/site-packages/airflow/example_dags/example_branch_day_of_week_operator.py
[2022-02-19 15:09:59,881] {logging_mixin.py:109} INFO - [2022-02-19 15:09:59,881] {dag.py:2396} INFO - Sync 1 DAGs
[2022-02-19 15:09:59,900] {logging_mixin.py:109} INFO - [2022-02-19 15:09:59,900] {dag.py:2935} INFO - Setting next_dagrun for example_weekday_branch_operator to 2022-02-18 00:00:00+00:00
[2022-02-19 15:09:59,911] {processor.py:171} INFO - Processing /home/airflow/.local/lib/python3.7/site-packages/airflow/example_dags/example_branch_day_of_week_operator.py took 0.092 seconds
[2022-02-19 15:10:30,374] {processor.py:163} INFO - Started process (PID=2392) to work on /home/airflow/.local/lib/python3.7/site-packages/airflow/example_dags/example_branch_day_of_week_operator.py
[2022-02-19 15:10:30,376] {processor.py:642} INFO - Processing file /home/airflow/.local/lib/python3.7/site-packages/airflow/example_dags/example_branch_day_of_week_operator.py for tasks to queue
[2022-02-19 15:10:30,378] {logging_mixin.py:109} INFO - [2022-02-19 15:10:30,378] {dagbag.py:500} INFO - Filling up the DagBag from /home/airflow/.local/lib/python3.7/site-packages/airflow/example_dags/example_branch_day_of_week_operator.py
[2022-02-19 15:10:30,412] {processor.py:654} INFO - DAG(s) dict_keys(['example_weekday_branch_operator']) retrieved from /home/airflow/.local/lib/python3.7/site-packages/airflow/example_dags/example_branch_day_of_week_operator.py
[2022-02-19 15:10:30,423] {logging_mixin.py:109} INFO - [2022-02-19 15:10:30,423] {dag.py:2396} INFO - Sync 1 DAGs
[2022-02-19 15:10:30,440] {logging_mixin.py:109} INFO - [2022-02-19 15:10:30,440] {dag.py:2935} INFO - Setting next_dagrun for example_weekday_branch_operator to 2022-02-18 00:00:00+00:00
[2022-02-19 15:10:30,449] {processor.py:171} INFO - Processing /home/airflow/.local/lib/python3.7/site-packages/airflow/example_dags/example_branch_day_of_week_operator.py took 0.085 seconds
[2022-02-19 15:11:00,630] {processor.py:163} INFO - Started process (PID=2443) to work on /home/airflow/.local/lib/python3.7/site-packages/airflow/example_dags/example_branch_day_of_week_operator.py
[2022-02-19 15:11:00,631] {processor.py:642} INFO - Processing file /home/airflow/.local/lib/python3.7/site-packages/airflow/example_dags/example_branch_day_of_week_operator.py for tasks to queue
[2022-02-19 15:11:00,633] {logging_mixin.py:109} INFO - [2022-02-19 15:11:00,632] {dagbag.py:500} INFO - Filling up the DagBag from /home/airflow/.local/lib/python3.7/site-packages/airflow/example_dags/example_branch_day_of_week_operator.py
[2022-02-19 15:11:00,668] {processor.py:654} INFO - DAG(s) dict_keys(['example_weekday_branch_operator']) retrieved from /home/airflow/.local/lib/python3.7/site-packages/airflow/example_dags/example_branch_day_of_week_operator.py
[2022-02-19 15:11:00,682] {logging_mixin.py:109} INFO - [2022-02-19 15:11:00,682] {dag.py:2396} INFO - Sync 1 DAGs
[2022-02-19 15:11:00,702] {logging_mixin.py:109} INFO - [2022-02-19 15:11:00,702] {dag.py:2935} INFO - Setting next_dagrun for example_weekday_branch_operator to 2022-02-18 00:00:00+00:00
[2022-02-19 15:11:00,714] {processor.py:171} INFO - Processing /home/airflow/.local/lib/python3.7/site-packages/airflow/example_dags/example_branch_day_of_week_operator.py took 0.091 seconds
[2022-02-19 15:11:31,102] {processor.py:163} INFO - Started process (PID=2503) to work on /home/airflow/.local/lib/python3.7/site-packages/airflow/example_dags/example_branch_day_of_week_operator.py
[2022-02-19 15:11:31,113] {processor.py:642} INFO - Processing file /home/airflow/.local/lib/python3.7/site-packages/airflow/example_dags/example_branch_day_of_week_operator.py for tasks to queue
[2022-02-19 15:11:31,116] {logging_mixin.py:109} INFO - [2022-02-19 15:11:31,115] {dagbag.py:500} INFO - Filling up the DagBag from /home/airflow/.local/lib/python3.7/site-packages/airflow/example_dags/example_branch_day_of_week_operator.py
[2022-02-19 15:11:31,172] {processor.py:654} INFO - DAG(s) dict_keys(['example_weekday_branch_operator']) retrieved from /home/airflow/.local/lib/python3.7/site-packages/airflow/example_dags/example_branch_day_of_week_operator.py
[2022-02-19 15:11:31,190] {logging_mixin.py:109} INFO - [2022-02-19 15:11:31,190] {dag.py:2396} INFO - Sync 1 DAGs
[2022-02-19 15:11:31,224] {logging_mixin.py:109} INFO - [2022-02-19 15:11:31,224] {dag.py:2935} INFO - Setting next_dagrun for example_weekday_branch_operator to 2022-02-18 00:00:00+00:00
[2022-02-19 15:11:31,244] {processor.py:171} INFO - Processing /home/airflow/.local/lib/python3.7/site-packages/airflow/example_dags/example_branch_day_of_week_operator.py took 0.151 seconds
[2022-02-19 15:12:01,858] {processor.py:163} INFO - Started process (PID=2554) to work on /home/airflow/.local/lib/python3.7/site-packages/airflow/example_dags/example_branch_day_of_week_operator.py
[2022-02-19 15:12:01,861] {processor.py:642} INFO - Processing file /home/airflow/.local/lib/python3.7/site-packages/airflow/example_dags/example_branch_day_of_week_operator.py for tasks to queue
[2022-02-19 15:12:01,862] {logging_mixin.py:109} INFO - [2022-02-19 15:12:01,862] {dagbag.py:500} INFO - Filling up the DagBag from /home/airflow/.local/lib/python3.7/site-packages/airflow/example_dags/example_branch_day_of_week_operator.py
[2022-02-19 15:12:01,896] {processor.py:654} INFO - DAG(s) dict_keys(['example_weekday_branch_operator']) retrieved from /home/airflow/.local/lib/python3.7/site-packages/airflow/example_dags/example_branch_day_of_week_operator.py
[2022-02-19 15:12:01,907] {logging_mixin.py:109} INFO - [2022-02-19 15:12:01,907] {dag.py:2396} INFO - Sync 1 DAGs
[2022-02-19 15:12:01,926] {logging_mixin.py:109} INFO - [2022-02-19 15:12:01,925] {dag.py:2935} INFO - Setting next_dagrun for example_weekday_branch_operator to 2022-02-18 00:00:00+00:00
[2022-02-19 15:12:01,936] {processor.py:171} INFO - Processing /home/airflow/.local/lib/python3.7/site-packages/airflow/example_dags/example_branch_day_of_week_operator.py took 0.081 seconds
[2022-02-19 15:12:32,581] {processor.py:163} INFO - Started process (PID=2606) to work on /home/airflow/.local/lib/python3.7/site-packages/airflow/example_dags/example_branch_day_of_week_operator.py
[2022-02-19 15:12:32,583] {processor.py:642} INFO - Processing file /home/airflow/.local/lib/python3.7/site-packages/airflow/example_dags/example_branch_day_of_week_operator.py for tasks to queue
[2022-02-19 15:12:32,585] {logging_mixin.py:109} INFO - [2022-02-19 15:12:32,585] {dagbag.py:500} INFO - Filling up the DagBag from /home/airflow/.local/lib/python3.7/site-packages/airflow/example_dags/example_branch_day_of_week_operator.py
[2022-02-19 15:12:32,616] {processor.py:654} INFO - DAG(s) dict_keys(['example_weekday_branch_operator']) retrieved from /home/airflow/.local/lib/python3.7/site-packages/airflow/example_dags/example_branch_day_of_week_operator.py
[2022-02-19 15:12:32,627] {logging_mixin.py:109} INFO - [2022-02-19 15:12:32,627] {dag.py:2396} INFO - Sync 1 DAGs
[2022-02-19 15:12:32,643] {logging_mixin.py:109} INFO - [2022-02-19 15:12:32,643] {dag.py:2935} INFO - Setting next_dagrun for example_weekday_branch_operator to 2022-02-18 00:00:00+00:00
[2022-02-19 15:12:32,652] {processor.py:171} INFO - Processing /home/airflow/.local/lib/python3.7/site-packages/airflow/example_dags/example_branch_day_of_week_operator.py took 0.076 seconds
[2022-02-19 15:13:02,713] {processor.py:163} INFO - Started process (PID=2668) to work on /home/airflow/.local/lib/python3.7/site-packages/airflow/example_dags/example_branch_day_of_week_operator.py
[2022-02-19 15:13:02,715] {processor.py:642} INFO - Processing file /home/airflow/.local/lib/python3.7/site-packages/airflow/example_dags/example_branch_day_of_week_operator.py for tasks to queue
[2022-02-19 15:13:02,717] {logging_mixin.py:109} INFO - [2022-02-19 15:13:02,717] {dagbag.py:500} INFO - Filling up the DagBag from /home/airflow/.local/lib/python3.7/site-packages/airflow/example_dags/example_branch_day_of_week_operator.py
[2022-02-19 15:13:02,750] {processor.py:654} INFO - DAG(s) dict_keys(['example_weekday_branch_operator']) retrieved from /home/airflow/.local/lib/python3.7/site-packages/airflow/example_dags/example_branch_day_of_week_operator.py
[2022-02-19 15:13:02,761] {logging_mixin.py:109} INFO - [2022-02-19 15:13:02,761] {dag.py:2396} INFO - Sync 1 DAGs
[2022-02-19 15:13:02,780] {logging_mixin.py:109} INFO - [2022-02-19 15:13:02,780] {dag.py:2935} INFO - Setting next_dagrun for example_weekday_branch_operator to 2022-02-18 00:00:00+00:00
[2022-02-19 15:13:02,790] {processor.py:171} INFO - Processing /home/airflow/.local/lib/python3.7/site-packages/airflow/example_dags/example_branch_day_of_week_operator.py took 0.082 seconds
[2022-02-19 15:13:32,932] {processor.py:163} INFO - Started process (PID=2719) to work on /home/airflow/.local/lib/python3.7/site-packages/airflow/example_dags/example_branch_day_of_week_operator.py
[2022-02-19 15:13:32,934] {processor.py:642} INFO - Processing file /home/airflow/.local/lib/python3.7/site-packages/airflow/example_dags/example_branch_day_of_week_operator.py for tasks to queue
[2022-02-19 15:13:32,936] {logging_mixin.py:109} INFO - [2022-02-19 15:13:32,935] {dagbag.py:500} INFO - Filling up the DagBag from /home/airflow/.local/lib/python3.7/site-packages/airflow/example_dags/example_branch_day_of_week_operator.py
[2022-02-19 15:13:32,967] {processor.py:654} INFO - DAG(s) dict_keys(['example_weekday_branch_operator']) retrieved from /home/airflow/.local/lib/python3.7/site-packages/airflow/example_dags/example_branch_day_of_week_operator.py
[2022-02-19 15:13:32,982] {logging_mixin.py:109} INFO - [2022-02-19 15:13:32,982] {dag.py:2396} INFO - Sync 1 DAGs
[2022-02-19 15:13:32,997] {logging_mixin.py:109} INFO - [2022-02-19 15:13:32,997] {dag.py:2935} INFO - Setting next_dagrun for example_weekday_branch_operator to 2022-02-18 00:00:00+00:00
[2022-02-19 15:13:33,006] {processor.py:171} INFO - Processing /home/airflow/.local/lib/python3.7/site-packages/airflow/example_dags/example_branch_day_of_week_operator.py took 0.077 seconds
[2022-02-19 15:14:03,172] {processor.py:163} INFO - Started process (PID=2781) to work on /home/airflow/.local/lib/python3.7/site-packages/airflow/example_dags/example_branch_day_of_week_operator.py
[2022-02-19 15:14:03,175] {processor.py:642} INFO - Processing file /home/airflow/.local/lib/python3.7/site-packages/airflow/example_dags/example_branch_day_of_week_operator.py for tasks to queue
[2022-02-19 15:14:03,177] {logging_mixin.py:109} INFO - [2022-02-19 15:14:03,177] {dagbag.py:500} INFO - Filling up the DagBag from /home/airflow/.local/lib/python3.7/site-packages/airflow/example_dags/example_branch_day_of_week_operator.py
[2022-02-19 15:14:03,211] {processor.py:654} INFO - DAG(s) dict_keys(['example_weekday_branch_operator']) retrieved from /home/airflow/.local/lib/python3.7/site-packages/airflow/example_dags/example_branch_day_of_week_operator.py
[2022-02-19 15:14:03,226] {logging_mixin.py:109} INFO - [2022-02-19 15:14:03,225] {dag.py:2396} INFO - Sync 1 DAGs
[2022-02-19 15:14:03,246] {logging_mixin.py:109} INFO - [2022-02-19 15:14:03,246] {dag.py:2935} INFO - Setting next_dagrun for example_weekday_branch_operator to 2022-02-18 00:00:00+00:00
[2022-02-19 15:14:03,259] {processor.py:171} INFO - Processing /home/airflow/.local/lib/python3.7/site-packages/airflow/example_dags/example_branch_day_of_week_operator.py took 0.091 seconds
[2022-02-19 15:14:33,440] {processor.py:163} INFO - Started process (PID=2833) to work on /home/airflow/.local/lib/python3.7/site-packages/airflow/example_dags/example_branch_day_of_week_operator.py
[2022-02-19 15:14:33,441] {processor.py:642} INFO - Processing file /home/airflow/.local/lib/python3.7/site-packages/airflow/example_dags/example_branch_day_of_week_operator.py for tasks to queue
[2022-02-19 15:14:33,442] {logging_mixin.py:109} INFO - [2022-02-19 15:14:33,442] {dagbag.py:500} INFO - Filling up the DagBag from /home/airflow/.local/lib/python3.7/site-packages/airflow/example_dags/example_branch_day_of_week_operator.py
[2022-02-19 15:14:33,468] {processor.py:654} INFO - DAG(s) dict_keys(['example_weekday_branch_operator']) retrieved from /home/airflow/.local/lib/python3.7/site-packages/airflow/example_dags/example_branch_day_of_week_operator.py
[2022-02-19 15:14:33,476] {logging_mixin.py:109} INFO - [2022-02-19 15:14:33,476] {dag.py:2396} INFO - Sync 1 DAGs
[2022-02-19 15:14:33,491] {logging_mixin.py:109} INFO - [2022-02-19 15:14:33,491] {dag.py:2935} INFO - Setting next_dagrun for example_weekday_branch_operator to 2022-02-18 00:00:00+00:00
[2022-02-19 15:14:33,500] {processor.py:171} INFO - Processing /home/airflow/.local/lib/python3.7/site-packages/airflow/example_dags/example_branch_day_of_week_operator.py took 0.063 seconds
[2022-02-19 15:15:04,308] {processor.py:163} INFO - Started process (PID=2895) to work on /home/airflow/.local/lib/python3.7/site-packages/airflow/example_dags/example_branch_day_of_week_operator.py
[2022-02-19 15:15:04,310] {processor.py:642} INFO - Processing file /home/airflow/.local/lib/python3.7/site-packages/airflow/example_dags/example_branch_day_of_week_operator.py for tasks to queue
[2022-02-19 15:15:04,312] {logging_mixin.py:109} INFO - [2022-02-19 15:15:04,312] {dagbag.py:500} INFO - Filling up the DagBag from /home/airflow/.local/lib/python3.7/site-packages/airflow/example_dags/example_branch_day_of_week_operator.py
[2022-02-19 15:15:04,349] {processor.py:654} INFO - DAG(s) dict_keys(['example_weekday_branch_operator']) retrieved from /home/airflow/.local/lib/python3.7/site-packages/airflow/example_dags/example_branch_day_of_week_operator.py
[2022-02-19 15:15:04,363] {logging_mixin.py:109} INFO - [2022-02-19 15:15:04,363] {dag.py:2396} INFO - Sync 1 DAGs
[2022-02-19 15:15:04,383] {logging_mixin.py:109} INFO - [2022-02-19 15:15:04,383] {dag.py:2935} INFO - Setting next_dagrun for example_weekday_branch_operator to 2022-02-18 00:00:00+00:00
[2022-02-19 15:15:04,413] {processor.py:171} INFO - Processing /home/airflow/.local/lib/python3.7/site-packages/airflow/example_dags/example_branch_day_of_week_operator.py took 0.110 seconds
[2022-02-19 15:15:35,116] {processor.py:163} INFO - Started process (PID=2947) to work on /home/airflow/.local/lib/python3.7/site-packages/airflow/example_dags/example_branch_day_of_week_operator.py
[2022-02-19 15:15:35,118] {processor.py:642} INFO - Processing file /home/airflow/.local/lib/python3.7/site-packages/airflow/example_dags/example_branch_day_of_week_operator.py for tasks to queue
[2022-02-19 15:15:35,120] {logging_mixin.py:109} INFO - [2022-02-19 15:15:35,119] {dagbag.py:500} INFO - Filling up the DagBag from /home/airflow/.local/lib/python3.7/site-packages/airflow/example_dags/example_branch_day_of_week_operator.py
[2022-02-19 15:15:35,153] {processor.py:654} INFO - DAG(s) dict_keys(['example_weekday_branch_operator']) retrieved from /home/airflow/.local/lib/python3.7/site-packages/airflow/example_dags/example_branch_day_of_week_operator.py
[2022-02-19 15:15:35,163] {logging_mixin.py:109} INFO - [2022-02-19 15:15:35,163] {dag.py:2396} INFO - Sync 1 DAGs
[2022-02-19 15:15:35,181] {logging_mixin.py:109} INFO - [2022-02-19 15:15:35,181] {dag.py:2935} INFO - Setting next_dagrun for example_weekday_branch_operator to 2022-02-18 00:00:00+00:00
[2022-02-19 15:15:35,191] {processor.py:171} INFO - Processing /home/airflow/.local/lib/python3.7/site-packages/airflow/example_dags/example_branch_day_of_week_operator.py took 0.079 seconds
[2022-02-19 15:16:05,849] {processor.py:163} INFO - Started process (PID=3007) to work on /home/airflow/.local/lib/python3.7/site-packages/airflow/example_dags/example_branch_day_of_week_operator.py
[2022-02-19 15:16:05,852] {processor.py:642} INFO - Processing file /home/airflow/.local/lib/python3.7/site-packages/airflow/example_dags/example_branch_day_of_week_operator.py for tasks to queue
[2022-02-19 15:16:05,855] {logging_mixin.py:109} INFO - [2022-02-19 15:16:05,854] {dagbag.py:500} INFO - Filling up the DagBag from /home/airflow/.local/lib/python3.7/site-packages/airflow/example_dags/example_branch_day_of_week_operator.py
[2022-02-19 15:16:05,908] {processor.py:654} INFO - DAG(s) dict_keys(['example_weekday_branch_operator']) retrieved from /home/airflow/.local/lib/python3.7/site-packages/airflow/example_dags/example_branch_day_of_week_operator.py
[2022-02-19 15:16:05,925] {logging_mixin.py:109} INFO - [2022-02-19 15:16:05,925] {dag.py:2396} INFO - Sync 1 DAGs
[2022-02-19 15:16:05,952] {logging_mixin.py:109} INFO - [2022-02-19 15:16:05,952] {dag.py:2935} INFO - Setting next_dagrun for example_weekday_branch_operator to 2022-02-18 00:00:00+00:00
[2022-02-19 15:16:05,970] {processor.py:171} INFO - Processing /home/airflow/.local/lib/python3.7/site-packages/airflow/example_dags/example_branch_day_of_week_operator.py took 0.126 seconds
[2022-02-19 15:16:36,402] {processor.py:163} INFO - Started process (PID=3057) to work on /home/airflow/.local/lib/python3.7/site-packages/airflow/example_dags/example_branch_day_of_week_operator.py
[2022-02-19 15:16:36,404] {processor.py:642} INFO - Processing file /home/airflow/.local/lib/python3.7/site-packages/airflow/example_dags/example_branch_day_of_week_operator.py for tasks to queue
[2022-02-19 15:16:36,408] {logging_mixin.py:109} INFO - [2022-02-19 15:16:36,407] {dagbag.py:500} INFO - Filling up the DagBag from /home/airflow/.local/lib/python3.7/site-packages/airflow/example_dags/example_branch_day_of_week_operator.py
[2022-02-19 15:16:36,492] {processor.py:654} INFO - DAG(s) dict_keys(['example_weekday_branch_operator']) retrieved from /home/airflow/.local/lib/python3.7/site-packages/airflow/example_dags/example_branch_day_of_week_operator.py
[2022-02-19 15:16:36,506] {logging_mixin.py:109} INFO - [2022-02-19 15:16:36,506] {dag.py:2396} INFO - Sync 1 DAGs
[2022-02-19 15:16:36,528] {logging_mixin.py:109} INFO - [2022-02-19 15:16:36,528] {dag.py:2935} INFO - Setting next_dagrun for example_weekday_branch_operator to 2022-02-18 00:00:00+00:00
[2022-02-19 15:16:36,540] {processor.py:171} INFO - Processing /home/airflow/.local/lib/python3.7/site-packages/airflow/example_dags/example_branch_day_of_week_operator.py took 0.145 seconds
