[2022-02-19 14:29:55,053] {processor.py:163} INFO - Started process (PID=76) to work on /home/airflow/.local/lib/python3.7/site-packages/airflow/example_dags/example_time_delta_sensor_async.py
[2022-02-19 14:29:55,057] {processor.py:642} INFO - Processing file /home/airflow/.local/lib/python3.7/site-packages/airflow/example_dags/example_time_delta_sensor_async.py for tasks to queue
[2022-02-19 14:29:55,061] {logging_mixin.py:109} INFO - [2022-02-19 14:29:55,061] {dagbag.py:500} INFO - Filling up the DagBag from /home/airflow/.local/lib/python3.7/site-packages/airflow/example_dags/example_time_delta_sensor_async.py
[2022-02-19 14:29:55,249] {processor.py:654} INFO - DAG(s) dict_keys(['example_time_delta_sensor_async']) retrieved from /home/airflow/.local/lib/python3.7/site-packages/airflow/example_dags/example_time_delta_sensor_async.py
[2022-02-19 14:30:04,294] {logging_mixin.py:109} INFO - [2022-02-19 14:30:04,294] {manager.py:496} INFO - Created Permission View: can edit on DAG:example_time_delta_sensor_async
[2022-02-19 14:30:04,302] {logging_mixin.py:109} INFO - [2022-02-19 14:30:04,302] {manager.py:496} INFO - Created Permission View: can read on DAG:example_time_delta_sensor_async
[2022-02-19 14:30:04,303] {logging_mixin.py:109} INFO - [2022-02-19 14:30:04,303] {dag.py:2396} INFO - Sync 1 DAGs
[2022-02-19 14:30:04,311] {logging_mixin.py:109} INFO - [2022-02-19 14:30:04,310] {dag.py:2415} INFO - Creating ORM DAG for example_time_delta_sensor_async
[2022-02-19 14:30:04,318] {logging_mixin.py:109} INFO - [2022-02-19 14:30:04,318] {dag.py:2935} INFO - Setting next_dagrun for example_time_delta_sensor_async to None
[2022-02-19 14:30:04,332] {processor.py:171} INFO - Processing /home/airflow/.local/lib/python3.7/site-packages/airflow/example_dags/example_time_delta_sensor_async.py took 9.293 seconds
[2022-02-19 14:30:34,849] {processor.py:163} INFO - Started process (PID=166) to work on /home/airflow/.local/lib/python3.7/site-packages/airflow/example_dags/example_time_delta_sensor_async.py
[2022-02-19 14:30:34,851] {processor.py:642} INFO - Processing file /home/airflow/.local/lib/python3.7/site-packages/airflow/example_dags/example_time_delta_sensor_async.py for tasks to queue
[2022-02-19 14:30:34,853] {logging_mixin.py:109} INFO - [2022-02-19 14:30:34,853] {dagbag.py:500} INFO - Filling up the DagBag from /home/airflow/.local/lib/python3.7/site-packages/airflow/example_dags/example_time_delta_sensor_async.py
[2022-02-19 14:30:34,897] {processor.py:654} INFO - DAG(s) dict_keys(['example_time_delta_sensor_async']) retrieved from /home/airflow/.local/lib/python3.7/site-packages/airflow/example_dags/example_time_delta_sensor_async.py
[2022-02-19 14:30:34,925] {logging_mixin.py:109} INFO - [2022-02-19 14:30:34,924] {dag.py:2396} INFO - Sync 1 DAGs
[2022-02-19 14:30:34,957] {logging_mixin.py:109} INFO - [2022-02-19 14:30:34,957] {dag.py:2935} INFO - Setting next_dagrun for example_time_delta_sensor_async to None
[2022-02-19 14:30:34,970] {processor.py:171} INFO - Processing /home/airflow/.local/lib/python3.7/site-packages/airflow/example_dags/example_time_delta_sensor_async.py took 0.127 seconds
[2022-02-19 14:31:05,795] {processor.py:163} INFO - Started process (PID=216) to work on /home/airflow/.local/lib/python3.7/site-packages/airflow/example_dags/example_time_delta_sensor_async.py
[2022-02-19 14:31:05,798] {processor.py:642} INFO - Processing file /home/airflow/.local/lib/python3.7/site-packages/airflow/example_dags/example_time_delta_sensor_async.py for tasks to queue
[2022-02-19 14:31:05,799] {logging_mixin.py:109} INFO - [2022-02-19 14:31:05,799] {dagbag.py:500} INFO - Filling up the DagBag from /home/airflow/.local/lib/python3.7/site-packages/airflow/example_dags/example_time_delta_sensor_async.py
[2022-02-19 14:31:05,830] {processor.py:654} INFO - DAG(s) dict_keys(['example_time_delta_sensor_async']) retrieved from /home/airflow/.local/lib/python3.7/site-packages/airflow/example_dags/example_time_delta_sensor_async.py
[2022-02-19 14:31:05,841] {logging_mixin.py:109} INFO - [2022-02-19 14:31:05,841] {dag.py:2396} INFO - Sync 1 DAGs
[2022-02-19 14:31:05,858] {logging_mixin.py:109} INFO - [2022-02-19 14:31:05,858] {dag.py:2935} INFO - Setting next_dagrun for example_time_delta_sensor_async to None
[2022-02-19 14:31:05,868] {processor.py:171} INFO - Processing /home/airflow/.local/lib/python3.7/site-packages/airflow/example_dags/example_time_delta_sensor_async.py took 0.077 seconds
[2022-02-19 14:31:36,641] {processor.py:163} INFO - Started process (PID=279) to work on /home/airflow/.local/lib/python3.7/site-packages/airflow/example_dags/example_time_delta_sensor_async.py
[2022-02-19 14:31:36,643] {processor.py:642} INFO - Processing file /home/airflow/.local/lib/python3.7/site-packages/airflow/example_dags/example_time_delta_sensor_async.py for tasks to queue
[2022-02-19 14:31:36,645] {logging_mixin.py:109} INFO - [2022-02-19 14:31:36,644] {dagbag.py:500} INFO - Filling up the DagBag from /home/airflow/.local/lib/python3.7/site-packages/airflow/example_dags/example_time_delta_sensor_async.py
[2022-02-19 14:31:36,677] {processor.py:654} INFO - DAG(s) dict_keys(['example_time_delta_sensor_async']) retrieved from /home/airflow/.local/lib/python3.7/site-packages/airflow/example_dags/example_time_delta_sensor_async.py
[2022-02-19 14:31:36,690] {logging_mixin.py:109} INFO - [2022-02-19 14:31:36,690] {dag.py:2396} INFO - Sync 1 DAGs
[2022-02-19 14:31:36,713] {logging_mixin.py:109} INFO - [2022-02-19 14:31:36,713] {dag.py:2935} INFO - Setting next_dagrun for example_time_delta_sensor_async to None
[2022-02-19 14:31:36,724] {processor.py:171} INFO - Processing /home/airflow/.local/lib/python3.7/site-packages/airflow/example_dags/example_time_delta_sensor_async.py took 0.089 seconds
[2022-02-19 14:40:02,813] {processor.py:163} INFO - Started process (PID=80) to work on /home/airflow/.local/lib/python3.7/site-packages/airflow/example_dags/example_time_delta_sensor_async.py
[2022-02-19 14:40:02,819] {processor.py:642} INFO - Processing file /home/airflow/.local/lib/python3.7/site-packages/airflow/example_dags/example_time_delta_sensor_async.py for tasks to queue
[2022-02-19 14:40:02,823] {logging_mixin.py:109} INFO - [2022-02-19 14:40:02,823] {dagbag.py:500} INFO - Filling up the DagBag from /home/airflow/.local/lib/python3.7/site-packages/airflow/example_dags/example_time_delta_sensor_async.py
[2022-02-19 14:40:02,859] {processor.py:654} INFO - DAG(s) dict_keys(['example_time_delta_sensor_async']) retrieved from /home/airflow/.local/lib/python3.7/site-packages/airflow/example_dags/example_time_delta_sensor_async.py
[2022-02-19 14:40:04,867] {logging_mixin.py:109} INFO - [2022-02-19 14:40:04,867] {manager.py:496} INFO - Created Permission View: can read on DAG:example_time_delta_sensor_async
[2022-02-19 14:40:04,895] {logging_mixin.py:109} INFO - [2022-02-19 14:40:04,895] {manager.py:496} INFO - Created Permission View: can edit on DAG:example_time_delta_sensor_async
[2022-02-19 14:40:04,897] {logging_mixin.py:109} INFO - [2022-02-19 14:40:04,896] {dag.py:2396} INFO - Sync 1 DAGs
[2022-02-19 14:40:04,907] {logging_mixin.py:109} INFO - [2022-02-19 14:40:04,907] {dag.py:2415} INFO - Creating ORM DAG for example_time_delta_sensor_async
[2022-02-19 14:40:04,919] {logging_mixin.py:109} INFO - [2022-02-19 14:40:04,919] {dag.py:2935} INFO - Setting next_dagrun for example_time_delta_sensor_async to None
[2022-02-19 14:40:04,936] {processor.py:171} INFO - Processing /home/airflow/.local/lib/python3.7/site-packages/airflow/example_dags/example_time_delta_sensor_async.py took 2.127 seconds
[2022-02-19 14:40:35,727] {processor.py:163} INFO - Started process (PID=467) to work on /home/airflow/.local/lib/python3.7/site-packages/airflow/example_dags/example_time_delta_sensor_async.py
[2022-02-19 14:40:35,729] {processor.py:642} INFO - Processing file /home/airflow/.local/lib/python3.7/site-packages/airflow/example_dags/example_time_delta_sensor_async.py for tasks to queue
[2022-02-19 14:40:35,730] {logging_mixin.py:109} INFO - [2022-02-19 14:40:35,730] {dagbag.py:500} INFO - Filling up the DagBag from /home/airflow/.local/lib/python3.7/site-packages/airflow/example_dags/example_time_delta_sensor_async.py
[2022-02-19 14:40:35,762] {processor.py:654} INFO - DAG(s) dict_keys(['example_time_delta_sensor_async']) retrieved from /home/airflow/.local/lib/python3.7/site-packages/airflow/example_dags/example_time_delta_sensor_async.py
[2022-02-19 14:40:35,775] {logging_mixin.py:109} INFO - [2022-02-19 14:40:35,775] {dag.py:2396} INFO - Sync 1 DAGs
[2022-02-19 14:40:35,796] {logging_mixin.py:109} INFO - [2022-02-19 14:40:35,796] {dag.py:2935} INFO - Setting next_dagrun for example_time_delta_sensor_async to None
[2022-02-19 14:40:35,808] {processor.py:171} INFO - Processing /home/airflow/.local/lib/python3.7/site-packages/airflow/example_dags/example_time_delta_sensor_async.py took 0.084 seconds
[2022-02-19 14:41:05,903] {processor.py:163} INFO - Started process (PID=517) to work on /home/airflow/.local/lib/python3.7/site-packages/airflow/example_dags/example_time_delta_sensor_async.py
[2022-02-19 14:41:05,905] {processor.py:642} INFO - Processing file /home/airflow/.local/lib/python3.7/site-packages/airflow/example_dags/example_time_delta_sensor_async.py for tasks to queue
[2022-02-19 14:41:05,906] {logging_mixin.py:109} INFO - [2022-02-19 14:41:05,906] {dagbag.py:500} INFO - Filling up the DagBag from /home/airflow/.local/lib/python3.7/site-packages/airflow/example_dags/example_time_delta_sensor_async.py
[2022-02-19 14:41:05,937] {processor.py:654} INFO - DAG(s) dict_keys(['example_time_delta_sensor_async']) retrieved from /home/airflow/.local/lib/python3.7/site-packages/airflow/example_dags/example_time_delta_sensor_async.py
[2022-02-19 14:41:05,949] {logging_mixin.py:109} INFO - [2022-02-19 14:41:05,949] {dag.py:2396} INFO - Sync 1 DAGs
[2022-02-19 14:41:05,964] {logging_mixin.py:109} INFO - [2022-02-19 14:41:05,964] {dag.py:2935} INFO - Setting next_dagrun for example_time_delta_sensor_async to None
[2022-02-19 14:41:05,973] {processor.py:171} INFO - Processing /home/airflow/.local/lib/python3.7/site-packages/airflow/example_dags/example_time_delta_sensor_async.py took 0.075 seconds
[2022-02-19 14:41:36,404] {processor.py:163} INFO - Started process (PID=568) to work on /home/airflow/.local/lib/python3.7/site-packages/airflow/example_dags/example_time_delta_sensor_async.py
[2022-02-19 14:41:36,406] {processor.py:642} INFO - Processing file /home/airflow/.local/lib/python3.7/site-packages/airflow/example_dags/example_time_delta_sensor_async.py for tasks to queue
[2022-02-19 14:41:36,407] {logging_mixin.py:109} INFO - [2022-02-19 14:41:36,407] {dagbag.py:500} INFO - Filling up the DagBag from /home/airflow/.local/lib/python3.7/site-packages/airflow/example_dags/example_time_delta_sensor_async.py
[2022-02-19 14:41:36,437] {processor.py:654} INFO - DAG(s) dict_keys(['example_time_delta_sensor_async']) retrieved from /home/airflow/.local/lib/python3.7/site-packages/airflow/example_dags/example_time_delta_sensor_async.py
[2022-02-19 14:41:36,448] {logging_mixin.py:109} INFO - [2022-02-19 14:41:36,448] {dag.py:2396} INFO - Sync 1 DAGs
[2022-02-19 14:41:36,466] {logging_mixin.py:109} INFO - [2022-02-19 14:41:36,465] {dag.py:2935} INFO - Setting next_dagrun for example_time_delta_sensor_async to None
[2022-02-19 14:41:36,475] {processor.py:171} INFO - Processing /home/airflow/.local/lib/python3.7/site-packages/airflow/example_dags/example_time_delta_sensor_async.py took 0.075 seconds
[2022-02-19 14:42:06,997] {processor.py:163} INFO - Started process (PID=629) to work on /home/airflow/.local/lib/python3.7/site-packages/airflow/example_dags/example_time_delta_sensor_async.py
[2022-02-19 14:42:06,999] {processor.py:642} INFO - Processing file /home/airflow/.local/lib/python3.7/site-packages/airflow/example_dags/example_time_delta_sensor_async.py for tasks to queue
[2022-02-19 14:42:07,000] {logging_mixin.py:109} INFO - [2022-02-19 14:42:07,000] {dagbag.py:500} INFO - Filling up the DagBag from /home/airflow/.local/lib/python3.7/site-packages/airflow/example_dags/example_time_delta_sensor_async.py
[2022-02-19 14:42:07,026] {processor.py:654} INFO - DAG(s) dict_keys(['example_time_delta_sensor_async']) retrieved from /home/airflow/.local/lib/python3.7/site-packages/airflow/example_dags/example_time_delta_sensor_async.py
[2022-02-19 14:42:07,038] {logging_mixin.py:109} INFO - [2022-02-19 14:42:07,038] {dag.py:2396} INFO - Sync 1 DAGs
[2022-02-19 14:42:07,055] {logging_mixin.py:109} INFO - [2022-02-19 14:42:07,055] {dag.py:2935} INFO - Setting next_dagrun for example_time_delta_sensor_async to None
[2022-02-19 14:42:07,066] {processor.py:171} INFO - Processing /home/airflow/.local/lib/python3.7/site-packages/airflow/example_dags/example_time_delta_sensor_async.py took 0.073 seconds
[2022-02-19 14:42:37,494] {processor.py:163} INFO - Started process (PID=680) to work on /home/airflow/.local/lib/python3.7/site-packages/airflow/example_dags/example_time_delta_sensor_async.py
[2022-02-19 14:42:37,496] {processor.py:642} INFO - Processing file /home/airflow/.local/lib/python3.7/site-packages/airflow/example_dags/example_time_delta_sensor_async.py for tasks to queue
[2022-02-19 14:42:37,497] {logging_mixin.py:109} INFO - [2022-02-19 14:42:37,497] {dagbag.py:500} INFO - Filling up the DagBag from /home/airflow/.local/lib/python3.7/site-packages/airflow/example_dags/example_time_delta_sensor_async.py
[2022-02-19 14:42:37,526] {processor.py:654} INFO - DAG(s) dict_keys(['example_time_delta_sensor_async']) retrieved from /home/airflow/.local/lib/python3.7/site-packages/airflow/example_dags/example_time_delta_sensor_async.py
[2022-02-19 14:42:37,538] {logging_mixin.py:109} INFO - [2022-02-19 14:42:37,537] {dag.py:2396} INFO - Sync 1 DAGs
[2022-02-19 14:42:37,556] {logging_mixin.py:109} INFO - [2022-02-19 14:42:37,556] {dag.py:2935} INFO - Setting next_dagrun for example_time_delta_sensor_async to None
[2022-02-19 14:42:37,567] {processor.py:171} INFO - Processing /home/airflow/.local/lib/python3.7/site-packages/airflow/example_dags/example_time_delta_sensor_async.py took 0.078 seconds
[2022-02-19 14:43:07,659] {processor.py:163} INFO - Started process (PID=741) to work on /home/airflow/.local/lib/python3.7/site-packages/airflow/example_dags/example_time_delta_sensor_async.py
[2022-02-19 14:43:07,661] {processor.py:642} INFO - Processing file /home/airflow/.local/lib/python3.7/site-packages/airflow/example_dags/example_time_delta_sensor_async.py for tasks to queue
[2022-02-19 14:43:07,662] {logging_mixin.py:109} INFO - [2022-02-19 14:43:07,662] {dagbag.py:500} INFO - Filling up the DagBag from /home/airflow/.local/lib/python3.7/site-packages/airflow/example_dags/example_time_delta_sensor_async.py
[2022-02-19 14:43:07,684] {processor.py:654} INFO - DAG(s) dict_keys(['example_time_delta_sensor_async']) retrieved from /home/airflow/.local/lib/python3.7/site-packages/airflow/example_dags/example_time_delta_sensor_async.py
[2022-02-19 14:43:07,692] {logging_mixin.py:109} INFO - [2022-02-19 14:43:07,692] {dag.py:2396} INFO - Sync 1 DAGs
[2022-02-19 14:43:07,705] {logging_mixin.py:109} INFO - [2022-02-19 14:43:07,705] {dag.py:2935} INFO - Setting next_dagrun for example_time_delta_sensor_async to None
[2022-02-19 14:43:07,713] {processor.py:171} INFO - Processing /home/airflow/.local/lib/python3.7/site-packages/airflow/example_dags/example_time_delta_sensor_async.py took 0.056 seconds
[2022-02-19 14:43:38,456] {processor.py:163} INFO - Started process (PID=792) to work on /home/airflow/.local/lib/python3.7/site-packages/airflow/example_dags/example_time_delta_sensor_async.py
[2022-02-19 14:43:38,457] {processor.py:642} INFO - Processing file /home/airflow/.local/lib/python3.7/site-packages/airflow/example_dags/example_time_delta_sensor_async.py for tasks to queue
[2022-02-19 14:43:38,458] {logging_mixin.py:109} INFO - [2022-02-19 14:43:38,458] {dagbag.py:500} INFO - Filling up the DagBag from /home/airflow/.local/lib/python3.7/site-packages/airflow/example_dags/example_time_delta_sensor_async.py
[2022-02-19 14:43:38,481] {processor.py:654} INFO - DAG(s) dict_keys(['example_time_delta_sensor_async']) retrieved from /home/airflow/.local/lib/python3.7/site-packages/airflow/example_dags/example_time_delta_sensor_async.py
[2022-02-19 14:43:38,490] {logging_mixin.py:109} INFO - [2022-02-19 14:43:38,490] {dag.py:2396} INFO - Sync 1 DAGs
[2022-02-19 14:43:38,504] {logging_mixin.py:109} INFO - [2022-02-19 14:43:38,504] {dag.py:2935} INFO - Setting next_dagrun for example_time_delta_sensor_async to None
[2022-02-19 14:43:38,513] {processor.py:171} INFO - Processing /home/airflow/.local/lib/python3.7/site-packages/airflow/example_dags/example_time_delta_sensor_async.py took 0.060 seconds
[2022-02-19 14:44:09,268] {processor.py:163} INFO - Started process (PID=852) to work on /home/airflow/.local/lib/python3.7/site-packages/airflow/example_dags/example_time_delta_sensor_async.py
[2022-02-19 14:44:09,270] {processor.py:642} INFO - Processing file /home/airflow/.local/lib/python3.7/site-packages/airflow/example_dags/example_time_delta_sensor_async.py for tasks to queue
[2022-02-19 14:44:09,271] {logging_mixin.py:109} INFO - [2022-02-19 14:44:09,271] {dagbag.py:500} INFO - Filling up the DagBag from /home/airflow/.local/lib/python3.7/site-packages/airflow/example_dags/example_time_delta_sensor_async.py
[2022-02-19 14:44:09,292] {processor.py:654} INFO - DAG(s) dict_keys(['example_time_delta_sensor_async']) retrieved from /home/airflow/.local/lib/python3.7/site-packages/airflow/example_dags/example_time_delta_sensor_async.py
[2022-02-19 14:44:09,300] {logging_mixin.py:109} INFO - [2022-02-19 14:44:09,300] {dag.py:2396} INFO - Sync 1 DAGs
[2022-02-19 14:44:09,314] {logging_mixin.py:109} INFO - [2022-02-19 14:44:09,314] {dag.py:2935} INFO - Setting next_dagrun for example_time_delta_sensor_async to None
[2022-02-19 14:44:09,322] {processor.py:171} INFO - Processing /home/airflow/.local/lib/python3.7/site-packages/airflow/example_dags/example_time_delta_sensor_async.py took 0.056 seconds
[2022-02-19 14:44:39,925] {processor.py:163} INFO - Started process (PID=902) to work on /home/airflow/.local/lib/python3.7/site-packages/airflow/example_dags/example_time_delta_sensor_async.py
[2022-02-19 14:44:39,927] {processor.py:642} INFO - Processing file /home/airflow/.local/lib/python3.7/site-packages/airflow/example_dags/example_time_delta_sensor_async.py for tasks to queue
[2022-02-19 14:44:39,929] {logging_mixin.py:109} INFO - [2022-02-19 14:44:39,928] {dagbag.py:500} INFO - Filling up the DagBag from /home/airflow/.local/lib/python3.7/site-packages/airflow/example_dags/example_time_delta_sensor_async.py
[2022-02-19 14:44:39,954] {processor.py:654} INFO - DAG(s) dict_keys(['example_time_delta_sensor_async']) retrieved from /home/airflow/.local/lib/python3.7/site-packages/airflow/example_dags/example_time_delta_sensor_async.py
[2022-02-19 14:44:39,963] {logging_mixin.py:109} INFO - [2022-02-19 14:44:39,963] {dag.py:2396} INFO - Sync 1 DAGs
[2022-02-19 14:44:39,978] {logging_mixin.py:109} INFO - [2022-02-19 14:44:39,978] {dag.py:2935} INFO - Setting next_dagrun for example_time_delta_sensor_async to None
[2022-02-19 14:44:39,986] {processor.py:171} INFO - Processing /home/airflow/.local/lib/python3.7/site-packages/airflow/example_dags/example_time_delta_sensor_async.py took 0.064 seconds
[2022-02-19 14:45:10,676] {processor.py:163} INFO - Started process (PID=962) to work on /home/airflow/.local/lib/python3.7/site-packages/airflow/example_dags/example_time_delta_sensor_async.py
[2022-02-19 14:45:10,678] {processor.py:642} INFO - Processing file /home/airflow/.local/lib/python3.7/site-packages/airflow/example_dags/example_time_delta_sensor_async.py for tasks to queue
[2022-02-19 14:45:10,679] {logging_mixin.py:109} INFO - [2022-02-19 14:45:10,679] {dagbag.py:500} INFO - Filling up the DagBag from /home/airflow/.local/lib/python3.7/site-packages/airflow/example_dags/example_time_delta_sensor_async.py
[2022-02-19 14:45:10,703] {processor.py:654} INFO - DAG(s) dict_keys(['example_time_delta_sensor_async']) retrieved from /home/airflow/.local/lib/python3.7/site-packages/airflow/example_dags/example_time_delta_sensor_async.py
[2022-02-19 14:45:10,712] {logging_mixin.py:109} INFO - [2022-02-19 14:45:10,712] {dag.py:2396} INFO - Sync 1 DAGs
[2022-02-19 14:45:10,725] {logging_mixin.py:109} INFO - [2022-02-19 14:45:10,725] {dag.py:2935} INFO - Setting next_dagrun for example_time_delta_sensor_async to None
[2022-02-19 14:45:10,733] {processor.py:171} INFO - Processing /home/airflow/.local/lib/python3.7/site-packages/airflow/example_dags/example_time_delta_sensor_async.py took 0.061 seconds
[2022-02-19 14:45:40,793] {processor.py:163} INFO - Started process (PID=1012) to work on /home/airflow/.local/lib/python3.7/site-packages/airflow/example_dags/example_time_delta_sensor_async.py
[2022-02-19 14:45:40,794] {processor.py:642} INFO - Processing file /home/airflow/.local/lib/python3.7/site-packages/airflow/example_dags/example_time_delta_sensor_async.py for tasks to queue
[2022-02-19 14:45:40,795] {logging_mixin.py:109} INFO - [2022-02-19 14:45:40,795] {dagbag.py:500} INFO - Filling up the DagBag from /home/airflow/.local/lib/python3.7/site-packages/airflow/example_dags/example_time_delta_sensor_async.py
[2022-02-19 14:45:40,820] {processor.py:654} INFO - DAG(s) dict_keys(['example_time_delta_sensor_async']) retrieved from /home/airflow/.local/lib/python3.7/site-packages/airflow/example_dags/example_time_delta_sensor_async.py
[2022-02-19 14:45:40,829] {logging_mixin.py:109} INFO - [2022-02-19 14:45:40,829] {dag.py:2396} INFO - Sync 1 DAGs
[2022-02-19 14:45:40,843] {logging_mixin.py:109} INFO - [2022-02-19 14:45:40,843] {dag.py:2935} INFO - Setting next_dagrun for example_time_delta_sensor_async to None
[2022-02-19 14:45:40,851] {processor.py:171} INFO - Processing /home/airflow/.local/lib/python3.7/site-packages/airflow/example_dags/example_time_delta_sensor_async.py took 0.062 seconds
[2022-02-19 14:46:10,916] {processor.py:163} INFO - Started process (PID=1065) to work on /home/airflow/.local/lib/python3.7/site-packages/airflow/example_dags/example_time_delta_sensor_async.py
[2022-02-19 14:46:10,918] {processor.py:642} INFO - Processing file /home/airflow/.local/lib/python3.7/site-packages/airflow/example_dags/example_time_delta_sensor_async.py for tasks to queue
[2022-02-19 14:46:10,920] {logging_mixin.py:109} INFO - [2022-02-19 14:46:10,920] {dagbag.py:500} INFO - Filling up the DagBag from /home/airflow/.local/lib/python3.7/site-packages/airflow/example_dags/example_time_delta_sensor_async.py
[2022-02-19 14:46:10,947] {processor.py:654} INFO - DAG(s) dict_keys(['example_time_delta_sensor_async']) retrieved from /home/airflow/.local/lib/python3.7/site-packages/airflow/example_dags/example_time_delta_sensor_async.py
[2022-02-19 14:46:10,957] {logging_mixin.py:109} INFO - [2022-02-19 14:46:10,957] {dag.py:2396} INFO - Sync 1 DAGs
[2022-02-19 14:46:10,972] {logging_mixin.py:109} INFO - [2022-02-19 14:46:10,972] {dag.py:2935} INFO - Setting next_dagrun for example_time_delta_sensor_async to None
[2022-02-19 14:46:10,982] {processor.py:171} INFO - Processing /home/airflow/.local/lib/python3.7/site-packages/airflow/example_dags/example_time_delta_sensor_async.py took 0.071 seconds
[2022-02-19 14:46:41,207] {processor.py:163} INFO - Started process (PID=1118) to work on /home/airflow/.local/lib/python3.7/site-packages/airflow/example_dags/example_time_delta_sensor_async.py
[2022-02-19 14:46:41,209] {processor.py:642} INFO - Processing file /home/airflow/.local/lib/python3.7/site-packages/airflow/example_dags/example_time_delta_sensor_async.py for tasks to queue
[2022-02-19 14:46:41,211] {logging_mixin.py:109} INFO - [2022-02-19 14:46:41,211] {dagbag.py:500} INFO - Filling up the DagBag from /home/airflow/.local/lib/python3.7/site-packages/airflow/example_dags/example_time_delta_sensor_async.py
[2022-02-19 14:46:41,239] {processor.py:654} INFO - DAG(s) dict_keys(['example_time_delta_sensor_async']) retrieved from /home/airflow/.local/lib/python3.7/site-packages/airflow/example_dags/example_time_delta_sensor_async.py
[2022-02-19 14:46:41,249] {logging_mixin.py:109} INFO - [2022-02-19 14:46:41,249] {dag.py:2396} INFO - Sync 1 DAGs
[2022-02-19 14:46:41,264] {logging_mixin.py:109} INFO - [2022-02-19 14:46:41,264] {dag.py:2935} INFO - Setting next_dagrun for example_time_delta_sensor_async to None
[2022-02-19 14:46:41,272] {processor.py:171} INFO - Processing /home/airflow/.local/lib/python3.7/site-packages/airflow/example_dags/example_time_delta_sensor_async.py took 0.069 seconds
[2022-02-19 14:47:11,379] {processor.py:163} INFO - Started process (PID=1168) to work on /home/airflow/.local/lib/python3.7/site-packages/airflow/example_dags/example_time_delta_sensor_async.py
[2022-02-19 14:47:11,381] {processor.py:642} INFO - Processing file /home/airflow/.local/lib/python3.7/site-packages/airflow/example_dags/example_time_delta_sensor_async.py for tasks to queue
[2022-02-19 14:47:11,382] {logging_mixin.py:109} INFO - [2022-02-19 14:47:11,382] {dagbag.py:500} INFO - Filling up the DagBag from /home/airflow/.local/lib/python3.7/site-packages/airflow/example_dags/example_time_delta_sensor_async.py
[2022-02-19 14:47:11,404] {processor.py:654} INFO - DAG(s) dict_keys(['example_time_delta_sensor_async']) retrieved from /home/airflow/.local/lib/python3.7/site-packages/airflow/example_dags/example_time_delta_sensor_async.py
[2022-02-19 14:47:11,412] {logging_mixin.py:109} INFO - [2022-02-19 14:47:11,412] {dag.py:2396} INFO - Sync 1 DAGs
[2022-02-19 14:47:11,425] {logging_mixin.py:109} INFO - [2022-02-19 14:47:11,425] {dag.py:2935} INFO - Setting next_dagrun for example_time_delta_sensor_async to None
[2022-02-19 14:47:11,433] {processor.py:171} INFO - Processing /home/airflow/.local/lib/python3.7/site-packages/airflow/example_dags/example_time_delta_sensor_async.py took 0.057 seconds
[2022-02-19 14:47:41,458] {processor.py:163} INFO - Started process (PID=1227) to work on /home/airflow/.local/lib/python3.7/site-packages/airflow/example_dags/example_time_delta_sensor_async.py
[2022-02-19 14:47:41,460] {processor.py:642} INFO - Processing file /home/airflow/.local/lib/python3.7/site-packages/airflow/example_dags/example_time_delta_sensor_async.py for tasks to queue
[2022-02-19 14:47:41,461] {logging_mixin.py:109} INFO - [2022-02-19 14:47:41,461] {dagbag.py:500} INFO - Filling up the DagBag from /home/airflow/.local/lib/python3.7/site-packages/airflow/example_dags/example_time_delta_sensor_async.py
[2022-02-19 14:47:41,487] {processor.py:654} INFO - DAG(s) dict_keys(['example_time_delta_sensor_async']) retrieved from /home/airflow/.local/lib/python3.7/site-packages/airflow/example_dags/example_time_delta_sensor_async.py
[2022-02-19 14:47:41,496] {logging_mixin.py:109} INFO - [2022-02-19 14:47:41,496] {dag.py:2396} INFO - Sync 1 DAGs
[2022-02-19 14:47:41,510] {logging_mixin.py:109} INFO - [2022-02-19 14:47:41,510] {dag.py:2935} INFO - Setting next_dagrun for example_time_delta_sensor_async to None
[2022-02-19 14:47:41,517] {processor.py:171} INFO - Processing /home/airflow/.local/lib/python3.7/site-packages/airflow/example_dags/example_time_delta_sensor_async.py took 0.062 seconds
[2022-02-19 14:48:11,544] {processor.py:163} INFO - Started process (PID=1278) to work on /home/airflow/.local/lib/python3.7/site-packages/airflow/example_dags/example_time_delta_sensor_async.py
[2022-02-19 14:48:11,547] {processor.py:642} INFO - Processing file /home/airflow/.local/lib/python3.7/site-packages/airflow/example_dags/example_time_delta_sensor_async.py for tasks to queue
[2022-02-19 14:48:11,548] {logging_mixin.py:109} INFO - [2022-02-19 14:48:11,548] {dagbag.py:500} INFO - Filling up the DagBag from /home/airflow/.local/lib/python3.7/site-packages/airflow/example_dags/example_time_delta_sensor_async.py
[2022-02-19 14:48:11,575] {processor.py:654} INFO - DAG(s) dict_keys(['example_time_delta_sensor_async']) retrieved from /home/airflow/.local/lib/python3.7/site-packages/airflow/example_dags/example_time_delta_sensor_async.py
[2022-02-19 14:48:11,585] {logging_mixin.py:109} INFO - [2022-02-19 14:48:11,585] {dag.py:2396} INFO - Sync 1 DAGs
[2022-02-19 14:48:11,600] {logging_mixin.py:109} INFO - [2022-02-19 14:48:11,599] {dag.py:2935} INFO - Setting next_dagrun for example_time_delta_sensor_async to None
[2022-02-19 14:48:11,608] {processor.py:171} INFO - Processing /home/airflow/.local/lib/python3.7/site-packages/airflow/example_dags/example_time_delta_sensor_async.py took 0.067 seconds
[2022-02-19 14:48:41,824] {processor.py:163} INFO - Started process (PID=1338) to work on /home/airflow/.local/lib/python3.7/site-packages/airflow/example_dags/example_time_delta_sensor_async.py
[2022-02-19 14:48:41,825] {processor.py:642} INFO - Processing file /home/airflow/.local/lib/python3.7/site-packages/airflow/example_dags/example_time_delta_sensor_async.py for tasks to queue
[2022-02-19 14:48:41,827] {logging_mixin.py:109} INFO - [2022-02-19 14:48:41,826] {dagbag.py:500} INFO - Filling up the DagBag from /home/airflow/.local/lib/python3.7/site-packages/airflow/example_dags/example_time_delta_sensor_async.py
[2022-02-19 14:48:41,849] {processor.py:654} INFO - DAG(s) dict_keys(['example_time_delta_sensor_async']) retrieved from /home/airflow/.local/lib/python3.7/site-packages/airflow/example_dags/example_time_delta_sensor_async.py
[2022-02-19 14:48:41,857] {logging_mixin.py:109} INFO - [2022-02-19 14:48:41,857] {dag.py:2396} INFO - Sync 1 DAGs
[2022-02-19 14:48:41,870] {logging_mixin.py:109} INFO - [2022-02-19 14:48:41,870] {dag.py:2935} INFO - Setting next_dagrun for example_time_delta_sensor_async to None
[2022-02-19 14:48:41,877] {processor.py:171} INFO - Processing /home/airflow/.local/lib/python3.7/site-packages/airflow/example_dags/example_time_delta_sensor_async.py took 0.056 seconds
[2022-02-19 14:49:12,749] {processor.py:163} INFO - Started process (PID=1389) to work on /home/airflow/.local/lib/python3.7/site-packages/airflow/example_dags/example_time_delta_sensor_async.py
[2022-02-19 14:49:12,751] {processor.py:642} INFO - Processing file /home/airflow/.local/lib/python3.7/site-packages/airflow/example_dags/example_time_delta_sensor_async.py for tasks to queue
[2022-02-19 14:49:12,752] {logging_mixin.py:109} INFO - [2022-02-19 14:49:12,752] {dagbag.py:500} INFO - Filling up the DagBag from /home/airflow/.local/lib/python3.7/site-packages/airflow/example_dags/example_time_delta_sensor_async.py
[2022-02-19 14:49:12,779] {processor.py:654} INFO - DAG(s) dict_keys(['example_time_delta_sensor_async']) retrieved from /home/airflow/.local/lib/python3.7/site-packages/airflow/example_dags/example_time_delta_sensor_async.py
[2022-02-19 14:49:12,788] {logging_mixin.py:109} INFO - [2022-02-19 14:49:12,788] {dag.py:2396} INFO - Sync 1 DAGs
[2022-02-19 14:49:12,802] {logging_mixin.py:109} INFO - [2022-02-19 14:49:12,802] {dag.py:2935} INFO - Setting next_dagrun for example_time_delta_sensor_async to None
[2022-02-19 14:49:12,810] {processor.py:171} INFO - Processing /home/airflow/.local/lib/python3.7/site-packages/airflow/example_dags/example_time_delta_sensor_async.py took 0.064 seconds
[2022-02-19 14:49:42,918] {processor.py:163} INFO - Started process (PID=1449) to work on /home/airflow/.local/lib/python3.7/site-packages/airflow/example_dags/example_time_delta_sensor_async.py
[2022-02-19 14:49:42,920] {processor.py:642} INFO - Processing file /home/airflow/.local/lib/python3.7/site-packages/airflow/example_dags/example_time_delta_sensor_async.py for tasks to queue
[2022-02-19 14:49:42,921] {logging_mixin.py:109} INFO - [2022-02-19 14:49:42,921] {dagbag.py:500} INFO - Filling up the DagBag from /home/airflow/.local/lib/python3.7/site-packages/airflow/example_dags/example_time_delta_sensor_async.py
[2022-02-19 14:49:42,948] {processor.py:654} INFO - DAG(s) dict_keys(['example_time_delta_sensor_async']) retrieved from /home/airflow/.local/lib/python3.7/site-packages/airflow/example_dags/example_time_delta_sensor_async.py
[2022-02-19 14:49:42,958] {logging_mixin.py:109} INFO - [2022-02-19 14:49:42,958] {dag.py:2396} INFO - Sync 1 DAGs
[2022-02-19 14:49:42,972] {logging_mixin.py:109} INFO - [2022-02-19 14:49:42,972] {dag.py:2935} INFO - Setting next_dagrun for example_time_delta_sensor_async to None
[2022-02-19 14:49:42,981] {processor.py:171} INFO - Processing /home/airflow/.local/lib/python3.7/site-packages/airflow/example_dags/example_time_delta_sensor_async.py took 0.068 seconds
[2022-02-19 14:50:13,118] {processor.py:163} INFO - Started process (PID=1499) to work on /home/airflow/.local/lib/python3.7/site-packages/airflow/example_dags/example_time_delta_sensor_async.py
[2022-02-19 14:50:13,120] {processor.py:642} INFO - Processing file /home/airflow/.local/lib/python3.7/site-packages/airflow/example_dags/example_time_delta_sensor_async.py for tasks to queue
[2022-02-19 14:50:13,121] {logging_mixin.py:109} INFO - [2022-02-19 14:50:13,121] {dagbag.py:500} INFO - Filling up the DagBag from /home/airflow/.local/lib/python3.7/site-packages/airflow/example_dags/example_time_delta_sensor_async.py
[2022-02-19 14:50:13,150] {processor.py:654} INFO - DAG(s) dict_keys(['example_time_delta_sensor_async']) retrieved from /home/airflow/.local/lib/python3.7/site-packages/airflow/example_dags/example_time_delta_sensor_async.py
[2022-02-19 14:50:13,159] {logging_mixin.py:109} INFO - [2022-02-19 14:50:13,159] {dag.py:2396} INFO - Sync 1 DAGs
[2022-02-19 14:50:13,174] {logging_mixin.py:109} INFO - [2022-02-19 14:50:13,174] {dag.py:2935} INFO - Setting next_dagrun for example_time_delta_sensor_async to None
[2022-02-19 14:50:13,183] {processor.py:171} INFO - Processing /home/airflow/.local/lib/python3.7/site-packages/airflow/example_dags/example_time_delta_sensor_async.py took 0.069 seconds
[2022-02-19 14:50:43,952] {processor.py:163} INFO - Started process (PID=1559) to work on /home/airflow/.local/lib/python3.7/site-packages/airflow/example_dags/example_time_delta_sensor_async.py
[2022-02-19 14:50:43,954] {processor.py:642} INFO - Processing file /home/airflow/.local/lib/python3.7/site-packages/airflow/example_dags/example_time_delta_sensor_async.py for tasks to queue
[2022-02-19 14:50:43,956] {logging_mixin.py:109} INFO - [2022-02-19 14:50:43,955] {dagbag.py:500} INFO - Filling up the DagBag from /home/airflow/.local/lib/python3.7/site-packages/airflow/example_dags/example_time_delta_sensor_async.py
[2022-02-19 14:50:43,984] {processor.py:654} INFO - DAG(s) dict_keys(['example_time_delta_sensor_async']) retrieved from /home/airflow/.local/lib/python3.7/site-packages/airflow/example_dags/example_time_delta_sensor_async.py
[2022-02-19 14:50:43,994] {logging_mixin.py:109} INFO - [2022-02-19 14:50:43,994] {dag.py:2396} INFO - Sync 1 DAGs
[2022-02-19 14:50:44,009] {logging_mixin.py:109} INFO - [2022-02-19 14:50:44,009] {dag.py:2935} INFO - Setting next_dagrun for example_time_delta_sensor_async to None
[2022-02-19 14:50:44,018] {processor.py:171} INFO - Processing /home/airflow/.local/lib/python3.7/site-packages/airflow/example_dags/example_time_delta_sensor_async.py took 0.069 seconds
[2022-02-19 14:51:14,617] {processor.py:163} INFO - Started process (PID=1609) to work on /home/airflow/.local/lib/python3.7/site-packages/airflow/example_dags/example_time_delta_sensor_async.py
[2022-02-19 14:51:14,620] {processor.py:642} INFO - Processing file /home/airflow/.local/lib/python3.7/site-packages/airflow/example_dags/example_time_delta_sensor_async.py for tasks to queue
[2022-02-19 14:51:14,621] {logging_mixin.py:109} INFO - [2022-02-19 14:51:14,621] {dagbag.py:500} INFO - Filling up the DagBag from /home/airflow/.local/lib/python3.7/site-packages/airflow/example_dags/example_time_delta_sensor_async.py
[2022-02-19 14:51:14,649] {processor.py:654} INFO - DAG(s) dict_keys(['example_time_delta_sensor_async']) retrieved from /home/airflow/.local/lib/python3.7/site-packages/airflow/example_dags/example_time_delta_sensor_async.py
[2022-02-19 14:51:14,659] {logging_mixin.py:109} INFO - [2022-02-19 14:51:14,659] {dag.py:2396} INFO - Sync 1 DAGs
[2022-02-19 14:51:14,674] {logging_mixin.py:109} INFO - [2022-02-19 14:51:14,674] {dag.py:2935} INFO - Setting next_dagrun for example_time_delta_sensor_async to None
[2022-02-19 14:51:14,682] {processor.py:171} INFO - Processing /home/airflow/.local/lib/python3.7/site-packages/airflow/example_dags/example_time_delta_sensor_async.py took 0.068 seconds
[2022-02-19 14:51:44,712] {processor.py:163} INFO - Started process (PID=1670) to work on /home/airflow/.local/lib/python3.7/site-packages/airflow/example_dags/example_time_delta_sensor_async.py
[2022-02-19 14:51:44,714] {processor.py:642} INFO - Processing file /home/airflow/.local/lib/python3.7/site-packages/airflow/example_dags/example_time_delta_sensor_async.py for tasks to queue
[2022-02-19 14:51:44,715] {logging_mixin.py:109} INFO - [2022-02-19 14:51:44,715] {dagbag.py:500} INFO - Filling up the DagBag from /home/airflow/.local/lib/python3.7/site-packages/airflow/example_dags/example_time_delta_sensor_async.py
[2022-02-19 14:51:44,744] {processor.py:654} INFO - DAG(s) dict_keys(['example_time_delta_sensor_async']) retrieved from /home/airflow/.local/lib/python3.7/site-packages/airflow/example_dags/example_time_delta_sensor_async.py
[2022-02-19 14:51:44,754] {logging_mixin.py:109} INFO - [2022-02-19 14:51:44,753] {dag.py:2396} INFO - Sync 1 DAGs
[2022-02-19 14:51:44,769] {logging_mixin.py:109} INFO - [2022-02-19 14:51:44,768] {dag.py:2935} INFO - Setting next_dagrun for example_time_delta_sensor_async to None
[2022-02-19 14:51:44,777] {processor.py:171} INFO - Processing /home/airflow/.local/lib/python3.7/site-packages/airflow/example_dags/example_time_delta_sensor_async.py took 0.069 seconds
[2022-02-19 14:52:14,920] {processor.py:163} INFO - Started process (PID=1721) to work on /home/airflow/.local/lib/python3.7/site-packages/airflow/example_dags/example_time_delta_sensor_async.py
[2022-02-19 14:52:14,921] {processor.py:642} INFO - Processing file /home/airflow/.local/lib/python3.7/site-packages/airflow/example_dags/example_time_delta_sensor_async.py for tasks to queue
[2022-02-19 14:52:14,923] {logging_mixin.py:109} INFO - [2022-02-19 14:52:14,922] {dagbag.py:500} INFO - Filling up the DagBag from /home/airflow/.local/lib/python3.7/site-packages/airflow/example_dags/example_time_delta_sensor_async.py
[2022-02-19 14:52:14,946] {processor.py:654} INFO - DAG(s) dict_keys(['example_time_delta_sensor_async']) retrieved from /home/airflow/.local/lib/python3.7/site-packages/airflow/example_dags/example_time_delta_sensor_async.py
[2022-02-19 14:52:14,954] {logging_mixin.py:109} INFO - [2022-02-19 14:52:14,954] {dag.py:2396} INFO - Sync 1 DAGs
[2022-02-19 14:52:14,967] {logging_mixin.py:109} INFO - [2022-02-19 14:52:14,967] {dag.py:2935} INFO - Setting next_dagrun for example_time_delta_sensor_async to None
[2022-02-19 14:52:14,974] {processor.py:171} INFO - Processing /home/airflow/.local/lib/python3.7/site-packages/airflow/example_dags/example_time_delta_sensor_async.py took 0.058 seconds
[2022-02-19 14:52:45,906] {processor.py:163} INFO - Started process (PID=1781) to work on /home/airflow/.local/lib/python3.7/site-packages/airflow/example_dags/example_time_delta_sensor_async.py
[2022-02-19 14:52:45,908] {processor.py:642} INFO - Processing file /home/airflow/.local/lib/python3.7/site-packages/airflow/example_dags/example_time_delta_sensor_async.py for tasks to queue
[2022-02-19 14:52:45,910] {logging_mixin.py:109} INFO - [2022-02-19 14:52:45,910] {dagbag.py:500} INFO - Filling up the DagBag from /home/airflow/.local/lib/python3.7/site-packages/airflow/example_dags/example_time_delta_sensor_async.py
[2022-02-19 14:52:45,936] {processor.py:654} INFO - DAG(s) dict_keys(['example_time_delta_sensor_async']) retrieved from /home/airflow/.local/lib/python3.7/site-packages/airflow/example_dags/example_time_delta_sensor_async.py
[2022-02-19 14:52:45,945] {logging_mixin.py:109} INFO - [2022-02-19 14:52:45,945] {dag.py:2396} INFO - Sync 1 DAGs
[2022-02-19 14:52:45,960] {logging_mixin.py:109} INFO - [2022-02-19 14:52:45,960] {dag.py:2935} INFO - Setting next_dagrun for example_time_delta_sensor_async to None
[2022-02-19 14:52:45,970] {processor.py:171} INFO - Processing /home/airflow/.local/lib/python3.7/site-packages/airflow/example_dags/example_time_delta_sensor_async.py took 0.067 seconds
[2022-02-19 14:53:16,127] {processor.py:163} INFO - Started process (PID=1832) to work on /home/airflow/.local/lib/python3.7/site-packages/airflow/example_dags/example_time_delta_sensor_async.py
[2022-02-19 14:53:16,129] {processor.py:642} INFO - Processing file /home/airflow/.local/lib/python3.7/site-packages/airflow/example_dags/example_time_delta_sensor_async.py for tasks to queue
[2022-02-19 14:53:16,130] {logging_mixin.py:109} INFO - [2022-02-19 14:53:16,130] {dagbag.py:500} INFO - Filling up the DagBag from /home/airflow/.local/lib/python3.7/site-packages/airflow/example_dags/example_time_delta_sensor_async.py
[2022-02-19 14:53:16,158] {processor.py:654} INFO - DAG(s) dict_keys(['example_time_delta_sensor_async']) retrieved from /home/airflow/.local/lib/python3.7/site-packages/airflow/example_dags/example_time_delta_sensor_async.py
[2022-02-19 14:53:16,168] {logging_mixin.py:109} INFO - [2022-02-19 14:53:16,168] {dag.py:2396} INFO - Sync 1 DAGs
[2022-02-19 14:53:16,184] {logging_mixin.py:109} INFO - [2022-02-19 14:53:16,184] {dag.py:2935} INFO - Setting next_dagrun for example_time_delta_sensor_async to None
[2022-02-19 14:53:16,209] {processor.py:171} INFO - Processing /home/airflow/.local/lib/python3.7/site-packages/airflow/example_dags/example_time_delta_sensor_async.py took 0.086 seconds
[2022-02-19 14:53:46,644] {processor.py:163} INFO - Started process (PID=1892) to work on /home/airflow/.local/lib/python3.7/site-packages/airflow/example_dags/example_time_delta_sensor_async.py
[2022-02-19 14:53:46,646] {processor.py:642} INFO - Processing file /home/airflow/.local/lib/python3.7/site-packages/airflow/example_dags/example_time_delta_sensor_async.py for tasks to queue
[2022-02-19 14:53:46,648] {logging_mixin.py:109} INFO - [2022-02-19 14:53:46,647] {dagbag.py:500} INFO - Filling up the DagBag from /home/airflow/.local/lib/python3.7/site-packages/airflow/example_dags/example_time_delta_sensor_async.py
[2022-02-19 14:53:46,675] {processor.py:654} INFO - DAG(s) dict_keys(['example_time_delta_sensor_async']) retrieved from /home/airflow/.local/lib/python3.7/site-packages/airflow/example_dags/example_time_delta_sensor_async.py
[2022-02-19 14:53:46,685] {logging_mixin.py:109} INFO - [2022-02-19 14:53:46,685] {dag.py:2396} INFO - Sync 1 DAGs
[2022-02-19 14:53:46,703] {logging_mixin.py:109} INFO - [2022-02-19 14:53:46,703] {dag.py:2935} INFO - Setting next_dagrun for example_time_delta_sensor_async to None
[2022-02-19 14:53:46,714] {processor.py:171} INFO - Processing /home/airflow/.local/lib/python3.7/site-packages/airflow/example_dags/example_time_delta_sensor_async.py took 0.073 seconds
[2022-02-19 14:54:16,966] {processor.py:163} INFO - Started process (PID=1942) to work on /home/airflow/.local/lib/python3.7/site-packages/airflow/example_dags/example_time_delta_sensor_async.py
[2022-02-19 14:54:16,968] {processor.py:642} INFO - Processing file /home/airflow/.local/lib/python3.7/site-packages/airflow/example_dags/example_time_delta_sensor_async.py for tasks to queue
[2022-02-19 14:54:16,969] {logging_mixin.py:109} INFO - [2022-02-19 14:54:16,969] {dagbag.py:500} INFO - Filling up the DagBag from /home/airflow/.local/lib/python3.7/site-packages/airflow/example_dags/example_time_delta_sensor_async.py
[2022-02-19 14:54:16,993] {processor.py:654} INFO - DAG(s) dict_keys(['example_time_delta_sensor_async']) retrieved from /home/airflow/.local/lib/python3.7/site-packages/airflow/example_dags/example_time_delta_sensor_async.py
[2022-02-19 14:54:17,002] {logging_mixin.py:109} INFO - [2022-02-19 14:54:17,002] {dag.py:2396} INFO - Sync 1 DAGs
[2022-02-19 14:54:17,015] {logging_mixin.py:109} INFO - [2022-02-19 14:54:17,015] {dag.py:2935} INFO - Setting next_dagrun for example_time_delta_sensor_async to None
[2022-02-19 14:54:17,096] {processor.py:171} INFO - Processing /home/airflow/.local/lib/python3.7/site-packages/airflow/example_dags/example_time_delta_sensor_async.py took 0.133 seconds
[2022-02-19 14:57:04,163] {processor.py:163} INFO - Started process (PID=1964) to work on /home/airflow/.local/lib/python3.7/site-packages/airflow/example_dags/example_time_delta_sensor_async.py
[2022-02-19 14:57:04,165] {processor.py:642} INFO - Processing file /home/airflow/.local/lib/python3.7/site-packages/airflow/example_dags/example_time_delta_sensor_async.py for tasks to queue
[2022-02-19 14:57:04,168] {logging_mixin.py:109} INFO - [2022-02-19 14:57:04,167] {dagbag.py:500} INFO - Filling up the DagBag from /home/airflow/.local/lib/python3.7/site-packages/airflow/example_dags/example_time_delta_sensor_async.py
[2022-02-19 14:57:04,216] {processor.py:654} INFO - DAG(s) dict_keys(['example_time_delta_sensor_async']) retrieved from /home/airflow/.local/lib/python3.7/site-packages/airflow/example_dags/example_time_delta_sensor_async.py
[2022-02-19 14:57:04,239] {logging_mixin.py:109} INFO - [2022-02-19 14:57:04,239] {dag.py:2396} INFO - Sync 1 DAGs
[2022-02-19 14:57:04,369] {logging_mixin.py:109} INFO - [2022-02-19 14:57:04,369] {dag.py:2935} INFO - Setting next_dagrun for example_time_delta_sensor_async to None
[2022-02-19 14:57:04,382] {processor.py:171} INFO - Processing /home/airflow/.local/lib/python3.7/site-packages/airflow/example_dags/example_time_delta_sensor_async.py took 0.225 seconds
[2022-02-19 14:58:10,166] {processor.py:163} INFO - Started process (PID=2016) to work on /home/airflow/.local/lib/python3.7/site-packages/airflow/example_dags/example_time_delta_sensor_async.py
[2022-02-19 14:58:10,169] {processor.py:642} INFO - Processing file /home/airflow/.local/lib/python3.7/site-packages/airflow/example_dags/example_time_delta_sensor_async.py for tasks to queue
[2022-02-19 14:58:10,170] {logging_mixin.py:109} INFO - [2022-02-19 14:58:10,170] {dagbag.py:500} INFO - Filling up the DagBag from /home/airflow/.local/lib/python3.7/site-packages/airflow/example_dags/example_time_delta_sensor_async.py
[2022-02-19 14:58:10,204] {processor.py:654} INFO - DAG(s) dict_keys(['example_time_delta_sensor_async']) retrieved from /home/airflow/.local/lib/python3.7/site-packages/airflow/example_dags/example_time_delta_sensor_async.py
[2022-02-19 14:58:10,216] {logging_mixin.py:109} INFO - [2022-02-19 14:58:10,216] {dag.py:2396} INFO - Sync 1 DAGs
[2022-02-19 14:58:10,313] {logging_mixin.py:109} INFO - [2022-02-19 14:58:10,312] {dag.py:2935} INFO - Setting next_dagrun for example_time_delta_sensor_async to None
[2022-02-19 14:58:10,324] {processor.py:171} INFO - Processing /home/airflow/.local/lib/python3.7/site-packages/airflow/example_dags/example_time_delta_sensor_async.py took 0.162 seconds
[2022-02-19 14:58:40,416] {processor.py:163} INFO - Started process (PID=2066) to work on /home/airflow/.local/lib/python3.7/site-packages/airflow/example_dags/example_time_delta_sensor_async.py
[2022-02-19 14:58:40,420] {processor.py:642} INFO - Processing file /home/airflow/.local/lib/python3.7/site-packages/airflow/example_dags/example_time_delta_sensor_async.py for tasks to queue
[2022-02-19 14:58:40,422] {logging_mixin.py:109} INFO - [2022-02-19 14:58:40,422] {dagbag.py:500} INFO - Filling up the DagBag from /home/airflow/.local/lib/python3.7/site-packages/airflow/example_dags/example_time_delta_sensor_async.py
[2022-02-19 14:58:40,452] {processor.py:654} INFO - DAG(s) dict_keys(['example_time_delta_sensor_async']) retrieved from /home/airflow/.local/lib/python3.7/site-packages/airflow/example_dags/example_time_delta_sensor_async.py
[2022-02-19 14:58:40,544] {logging_mixin.py:109} INFO - [2022-02-19 14:58:40,544] {dag.py:2396} INFO - Sync 1 DAGs
[2022-02-19 14:58:40,560] {logging_mixin.py:109} INFO - [2022-02-19 14:58:40,559] {dag.py:2935} INFO - Setting next_dagrun for example_time_delta_sensor_async to None
[2022-02-19 14:58:40,571] {processor.py:171} INFO - Processing /home/airflow/.local/lib/python3.7/site-packages/airflow/example_dags/example_time_delta_sensor_async.py took 0.158 seconds
[2022-02-19 15:07:58,966] {processor.py:163} INFO - Started process (PID=2127) to work on /home/airflow/.local/lib/python3.7/site-packages/airflow/example_dags/example_time_delta_sensor_async.py
[2022-02-19 15:07:58,980] {processor.py:642} INFO - Processing file /home/airflow/.local/lib/python3.7/site-packages/airflow/example_dags/example_time_delta_sensor_async.py for tasks to queue
[2022-02-19 15:07:58,988] {logging_mixin.py:109} INFO - [2022-02-19 15:07:58,987] {dagbag.py:500} INFO - Filling up the DagBag from /home/airflow/.local/lib/python3.7/site-packages/airflow/example_dags/example_time_delta_sensor_async.py
[2022-02-19 15:07:59,753] {processor.py:654} INFO - DAG(s) dict_keys(['example_time_delta_sensor_async']) retrieved from /home/airflow/.local/lib/python3.7/site-packages/airflow/example_dags/example_time_delta_sensor_async.py
[2022-02-19 15:07:59,822] {logging_mixin.py:109} INFO - [2022-02-19 15:07:59,821] {dag.py:2396} INFO - Sync 1 DAGs
[2022-02-19 15:07:59,926] {logging_mixin.py:109} INFO - [2022-02-19 15:07:59,926] {dag.py:2935} INFO - Setting next_dagrun for example_time_delta_sensor_async to None
[2022-02-19 15:08:00,037] {processor.py:171} INFO - Processing /home/airflow/.local/lib/python3.7/site-packages/airflow/example_dags/example_time_delta_sensor_async.py took 1.100 seconds
[2022-02-19 15:08:30,550] {processor.py:163} INFO - Started process (PID=2171) to work on /home/airflow/.local/lib/python3.7/site-packages/airflow/example_dags/example_time_delta_sensor_async.py
[2022-02-19 15:08:30,551] {processor.py:642} INFO - Processing file /home/airflow/.local/lib/python3.7/site-packages/airflow/example_dags/example_time_delta_sensor_async.py for tasks to queue
[2022-02-19 15:08:30,552] {logging_mixin.py:109} INFO - [2022-02-19 15:08:30,552] {dagbag.py:500} INFO - Filling up the DagBag from /home/airflow/.local/lib/python3.7/site-packages/airflow/example_dags/example_time_delta_sensor_async.py
[2022-02-19 15:08:30,660] {processor.py:654} INFO - DAG(s) dict_keys(['example_time_delta_sensor_async']) retrieved from /home/airflow/.local/lib/python3.7/site-packages/airflow/example_dags/example_time_delta_sensor_async.py
[2022-02-19 15:08:30,670] {logging_mixin.py:109} INFO - [2022-02-19 15:08:30,670] {dag.py:2396} INFO - Sync 1 DAGs
[2022-02-19 15:08:30,686] {logging_mixin.py:109} INFO - [2022-02-19 15:08:30,686] {dag.py:2935} INFO - Setting next_dagrun for example_time_delta_sensor_async to None
[2022-02-19 15:08:30,697] {processor.py:171} INFO - Processing /home/airflow/.local/lib/python3.7/site-packages/airflow/example_dags/example_time_delta_sensor_async.py took 0.150 seconds
[2022-02-19 15:09:00,918] {processor.py:163} INFO - Started process (PID=2231) to work on /home/airflow/.local/lib/python3.7/site-packages/airflow/example_dags/example_time_delta_sensor_async.py
[2022-02-19 15:09:00,921] {processor.py:642} INFO - Processing file /home/airflow/.local/lib/python3.7/site-packages/airflow/example_dags/example_time_delta_sensor_async.py for tasks to queue
[2022-02-19 15:09:00,923] {logging_mixin.py:109} INFO - [2022-02-19 15:09:00,922] {dagbag.py:500} INFO - Filling up the DagBag from /home/airflow/.local/lib/python3.7/site-packages/airflow/example_dags/example_time_delta_sensor_async.py
[2022-02-19 15:09:01,023] {processor.py:654} INFO - DAG(s) dict_keys(['example_time_delta_sensor_async']) retrieved from /home/airflow/.local/lib/python3.7/site-packages/airflow/example_dags/example_time_delta_sensor_async.py
[2022-02-19 15:09:01,033] {logging_mixin.py:109} INFO - [2022-02-19 15:09:01,032] {dag.py:2396} INFO - Sync 1 DAGs
[2022-02-19 15:09:01,047] {logging_mixin.py:109} INFO - [2022-02-19 15:09:01,047] {dag.py:2935} INFO - Setting next_dagrun for example_time_delta_sensor_async to None
[2022-02-19 15:09:01,057] {processor.py:171} INFO - Processing /home/airflow/.local/lib/python3.7/site-packages/airflow/example_dags/example_time_delta_sensor_async.py took 0.142 seconds
[2022-02-19 15:09:31,306] {processor.py:163} INFO - Started process (PID=2283) to work on /home/airflow/.local/lib/python3.7/site-packages/airflow/example_dags/example_time_delta_sensor_async.py
[2022-02-19 15:09:31,308] {processor.py:642} INFO - Processing file /home/airflow/.local/lib/python3.7/site-packages/airflow/example_dags/example_time_delta_sensor_async.py for tasks to queue
[2022-02-19 15:09:31,309] {logging_mixin.py:109} INFO - [2022-02-19 15:09:31,309] {dagbag.py:500} INFO - Filling up the DagBag from /home/airflow/.local/lib/python3.7/site-packages/airflow/example_dags/example_time_delta_sensor_async.py
[2022-02-19 15:09:31,338] {processor.py:654} INFO - DAG(s) dict_keys(['example_time_delta_sensor_async']) retrieved from /home/airflow/.local/lib/python3.7/site-packages/airflow/example_dags/example_time_delta_sensor_async.py
[2022-02-19 15:09:31,348] {logging_mixin.py:109} INFO - [2022-02-19 15:09:31,348] {dag.py:2396} INFO - Sync 1 DAGs
[2022-02-19 15:09:31,364] {logging_mixin.py:109} INFO - [2022-02-19 15:09:31,364] {dag.py:2935} INFO - Setting next_dagrun for example_time_delta_sensor_async to None
[2022-02-19 15:09:31,374] {processor.py:171} INFO - Processing /home/airflow/.local/lib/python3.7/site-packages/airflow/example_dags/example_time_delta_sensor_async.py took 0.072 seconds
[2022-02-19 15:10:02,003] {processor.py:163} INFO - Started process (PID=2343) to work on /home/airflow/.local/lib/python3.7/site-packages/airflow/example_dags/example_time_delta_sensor_async.py
[2022-02-19 15:10:02,008] {processor.py:642} INFO - Processing file /home/airflow/.local/lib/python3.7/site-packages/airflow/example_dags/example_time_delta_sensor_async.py for tasks to queue
[2022-02-19 15:10:02,011] {logging_mixin.py:109} INFO - [2022-02-19 15:10:02,011] {dagbag.py:500} INFO - Filling up the DagBag from /home/airflow/.local/lib/python3.7/site-packages/airflow/example_dags/example_time_delta_sensor_async.py
[2022-02-19 15:10:02,051] {processor.py:654} INFO - DAG(s) dict_keys(['example_time_delta_sensor_async']) retrieved from /home/airflow/.local/lib/python3.7/site-packages/airflow/example_dags/example_time_delta_sensor_async.py
[2022-02-19 15:10:02,067] {logging_mixin.py:109} INFO - [2022-02-19 15:10:02,067] {dag.py:2396} INFO - Sync 1 DAGs
[2022-02-19 15:10:02,091] {logging_mixin.py:109} INFO - [2022-02-19 15:10:02,091] {dag.py:2935} INFO - Setting next_dagrun for example_time_delta_sensor_async to None
[2022-02-19 15:10:02,107] {processor.py:171} INFO - Processing /home/airflow/.local/lib/python3.7/site-packages/airflow/example_dags/example_time_delta_sensor_async.py took 0.110 seconds
[2022-02-19 15:10:32,569] {processor.py:163} INFO - Started process (PID=2395) to work on /home/airflow/.local/lib/python3.7/site-packages/airflow/example_dags/example_time_delta_sensor_async.py
[2022-02-19 15:10:32,572] {processor.py:642} INFO - Processing file /home/airflow/.local/lib/python3.7/site-packages/airflow/example_dags/example_time_delta_sensor_async.py for tasks to queue
[2022-02-19 15:10:32,573] {logging_mixin.py:109} INFO - [2022-02-19 15:10:32,573] {dagbag.py:500} INFO - Filling up the DagBag from /home/airflow/.local/lib/python3.7/site-packages/airflow/example_dags/example_time_delta_sensor_async.py
[2022-02-19 15:10:32,600] {processor.py:654} INFO - DAG(s) dict_keys(['example_time_delta_sensor_async']) retrieved from /home/airflow/.local/lib/python3.7/site-packages/airflow/example_dags/example_time_delta_sensor_async.py
[2022-02-19 15:10:32,610] {logging_mixin.py:109} INFO - [2022-02-19 15:10:32,610] {dag.py:2396} INFO - Sync 1 DAGs
[2022-02-19 15:10:32,627] {logging_mixin.py:109} INFO - [2022-02-19 15:10:32,627] {dag.py:2935} INFO - Setting next_dagrun for example_time_delta_sensor_async to None
[2022-02-19 15:10:32,637] {processor.py:171} INFO - Processing /home/airflow/.local/lib/python3.7/site-packages/airflow/example_dags/example_time_delta_sensor_async.py took 0.071 seconds
[2022-02-19 15:11:02,743] {processor.py:163} INFO - Started process (PID=2446) to work on /home/airflow/.local/lib/python3.7/site-packages/airflow/example_dags/example_time_delta_sensor_async.py
[2022-02-19 15:11:02,744] {processor.py:642} INFO - Processing file /home/airflow/.local/lib/python3.7/site-packages/airflow/example_dags/example_time_delta_sensor_async.py for tasks to queue
[2022-02-19 15:11:02,746] {logging_mixin.py:109} INFO - [2022-02-19 15:11:02,746] {dagbag.py:500} INFO - Filling up the DagBag from /home/airflow/.local/lib/python3.7/site-packages/airflow/example_dags/example_time_delta_sensor_async.py
[2022-02-19 15:11:02,774] {processor.py:654} INFO - DAG(s) dict_keys(['example_time_delta_sensor_async']) retrieved from /home/airflow/.local/lib/python3.7/site-packages/airflow/example_dags/example_time_delta_sensor_async.py
[2022-02-19 15:11:02,783] {logging_mixin.py:109} INFO - [2022-02-19 15:11:02,783] {dag.py:2396} INFO - Sync 1 DAGs
[2022-02-19 15:11:02,798] {logging_mixin.py:109} INFO - [2022-02-19 15:11:02,798] {dag.py:2935} INFO - Setting next_dagrun for example_time_delta_sensor_async to None
[2022-02-19 15:11:02,808] {processor.py:171} INFO - Processing /home/airflow/.local/lib/python3.7/site-packages/airflow/example_dags/example_time_delta_sensor_async.py took 0.069 seconds
[2022-02-19 15:11:33,256] {processor.py:163} INFO - Started process (PID=2506) to work on /home/airflow/.local/lib/python3.7/site-packages/airflow/example_dags/example_time_delta_sensor_async.py
[2022-02-19 15:11:33,261] {processor.py:642} INFO - Processing file /home/airflow/.local/lib/python3.7/site-packages/airflow/example_dags/example_time_delta_sensor_async.py for tasks to queue
[2022-02-19 15:11:33,263] {logging_mixin.py:109} INFO - [2022-02-19 15:11:33,263] {dagbag.py:500} INFO - Filling up the DagBag from /home/airflow/.local/lib/python3.7/site-packages/airflow/example_dags/example_time_delta_sensor_async.py
[2022-02-19 15:11:33,293] {processor.py:654} INFO - DAG(s) dict_keys(['example_time_delta_sensor_async']) retrieved from /home/airflow/.local/lib/python3.7/site-packages/airflow/example_dags/example_time_delta_sensor_async.py
[2022-02-19 15:11:33,305] {logging_mixin.py:109} INFO - [2022-02-19 15:11:33,305] {dag.py:2396} INFO - Sync 1 DAGs
[2022-02-19 15:11:33,323] {logging_mixin.py:109} INFO - [2022-02-19 15:11:33,323] {dag.py:2935} INFO - Setting next_dagrun for example_time_delta_sensor_async to None
[2022-02-19 15:11:33,335] {processor.py:171} INFO - Processing /home/airflow/.local/lib/python3.7/site-packages/airflow/example_dags/example_time_delta_sensor_async.py took 0.082 seconds
[2022-02-19 15:12:03,977] {processor.py:163} INFO - Started process (PID=2557) to work on /home/airflow/.local/lib/python3.7/site-packages/airflow/example_dags/example_time_delta_sensor_async.py
[2022-02-19 15:12:03,980] {processor.py:642} INFO - Processing file /home/airflow/.local/lib/python3.7/site-packages/airflow/example_dags/example_time_delta_sensor_async.py for tasks to queue
[2022-02-19 15:12:03,982] {logging_mixin.py:109} INFO - [2022-02-19 15:12:03,982] {dagbag.py:500} INFO - Filling up the DagBag from /home/airflow/.local/lib/python3.7/site-packages/airflow/example_dags/example_time_delta_sensor_async.py
[2022-02-19 15:12:04,012] {processor.py:654} INFO - DAG(s) dict_keys(['example_time_delta_sensor_async']) retrieved from /home/airflow/.local/lib/python3.7/site-packages/airflow/example_dags/example_time_delta_sensor_async.py
[2022-02-19 15:12:04,023] {logging_mixin.py:109} INFO - [2022-02-19 15:12:04,023] {dag.py:2396} INFO - Sync 1 DAGs
[2022-02-19 15:12:04,039] {logging_mixin.py:109} INFO - [2022-02-19 15:12:04,039] {dag.py:2935} INFO - Setting next_dagrun for example_time_delta_sensor_async to None
[2022-02-19 15:12:04,049] {processor.py:171} INFO - Processing /home/airflow/.local/lib/python3.7/site-packages/airflow/example_dags/example_time_delta_sensor_async.py took 0.075 seconds
[2022-02-19 15:12:34,691] {processor.py:163} INFO - Started process (PID=2619) to work on /home/airflow/.local/lib/python3.7/site-packages/airflow/example_dags/example_time_delta_sensor_async.py
[2022-02-19 15:12:34,694] {processor.py:642} INFO - Processing file /home/airflow/.local/lib/python3.7/site-packages/airflow/example_dags/example_time_delta_sensor_async.py for tasks to queue
[2022-02-19 15:12:34,695] {logging_mixin.py:109} INFO - [2022-02-19 15:12:34,695] {dagbag.py:500} INFO - Filling up the DagBag from /home/airflow/.local/lib/python3.7/site-packages/airflow/example_dags/example_time_delta_sensor_async.py
[2022-02-19 15:12:34,719] {processor.py:654} INFO - DAG(s) dict_keys(['example_time_delta_sensor_async']) retrieved from /home/airflow/.local/lib/python3.7/site-packages/airflow/example_dags/example_time_delta_sensor_async.py
[2022-02-19 15:12:34,729] {logging_mixin.py:109} INFO - [2022-02-19 15:12:34,729] {dag.py:2396} INFO - Sync 1 DAGs
[2022-02-19 15:12:34,746] {logging_mixin.py:109} INFO - [2022-02-19 15:12:34,746] {dag.py:2935} INFO - Setting next_dagrun for example_time_delta_sensor_async to None
[2022-02-19 15:12:34,755] {processor.py:171} INFO - Processing /home/airflow/.local/lib/python3.7/site-packages/airflow/example_dags/example_time_delta_sensor_async.py took 0.067 seconds
[2022-02-19 15:13:04,819] {processor.py:163} INFO - Started process (PID=2671) to work on /home/airflow/.local/lib/python3.7/site-packages/airflow/example_dags/example_time_delta_sensor_async.py
[2022-02-19 15:13:04,822] {processor.py:642} INFO - Processing file /home/airflow/.local/lib/python3.7/site-packages/airflow/example_dags/example_time_delta_sensor_async.py for tasks to queue
[2022-02-19 15:13:04,823] {logging_mixin.py:109} INFO - [2022-02-19 15:13:04,823] {dagbag.py:500} INFO - Filling up the DagBag from /home/airflow/.local/lib/python3.7/site-packages/airflow/example_dags/example_time_delta_sensor_async.py
[2022-02-19 15:13:04,853] {processor.py:654} INFO - DAG(s) dict_keys(['example_time_delta_sensor_async']) retrieved from /home/airflow/.local/lib/python3.7/site-packages/airflow/example_dags/example_time_delta_sensor_async.py
[2022-02-19 15:13:04,865] {logging_mixin.py:109} INFO - [2022-02-19 15:13:04,865] {dag.py:2396} INFO - Sync 1 DAGs
[2022-02-19 15:13:04,882] {logging_mixin.py:109} INFO - [2022-02-19 15:13:04,882] {dag.py:2935} INFO - Setting next_dagrun for example_time_delta_sensor_async to None
[2022-02-19 15:13:04,893] {processor.py:171} INFO - Processing /home/airflow/.local/lib/python3.7/site-packages/airflow/example_dags/example_time_delta_sensor_async.py took 0.078 seconds
[2022-02-19 15:13:35,044] {processor.py:163} INFO - Started process (PID=2722) to work on /home/airflow/.local/lib/python3.7/site-packages/airflow/example_dags/example_time_delta_sensor_async.py
[2022-02-19 15:13:35,045] {processor.py:642} INFO - Processing file /home/airflow/.local/lib/python3.7/site-packages/airflow/example_dags/example_time_delta_sensor_async.py for tasks to queue
[2022-02-19 15:13:35,046] {logging_mixin.py:109} INFO - [2022-02-19 15:13:35,046] {dagbag.py:500} INFO - Filling up the DagBag from /home/airflow/.local/lib/python3.7/site-packages/airflow/example_dags/example_time_delta_sensor_async.py
[2022-02-19 15:13:35,074] {processor.py:654} INFO - DAG(s) dict_keys(['example_time_delta_sensor_async']) retrieved from /home/airflow/.local/lib/python3.7/site-packages/airflow/example_dags/example_time_delta_sensor_async.py
[2022-02-19 15:13:35,084] {logging_mixin.py:109} INFO - [2022-02-19 15:13:35,084] {dag.py:2396} INFO - Sync 1 DAGs
[2022-02-19 15:13:35,100] {logging_mixin.py:109} INFO - [2022-02-19 15:13:35,100] {dag.py:2935} INFO - Setting next_dagrun for example_time_delta_sensor_async to None
[2022-02-19 15:13:35,110] {processor.py:171} INFO - Processing /home/airflow/.local/lib/python3.7/site-packages/airflow/example_dags/example_time_delta_sensor_async.py took 0.070 seconds
[2022-02-19 15:14:05,192] {processor.py:163} INFO - Started process (PID=2783) to work on /home/airflow/.local/lib/python3.7/site-packages/airflow/example_dags/example_time_delta_sensor_async.py
[2022-02-19 15:14:05,195] {processor.py:642} INFO - Processing file /home/airflow/.local/lib/python3.7/site-packages/airflow/example_dags/example_time_delta_sensor_async.py for tasks to queue
[2022-02-19 15:14:05,196] {logging_mixin.py:109} INFO - [2022-02-19 15:14:05,196] {dagbag.py:500} INFO - Filling up the DagBag from /home/airflow/.local/lib/python3.7/site-packages/airflow/example_dags/example_time_delta_sensor_async.py
[2022-02-19 15:14:05,228] {processor.py:654} INFO - DAG(s) dict_keys(['example_time_delta_sensor_async']) retrieved from /home/airflow/.local/lib/python3.7/site-packages/airflow/example_dags/example_time_delta_sensor_async.py
[2022-02-19 15:14:05,239] {logging_mixin.py:109} INFO - [2022-02-19 15:14:05,239] {dag.py:2396} INFO - Sync 1 DAGs
[2022-02-19 15:14:05,255] {logging_mixin.py:109} INFO - [2022-02-19 15:14:05,255] {dag.py:2935} INFO - Setting next_dagrun for example_time_delta_sensor_async to None
[2022-02-19 15:14:05,264] {processor.py:171} INFO - Processing /home/airflow/.local/lib/python3.7/site-packages/airflow/example_dags/example_time_delta_sensor_async.py took 0.077 seconds
[2022-02-19 15:14:35,544] {processor.py:163} INFO - Started process (PID=2835) to work on /home/airflow/.local/lib/python3.7/site-packages/airflow/example_dags/example_time_delta_sensor_async.py
[2022-02-19 15:14:35,545] {processor.py:642} INFO - Processing file /home/airflow/.local/lib/python3.7/site-packages/airflow/example_dags/example_time_delta_sensor_async.py for tasks to queue
[2022-02-19 15:14:35,547] {logging_mixin.py:109} INFO - [2022-02-19 15:14:35,547] {dagbag.py:500} INFO - Filling up the DagBag from /home/airflow/.local/lib/python3.7/site-packages/airflow/example_dags/example_time_delta_sensor_async.py
[2022-02-19 15:14:35,576] {processor.py:654} INFO - DAG(s) dict_keys(['example_time_delta_sensor_async']) retrieved from /home/airflow/.local/lib/python3.7/site-packages/airflow/example_dags/example_time_delta_sensor_async.py
[2022-02-19 15:14:35,587] {logging_mixin.py:109} INFO - [2022-02-19 15:14:35,587] {dag.py:2396} INFO - Sync 1 DAGs
[2022-02-19 15:14:35,603] {logging_mixin.py:109} INFO - [2022-02-19 15:14:35,603] {dag.py:2935} INFO - Setting next_dagrun for example_time_delta_sensor_async to None
[2022-02-19 15:14:35,612] {processor.py:171} INFO - Processing /home/airflow/.local/lib/python3.7/site-packages/airflow/example_dags/example_time_delta_sensor_async.py took 0.072 seconds
[2022-02-19 15:15:06,456] {processor.py:163} INFO - Started process (PID=2897) to work on /home/airflow/.local/lib/python3.7/site-packages/airflow/example_dags/example_time_delta_sensor_async.py
[2022-02-19 15:15:06,458] {processor.py:642} INFO - Processing file /home/airflow/.local/lib/python3.7/site-packages/airflow/example_dags/example_time_delta_sensor_async.py for tasks to queue
[2022-02-19 15:15:06,460] {logging_mixin.py:109} INFO - [2022-02-19 15:15:06,459] {dagbag.py:500} INFO - Filling up the DagBag from /home/airflow/.local/lib/python3.7/site-packages/airflow/example_dags/example_time_delta_sensor_async.py
[2022-02-19 15:15:06,490] {processor.py:654} INFO - DAG(s) dict_keys(['example_time_delta_sensor_async']) retrieved from /home/airflow/.local/lib/python3.7/site-packages/airflow/example_dags/example_time_delta_sensor_async.py
[2022-02-19 15:15:06,502] {logging_mixin.py:109} INFO - [2022-02-19 15:15:06,502] {dag.py:2396} INFO - Sync 1 DAGs
[2022-02-19 15:15:06,520] {logging_mixin.py:109} INFO - [2022-02-19 15:15:06,520] {dag.py:2935} INFO - Setting next_dagrun for example_time_delta_sensor_async to None
[2022-02-19 15:15:06,532] {processor.py:171} INFO - Processing /home/airflow/.local/lib/python3.7/site-packages/airflow/example_dags/example_time_delta_sensor_async.py took 0.079 seconds
[2022-02-19 15:15:37,219] {processor.py:163} INFO - Started process (PID=2949) to work on /home/airflow/.local/lib/python3.7/site-packages/airflow/example_dags/example_time_delta_sensor_async.py
[2022-02-19 15:15:37,222] {processor.py:642} INFO - Processing file /home/airflow/.local/lib/python3.7/site-packages/airflow/example_dags/example_time_delta_sensor_async.py for tasks to queue
[2022-02-19 15:15:37,223] {logging_mixin.py:109} INFO - [2022-02-19 15:15:37,223] {dagbag.py:500} INFO - Filling up the DagBag from /home/airflow/.local/lib/python3.7/site-packages/airflow/example_dags/example_time_delta_sensor_async.py
[2022-02-19 15:15:37,253] {processor.py:654} INFO - DAG(s) dict_keys(['example_time_delta_sensor_async']) retrieved from /home/airflow/.local/lib/python3.7/site-packages/airflow/example_dags/example_time_delta_sensor_async.py
[2022-02-19 15:15:37,265] {logging_mixin.py:109} INFO - [2022-02-19 15:15:37,265] {dag.py:2396} INFO - Sync 1 DAGs
[2022-02-19 15:15:37,281] {logging_mixin.py:109} INFO - [2022-02-19 15:15:37,281] {dag.py:2935} INFO - Setting next_dagrun for example_time_delta_sensor_async to None
[2022-02-19 15:15:37,291] {processor.py:171} INFO - Processing /home/airflow/.local/lib/python3.7/site-packages/airflow/example_dags/example_time_delta_sensor_async.py took 0.075 seconds
[2022-02-19 15:16:07,857] {processor.py:163} INFO - Started process (PID=3009) to work on /home/airflow/.local/lib/python3.7/site-packages/airflow/example_dags/example_time_delta_sensor_async.py
[2022-02-19 15:16:07,859] {processor.py:642} INFO - Processing file /home/airflow/.local/lib/python3.7/site-packages/airflow/example_dags/example_time_delta_sensor_async.py for tasks to queue
[2022-02-19 15:16:07,861] {logging_mixin.py:109} INFO - [2022-02-19 15:16:07,861] {dagbag.py:500} INFO - Filling up the DagBag from /home/airflow/.local/lib/python3.7/site-packages/airflow/example_dags/example_time_delta_sensor_async.py
[2022-02-19 15:16:07,895] {processor.py:654} INFO - DAG(s) dict_keys(['example_time_delta_sensor_async']) retrieved from /home/airflow/.local/lib/python3.7/site-packages/airflow/example_dags/example_time_delta_sensor_async.py
[2022-02-19 15:16:07,908] {logging_mixin.py:109} INFO - [2022-02-19 15:16:07,908] {dag.py:2396} INFO - Sync 1 DAGs
[2022-02-19 15:16:07,936] {logging_mixin.py:109} INFO - [2022-02-19 15:16:07,936] {dag.py:2935} INFO - Setting next_dagrun for example_time_delta_sensor_async to None
[2022-02-19 15:16:07,949] {processor.py:171} INFO - Processing /home/airflow/.local/lib/python3.7/site-packages/airflow/example_dags/example_time_delta_sensor_async.py took 0.096 seconds
