[2022-02-19 14:29:40,363] {processor.py:163} INFO - Started process (PID=47) to work on /home/airflow/.local/lib/python3.7/site-packages/airflow/example_dags/example_sla_dag.py
[2022-02-19 14:29:40,366] {processor.py:642} INFO - Processing file /home/airflow/.local/lib/python3.7/site-packages/airflow/example_dags/example_sla_dag.py for tasks to queue
[2022-02-19 14:29:40,369] {logging_mixin.py:109} INFO - [2022-02-19 14:29:40,369] {dagbag.py:500} INFO - Filling up the DagBag from /home/airflow/.local/lib/python3.7/site-packages/airflow/example_dags/example_sla_dag.py
[2022-02-19 14:29:40,500] {processor.py:654} INFO - DAG(s) dict_keys(['example_sla_dag']) retrieved from /home/airflow/.local/lib/python3.7/site-packages/airflow/example_dags/example_sla_dag.py
[2022-02-19 14:29:55,701] {logging_mixin.py:109} INFO - [2022-02-19 14:29:55,700] {manager.py:496} INFO - Created Permission View: can edit on DAG:example_sla_dag
[2022-02-19 14:29:55,730] {logging_mixin.py:109} INFO - [2022-02-19 14:29:55,729] {manager.py:496} INFO - Created Permission View: can read on DAG:example_sla_dag
[2022-02-19 14:29:55,734] {logging_mixin.py:109} INFO - [2022-02-19 14:29:55,733] {dag.py:2396} INFO - Sync 1 DAGs
[2022-02-19 14:29:55,755] {logging_mixin.py:109} INFO - [2022-02-19 14:29:55,755] {dag.py:2415} INFO - Creating ORM DAG for example_sla_dag
[2022-02-19 14:29:55,850] {logging_mixin.py:109} INFO - [2022-02-19 14:29:55,849] {dag.py:2935} INFO - Setting next_dagrun for example_sla_dag to 2022-02-19T14:26:00+00:00
[2022-02-19 14:30:30,820] {processor.py:163} INFO - Started process (PID=164) to work on /home/airflow/.local/lib/python3.7/site-packages/airflow/example_dags/example_sla_dag.py
[2022-02-19 14:30:30,823] {processor.py:642} INFO - Processing file /home/airflow/.local/lib/python3.7/site-packages/airflow/example_dags/example_sla_dag.py for tasks to queue
[2022-02-19 14:30:30,824] {logging_mixin.py:109} INFO - [2022-02-19 14:30:30,824] {dagbag.py:500} INFO - Filling up the DagBag from /home/airflow/.local/lib/python3.7/site-packages/airflow/example_dags/example_sla_dag.py
[2022-02-19 14:30:30,885] {processor.py:654} INFO - DAG(s) dict_keys(['example_sla_dag']) retrieved from /home/airflow/.local/lib/python3.7/site-packages/airflow/example_dags/example_sla_dag.py
[2022-02-19 14:30:30,896] {logging_mixin.py:109} INFO - [2022-02-19 14:30:30,896] {dag.py:2396} INFO - Sync 1 DAGs
[2022-02-19 14:30:30,917] {logging_mixin.py:109} INFO - [2022-02-19 14:30:30,917] {dag.py:2935} INFO - Setting next_dagrun for example_sla_dag to 2022-02-19T14:28:00+00:00
[2022-02-19 14:30:30,926] {processor.py:171} INFO - Processing /home/airflow/.local/lib/python3.7/site-packages/airflow/example_dags/example_sla_dag.py took 0.109 seconds
[2022-02-19 14:31:01,774] {processor.py:163} INFO - Started process (PID=214) to work on /home/airflow/.local/lib/python3.7/site-packages/airflow/example_dags/example_sla_dag.py
[2022-02-19 14:31:01,777] {processor.py:642} INFO - Processing file /home/airflow/.local/lib/python3.7/site-packages/airflow/example_dags/example_sla_dag.py for tasks to queue
[2022-02-19 14:31:01,779] {logging_mixin.py:109} INFO - [2022-02-19 14:31:01,778] {dagbag.py:500} INFO - Filling up the DagBag from /home/airflow/.local/lib/python3.7/site-packages/airflow/example_dags/example_sla_dag.py
[2022-02-19 14:31:01,833] {processor.py:654} INFO - DAG(s) dict_keys(['example_sla_dag']) retrieved from /home/airflow/.local/lib/python3.7/site-packages/airflow/example_dags/example_sla_dag.py
[2022-02-19 14:31:01,848] {logging_mixin.py:109} INFO - [2022-02-19 14:31:01,848] {dag.py:2396} INFO - Sync 1 DAGs
[2022-02-19 14:31:01,871] {logging_mixin.py:109} INFO - [2022-02-19 14:31:01,871] {dag.py:2935} INFO - Setting next_dagrun for example_sla_dag to 2022-02-19T14:28:00+00:00
[2022-02-19 14:31:01,882] {processor.py:171} INFO - Processing /home/airflow/.local/lib/python3.7/site-packages/airflow/example_dags/example_sla_dag.py took 0.113 seconds
[2022-02-19 14:31:31,970] {processor.py:163} INFO - Started process (PID=266) to work on /home/airflow/.local/lib/python3.7/site-packages/airflow/example_dags/example_sla_dag.py
[2022-02-19 14:31:31,972] {processor.py:642} INFO - Processing file /home/airflow/.local/lib/python3.7/site-packages/airflow/example_dags/example_sla_dag.py for tasks to queue
[2022-02-19 14:31:31,973] {logging_mixin.py:109} INFO - [2022-02-19 14:31:31,973] {dagbag.py:500} INFO - Filling up the DagBag from /home/airflow/.local/lib/python3.7/site-packages/airflow/example_dags/example_sla_dag.py
[2022-02-19 14:31:32,007] {processor.py:654} INFO - DAG(s) dict_keys(['example_sla_dag']) retrieved from /home/airflow/.local/lib/python3.7/site-packages/airflow/example_dags/example_sla_dag.py
[2022-02-19 14:31:32,016] {logging_mixin.py:109} INFO - [2022-02-19 14:31:32,016] {dag.py:2396} INFO - Sync 1 DAGs
[2022-02-19 14:31:32,034] {logging_mixin.py:109} INFO - [2022-02-19 14:31:32,034] {dag.py:2935} INFO - Setting next_dagrun for example_sla_dag to 2022-02-19T14:28:00+00:00
[2022-02-19 14:31:32,043] {processor.py:171} INFO - Processing /home/airflow/.local/lib/python3.7/site-packages/airflow/example_dags/example_sla_dag.py took 0.076 seconds
[2022-02-19 14:40:05,005] {processor.py:163} INFO - Started process (PID=106) to work on /home/airflow/.local/lib/python3.7/site-packages/airflow/example_dags/example_sla_dag.py
[2022-02-19 14:40:05,007] {processor.py:642} INFO - Processing file /home/airflow/.local/lib/python3.7/site-packages/airflow/example_dags/example_sla_dag.py for tasks to queue
[2022-02-19 14:40:05,009] {logging_mixin.py:109} INFO - [2022-02-19 14:40:05,009] {dagbag.py:500} INFO - Filling up the DagBag from /home/airflow/.local/lib/python3.7/site-packages/airflow/example_dags/example_sla_dag.py
[2022-02-19 14:40:05,069] {processor.py:654} INFO - DAG(s) dict_keys(['example_sla_dag']) retrieved from /home/airflow/.local/lib/python3.7/site-packages/airflow/example_dags/example_sla_dag.py
[2022-02-19 14:40:07,637] {logging_mixin.py:109} INFO - [2022-02-19 14:40:07,636] {manager.py:496} INFO - Created Permission View: can read on DAG:example_sla_dag
[2022-02-19 14:40:07,650] {logging_mixin.py:109} INFO - [2022-02-19 14:40:07,650] {manager.py:496} INFO - Created Permission View: can edit on DAG:example_sla_dag
[2022-02-19 14:40:07,653] {logging_mixin.py:109} INFO - [2022-02-19 14:40:07,652] {dag.py:2396} INFO - Sync 1 DAGs
[2022-02-19 14:40:07,665] {logging_mixin.py:109} INFO - [2022-02-19 14:40:07,664] {dag.py:2415} INFO - Creating ORM DAG for example_sla_dag
[2022-02-19 14:40:07,681] {logging_mixin.py:109} INFO - [2022-02-19 14:40:07,680] {dag.py:2935} INFO - Setting next_dagrun for example_sla_dag to 2022-02-19T14:38:00+00:00
[2022-02-19 14:40:07,696] {processor.py:171} INFO - Processing /home/airflow/.local/lib/python3.7/site-packages/airflow/example_dags/example_sla_dag.py took 2.696 seconds
[2022-02-19 14:40:37,773] {processor.py:163} INFO - Started process (PID=469) to work on /home/airflow/.local/lib/python3.7/site-packages/airflow/example_dags/example_sla_dag.py
[2022-02-19 14:40:37,774] {processor.py:642} INFO - Processing file /home/airflow/.local/lib/python3.7/site-packages/airflow/example_dags/example_sla_dag.py for tasks to queue
[2022-02-19 14:40:37,775] {logging_mixin.py:109} INFO - [2022-02-19 14:40:37,775] {dagbag.py:500} INFO - Filling up the DagBag from /home/airflow/.local/lib/python3.7/site-packages/airflow/example_dags/example_sla_dag.py
[2022-02-19 14:40:37,813] {processor.py:654} INFO - DAG(s) dict_keys(['example_sla_dag']) retrieved from /home/airflow/.local/lib/python3.7/site-packages/airflow/example_dags/example_sla_dag.py
[2022-02-19 14:40:37,824] {logging_mixin.py:109} INFO - [2022-02-19 14:40:37,824] {dag.py:2396} INFO - Sync 1 DAGs
[2022-02-19 14:40:37,843] {logging_mixin.py:109} INFO - [2022-02-19 14:40:37,843] {dag.py:2935} INFO - Setting next_dagrun for example_sla_dag to 2022-02-19T14:38:00+00:00
[2022-02-19 14:40:37,853] {processor.py:171} INFO - Processing /home/airflow/.local/lib/python3.7/site-packages/airflow/example_dags/example_sla_dag.py took 0.084 seconds
[2022-02-19 14:41:07,999] {processor.py:163} INFO - Started process (PID=518) to work on /home/airflow/.local/lib/python3.7/site-packages/airflow/example_dags/example_sla_dag.py
[2022-02-19 14:41:08,001] {processor.py:642} INFO - Processing file /home/airflow/.local/lib/python3.7/site-packages/airflow/example_dags/example_sla_dag.py for tasks to queue
[2022-02-19 14:41:08,002] {logging_mixin.py:109} INFO - [2022-02-19 14:41:08,002] {dagbag.py:500} INFO - Filling up the DagBag from /home/airflow/.local/lib/python3.7/site-packages/airflow/example_dags/example_sla_dag.py
[2022-02-19 14:41:08,039] {processor.py:654} INFO - DAG(s) dict_keys(['example_sla_dag']) retrieved from /home/airflow/.local/lib/python3.7/site-packages/airflow/example_dags/example_sla_dag.py
[2022-02-19 14:41:08,049] {logging_mixin.py:109} INFO - [2022-02-19 14:41:08,049] {dag.py:2396} INFO - Sync 1 DAGs
[2022-02-19 14:41:08,069] {logging_mixin.py:109} INFO - [2022-02-19 14:41:08,069] {dag.py:2935} INFO - Setting next_dagrun for example_sla_dag to 2022-02-19T14:38:00+00:00
[2022-02-19 14:41:08,079] {processor.py:171} INFO - Processing /home/airflow/.local/lib/python3.7/site-packages/airflow/example_dags/example_sla_dag.py took 0.083 seconds
[2022-02-19 14:41:38,428] {processor.py:163} INFO - Started process (PID=579) to work on /home/airflow/.local/lib/python3.7/site-packages/airflow/example_dags/example_sla_dag.py
[2022-02-19 14:41:38,430] {processor.py:642} INFO - Processing file /home/airflow/.local/lib/python3.7/site-packages/airflow/example_dags/example_sla_dag.py for tasks to queue
[2022-02-19 14:41:38,431] {logging_mixin.py:109} INFO - [2022-02-19 14:41:38,431] {dagbag.py:500} INFO - Filling up the DagBag from /home/airflow/.local/lib/python3.7/site-packages/airflow/example_dags/example_sla_dag.py
[2022-02-19 14:41:38,466] {processor.py:654} INFO - DAG(s) dict_keys(['example_sla_dag']) retrieved from /home/airflow/.local/lib/python3.7/site-packages/airflow/example_dags/example_sla_dag.py
[2022-02-19 14:41:38,477] {logging_mixin.py:109} INFO - [2022-02-19 14:41:38,477] {dag.py:2396} INFO - Sync 1 DAGs
[2022-02-19 14:41:38,497] {logging_mixin.py:109} INFO - [2022-02-19 14:41:38,497] {dag.py:2935} INFO - Setting next_dagrun for example_sla_dag to 2022-02-19T14:38:00+00:00
[2022-02-19 14:41:38,507] {processor.py:171} INFO - Processing /home/airflow/.local/lib/python3.7/site-packages/airflow/example_dags/example_sla_dag.py took 0.083 seconds
[2022-02-19 14:42:09,004] {processor.py:163} INFO - Started process (PID=630) to work on /home/airflow/.local/lib/python3.7/site-packages/airflow/example_dags/example_sla_dag.py
[2022-02-19 14:42:09,006] {processor.py:642} INFO - Processing file /home/airflow/.local/lib/python3.7/site-packages/airflow/example_dags/example_sla_dag.py for tasks to queue
[2022-02-19 14:42:09,007] {logging_mixin.py:109} INFO - [2022-02-19 14:42:09,007] {dagbag.py:500} INFO - Filling up the DagBag from /home/airflow/.local/lib/python3.7/site-packages/airflow/example_dags/example_sla_dag.py
[2022-02-19 14:42:09,038] {processor.py:654} INFO - DAG(s) dict_keys(['example_sla_dag']) retrieved from /home/airflow/.local/lib/python3.7/site-packages/airflow/example_dags/example_sla_dag.py
[2022-02-19 14:42:09,047] {logging_mixin.py:109} INFO - [2022-02-19 14:42:09,047] {dag.py:2396} INFO - Sync 1 DAGs
[2022-02-19 14:42:09,066] {logging_mixin.py:109} INFO - [2022-02-19 14:42:09,066] {dag.py:2935} INFO - Setting next_dagrun for example_sla_dag to 2022-02-19T14:40:00+00:00
[2022-02-19 14:42:09,075] {processor.py:171} INFO - Processing /home/airflow/.local/lib/python3.7/site-packages/airflow/example_dags/example_sla_dag.py took 0.074 seconds
[2022-02-19 14:42:39,505] {processor.py:163} INFO - Started process (PID=681) to work on /home/airflow/.local/lib/python3.7/site-packages/airflow/example_dags/example_sla_dag.py
[2022-02-19 14:42:39,507] {processor.py:642} INFO - Processing file /home/airflow/.local/lib/python3.7/site-packages/airflow/example_dags/example_sla_dag.py for tasks to queue
[2022-02-19 14:42:39,508] {logging_mixin.py:109} INFO - [2022-02-19 14:42:39,508] {dagbag.py:500} INFO - Filling up the DagBag from /home/airflow/.local/lib/python3.7/site-packages/airflow/example_dags/example_sla_dag.py
[2022-02-19 14:42:39,545] {processor.py:654} INFO - DAG(s) dict_keys(['example_sla_dag']) retrieved from /home/airflow/.local/lib/python3.7/site-packages/airflow/example_dags/example_sla_dag.py
[2022-02-19 14:42:39,556] {logging_mixin.py:109} INFO - [2022-02-19 14:42:39,556] {dag.py:2396} INFO - Sync 1 DAGs
[2022-02-19 14:42:39,577] {logging_mixin.py:109} INFO - [2022-02-19 14:42:39,577] {dag.py:2935} INFO - Setting next_dagrun for example_sla_dag to 2022-02-19T14:40:00+00:00
[2022-02-19 14:42:39,587] {processor.py:171} INFO - Processing /home/airflow/.local/lib/python3.7/site-packages/airflow/example_dags/example_sla_dag.py took 0.086 seconds
[2022-02-19 14:43:09,672] {processor.py:163} INFO - Started process (PID=742) to work on /home/airflow/.local/lib/python3.7/site-packages/airflow/example_dags/example_sla_dag.py
[2022-02-19 14:43:09,674] {processor.py:642} INFO - Processing file /home/airflow/.local/lib/python3.7/site-packages/airflow/example_dags/example_sla_dag.py for tasks to queue
[2022-02-19 14:43:09,675] {logging_mixin.py:109} INFO - [2022-02-19 14:43:09,675] {dagbag.py:500} INFO - Filling up the DagBag from /home/airflow/.local/lib/python3.7/site-packages/airflow/example_dags/example_sla_dag.py
[2022-02-19 14:43:09,707] {processor.py:654} INFO - DAG(s) dict_keys(['example_sla_dag']) retrieved from /home/airflow/.local/lib/python3.7/site-packages/airflow/example_dags/example_sla_dag.py
[2022-02-19 14:43:09,717] {logging_mixin.py:109} INFO - [2022-02-19 14:43:09,716] {dag.py:2396} INFO - Sync 1 DAGs
[2022-02-19 14:43:09,735] {logging_mixin.py:109} INFO - [2022-02-19 14:43:09,735] {dag.py:2935} INFO - Setting next_dagrun for example_sla_dag to 2022-02-19T14:40:00+00:00
[2022-02-19 14:43:09,744] {processor.py:171} INFO - Processing /home/airflow/.local/lib/python3.7/site-packages/airflow/example_dags/example_sla_dag.py took 0.076 seconds
[2022-02-19 14:43:40,488] {processor.py:163} INFO - Started process (PID=793) to work on /home/airflow/.local/lib/python3.7/site-packages/airflow/example_dags/example_sla_dag.py
[2022-02-19 14:43:40,489] {processor.py:642} INFO - Processing file /home/airflow/.local/lib/python3.7/site-packages/airflow/example_dags/example_sla_dag.py for tasks to queue
[2022-02-19 14:43:40,491] {logging_mixin.py:109} INFO - [2022-02-19 14:43:40,491] {dagbag.py:500} INFO - Filling up the DagBag from /home/airflow/.local/lib/python3.7/site-packages/airflow/example_dags/example_sla_dag.py
[2022-02-19 14:43:40,522] {processor.py:654} INFO - DAG(s) dict_keys(['example_sla_dag']) retrieved from /home/airflow/.local/lib/python3.7/site-packages/airflow/example_dags/example_sla_dag.py
[2022-02-19 14:43:40,531] {logging_mixin.py:109} INFO - [2022-02-19 14:43:40,531] {dag.py:2396} INFO - Sync 1 DAGs
[2022-02-19 14:43:40,550] {logging_mixin.py:109} INFO - [2022-02-19 14:43:40,550] {dag.py:2935} INFO - Setting next_dagrun for example_sla_dag to 2022-02-19T14:40:00+00:00
[2022-02-19 14:43:40,558] {processor.py:171} INFO - Processing /home/airflow/.local/lib/python3.7/site-packages/airflow/example_dags/example_sla_dag.py took 0.074 seconds
[2022-02-19 14:44:11,323] {processor.py:163} INFO - Started process (PID=853) to work on /home/airflow/.local/lib/python3.7/site-packages/airflow/example_dags/example_sla_dag.py
[2022-02-19 14:44:11,325] {processor.py:642} INFO - Processing file /home/airflow/.local/lib/python3.7/site-packages/airflow/example_dags/example_sla_dag.py for tasks to queue
[2022-02-19 14:44:11,326] {logging_mixin.py:109} INFO - [2022-02-19 14:44:11,326] {dagbag.py:500} INFO - Filling up the DagBag from /home/airflow/.local/lib/python3.7/site-packages/airflow/example_dags/example_sla_dag.py
[2022-02-19 14:44:11,357] {processor.py:654} INFO - DAG(s) dict_keys(['example_sla_dag']) retrieved from /home/airflow/.local/lib/python3.7/site-packages/airflow/example_dags/example_sla_dag.py
[2022-02-19 14:44:11,367] {logging_mixin.py:109} INFO - [2022-02-19 14:44:11,367] {dag.py:2396} INFO - Sync 1 DAGs
[2022-02-19 14:44:11,385] {logging_mixin.py:109} INFO - [2022-02-19 14:44:11,385] {dag.py:2935} INFO - Setting next_dagrun for example_sla_dag to 2022-02-19T14:42:00+00:00
[2022-02-19 14:44:11,394] {processor.py:171} INFO - Processing /home/airflow/.local/lib/python3.7/site-packages/airflow/example_dags/example_sla_dag.py took 0.075 seconds
[2022-02-19 14:44:41,932] {processor.py:163} INFO - Started process (PID=903) to work on /home/airflow/.local/lib/python3.7/site-packages/airflow/example_dags/example_sla_dag.py
[2022-02-19 14:44:41,934] {processor.py:642} INFO - Processing file /home/airflow/.local/lib/python3.7/site-packages/airflow/example_dags/example_sla_dag.py for tasks to queue
[2022-02-19 14:44:41,935] {logging_mixin.py:109} INFO - [2022-02-19 14:44:41,935] {dagbag.py:500} INFO - Filling up the DagBag from /home/airflow/.local/lib/python3.7/site-packages/airflow/example_dags/example_sla_dag.py
[2022-02-19 14:44:41,960] {processor.py:654} INFO - DAG(s) dict_keys(['example_sla_dag']) retrieved from /home/airflow/.local/lib/python3.7/site-packages/airflow/example_dags/example_sla_dag.py
[2022-02-19 14:44:41,969] {logging_mixin.py:109} INFO - [2022-02-19 14:44:41,968] {dag.py:2396} INFO - Sync 1 DAGs
[2022-02-19 14:44:41,984] {logging_mixin.py:109} INFO - [2022-02-19 14:44:41,984] {dag.py:2935} INFO - Setting next_dagrun for example_sla_dag to 2022-02-19T14:42:00+00:00
[2022-02-19 14:44:41,992] {processor.py:171} INFO - Processing /home/airflow/.local/lib/python3.7/site-packages/airflow/example_dags/example_sla_dag.py took 0.062 seconds
[2022-02-19 14:45:12,851] {processor.py:163} INFO - Started process (PID=963) to work on /home/airflow/.local/lib/python3.7/site-packages/airflow/example_dags/example_sla_dag.py
[2022-02-19 14:45:12,853] {processor.py:642} INFO - Processing file /home/airflow/.local/lib/python3.7/site-packages/airflow/example_dags/example_sla_dag.py for tasks to queue
[2022-02-19 14:45:12,854] {logging_mixin.py:109} INFO - [2022-02-19 14:45:12,854] {dagbag.py:500} INFO - Filling up the DagBag from /home/airflow/.local/lib/python3.7/site-packages/airflow/example_dags/example_sla_dag.py
[2022-02-19 14:45:12,887] {processor.py:654} INFO - DAG(s) dict_keys(['example_sla_dag']) retrieved from /home/airflow/.local/lib/python3.7/site-packages/airflow/example_dags/example_sla_dag.py
[2022-02-19 14:45:12,897] {logging_mixin.py:109} INFO - [2022-02-19 14:45:12,896] {dag.py:2396} INFO - Sync 1 DAGs
[2022-02-19 14:45:12,915] {logging_mixin.py:109} INFO - [2022-02-19 14:45:12,915] {dag.py:2935} INFO - Setting next_dagrun for example_sla_dag to 2022-02-19T14:42:00+00:00
[2022-02-19 14:45:12,924] {processor.py:171} INFO - Processing /home/airflow/.local/lib/python3.7/site-packages/airflow/example_dags/example_sla_dag.py took 0.076 seconds
[2022-02-19 14:45:43,820] {processor.py:163} INFO - Started process (PID=1013) to work on /home/airflow/.local/lib/python3.7/site-packages/airflow/example_dags/example_sla_dag.py
[2022-02-19 14:45:43,821] {processor.py:642} INFO - Processing file /home/airflow/.local/lib/python3.7/site-packages/airflow/example_dags/example_sla_dag.py for tasks to queue
[2022-02-19 14:45:43,822] {logging_mixin.py:109} INFO - [2022-02-19 14:45:43,822] {dagbag.py:500} INFO - Filling up the DagBag from /home/airflow/.local/lib/python3.7/site-packages/airflow/example_dags/example_sla_dag.py
[2022-02-19 14:45:43,848] {processor.py:654} INFO - DAG(s) dict_keys(['example_sla_dag']) retrieved from /home/airflow/.local/lib/python3.7/site-packages/airflow/example_dags/example_sla_dag.py
[2022-02-19 14:45:43,857] {logging_mixin.py:109} INFO - [2022-02-19 14:45:43,857] {dag.py:2396} INFO - Sync 1 DAGs
[2022-02-19 14:45:43,872] {logging_mixin.py:109} INFO - [2022-02-19 14:45:43,872] {dag.py:2935} INFO - Setting next_dagrun for example_sla_dag to 2022-02-19T14:42:00+00:00
[2022-02-19 14:45:43,879] {processor.py:171} INFO - Processing /home/airflow/.local/lib/python3.7/site-packages/airflow/example_dags/example_sla_dag.py took 0.062 seconds
[2022-02-19 14:46:14,469] {processor.py:163} INFO - Started process (PID=1073) to work on /home/airflow/.local/lib/python3.7/site-packages/airflow/example_dags/example_sla_dag.py
[2022-02-19 14:46:14,471] {processor.py:642} INFO - Processing file /home/airflow/.local/lib/python3.7/site-packages/airflow/example_dags/example_sla_dag.py for tasks to queue
[2022-02-19 14:46:14,472] {logging_mixin.py:109} INFO - [2022-02-19 14:46:14,472] {dagbag.py:500} INFO - Filling up the DagBag from /home/airflow/.local/lib/python3.7/site-packages/airflow/example_dags/example_sla_dag.py
[2022-02-19 14:46:14,503] {processor.py:654} INFO - DAG(s) dict_keys(['example_sla_dag']) retrieved from /home/airflow/.local/lib/python3.7/site-packages/airflow/example_dags/example_sla_dag.py
[2022-02-19 14:46:14,513] {logging_mixin.py:109} INFO - [2022-02-19 14:46:14,513] {dag.py:2396} INFO - Sync 1 DAGs
[2022-02-19 14:46:14,531] {logging_mixin.py:109} INFO - [2022-02-19 14:46:14,531] {dag.py:2935} INFO - Setting next_dagrun for example_sla_dag to 2022-02-19T14:44:00+00:00
[2022-02-19 14:46:14,538] {processor.py:171} INFO - Processing /home/airflow/.local/lib/python3.7/site-packages/airflow/example_dags/example_sla_dag.py took 0.073 seconds
[2022-02-19 14:46:44,732] {processor.py:163} INFO - Started process (PID=1124) to work on /home/airflow/.local/lib/python3.7/site-packages/airflow/example_dags/example_sla_dag.py
[2022-02-19 14:46:44,734] {processor.py:642} INFO - Processing file /home/airflow/.local/lib/python3.7/site-packages/airflow/example_dags/example_sla_dag.py for tasks to queue
[2022-02-19 14:46:44,736] {logging_mixin.py:109} INFO - [2022-02-19 14:46:44,736] {dagbag.py:500} INFO - Filling up the DagBag from /home/airflow/.local/lib/python3.7/site-packages/airflow/example_dags/example_sla_dag.py
[2022-02-19 14:46:44,767] {processor.py:654} INFO - DAG(s) dict_keys(['example_sla_dag']) retrieved from /home/airflow/.local/lib/python3.7/site-packages/airflow/example_dags/example_sla_dag.py
[2022-02-19 14:46:44,779] {logging_mixin.py:109} INFO - [2022-02-19 14:46:44,779] {dag.py:2396} INFO - Sync 1 DAGs
[2022-02-19 14:46:44,800] {logging_mixin.py:109} INFO - [2022-02-19 14:46:44,800] {dag.py:2935} INFO - Setting next_dagrun for example_sla_dag to 2022-02-19T14:44:00+00:00
[2022-02-19 14:46:44,808] {processor.py:171} INFO - Processing /home/airflow/.local/lib/python3.7/site-packages/airflow/example_dags/example_sla_dag.py took 0.081 seconds
[2022-02-19 14:47:15,823] {processor.py:163} INFO - Started process (PID=1183) to work on /home/airflow/.local/lib/python3.7/site-packages/airflow/example_dags/example_sla_dag.py
[2022-02-19 14:47:15,825] {processor.py:642} INFO - Processing file /home/airflow/.local/lib/python3.7/site-packages/airflow/example_dags/example_sla_dag.py for tasks to queue
[2022-02-19 14:47:15,826] {logging_mixin.py:109} INFO - [2022-02-19 14:47:15,826] {dagbag.py:500} INFO - Filling up the DagBag from /home/airflow/.local/lib/python3.7/site-packages/airflow/example_dags/example_sla_dag.py
[2022-02-19 14:47:15,853] {processor.py:654} INFO - DAG(s) dict_keys(['example_sla_dag']) retrieved from /home/airflow/.local/lib/python3.7/site-packages/airflow/example_dags/example_sla_dag.py
[2022-02-19 14:47:15,863] {logging_mixin.py:109} INFO - [2022-02-19 14:47:15,863] {dag.py:2396} INFO - Sync 1 DAGs
[2022-02-19 14:47:15,880] {logging_mixin.py:109} INFO - [2022-02-19 14:47:15,879] {dag.py:2935} INFO - Setting next_dagrun for example_sla_dag to 2022-02-19T14:44:00+00:00
[2022-02-19 14:47:15,887] {processor.py:171} INFO - Processing /home/airflow/.local/lib/python3.7/site-packages/airflow/example_dags/example_sla_dag.py took 0.067 seconds
[2022-02-19 14:47:45,955] {processor.py:163} INFO - Started process (PID=1233) to work on /home/airflow/.local/lib/python3.7/site-packages/airflow/example_dags/example_sla_dag.py
[2022-02-19 14:47:45,957] {processor.py:642} INFO - Processing file /home/airflow/.local/lib/python3.7/site-packages/airflow/example_dags/example_sla_dag.py for tasks to queue
[2022-02-19 14:47:45,958] {logging_mixin.py:109} INFO - [2022-02-19 14:47:45,958] {dagbag.py:500} INFO - Filling up the DagBag from /home/airflow/.local/lib/python3.7/site-packages/airflow/example_dags/example_sla_dag.py
[2022-02-19 14:47:45,991] {processor.py:654} INFO - DAG(s) dict_keys(['example_sla_dag']) retrieved from /home/airflow/.local/lib/python3.7/site-packages/airflow/example_dags/example_sla_dag.py
[2022-02-19 14:47:46,001] {logging_mixin.py:109} INFO - [2022-02-19 14:47:46,000] {dag.py:2396} INFO - Sync 1 DAGs
[2022-02-19 14:47:46,018] {logging_mixin.py:109} INFO - [2022-02-19 14:47:46,018] {dag.py:2935} INFO - Setting next_dagrun for example_sla_dag to 2022-02-19T14:44:00+00:00
[2022-02-19 14:47:46,026] {processor.py:171} INFO - Processing /home/airflow/.local/lib/python3.7/site-packages/airflow/example_dags/example_sla_dag.py took 0.075 seconds
[2022-02-19 14:48:16,049] {processor.py:163} INFO - Started process (PID=1293) to work on /home/airflow/.local/lib/python3.7/site-packages/airflow/example_dags/example_sla_dag.py
[2022-02-19 14:48:16,051] {processor.py:642} INFO - Processing file /home/airflow/.local/lib/python3.7/site-packages/airflow/example_dags/example_sla_dag.py for tasks to queue
[2022-02-19 14:48:16,053] {logging_mixin.py:109} INFO - [2022-02-19 14:48:16,052] {dagbag.py:500} INFO - Filling up the DagBag from /home/airflow/.local/lib/python3.7/site-packages/airflow/example_dags/example_sla_dag.py
[2022-02-19 14:48:16,082] {processor.py:654} INFO - DAG(s) dict_keys(['example_sla_dag']) retrieved from /home/airflow/.local/lib/python3.7/site-packages/airflow/example_dags/example_sla_dag.py
[2022-02-19 14:48:16,092] {logging_mixin.py:109} INFO - [2022-02-19 14:48:16,092] {dag.py:2396} INFO - Sync 1 DAGs
[2022-02-19 14:48:16,110] {logging_mixin.py:109} INFO - [2022-02-19 14:48:16,110] {dag.py:2935} INFO - Setting next_dagrun for example_sla_dag to 2022-02-19T14:46:00+00:00
[2022-02-19 14:48:16,119] {processor.py:171} INFO - Processing /home/airflow/.local/lib/python3.7/site-packages/airflow/example_dags/example_sla_dag.py took 0.073 seconds
[2022-02-19 14:48:46,874] {processor.py:163} INFO - Started process (PID=1340) to work on /home/airflow/.local/lib/python3.7/site-packages/airflow/example_dags/example_sla_dag.py
[2022-02-19 14:48:46,876] {processor.py:642} INFO - Processing file /home/airflow/.local/lib/python3.7/site-packages/airflow/example_dags/example_sla_dag.py for tasks to queue
[2022-02-19 14:48:46,877] {logging_mixin.py:109} INFO - [2022-02-19 14:48:46,877] {dagbag.py:500} INFO - Filling up the DagBag from /home/airflow/.local/lib/python3.7/site-packages/airflow/example_dags/example_sla_dag.py
[2022-02-19 14:48:46,910] {processor.py:654} INFO - DAG(s) dict_keys(['example_sla_dag']) retrieved from /home/airflow/.local/lib/python3.7/site-packages/airflow/example_dags/example_sla_dag.py
[2022-02-19 14:48:46,919] {logging_mixin.py:109} INFO - [2022-02-19 14:48:46,919] {dag.py:2396} INFO - Sync 1 DAGs
[2022-02-19 14:48:46,938] {logging_mixin.py:109} INFO - [2022-02-19 14:48:46,938] {dag.py:2935} INFO - Setting next_dagrun for example_sla_dag to 2022-02-19T14:46:00+00:00
[2022-02-19 14:48:46,946] {processor.py:171} INFO - Processing /home/airflow/.local/lib/python3.7/site-packages/airflow/example_dags/example_sla_dag.py took 0.076 seconds
[2022-02-19 14:49:17,785] {processor.py:163} INFO - Started process (PID=1400) to work on /home/airflow/.local/lib/python3.7/site-packages/airflow/example_dags/example_sla_dag.py
[2022-02-19 14:49:17,787] {processor.py:642} INFO - Processing file /home/airflow/.local/lib/python3.7/site-packages/airflow/example_dags/example_sla_dag.py for tasks to queue
[2022-02-19 14:49:17,788] {logging_mixin.py:109} INFO - [2022-02-19 14:49:17,788] {dagbag.py:500} INFO - Filling up the DagBag from /home/airflow/.local/lib/python3.7/site-packages/airflow/example_dags/example_sla_dag.py
[2022-02-19 14:49:17,818] {processor.py:654} INFO - DAG(s) dict_keys(['example_sla_dag']) retrieved from /home/airflow/.local/lib/python3.7/site-packages/airflow/example_dags/example_sla_dag.py
[2022-02-19 14:49:17,827] {logging_mixin.py:109} INFO - [2022-02-19 14:49:17,827] {dag.py:2396} INFO - Sync 1 DAGs
[2022-02-19 14:49:17,845] {logging_mixin.py:109} INFO - [2022-02-19 14:49:17,845] {dag.py:2935} INFO - Setting next_dagrun for example_sla_dag to 2022-02-19T14:46:00+00:00
[2022-02-19 14:49:17,853] {processor.py:171} INFO - Processing /home/airflow/.local/lib/python3.7/site-packages/airflow/example_dags/example_sla_dag.py took 0.072 seconds
[2022-02-19 14:49:47,946] {processor.py:163} INFO - Started process (PID=1450) to work on /home/airflow/.local/lib/python3.7/site-packages/airflow/example_dags/example_sla_dag.py
[2022-02-19 14:49:47,948] {processor.py:642} INFO - Processing file /home/airflow/.local/lib/python3.7/site-packages/airflow/example_dags/example_sla_dag.py for tasks to queue
[2022-02-19 14:49:47,949] {logging_mixin.py:109} INFO - [2022-02-19 14:49:47,949] {dagbag.py:500} INFO - Filling up the DagBag from /home/airflow/.local/lib/python3.7/site-packages/airflow/example_dags/example_sla_dag.py
[2022-02-19 14:49:47,980] {processor.py:654} INFO - DAG(s) dict_keys(['example_sla_dag']) retrieved from /home/airflow/.local/lib/python3.7/site-packages/airflow/example_dags/example_sla_dag.py
[2022-02-19 14:49:47,989] {logging_mixin.py:109} INFO - [2022-02-19 14:49:47,989] {dag.py:2396} INFO - Sync 1 DAGs
[2022-02-19 14:49:48,008] {logging_mixin.py:109} INFO - [2022-02-19 14:49:48,008] {dag.py:2935} INFO - Setting next_dagrun for example_sla_dag to 2022-02-19T14:46:00+00:00
[2022-02-19 14:49:48,016] {processor.py:171} INFO - Processing /home/airflow/.local/lib/python3.7/site-packages/airflow/example_dags/example_sla_dag.py took 0.073 seconds
[2022-02-19 14:50:18,139] {processor.py:163} INFO - Started process (PID=1510) to work on /home/airflow/.local/lib/python3.7/site-packages/airflow/example_dags/example_sla_dag.py
[2022-02-19 14:50:18,142] {processor.py:642} INFO - Processing file /home/airflow/.local/lib/python3.7/site-packages/airflow/example_dags/example_sla_dag.py for tasks to queue
[2022-02-19 14:50:18,143] {logging_mixin.py:109} INFO - [2022-02-19 14:50:18,143] {dagbag.py:500} INFO - Filling up the DagBag from /home/airflow/.local/lib/python3.7/site-packages/airflow/example_dags/example_sla_dag.py
[2022-02-19 14:50:18,194] {processor.py:654} INFO - DAG(s) dict_keys(['example_sla_dag']) retrieved from /home/airflow/.local/lib/python3.7/site-packages/airflow/example_dags/example_sla_dag.py
[2022-02-19 14:50:18,204] {logging_mixin.py:109} INFO - [2022-02-19 14:50:18,203] {dag.py:2396} INFO - Sync 1 DAGs
[2022-02-19 14:50:18,223] {logging_mixin.py:109} INFO - [2022-02-19 14:50:18,222] {dag.py:2935} INFO - Setting next_dagrun for example_sla_dag to 2022-02-19T14:48:00+00:00
[2022-02-19 14:50:18,232] {processor.py:171} INFO - Processing /home/airflow/.local/lib/python3.7/site-packages/airflow/example_dags/example_sla_dag.py took 0.097 seconds
[2022-02-19 14:50:48,980] {processor.py:163} INFO - Started process (PID=1560) to work on /home/airflow/.local/lib/python3.7/site-packages/airflow/example_dags/example_sla_dag.py
[2022-02-19 14:50:48,983] {processor.py:642} INFO - Processing file /home/airflow/.local/lib/python3.7/site-packages/airflow/example_dags/example_sla_dag.py for tasks to queue
[2022-02-19 14:50:48,985] {logging_mixin.py:109} INFO - [2022-02-19 14:50:48,984] {dagbag.py:500} INFO - Filling up the DagBag from /home/airflow/.local/lib/python3.7/site-packages/airflow/example_dags/example_sla_dag.py
[2022-02-19 14:50:49,022] {processor.py:654} INFO - DAG(s) dict_keys(['example_sla_dag']) retrieved from /home/airflow/.local/lib/python3.7/site-packages/airflow/example_dags/example_sla_dag.py
[2022-02-19 14:50:49,033] {logging_mixin.py:109} INFO - [2022-02-19 14:50:49,033] {dag.py:2396} INFO - Sync 1 DAGs
[2022-02-19 14:50:49,055] {logging_mixin.py:109} INFO - [2022-02-19 14:50:49,055] {dag.py:2935} INFO - Setting next_dagrun for example_sla_dag to 2022-02-19T14:48:00+00:00
[2022-02-19 14:50:49,065] {processor.py:171} INFO - Processing /home/airflow/.local/lib/python3.7/site-packages/airflow/example_dags/example_sla_dag.py took 0.090 seconds
[2022-02-19 14:51:19,643] {processor.py:163} INFO - Started process (PID=1620) to work on /home/airflow/.local/lib/python3.7/site-packages/airflow/example_dags/example_sla_dag.py
[2022-02-19 14:51:19,645] {processor.py:642} INFO - Processing file /home/airflow/.local/lib/python3.7/site-packages/airflow/example_dags/example_sla_dag.py for tasks to queue
[2022-02-19 14:51:19,647] {logging_mixin.py:109} INFO - [2022-02-19 14:51:19,647] {dagbag.py:500} INFO - Filling up the DagBag from /home/airflow/.local/lib/python3.7/site-packages/airflow/example_dags/example_sla_dag.py
[2022-02-19 14:51:19,680] {processor.py:654} INFO - DAG(s) dict_keys(['example_sla_dag']) retrieved from /home/airflow/.local/lib/python3.7/site-packages/airflow/example_dags/example_sla_dag.py
[2022-02-19 14:51:19,690] {logging_mixin.py:109} INFO - [2022-02-19 14:51:19,690] {dag.py:2396} INFO - Sync 1 DAGs
[2022-02-19 14:51:19,712] {logging_mixin.py:109} INFO - [2022-02-19 14:51:19,711] {dag.py:2935} INFO - Setting next_dagrun for example_sla_dag to 2022-02-19T14:48:00+00:00
[2022-02-19 14:51:19,721] {processor.py:171} INFO - Processing /home/airflow/.local/lib/python3.7/site-packages/airflow/example_dags/example_sla_dag.py took 0.082 seconds
[2022-02-19 14:51:49,813] {processor.py:163} INFO - Started process (PID=1671) to work on /home/airflow/.local/lib/python3.7/site-packages/airflow/example_dags/example_sla_dag.py
[2022-02-19 14:51:49,814] {processor.py:642} INFO - Processing file /home/airflow/.local/lib/python3.7/site-packages/airflow/example_dags/example_sla_dag.py for tasks to queue
[2022-02-19 14:51:49,815] {logging_mixin.py:109} INFO - [2022-02-19 14:51:49,815] {dagbag.py:500} INFO - Filling up the DagBag from /home/airflow/.local/lib/python3.7/site-packages/airflow/example_dags/example_sla_dag.py
[2022-02-19 14:51:49,842] {processor.py:654} INFO - DAG(s) dict_keys(['example_sla_dag']) retrieved from /home/airflow/.local/lib/python3.7/site-packages/airflow/example_dags/example_sla_dag.py
[2022-02-19 14:51:49,851] {logging_mixin.py:109} INFO - [2022-02-19 14:51:49,850] {dag.py:2396} INFO - Sync 1 DAGs
[2022-02-19 14:51:49,869] {logging_mixin.py:109} INFO - [2022-02-19 14:51:49,869] {dag.py:2935} INFO - Setting next_dagrun for example_sla_dag to 2022-02-19T14:48:00+00:00
[2022-02-19 14:51:49,878] {processor.py:171} INFO - Processing /home/airflow/.local/lib/python3.7/site-packages/airflow/example_dags/example_sla_dag.py took 0.069 seconds
[2022-02-19 14:52:19,939] {processor.py:163} INFO - Started process (PID=1731) to work on /home/airflow/.local/lib/python3.7/site-packages/airflow/example_dags/example_sla_dag.py
[2022-02-19 14:52:19,941] {processor.py:642} INFO - Processing file /home/airflow/.local/lib/python3.7/site-packages/airflow/example_dags/example_sla_dag.py for tasks to queue
[2022-02-19 14:52:19,942] {logging_mixin.py:109} INFO - [2022-02-19 14:52:19,942] {dagbag.py:500} INFO - Filling up the DagBag from /home/airflow/.local/lib/python3.7/site-packages/airflow/example_dags/example_sla_dag.py
[2022-02-19 14:52:19,979] {processor.py:654} INFO - DAG(s) dict_keys(['example_sla_dag']) retrieved from /home/airflow/.local/lib/python3.7/site-packages/airflow/example_dags/example_sla_dag.py
[2022-02-19 14:52:19,991] {logging_mixin.py:109} INFO - [2022-02-19 14:52:19,991] {dag.py:2396} INFO - Sync 1 DAGs
[2022-02-19 14:52:20,013] {logging_mixin.py:109} INFO - [2022-02-19 14:52:20,013] {dag.py:2935} INFO - Setting next_dagrun for example_sla_dag to 2022-02-19T14:50:00+00:00
[2022-02-19 14:52:20,117] {processor.py:171} INFO - Processing /home/airflow/.local/lib/python3.7/site-packages/airflow/example_dags/example_sla_dag.py took 0.182 seconds
[2022-02-19 14:52:51,022] {processor.py:163} INFO - Started process (PID=1782) to work on /home/airflow/.local/lib/python3.7/site-packages/airflow/example_dags/example_sla_dag.py
[2022-02-19 14:52:51,024] {processor.py:642} INFO - Processing file /home/airflow/.local/lib/python3.7/site-packages/airflow/example_dags/example_sla_dag.py for tasks to queue
[2022-02-19 14:52:51,025] {logging_mixin.py:109} INFO - [2022-02-19 14:52:51,025] {dagbag.py:500} INFO - Filling up the DagBag from /home/airflow/.local/lib/python3.7/site-packages/airflow/example_dags/example_sla_dag.py
[2022-02-19 14:52:51,058] {processor.py:654} INFO - DAG(s) dict_keys(['example_sla_dag']) retrieved from /home/airflow/.local/lib/python3.7/site-packages/airflow/example_dags/example_sla_dag.py
[2022-02-19 14:52:51,067] {logging_mixin.py:109} INFO - [2022-02-19 14:52:51,067] {dag.py:2396} INFO - Sync 1 DAGs
[2022-02-19 14:52:51,086] {logging_mixin.py:109} INFO - [2022-02-19 14:52:51,086] {dag.py:2935} INFO - Setting next_dagrun for example_sla_dag to 2022-02-19T14:50:00+00:00
[2022-02-19 14:52:51,173] {processor.py:171} INFO - Processing /home/airflow/.local/lib/python3.7/site-packages/airflow/example_dags/example_sla_dag.py took 0.155 seconds
[2022-02-19 14:53:21,254] {processor.py:163} INFO - Started process (PID=1842) to work on /home/airflow/.local/lib/python3.7/site-packages/airflow/example_dags/example_sla_dag.py
[2022-02-19 14:53:21,256] {processor.py:642} INFO - Processing file /home/airflow/.local/lib/python3.7/site-packages/airflow/example_dags/example_sla_dag.py for tasks to queue
[2022-02-19 14:53:21,257] {logging_mixin.py:109} INFO - [2022-02-19 14:53:21,257] {dagbag.py:500} INFO - Filling up the DagBag from /home/airflow/.local/lib/python3.7/site-packages/airflow/example_dags/example_sla_dag.py
[2022-02-19 14:53:21,285] {processor.py:654} INFO - DAG(s) dict_keys(['example_sla_dag']) retrieved from /home/airflow/.local/lib/python3.7/site-packages/airflow/example_dags/example_sla_dag.py
[2022-02-19 14:53:21,295] {logging_mixin.py:109} INFO - [2022-02-19 14:53:21,295] {dag.py:2396} INFO - Sync 1 DAGs
[2022-02-19 14:53:21,393] {logging_mixin.py:109} INFO - [2022-02-19 14:53:21,392] {dag.py:2935} INFO - Setting next_dagrun for example_sla_dag to 2022-02-19T14:50:00+00:00
[2022-02-19 14:53:21,403] {processor.py:171} INFO - Processing /home/airflow/.local/lib/python3.7/site-packages/airflow/example_dags/example_sla_dag.py took 0.153 seconds
[2022-02-19 14:53:51,687] {processor.py:163} INFO - Started process (PID=1893) to work on /home/airflow/.local/lib/python3.7/site-packages/airflow/example_dags/example_sla_dag.py
[2022-02-19 14:53:51,688] {processor.py:642} INFO - Processing file /home/airflow/.local/lib/python3.7/site-packages/airflow/example_dags/example_sla_dag.py for tasks to queue
[2022-02-19 14:53:51,689] {logging_mixin.py:109} INFO - [2022-02-19 14:53:51,689] {dagbag.py:500} INFO - Filling up the DagBag from /home/airflow/.local/lib/python3.7/site-packages/airflow/example_dags/example_sla_dag.py
[2022-02-19 14:53:51,717] {processor.py:654} INFO - DAG(s) dict_keys(['example_sla_dag']) retrieved from /home/airflow/.local/lib/python3.7/site-packages/airflow/example_dags/example_sla_dag.py
[2022-02-19 14:53:51,726] {logging_mixin.py:109} INFO - [2022-02-19 14:53:51,726] {dag.py:2396} INFO - Sync 1 DAGs
[2022-02-19 14:53:51,827] {logging_mixin.py:109} INFO - [2022-02-19 14:53:51,827] {dag.py:2935} INFO - Setting next_dagrun for example_sla_dag to 2022-02-19T14:50:00+00:00
[2022-02-19 14:53:51,837] {processor.py:171} INFO - Processing /home/airflow/.local/lib/python3.7/site-packages/airflow/example_dags/example_sla_dag.py took 0.153 seconds
[2022-02-19 14:54:21,985] {processor.py:163} INFO - Started process (PID=1950) to work on /home/airflow/.local/lib/python3.7/site-packages/airflow/example_dags/example_sla_dag.py
[2022-02-19 14:54:21,987] {processor.py:642} INFO - Processing file /home/airflow/.local/lib/python3.7/site-packages/airflow/example_dags/example_sla_dag.py for tasks to queue
[2022-02-19 14:54:21,988] {logging_mixin.py:109} INFO - [2022-02-19 14:54:21,988] {dagbag.py:500} INFO - Filling up the DagBag from /home/airflow/.local/lib/python3.7/site-packages/airflow/example_dags/example_sla_dag.py
[2022-02-19 14:54:22,016] {processor.py:654} INFO - DAG(s) dict_keys(['example_sla_dag']) retrieved from /home/airflow/.local/lib/python3.7/site-packages/airflow/example_dags/example_sla_dag.py
[2022-02-19 14:54:22,025] {logging_mixin.py:109} INFO - [2022-02-19 14:54:22,024] {dag.py:2396} INFO - Sync 1 DAGs
[2022-02-19 14:54:22,158] {logging_mixin.py:109} INFO - [2022-02-19 14:54:22,158] {dag.py:2935} INFO - Setting next_dagrun for example_sla_dag to 2022-02-19T14:52:00+00:00
[2022-02-19 14:54:22,175] {processor.py:171} INFO - Processing /home/airflow/.local/lib/python3.7/site-packages/airflow/example_dags/example_sla_dag.py took 0.194 seconds
[2022-02-19 14:57:04,422] {processor.py:163} INFO - Started process (PID=1966) to work on /home/airflow/.local/lib/python3.7/site-packages/airflow/example_dags/example_sla_dag.py
[2022-02-19 14:57:04,424] {processor.py:642} INFO - Processing file /home/airflow/.local/lib/python3.7/site-packages/airflow/example_dags/example_sla_dag.py for tasks to queue
[2022-02-19 14:57:04,426] {logging_mixin.py:109} INFO - [2022-02-19 14:57:04,426] {dagbag.py:500} INFO - Filling up the DagBag from /home/airflow/.local/lib/python3.7/site-packages/airflow/example_dags/example_sla_dag.py
[2022-02-19 14:57:04,490] {processor.py:654} INFO - DAG(s) dict_keys(['example_sla_dag']) retrieved from /home/airflow/.local/lib/python3.7/site-packages/airflow/example_dags/example_sla_dag.py
[2022-02-19 14:57:05,054] {logging_mixin.py:109} INFO - [2022-02-19 14:57:05,053] {dag.py:2396} INFO - Sync 1 DAGs
[2022-02-19 14:57:05,163] {logging_mixin.py:109} INFO - [2022-02-19 14:57:05,163] {dag.py:2935} INFO - Setting next_dagrun for example_sla_dag to 2022-02-19T14:54:00+00:00
[2022-02-19 14:57:05,215] {processor.py:171} INFO - Processing /home/airflow/.local/lib/python3.7/site-packages/airflow/example_dags/example_sla_dag.py took 0.798 seconds
[2022-02-19 14:58:10,367] {processor.py:163} INFO - Started process (PID=2018) to work on /home/airflow/.local/lib/python3.7/site-packages/airflow/example_dags/example_sla_dag.py
[2022-02-19 14:58:10,369] {processor.py:642} INFO - Processing file /home/airflow/.local/lib/python3.7/site-packages/airflow/example_dags/example_sla_dag.py for tasks to queue
[2022-02-19 14:58:10,371] {logging_mixin.py:109} INFO - [2022-02-19 14:58:10,371] {dagbag.py:500} INFO - Filling up the DagBag from /home/airflow/.local/lib/python3.7/site-packages/airflow/example_dags/example_sla_dag.py
[2022-02-19 14:58:10,409] {processor.py:654} INFO - DAG(s) dict_keys(['example_sla_dag']) retrieved from /home/airflow/.local/lib/python3.7/site-packages/airflow/example_dags/example_sla_dag.py
[2022-02-19 14:58:10,530] {logging_mixin.py:109} INFO - [2022-02-19 14:58:10,530] {dag.py:2396} INFO - Sync 1 DAGs
[2022-02-19 14:58:10,557] {logging_mixin.py:109} INFO - [2022-02-19 14:58:10,557] {dag.py:2935} INFO - Setting next_dagrun for example_sla_dag to 2022-02-19T14:56:00+00:00
[2022-02-19 14:58:10,584] {processor.py:171} INFO - Processing /home/airflow/.local/lib/python3.7/site-packages/airflow/example_dags/example_sla_dag.py took 0.221 seconds
[2022-02-19 14:58:41,594] {processor.py:163} INFO - Started process (PID=2068) to work on /home/airflow/.local/lib/python3.7/site-packages/airflow/example_dags/example_sla_dag.py
[2022-02-19 14:58:41,596] {processor.py:642} INFO - Processing file /home/airflow/.local/lib/python3.7/site-packages/airflow/example_dags/example_sla_dag.py for tasks to queue
[2022-02-19 14:58:41,597] {logging_mixin.py:109} INFO - [2022-02-19 14:58:41,597] {dagbag.py:500} INFO - Filling up the DagBag from /home/airflow/.local/lib/python3.7/site-packages/airflow/example_dags/example_sla_dag.py
[2022-02-19 14:58:41,715] {processor.py:654} INFO - DAG(s) dict_keys(['example_sla_dag']) retrieved from /home/airflow/.local/lib/python3.7/site-packages/airflow/example_dags/example_sla_dag.py
[2022-02-19 14:58:41,726] {logging_mixin.py:109} INFO - [2022-02-19 14:58:41,726] {dag.py:2396} INFO - Sync 1 DAGs
[2022-02-19 14:58:41,745] {logging_mixin.py:109} INFO - [2022-02-19 14:58:41,745] {dag.py:2935} INFO - Setting next_dagrun for example_sla_dag to 2022-02-19T14:56:00+00:00
[2022-02-19 14:58:41,757] {processor.py:171} INFO - Processing /home/airflow/.local/lib/python3.7/site-packages/airflow/example_dags/example_sla_dag.py took 0.167 seconds
[2022-02-19 15:08:00,348] {processor.py:163} INFO - Started process (PID=2129) to work on /home/airflow/.local/lib/python3.7/site-packages/airflow/example_dags/example_sla_dag.py
[2022-02-19 15:08:00,378] {processor.py:642} INFO - Processing file /home/airflow/.local/lib/python3.7/site-packages/airflow/example_dags/example_sla_dag.py for tasks to queue
[2022-02-19 15:08:00,397] {logging_mixin.py:109} INFO - [2022-02-19 15:08:00,394] {dagbag.py:500} INFO - Filling up the DagBag from /home/airflow/.local/lib/python3.7/site-packages/airflow/example_dags/example_sla_dag.py
[2022-02-19 15:08:01,478] {processor.py:654} INFO - DAG(s) dict_keys(['example_sla_dag']) retrieved from /home/airflow/.local/lib/python3.7/site-packages/airflow/example_dags/example_sla_dag.py
[2022-02-19 15:08:01,551] {logging_mixin.py:109} INFO - [2022-02-19 15:08:01,550] {dag.py:2396} INFO - Sync 1 DAGs
[2022-02-19 15:08:01,721] {logging_mixin.py:109} INFO - [2022-02-19 15:08:01,720] {dag.py:2935} INFO - Setting next_dagrun for example_sla_dag to 2022-02-19T15:06:00+00:00
[2022-02-19 15:08:01,822] {processor.py:171} INFO - Processing /home/airflow/.local/lib/python3.7/site-packages/airflow/example_dags/example_sla_dag.py took 1.538 seconds
[2022-02-19 15:08:32,564] {processor.py:163} INFO - Started process (PID=2172) to work on /home/airflow/.local/lib/python3.7/site-packages/airflow/example_dags/example_sla_dag.py
[2022-02-19 15:08:32,565] {processor.py:642} INFO - Processing file /home/airflow/.local/lib/python3.7/site-packages/airflow/example_dags/example_sla_dag.py for tasks to queue
[2022-02-19 15:08:32,567] {logging_mixin.py:109} INFO - [2022-02-19 15:08:32,567] {dagbag.py:500} INFO - Filling up the DagBag from /home/airflow/.local/lib/python3.7/site-packages/airflow/example_dags/example_sla_dag.py
[2022-02-19 15:08:32,682] {processor.py:654} INFO - DAG(s) dict_keys(['example_sla_dag']) retrieved from /home/airflow/.local/lib/python3.7/site-packages/airflow/example_dags/example_sla_dag.py
[2022-02-19 15:08:32,693] {logging_mixin.py:109} INFO - [2022-02-19 15:08:32,692] {dag.py:2396} INFO - Sync 1 DAGs
[2022-02-19 15:08:32,711] {logging_mixin.py:109} INFO - [2022-02-19 15:08:32,711] {dag.py:2935} INFO - Setting next_dagrun for example_sla_dag to 2022-02-19T15:06:00+00:00
[2022-02-19 15:08:32,721] {processor.py:171} INFO - Processing /home/airflow/.local/lib/python3.7/site-packages/airflow/example_dags/example_sla_dag.py took 0.161 seconds
[2022-02-19 15:09:02,931] {processor.py:163} INFO - Started process (PID=2232) to work on /home/airflow/.local/lib/python3.7/site-packages/airflow/example_dags/example_sla_dag.py
[2022-02-19 15:09:02,932] {processor.py:642} INFO - Processing file /home/airflow/.local/lib/python3.7/site-packages/airflow/example_dags/example_sla_dag.py for tasks to queue
[2022-02-19 15:09:02,934] {logging_mixin.py:109} INFO - [2022-02-19 15:09:02,934] {dagbag.py:500} INFO - Filling up the DagBag from /home/airflow/.local/lib/python3.7/site-packages/airflow/example_dags/example_sla_dag.py
[2022-02-19 15:09:03,049] {processor.py:654} INFO - DAG(s) dict_keys(['example_sla_dag']) retrieved from /home/airflow/.local/lib/python3.7/site-packages/airflow/example_dags/example_sla_dag.py
[2022-02-19 15:09:03,063] {logging_mixin.py:109} INFO - [2022-02-19 15:09:03,063] {dag.py:2396} INFO - Sync 1 DAGs
[2022-02-19 15:09:03,086] {logging_mixin.py:109} INFO - [2022-02-19 15:09:03,086] {dag.py:2935} INFO - Setting next_dagrun for example_sla_dag to 2022-02-19T15:06:00+00:00
[2022-02-19 15:09:03,100] {processor.py:171} INFO - Processing /home/airflow/.local/lib/python3.7/site-packages/airflow/example_dags/example_sla_dag.py took 0.176 seconds
[2022-02-19 15:09:33,322] {processor.py:163} INFO - Started process (PID=2284) to work on /home/airflow/.local/lib/python3.7/site-packages/airflow/example_dags/example_sla_dag.py
[2022-02-19 15:09:33,324] {processor.py:642} INFO - Processing file /home/airflow/.local/lib/python3.7/site-packages/airflow/example_dags/example_sla_dag.py for tasks to queue
[2022-02-19 15:09:33,325] {logging_mixin.py:109} INFO - [2022-02-19 15:09:33,325] {dagbag.py:500} INFO - Filling up the DagBag from /home/airflow/.local/lib/python3.7/site-packages/airflow/example_dags/example_sla_dag.py
[2022-02-19 15:09:33,359] {processor.py:654} INFO - DAG(s) dict_keys(['example_sla_dag']) retrieved from /home/airflow/.local/lib/python3.7/site-packages/airflow/example_dags/example_sla_dag.py
[2022-02-19 15:09:33,369] {logging_mixin.py:109} INFO - [2022-02-19 15:09:33,369] {dag.py:2396} INFO - Sync 1 DAGs
[2022-02-19 15:09:33,385] {logging_mixin.py:109} INFO - [2022-02-19 15:09:33,385] {dag.py:2935} INFO - Setting next_dagrun for example_sla_dag to 2022-02-19T15:06:00+00:00
[2022-02-19 15:09:33,394] {processor.py:171} INFO - Processing /home/airflow/.local/lib/python3.7/site-packages/airflow/example_dags/example_sla_dag.py took 0.076 seconds
[2022-02-19 15:10:04,005] {processor.py:163} INFO - Started process (PID=2344) to work on /home/airflow/.local/lib/python3.7/site-packages/airflow/example_dags/example_sla_dag.py
[2022-02-19 15:10:04,008] {processor.py:642} INFO - Processing file /home/airflow/.local/lib/python3.7/site-packages/airflow/example_dags/example_sla_dag.py for tasks to queue
[2022-02-19 15:10:04,009] {logging_mixin.py:109} INFO - [2022-02-19 15:10:04,009] {dagbag.py:500} INFO - Filling up the DagBag from /home/airflow/.local/lib/python3.7/site-packages/airflow/example_dags/example_sla_dag.py
[2022-02-19 15:10:04,038] {processor.py:654} INFO - DAG(s) dict_keys(['example_sla_dag']) retrieved from /home/airflow/.local/lib/python3.7/site-packages/airflow/example_dags/example_sla_dag.py
[2022-02-19 15:10:04,048] {logging_mixin.py:109} INFO - [2022-02-19 15:10:04,048] {dag.py:2396} INFO - Sync 1 DAGs
[2022-02-19 15:10:04,065] {logging_mixin.py:109} INFO - [2022-02-19 15:10:04,065] {dag.py:2935} INFO - Setting next_dagrun for example_sla_dag to 2022-02-19T15:08:00+00:00
[2022-02-19 15:10:04,074] {processor.py:171} INFO - Processing /home/airflow/.local/lib/python3.7/site-packages/airflow/example_dags/example_sla_dag.py took 0.071 seconds
[2022-02-19 15:10:34,584] {processor.py:163} INFO - Started process (PID=2396) to work on /home/airflow/.local/lib/python3.7/site-packages/airflow/example_dags/example_sla_dag.py
[2022-02-19 15:10:34,587] {processor.py:642} INFO - Processing file /home/airflow/.local/lib/python3.7/site-packages/airflow/example_dags/example_sla_dag.py for tasks to queue
[2022-02-19 15:10:34,588] {logging_mixin.py:109} INFO - [2022-02-19 15:10:34,588] {dagbag.py:500} INFO - Filling up the DagBag from /home/airflow/.local/lib/python3.7/site-packages/airflow/example_dags/example_sla_dag.py
[2022-02-19 15:10:34,629] {processor.py:654} INFO - DAG(s) dict_keys(['example_sla_dag']) retrieved from /home/airflow/.local/lib/python3.7/site-packages/airflow/example_dags/example_sla_dag.py
[2022-02-19 15:10:34,642] {logging_mixin.py:109} INFO - [2022-02-19 15:10:34,642] {dag.py:2396} INFO - Sync 1 DAGs
[2022-02-19 15:10:34,665] {logging_mixin.py:109} INFO - [2022-02-19 15:10:34,665] {dag.py:2935} INFO - Setting next_dagrun for example_sla_dag to 2022-02-19T15:08:00+00:00
[2022-02-19 15:10:34,679] {processor.py:171} INFO - Processing /home/airflow/.local/lib/python3.7/site-packages/airflow/example_dags/example_sla_dag.py took 0.099 seconds
[2022-02-19 15:11:04,817] {processor.py:163} INFO - Started process (PID=2456) to work on /home/airflow/.local/lib/python3.7/site-packages/airflow/example_dags/example_sla_dag.py
[2022-02-19 15:11:04,822] {processor.py:642} INFO - Processing file /home/airflow/.local/lib/python3.7/site-packages/airflow/example_dags/example_sla_dag.py for tasks to queue
[2022-02-19 15:11:04,827] {logging_mixin.py:109} INFO - [2022-02-19 15:11:04,827] {dagbag.py:500} INFO - Filling up the DagBag from /home/airflow/.local/lib/python3.7/site-packages/airflow/example_dags/example_sla_dag.py
[2022-02-19 15:11:04,918] {processor.py:654} INFO - DAG(s) dict_keys(['example_sla_dag']) retrieved from /home/airflow/.local/lib/python3.7/site-packages/airflow/example_dags/example_sla_dag.py
[2022-02-19 15:11:04,938] {logging_mixin.py:109} INFO - [2022-02-19 15:11:04,938] {dag.py:2396} INFO - Sync 1 DAGs
[2022-02-19 15:11:04,981] {logging_mixin.py:109} INFO - [2022-02-19 15:11:04,981] {dag.py:2935} INFO - Setting next_dagrun for example_sla_dag to 2022-02-19T15:08:00+00:00
[2022-02-19 15:11:04,995] {processor.py:171} INFO - Processing /home/airflow/.local/lib/python3.7/site-packages/airflow/example_dags/example_sla_dag.py took 0.187 seconds
[2022-02-19 15:11:35,286] {processor.py:163} INFO - Started process (PID=2507) to work on /home/airflow/.local/lib/python3.7/site-packages/airflow/example_dags/example_sla_dag.py
[2022-02-19 15:11:35,289] {processor.py:642} INFO - Processing file /home/airflow/.local/lib/python3.7/site-packages/airflow/example_dags/example_sla_dag.py for tasks to queue
[2022-02-19 15:11:35,290] {logging_mixin.py:109} INFO - [2022-02-19 15:11:35,290] {dagbag.py:500} INFO - Filling up the DagBag from /home/airflow/.local/lib/python3.7/site-packages/airflow/example_dags/example_sla_dag.py
[2022-02-19 15:11:35,326] {processor.py:654} INFO - DAG(s) dict_keys(['example_sla_dag']) retrieved from /home/airflow/.local/lib/python3.7/site-packages/airflow/example_dags/example_sla_dag.py
[2022-02-19 15:11:35,337] {logging_mixin.py:109} INFO - [2022-02-19 15:11:35,337] {dag.py:2396} INFO - Sync 1 DAGs
[2022-02-19 15:11:35,358] {logging_mixin.py:109} INFO - [2022-02-19 15:11:35,357] {dag.py:2935} INFO - Setting next_dagrun for example_sla_dag to 2022-02-19T15:08:00+00:00
[2022-02-19 15:11:35,368] {processor.py:171} INFO - Processing /home/airflow/.local/lib/python3.7/site-packages/airflow/example_dags/example_sla_dag.py took 0.086 seconds
[2022-02-19 15:12:05,993] {processor.py:163} INFO - Started process (PID=2558) to work on /home/airflow/.local/lib/python3.7/site-packages/airflow/example_dags/example_sla_dag.py
[2022-02-19 15:12:05,995] {processor.py:642} INFO - Processing file /home/airflow/.local/lib/python3.7/site-packages/airflow/example_dags/example_sla_dag.py for tasks to queue
[2022-02-19 15:12:05,997] {logging_mixin.py:109} INFO - [2022-02-19 15:12:05,997] {dagbag.py:500} INFO - Filling up the DagBag from /home/airflow/.local/lib/python3.7/site-packages/airflow/example_dags/example_sla_dag.py
[2022-02-19 15:12:06,032] {processor.py:654} INFO - DAG(s) dict_keys(['example_sla_dag']) retrieved from /home/airflow/.local/lib/python3.7/site-packages/airflow/example_dags/example_sla_dag.py
[2022-02-19 15:12:06,045] {logging_mixin.py:109} INFO - [2022-02-19 15:12:06,045] {dag.py:2396} INFO - Sync 1 DAGs
[2022-02-19 15:12:06,065] {logging_mixin.py:109} INFO - [2022-02-19 15:12:06,065] {dag.py:2935} INFO - Setting next_dagrun for example_sla_dag to 2022-02-19T15:10:00+00:00
[2022-02-19 15:12:06,076] {processor.py:171} INFO - Processing /home/airflow/.local/lib/python3.7/site-packages/airflow/example_dags/example_sla_dag.py took 0.087 seconds
[2022-02-19 15:12:36,701] {processor.py:163} INFO - Started process (PID=2620) to work on /home/airflow/.local/lib/python3.7/site-packages/airflow/example_dags/example_sla_dag.py
[2022-02-19 15:12:36,705] {processor.py:642} INFO - Processing file /home/airflow/.local/lib/python3.7/site-packages/airflow/example_dags/example_sla_dag.py for tasks to queue
[2022-02-19 15:12:36,706] {logging_mixin.py:109} INFO - [2022-02-19 15:12:36,706] {dagbag.py:500} INFO - Filling up the DagBag from /home/airflow/.local/lib/python3.7/site-packages/airflow/example_dags/example_sla_dag.py
[2022-02-19 15:12:36,737] {processor.py:654} INFO - DAG(s) dict_keys(['example_sla_dag']) retrieved from /home/airflow/.local/lib/python3.7/site-packages/airflow/example_dags/example_sla_dag.py
[2022-02-19 15:12:36,746] {logging_mixin.py:109} INFO - [2022-02-19 15:12:36,746] {dag.py:2396} INFO - Sync 1 DAGs
[2022-02-19 15:12:36,763] {logging_mixin.py:109} INFO - [2022-02-19 15:12:36,762] {dag.py:2935} INFO - Setting next_dagrun for example_sla_dag to 2022-02-19T15:10:00+00:00
[2022-02-19 15:12:36,771] {processor.py:171} INFO - Processing /home/airflow/.local/lib/python3.7/site-packages/airflow/example_dags/example_sla_dag.py took 0.074 seconds
[2022-02-19 15:13:06,927] {processor.py:163} INFO - Started process (PID=2672) to work on /home/airflow/.local/lib/python3.7/site-packages/airflow/example_dags/example_sla_dag.py
[2022-02-19 15:13:06,931] {processor.py:642} INFO - Processing file /home/airflow/.local/lib/python3.7/site-packages/airflow/example_dags/example_sla_dag.py for tasks to queue
[2022-02-19 15:13:06,932] {logging_mixin.py:109} INFO - [2022-02-19 15:13:06,932] {dagbag.py:500} INFO - Filling up the DagBag from /home/airflow/.local/lib/python3.7/site-packages/airflow/example_dags/example_sla_dag.py
[2022-02-19 15:13:06,968] {processor.py:654} INFO - DAG(s) dict_keys(['example_sla_dag']) retrieved from /home/airflow/.local/lib/python3.7/site-packages/airflow/example_dags/example_sla_dag.py
[2022-02-19 15:13:06,979] {logging_mixin.py:109} INFO - [2022-02-19 15:13:06,979] {dag.py:2396} INFO - Sync 1 DAGs
[2022-02-19 15:13:07,000] {logging_mixin.py:109} INFO - [2022-02-19 15:13:06,999] {dag.py:2935} INFO - Setting next_dagrun for example_sla_dag to 2022-02-19T15:10:00+00:00
[2022-02-19 15:13:07,010] {processor.py:171} INFO - Processing /home/airflow/.local/lib/python3.7/site-packages/airflow/example_dags/example_sla_dag.py took 0.087 seconds
[2022-02-19 15:13:37,135] {processor.py:163} INFO - Started process (PID=2733) to work on /home/airflow/.local/lib/python3.7/site-packages/airflow/example_dags/example_sla_dag.py
[2022-02-19 15:13:37,136] {processor.py:642} INFO - Processing file /home/airflow/.local/lib/python3.7/site-packages/airflow/example_dags/example_sla_dag.py for tasks to queue
[2022-02-19 15:13:37,138] {logging_mixin.py:109} INFO - [2022-02-19 15:13:37,137] {dagbag.py:500} INFO - Filling up the DagBag from /home/airflow/.local/lib/python3.7/site-packages/airflow/example_dags/example_sla_dag.py
[2022-02-19 15:13:37,169] {processor.py:654} INFO - DAG(s) dict_keys(['example_sla_dag']) retrieved from /home/airflow/.local/lib/python3.7/site-packages/airflow/example_dags/example_sla_dag.py
[2022-02-19 15:13:37,180] {logging_mixin.py:109} INFO - [2022-02-19 15:13:37,180] {dag.py:2396} INFO - Sync 1 DAGs
[2022-02-19 15:13:37,196] {logging_mixin.py:109} INFO - [2022-02-19 15:13:37,196] {dag.py:2935} INFO - Setting next_dagrun for example_sla_dag to 2022-02-19T15:10:00+00:00
[2022-02-19 15:13:37,205] {processor.py:171} INFO - Processing /home/airflow/.local/lib/python3.7/site-packages/airflow/example_dags/example_sla_dag.py took 0.073 seconds
[2022-02-19 15:14:07,293] {processor.py:163} INFO - Started process (PID=2785) to work on /home/airflow/.local/lib/python3.7/site-packages/airflow/example_dags/example_sla_dag.py
[2022-02-19 15:14:07,296] {processor.py:642} INFO - Processing file /home/airflow/.local/lib/python3.7/site-packages/airflow/example_dags/example_sla_dag.py for tasks to queue
[2022-02-19 15:14:07,297] {logging_mixin.py:109} INFO - [2022-02-19 15:14:07,297] {dagbag.py:500} INFO - Filling up the DagBag from /home/airflow/.local/lib/python3.7/site-packages/airflow/example_dags/example_sla_dag.py
[2022-02-19 15:14:07,334] {processor.py:654} INFO - DAG(s) dict_keys(['example_sla_dag']) retrieved from /home/airflow/.local/lib/python3.7/site-packages/airflow/example_dags/example_sla_dag.py
[2022-02-19 15:14:07,346] {logging_mixin.py:109} INFO - [2022-02-19 15:14:07,346] {dag.py:2396} INFO - Sync 1 DAGs
[2022-02-19 15:14:07,366] {logging_mixin.py:109} INFO - [2022-02-19 15:14:07,366] {dag.py:2935} INFO - Setting next_dagrun for example_sla_dag to 2022-02-19T15:12:00+00:00
[2022-02-19 15:14:07,376] {processor.py:171} INFO - Processing /home/airflow/.local/lib/python3.7/site-packages/airflow/example_dags/example_sla_dag.py took 0.087 seconds
[2022-02-19 15:14:37,641] {processor.py:163} INFO - Started process (PID=2837) to work on /home/airflow/.local/lib/python3.7/site-packages/airflow/example_dags/example_sla_dag.py
[2022-02-19 15:14:37,643] {processor.py:642} INFO - Processing file /home/airflow/.local/lib/python3.7/site-packages/airflow/example_dags/example_sla_dag.py for tasks to queue
[2022-02-19 15:14:37,645] {logging_mixin.py:109} INFO - [2022-02-19 15:14:37,644] {dagbag.py:500} INFO - Filling up the DagBag from /home/airflow/.local/lib/python3.7/site-packages/airflow/example_dags/example_sla_dag.py
[2022-02-19 15:14:37,679] {processor.py:654} INFO - DAG(s) dict_keys(['example_sla_dag']) retrieved from /home/airflow/.local/lib/python3.7/site-packages/airflow/example_dags/example_sla_dag.py
[2022-02-19 15:14:37,692] {logging_mixin.py:109} INFO - [2022-02-19 15:14:37,691] {dag.py:2396} INFO - Sync 1 DAGs
[2022-02-19 15:14:37,723] {logging_mixin.py:109} INFO - [2022-02-19 15:14:37,723] {dag.py:2935} INFO - Setting next_dagrun for example_sla_dag to 2022-02-19T15:12:00+00:00
[2022-02-19 15:14:37,736] {processor.py:171} INFO - Processing /home/airflow/.local/lib/python3.7/site-packages/airflow/example_dags/example_sla_dag.py took 0.098 seconds
[2022-02-19 15:15:08,566] {processor.py:163} INFO - Started process (PID=2899) to work on /home/airflow/.local/lib/python3.7/site-packages/airflow/example_dags/example_sla_dag.py
[2022-02-19 15:15:08,568] {processor.py:642} INFO - Processing file /home/airflow/.local/lib/python3.7/site-packages/airflow/example_dags/example_sla_dag.py for tasks to queue
[2022-02-19 15:15:08,570] {logging_mixin.py:109} INFO - [2022-02-19 15:15:08,570] {dagbag.py:500} INFO - Filling up the DagBag from /home/airflow/.local/lib/python3.7/site-packages/airflow/example_dags/example_sla_dag.py
[2022-02-19 15:15:08,606] {processor.py:654} INFO - DAG(s) dict_keys(['example_sla_dag']) retrieved from /home/airflow/.local/lib/python3.7/site-packages/airflow/example_dags/example_sla_dag.py
[2022-02-19 15:15:08,618] {logging_mixin.py:109} INFO - [2022-02-19 15:15:08,618] {dag.py:2396} INFO - Sync 1 DAGs
[2022-02-19 15:15:08,640] {logging_mixin.py:109} INFO - [2022-02-19 15:15:08,640] {dag.py:2935} INFO - Setting next_dagrun for example_sla_dag to 2022-02-19T15:12:00+00:00
[2022-02-19 15:15:08,652] {processor.py:171} INFO - Processing /home/airflow/.local/lib/python3.7/site-packages/airflow/example_dags/example_sla_dag.py took 0.089 seconds
[2022-02-19 15:15:39,321] {processor.py:163} INFO - Started process (PID=2951) to work on /home/airflow/.local/lib/python3.7/site-packages/airflow/example_dags/example_sla_dag.py
[2022-02-19 15:15:39,324] {processor.py:642} INFO - Processing file /home/airflow/.local/lib/python3.7/site-packages/airflow/example_dags/example_sla_dag.py for tasks to queue
[2022-02-19 15:15:39,325] {logging_mixin.py:109} INFO - [2022-02-19 15:15:39,325] {dagbag.py:500} INFO - Filling up the DagBag from /home/airflow/.local/lib/python3.7/site-packages/airflow/example_dags/example_sla_dag.py
[2022-02-19 15:15:39,361] {processor.py:654} INFO - DAG(s) dict_keys(['example_sla_dag']) retrieved from /home/airflow/.local/lib/python3.7/site-packages/airflow/example_dags/example_sla_dag.py
[2022-02-19 15:15:39,372] {logging_mixin.py:109} INFO - [2022-02-19 15:15:39,372] {dag.py:2396} INFO - Sync 1 DAGs
[2022-02-19 15:15:39,390] {logging_mixin.py:109} INFO - [2022-02-19 15:15:39,390] {dag.py:2935} INFO - Setting next_dagrun for example_sla_dag to 2022-02-19T15:12:00+00:00
[2022-02-19 15:15:39,399] {processor.py:171} INFO - Processing /home/airflow/.local/lib/python3.7/site-packages/airflow/example_dags/example_sla_dag.py took 0.082 seconds
[2022-02-19 15:16:09,989] {processor.py:163} INFO - Started process (PID=3011) to work on /home/airflow/.local/lib/python3.7/site-packages/airflow/example_dags/example_sla_dag.py
[2022-02-19 15:16:09,991] {processor.py:642} INFO - Processing file /home/airflow/.local/lib/python3.7/site-packages/airflow/example_dags/example_sla_dag.py for tasks to queue
[2022-02-19 15:16:09,992] {logging_mixin.py:109} INFO - [2022-02-19 15:16:09,992] {dagbag.py:500} INFO - Filling up the DagBag from /home/airflow/.local/lib/python3.7/site-packages/airflow/example_dags/example_sla_dag.py
[2022-02-19 15:16:10,023] {processor.py:654} INFO - DAG(s) dict_keys(['example_sla_dag']) retrieved from /home/airflow/.local/lib/python3.7/site-packages/airflow/example_dags/example_sla_dag.py
[2022-02-19 15:16:10,034] {logging_mixin.py:109} INFO - [2022-02-19 15:16:10,034] {dag.py:2396} INFO - Sync 1 DAGs
[2022-02-19 15:16:10,057] {logging_mixin.py:109} INFO - [2022-02-19 15:16:10,057] {dag.py:2935} INFO - Setting next_dagrun for example_sla_dag to 2022-02-19T15:14:00+00:00
[2022-02-19 15:16:10,072] {processor.py:171} INFO - Processing /home/airflow/.local/lib/python3.7/site-packages/airflow/example_dags/example_sla_dag.py took 0.086 seconds
