[2022-02-19 14:30:08,415] {processor.py:163} INFO - Started process (PID=112) to work on /home/airflow/.local/lib/python3.7/site-packages/airflow/example_dags/example_branch_labels.py
[2022-02-19 14:30:08,417] {processor.py:642} INFO - Processing file /home/airflow/.local/lib/python3.7/site-packages/airflow/example_dags/example_branch_labels.py for tasks to queue
[2022-02-19 14:30:08,419] {logging_mixin.py:109} INFO - [2022-02-19 14:30:08,419] {dagbag.py:500} INFO - Filling up the DagBag from /home/airflow/.local/lib/python3.7/site-packages/airflow/example_dags/example_branch_labels.py
[2022-02-19 14:30:08,476] {processor.py:654} INFO - DAG(s) dict_keys(['example_branch_labels']) retrieved from /home/airflow/.local/lib/python3.7/site-packages/airflow/example_dags/example_branch_labels.py
[2022-02-19 14:30:11,976] {logging_mixin.py:109} INFO - [2022-02-19 14:30:11,975] {manager.py:496} INFO - Created Permission View: can edit on DAG:example_branch_labels
[2022-02-19 14:30:11,986] {logging_mixin.py:109} INFO - [2022-02-19 14:30:11,986] {manager.py:496} INFO - Created Permission View: can read on DAG:example_branch_labels
[2022-02-19 14:30:11,987] {logging_mixin.py:109} INFO - [2022-02-19 14:30:11,987] {dag.py:2396} INFO - Sync 1 DAGs
[2022-02-19 14:30:11,996] {logging_mixin.py:109} INFO - [2022-02-19 14:30:11,995] {dag.py:2415} INFO - Creating ORM DAG for example_branch_labels
[2022-02-19 14:30:12,008] {logging_mixin.py:109} INFO - [2022-02-19 14:30:12,008] {dag.py:2935} INFO - Setting next_dagrun for example_branch_labels to 2022-02-18 00:00:00+00:00
[2022-02-19 14:30:12,024] {processor.py:171} INFO - Processing /home/airflow/.local/lib/python3.7/site-packages/airflow/example_dags/example_branch_labels.py took 3.613 seconds
[2022-02-19 14:30:42,078] {processor.py:163} INFO - Started process (PID=189) to work on /home/airflow/.local/lib/python3.7/site-packages/airflow/example_dags/example_branch_labels.py
[2022-02-19 14:30:42,080] {processor.py:642} INFO - Processing file /home/airflow/.local/lib/python3.7/site-packages/airflow/example_dags/example_branch_labels.py for tasks to queue
[2022-02-19 14:30:42,081] {logging_mixin.py:109} INFO - [2022-02-19 14:30:42,081] {dagbag.py:500} INFO - Filling up the DagBag from /home/airflow/.local/lib/python3.7/site-packages/airflow/example_dags/example_branch_labels.py
[2022-02-19 14:30:42,117] {processor.py:654} INFO - DAG(s) dict_keys(['example_branch_labels']) retrieved from /home/airflow/.local/lib/python3.7/site-packages/airflow/example_dags/example_branch_labels.py
[2022-02-19 14:30:42,136] {logging_mixin.py:109} INFO - [2022-02-19 14:30:42,136] {dag.py:2396} INFO - Sync 1 DAGs
[2022-02-19 14:30:42,164] {logging_mixin.py:109} INFO - [2022-02-19 14:30:42,163] {dag.py:2935} INFO - Setting next_dagrun for example_branch_labels to 2022-02-18 00:00:00+00:00
[2022-02-19 14:30:42,180] {processor.py:171} INFO - Processing /home/airflow/.local/lib/python3.7/site-packages/airflow/example_dags/example_branch_labels.py took 0.107 seconds
[2022-02-19 14:31:12,279] {processor.py:163} INFO - Started process (PID=239) to work on /home/airflow/.local/lib/python3.7/site-packages/airflow/example_dags/example_branch_labels.py
[2022-02-19 14:31:12,281] {processor.py:642} INFO - Processing file /home/airflow/.local/lib/python3.7/site-packages/airflow/example_dags/example_branch_labels.py for tasks to queue
[2022-02-19 14:31:12,283] {logging_mixin.py:109} INFO - [2022-02-19 14:31:12,283] {dagbag.py:500} INFO - Filling up the DagBag from /home/airflow/.local/lib/python3.7/site-packages/airflow/example_dags/example_branch_labels.py
[2022-02-19 14:31:12,316] {processor.py:654} INFO - DAG(s) dict_keys(['example_branch_labels']) retrieved from /home/airflow/.local/lib/python3.7/site-packages/airflow/example_dags/example_branch_labels.py
[2022-02-19 14:31:12,334] {logging_mixin.py:109} INFO - [2022-02-19 14:31:12,334] {dag.py:2396} INFO - Sync 1 DAGs
[2022-02-19 14:31:12,353] {logging_mixin.py:109} INFO - [2022-02-19 14:31:12,353] {dag.py:2935} INFO - Setting next_dagrun for example_branch_labels to 2022-02-18 00:00:00+00:00
[2022-02-19 14:31:12,362] {processor.py:171} INFO - Processing /home/airflow/.local/lib/python3.7/site-packages/airflow/example_dags/example_branch_labels.py took 0.087 seconds
[2022-02-19 14:31:42,875] {processor.py:163} INFO - Started process (PID=292) to work on /home/airflow/.local/lib/python3.7/site-packages/airflow/example_dags/example_branch_labels.py
[2022-02-19 14:31:42,878] {processor.py:642} INFO - Processing file /home/airflow/.local/lib/python3.7/site-packages/airflow/example_dags/example_branch_labels.py for tasks to queue
[2022-02-19 14:31:42,879] {logging_mixin.py:109} INFO - [2022-02-19 14:31:42,879] {dagbag.py:500} INFO - Filling up the DagBag from /home/airflow/.local/lib/python3.7/site-packages/airflow/example_dags/example_branch_labels.py
[2022-02-19 14:31:42,936] {processor.py:654} INFO - DAG(s) dict_keys(['example_branch_labels']) retrieved from /home/airflow/.local/lib/python3.7/site-packages/airflow/example_dags/example_branch_labels.py
[2022-02-19 14:31:42,951] {logging_mixin.py:109} INFO - [2022-02-19 14:31:42,951] {dag.py:2396} INFO - Sync 1 DAGs
[2022-02-19 14:31:42,971] {logging_mixin.py:109} INFO - [2022-02-19 14:31:42,970] {dag.py:2935} INFO - Setting next_dagrun for example_branch_labels to 2022-02-18 00:00:00+00:00
[2022-02-19 14:31:42,980] {processor.py:171} INFO - Processing /home/airflow/.local/lib/python3.7/site-packages/airflow/example_dags/example_branch_labels.py took 0.109 seconds
[2022-02-19 14:40:24,967] {processor.py:163} INFO - Started process (PID=349) to work on /home/airflow/.local/lib/python3.7/site-packages/airflow/example_dags/example_branch_labels.py
[2022-02-19 14:40:24,974] {processor.py:642} INFO - Processing file /home/airflow/.local/lib/python3.7/site-packages/airflow/example_dags/example_branch_labels.py for tasks to queue
[2022-02-19 14:40:24,976] {logging_mixin.py:109} INFO - [2022-02-19 14:40:24,976] {dagbag.py:500} INFO - Filling up the DagBag from /home/airflow/.local/lib/python3.7/site-packages/airflow/example_dags/example_branch_labels.py
[2022-02-19 14:40:25,030] {processor.py:654} INFO - DAG(s) dict_keys(['example_branch_labels']) retrieved from /home/airflow/.local/lib/python3.7/site-packages/airflow/example_dags/example_branch_labels.py
[2022-02-19 14:40:27,043] {logging_mixin.py:109} INFO - [2022-02-19 14:40:27,043] {manager.py:496} INFO - Created Permission View: can read on DAG:example_branch_labels
[2022-02-19 14:40:27,051] {logging_mixin.py:109} INFO - [2022-02-19 14:40:27,051] {manager.py:496} INFO - Created Permission View: can edit on DAG:example_branch_labels
[2022-02-19 14:40:27,052] {logging_mixin.py:109} INFO - [2022-02-19 14:40:27,052] {dag.py:2396} INFO - Sync 1 DAGs
[2022-02-19 14:40:27,059] {logging_mixin.py:109} INFO - [2022-02-19 14:40:27,058] {dag.py:2415} INFO - Creating ORM DAG for example_branch_labels
[2022-02-19 14:40:27,067] {logging_mixin.py:109} INFO - [2022-02-19 14:40:27,067] {dag.py:2935} INFO - Setting next_dagrun for example_branch_labels to 2022-02-18 00:00:00+00:00
[2022-02-19 14:40:27,076] {processor.py:171} INFO - Processing /home/airflow/.local/lib/python3.7/site-packages/airflow/example_dags/example_branch_labels.py took 2.115 seconds
[2022-02-19 14:40:57,223] {processor.py:163} INFO - Started process (PID=495) to work on /home/airflow/.local/lib/python3.7/site-packages/airflow/example_dags/example_branch_labels.py
[2022-02-19 14:40:57,224] {processor.py:642} INFO - Processing file /home/airflow/.local/lib/python3.7/site-packages/airflow/example_dags/example_branch_labels.py for tasks to queue
[2022-02-19 14:40:57,226] {logging_mixin.py:109} INFO - [2022-02-19 14:40:57,225] {dagbag.py:500} INFO - Filling up the DagBag from /home/airflow/.local/lib/python3.7/site-packages/airflow/example_dags/example_branch_labels.py
[2022-02-19 14:40:57,259] {processor.py:654} INFO - DAG(s) dict_keys(['example_branch_labels']) retrieved from /home/airflow/.local/lib/python3.7/site-packages/airflow/example_dags/example_branch_labels.py
[2022-02-19 14:40:57,269] {logging_mixin.py:109} INFO - [2022-02-19 14:40:57,269] {dag.py:2396} INFO - Sync 1 DAGs
[2022-02-19 14:40:57,286] {logging_mixin.py:109} INFO - [2022-02-19 14:40:57,286] {dag.py:2935} INFO - Setting next_dagrun for example_branch_labels to 2022-02-18 00:00:00+00:00
[2022-02-19 14:40:57,295] {processor.py:171} INFO - Processing /home/airflow/.local/lib/python3.7/site-packages/airflow/example_dags/example_branch_labels.py took 0.076 seconds
[2022-02-19 14:41:27,563] {processor.py:163} INFO - Started process (PID=555) to work on /home/airflow/.local/lib/python3.7/site-packages/airflow/example_dags/example_branch_labels.py
[2022-02-19 14:41:27,565] {processor.py:642} INFO - Processing file /home/airflow/.local/lib/python3.7/site-packages/airflow/example_dags/example_branch_labels.py for tasks to queue
[2022-02-19 14:41:27,567] {logging_mixin.py:109} INFO - [2022-02-19 14:41:27,566] {dagbag.py:500} INFO - Filling up the DagBag from /home/airflow/.local/lib/python3.7/site-packages/airflow/example_dags/example_branch_labels.py
[2022-02-19 14:41:27,603] {processor.py:654} INFO - DAG(s) dict_keys(['example_branch_labels']) retrieved from /home/airflow/.local/lib/python3.7/site-packages/airflow/example_dags/example_branch_labels.py
[2022-02-19 14:41:27,616] {logging_mixin.py:109} INFO - [2022-02-19 14:41:27,616] {dag.py:2396} INFO - Sync 1 DAGs
[2022-02-19 14:41:27,638] {logging_mixin.py:109} INFO - [2022-02-19 14:41:27,638] {dag.py:2935} INFO - Setting next_dagrun for example_branch_labels to 2022-02-18 00:00:00+00:00
[2022-02-19 14:41:27,650] {processor.py:171} INFO - Processing /home/airflow/.local/lib/python3.7/site-packages/airflow/example_dags/example_branch_labels.py took 0.091 seconds
[2022-02-19 14:41:58,344] {processor.py:163} INFO - Started process (PID=606) to work on /home/airflow/.local/lib/python3.7/site-packages/airflow/example_dags/example_branch_labels.py
[2022-02-19 14:41:58,346] {processor.py:642} INFO - Processing file /home/airflow/.local/lib/python3.7/site-packages/airflow/example_dags/example_branch_labels.py for tasks to queue
[2022-02-19 14:41:58,348] {logging_mixin.py:109} INFO - [2022-02-19 14:41:58,348] {dagbag.py:500} INFO - Filling up the DagBag from /home/airflow/.local/lib/python3.7/site-packages/airflow/example_dags/example_branch_labels.py
[2022-02-19 14:41:58,378] {processor.py:654} INFO - DAG(s) dict_keys(['example_branch_labels']) retrieved from /home/airflow/.local/lib/python3.7/site-packages/airflow/example_dags/example_branch_labels.py
[2022-02-19 14:41:58,393] {logging_mixin.py:109} INFO - [2022-02-19 14:41:58,393] {dag.py:2396} INFO - Sync 1 DAGs
[2022-02-19 14:41:58,413] {logging_mixin.py:109} INFO - [2022-02-19 14:41:58,413] {dag.py:2935} INFO - Setting next_dagrun for example_branch_labels to 2022-02-18 00:00:00+00:00
[2022-02-19 14:41:58,423] {processor.py:171} INFO - Processing /home/airflow/.local/lib/python3.7/site-packages/airflow/example_dags/example_branch_labels.py took 0.082 seconds
[2022-02-19 14:42:28,709] {processor.py:163} INFO - Started process (PID=665) to work on /home/airflow/.local/lib/python3.7/site-packages/airflow/example_dags/example_branch_labels.py
[2022-02-19 14:42:28,711] {processor.py:642} INFO - Processing file /home/airflow/.local/lib/python3.7/site-packages/airflow/example_dags/example_branch_labels.py for tasks to queue
[2022-02-19 14:42:28,712] {logging_mixin.py:109} INFO - [2022-02-19 14:42:28,712] {dagbag.py:500} INFO - Filling up the DagBag from /home/airflow/.local/lib/python3.7/site-packages/airflow/example_dags/example_branch_labels.py
[2022-02-19 14:42:28,739] {processor.py:654} INFO - DAG(s) dict_keys(['example_branch_labels']) retrieved from /home/airflow/.local/lib/python3.7/site-packages/airflow/example_dags/example_branch_labels.py
[2022-02-19 14:42:28,749] {logging_mixin.py:109} INFO - [2022-02-19 14:42:28,749] {dag.py:2396} INFO - Sync 1 DAGs
[2022-02-19 14:42:28,767] {logging_mixin.py:109} INFO - [2022-02-19 14:42:28,767] {dag.py:2935} INFO - Setting next_dagrun for example_branch_labels to 2022-02-18 00:00:00+00:00
[2022-02-19 14:42:28,776] {processor.py:171} INFO - Processing /home/airflow/.local/lib/python3.7/site-packages/airflow/example_dags/example_branch_labels.py took 0.070 seconds
[2022-02-19 14:42:58,841] {processor.py:163} INFO - Started process (PID=718) to work on /home/airflow/.local/lib/python3.7/site-packages/airflow/example_dags/example_branch_labels.py
[2022-02-19 14:42:58,843] {processor.py:642} INFO - Processing file /home/airflow/.local/lib/python3.7/site-packages/airflow/example_dags/example_branch_labels.py for tasks to queue
[2022-02-19 14:42:58,844] {logging_mixin.py:109} INFO - [2022-02-19 14:42:58,844] {dagbag.py:500} INFO - Filling up the DagBag from /home/airflow/.local/lib/python3.7/site-packages/airflow/example_dags/example_branch_labels.py
[2022-02-19 14:42:58,871] {processor.py:654} INFO - DAG(s) dict_keys(['example_branch_labels']) retrieved from /home/airflow/.local/lib/python3.7/site-packages/airflow/example_dags/example_branch_labels.py
[2022-02-19 14:42:58,881] {logging_mixin.py:109} INFO - [2022-02-19 14:42:58,881] {dag.py:2396} INFO - Sync 1 DAGs
[2022-02-19 14:42:58,897] {logging_mixin.py:109} INFO - [2022-02-19 14:42:58,897] {dag.py:2935} INFO - Setting next_dagrun for example_branch_labels to 2022-02-18 00:00:00+00:00
[2022-02-19 14:42:58,905] {processor.py:171} INFO - Processing /home/airflow/.local/lib/python3.7/site-packages/airflow/example_dags/example_branch_labels.py took 0.067 seconds
[2022-02-19 14:43:29,638] {processor.py:163} INFO - Started process (PID=769) to work on /home/airflow/.local/lib/python3.7/site-packages/airflow/example_dags/example_branch_labels.py
[2022-02-19 14:43:29,641] {processor.py:642} INFO - Processing file /home/airflow/.local/lib/python3.7/site-packages/airflow/example_dags/example_branch_labels.py for tasks to queue
[2022-02-19 14:43:29,642] {logging_mixin.py:109} INFO - [2022-02-19 14:43:29,642] {dagbag.py:500} INFO - Filling up the DagBag from /home/airflow/.local/lib/python3.7/site-packages/airflow/example_dags/example_branch_labels.py
[2022-02-19 14:43:29,668] {processor.py:654} INFO - DAG(s) dict_keys(['example_branch_labels']) retrieved from /home/airflow/.local/lib/python3.7/site-packages/airflow/example_dags/example_branch_labels.py
[2022-02-19 14:43:29,679] {logging_mixin.py:109} INFO - [2022-02-19 14:43:29,679] {dag.py:2396} INFO - Sync 1 DAGs
[2022-02-19 14:43:29,695] {logging_mixin.py:109} INFO - [2022-02-19 14:43:29,695] {dag.py:2935} INFO - Setting next_dagrun for example_branch_labels to 2022-02-18 00:00:00+00:00
[2022-02-19 14:43:29,702] {processor.py:171} INFO - Processing /home/airflow/.local/lib/python3.7/site-packages/airflow/example_dags/example_branch_labels.py took 0.067 seconds
[2022-02-19 14:44:00,478] {processor.py:163} INFO - Started process (PID=829) to work on /home/airflow/.local/lib/python3.7/site-packages/airflow/example_dags/example_branch_labels.py
[2022-02-19 14:44:00,479] {processor.py:642} INFO - Processing file /home/airflow/.local/lib/python3.7/site-packages/airflow/example_dags/example_branch_labels.py for tasks to queue
[2022-02-19 14:44:00,481] {logging_mixin.py:109} INFO - [2022-02-19 14:44:00,481] {dagbag.py:500} INFO - Filling up the DagBag from /home/airflow/.local/lib/python3.7/site-packages/airflow/example_dags/example_branch_labels.py
[2022-02-19 14:44:00,510] {processor.py:654} INFO - DAG(s) dict_keys(['example_branch_labels']) retrieved from /home/airflow/.local/lib/python3.7/site-packages/airflow/example_dags/example_branch_labels.py
[2022-02-19 14:44:00,520] {logging_mixin.py:109} INFO - [2022-02-19 14:44:00,520] {dag.py:2396} INFO - Sync 1 DAGs
[2022-02-19 14:44:00,537] {logging_mixin.py:109} INFO - [2022-02-19 14:44:00,537] {dag.py:2935} INFO - Setting next_dagrun for example_branch_labels to 2022-02-18 00:00:00+00:00
[2022-02-19 14:44:00,545] {processor.py:171} INFO - Processing /home/airflow/.local/lib/python3.7/site-packages/airflow/example_dags/example_branch_labels.py took 0.071 seconds
[2022-02-19 14:44:31,202] {processor.py:163} INFO - Started process (PID=880) to work on /home/airflow/.local/lib/python3.7/site-packages/airflow/example_dags/example_branch_labels.py
[2022-02-19 14:44:31,204] {processor.py:642} INFO - Processing file /home/airflow/.local/lib/python3.7/site-packages/airflow/example_dags/example_branch_labels.py for tasks to queue
[2022-02-19 14:44:31,205] {logging_mixin.py:109} INFO - [2022-02-19 14:44:31,205] {dagbag.py:500} INFO - Filling up the DagBag from /home/airflow/.local/lib/python3.7/site-packages/airflow/example_dags/example_branch_labels.py
[2022-02-19 14:44:31,232] {processor.py:654} INFO - DAG(s) dict_keys(['example_branch_labels']) retrieved from /home/airflow/.local/lib/python3.7/site-packages/airflow/example_dags/example_branch_labels.py
[2022-02-19 14:44:31,242] {logging_mixin.py:109} INFO - [2022-02-19 14:44:31,242] {dag.py:2396} INFO - Sync 1 DAGs
[2022-02-19 14:44:31,258] {logging_mixin.py:109} INFO - [2022-02-19 14:44:31,257] {dag.py:2935} INFO - Setting next_dagrun for example_branch_labels to 2022-02-18 00:00:00+00:00
[2022-02-19 14:44:31,266] {processor.py:171} INFO - Processing /home/airflow/.local/lib/python3.7/site-packages/airflow/example_dags/example_branch_labels.py took 0.068 seconds
[2022-02-19 14:45:01,954] {processor.py:163} INFO - Started process (PID=940) to work on /home/airflow/.local/lib/python3.7/site-packages/airflow/example_dags/example_branch_labels.py
[2022-02-19 14:45:01,956] {processor.py:642} INFO - Processing file /home/airflow/.local/lib/python3.7/site-packages/airflow/example_dags/example_branch_labels.py for tasks to queue
[2022-02-19 14:45:01,958] {logging_mixin.py:109} INFO - [2022-02-19 14:45:01,958] {dagbag.py:500} INFO - Filling up the DagBag from /home/airflow/.local/lib/python3.7/site-packages/airflow/example_dags/example_branch_labels.py
[2022-02-19 14:45:01,987] {processor.py:654} INFO - DAG(s) dict_keys(['example_branch_labels']) retrieved from /home/airflow/.local/lib/python3.7/site-packages/airflow/example_dags/example_branch_labels.py
[2022-02-19 14:45:01,997] {logging_mixin.py:109} INFO - [2022-02-19 14:45:01,997] {dag.py:2396} INFO - Sync 1 DAGs
[2022-02-19 14:45:02,014] {logging_mixin.py:109} INFO - [2022-02-19 14:45:02,013] {dag.py:2935} INFO - Setting next_dagrun for example_branch_labels to 2022-02-18 00:00:00+00:00
[2022-02-19 14:45:02,022] {processor.py:171} INFO - Processing /home/airflow/.local/lib/python3.7/site-packages/airflow/example_dags/example_branch_labels.py took 0.072 seconds
[2022-02-19 14:45:32,056] {processor.py:163} INFO - Started process (PID=990) to work on /home/airflow/.local/lib/python3.7/site-packages/airflow/example_dags/example_branch_labels.py
[2022-02-19 14:45:32,057] {processor.py:642} INFO - Processing file /home/airflow/.local/lib/python3.7/site-packages/airflow/example_dags/example_branch_labels.py for tasks to queue
[2022-02-19 14:45:32,058] {logging_mixin.py:109} INFO - [2022-02-19 14:45:32,058] {dagbag.py:500} INFO - Filling up the DagBag from /home/airflow/.local/lib/python3.7/site-packages/airflow/example_dags/example_branch_labels.py
[2022-02-19 14:45:32,083] {processor.py:654} INFO - DAG(s) dict_keys(['example_branch_labels']) retrieved from /home/airflow/.local/lib/python3.7/site-packages/airflow/example_dags/example_branch_labels.py
[2022-02-19 14:45:32,092] {logging_mixin.py:109} INFO - [2022-02-19 14:45:32,092] {dag.py:2396} INFO - Sync 1 DAGs
[2022-02-19 14:45:32,107] {logging_mixin.py:109} INFO - [2022-02-19 14:45:32,107] {dag.py:2935} INFO - Setting next_dagrun for example_branch_labels to 2022-02-18 00:00:00+00:00
[2022-02-19 14:45:32,115] {processor.py:171} INFO - Processing /home/airflow/.local/lib/python3.7/site-packages/airflow/example_dags/example_branch_labels.py took 0.062 seconds
[2022-02-19 14:46:02,601] {processor.py:163} INFO - Started process (PID=1050) to work on /home/airflow/.local/lib/python3.7/site-packages/airflow/example_dags/example_branch_labels.py
[2022-02-19 14:46:02,603] {processor.py:642} INFO - Processing file /home/airflow/.local/lib/python3.7/site-packages/airflow/example_dags/example_branch_labels.py for tasks to queue
[2022-02-19 14:46:02,605] {logging_mixin.py:109} INFO - [2022-02-19 14:46:02,605] {dagbag.py:500} INFO - Filling up the DagBag from /home/airflow/.local/lib/python3.7/site-packages/airflow/example_dags/example_branch_labels.py
[2022-02-19 14:46:02,633] {processor.py:654} INFO - DAG(s) dict_keys(['example_branch_labels']) retrieved from /home/airflow/.local/lib/python3.7/site-packages/airflow/example_dags/example_branch_labels.py
[2022-02-19 14:46:02,644] {logging_mixin.py:109} INFO - [2022-02-19 14:46:02,644] {dag.py:2396} INFO - Sync 1 DAGs
[2022-02-19 14:46:02,660] {logging_mixin.py:109} INFO - [2022-02-19 14:46:02,660] {dag.py:2935} INFO - Setting next_dagrun for example_branch_labels to 2022-02-18 00:00:00+00:00
[2022-02-19 14:46:02,668] {processor.py:171} INFO - Processing /home/airflow/.local/lib/python3.7/site-packages/airflow/example_dags/example_branch_labels.py took 0.071 seconds
[2022-02-19 14:46:33,575] {processor.py:163} INFO - Started process (PID=1101) to work on /home/airflow/.local/lib/python3.7/site-packages/airflow/example_dags/example_branch_labels.py
[2022-02-19 14:46:33,577] {processor.py:642} INFO - Processing file /home/airflow/.local/lib/python3.7/site-packages/airflow/example_dags/example_branch_labels.py for tasks to queue
[2022-02-19 14:46:33,578] {logging_mixin.py:109} INFO - [2022-02-19 14:46:33,578] {dagbag.py:500} INFO - Filling up the DagBag from /home/airflow/.local/lib/python3.7/site-packages/airflow/example_dags/example_branch_labels.py
[2022-02-19 14:46:33,605] {processor.py:654} INFO - DAG(s) dict_keys(['example_branch_labels']) retrieved from /home/airflow/.local/lib/python3.7/site-packages/airflow/example_dags/example_branch_labels.py
[2022-02-19 14:46:33,615] {logging_mixin.py:109} INFO - [2022-02-19 14:46:33,615] {dag.py:2396} INFO - Sync 1 DAGs
[2022-02-19 14:46:33,632] {logging_mixin.py:109} INFO - [2022-02-19 14:46:33,632] {dag.py:2935} INFO - Setting next_dagrun for example_branch_labels to 2022-02-18 00:00:00+00:00
[2022-02-19 14:46:33,640] {processor.py:171} INFO - Processing /home/airflow/.local/lib/python3.7/site-packages/airflow/example_dags/example_branch_labels.py took 0.070 seconds
[2022-02-19 14:47:03,734] {processor.py:163} INFO - Started process (PID=1159) to work on /home/airflow/.local/lib/python3.7/site-packages/airflow/example_dags/example_branch_labels.py
[2022-02-19 14:47:03,737] {processor.py:642} INFO - Processing file /home/airflow/.local/lib/python3.7/site-packages/airflow/example_dags/example_branch_labels.py for tasks to queue
[2022-02-19 14:47:03,738] {logging_mixin.py:109} INFO - [2022-02-19 14:47:03,738] {dagbag.py:500} INFO - Filling up the DagBag from /home/airflow/.local/lib/python3.7/site-packages/airflow/example_dags/example_branch_labels.py
[2022-02-19 14:47:03,765] {processor.py:654} INFO - DAG(s) dict_keys(['example_branch_labels']) retrieved from /home/airflow/.local/lib/python3.7/site-packages/airflow/example_dags/example_branch_labels.py
[2022-02-19 14:47:03,776] {logging_mixin.py:109} INFO - [2022-02-19 14:47:03,775] {dag.py:2396} INFO - Sync 1 DAGs
[2022-02-19 14:47:03,792] {logging_mixin.py:109} INFO - [2022-02-19 14:47:03,792] {dag.py:2935} INFO - Setting next_dagrun for example_branch_labels to 2022-02-18 00:00:00+00:00
[2022-02-19 14:47:03,800] {processor.py:171} INFO - Processing /home/airflow/.local/lib/python3.7/site-packages/airflow/example_dags/example_branch_labels.py took 0.069 seconds
[2022-02-19 14:47:33,866] {processor.py:163} INFO - Started process (PID=1209) to work on /home/airflow/.local/lib/python3.7/site-packages/airflow/example_dags/example_branch_labels.py
[2022-02-19 14:47:33,868] {processor.py:642} INFO - Processing file /home/airflow/.local/lib/python3.7/site-packages/airflow/example_dags/example_branch_labels.py for tasks to queue
[2022-02-19 14:47:33,869] {logging_mixin.py:109} INFO - [2022-02-19 14:47:33,868] {dagbag.py:500} INFO - Filling up the DagBag from /home/airflow/.local/lib/python3.7/site-packages/airflow/example_dags/example_branch_labels.py
[2022-02-19 14:47:33,893] {processor.py:654} INFO - DAG(s) dict_keys(['example_branch_labels']) retrieved from /home/airflow/.local/lib/python3.7/site-packages/airflow/example_dags/example_branch_labels.py
[2022-02-19 14:47:33,903] {logging_mixin.py:109} INFO - [2022-02-19 14:47:33,903] {dag.py:2396} INFO - Sync 1 DAGs
[2022-02-19 14:47:33,918] {logging_mixin.py:109} INFO - [2022-02-19 14:47:33,918] {dag.py:2935} INFO - Setting next_dagrun for example_branch_labels to 2022-02-18 00:00:00+00:00
[2022-02-19 14:47:33,926] {processor.py:171} INFO - Processing /home/airflow/.local/lib/python3.7/site-packages/airflow/example_dags/example_branch_labels.py took 0.063 seconds
[2022-02-19 14:48:04,018] {processor.py:163} INFO - Started process (PID=1269) to work on /home/airflow/.local/lib/python3.7/site-packages/airflow/example_dags/example_branch_labels.py
[2022-02-19 14:48:04,022] {processor.py:642} INFO - Processing file /home/airflow/.local/lib/python3.7/site-packages/airflow/example_dags/example_branch_labels.py for tasks to queue
[2022-02-19 14:48:04,024] {logging_mixin.py:109} INFO - [2022-02-19 14:48:04,023] {dagbag.py:500} INFO - Filling up the DagBag from /home/airflow/.local/lib/python3.7/site-packages/airflow/example_dags/example_branch_labels.py
[2022-02-19 14:48:04,060] {processor.py:654} INFO - DAG(s) dict_keys(['example_branch_labels']) retrieved from /home/airflow/.local/lib/python3.7/site-packages/airflow/example_dags/example_branch_labels.py
[2022-02-19 14:48:04,071] {logging_mixin.py:109} INFO - [2022-02-19 14:48:04,071] {dag.py:2396} INFO - Sync 1 DAGs
[2022-02-19 14:48:04,087] {logging_mixin.py:109} INFO - [2022-02-19 14:48:04,087] {dag.py:2935} INFO - Setting next_dagrun for example_branch_labels to 2022-02-18 00:00:00+00:00
[2022-02-19 14:48:04,094] {processor.py:171} INFO - Processing /home/airflow/.local/lib/python3.7/site-packages/airflow/example_dags/example_branch_labels.py took 0.080 seconds
[2022-02-19 14:48:34,288] {processor.py:163} INFO - Started process (PID=1320) to work on /home/airflow/.local/lib/python3.7/site-packages/airflow/example_dags/example_branch_labels.py
[2022-02-19 14:48:34,289] {processor.py:642} INFO - Processing file /home/airflow/.local/lib/python3.7/site-packages/airflow/example_dags/example_branch_labels.py for tasks to queue
[2022-02-19 14:48:34,291] {logging_mixin.py:109} INFO - [2022-02-19 14:48:34,290] {dagbag.py:500} INFO - Filling up the DagBag from /home/airflow/.local/lib/python3.7/site-packages/airflow/example_dags/example_branch_labels.py
[2022-02-19 14:48:34,319] {processor.py:654} INFO - DAG(s) dict_keys(['example_branch_labels']) retrieved from /home/airflow/.local/lib/python3.7/site-packages/airflow/example_dags/example_branch_labels.py
[2022-02-19 14:48:34,330] {logging_mixin.py:109} INFO - [2022-02-19 14:48:34,330] {dag.py:2396} INFO - Sync 1 DAGs
[2022-02-19 14:48:34,347] {logging_mixin.py:109} INFO - [2022-02-19 14:48:34,347] {dag.py:2935} INFO - Setting next_dagrun for example_branch_labels to 2022-02-18 00:00:00+00:00
[2022-02-19 14:48:34,356] {processor.py:171} INFO - Processing /home/airflow/.local/lib/python3.7/site-packages/airflow/example_dags/example_branch_labels.py took 0.072 seconds
[2022-02-19 14:49:05,216] {processor.py:163} INFO - Started process (PID=1380) to work on /home/airflow/.local/lib/python3.7/site-packages/airflow/example_dags/example_branch_labels.py
[2022-02-19 14:49:05,218] {processor.py:642} INFO - Processing file /home/airflow/.local/lib/python3.7/site-packages/airflow/example_dags/example_branch_labels.py for tasks to queue
[2022-02-19 14:49:05,219] {logging_mixin.py:109} INFO - [2022-02-19 14:49:05,219] {dagbag.py:500} INFO - Filling up the DagBag from /home/airflow/.local/lib/python3.7/site-packages/airflow/example_dags/example_branch_labels.py
[2022-02-19 14:49:05,245] {processor.py:654} INFO - DAG(s) dict_keys(['example_branch_labels']) retrieved from /home/airflow/.local/lib/python3.7/site-packages/airflow/example_dags/example_branch_labels.py
[2022-02-19 14:49:05,255] {logging_mixin.py:109} INFO - [2022-02-19 14:49:05,255] {dag.py:2396} INFO - Sync 1 DAGs
[2022-02-19 14:49:05,272] {logging_mixin.py:109} INFO - [2022-02-19 14:49:05,272] {dag.py:2935} INFO - Setting next_dagrun for example_branch_labels to 2022-02-18 00:00:00+00:00
[2022-02-19 14:49:05,280] {processor.py:171} INFO - Processing /home/airflow/.local/lib/python3.7/site-packages/airflow/example_dags/example_branch_labels.py took 0.067 seconds
[2022-02-19 14:49:36,250] {processor.py:163} INFO - Started process (PID=1430) to work on /home/airflow/.local/lib/python3.7/site-packages/airflow/example_dags/example_branch_labels.py
[2022-02-19 14:49:36,252] {processor.py:642} INFO - Processing file /home/airflow/.local/lib/python3.7/site-packages/airflow/example_dags/example_branch_labels.py for tasks to queue
[2022-02-19 14:49:36,254] {logging_mixin.py:109} INFO - [2022-02-19 14:49:36,253] {dagbag.py:500} INFO - Filling up the DagBag from /home/airflow/.local/lib/python3.7/site-packages/airflow/example_dags/example_branch_labels.py
[2022-02-19 14:49:36,287] {processor.py:654} INFO - DAG(s) dict_keys(['example_branch_labels']) retrieved from /home/airflow/.local/lib/python3.7/site-packages/airflow/example_dags/example_branch_labels.py
[2022-02-19 14:49:36,299] {logging_mixin.py:109} INFO - [2022-02-19 14:49:36,298] {dag.py:2396} INFO - Sync 1 DAGs
[2022-02-19 14:49:36,327] {logging_mixin.py:109} INFO - [2022-02-19 14:49:36,327] {dag.py:2935} INFO - Setting next_dagrun for example_branch_labels to 2022-02-18 00:00:00+00:00
[2022-02-19 14:49:36,336] {processor.py:171} INFO - Processing /home/airflow/.local/lib/python3.7/site-packages/airflow/example_dags/example_branch_labels.py took 0.091 seconds
[2022-02-19 14:50:06,702] {processor.py:163} INFO - Started process (PID=1490) to work on /home/airflow/.local/lib/python3.7/site-packages/airflow/example_dags/example_branch_labels.py
[2022-02-19 14:50:06,704] {processor.py:642} INFO - Processing file /home/airflow/.local/lib/python3.7/site-packages/airflow/example_dags/example_branch_labels.py for tasks to queue
[2022-02-19 14:50:06,705] {logging_mixin.py:109} INFO - [2022-02-19 14:50:06,705] {dagbag.py:500} INFO - Filling up the DagBag from /home/airflow/.local/lib/python3.7/site-packages/airflow/example_dags/example_branch_labels.py
[2022-02-19 14:50:06,734] {processor.py:654} INFO - DAG(s) dict_keys(['example_branch_labels']) retrieved from /home/airflow/.local/lib/python3.7/site-packages/airflow/example_dags/example_branch_labels.py
[2022-02-19 14:50:06,744] {logging_mixin.py:109} INFO - [2022-02-19 14:50:06,744] {dag.py:2396} INFO - Sync 1 DAGs
[2022-02-19 14:50:06,760] {logging_mixin.py:109} INFO - [2022-02-19 14:50:06,760] {dag.py:2935} INFO - Setting next_dagrun for example_branch_labels to 2022-02-18 00:00:00+00:00
[2022-02-19 14:50:06,772] {processor.py:171} INFO - Processing /home/airflow/.local/lib/python3.7/site-packages/airflow/example_dags/example_branch_labels.py took 0.074 seconds
[2022-02-19 14:50:37,533] {processor.py:163} INFO - Started process (PID=1541) to work on /home/airflow/.local/lib/python3.7/site-packages/airflow/example_dags/example_branch_labels.py
[2022-02-19 14:50:37,535] {processor.py:642} INFO - Processing file /home/airflow/.local/lib/python3.7/site-packages/airflow/example_dags/example_branch_labels.py for tasks to queue
[2022-02-19 14:50:37,536] {logging_mixin.py:109} INFO - [2022-02-19 14:50:37,536] {dagbag.py:500} INFO - Filling up the DagBag from /home/airflow/.local/lib/python3.7/site-packages/airflow/example_dags/example_branch_labels.py
[2022-02-19 14:50:37,564] {processor.py:654} INFO - DAG(s) dict_keys(['example_branch_labels']) retrieved from /home/airflow/.local/lib/python3.7/site-packages/airflow/example_dags/example_branch_labels.py
[2022-02-19 14:50:37,574] {logging_mixin.py:109} INFO - [2022-02-19 14:50:37,574] {dag.py:2396} INFO - Sync 1 DAGs
[2022-02-19 14:50:37,591] {logging_mixin.py:109} INFO - [2022-02-19 14:50:37,591] {dag.py:2935} INFO - Setting next_dagrun for example_branch_labels to 2022-02-18 00:00:00+00:00
[2022-02-19 14:50:37,599] {processor.py:171} INFO - Processing /home/airflow/.local/lib/python3.7/site-packages/airflow/example_dags/example_branch_labels.py took 0.070 seconds
[2022-02-19 14:51:08,187] {processor.py:163} INFO - Started process (PID=1600) to work on /home/airflow/.local/lib/python3.7/site-packages/airflow/example_dags/example_branch_labels.py
[2022-02-19 14:51:08,189] {processor.py:642} INFO - Processing file /home/airflow/.local/lib/python3.7/site-packages/airflow/example_dags/example_branch_labels.py for tasks to queue
[2022-02-19 14:51:08,190] {logging_mixin.py:109} INFO - [2022-02-19 14:51:08,190] {dagbag.py:500} INFO - Filling up the DagBag from /home/airflow/.local/lib/python3.7/site-packages/airflow/example_dags/example_branch_labels.py
[2022-02-19 14:51:08,218] {processor.py:654} INFO - DAG(s) dict_keys(['example_branch_labels']) retrieved from /home/airflow/.local/lib/python3.7/site-packages/airflow/example_dags/example_branch_labels.py
[2022-02-19 14:51:08,228] {logging_mixin.py:109} INFO - [2022-02-19 14:51:08,228] {dag.py:2396} INFO - Sync 1 DAGs
[2022-02-19 14:51:08,245] {logging_mixin.py:109} INFO - [2022-02-19 14:51:08,245] {dag.py:2935} INFO - Setting next_dagrun for example_branch_labels to 2022-02-18 00:00:00+00:00
[2022-02-19 14:51:08,254] {processor.py:171} INFO - Processing /home/airflow/.local/lib/python3.7/site-packages/airflow/example_dags/example_branch_labels.py took 0.070 seconds
[2022-02-19 14:51:39,063] {processor.py:163} INFO - Started process (PID=1651) to work on /home/airflow/.local/lib/python3.7/site-packages/airflow/example_dags/example_branch_labels.py
[2022-02-19 14:51:39,064] {processor.py:642} INFO - Processing file /home/airflow/.local/lib/python3.7/site-packages/airflow/example_dags/example_branch_labels.py for tasks to queue
[2022-02-19 14:51:39,066] {logging_mixin.py:109} INFO - [2022-02-19 14:51:39,065] {dagbag.py:500} INFO - Filling up the DagBag from /home/airflow/.local/lib/python3.7/site-packages/airflow/example_dags/example_branch_labels.py
[2022-02-19 14:51:39,094] {processor.py:654} INFO - DAG(s) dict_keys(['example_branch_labels']) retrieved from /home/airflow/.local/lib/python3.7/site-packages/airflow/example_dags/example_branch_labels.py
[2022-02-19 14:51:39,110] {logging_mixin.py:109} INFO - [2022-02-19 14:51:39,110] {dag.py:2396} INFO - Sync 1 DAGs
[2022-02-19 14:51:39,134] {logging_mixin.py:109} INFO - [2022-02-19 14:51:39,134] {dag.py:2935} INFO - Setting next_dagrun for example_branch_labels to 2022-02-18 00:00:00+00:00
[2022-02-19 14:51:39,144] {processor.py:171} INFO - Processing /home/airflow/.local/lib/python3.7/site-packages/airflow/example_dags/example_branch_labels.py took 0.085 seconds
[2022-02-19 14:52:09,499] {processor.py:163} INFO - Started process (PID=1712) to work on /home/airflow/.local/lib/python3.7/site-packages/airflow/example_dags/example_branch_labels.py
[2022-02-19 14:52:09,501] {processor.py:642} INFO - Processing file /home/airflow/.local/lib/python3.7/site-packages/airflow/example_dags/example_branch_labels.py for tasks to queue
[2022-02-19 14:52:09,502] {logging_mixin.py:109} INFO - [2022-02-19 14:52:09,502] {dagbag.py:500} INFO - Filling up the DagBag from /home/airflow/.local/lib/python3.7/site-packages/airflow/example_dags/example_branch_labels.py
[2022-02-19 14:52:09,530] {processor.py:654} INFO - DAG(s) dict_keys(['example_branch_labels']) retrieved from /home/airflow/.local/lib/python3.7/site-packages/airflow/example_dags/example_branch_labels.py
[2022-02-19 14:52:09,540] {logging_mixin.py:109} INFO - [2022-02-19 14:52:09,540] {dag.py:2396} INFO - Sync 1 DAGs
[2022-02-19 14:52:09,556] {logging_mixin.py:109} INFO - [2022-02-19 14:52:09,556] {dag.py:2935} INFO - Setting next_dagrun for example_branch_labels to 2022-02-18 00:00:00+00:00
[2022-02-19 14:52:09,566] {processor.py:171} INFO - Processing /home/airflow/.local/lib/python3.7/site-packages/airflow/example_dags/example_branch_labels.py took 0.070 seconds
[2022-02-19 14:52:40,471] {processor.py:163} INFO - Started process (PID=1763) to work on /home/airflow/.local/lib/python3.7/site-packages/airflow/example_dags/example_branch_labels.py
[2022-02-19 14:52:40,473] {processor.py:642} INFO - Processing file /home/airflow/.local/lib/python3.7/site-packages/airflow/example_dags/example_branch_labels.py for tasks to queue
[2022-02-19 14:52:40,474] {logging_mixin.py:109} INFO - [2022-02-19 14:52:40,474] {dagbag.py:500} INFO - Filling up the DagBag from /home/airflow/.local/lib/python3.7/site-packages/airflow/example_dags/example_branch_labels.py
[2022-02-19 14:52:40,497] {processor.py:654} INFO - DAG(s) dict_keys(['example_branch_labels']) retrieved from /home/airflow/.local/lib/python3.7/site-packages/airflow/example_dags/example_branch_labels.py
[2022-02-19 14:52:40,508] {logging_mixin.py:109} INFO - [2022-02-19 14:52:40,508] {dag.py:2396} INFO - Sync 1 DAGs
[2022-02-19 14:52:40,533] {logging_mixin.py:109} INFO - [2022-02-19 14:52:40,533] {dag.py:2935} INFO - Setting next_dagrun for example_branch_labels to 2022-02-18 00:00:00+00:00
[2022-02-19 14:52:40,543] {processor.py:171} INFO - Processing /home/airflow/.local/lib/python3.7/site-packages/airflow/example_dags/example_branch_labels.py took 0.074 seconds
[2022-02-19 14:53:11,297] {processor.py:163} INFO - Started process (PID=1823) to work on /home/airflow/.local/lib/python3.7/site-packages/airflow/example_dags/example_branch_labels.py
[2022-02-19 14:53:11,299] {processor.py:642} INFO - Processing file /home/airflow/.local/lib/python3.7/site-packages/airflow/example_dags/example_branch_labels.py for tasks to queue
[2022-02-19 14:53:11,300] {logging_mixin.py:109} INFO - [2022-02-19 14:53:11,300] {dagbag.py:500} INFO - Filling up the DagBag from /home/airflow/.local/lib/python3.7/site-packages/airflow/example_dags/example_branch_labels.py
[2022-02-19 14:53:11,326] {processor.py:654} INFO - DAG(s) dict_keys(['example_branch_labels']) retrieved from /home/airflow/.local/lib/python3.7/site-packages/airflow/example_dags/example_branch_labels.py
[2022-02-19 14:53:11,336] {logging_mixin.py:109} INFO - [2022-02-19 14:53:11,336] {dag.py:2396} INFO - Sync 1 DAGs
[2022-02-19 14:53:11,353] {logging_mixin.py:109} INFO - [2022-02-19 14:53:11,353] {dag.py:2935} INFO - Setting next_dagrun for example_branch_labels to 2022-02-18 00:00:00+00:00
[2022-02-19 14:53:11,361] {processor.py:171} INFO - Processing /home/airflow/.local/lib/python3.7/site-packages/airflow/example_dags/example_branch_labels.py took 0.067 seconds
[2022-02-19 14:53:41,918] {processor.py:163} INFO - Started process (PID=1874) to work on /home/airflow/.local/lib/python3.7/site-packages/airflow/example_dags/example_branch_labels.py
[2022-02-19 14:53:41,920] {processor.py:642} INFO - Processing file /home/airflow/.local/lib/python3.7/site-packages/airflow/example_dags/example_branch_labels.py for tasks to queue
[2022-02-19 14:53:41,921] {logging_mixin.py:109} INFO - [2022-02-19 14:53:41,921] {dagbag.py:500} INFO - Filling up the DagBag from /home/airflow/.local/lib/python3.7/site-packages/airflow/example_dags/example_branch_labels.py
[2022-02-19 14:53:41,944] {processor.py:654} INFO - DAG(s) dict_keys(['example_branch_labels']) retrieved from /home/airflow/.local/lib/python3.7/site-packages/airflow/example_dags/example_branch_labels.py
[2022-02-19 14:53:41,953] {logging_mixin.py:109} INFO - [2022-02-19 14:53:41,953] {dag.py:2396} INFO - Sync 1 DAGs
[2022-02-19 14:53:41,969] {logging_mixin.py:109} INFO - [2022-02-19 14:53:41,969] {dag.py:2935} INFO - Setting next_dagrun for example_branch_labels to 2022-02-18 00:00:00+00:00
[2022-02-19 14:53:41,978] {processor.py:171} INFO - Processing /home/airflow/.local/lib/python3.7/site-packages/airflow/example_dags/example_branch_labels.py took 0.063 seconds
[2022-02-19 14:54:12,049] {processor.py:163} INFO - Started process (PID=1932) to work on /home/airflow/.local/lib/python3.7/site-packages/airflow/example_dags/example_branch_labels.py
[2022-02-19 14:54:12,050] {processor.py:642} INFO - Processing file /home/airflow/.local/lib/python3.7/site-packages/airflow/example_dags/example_branch_labels.py for tasks to queue
[2022-02-19 14:54:12,051] {logging_mixin.py:109} INFO - [2022-02-19 14:54:12,051] {dagbag.py:500} INFO - Filling up the DagBag from /home/airflow/.local/lib/python3.7/site-packages/airflow/example_dags/example_branch_labels.py
[2022-02-19 14:54:12,080] {processor.py:654} INFO - DAG(s) dict_keys(['example_branch_labels']) retrieved from /home/airflow/.local/lib/python3.7/site-packages/airflow/example_dags/example_branch_labels.py
[2022-02-19 14:54:12,091] {logging_mixin.py:109} INFO - [2022-02-19 14:54:12,091] {dag.py:2396} INFO - Sync 1 DAGs
[2022-02-19 14:54:12,110] {logging_mixin.py:109} INFO - [2022-02-19 14:54:12,110] {dag.py:2935} INFO - Setting next_dagrun for example_branch_labels to 2022-02-18 00:00:00+00:00
[2022-02-19 14:54:12,190] {processor.py:171} INFO - Processing /home/airflow/.local/lib/python3.7/site-packages/airflow/example_dags/example_branch_labels.py took 0.144 seconds
[2022-02-19 14:57:10,020] {processor.py:163} INFO - Started process (PID=1983) to work on /home/airflow/.local/lib/python3.7/site-packages/airflow/example_dags/example_branch_labels.py
[2022-02-19 14:57:10,026] {processor.py:642} INFO - Processing file /home/airflow/.local/lib/python3.7/site-packages/airflow/example_dags/example_branch_labels.py for tasks to queue
[2022-02-19 14:57:10,031] {logging_mixin.py:109} INFO - [2022-02-19 14:57:10,029] {dagbag.py:500} INFO - Filling up the DagBag from /home/airflow/.local/lib/python3.7/site-packages/airflow/example_dags/example_branch_labels.py
[2022-02-19 14:57:10,136] {processor.py:654} INFO - DAG(s) dict_keys(['example_branch_labels']) retrieved from /home/airflow/.local/lib/python3.7/site-packages/airflow/example_dags/example_branch_labels.py
[2022-02-19 14:57:10,167] {logging_mixin.py:109} INFO - [2022-02-19 14:57:10,167] {dag.py:2396} INFO - Sync 1 DAGs
[2022-02-19 14:57:10,388] {logging_mixin.py:109} INFO - [2022-02-19 14:57:10,387] {dag.py:2935} INFO - Setting next_dagrun for example_branch_labels to 2022-02-18 00:00:00+00:00
[2022-02-19 14:57:10,419] {processor.py:171} INFO - Processing /home/airflow/.local/lib/python3.7/site-packages/airflow/example_dags/example_branch_labels.py took 0.407 seconds
[2022-02-19 14:58:12,858] {processor.py:163} INFO - Started process (PID=2035) to work on /home/airflow/.local/lib/python3.7/site-packages/airflow/example_dags/example_branch_labels.py
[2022-02-19 14:58:12,860] {processor.py:642} INFO - Processing file /home/airflow/.local/lib/python3.7/site-packages/airflow/example_dags/example_branch_labels.py for tasks to queue
[2022-02-19 14:58:12,861] {logging_mixin.py:109} INFO - [2022-02-19 14:58:12,861] {dagbag.py:500} INFO - Filling up the DagBag from /home/airflow/.local/lib/python3.7/site-packages/airflow/example_dags/example_branch_labels.py
[2022-02-19 14:58:12,892] {processor.py:654} INFO - DAG(s) dict_keys(['example_branch_labels']) retrieved from /home/airflow/.local/lib/python3.7/site-packages/airflow/example_dags/example_branch_labels.py
[2022-02-19 14:58:12,904] {logging_mixin.py:109} INFO - [2022-02-19 14:58:12,904] {dag.py:2396} INFO - Sync 1 DAGs
[2022-02-19 14:58:13,006] {logging_mixin.py:109} INFO - [2022-02-19 14:58:13,006] {dag.py:2935} INFO - Setting next_dagrun for example_branch_labels to 2022-02-18 00:00:00+00:00
[2022-02-19 14:58:13,019] {processor.py:171} INFO - Processing /home/airflow/.local/lib/python3.7/site-packages/airflow/example_dags/example_branch_labels.py took 0.165 seconds
[2022-02-19 14:58:46,420] {processor.py:163} INFO - Started process (PID=2093) to work on /home/airflow/.local/lib/python3.7/site-packages/airflow/example_dags/example_branch_labels.py
[2022-02-19 14:58:46,429] {processor.py:642} INFO - Processing file /home/airflow/.local/lib/python3.7/site-packages/airflow/example_dags/example_branch_labels.py for tasks to queue
[2022-02-19 14:58:46,432] {logging_mixin.py:109} INFO - [2022-02-19 14:58:46,432] {dagbag.py:500} INFO - Filling up the DagBag from /home/airflow/.local/lib/python3.7/site-packages/airflow/example_dags/example_branch_labels.py
[2022-02-19 14:58:46,504] {processor.py:654} INFO - DAG(s) dict_keys(['example_branch_labels']) retrieved from /home/airflow/.local/lib/python3.7/site-packages/airflow/example_dags/example_branch_labels.py
[2022-02-19 14:58:46,659] {logging_mixin.py:109} INFO - [2022-02-19 14:58:46,658] {dag.py:2396} INFO - Sync 1 DAGs
[2022-02-19 14:58:46,690] {logging_mixin.py:109} INFO - [2022-02-19 14:58:46,690] {dag.py:2935} INFO - Setting next_dagrun for example_branch_labels to 2022-02-18 00:00:00+00:00
[2022-02-19 14:58:46,706] {processor.py:171} INFO - Processing /home/airflow/.local/lib/python3.7/site-packages/airflow/example_dags/example_branch_labels.py took 0.295 seconds
[2022-02-19 15:08:18,146] {processor.py:163} INFO - Started process (PID=2148) to work on /home/airflow/.local/lib/python3.7/site-packages/airflow/example_dags/example_branch_labels.py
[2022-02-19 15:08:18,155] {processor.py:642} INFO - Processing file /home/airflow/.local/lib/python3.7/site-packages/airflow/example_dags/example_branch_labels.py for tasks to queue
[2022-02-19 15:08:18,163] {logging_mixin.py:109} INFO - [2022-02-19 15:08:18,162] {dagbag.py:500} INFO - Filling up the DagBag from /home/airflow/.local/lib/python3.7/site-packages/airflow/example_dags/example_branch_labels.py
[2022-02-19 15:08:19,076] {processor.py:654} INFO - DAG(s) dict_keys(['example_branch_labels']) retrieved from /home/airflow/.local/lib/python3.7/site-packages/airflow/example_dags/example_branch_labels.py
[2022-02-19 15:08:19,105] {logging_mixin.py:109} INFO - [2022-02-19 15:08:19,105] {dag.py:2396} INFO - Sync 1 DAGs
[2022-02-19 15:08:19,161] {logging_mixin.py:109} INFO - [2022-02-19 15:08:19,161] {dag.py:2935} INFO - Setting next_dagrun for example_branch_labels to 2022-02-18 00:00:00+00:00
[2022-02-19 15:08:19,205] {processor.py:171} INFO - Processing /home/airflow/.local/lib/python3.7/site-packages/airflow/example_dags/example_branch_labels.py took 1.070 seconds
[2022-02-19 15:08:49,352] {processor.py:163} INFO - Started process (PID=2209) to work on /home/airflow/.local/lib/python3.7/site-packages/airflow/example_dags/example_branch_labels.py
[2022-02-19 15:08:49,354] {processor.py:642} INFO - Processing file /home/airflow/.local/lib/python3.7/site-packages/airflow/example_dags/example_branch_labels.py for tasks to queue
[2022-02-19 15:08:49,355] {logging_mixin.py:109} INFO - [2022-02-19 15:08:49,355] {dagbag.py:500} INFO - Filling up the DagBag from /home/airflow/.local/lib/python3.7/site-packages/airflow/example_dags/example_branch_labels.py
[2022-02-19 15:08:49,473] {processor.py:654} INFO - DAG(s) dict_keys(['example_branch_labels']) retrieved from /home/airflow/.local/lib/python3.7/site-packages/airflow/example_dags/example_branch_labels.py
[2022-02-19 15:08:49,486] {logging_mixin.py:109} INFO - [2022-02-19 15:08:49,486] {dag.py:2396} INFO - Sync 1 DAGs
[2022-02-19 15:08:49,506] {logging_mixin.py:109} INFO - [2022-02-19 15:08:49,505] {dag.py:2935} INFO - Setting next_dagrun for example_branch_labels to 2022-02-18 00:00:00+00:00
[2022-02-19 15:08:49,518] {processor.py:171} INFO - Processing /home/airflow/.local/lib/python3.7/site-packages/airflow/example_dags/example_branch_labels.py took 0.169 seconds
[2022-02-19 15:09:19,608] {processor.py:163} INFO - Started process (PID=2259) to work on /home/airflow/.local/lib/python3.7/site-packages/airflow/example_dags/example_branch_labels.py
[2022-02-19 15:09:19,610] {processor.py:642} INFO - Processing file /home/airflow/.local/lib/python3.7/site-packages/airflow/example_dags/example_branch_labels.py for tasks to queue
[2022-02-19 15:09:19,611] {logging_mixin.py:109} INFO - [2022-02-19 15:09:19,611] {dagbag.py:500} INFO - Filling up the DagBag from /home/airflow/.local/lib/python3.7/site-packages/airflow/example_dags/example_branch_labels.py
[2022-02-19 15:09:19,638] {processor.py:654} INFO - DAG(s) dict_keys(['example_branch_labels']) retrieved from /home/airflow/.local/lib/python3.7/site-packages/airflow/example_dags/example_branch_labels.py
[2022-02-19 15:09:19,648] {logging_mixin.py:109} INFO - [2022-02-19 15:09:19,648] {dag.py:2396} INFO - Sync 1 DAGs
[2022-02-19 15:09:19,663] {logging_mixin.py:109} INFO - [2022-02-19 15:09:19,663] {dag.py:2935} INFO - Setting next_dagrun for example_branch_labels to 2022-02-18 00:00:00+00:00
[2022-02-19 15:09:19,677] {processor.py:171} INFO - Processing /home/airflow/.local/lib/python3.7/site-packages/airflow/example_dags/example_branch_labels.py took 0.073 seconds
[2022-02-19 15:09:50,128] {processor.py:163} INFO - Started process (PID=2320) to work on /home/airflow/.local/lib/python3.7/site-packages/airflow/example_dags/example_branch_labels.py
[2022-02-19 15:09:50,131] {processor.py:642} INFO - Processing file /home/airflow/.local/lib/python3.7/site-packages/airflow/example_dags/example_branch_labels.py for tasks to queue
[2022-02-19 15:09:50,132] {logging_mixin.py:109} INFO - [2022-02-19 15:09:50,132] {dagbag.py:500} INFO - Filling up the DagBag from /home/airflow/.local/lib/python3.7/site-packages/airflow/example_dags/example_branch_labels.py
[2022-02-19 15:09:50,161] {processor.py:654} INFO - DAG(s) dict_keys(['example_branch_labels']) retrieved from /home/airflow/.local/lib/python3.7/site-packages/airflow/example_dags/example_branch_labels.py
[2022-02-19 15:09:50,171] {logging_mixin.py:109} INFO - [2022-02-19 15:09:50,171] {dag.py:2396} INFO - Sync 1 DAGs
[2022-02-19 15:09:50,197] {logging_mixin.py:109} INFO - [2022-02-19 15:09:50,197] {dag.py:2935} INFO - Setting next_dagrun for example_branch_labels to 2022-02-18 00:00:00+00:00
[2022-02-19 15:09:50,208] {processor.py:171} INFO - Processing /home/airflow/.local/lib/python3.7/site-packages/airflow/example_dags/example_branch_labels.py took 0.083 seconds
[2022-02-19 15:10:20,750] {processor.py:163} INFO - Started process (PID=2371) to work on /home/airflow/.local/lib/python3.7/site-packages/airflow/example_dags/example_branch_labels.py
[2022-02-19 15:10:20,752] {processor.py:642} INFO - Processing file /home/airflow/.local/lib/python3.7/site-packages/airflow/example_dags/example_branch_labels.py for tasks to queue
[2022-02-19 15:10:20,753] {logging_mixin.py:109} INFO - [2022-02-19 15:10:20,753] {dagbag.py:500} INFO - Filling up the DagBag from /home/airflow/.local/lib/python3.7/site-packages/airflow/example_dags/example_branch_labels.py
[2022-02-19 15:10:20,783] {processor.py:654} INFO - DAG(s) dict_keys(['example_branch_labels']) retrieved from /home/airflow/.local/lib/python3.7/site-packages/airflow/example_dags/example_branch_labels.py
[2022-02-19 15:10:20,796] {logging_mixin.py:109} INFO - [2022-02-19 15:10:20,796] {dag.py:2396} INFO - Sync 1 DAGs
[2022-02-19 15:10:20,813] {logging_mixin.py:109} INFO - [2022-02-19 15:10:20,813] {dag.py:2935} INFO - Setting next_dagrun for example_branch_labels to 2022-02-18 00:00:00+00:00
[2022-02-19 15:10:20,822] {processor.py:171} INFO - Processing /home/airflow/.local/lib/python3.7/site-packages/airflow/example_dags/example_branch_labels.py took 0.075 seconds
[2022-02-19 15:10:51,029] {processor.py:163} INFO - Started process (PID=2422) to work on /home/airflow/.local/lib/python3.7/site-packages/airflow/example_dags/example_branch_labels.py
[2022-02-19 15:10:51,031] {processor.py:642} INFO - Processing file /home/airflow/.local/lib/python3.7/site-packages/airflow/example_dags/example_branch_labels.py for tasks to queue
[2022-02-19 15:10:51,033] {logging_mixin.py:109} INFO - [2022-02-19 15:10:51,033] {dagbag.py:500} INFO - Filling up the DagBag from /home/airflow/.local/lib/python3.7/site-packages/airflow/example_dags/example_branch_labels.py
[2022-02-19 15:10:51,063] {processor.py:654} INFO - DAG(s) dict_keys(['example_branch_labels']) retrieved from /home/airflow/.local/lib/python3.7/site-packages/airflow/example_dags/example_branch_labels.py
[2022-02-19 15:10:51,076] {logging_mixin.py:109} INFO - [2022-02-19 15:10:51,076] {dag.py:2396} INFO - Sync 1 DAGs
[2022-02-19 15:10:51,093] {logging_mixin.py:109} INFO - [2022-02-19 15:10:51,093] {dag.py:2935} INFO - Setting next_dagrun for example_branch_labels to 2022-02-18 00:00:00+00:00
[2022-02-19 15:10:51,102] {processor.py:171} INFO - Processing /home/airflow/.local/lib/python3.7/site-packages/airflow/example_dags/example_branch_labels.py took 0.076 seconds
[2022-02-19 15:11:21,625] {processor.py:163} INFO - Started process (PID=2483) to work on /home/airflow/.local/lib/python3.7/site-packages/airflow/example_dags/example_branch_labels.py
[2022-02-19 15:11:21,627] {processor.py:642} INFO - Processing file /home/airflow/.local/lib/python3.7/site-packages/airflow/example_dags/example_branch_labels.py for tasks to queue
[2022-02-19 15:11:21,628] {logging_mixin.py:109} INFO - [2022-02-19 15:11:21,628] {dagbag.py:500} INFO - Filling up the DagBag from /home/airflow/.local/lib/python3.7/site-packages/airflow/example_dags/example_branch_labels.py
[2022-02-19 15:11:21,661] {processor.py:654} INFO - DAG(s) dict_keys(['example_branch_labels']) retrieved from /home/airflow/.local/lib/python3.7/site-packages/airflow/example_dags/example_branch_labels.py
[2022-02-19 15:11:21,673] {logging_mixin.py:109} INFO - [2022-02-19 15:11:21,673] {dag.py:2396} INFO - Sync 1 DAGs
[2022-02-19 15:11:21,692] {logging_mixin.py:109} INFO - [2022-02-19 15:11:21,692] {dag.py:2935} INFO - Setting next_dagrun for example_branch_labels to 2022-02-18 00:00:00+00:00
[2022-02-19 15:11:21,702] {processor.py:171} INFO - Processing /home/airflow/.local/lib/python3.7/site-packages/airflow/example_dags/example_branch_labels.py took 0.081 seconds
[2022-02-19 15:11:52,237] {processor.py:163} INFO - Started process (PID=2534) to work on /home/airflow/.local/lib/python3.7/site-packages/airflow/example_dags/example_branch_labels.py
[2022-02-19 15:11:52,241] {processor.py:642} INFO - Processing file /home/airflow/.local/lib/python3.7/site-packages/airflow/example_dags/example_branch_labels.py for tasks to queue
[2022-02-19 15:11:52,242] {logging_mixin.py:109} INFO - [2022-02-19 15:11:52,242] {dagbag.py:500} INFO - Filling up the DagBag from /home/airflow/.local/lib/python3.7/site-packages/airflow/example_dags/example_branch_labels.py
[2022-02-19 15:11:52,283] {processor.py:654} INFO - DAG(s) dict_keys(['example_branch_labels']) retrieved from /home/airflow/.local/lib/python3.7/site-packages/airflow/example_dags/example_branch_labels.py
[2022-02-19 15:11:52,298] {logging_mixin.py:109} INFO - [2022-02-19 15:11:52,298] {dag.py:2396} INFO - Sync 1 DAGs
[2022-02-19 15:11:52,346] {logging_mixin.py:109} INFO - [2022-02-19 15:11:52,346] {dag.py:2935} INFO - Setting next_dagrun for example_branch_labels to 2022-02-18 00:00:00+00:00
[2022-02-19 15:11:52,361] {processor.py:171} INFO - Processing /home/airflow/.local/lib/python3.7/site-packages/airflow/example_dags/example_branch_labels.py took 0.130 seconds
[2022-02-19 15:12:23,000] {processor.py:163} INFO - Started process (PID=2595) to work on /home/airflow/.local/lib/python3.7/site-packages/airflow/example_dags/example_branch_labels.py
[2022-02-19 15:12:23,003] {processor.py:642} INFO - Processing file /home/airflow/.local/lib/python3.7/site-packages/airflow/example_dags/example_branch_labels.py for tasks to queue
[2022-02-19 15:12:23,005] {logging_mixin.py:109} INFO - [2022-02-19 15:12:23,005] {dagbag.py:500} INFO - Filling up the DagBag from /home/airflow/.local/lib/python3.7/site-packages/airflow/example_dags/example_branch_labels.py
[2022-02-19 15:12:23,051] {processor.py:654} INFO - DAG(s) dict_keys(['example_branch_labels']) retrieved from /home/airflow/.local/lib/python3.7/site-packages/airflow/example_dags/example_branch_labels.py
[2022-02-19 15:12:23,064] {logging_mixin.py:109} INFO - [2022-02-19 15:12:23,064] {dag.py:2396} INFO - Sync 1 DAGs
[2022-02-19 15:12:23,083] {logging_mixin.py:109} INFO - [2022-02-19 15:12:23,083] {dag.py:2935} INFO - Setting next_dagrun for example_branch_labels to 2022-02-18 00:00:00+00:00
[2022-02-19 15:12:23,092] {processor.py:171} INFO - Processing /home/airflow/.local/lib/python3.7/site-packages/airflow/example_dags/example_branch_labels.py took 0.098 seconds
[2022-02-19 15:12:53,671] {processor.py:163} INFO - Started process (PID=2647) to work on /home/airflow/.local/lib/python3.7/site-packages/airflow/example_dags/example_branch_labels.py
[2022-02-19 15:12:53,674] {processor.py:642} INFO - Processing file /home/airflow/.local/lib/python3.7/site-packages/airflow/example_dags/example_branch_labels.py for tasks to queue
[2022-02-19 15:12:53,675] {logging_mixin.py:109} INFO - [2022-02-19 15:12:53,675] {dagbag.py:500} INFO - Filling up the DagBag from /home/airflow/.local/lib/python3.7/site-packages/airflow/example_dags/example_branch_labels.py
[2022-02-19 15:12:53,706] {processor.py:654} INFO - DAG(s) dict_keys(['example_branch_labels']) retrieved from /home/airflow/.local/lib/python3.7/site-packages/airflow/example_dags/example_branch_labels.py
[2022-02-19 15:12:53,718] {logging_mixin.py:109} INFO - [2022-02-19 15:12:53,718] {dag.py:2396} INFO - Sync 1 DAGs
[2022-02-19 15:12:53,732] {logging_mixin.py:109} INFO - [2022-02-19 15:12:53,732] {dag.py:2935} INFO - Setting next_dagrun for example_branch_labels to 2022-02-18 00:00:00+00:00
[2022-02-19 15:12:53,740] {processor.py:171} INFO - Processing /home/airflow/.local/lib/python3.7/site-packages/airflow/example_dags/example_branch_labels.py took 0.072 seconds
[2022-02-19 15:13:23,959] {processor.py:163} INFO - Started process (PID=2708) to work on /home/airflow/.local/lib/python3.7/site-packages/airflow/example_dags/example_branch_labels.py
[2022-02-19 15:13:23,960] {processor.py:642} INFO - Processing file /home/airflow/.local/lib/python3.7/site-packages/airflow/example_dags/example_branch_labels.py for tasks to queue
[2022-02-19 15:13:23,962] {logging_mixin.py:109} INFO - [2022-02-19 15:13:23,961] {dagbag.py:500} INFO - Filling up the DagBag from /home/airflow/.local/lib/python3.7/site-packages/airflow/example_dags/example_branch_labels.py
[2022-02-19 15:13:23,986] {processor.py:654} INFO - DAG(s) dict_keys(['example_branch_labels']) retrieved from /home/airflow/.local/lib/python3.7/site-packages/airflow/example_dags/example_branch_labels.py
[2022-02-19 15:13:23,996] {logging_mixin.py:109} INFO - [2022-02-19 15:13:23,995] {dag.py:2396} INFO - Sync 1 DAGs
[2022-02-19 15:13:24,012] {logging_mixin.py:109} INFO - [2022-02-19 15:13:24,012] {dag.py:2935} INFO - Setting next_dagrun for example_branch_labels to 2022-02-18 00:00:00+00:00
[2022-02-19 15:13:24,021] {processor.py:171} INFO - Processing /home/airflow/.local/lib/python3.7/site-packages/airflow/example_dags/example_branch_labels.py took 0.065 seconds
[2022-02-19 15:13:54,225] {processor.py:163} INFO - Started process (PID=2760) to work on /home/airflow/.local/lib/python3.7/site-packages/airflow/example_dags/example_branch_labels.py
[2022-02-19 15:13:54,227] {processor.py:642} INFO - Processing file /home/airflow/.local/lib/python3.7/site-packages/airflow/example_dags/example_branch_labels.py for tasks to queue
[2022-02-19 15:13:54,229] {logging_mixin.py:109} INFO - [2022-02-19 15:13:54,228] {dagbag.py:500} INFO - Filling up the DagBag from /home/airflow/.local/lib/python3.7/site-packages/airflow/example_dags/example_branch_labels.py
[2022-02-19 15:13:54,258] {processor.py:654} INFO - DAG(s) dict_keys(['example_branch_labels']) retrieved from /home/airflow/.local/lib/python3.7/site-packages/airflow/example_dags/example_branch_labels.py
[2022-02-19 15:13:54,269] {logging_mixin.py:109} INFO - [2022-02-19 15:13:54,269] {dag.py:2396} INFO - Sync 1 DAGs
[2022-02-19 15:13:54,285] {logging_mixin.py:109} INFO - [2022-02-19 15:13:54,285] {dag.py:2935} INFO - Setting next_dagrun for example_branch_labels to 2022-02-18 00:00:00+00:00
[2022-02-19 15:13:54,293] {processor.py:171} INFO - Processing /home/airflow/.local/lib/python3.7/site-packages/airflow/example_dags/example_branch_labels.py took 0.072 seconds
[2022-02-19 15:14:24,504] {processor.py:163} INFO - Started process (PID=2812) to work on /home/airflow/.local/lib/python3.7/site-packages/airflow/example_dags/example_branch_labels.py
[2022-02-19 15:14:24,506] {processor.py:642} INFO - Processing file /home/airflow/.local/lib/python3.7/site-packages/airflow/example_dags/example_branch_labels.py for tasks to queue
[2022-02-19 15:14:24,509] {logging_mixin.py:109} INFO - [2022-02-19 15:14:24,508] {dagbag.py:500} INFO - Filling up the DagBag from /home/airflow/.local/lib/python3.7/site-packages/airflow/example_dags/example_branch_labels.py
[2022-02-19 15:14:24,540] {processor.py:654} INFO - DAG(s) dict_keys(['example_branch_labels']) retrieved from /home/airflow/.local/lib/python3.7/site-packages/airflow/example_dags/example_branch_labels.py
[2022-02-19 15:14:24,553] {logging_mixin.py:109} INFO - [2022-02-19 15:14:24,553] {dag.py:2396} INFO - Sync 1 DAGs
[2022-02-19 15:14:24,571] {logging_mixin.py:109} INFO - [2022-02-19 15:14:24,571] {dag.py:2935} INFO - Setting next_dagrun for example_branch_labels to 2022-02-18 00:00:00+00:00
[2022-02-19 15:14:24,582] {processor.py:171} INFO - Processing /home/airflow/.local/lib/python3.7/site-packages/airflow/example_dags/example_branch_labels.py took 0.081 seconds
[2022-02-19 15:14:54,733] {processor.py:163} INFO - Started process (PID=2874) to work on /home/airflow/.local/lib/python3.7/site-packages/airflow/example_dags/example_branch_labels.py
[2022-02-19 15:14:54,736] {processor.py:642} INFO - Processing file /home/airflow/.local/lib/python3.7/site-packages/airflow/example_dags/example_branch_labels.py for tasks to queue
[2022-02-19 15:14:54,738] {logging_mixin.py:109} INFO - [2022-02-19 15:14:54,738] {dagbag.py:500} INFO - Filling up the DagBag from /home/airflow/.local/lib/python3.7/site-packages/airflow/example_dags/example_branch_labels.py
[2022-02-19 15:14:54,776] {processor.py:654} INFO - DAG(s) dict_keys(['example_branch_labels']) retrieved from /home/airflow/.local/lib/python3.7/site-packages/airflow/example_dags/example_branch_labels.py
[2022-02-19 15:14:54,789] {logging_mixin.py:109} INFO - [2022-02-19 15:14:54,788] {dag.py:2396} INFO - Sync 1 DAGs
[2022-02-19 15:14:54,812] {logging_mixin.py:109} INFO - [2022-02-19 15:14:54,812] {dag.py:2935} INFO - Setting next_dagrun for example_branch_labels to 2022-02-18 00:00:00+00:00
[2022-02-19 15:14:54,826] {processor.py:171} INFO - Processing /home/airflow/.local/lib/python3.7/site-packages/airflow/example_dags/example_branch_labels.py took 0.097 seconds
[2022-02-19 15:15:25,689] {processor.py:163} INFO - Started process (PID=2926) to work on /home/airflow/.local/lib/python3.7/site-packages/airflow/example_dags/example_branch_labels.py
[2022-02-19 15:15:25,691] {processor.py:642} INFO - Processing file /home/airflow/.local/lib/python3.7/site-packages/airflow/example_dags/example_branch_labels.py for tasks to queue
[2022-02-19 15:15:25,693] {logging_mixin.py:109} INFO - [2022-02-19 15:15:25,692] {dagbag.py:500} INFO - Filling up the DagBag from /home/airflow/.local/lib/python3.7/site-packages/airflow/example_dags/example_branch_labels.py
[2022-02-19 15:15:25,724] {processor.py:654} INFO - DAG(s) dict_keys(['example_branch_labels']) retrieved from /home/airflow/.local/lib/python3.7/site-packages/airflow/example_dags/example_branch_labels.py
[2022-02-19 15:15:25,735] {logging_mixin.py:109} INFO - [2022-02-19 15:15:25,735] {dag.py:2396} INFO - Sync 1 DAGs
[2022-02-19 15:15:25,754] {logging_mixin.py:109} INFO - [2022-02-19 15:15:25,754] {dag.py:2935} INFO - Setting next_dagrun for example_branch_labels to 2022-02-18 00:00:00+00:00
[2022-02-19 15:15:25,764] {processor.py:171} INFO - Processing /home/airflow/.local/lib/python3.7/site-packages/airflow/example_dags/example_branch_labels.py took 0.079 seconds
[2022-02-19 15:15:56,248] {processor.py:163} INFO - Started process (PID=2986) to work on /home/airflow/.local/lib/python3.7/site-packages/airflow/example_dags/example_branch_labels.py
[2022-02-19 15:15:56,251] {processor.py:642} INFO - Processing file /home/airflow/.local/lib/python3.7/site-packages/airflow/example_dags/example_branch_labels.py for tasks to queue
[2022-02-19 15:15:56,252] {logging_mixin.py:109} INFO - [2022-02-19 15:15:56,252] {dagbag.py:500} INFO - Filling up the DagBag from /home/airflow/.local/lib/python3.7/site-packages/airflow/example_dags/example_branch_labels.py
[2022-02-19 15:15:56,277] {processor.py:654} INFO - DAG(s) dict_keys(['example_branch_labels']) retrieved from /home/airflow/.local/lib/python3.7/site-packages/airflow/example_dags/example_branch_labels.py
[2022-02-19 15:15:56,287] {logging_mixin.py:109} INFO - [2022-02-19 15:15:56,287] {dag.py:2396} INFO - Sync 1 DAGs
[2022-02-19 15:15:56,303] {logging_mixin.py:109} INFO - [2022-02-19 15:15:56,302] {dag.py:2935} INFO - Setting next_dagrun for example_branch_labels to 2022-02-18 00:00:00+00:00
[2022-02-19 15:15:56,311] {processor.py:171} INFO - Processing /home/airflow/.local/lib/python3.7/site-packages/airflow/example_dags/example_branch_labels.py took 0.066 seconds
[2022-02-19 15:16:26,888] {processor.py:163} INFO - Started process (PID=3037) to work on /home/airflow/.local/lib/python3.7/site-packages/airflow/example_dags/example_branch_labels.py
[2022-02-19 15:16:26,891] {processor.py:642} INFO - Processing file /home/airflow/.local/lib/python3.7/site-packages/airflow/example_dags/example_branch_labels.py for tasks to queue
[2022-02-19 15:16:26,893] {logging_mixin.py:109} INFO - [2022-02-19 15:16:26,893] {dagbag.py:500} INFO - Filling up the DagBag from /home/airflow/.local/lib/python3.7/site-packages/airflow/example_dags/example_branch_labels.py
[2022-02-19 15:16:26,925] {processor.py:654} INFO - DAG(s) dict_keys(['example_branch_labels']) retrieved from /home/airflow/.local/lib/python3.7/site-packages/airflow/example_dags/example_branch_labels.py
[2022-02-19 15:16:26,935] {logging_mixin.py:109} INFO - [2022-02-19 15:16:26,935] {dag.py:2396} INFO - Sync 1 DAGs
[2022-02-19 15:16:26,950] {logging_mixin.py:109} INFO - [2022-02-19 15:16:26,950] {dag.py:2935} INFO - Setting next_dagrun for example_branch_labels to 2022-02-18 00:00:00+00:00
[2022-02-19 15:16:26,958] {processor.py:171} INFO - Processing /home/airflow/.local/lib/python3.7/site-packages/airflow/example_dags/example_branch_labels.py took 0.075 seconds
