[2022-02-19 14:29:42,355] {processor.py:163} INFO - Started process (PID=57) to work on /home/airflow/.local/lib/python3.7/site-packages/airflow/example_dags/tutorial_taskflow_api_etl_virtualenv.py
[2022-02-19 14:29:42,356] {processor.py:642} INFO - Processing file /home/airflow/.local/lib/python3.7/site-packages/airflow/example_dags/tutorial_taskflow_api_etl_virtualenv.py for tasks to queue
[2022-02-19 14:29:42,362] {logging_mixin.py:109} INFO - [2022-02-19 14:29:42,362] {dagbag.py:500} INFO - Filling up the DagBag from /home/airflow/.local/lib/python3.7/site-packages/airflow/example_dags/tutorial_taskflow_api_etl_virtualenv.py
[2022-02-19 14:29:42,414] {processor.py:654} INFO - DAG(s) dict_keys(['tutorial_taskflow_api_etl_virtualenv']) retrieved from /home/airflow/.local/lib/python3.7/site-packages/airflow/example_dags/tutorial_taskflow_api_etl_virtualenv.py
[2022-02-19 14:30:25,695] {processor.py:163} INFO - Started process (PID=157) to work on /home/airflow/.local/lib/python3.7/site-packages/airflow/example_dags/tutorial_taskflow_api_etl_virtualenv.py
[2022-02-19 14:30:25,697] {processor.py:642} INFO - Processing file /home/airflow/.local/lib/python3.7/site-packages/airflow/example_dags/tutorial_taskflow_api_etl_virtualenv.py for tasks to queue
[2022-02-19 14:30:25,699] {logging_mixin.py:109} INFO - [2022-02-19 14:30:25,699] {dagbag.py:500} INFO - Filling up the DagBag from /home/airflow/.local/lib/python3.7/site-packages/airflow/example_dags/tutorial_taskflow_api_etl_virtualenv.py
[2022-02-19 14:30:25,762] {processor.py:654} INFO - DAG(s) dict_keys(['tutorial_taskflow_api_etl_virtualenv']) retrieved from /home/airflow/.local/lib/python3.7/site-packages/airflow/example_dags/tutorial_taskflow_api_etl_virtualenv.py
[2022-02-19 14:30:27,952] {logging_mixin.py:109} INFO - [2022-02-19 14:30:27,951] {manager.py:496} INFO - Created Permission View: can edit on DAG:tutorial_taskflow_api_etl_virtualenv
[2022-02-19 14:30:27,960] {logging_mixin.py:109} INFO - [2022-02-19 14:30:27,960] {manager.py:496} INFO - Created Permission View: can read on DAG:tutorial_taskflow_api_etl_virtualenv
[2022-02-19 14:30:27,961] {logging_mixin.py:109} INFO - [2022-02-19 14:30:27,961] {dag.py:2396} INFO - Sync 1 DAGs
[2022-02-19 14:30:27,968] {logging_mixin.py:109} INFO - [2022-02-19 14:30:27,968] {dag.py:2415} INFO - Creating ORM DAG for tutorial_taskflow_api_etl_virtualenv
[2022-02-19 14:30:27,976] {logging_mixin.py:109} INFO - [2022-02-19 14:30:27,976] {dag.py:2935} INFO - Setting next_dagrun for tutorial_taskflow_api_etl_virtualenv to None
[2022-02-19 14:30:27,988] {processor.py:171} INFO - Processing /home/airflow/.local/lib/python3.7/site-packages/airflow/example_dags/tutorial_taskflow_api_etl_virtualenv.py took 2.297 seconds
[2022-02-19 14:30:59,753] {processor.py:163} INFO - Started process (PID=213) to work on /home/airflow/.local/lib/python3.7/site-packages/airflow/example_dags/tutorial_taskflow_api_etl_virtualenv.py
[2022-02-19 14:30:59,755] {processor.py:642} INFO - Processing file /home/airflow/.local/lib/python3.7/site-packages/airflow/example_dags/tutorial_taskflow_api_etl_virtualenv.py for tasks to queue
[2022-02-19 14:30:59,761] {logging_mixin.py:109} INFO - [2022-02-19 14:30:59,761] {dagbag.py:500} INFO - Filling up the DagBag from /home/airflow/.local/lib/python3.7/site-packages/airflow/example_dags/tutorial_taskflow_api_etl_virtualenv.py
[2022-02-19 14:30:59,860] {processor.py:654} INFO - DAG(s) dict_keys(['tutorial_taskflow_api_etl_virtualenv']) retrieved from /home/airflow/.local/lib/python3.7/site-packages/airflow/example_dags/tutorial_taskflow_api_etl_virtualenv.py
[2022-02-19 14:31:00,842] {logging_mixin.py:109} INFO - [2022-02-19 14:31:00,842] {dag.py:2396} INFO - Sync 1 DAGs
[2022-02-19 14:31:00,863] {logging_mixin.py:109} INFO - [2022-02-19 14:31:00,863] {dag.py:2935} INFO - Setting next_dagrun for tutorial_taskflow_api_etl_virtualenv to None
[2022-02-19 14:31:00,877] {processor.py:171} INFO - Processing /home/airflow/.local/lib/python3.7/site-packages/airflow/example_dags/tutorial_taskflow_api_etl_virtualenv.py took 1.127 seconds
[2022-02-19 14:31:31,539] {processor.py:163} INFO - Started process (PID=265) to work on /home/airflow/.local/lib/python3.7/site-packages/airflow/example_dags/tutorial_taskflow_api_etl_virtualenv.py
[2022-02-19 14:31:31,542] {processor.py:642} INFO - Processing file /home/airflow/.local/lib/python3.7/site-packages/airflow/example_dags/tutorial_taskflow_api_etl_virtualenv.py for tasks to queue
[2022-02-19 14:31:31,543] {logging_mixin.py:109} INFO - [2022-02-19 14:31:31,543] {dagbag.py:500} INFO - Filling up the DagBag from /home/airflow/.local/lib/python3.7/site-packages/airflow/example_dags/tutorial_taskflow_api_etl_virtualenv.py
[2022-02-19 14:31:31,582] {processor.py:654} INFO - DAG(s) dict_keys(['tutorial_taskflow_api_etl_virtualenv']) retrieved from /home/airflow/.local/lib/python3.7/site-packages/airflow/example_dags/tutorial_taskflow_api_etl_virtualenv.py
[2022-02-19 14:31:31,905] {logging_mixin.py:109} INFO - [2022-02-19 14:31:31,905] {dag.py:2396} INFO - Sync 1 DAGs
[2022-02-19 14:31:31,924] {logging_mixin.py:109} INFO - [2022-02-19 14:31:31,924] {dag.py:2935} INFO - Setting next_dagrun for tutorial_taskflow_api_etl_virtualenv to None
[2022-02-19 14:31:31,936] {processor.py:171} INFO - Processing /home/airflow/.local/lib/python3.7/site-packages/airflow/example_dags/tutorial_taskflow_api_etl_virtualenv.py took 0.401 seconds
[2022-02-19 14:40:22,680] {processor.py:163} INFO - Started process (PID=323) to work on /home/airflow/.local/lib/python3.7/site-packages/airflow/example_dags/tutorial_taskflow_api_etl_virtualenv.py
[2022-02-19 14:40:22,683] {processor.py:642} INFO - Processing file /home/airflow/.local/lib/python3.7/site-packages/airflow/example_dags/tutorial_taskflow_api_etl_virtualenv.py for tasks to queue
[2022-02-19 14:40:22,685] {logging_mixin.py:109} INFO - [2022-02-19 14:40:22,685] {dagbag.py:500} INFO - Filling up the DagBag from /home/airflow/.local/lib/python3.7/site-packages/airflow/example_dags/tutorial_taskflow_api_etl_virtualenv.py
[2022-02-19 14:40:22,752] {processor.py:654} INFO - DAG(s) dict_keys(['tutorial_taskflow_api_etl_virtualenv']) retrieved from /home/airflow/.local/lib/python3.7/site-packages/airflow/example_dags/tutorial_taskflow_api_etl_virtualenv.py
[2022-02-19 14:40:24,867] {logging_mixin.py:109} INFO - [2022-02-19 14:40:24,867] {manager.py:496} INFO - Created Permission View: can read on DAG:tutorial_taskflow_api_etl_virtualenv
[2022-02-19 14:40:24,877] {logging_mixin.py:109} INFO - [2022-02-19 14:40:24,877] {manager.py:496} INFO - Created Permission View: can edit on DAG:tutorial_taskflow_api_etl_virtualenv
[2022-02-19 14:40:24,878] {logging_mixin.py:109} INFO - [2022-02-19 14:40:24,878] {dag.py:2396} INFO - Sync 1 DAGs
[2022-02-19 14:40:24,886] {logging_mixin.py:109} INFO - [2022-02-19 14:40:24,886] {dag.py:2415} INFO - Creating ORM DAG for tutorial_taskflow_api_etl_virtualenv
[2022-02-19 14:40:24,897] {logging_mixin.py:109} INFO - [2022-02-19 14:40:24,897] {dag.py:2935} INFO - Setting next_dagrun for tutorial_taskflow_api_etl_virtualenv to None
[2022-02-19 14:40:24,911] {processor.py:171} INFO - Processing /home/airflow/.local/lib/python3.7/site-packages/airflow/example_dags/tutorial_taskflow_api_etl_virtualenv.py took 2.236 seconds
[2022-02-19 14:40:55,005] {processor.py:163} INFO - Started process (PID=493) to work on /home/airflow/.local/lib/python3.7/site-packages/airflow/example_dags/tutorial_taskflow_api_etl_virtualenv.py
[2022-02-19 14:40:55,007] {processor.py:642} INFO - Processing file /home/airflow/.local/lib/python3.7/site-packages/airflow/example_dags/tutorial_taskflow_api_etl_virtualenv.py for tasks to queue
[2022-02-19 14:40:55,008] {logging_mixin.py:109} INFO - [2022-02-19 14:40:55,008] {dagbag.py:500} INFO - Filling up the DagBag from /home/airflow/.local/lib/python3.7/site-packages/airflow/example_dags/tutorial_taskflow_api_etl_virtualenv.py
[2022-02-19 14:40:55,043] {processor.py:654} INFO - DAG(s) dict_keys(['tutorial_taskflow_api_etl_virtualenv']) retrieved from /home/airflow/.local/lib/python3.7/site-packages/airflow/example_dags/tutorial_taskflow_api_etl_virtualenv.py
[2022-02-19 14:40:55,314] {logging_mixin.py:109} INFO - [2022-02-19 14:40:55,314] {dag.py:2396} INFO - Sync 1 DAGs
[2022-02-19 14:40:55,329] {logging_mixin.py:109} INFO - [2022-02-19 14:40:55,329] {dag.py:2935} INFO - Setting next_dagrun for tutorial_taskflow_api_etl_virtualenv to None
[2022-02-19 14:40:55,339] {processor.py:171} INFO - Processing /home/airflow/.local/lib/python3.7/site-packages/airflow/example_dags/tutorial_taskflow_api_etl_virtualenv.py took 0.337 seconds
[2022-02-19 14:41:25,544] {processor.py:163} INFO - Started process (PID=553) to work on /home/airflow/.local/lib/python3.7/site-packages/airflow/example_dags/tutorial_taskflow_api_etl_virtualenv.py
[2022-02-19 14:41:25,546] {processor.py:642} INFO - Processing file /home/airflow/.local/lib/python3.7/site-packages/airflow/example_dags/tutorial_taskflow_api_etl_virtualenv.py for tasks to queue
[2022-02-19 14:41:25,547] {logging_mixin.py:109} INFO - [2022-02-19 14:41:25,547] {dagbag.py:500} INFO - Filling up the DagBag from /home/airflow/.local/lib/python3.7/site-packages/airflow/example_dags/tutorial_taskflow_api_etl_virtualenv.py
[2022-02-19 14:41:25,582] {processor.py:654} INFO - DAG(s) dict_keys(['tutorial_taskflow_api_etl_virtualenv']) retrieved from /home/airflow/.local/lib/python3.7/site-packages/airflow/example_dags/tutorial_taskflow_api_etl_virtualenv.py
[2022-02-19 14:41:25,855] {logging_mixin.py:109} INFO - [2022-02-19 14:41:25,855] {dag.py:2396} INFO - Sync 1 DAGs
[2022-02-19 14:41:25,870] {logging_mixin.py:109} INFO - [2022-02-19 14:41:25,870] {dag.py:2935} INFO - Setting next_dagrun for tutorial_taskflow_api_etl_virtualenv to None
[2022-02-19 14:41:25,881] {processor.py:171} INFO - Processing /home/airflow/.local/lib/python3.7/site-packages/airflow/example_dags/tutorial_taskflow_api_etl_virtualenv.py took 0.340 seconds
[2022-02-19 14:41:56,252] {processor.py:163} INFO - Started process (PID=604) to work on /home/airflow/.local/lib/python3.7/site-packages/airflow/example_dags/tutorial_taskflow_api_etl_virtualenv.py
[2022-02-19 14:41:56,254] {processor.py:642} INFO - Processing file /home/airflow/.local/lib/python3.7/site-packages/airflow/example_dags/tutorial_taskflow_api_etl_virtualenv.py for tasks to queue
[2022-02-19 14:41:56,255] {logging_mixin.py:109} INFO - [2022-02-19 14:41:56,255] {dagbag.py:500} INFO - Filling up the DagBag from /home/airflow/.local/lib/python3.7/site-packages/airflow/example_dags/tutorial_taskflow_api_etl_virtualenv.py
[2022-02-19 14:41:56,284] {processor.py:654} INFO - DAG(s) dict_keys(['tutorial_taskflow_api_etl_virtualenv']) retrieved from /home/airflow/.local/lib/python3.7/site-packages/airflow/example_dags/tutorial_taskflow_api_etl_virtualenv.py
[2022-02-19 14:41:56,517] {logging_mixin.py:109} INFO - [2022-02-19 14:41:56,517] {dag.py:2396} INFO - Sync 1 DAGs
[2022-02-19 14:41:56,527] {logging_mixin.py:109} INFO - [2022-02-19 14:41:56,527] {dag.py:2935} INFO - Setting next_dagrun for tutorial_taskflow_api_etl_virtualenv to None
[2022-02-19 14:41:56,535] {processor.py:171} INFO - Processing /home/airflow/.local/lib/python3.7/site-packages/airflow/example_dags/tutorial_taskflow_api_etl_virtualenv.py took 0.286 seconds
[2022-02-19 14:42:26,627] {processor.py:163} INFO - Started process (PID=656) to work on /home/airflow/.local/lib/python3.7/site-packages/airflow/example_dags/tutorial_taskflow_api_etl_virtualenv.py
[2022-02-19 14:42:26,629] {processor.py:642} INFO - Processing file /home/airflow/.local/lib/python3.7/site-packages/airflow/example_dags/tutorial_taskflow_api_etl_virtualenv.py for tasks to queue
[2022-02-19 14:42:26,630] {logging_mixin.py:109} INFO - [2022-02-19 14:42:26,630] {dagbag.py:500} INFO - Filling up the DagBag from /home/airflow/.local/lib/python3.7/site-packages/airflow/example_dags/tutorial_taskflow_api_etl_virtualenv.py
[2022-02-19 14:42:26,666] {processor.py:654} INFO - DAG(s) dict_keys(['tutorial_taskflow_api_etl_virtualenv']) retrieved from /home/airflow/.local/lib/python3.7/site-packages/airflow/example_dags/tutorial_taskflow_api_etl_virtualenv.py
[2022-02-19 14:42:26,935] {logging_mixin.py:109} INFO - [2022-02-19 14:42:26,935] {dag.py:2396} INFO - Sync 1 DAGs
[2022-02-19 14:42:26,948] {logging_mixin.py:109} INFO - [2022-02-19 14:42:26,947] {dag.py:2935} INFO - Setting next_dagrun for tutorial_taskflow_api_etl_virtualenv to None
[2022-02-19 14:42:26,958] {processor.py:171} INFO - Processing /home/airflow/.local/lib/python3.7/site-packages/airflow/example_dags/tutorial_taskflow_api_etl_virtualenv.py took 0.335 seconds
[2022-02-19 14:42:57,490] {processor.py:163} INFO - Started process (PID=716) to work on /home/airflow/.local/lib/python3.7/site-packages/airflow/example_dags/tutorial_taskflow_api_etl_virtualenv.py
[2022-02-19 14:42:57,492] {processor.py:642} INFO - Processing file /home/airflow/.local/lib/python3.7/site-packages/airflow/example_dags/tutorial_taskflow_api_etl_virtualenv.py for tasks to queue
[2022-02-19 14:42:57,493] {logging_mixin.py:109} INFO - [2022-02-19 14:42:57,493] {dagbag.py:500} INFO - Filling up the DagBag from /home/airflow/.local/lib/python3.7/site-packages/airflow/example_dags/tutorial_taskflow_api_etl_virtualenv.py
[2022-02-19 14:42:57,523] {processor.py:654} INFO - DAG(s) dict_keys(['tutorial_taskflow_api_etl_virtualenv']) retrieved from /home/airflow/.local/lib/python3.7/site-packages/airflow/example_dags/tutorial_taskflow_api_etl_virtualenv.py
[2022-02-19 14:42:57,783] {logging_mixin.py:109} INFO - [2022-02-19 14:42:57,783] {dag.py:2396} INFO - Sync 1 DAGs
[2022-02-19 14:42:57,795] {logging_mixin.py:109} INFO - [2022-02-19 14:42:57,795] {dag.py:2935} INFO - Setting next_dagrun for tutorial_taskflow_api_etl_virtualenv to None
[2022-02-19 14:42:57,804] {processor.py:171} INFO - Processing /home/airflow/.local/lib/python3.7/site-packages/airflow/example_dags/tutorial_taskflow_api_etl_virtualenv.py took 0.317 seconds
[2022-02-19 14:43:28,544] {processor.py:163} INFO - Started process (PID=767) to work on /home/airflow/.local/lib/python3.7/site-packages/airflow/example_dags/tutorial_taskflow_api_etl_virtualenv.py
[2022-02-19 14:43:28,547] {processor.py:642} INFO - Processing file /home/airflow/.local/lib/python3.7/site-packages/airflow/example_dags/tutorial_taskflow_api_etl_virtualenv.py for tasks to queue
[2022-02-19 14:43:28,548] {logging_mixin.py:109} INFO - [2022-02-19 14:43:28,548] {dagbag.py:500} INFO - Filling up the DagBag from /home/airflow/.local/lib/python3.7/site-packages/airflow/example_dags/tutorial_taskflow_api_etl_virtualenv.py
[2022-02-19 14:43:28,581] {processor.py:654} INFO - DAG(s) dict_keys(['tutorial_taskflow_api_etl_virtualenv']) retrieved from /home/airflow/.local/lib/python3.7/site-packages/airflow/example_dags/tutorial_taskflow_api_etl_virtualenv.py
[2022-02-19 14:43:28,837] {logging_mixin.py:109} INFO - [2022-02-19 14:43:28,837] {dag.py:2396} INFO - Sync 1 DAGs
[2022-02-19 14:43:28,847] {logging_mixin.py:109} INFO - [2022-02-19 14:43:28,847] {dag.py:2935} INFO - Setting next_dagrun for tutorial_taskflow_api_etl_virtualenv to None
[2022-02-19 14:43:28,855] {processor.py:171} INFO - Processing /home/airflow/.local/lib/python3.7/site-packages/airflow/example_dags/tutorial_taskflow_api_etl_virtualenv.py took 0.314 seconds
[2022-02-19 14:43:59,376] {processor.py:163} INFO - Started process (PID=827) to work on /home/airflow/.local/lib/python3.7/site-packages/airflow/example_dags/tutorial_taskflow_api_etl_virtualenv.py
[2022-02-19 14:43:59,378] {processor.py:642} INFO - Processing file /home/airflow/.local/lib/python3.7/site-packages/airflow/example_dags/tutorial_taskflow_api_etl_virtualenv.py for tasks to queue
[2022-02-19 14:43:59,379] {logging_mixin.py:109} INFO - [2022-02-19 14:43:59,379] {dagbag.py:500} INFO - Filling up the DagBag from /home/airflow/.local/lib/python3.7/site-packages/airflow/example_dags/tutorial_taskflow_api_etl_virtualenv.py
[2022-02-19 14:43:59,413] {processor.py:654} INFO - DAG(s) dict_keys(['tutorial_taskflow_api_etl_virtualenv']) retrieved from /home/airflow/.local/lib/python3.7/site-packages/airflow/example_dags/tutorial_taskflow_api_etl_virtualenv.py
[2022-02-19 14:43:59,646] {logging_mixin.py:109} INFO - [2022-02-19 14:43:59,646] {dag.py:2396} INFO - Sync 1 DAGs
[2022-02-19 14:43:59,656] {logging_mixin.py:109} INFO - [2022-02-19 14:43:59,656] {dag.py:2935} INFO - Setting next_dagrun for tutorial_taskflow_api_etl_virtualenv to None
[2022-02-19 14:43:59,664] {processor.py:171} INFO - Processing /home/airflow/.local/lib/python3.7/site-packages/airflow/example_dags/tutorial_taskflow_api_etl_virtualenv.py took 0.312 seconds
[2022-02-19 14:44:30,089] {processor.py:163} INFO - Started process (PID=878) to work on /home/airflow/.local/lib/python3.7/site-packages/airflow/example_dags/tutorial_taskflow_api_etl_virtualenv.py
[2022-02-19 14:44:30,092] {processor.py:642} INFO - Processing file /home/airflow/.local/lib/python3.7/site-packages/airflow/example_dags/tutorial_taskflow_api_etl_virtualenv.py for tasks to queue
[2022-02-19 14:44:30,093] {logging_mixin.py:109} INFO - [2022-02-19 14:44:30,093] {dagbag.py:500} INFO - Filling up the DagBag from /home/airflow/.local/lib/python3.7/site-packages/airflow/example_dags/tutorial_taskflow_api_etl_virtualenv.py
[2022-02-19 14:44:30,123] {processor.py:654} INFO - DAG(s) dict_keys(['tutorial_taskflow_api_etl_virtualenv']) retrieved from /home/airflow/.local/lib/python3.7/site-packages/airflow/example_dags/tutorial_taskflow_api_etl_virtualenv.py
[2022-02-19 14:44:30,391] {logging_mixin.py:109} INFO - [2022-02-19 14:44:30,391] {dag.py:2396} INFO - Sync 1 DAGs
[2022-02-19 14:44:30,406] {logging_mixin.py:109} INFO - [2022-02-19 14:44:30,406] {dag.py:2935} INFO - Setting next_dagrun for tutorial_taskflow_api_etl_virtualenv to None
[2022-02-19 14:44:30,418] {processor.py:171} INFO - Processing /home/airflow/.local/lib/python3.7/site-packages/airflow/example_dags/tutorial_taskflow_api_etl_virtualenv.py took 0.333 seconds
[2022-02-19 14:45:00,844] {processor.py:163} INFO - Started process (PID=938) to work on /home/airflow/.local/lib/python3.7/site-packages/airflow/example_dags/tutorial_taskflow_api_etl_virtualenv.py
[2022-02-19 14:45:00,846] {processor.py:642} INFO - Processing file /home/airflow/.local/lib/python3.7/site-packages/airflow/example_dags/tutorial_taskflow_api_etl_virtualenv.py for tasks to queue
[2022-02-19 14:45:00,847] {logging_mixin.py:109} INFO - [2022-02-19 14:45:00,847] {dagbag.py:500} INFO - Filling up the DagBag from /home/airflow/.local/lib/python3.7/site-packages/airflow/example_dags/tutorial_taskflow_api_etl_virtualenv.py
[2022-02-19 14:45:00,877] {processor.py:654} INFO - DAG(s) dict_keys(['tutorial_taskflow_api_etl_virtualenv']) retrieved from /home/airflow/.local/lib/python3.7/site-packages/airflow/example_dags/tutorial_taskflow_api_etl_virtualenv.py
[2022-02-19 14:45:01,134] {logging_mixin.py:109} INFO - [2022-02-19 14:45:01,134] {dag.py:2396} INFO - Sync 1 DAGs
[2022-02-19 14:45:01,144] {logging_mixin.py:109} INFO - [2022-02-19 14:45:01,144] {dag.py:2935} INFO - Setting next_dagrun for tutorial_taskflow_api_etl_virtualenv to None
[2022-02-19 14:45:01,153] {processor.py:171} INFO - Processing /home/airflow/.local/lib/python3.7/site-packages/airflow/example_dags/tutorial_taskflow_api_etl_virtualenv.py took 0.312 seconds
[2022-02-19 14:45:32,053] {processor.py:163} INFO - Started process (PID=989) to work on /home/airflow/.local/lib/python3.7/site-packages/airflow/example_dags/tutorial_taskflow_api_etl_virtualenv.py
[2022-02-19 14:45:32,055] {processor.py:642} INFO - Processing file /home/airflow/.local/lib/python3.7/site-packages/airflow/example_dags/tutorial_taskflow_api_etl_virtualenv.py for tasks to queue
[2022-02-19 14:45:32,056] {logging_mixin.py:109} INFO - [2022-02-19 14:45:32,056] {dagbag.py:500} INFO - Filling up the DagBag from /home/airflow/.local/lib/python3.7/site-packages/airflow/example_dags/tutorial_taskflow_api_etl_virtualenv.py
[2022-02-19 14:45:32,082] {processor.py:654} INFO - DAG(s) dict_keys(['tutorial_taskflow_api_etl_virtualenv']) retrieved from /home/airflow/.local/lib/python3.7/site-packages/airflow/example_dags/tutorial_taskflow_api_etl_virtualenv.py
[2022-02-19 14:45:32,317] {logging_mixin.py:109} INFO - [2022-02-19 14:45:32,317] {dag.py:2396} INFO - Sync 1 DAGs
[2022-02-19 14:45:32,328] {logging_mixin.py:109} INFO - [2022-02-19 14:45:32,327] {dag.py:2935} INFO - Setting next_dagrun for tutorial_taskflow_api_etl_virtualenv to None
[2022-02-19 14:45:32,336] {processor.py:171} INFO - Processing /home/airflow/.local/lib/python3.7/site-packages/airflow/example_dags/tutorial_taskflow_api_etl_virtualenv.py took 0.286 seconds
[2022-02-19 14:46:02,597] {processor.py:163} INFO - Started process (PID=1049) to work on /home/airflow/.local/lib/python3.7/site-packages/airflow/example_dags/tutorial_taskflow_api_etl_virtualenv.py
[2022-02-19 14:46:02,599] {processor.py:642} INFO - Processing file /home/airflow/.local/lib/python3.7/site-packages/airflow/example_dags/tutorial_taskflow_api_etl_virtualenv.py for tasks to queue
[2022-02-19 14:46:02,600] {logging_mixin.py:109} INFO - [2022-02-19 14:46:02,600] {dagbag.py:500} INFO - Filling up the DagBag from /home/airflow/.local/lib/python3.7/site-packages/airflow/example_dags/tutorial_taskflow_api_etl_virtualenv.py
[2022-02-19 14:46:02,633] {processor.py:654} INFO - DAG(s) dict_keys(['tutorial_taskflow_api_etl_virtualenv']) retrieved from /home/airflow/.local/lib/python3.7/site-packages/airflow/example_dags/tutorial_taskflow_api_etl_virtualenv.py
[2022-02-19 14:46:02,874] {logging_mixin.py:109} INFO - [2022-02-19 14:46:02,874] {dag.py:2396} INFO - Sync 1 DAGs
[2022-02-19 14:46:02,884] {logging_mixin.py:109} INFO - [2022-02-19 14:46:02,884] {dag.py:2935} INFO - Setting next_dagrun for tutorial_taskflow_api_etl_virtualenv to None
[2022-02-19 14:46:02,894] {processor.py:171} INFO - Processing /home/airflow/.local/lib/python3.7/site-packages/airflow/example_dags/tutorial_taskflow_api_etl_virtualenv.py took 0.301 seconds
[2022-02-19 14:46:33,571] {processor.py:163} INFO - Started process (PID=1100) to work on /home/airflow/.local/lib/python3.7/site-packages/airflow/example_dags/tutorial_taskflow_api_etl_virtualenv.py
[2022-02-19 14:46:33,574] {processor.py:642} INFO - Processing file /home/airflow/.local/lib/python3.7/site-packages/airflow/example_dags/tutorial_taskflow_api_etl_virtualenv.py for tasks to queue
[2022-02-19 14:46:33,575] {logging_mixin.py:109} INFO - [2022-02-19 14:46:33,575] {dagbag.py:500} INFO - Filling up the DagBag from /home/airflow/.local/lib/python3.7/site-packages/airflow/example_dags/tutorial_taskflow_api_etl_virtualenv.py
[2022-02-19 14:46:33,605] {processor.py:654} INFO - DAG(s) dict_keys(['tutorial_taskflow_api_etl_virtualenv']) retrieved from /home/airflow/.local/lib/python3.7/site-packages/airflow/example_dags/tutorial_taskflow_api_etl_virtualenv.py
[2022-02-19 14:46:33,852] {logging_mixin.py:109} INFO - [2022-02-19 14:46:33,852] {dag.py:2396} INFO - Sync 1 DAGs
[2022-02-19 14:46:33,862] {logging_mixin.py:109} INFO - [2022-02-19 14:46:33,862] {dag.py:2935} INFO - Setting next_dagrun for tutorial_taskflow_api_etl_virtualenv to None
[2022-02-19 14:46:33,870] {processor.py:171} INFO - Processing /home/airflow/.local/lib/python3.7/site-packages/airflow/example_dags/tutorial_taskflow_api_etl_virtualenv.py took 0.302 seconds
[2022-02-19 14:47:04,745] {processor.py:163} INFO - Started process (PID=1160) to work on /home/airflow/.local/lib/python3.7/site-packages/airflow/example_dags/tutorial_taskflow_api_etl_virtualenv.py
[2022-02-19 14:47:04,750] {processor.py:642} INFO - Processing file /home/airflow/.local/lib/python3.7/site-packages/airflow/example_dags/tutorial_taskflow_api_etl_virtualenv.py for tasks to queue
[2022-02-19 14:47:04,751] {logging_mixin.py:109} INFO - [2022-02-19 14:47:04,751] {dagbag.py:500} INFO - Filling up the DagBag from /home/airflow/.local/lib/python3.7/site-packages/airflow/example_dags/tutorial_taskflow_api_etl_virtualenv.py
[2022-02-19 14:47:04,784] {processor.py:654} INFO - DAG(s) dict_keys(['tutorial_taskflow_api_etl_virtualenv']) retrieved from /home/airflow/.local/lib/python3.7/site-packages/airflow/example_dags/tutorial_taskflow_api_etl_virtualenv.py
[2022-02-19 14:47:05,028] {logging_mixin.py:109} INFO - [2022-02-19 14:47:05,028] {dag.py:2396} INFO - Sync 1 DAGs
[2022-02-19 14:47:05,039] {logging_mixin.py:109} INFO - [2022-02-19 14:47:05,039] {dag.py:2935} INFO - Setting next_dagrun for tutorial_taskflow_api_etl_virtualenv to None
[2022-02-19 14:47:05,047] {processor.py:171} INFO - Processing /home/airflow/.local/lib/python3.7/site-packages/airflow/example_dags/tutorial_taskflow_api_etl_virtualenv.py took 0.306 seconds
[2022-02-19 14:47:35,951] {processor.py:163} INFO - Started process (PID=1211) to work on /home/airflow/.local/lib/python3.7/site-packages/airflow/example_dags/tutorial_taskflow_api_etl_virtualenv.py
[2022-02-19 14:47:35,953] {processor.py:642} INFO - Processing file /home/airflow/.local/lib/python3.7/site-packages/airflow/example_dags/tutorial_taskflow_api_etl_virtualenv.py for tasks to queue
[2022-02-19 14:47:35,954] {logging_mixin.py:109} INFO - [2022-02-19 14:47:35,954] {dagbag.py:500} INFO - Filling up the DagBag from /home/airflow/.local/lib/python3.7/site-packages/airflow/example_dags/tutorial_taskflow_api_etl_virtualenv.py
[2022-02-19 14:47:35,984] {processor.py:654} INFO - DAG(s) dict_keys(['tutorial_taskflow_api_etl_virtualenv']) retrieved from /home/airflow/.local/lib/python3.7/site-packages/airflow/example_dags/tutorial_taskflow_api_etl_virtualenv.py
[2022-02-19 14:47:36,213] {logging_mixin.py:109} INFO - [2022-02-19 14:47:36,213] {dag.py:2396} INFO - Sync 1 DAGs
[2022-02-19 14:47:36,225] {logging_mixin.py:109} INFO - [2022-02-19 14:47:36,225] {dag.py:2935} INFO - Setting next_dagrun for tutorial_taskflow_api_etl_virtualenv to None
[2022-02-19 14:47:36,234] {processor.py:171} INFO - Processing /home/airflow/.local/lib/python3.7/site-packages/airflow/example_dags/tutorial_taskflow_api_etl_virtualenv.py took 0.286 seconds
[2022-02-19 14:48:07,036] {processor.py:163} INFO - Started process (PID=1271) to work on /home/airflow/.local/lib/python3.7/site-packages/airflow/example_dags/tutorial_taskflow_api_etl_virtualenv.py
[2022-02-19 14:48:07,038] {processor.py:642} INFO - Processing file /home/airflow/.local/lib/python3.7/site-packages/airflow/example_dags/tutorial_taskflow_api_etl_virtualenv.py for tasks to queue
[2022-02-19 14:48:07,039] {logging_mixin.py:109} INFO - [2022-02-19 14:48:07,039] {dagbag.py:500} INFO - Filling up the DagBag from /home/airflow/.local/lib/python3.7/site-packages/airflow/example_dags/tutorial_taskflow_api_etl_virtualenv.py
[2022-02-19 14:48:07,073] {processor.py:654} INFO - DAG(s) dict_keys(['tutorial_taskflow_api_etl_virtualenv']) retrieved from /home/airflow/.local/lib/python3.7/site-packages/airflow/example_dags/tutorial_taskflow_api_etl_virtualenv.py
[2022-02-19 14:48:07,319] {logging_mixin.py:109} INFO - [2022-02-19 14:48:07,319] {dag.py:2396} INFO - Sync 1 DAGs
[2022-02-19 14:48:07,330] {logging_mixin.py:109} INFO - [2022-02-19 14:48:07,330] {dag.py:2935} INFO - Setting next_dagrun for tutorial_taskflow_api_etl_virtualenv to None
[2022-02-19 14:48:07,337] {processor.py:171} INFO - Processing /home/airflow/.local/lib/python3.7/site-packages/airflow/example_dags/tutorial_taskflow_api_etl_virtualenv.py took 0.306 seconds
[2022-02-19 14:48:37,402] {processor.py:163} INFO - Started process (PID=1322) to work on /home/airflow/.local/lib/python3.7/site-packages/airflow/example_dags/tutorial_taskflow_api_etl_virtualenv.py
[2022-02-19 14:48:37,404] {processor.py:642} INFO - Processing file /home/airflow/.local/lib/python3.7/site-packages/airflow/example_dags/tutorial_taskflow_api_etl_virtualenv.py for tasks to queue
[2022-02-19 14:48:37,405] {logging_mixin.py:109} INFO - [2022-02-19 14:48:37,405] {dagbag.py:500} INFO - Filling up the DagBag from /home/airflow/.local/lib/python3.7/site-packages/airflow/example_dags/tutorial_taskflow_api_etl_virtualenv.py
[2022-02-19 14:48:37,432] {processor.py:654} INFO - DAG(s) dict_keys(['tutorial_taskflow_api_etl_virtualenv']) retrieved from /home/airflow/.local/lib/python3.7/site-packages/airflow/example_dags/tutorial_taskflow_api_etl_virtualenv.py
[2022-02-19 14:48:37,670] {logging_mixin.py:109} INFO - [2022-02-19 14:48:37,669] {dag.py:2396} INFO - Sync 1 DAGs
[2022-02-19 14:48:37,680] {logging_mixin.py:109} INFO - [2022-02-19 14:48:37,680] {dag.py:2935} INFO - Setting next_dagrun for tutorial_taskflow_api_etl_virtualenv to None
[2022-02-19 14:48:37,688] {processor.py:171} INFO - Processing /home/airflow/.local/lib/python3.7/site-packages/airflow/example_dags/tutorial_taskflow_api_etl_virtualenv.py took 0.289 seconds
[2022-02-19 14:49:08,330] {processor.py:163} INFO - Started process (PID=1382) to work on /home/airflow/.local/lib/python3.7/site-packages/airflow/example_dags/tutorial_taskflow_api_etl_virtualenv.py
[2022-02-19 14:49:08,332] {processor.py:642} INFO - Processing file /home/airflow/.local/lib/python3.7/site-packages/airflow/example_dags/tutorial_taskflow_api_etl_virtualenv.py for tasks to queue
[2022-02-19 14:49:08,333] {logging_mixin.py:109} INFO - [2022-02-19 14:49:08,333] {dagbag.py:500} INFO - Filling up the DagBag from /home/airflow/.local/lib/python3.7/site-packages/airflow/example_dags/tutorial_taskflow_api_etl_virtualenv.py
[2022-02-19 14:49:08,360] {processor.py:654} INFO - DAG(s) dict_keys(['tutorial_taskflow_api_etl_virtualenv']) retrieved from /home/airflow/.local/lib/python3.7/site-packages/airflow/example_dags/tutorial_taskflow_api_etl_virtualenv.py
[2022-02-19 14:49:08,657] {logging_mixin.py:109} INFO - [2022-02-19 14:49:08,656] {dag.py:2396} INFO - Sync 1 DAGs
[2022-02-19 14:49:08,679] {logging_mixin.py:109} INFO - [2022-02-19 14:49:08,679] {dag.py:2935} INFO - Setting next_dagrun for tutorial_taskflow_api_etl_virtualenv to None
[2022-02-19 14:49:08,689] {processor.py:171} INFO - Processing /home/airflow/.local/lib/python3.7/site-packages/airflow/example_dags/tutorial_taskflow_api_etl_virtualenv.py took 0.362 seconds
[2022-02-19 14:49:39,631] {processor.py:163} INFO - Started process (PID=1443) to work on /home/airflow/.local/lib/python3.7/site-packages/airflow/example_dags/tutorial_taskflow_api_etl_virtualenv.py
[2022-02-19 14:49:39,633] {processor.py:642} INFO - Processing file /home/airflow/.local/lib/python3.7/site-packages/airflow/example_dags/tutorial_taskflow_api_etl_virtualenv.py for tasks to queue
[2022-02-19 14:49:39,634] {logging_mixin.py:109} INFO - [2022-02-19 14:49:39,634] {dagbag.py:500} INFO - Filling up the DagBag from /home/airflow/.local/lib/python3.7/site-packages/airflow/example_dags/tutorial_taskflow_api_etl_virtualenv.py
[2022-02-19 14:49:39,664] {processor.py:654} INFO - DAG(s) dict_keys(['tutorial_taskflow_api_etl_virtualenv']) retrieved from /home/airflow/.local/lib/python3.7/site-packages/airflow/example_dags/tutorial_taskflow_api_etl_virtualenv.py
[2022-02-19 14:49:39,920] {logging_mixin.py:109} INFO - [2022-02-19 14:49:39,920] {dag.py:2396} INFO - Sync 1 DAGs
[2022-02-19 14:49:39,932] {logging_mixin.py:109} INFO - [2022-02-19 14:49:39,932] {dag.py:2935} INFO - Setting next_dagrun for tutorial_taskflow_api_etl_virtualenv to None
[2022-02-19 14:49:39,942] {processor.py:171} INFO - Processing /home/airflow/.local/lib/python3.7/site-packages/airflow/example_dags/tutorial_taskflow_api_etl_virtualenv.py took 0.314 seconds
[2022-02-19 14:50:10,006] {processor.py:163} INFO - Started process (PID=1496) to work on /home/airflow/.local/lib/python3.7/site-packages/airflow/example_dags/tutorial_taskflow_api_etl_virtualenv.py
[2022-02-19 14:50:10,009] {processor.py:642} INFO - Processing file /home/airflow/.local/lib/python3.7/site-packages/airflow/example_dags/tutorial_taskflow_api_etl_virtualenv.py for tasks to queue
[2022-02-19 14:50:10,010] {logging_mixin.py:109} INFO - [2022-02-19 14:50:10,010] {dagbag.py:500} INFO - Filling up the DagBag from /home/airflow/.local/lib/python3.7/site-packages/airflow/example_dags/tutorial_taskflow_api_etl_virtualenv.py
[2022-02-19 14:50:10,040] {processor.py:654} INFO - DAG(s) dict_keys(['tutorial_taskflow_api_etl_virtualenv']) retrieved from /home/airflow/.local/lib/python3.7/site-packages/airflow/example_dags/tutorial_taskflow_api_etl_virtualenv.py
[2022-02-19 14:50:10,287] {logging_mixin.py:109} INFO - [2022-02-19 14:50:10,287] {dag.py:2396} INFO - Sync 1 DAGs
[2022-02-19 14:50:10,301] {logging_mixin.py:109} INFO - [2022-02-19 14:50:10,301] {dag.py:2935} INFO - Setting next_dagrun for tutorial_taskflow_api_etl_virtualenv to None
[2022-02-19 14:50:10,312] {processor.py:171} INFO - Processing /home/airflow/.local/lib/python3.7/site-packages/airflow/example_dags/tutorial_taskflow_api_etl_virtualenv.py took 0.309 seconds
[2022-02-19 14:50:40,743] {processor.py:163} INFO - Started process (PID=1555) to work on /home/airflow/.local/lib/python3.7/site-packages/airflow/example_dags/tutorial_taskflow_api_etl_virtualenv.py
[2022-02-19 14:50:40,745] {processor.py:642} INFO - Processing file /home/airflow/.local/lib/python3.7/site-packages/airflow/example_dags/tutorial_taskflow_api_etl_virtualenv.py for tasks to queue
[2022-02-19 14:50:40,747] {logging_mixin.py:109} INFO - [2022-02-19 14:50:40,747] {dagbag.py:500} INFO - Filling up the DagBag from /home/airflow/.local/lib/python3.7/site-packages/airflow/example_dags/tutorial_taskflow_api_etl_virtualenv.py
[2022-02-19 14:50:40,779] {processor.py:654} INFO - DAG(s) dict_keys(['tutorial_taskflow_api_etl_virtualenv']) retrieved from /home/airflow/.local/lib/python3.7/site-packages/airflow/example_dags/tutorial_taskflow_api_etl_virtualenv.py
[2022-02-19 14:50:41,038] {logging_mixin.py:109} INFO - [2022-02-19 14:50:41,038] {dag.py:2396} INFO - Sync 1 DAGs
[2022-02-19 14:50:41,049] {logging_mixin.py:109} INFO - [2022-02-19 14:50:41,049] {dag.py:2935} INFO - Setting next_dagrun for tutorial_taskflow_api_etl_virtualenv to None
[2022-02-19 14:50:41,060] {processor.py:171} INFO - Processing /home/airflow/.local/lib/python3.7/site-packages/airflow/example_dags/tutorial_taskflow_api_etl_virtualenv.py took 0.321 seconds
[2022-02-19 14:51:11,426] {processor.py:163} INFO - Started process (PID=1605) to work on /home/airflow/.local/lib/python3.7/site-packages/airflow/example_dags/tutorial_taskflow_api_etl_virtualenv.py
[2022-02-19 14:51:11,428] {processor.py:642} INFO - Processing file /home/airflow/.local/lib/python3.7/site-packages/airflow/example_dags/tutorial_taskflow_api_etl_virtualenv.py for tasks to queue
[2022-02-19 14:51:11,430] {logging_mixin.py:109} INFO - [2022-02-19 14:51:11,430] {dagbag.py:500} INFO - Filling up the DagBag from /home/airflow/.local/lib/python3.7/site-packages/airflow/example_dags/tutorial_taskflow_api_etl_virtualenv.py
[2022-02-19 14:51:11,462] {processor.py:654} INFO - DAG(s) dict_keys(['tutorial_taskflow_api_etl_virtualenv']) retrieved from /home/airflow/.local/lib/python3.7/site-packages/airflow/example_dags/tutorial_taskflow_api_etl_virtualenv.py
[2022-02-19 14:51:11,708] {logging_mixin.py:109} INFO - [2022-02-19 14:51:11,708] {dag.py:2396} INFO - Sync 1 DAGs
[2022-02-19 14:51:11,718] {logging_mixin.py:109} INFO - [2022-02-19 14:51:11,718] {dag.py:2935} INFO - Setting next_dagrun for tutorial_taskflow_api_etl_virtualenv to None
[2022-02-19 14:51:11,726] {processor.py:171} INFO - Processing /home/airflow/.local/lib/python3.7/site-packages/airflow/example_dags/tutorial_taskflow_api_etl_virtualenv.py took 0.303 seconds
[2022-02-19 14:51:42,301] {processor.py:163} INFO - Started process (PID=1666) to work on /home/airflow/.local/lib/python3.7/site-packages/airflow/example_dags/tutorial_taskflow_api_etl_virtualenv.py
[2022-02-19 14:51:42,302] {processor.py:642} INFO - Processing file /home/airflow/.local/lib/python3.7/site-packages/airflow/example_dags/tutorial_taskflow_api_etl_virtualenv.py for tasks to queue
[2022-02-19 14:51:42,303] {logging_mixin.py:109} INFO - [2022-02-19 14:51:42,303] {dagbag.py:500} INFO - Filling up the DagBag from /home/airflow/.local/lib/python3.7/site-packages/airflow/example_dags/tutorial_taskflow_api_etl_virtualenv.py
[2022-02-19 14:51:42,334] {processor.py:654} INFO - DAG(s) dict_keys(['tutorial_taskflow_api_etl_virtualenv']) retrieved from /home/airflow/.local/lib/python3.7/site-packages/airflow/example_dags/tutorial_taskflow_api_etl_virtualenv.py
[2022-02-19 14:51:42,563] {logging_mixin.py:109} INFO - [2022-02-19 14:51:42,563] {dag.py:2396} INFO - Sync 1 DAGs
[2022-02-19 14:51:42,574] {logging_mixin.py:109} INFO - [2022-02-19 14:51:42,574] {dag.py:2935} INFO - Setting next_dagrun for tutorial_taskflow_api_etl_virtualenv to None
[2022-02-19 14:51:42,582] {processor.py:171} INFO - Processing /home/airflow/.local/lib/python3.7/site-packages/airflow/example_dags/tutorial_taskflow_api_etl_virtualenv.py took 0.284 seconds
[2022-02-19 14:52:12,712] {processor.py:163} INFO - Started process (PID=1717) to work on /home/airflow/.local/lib/python3.7/site-packages/airflow/example_dags/tutorial_taskflow_api_etl_virtualenv.py
[2022-02-19 14:52:12,713] {processor.py:642} INFO - Processing file /home/airflow/.local/lib/python3.7/site-packages/airflow/example_dags/tutorial_taskflow_api_etl_virtualenv.py for tasks to queue
[2022-02-19 14:52:12,715] {logging_mixin.py:109} INFO - [2022-02-19 14:52:12,714] {dagbag.py:500} INFO - Filling up the DagBag from /home/airflow/.local/lib/python3.7/site-packages/airflow/example_dags/tutorial_taskflow_api_etl_virtualenv.py
[2022-02-19 14:52:12,747] {processor.py:654} INFO - DAG(s) dict_keys(['tutorial_taskflow_api_etl_virtualenv']) retrieved from /home/airflow/.local/lib/python3.7/site-packages/airflow/example_dags/tutorial_taskflow_api_etl_virtualenv.py
[2022-02-19 14:52:12,988] {logging_mixin.py:109} INFO - [2022-02-19 14:52:12,988] {dag.py:2396} INFO - Sync 1 DAGs
[2022-02-19 14:52:12,998] {logging_mixin.py:109} INFO - [2022-02-19 14:52:12,998] {dag.py:2935} INFO - Setting next_dagrun for tutorial_taskflow_api_etl_virtualenv to None
[2022-02-19 14:52:13,006] {processor.py:171} INFO - Processing /home/airflow/.local/lib/python3.7/site-packages/airflow/example_dags/tutorial_taskflow_api_etl_virtualenv.py took 0.298 seconds
[2022-02-19 14:52:43,705] {processor.py:163} INFO - Started process (PID=1777) to work on /home/airflow/.local/lib/python3.7/site-packages/airflow/example_dags/tutorial_taskflow_api_etl_virtualenv.py
[2022-02-19 14:52:43,707] {processor.py:642} INFO - Processing file /home/airflow/.local/lib/python3.7/site-packages/airflow/example_dags/tutorial_taskflow_api_etl_virtualenv.py for tasks to queue
[2022-02-19 14:52:43,708] {logging_mixin.py:109} INFO - [2022-02-19 14:52:43,708] {dagbag.py:500} INFO - Filling up the DagBag from /home/airflow/.local/lib/python3.7/site-packages/airflow/example_dags/tutorial_taskflow_api_etl_virtualenv.py
[2022-02-19 14:52:43,734] {processor.py:654} INFO - DAG(s) dict_keys(['tutorial_taskflow_api_etl_virtualenv']) retrieved from /home/airflow/.local/lib/python3.7/site-packages/airflow/example_dags/tutorial_taskflow_api_etl_virtualenv.py
[2022-02-19 14:52:43,742] {logging_mixin.py:109} INFO - [2022-02-19 14:52:43,742] {dag.py:2396} INFO - Sync 1 DAGs
[2022-02-19 14:52:43,756] {logging_mixin.py:109} INFO - [2022-02-19 14:52:43,756] {dag.py:2935} INFO - Setting next_dagrun for tutorial_taskflow_api_etl_virtualenv to None
[2022-02-19 14:52:43,764] {processor.py:171} INFO - Processing /home/airflow/.local/lib/python3.7/site-packages/airflow/example_dags/tutorial_taskflow_api_etl_virtualenv.py took 0.061 seconds
[2022-02-19 14:53:14,599] {processor.py:163} INFO - Started process (PID=1828) to work on /home/airflow/.local/lib/python3.7/site-packages/airflow/example_dags/tutorial_taskflow_api_etl_virtualenv.py
[2022-02-19 14:53:14,601] {processor.py:642} INFO - Processing file /home/airflow/.local/lib/python3.7/site-packages/airflow/example_dags/tutorial_taskflow_api_etl_virtualenv.py for tasks to queue
[2022-02-19 14:53:14,602] {logging_mixin.py:109} INFO - [2022-02-19 14:53:14,602] {dagbag.py:500} INFO - Filling up the DagBag from /home/airflow/.local/lib/python3.7/site-packages/airflow/example_dags/tutorial_taskflow_api_etl_virtualenv.py
[2022-02-19 14:53:14,635] {processor.py:654} INFO - DAG(s) dict_keys(['tutorial_taskflow_api_etl_virtualenv']) retrieved from /home/airflow/.local/lib/python3.7/site-packages/airflow/example_dags/tutorial_taskflow_api_etl_virtualenv.py
[2022-02-19 14:53:14,899] {logging_mixin.py:109} INFO - [2022-02-19 14:53:14,899] {dag.py:2396} INFO - Sync 1 DAGs
[2022-02-19 14:53:14,911] {logging_mixin.py:109} INFO - [2022-02-19 14:53:14,911] {dag.py:2935} INFO - Setting next_dagrun for tutorial_taskflow_api_etl_virtualenv to None
[2022-02-19 14:53:14,920] {processor.py:171} INFO - Processing /home/airflow/.local/lib/python3.7/site-packages/airflow/example_dags/tutorial_taskflow_api_etl_virtualenv.py took 0.326 seconds
[2022-02-19 14:53:45,232] {processor.py:163} INFO - Started process (PID=1887) to work on /home/airflow/.local/lib/python3.7/site-packages/airflow/example_dags/tutorial_taskflow_api_etl_virtualenv.py
[2022-02-19 14:53:45,233] {processor.py:642} INFO - Processing file /home/airflow/.local/lib/python3.7/site-packages/airflow/example_dags/tutorial_taskflow_api_etl_virtualenv.py for tasks to queue
[2022-02-19 14:53:45,234] {logging_mixin.py:109} INFO - [2022-02-19 14:53:45,234] {dagbag.py:500} INFO - Filling up the DagBag from /home/airflow/.local/lib/python3.7/site-packages/airflow/example_dags/tutorial_taskflow_api_etl_virtualenv.py
[2022-02-19 14:53:45,262] {processor.py:654} INFO - DAG(s) dict_keys(['tutorial_taskflow_api_etl_virtualenv']) retrieved from /home/airflow/.local/lib/python3.7/site-packages/airflow/example_dags/tutorial_taskflow_api_etl_virtualenv.py
[2022-02-19 14:53:45,576] {logging_mixin.py:109} INFO - [2022-02-19 14:53:45,576] {dag.py:2396} INFO - Sync 1 DAGs
[2022-02-19 14:53:45,597] {logging_mixin.py:109} INFO - [2022-02-19 14:53:45,597] {dag.py:2935} INFO - Setting next_dagrun for tutorial_taskflow_api_etl_virtualenv to None
[2022-02-19 14:53:45,611] {processor.py:171} INFO - Processing /home/airflow/.local/lib/python3.7/site-packages/airflow/example_dags/tutorial_taskflow_api_etl_virtualenv.py took 0.382 seconds
[2022-02-19 14:54:15,747] {processor.py:163} INFO - Started process (PID=1939) to work on /home/airflow/.local/lib/python3.7/site-packages/airflow/example_dags/tutorial_taskflow_api_etl_virtualenv.py
[2022-02-19 14:54:15,749] {processor.py:642} INFO - Processing file /home/airflow/.local/lib/python3.7/site-packages/airflow/example_dags/tutorial_taskflow_api_etl_virtualenv.py for tasks to queue
[2022-02-19 14:54:15,750] {logging_mixin.py:109} INFO - [2022-02-19 14:54:15,750] {dagbag.py:500} INFO - Filling up the DagBag from /home/airflow/.local/lib/python3.7/site-packages/airflow/example_dags/tutorial_taskflow_api_etl_virtualenv.py
[2022-02-19 14:54:15,789] {processor.py:654} INFO - DAG(s) dict_keys(['tutorial_taskflow_api_etl_virtualenv']) retrieved from /home/airflow/.local/lib/python3.7/site-packages/airflow/example_dags/tutorial_taskflow_api_etl_virtualenv.py
[2022-02-19 14:54:16,074] {logging_mixin.py:109} INFO - [2022-02-19 14:54:16,074] {dag.py:2396} INFO - Sync 1 DAGs
[2022-02-19 14:54:16,090] {logging_mixin.py:109} INFO - [2022-02-19 14:54:16,090] {dag.py:2935} INFO - Setting next_dagrun for tutorial_taskflow_api_etl_virtualenv to None
[2022-02-19 14:54:16,100] {processor.py:171} INFO - Processing /home/airflow/.local/lib/python3.7/site-packages/airflow/example_dags/tutorial_taskflow_api_etl_virtualenv.py took 0.357 seconds
[2022-02-19 14:57:09,425] {processor.py:163} INFO - Started process (PID=1981) to work on /home/airflow/.local/lib/python3.7/site-packages/airflow/example_dags/tutorial_taskflow_api_etl_virtualenv.py
[2022-02-19 14:57:09,430] {processor.py:642} INFO - Processing file /home/airflow/.local/lib/python3.7/site-packages/airflow/example_dags/tutorial_taskflow_api_etl_virtualenv.py for tasks to queue
[2022-02-19 14:57:09,436] {logging_mixin.py:109} INFO - [2022-02-19 14:57:09,436] {dagbag.py:500} INFO - Filling up the DagBag from /home/airflow/.local/lib/python3.7/site-packages/airflow/example_dags/tutorial_taskflow_api_etl_virtualenv.py
[2022-02-19 14:57:09,542] {processor.py:654} INFO - DAG(s) dict_keys(['tutorial_taskflow_api_etl_virtualenv']) retrieved from /home/airflow/.local/lib/python3.7/site-packages/airflow/example_dags/tutorial_taskflow_api_etl_virtualenv.py
[2022-02-19 14:57:10,308] {logging_mixin.py:109} INFO - [2022-02-19 14:57:10,308] {dag.py:2396} INFO - Sync 1 DAGs
[2022-02-19 14:57:10,348] {logging_mixin.py:109} INFO - [2022-02-19 14:57:10,348] {dag.py:2935} INFO - Setting next_dagrun for tutorial_taskflow_api_etl_virtualenv to None
[2022-02-19 14:57:10,371] {processor.py:171} INFO - Processing /home/airflow/.local/lib/python3.7/site-packages/airflow/example_dags/tutorial_taskflow_api_etl_virtualenv.py took 0.955 seconds
[2022-02-19 14:58:12,390] {processor.py:163} INFO - Started process (PID=2033) to work on /home/airflow/.local/lib/python3.7/site-packages/airflow/example_dags/tutorial_taskflow_api_etl_virtualenv.py
[2022-02-19 14:58:12,393] {processor.py:642} INFO - Processing file /home/airflow/.local/lib/python3.7/site-packages/airflow/example_dags/tutorial_taskflow_api_etl_virtualenv.py for tasks to queue
[2022-02-19 14:58:12,395] {logging_mixin.py:109} INFO - [2022-02-19 14:58:12,395] {dagbag.py:500} INFO - Filling up the DagBag from /home/airflow/.local/lib/python3.7/site-packages/airflow/example_dags/tutorial_taskflow_api_etl_virtualenv.py
[2022-02-19 14:58:12,458] {processor.py:654} INFO - DAG(s) dict_keys(['tutorial_taskflow_api_etl_virtualenv']) retrieved from /home/airflow/.local/lib/python3.7/site-packages/airflow/example_dags/tutorial_taskflow_api_etl_virtualenv.py
[2022-02-19 14:58:12,794] {logging_mixin.py:109} INFO - [2022-02-19 14:58:12,794] {dag.py:2396} INFO - Sync 1 DAGs
[2022-02-19 14:58:12,812] {logging_mixin.py:109} INFO - [2022-02-19 14:58:12,811] {dag.py:2935} INFO - Setting next_dagrun for tutorial_taskflow_api_etl_virtualenv to None
[2022-02-19 14:58:12,825] {processor.py:171} INFO - Processing /home/airflow/.local/lib/python3.7/site-packages/airflow/example_dags/tutorial_taskflow_api_etl_virtualenv.py took 0.442 seconds
[2022-02-19 14:58:44,038] {processor.py:163} INFO - Started process (PID=2083) to work on /home/airflow/.local/lib/python3.7/site-packages/airflow/example_dags/tutorial_taskflow_api_etl_virtualenv.py
[2022-02-19 14:58:44,041] {processor.py:642} INFO - Processing file /home/airflow/.local/lib/python3.7/site-packages/airflow/example_dags/tutorial_taskflow_api_etl_virtualenv.py for tasks to queue
[2022-02-19 14:58:44,044] {logging_mixin.py:109} INFO - [2022-02-19 14:58:44,044] {dagbag.py:500} INFO - Filling up the DagBag from /home/airflow/.local/lib/python3.7/site-packages/airflow/example_dags/tutorial_taskflow_api_etl_virtualenv.py
[2022-02-19 14:58:46,161] {processor.py:654} INFO - DAG(s) dict_keys(['tutorial_taskflow_api_etl_virtualenv']) retrieved from /home/airflow/.local/lib/python3.7/site-packages/airflow/example_dags/tutorial_taskflow_api_etl_virtualenv.py
[2022-02-19 14:58:46,320] {logging_mixin.py:109} INFO - [2022-02-19 14:58:46,320] {dag.py:2396} INFO - Sync 1 DAGs
[2022-02-19 14:58:46,342] {logging_mixin.py:109} INFO - [2022-02-19 14:58:46,342] {dag.py:2935} INFO - Setting next_dagrun for tutorial_taskflow_api_etl_virtualenv to None
[2022-02-19 14:58:46,368] {processor.py:171} INFO - Processing /home/airflow/.local/lib/python3.7/site-packages/airflow/example_dags/tutorial_taskflow_api_etl_virtualenv.py took 2.335 seconds
[2022-02-19 15:08:14,867] {processor.py:163} INFO - Started process (PID=2146) to work on /home/airflow/.local/lib/python3.7/site-packages/airflow/example_dags/tutorial_taskflow_api_etl_virtualenv.py
[2022-02-19 15:08:14,879] {processor.py:642} INFO - Processing file /home/airflow/.local/lib/python3.7/site-packages/airflow/example_dags/tutorial_taskflow_api_etl_virtualenv.py for tasks to queue
[2022-02-19 15:08:14,886] {logging_mixin.py:109} INFO - [2022-02-19 15:08:14,885] {dagbag.py:500} INFO - Filling up the DagBag from /home/airflow/.local/lib/python3.7/site-packages/airflow/example_dags/tutorial_taskflow_api_etl_virtualenv.py
[2022-02-19 15:08:15,617] {processor.py:654} INFO - DAG(s) dict_keys(['tutorial_taskflow_api_etl_virtualenv']) retrieved from /home/airflow/.local/lib/python3.7/site-packages/airflow/example_dags/tutorial_taskflow_api_etl_virtualenv.py
[2022-02-19 15:08:18,933] {logging_mixin.py:109} INFO - [2022-02-19 15:08:18,932] {dag.py:2396} INFO - Sync 1 DAGs
[2022-02-19 15:08:19,019] {logging_mixin.py:109} INFO - [2022-02-19 15:08:19,018] {dag.py:2935} INFO - Setting next_dagrun for tutorial_taskflow_api_etl_virtualenv to None
[2022-02-19 15:08:19,107] {processor.py:171} INFO - Processing /home/airflow/.local/lib/python3.7/site-packages/airflow/example_dags/tutorial_taskflow_api_etl_virtualenv.py took 4.271 seconds
[2022-02-19 15:08:49,350] {processor.py:163} INFO - Started process (PID=2208) to work on /home/airflow/.local/lib/python3.7/site-packages/airflow/example_dags/tutorial_taskflow_api_etl_virtualenv.py
[2022-02-19 15:08:49,352] {processor.py:642} INFO - Processing file /home/airflow/.local/lib/python3.7/site-packages/airflow/example_dags/tutorial_taskflow_api_etl_virtualenv.py for tasks to queue
[2022-02-19 15:08:49,353] {logging_mixin.py:109} INFO - [2022-02-19 15:08:49,353] {dagbag.py:500} INFO - Filling up the DagBag from /home/airflow/.local/lib/python3.7/site-packages/airflow/example_dags/tutorial_taskflow_api_etl_virtualenv.py
[2022-02-19 15:08:49,477] {processor.py:654} INFO - DAG(s) dict_keys(['tutorial_taskflow_api_etl_virtualenv']) retrieved from /home/airflow/.local/lib/python3.7/site-packages/airflow/example_dags/tutorial_taskflow_api_etl_virtualenv.py
[2022-02-19 15:08:49,690] {logging_mixin.py:109} INFO - [2022-02-19 15:08:49,690] {dag.py:2396} INFO - Sync 1 DAGs
[2022-02-19 15:08:49,702] {logging_mixin.py:109} INFO - [2022-02-19 15:08:49,702] {dag.py:2935} INFO - Setting next_dagrun for tutorial_taskflow_api_etl_virtualenv to None
[2022-02-19 15:08:49,713] {processor.py:171} INFO - Processing /home/airflow/.local/lib/python3.7/site-packages/airflow/example_dags/tutorial_taskflow_api_etl_virtualenv.py took 0.366 seconds
[2022-02-19 15:09:20,616] {processor.py:163} INFO - Started process (PID=2260) to work on /home/airflow/.local/lib/python3.7/site-packages/airflow/example_dags/tutorial_taskflow_api_etl_virtualenv.py
[2022-02-19 15:09:20,618] {processor.py:642} INFO - Processing file /home/airflow/.local/lib/python3.7/site-packages/airflow/example_dags/tutorial_taskflow_api_etl_virtualenv.py for tasks to queue
[2022-02-19 15:09:20,619] {logging_mixin.py:109} INFO - [2022-02-19 15:09:20,619] {dagbag.py:500} INFO - Filling up the DagBag from /home/airflow/.local/lib/python3.7/site-packages/airflow/example_dags/tutorial_taskflow_api_etl_virtualenv.py
[2022-02-19 15:09:20,662] {processor.py:654} INFO - DAG(s) dict_keys(['tutorial_taskflow_api_etl_virtualenv']) retrieved from /home/airflow/.local/lib/python3.7/site-packages/airflow/example_dags/tutorial_taskflow_api_etl_virtualenv.py
[2022-02-19 15:09:20,860] {logging_mixin.py:109} INFO - [2022-02-19 15:09:20,860] {dag.py:2396} INFO - Sync 1 DAGs
[2022-02-19 15:09:20,873] {logging_mixin.py:109} INFO - [2022-02-19 15:09:20,873] {dag.py:2935} INFO - Setting next_dagrun for tutorial_taskflow_api_etl_virtualenv to None
[2022-02-19 15:09:20,884] {processor.py:171} INFO - Processing /home/airflow/.local/lib/python3.7/site-packages/airflow/example_dags/tutorial_taskflow_api_etl_virtualenv.py took 0.273 seconds
[2022-02-19 15:09:51,142] {processor.py:163} INFO - Started process (PID=2321) to work on /home/airflow/.local/lib/python3.7/site-packages/airflow/example_dags/tutorial_taskflow_api_etl_virtualenv.py
[2022-02-19 15:09:51,143] {processor.py:642} INFO - Processing file /home/airflow/.local/lib/python3.7/site-packages/airflow/example_dags/tutorial_taskflow_api_etl_virtualenv.py for tasks to queue
[2022-02-19 15:09:51,144] {logging_mixin.py:109} INFO - [2022-02-19 15:09:51,144] {dagbag.py:500} INFO - Filling up the DagBag from /home/airflow/.local/lib/python3.7/site-packages/airflow/example_dags/tutorial_taskflow_api_etl_virtualenv.py
[2022-02-19 15:09:51,178] {processor.py:654} INFO - DAG(s) dict_keys(['tutorial_taskflow_api_etl_virtualenv']) retrieved from /home/airflow/.local/lib/python3.7/site-packages/airflow/example_dags/tutorial_taskflow_api_etl_virtualenv.py
[2022-02-19 15:09:51,459] {logging_mixin.py:109} INFO - [2022-02-19 15:09:51,459] {dag.py:2396} INFO - Sync 1 DAGs
[2022-02-19 15:09:51,478] {logging_mixin.py:109} INFO - [2022-02-19 15:09:51,478] {dag.py:2935} INFO - Setting next_dagrun for tutorial_taskflow_api_etl_virtualenv to None
[2022-02-19 15:09:51,490] {processor.py:171} INFO - Processing /home/airflow/.local/lib/python3.7/site-packages/airflow/example_dags/tutorial_taskflow_api_etl_virtualenv.py took 0.351 seconds
[2022-02-19 15:10:21,795] {processor.py:163} INFO - Started process (PID=2372) to work on /home/airflow/.local/lib/python3.7/site-packages/airflow/example_dags/tutorial_taskflow_api_etl_virtualenv.py
[2022-02-19 15:10:21,798] {processor.py:642} INFO - Processing file /home/airflow/.local/lib/python3.7/site-packages/airflow/example_dags/tutorial_taskflow_api_etl_virtualenv.py for tasks to queue
[2022-02-19 15:10:21,799] {logging_mixin.py:109} INFO - [2022-02-19 15:10:21,799] {dagbag.py:500} INFO - Filling up the DagBag from /home/airflow/.local/lib/python3.7/site-packages/airflow/example_dags/tutorial_taskflow_api_etl_virtualenv.py
[2022-02-19 15:10:21,840] {processor.py:654} INFO - DAG(s) dict_keys(['tutorial_taskflow_api_etl_virtualenv']) retrieved from /home/airflow/.local/lib/python3.7/site-packages/airflow/example_dags/tutorial_taskflow_api_etl_virtualenv.py
[2022-02-19 15:10:22,086] {logging_mixin.py:109} INFO - [2022-02-19 15:10:22,086] {dag.py:2396} INFO - Sync 1 DAGs
[2022-02-19 15:10:22,101] {logging_mixin.py:109} INFO - [2022-02-19 15:10:22,101] {dag.py:2935} INFO - Setting next_dagrun for tutorial_taskflow_api_etl_virtualenv to None
[2022-02-19 15:10:22,112] {processor.py:171} INFO - Processing /home/airflow/.local/lib/python3.7/site-packages/airflow/example_dags/tutorial_taskflow_api_etl_virtualenv.py took 0.320 seconds
[2022-02-19 15:10:52,173] {processor.py:163} INFO - Started process (PID=2435) to work on /home/airflow/.local/lib/python3.7/site-packages/airflow/example_dags/tutorial_taskflow_api_etl_virtualenv.py
[2022-02-19 15:10:52,175] {processor.py:642} INFO - Processing file /home/airflow/.local/lib/python3.7/site-packages/airflow/example_dags/tutorial_taskflow_api_etl_virtualenv.py for tasks to queue
[2022-02-19 15:10:52,176] {logging_mixin.py:109} INFO - [2022-02-19 15:10:52,176] {dagbag.py:500} INFO - Filling up the DagBag from /home/airflow/.local/lib/python3.7/site-packages/airflow/example_dags/tutorial_taskflow_api_etl_virtualenv.py
[2022-02-19 15:10:52,212] {processor.py:654} INFO - DAG(s) dict_keys(['tutorial_taskflow_api_etl_virtualenv']) retrieved from /home/airflow/.local/lib/python3.7/site-packages/airflow/example_dags/tutorial_taskflow_api_etl_virtualenv.py
[2022-02-19 15:10:52,371] {logging_mixin.py:109} INFO - [2022-02-19 15:10:52,371] {dag.py:2396} INFO - Sync 1 DAGs
[2022-02-19 15:10:52,384] {logging_mixin.py:109} INFO - [2022-02-19 15:10:52,384] {dag.py:2935} INFO - Setting next_dagrun for tutorial_taskflow_api_etl_virtualenv to None
[2022-02-19 15:10:52,395] {processor.py:171} INFO - Processing /home/airflow/.local/lib/python3.7/site-packages/airflow/example_dags/tutorial_taskflow_api_etl_virtualenv.py took 0.225 seconds
[2022-02-19 15:11:22,631] {processor.py:163} INFO - Started process (PID=2484) to work on /home/airflow/.local/lib/python3.7/site-packages/airflow/example_dags/tutorial_taskflow_api_etl_virtualenv.py
[2022-02-19 15:11:22,634] {processor.py:642} INFO - Processing file /home/airflow/.local/lib/python3.7/site-packages/airflow/example_dags/tutorial_taskflow_api_etl_virtualenv.py for tasks to queue
[2022-02-19 15:11:22,635] {logging_mixin.py:109} INFO - [2022-02-19 15:11:22,635] {dagbag.py:500} INFO - Filling up the DagBag from /home/airflow/.local/lib/python3.7/site-packages/airflow/example_dags/tutorial_taskflow_api_etl_virtualenv.py
[2022-02-19 15:11:22,672] {processor.py:654} INFO - DAG(s) dict_keys(['tutorial_taskflow_api_etl_virtualenv']) retrieved from /home/airflow/.local/lib/python3.7/site-packages/airflow/example_dags/tutorial_taskflow_api_etl_virtualenv.py
[2022-02-19 15:11:22,863] {logging_mixin.py:109} INFO - [2022-02-19 15:11:22,863] {dag.py:2396} INFO - Sync 1 DAGs
[2022-02-19 15:11:22,875] {logging_mixin.py:109} INFO - [2022-02-19 15:11:22,875] {dag.py:2935} INFO - Setting next_dagrun for tutorial_taskflow_api_etl_virtualenv to None
[2022-02-19 15:11:22,885] {processor.py:171} INFO - Processing /home/airflow/.local/lib/python3.7/site-packages/airflow/example_dags/tutorial_taskflow_api_etl_virtualenv.py took 0.258 seconds
[2022-02-19 15:11:53,375] {processor.py:163} INFO - Started process (PID=2535) to work on /home/airflow/.local/lib/python3.7/site-packages/airflow/example_dags/tutorial_taskflow_api_etl_virtualenv.py
[2022-02-19 15:11:53,378] {processor.py:642} INFO - Processing file /home/airflow/.local/lib/python3.7/site-packages/airflow/example_dags/tutorial_taskflow_api_etl_virtualenv.py for tasks to queue
[2022-02-19 15:11:53,379] {logging_mixin.py:109} INFO - [2022-02-19 15:11:53,379] {dagbag.py:500} INFO - Filling up the DagBag from /home/airflow/.local/lib/python3.7/site-packages/airflow/example_dags/tutorial_taskflow_api_etl_virtualenv.py
[2022-02-19 15:11:53,417] {processor.py:654} INFO - DAG(s) dict_keys(['tutorial_taskflow_api_etl_virtualenv']) retrieved from /home/airflow/.local/lib/python3.7/site-packages/airflow/example_dags/tutorial_taskflow_api_etl_virtualenv.py
[2022-02-19 15:11:53,642] {logging_mixin.py:109} INFO - [2022-02-19 15:11:53,642] {dag.py:2396} INFO - Sync 1 DAGs
[2022-02-19 15:11:53,658] {logging_mixin.py:109} INFO - [2022-02-19 15:11:53,658] {dag.py:2935} INFO - Setting next_dagrun for tutorial_taskflow_api_etl_virtualenv to None
[2022-02-19 15:11:53,673] {processor.py:171} INFO - Processing /home/airflow/.local/lib/python3.7/site-packages/airflow/example_dags/tutorial_taskflow_api_etl_virtualenv.py took 0.301 seconds
[2022-02-19 15:12:24,038] {processor.py:163} INFO - Started process (PID=2596) to work on /home/airflow/.local/lib/python3.7/site-packages/airflow/example_dags/tutorial_taskflow_api_etl_virtualenv.py
[2022-02-19 15:12:24,040] {processor.py:642} INFO - Processing file /home/airflow/.local/lib/python3.7/site-packages/airflow/example_dags/tutorial_taskflow_api_etl_virtualenv.py for tasks to queue
[2022-02-19 15:12:24,043] {logging_mixin.py:109} INFO - [2022-02-19 15:12:24,042] {dagbag.py:500} INFO - Filling up the DagBag from /home/airflow/.local/lib/python3.7/site-packages/airflow/example_dags/tutorial_taskflow_api_etl_virtualenv.py
[2022-02-19 15:12:24,093] {processor.py:654} INFO - DAG(s) dict_keys(['tutorial_taskflow_api_etl_virtualenv']) retrieved from /home/airflow/.local/lib/python3.7/site-packages/airflow/example_dags/tutorial_taskflow_api_etl_virtualenv.py
[2022-02-19 15:12:24,335] {logging_mixin.py:109} INFO - [2022-02-19 15:12:24,335] {dag.py:2396} INFO - Sync 1 DAGs
[2022-02-19 15:12:24,352] {logging_mixin.py:109} INFO - [2022-02-19 15:12:24,352] {dag.py:2935} INFO - Setting next_dagrun for tutorial_taskflow_api_etl_virtualenv to None
[2022-02-19 15:12:24,365] {processor.py:171} INFO - Processing /home/airflow/.local/lib/python3.7/site-packages/airflow/example_dags/tutorial_taskflow_api_etl_virtualenv.py took 0.332 seconds
[2022-02-19 15:12:54,644] {processor.py:163} INFO - Started process (PID=2648) to work on /home/airflow/.local/lib/python3.7/site-packages/airflow/example_dags/tutorial_taskflow_api_etl_virtualenv.py
[2022-02-19 15:12:54,647] {processor.py:642} INFO - Processing file /home/airflow/.local/lib/python3.7/site-packages/airflow/example_dags/tutorial_taskflow_api_etl_virtualenv.py for tasks to queue
[2022-02-19 15:12:54,648] {logging_mixin.py:109} INFO - [2022-02-19 15:12:54,648] {dagbag.py:500} INFO - Filling up the DagBag from /home/airflow/.local/lib/python3.7/site-packages/airflow/example_dags/tutorial_taskflow_api_etl_virtualenv.py
[2022-02-19 15:12:54,688] {processor.py:654} INFO - DAG(s) dict_keys(['tutorial_taskflow_api_etl_virtualenv']) retrieved from /home/airflow/.local/lib/python3.7/site-packages/airflow/example_dags/tutorial_taskflow_api_etl_virtualenv.py
[2022-02-19 15:12:54,908] {logging_mixin.py:109} INFO - [2022-02-19 15:12:54,908] {dag.py:2396} INFO - Sync 1 DAGs
[2022-02-19 15:12:54,924] {logging_mixin.py:109} INFO - [2022-02-19 15:12:54,924] {dag.py:2935} INFO - Setting next_dagrun for tutorial_taskflow_api_etl_virtualenv to None
[2022-02-19 15:12:54,937] {processor.py:171} INFO - Processing /home/airflow/.local/lib/python3.7/site-packages/airflow/example_dags/tutorial_taskflow_api_etl_virtualenv.py took 0.297 seconds
[2022-02-19 15:13:25,059] {processor.py:163} INFO - Started process (PID=2711) to work on /home/airflow/.local/lib/python3.7/site-packages/airflow/example_dags/tutorial_taskflow_api_etl_virtualenv.py
[2022-02-19 15:13:25,062] {processor.py:642} INFO - Processing file /home/airflow/.local/lib/python3.7/site-packages/airflow/example_dags/tutorial_taskflow_api_etl_virtualenv.py for tasks to queue
[2022-02-19 15:13:25,063] {logging_mixin.py:109} INFO - [2022-02-19 15:13:25,063] {dagbag.py:500} INFO - Filling up the DagBag from /home/airflow/.local/lib/python3.7/site-packages/airflow/example_dags/tutorial_taskflow_api_etl_virtualenv.py
[2022-02-19 15:13:25,102] {processor.py:654} INFO - DAG(s) dict_keys(['tutorial_taskflow_api_etl_virtualenv']) retrieved from /home/airflow/.local/lib/python3.7/site-packages/airflow/example_dags/tutorial_taskflow_api_etl_virtualenv.py
[2022-02-19 15:13:25,279] {logging_mixin.py:109} INFO - [2022-02-19 15:13:25,278] {dag.py:2396} INFO - Sync 1 DAGs
[2022-02-19 15:13:25,297] {logging_mixin.py:109} INFO - [2022-02-19 15:13:25,296] {dag.py:2935} INFO - Setting next_dagrun for tutorial_taskflow_api_etl_virtualenv to None
[2022-02-19 15:13:25,311] {processor.py:171} INFO - Processing /home/airflow/.local/lib/python3.7/site-packages/airflow/example_dags/tutorial_taskflow_api_etl_virtualenv.py took 0.257 seconds
[2022-02-19 15:13:56,289] {processor.py:163} INFO - Started process (PID=2763) to work on /home/airflow/.local/lib/python3.7/site-packages/airflow/example_dags/tutorial_taskflow_api_etl_virtualenv.py
[2022-02-19 15:13:56,292] {processor.py:642} INFO - Processing file /home/airflow/.local/lib/python3.7/site-packages/airflow/example_dags/tutorial_taskflow_api_etl_virtualenv.py for tasks to queue
[2022-02-19 15:13:56,293] {logging_mixin.py:109} INFO - [2022-02-19 15:13:56,293] {dagbag.py:500} INFO - Filling up the DagBag from /home/airflow/.local/lib/python3.7/site-packages/airflow/example_dags/tutorial_taskflow_api_etl_virtualenv.py
[2022-02-19 15:13:56,328] {processor.py:654} INFO - DAG(s) dict_keys(['tutorial_taskflow_api_etl_virtualenv']) retrieved from /home/airflow/.local/lib/python3.7/site-packages/airflow/example_dags/tutorial_taskflow_api_etl_virtualenv.py
[2022-02-19 15:13:56,516] {logging_mixin.py:109} INFO - [2022-02-19 15:13:56,516] {dag.py:2396} INFO - Sync 1 DAGs
[2022-02-19 15:13:56,529] {logging_mixin.py:109} INFO - [2022-02-19 15:13:56,529] {dag.py:2935} INFO - Setting next_dagrun for tutorial_taskflow_api_etl_virtualenv to None
[2022-02-19 15:13:56,539] {processor.py:171} INFO - Processing /home/airflow/.local/lib/python3.7/site-packages/airflow/example_dags/tutorial_taskflow_api_etl_virtualenv.py took 0.253 seconds
[2022-02-19 15:14:26,672] {processor.py:163} INFO - Started process (PID=2825) to work on /home/airflow/.local/lib/python3.7/site-packages/airflow/example_dags/tutorial_taskflow_api_etl_virtualenv.py
[2022-02-19 15:14:26,675] {processor.py:642} INFO - Processing file /home/airflow/.local/lib/python3.7/site-packages/airflow/example_dags/tutorial_taskflow_api_etl_virtualenv.py for tasks to queue
[2022-02-19 15:14:26,677] {logging_mixin.py:109} INFO - [2022-02-19 15:14:26,677] {dagbag.py:500} INFO - Filling up the DagBag from /home/airflow/.local/lib/python3.7/site-packages/airflow/example_dags/tutorial_taskflow_api_etl_virtualenv.py
[2022-02-19 15:14:26,717] {processor.py:654} INFO - DAG(s) dict_keys(['tutorial_taskflow_api_etl_virtualenv']) retrieved from /home/airflow/.local/lib/python3.7/site-packages/airflow/example_dags/tutorial_taskflow_api_etl_virtualenv.py
[2022-02-19 15:14:26,969] {logging_mixin.py:109} INFO - [2022-02-19 15:14:26,968] {dag.py:2396} INFO - Sync 1 DAGs
[2022-02-19 15:14:26,989] {logging_mixin.py:109} INFO - [2022-02-19 15:14:26,989] {dag.py:2935} INFO - Setting next_dagrun for tutorial_taskflow_api_etl_virtualenv to None
[2022-02-19 15:14:27,004] {processor.py:171} INFO - Processing /home/airflow/.local/lib/python3.7/site-packages/airflow/example_dags/tutorial_taskflow_api_etl_virtualenv.py took 0.336 seconds
[2022-02-19 15:14:57,033] {processor.py:163} INFO - Started process (PID=2879) to work on /home/airflow/.local/lib/python3.7/site-packages/airflow/example_dags/tutorial_taskflow_api_etl_virtualenv.py
[2022-02-19 15:14:57,035] {processor.py:642} INFO - Processing file /home/airflow/.local/lib/python3.7/site-packages/airflow/example_dags/tutorial_taskflow_api_etl_virtualenv.py for tasks to queue
[2022-02-19 15:14:57,036] {logging_mixin.py:109} INFO - [2022-02-19 15:14:57,035] {dagbag.py:500} INFO - Filling up the DagBag from /home/airflow/.local/lib/python3.7/site-packages/airflow/example_dags/tutorial_taskflow_api_etl_virtualenv.py
[2022-02-19 15:14:57,064] {processor.py:654} INFO - DAG(s) dict_keys(['tutorial_taskflow_api_etl_virtualenv']) retrieved from /home/airflow/.local/lib/python3.7/site-packages/airflow/example_dags/tutorial_taskflow_api_etl_virtualenv.py
[2022-02-19 15:14:57,073] {logging_mixin.py:109} INFO - [2022-02-19 15:14:57,073] {dag.py:2396} INFO - Sync 1 DAGs
[2022-02-19 15:14:57,086] {logging_mixin.py:109} INFO - [2022-02-19 15:14:57,086] {dag.py:2935} INFO - Setting next_dagrun for tutorial_taskflow_api_etl_virtualenv to None
[2022-02-19 15:14:57,095] {processor.py:171} INFO - Processing /home/airflow/.local/lib/python3.7/site-packages/airflow/example_dags/tutorial_taskflow_api_etl_virtualenv.py took 0.066 seconds
[2022-02-19 15:15:27,802] {processor.py:163} INFO - Started process (PID=2929) to work on /home/airflow/.local/lib/python3.7/site-packages/airflow/example_dags/tutorial_taskflow_api_etl_virtualenv.py
[2022-02-19 15:15:27,804] {processor.py:642} INFO - Processing file /home/airflow/.local/lib/python3.7/site-packages/airflow/example_dags/tutorial_taskflow_api_etl_virtualenv.py for tasks to queue
[2022-02-19 15:15:27,806] {logging_mixin.py:109} INFO - [2022-02-19 15:15:27,805] {dagbag.py:500} INFO - Filling up the DagBag from /home/airflow/.local/lib/python3.7/site-packages/airflow/example_dags/tutorial_taskflow_api_etl_virtualenv.py
[2022-02-19 15:15:27,835] {processor.py:654} INFO - DAG(s) dict_keys(['tutorial_taskflow_api_etl_virtualenv']) retrieved from /home/airflow/.local/lib/python3.7/site-packages/airflow/example_dags/tutorial_taskflow_api_etl_virtualenv.py
[2022-02-19 15:15:28,022] {logging_mixin.py:109} INFO - [2022-02-19 15:15:28,022] {dag.py:2396} INFO - Sync 1 DAGs
[2022-02-19 15:15:28,034] {logging_mixin.py:109} INFO - [2022-02-19 15:15:28,034] {dag.py:2935} INFO - Setting next_dagrun for tutorial_taskflow_api_etl_virtualenv to None
[2022-02-19 15:15:28,044] {processor.py:171} INFO - Processing /home/airflow/.local/lib/python3.7/site-packages/airflow/example_dags/tutorial_taskflow_api_etl_virtualenv.py took 0.245 seconds
[2022-02-19 15:15:58,343] {processor.py:163} INFO - Started process (PID=2989) to work on /home/airflow/.local/lib/python3.7/site-packages/airflow/example_dags/tutorial_taskflow_api_etl_virtualenv.py
[2022-02-19 15:15:58,346] {processor.py:642} INFO - Processing file /home/airflow/.local/lib/python3.7/site-packages/airflow/example_dags/tutorial_taskflow_api_etl_virtualenv.py for tasks to queue
[2022-02-19 15:15:58,347] {logging_mixin.py:109} INFO - [2022-02-19 15:15:58,347] {dagbag.py:500} INFO - Filling up the DagBag from /home/airflow/.local/lib/python3.7/site-packages/airflow/example_dags/tutorial_taskflow_api_etl_virtualenv.py
[2022-02-19 15:15:58,386] {processor.py:654} INFO - DAG(s) dict_keys(['tutorial_taskflow_api_etl_virtualenv']) retrieved from /home/airflow/.local/lib/python3.7/site-packages/airflow/example_dags/tutorial_taskflow_api_etl_virtualenv.py
[2022-02-19 15:15:58,624] {logging_mixin.py:109} INFO - [2022-02-19 15:15:58,624] {dag.py:2396} INFO - Sync 1 DAGs
[2022-02-19 15:15:58,642] {logging_mixin.py:109} INFO - [2022-02-19 15:15:58,642] {dag.py:2935} INFO - Setting next_dagrun for tutorial_taskflow_api_etl_virtualenv to None
[2022-02-19 15:15:58,656] {processor.py:171} INFO - Processing /home/airflow/.local/lib/python3.7/site-packages/airflow/example_dags/tutorial_taskflow_api_etl_virtualenv.py took 0.317 seconds
[2022-02-19 15:16:28,989] {processor.py:163} INFO - Started process (PID=3040) to work on /home/airflow/.local/lib/python3.7/site-packages/airflow/example_dags/tutorial_taskflow_api_etl_virtualenv.py
[2022-02-19 15:16:28,991] {processor.py:642} INFO - Processing file /home/airflow/.local/lib/python3.7/site-packages/airflow/example_dags/tutorial_taskflow_api_etl_virtualenv.py for tasks to queue
[2022-02-19 15:16:28,993] {logging_mixin.py:109} INFO - [2022-02-19 15:16:28,992] {dagbag.py:500} INFO - Filling up the DagBag from /home/airflow/.local/lib/python3.7/site-packages/airflow/example_dags/tutorial_taskflow_api_etl_virtualenv.py
[2022-02-19 15:16:29,027] {processor.py:654} INFO - DAG(s) dict_keys(['tutorial_taskflow_api_etl_virtualenv']) retrieved from /home/airflow/.local/lib/python3.7/site-packages/airflow/example_dags/tutorial_taskflow_api_etl_virtualenv.py
[2022-02-19 15:16:29,194] {logging_mixin.py:109} INFO - [2022-02-19 15:16:29,193] {dag.py:2396} INFO - Sync 1 DAGs
[2022-02-19 15:16:29,206] {logging_mixin.py:109} INFO - [2022-02-19 15:16:29,206] {dag.py:2935} INFO - Setting next_dagrun for tutorial_taskflow_api_etl_virtualenv to None
[2022-02-19 15:16:29,215] {processor.py:171} INFO - Processing /home/airflow/.local/lib/python3.7/site-packages/airflow/example_dags/tutorial_taskflow_api_etl_virtualenv.py took 0.230 seconds
