[2022-04-28 15:42:19,734] {taskinstance.py:1032} INFO - Dependencies all met for <TaskInstance: cdn_daily.import_cat.check_presence_of_cat1 manual__2022-04-28T15:42:18.506626+00:00 [queued]>
[2022-04-28 15:42:19,755] {taskinstance.py:1032} INFO - Dependencies all met for <TaskInstance: cdn_daily.import_cat.check_presence_of_cat1 manual__2022-04-28T15:42:18.506626+00:00 [queued]>
[2022-04-28 15:42:19,756] {taskinstance.py:1238} INFO - 
--------------------------------------------------------------------------------
[2022-04-28 15:42:19,758] {taskinstance.py:1239} INFO - Starting attempt 1 of 2
[2022-04-28 15:42:19,760] {taskinstance.py:1240} INFO - 
--------------------------------------------------------------------------------
[2022-04-28 15:42:19,783] {taskinstance.py:1259} INFO - Executing <Task(PythonOperator): import_cat.check_presence_of_cat1> on 2022-04-28 15:42:18.506626+00:00
[2022-04-28 15:42:19,791] {standard_task_runner.py:52} INFO - Started process 2020 to run task
[2022-04-28 15:42:19,797] {standard_task_runner.py:76} INFO - Running: ['***', 'tasks', 'run', 'cdn_daily', 'import_cat.check_presence_of_cat1', 'manual__2022-04-28T15:42:18.506626+00:00', '--job-id', '1476', '--raw', '--subdir', 'DAGS_FOLDER/cdn_daily.py', '--cfg-path', '/tmp/tmpm0javmek', '--error-file', '/tmp/tmpxdcbtcks']
[2022-04-28 15:42:19,799] {standard_task_runner.py:77} INFO - Job 1476: Subtask import_cat.check_presence_of_cat1
[2022-04-28 15:42:19,915] {logging_mixin.py:109} INFO - Running <TaskInstance: cdn_daily.import_cat.check_presence_of_cat1 manual__2022-04-28T15:42:18.506626+00:00 [running]> on host d5ad096ffea5
[2022-04-28 15:42:20,013] {taskinstance.py:1426} INFO - Exporting the following env vars:
AIRFLOW_CTX_DAG_EMAIL=***@example.com
AIRFLOW_CTX_DAG_OWNER=***
AIRFLOW_CTX_DAG_ID=cdn_daily
AIRFLOW_CTX_TASK_ID=import_cat.check_presence_of_cat1
AIRFLOW_CTX_EXECUTION_DATE=2022-04-28T15:42:18.506626+00:00
AIRFLOW_CTX_DAG_RUN_ID=manual__2022-04-28T15:42:18.506626+00:00
[2022-04-28 15:42:20,045] {python.py:175} INFO - Done. Returned value was: None
[2022-04-28 15:42:20,115] {taskinstance.py:1277} INFO - Marking task as SUCCESS. dag_id=cdn_daily, task_id=import_cat.check_presence_of_cat1, execution_date=20220428T154218, start_date=20220428T154219, end_date=20220428T154220
[2022-04-28 15:42:20,176] {local_task_job.py:154} INFO - Task exited with return code 0
[2022-04-28 15:42:20,236] {local_task_job.py:264} INFO - 1 downstream tasks scheduled from follow-on schedule check
