[2022-03-14 11:58:11,249] {taskinstance.py:1032} INFO - Dependencies all met for <TaskInstance: tutorial.gdgfg.gdgfg_proccess_data scheduled__2022-03-13T11:51:30.016366+00:00 [queued]>
[2022-03-14 11:58:11,269] {taskinstance.py:1032} INFO - Dependencies all met for <TaskInstance: tutorial.gdgfg.gdgfg_proccess_data scheduled__2022-03-13T11:51:30.016366+00:00 [queued]>
[2022-03-14 11:58:11,271] {taskinstance.py:1238} INFO - 
--------------------------------------------------------------------------------
[2022-03-14 11:58:11,272] {taskinstance.py:1239} INFO - Starting attempt 1 of 2
[2022-03-14 11:58:11,273] {taskinstance.py:1240} INFO - 
--------------------------------------------------------------------------------
[2022-03-14 11:58:11,298] {taskinstance.py:1259} INFO - Executing <Task(PythonOperator): gdgfg.gdgfg_proccess_data> on 2022-03-13 11:51:30.016366+00:00
[2022-03-14 11:58:11,307] {standard_task_runner.py:52} INFO - Started process 454 to run task
[2022-03-14 11:58:11,315] {standard_task_runner.py:76} INFO - Running: ['***', 'tasks', 'run', 'tutorial', 'gdgfg.gdgfg_proccess_data', 'scheduled__2022-03-13T11:51:30.016366+00:00', '--job-id', '749', '--raw', '--subdir', 'DAGS_FOLDER/test_dag.py', '--cfg-path', '/tmp/tmpa5sbt1f2', '--error-file', '/tmp/tmpqs39tb7v']
[2022-03-14 11:58:11,317] {standard_task_runner.py:77} INFO - Job 749: Subtask gdgfg.gdgfg_proccess_data
[2022-03-14 11:58:11,461] {logging_mixin.py:109} INFO - Running <TaskInstance: tutorial.gdgfg.gdgfg_proccess_data scheduled__2022-03-13T11:51:30.016366+00:00 [running]> on host ff48034dfdbf
[2022-03-14 11:58:11,606] {taskinstance.py:1426} INFO - Exporting the following env vars:
AIRFLOW_CTX_DAG_EMAIL=***@example.com
AIRFLOW_CTX_DAG_OWNER=***
AIRFLOW_CTX_DAG_ID=tutorial
AIRFLOW_CTX_TASK_ID=gdgfg.gdgfg_proccess_data
AIRFLOW_CTX_EXECUTION_DATE=2022-03-13T11:51:30.016366+00:00
AIRFLOW_CTX_DAG_RUN_ID=scheduled__2022-03-13T11:51:30.016366+00:00
[2022-03-14 11:59:11,629] {python.py:175} INFO - Done. Returned value was: None
[2022-03-14 11:59:11,704] {taskinstance.py:1277} INFO - Marking task as SUCCESS. dag_id=tutorial, task_id=gdgfg.gdgfg_proccess_data, execution_date=20220313T115130, start_date=20220314T115811, end_date=20220314T115911
[2022-03-14 11:59:11,793] {local_task_job.py:154} INFO - Task exited with return code 0
[2022-03-14 11:59:11,894] {local_task_job.py:264} INFO - 1 downstream tasks scheduled from follow-on schedule check
