[2022-03-14 11:52:01,162] {taskinstance.py:1032} INFO - Dependencies all met for <TaskInstance: tutorial.cat.cat_get_data scheduled__2022-03-07T10:29:52.784989+00:00 [queued]>
[2022-03-14 11:52:01,243] {taskinstance.py:1032} INFO - Dependencies all met for <TaskInstance: tutorial.cat.cat_get_data scheduled__2022-03-07T10:29:52.784989+00:00 [queued]>
[2022-03-14 11:52:01,246] {taskinstance.py:1238} INFO - 
--------------------------------------------------------------------------------
[2022-03-14 11:52:01,248] {taskinstance.py:1239} INFO - Starting attempt 1 of 2
[2022-03-14 11:52:01,254] {taskinstance.py:1240} INFO - 
--------------------------------------------------------------------------------
[2022-03-14 11:52:01,291] {taskinstance.py:1259} INFO - Executing <Task(PythonOperator): cat.cat_get_data> on 2022-03-07 10:29:52.784989+00:00
[2022-03-14 11:52:01,314] {standard_task_runner.py:52} INFO - Started process 92 to run task
[2022-03-14 11:52:01,325] {standard_task_runner.py:76} INFO - Running: ['***', 'tasks', 'run', 'tutorial', 'cat.cat_get_data', 'scheduled__2022-03-07T10:29:52.784989+00:00', '--job-id', '689', '--raw', '--subdir', 'DAGS_FOLDER/test_dag.py', '--cfg-path', '/tmp/tmpmf8bmk9c', '--error-file', '/tmp/tmp5cf8dyig']
[2022-03-14 11:52:01,335] {standard_task_runner.py:77} INFO - Job 689: Subtask cat.cat_get_data
[2022-03-14 11:52:01,525] {logging_mixin.py:109} INFO - Running <TaskInstance: tutorial.cat.cat_get_data scheduled__2022-03-07T10:29:52.784989+00:00 [running]> on host ff48034dfdbf
[2022-03-14 11:52:01,670] {taskinstance.py:1426} INFO - Exporting the following env vars:
AIRFLOW_CTX_DAG_EMAIL=***@example.com
AIRFLOW_CTX_DAG_OWNER=***
AIRFLOW_CTX_DAG_ID=tutorial
AIRFLOW_CTX_TASK_ID=cat.cat_get_data
AIRFLOW_CTX_EXECUTION_DATE=2022-03-07T10:29:52.784989+00:00
AIRFLOW_CTX_DAG_RUN_ID=scheduled__2022-03-07T10:29:52.784989+00:00
[2022-03-14 11:53:01,673] {python.py:175} INFO - Done. Returned value was: None
[2022-03-14 11:53:01,768] {taskinstance.py:1277} INFO - Marking task as SUCCESS. dag_id=tutorial, task_id=cat.cat_get_data, execution_date=20220307T102952, start_date=20220314T115201, end_date=20220314T115301
[2022-03-14 11:53:01,811] {local_task_job.py:154} INFO - Task exited with return code 0
[2022-03-14 11:53:01,903] {local_task_job.py:264} INFO - 1 downstream tasks scheduled from follow-on schedule check
