[2022-02-23 21:44:03,899] {taskinstance.py:1032} INFO - Dependencies all met for <TaskInstance: tutorial.cat.cat_print_proccesed_data scheduled__2022-02-22T21:37:49.340300+00:00 [queued]>
[2022-02-23 21:44:03,923] {taskinstance.py:1032} INFO - Dependencies all met for <TaskInstance: tutorial.cat.cat_print_proccesed_data scheduled__2022-02-22T21:37:49.340300+00:00 [queued]>
[2022-02-23 21:44:03,925] {taskinstance.py:1238} INFO - 
--------------------------------------------------------------------------------
[2022-02-23 21:44:03,926] {taskinstance.py:1239} INFO - Starting attempt 1 of 2
[2022-02-23 21:44:03,927] {taskinstance.py:1240} INFO - 
--------------------------------------------------------------------------------
[2022-02-23 21:44:03,971] {taskinstance.py:1259} INFO - Executing <Task(PythonOperator): cat.cat_print_proccesed_data> on 2022-02-22 21:37:49.340300+00:00
[2022-02-23 21:44:03,986] {standard_task_runner.py:52} INFO - Started process 463 to run task
[2022-02-23 21:44:03,993] {standard_task_runner.py:76} INFO - Running: ['***', 'tasks', 'run', 'tutorial', 'cat.cat_print_proccesed_data', 'scheduled__2022-02-22T21:37:49.340300+00:00', '--job-id', '169', '--raw', '--subdir', 'DAGS_FOLDER/test_dag.py', '--cfg-path', '/tmp/tmp7cc_6e6j', '--error-file', '/tmp/tmpj010o6r7']
[2022-02-23 21:44:03,995] {standard_task_runner.py:77} INFO - Job 169: Subtask cat.cat_print_proccesed_data
[2022-02-23 21:44:04,090] {logging_mixin.py:109} INFO - Running <TaskInstance: tutorial.cat.cat_print_proccesed_data scheduled__2022-02-22T21:37:49.340300+00:00 [running]> on host ff48034dfdbf
[2022-02-23 21:44:04,171] {taskinstance.py:1426} INFO - Exporting the following env vars:
AIRFLOW_CTX_DAG_EMAIL=***@example.com
AIRFLOW_CTX_DAG_OWNER=***
AIRFLOW_CTX_DAG_ID=tutorial
AIRFLOW_CTX_TASK_ID=cat.cat_print_proccesed_data
AIRFLOW_CTX_EXECUTION_DATE=2022-02-22T21:37:49.340300+00:00
AIRFLOW_CTX_DAG_RUN_ID=scheduled__2022-02-22T21:37:49.340300+00:00
[2022-02-23 21:45:04,141] {python.py:175} INFO - Done. Returned value was: None
[2022-02-23 21:45:04,156] {taskinstance.py:1277} INFO - Marking task as SUCCESS. dag_id=tutorial, task_id=cat.cat_print_proccesed_data, execution_date=20220222T213749, start_date=20220223T214403, end_date=20220223T214504
[2022-02-23 21:45:04,182] {local_task_job.py:154} INFO - Task exited with return code 0
[2022-02-23 21:45:04,229] {local_task_job.py:264} INFO - 0 downstream tasks scheduled from follow-on schedule check
