[2022-04-28 12:32:50,229] {taskinstance.py:1032} INFO - Dependencies all met for <TaskInstance: tutorial.jghjg.jghjg_print_proccesed_data scheduled__2022-04-27T12:29:40.424433+00:00 [queued]>
[2022-04-28 12:32:50,300] {taskinstance.py:1032} INFO - Dependencies all met for <TaskInstance: tutorial.jghjg.jghjg_print_proccesed_data scheduled__2022-04-27T12:29:40.424433+00:00 [queued]>
[2022-04-28 12:32:50,304] {taskinstance.py:1238} INFO - 
--------------------------------------------------------------------------------
[2022-04-28 12:32:50,307] {taskinstance.py:1239} INFO - Starting attempt 1 of 2
[2022-04-28 12:32:50,309] {taskinstance.py:1240} INFO - 
--------------------------------------------------------------------------------
[2022-04-28 12:32:50,342] {taskinstance.py:1259} INFO - Executing <Task(PythonOperator): jghjg.jghjg_print_proccesed_data> on 2022-04-27 12:29:40.424433+00:00
[2022-04-28 12:32:50,358] {standard_task_runner.py:52} INFO - Started process 263 to run task
[2022-04-28 12:32:50,369] {standard_task_runner.py:76} INFO - Running: ['***', 'tasks', 'run', 'tutorial', 'jghjg.jghjg_print_proccesed_data', 'scheduled__2022-04-27T12:29:40.424433+00:00', '--job-id', '1394', '--raw', '--subdir', 'DAGS_FOLDER/test_dag.py', '--cfg-path', '/tmp/tmpkd48rmpd', '--error-file', '/tmp/tmp7w447z7u']
[2022-04-28 12:32:50,373] {standard_task_runner.py:77} INFO - Job 1394: Subtask jghjg.jghjg_print_proccesed_data
[2022-04-28 12:32:50,514] {logging_mixin.py:109} INFO - Running <TaskInstance: tutorial.jghjg.jghjg_print_proccesed_data scheduled__2022-04-27T12:29:40.424433+00:00 [running]> on host d5ad096ffea5
[2022-04-28 12:32:50,644] {taskinstance.py:1426} INFO - Exporting the following env vars:
AIRFLOW_CTX_DAG_EMAIL=***@example.com
AIRFLOW_CTX_DAG_OWNER=***
AIRFLOW_CTX_DAG_ID=tutorial
AIRFLOW_CTX_TASK_ID=jghjg.jghjg_print_proccesed_data
AIRFLOW_CTX_EXECUTION_DATE=2022-04-27T12:29:40.424433+00:00
AIRFLOW_CTX_DAG_RUN_ID=scheduled__2022-04-27T12:29:40.424433+00:00
[2022-04-28 12:33:50,665] {python.py:175} INFO - Done. Returned value was: None
[2022-04-28 12:33:50,681] {taskinstance.py:1277} INFO - Marking task as SUCCESS. dag_id=tutorial, task_id=jghjg.jghjg_print_proccesed_data, execution_date=20220427T122940, start_date=20220428T123250, end_date=20220428T123350
[2022-04-28 12:33:50,716] {local_task_job.py:154} INFO - Task exited with return code 0
[2022-04-28 12:33:50,752] {local_task_job.py:264} INFO - 0 downstream tasks scheduled from follow-on schedule check
